<?xml version="1.0" encoding="UTF-8"?>
<testsuites name="Run all test cases" time="1959.536" tests="52" failures="6" errors="0">
   <testsuite name="Run all test cases" tests="52" failures="6" errors="0" time="1959.536" skipped="0" timestamp="2022-01-14 21:40:24" hostname="Admin - Admin.sctvnet.vn" id="Test Suites/Run all test cases">
      <properties>
         <property name="deviceName" value=""/>
         <property name="devicePlatform" value=""/>
         <property name="logFolder" value="D:\\nam 3\\nhap mon CNPM\\bonus project\\Test-Automation-SE-Bonus\\Reports\\20220114_214012\\Run all test cases\\20220114_214012"/>
         <property name="logFiles" value="D:\\nam 3\\nhap mon CNPM\\bonus project\\Test-Automation-SE-Bonus\\Reports\\20220114_214012\\Run all test cases\\20220114_214012\\execution0.log"/>
         <property name="attachments" value="D:\\nam 3\\nhap mon CNPM\\bonus project\\Test-Automation-SE-Bonus\\Reports\\20220114_214012\\Run all test cases\\20220114_214012\\1642171691065.png, D:\\nam 3\\nhap mon CNPM\\bonus project\\Test-Automation-SE-Bonus\\Reports\\20220114_214012\\Run all test cases\\20220114_214012\\1642171691214.png, D:\\nam 3\\nhap mon CNPM\\bonus project\\Test-Automation-SE-Bonus\\Reports\\20220114_214012\\Run all test cases\\20220114_214012\\1642171712689.png, D:\\nam 3\\nhap mon CNPM\\bonus project\\Test-Automation-SE-Bonus\\Reports\\20220114_214012\\Run all test cases\\20220114_214012\\1642171735019.png, D:\\nam 3\\nhap mon CNPM\\bonus project\\Test-Automation-SE-Bonus\\Reports\\20220114_214012\\Run all test cases\\20220114_214012\\1642171775980.png, D:\\nam 3\\nhap mon CNPM\\bonus project\\Test-Automation-SE-Bonus\\Reports\\20220114_214012\\Run all test cases\\20220114_214012\\1642171929809.png, D:\\nam 3\\nhap mon CNPM\\bonus project\\Test-Automation-SE-Bonus\\Reports\\20220114_214012\\Run all test cases\\20220114_214012\\1642171961829.png, D:\\nam 3\\nhap mon CNPM\\bonus project\\Test-Automation-SE-Bonus\\Reports\\20220114_214012\\Run all test cases\\20220114_214012\\1642171993918.png, D:\\nam 3\\nhap mon CNPM\\bonus project\\Test-Automation-SE-Bonus\\Reports\\20220114_214012\\Run all test cases\\20220114_214012\\1642172026032.png, D:\\nam 3\\nhap mon CNPM\\bonus project\\Test-Automation-SE-Bonus\\Reports\\20220114_214012\\Run all test cases\\20220114_214012\\1642172078497.png, D:\\nam 3\\nhap mon CNPM\\bonus project\\Test-Automation-SE-Bonus\\Reports\\20220114_214012\\Run all test cases\\20220114_214012\\1642172354723.png, D:\\nam 3\\nhap mon CNPM\\bonus project\\Test-Automation-SE-Bonus\\Reports\\20220114_214012\\Run all test cases\\20220114_214012\\1642172371041.png, D:\\nam 3\\nhap mon CNPM\\bonus project\\Test-Automation-SE-Bonus\\Reports\\20220114_214012\\Run all test cases\\20220114_214012\\1642172445723.png, D:\\nam 3\\nhap mon CNPM\\bonus project\\Test-Automation-SE-Bonus\\Reports\\20220114_214012\\Run all test cases\\20220114_214012\\1642172473251.png, D:\\nam 3\\nhap mon CNPM\\bonus project\\Test-Automation-SE-Bonus\\Reports\\20220114_214012\\Run all test cases\\20220114_214012\\1642172503367.png, D:\\nam 3\\nhap mon CNPM\\bonus project\\Test-Automation-SE-Bonus\\Reports\\20220114_214012\\Run all test cases\\20220114_214012\\1642172534711.png, D:\\nam 3\\nhap mon CNPM\\bonus project\\Test-Automation-SE-Bonus\\Reports\\20220114_214012\\Run all test cases\\20220114_214012\\1642172562636.png, D:\\nam 3\\nhap mon CNPM\\bonus project\\Test-Automation-SE-Bonus\\Reports\\20220114_214012\\Run all test cases\\20220114_214012\\1642172590899.png, D:\\nam 3\\nhap mon CNPM\\bonus project\\Test-Automation-SE-Bonus\\Reports\\20220114_214012\\Run all test cases\\20220114_214012\\1642172619894.png, D:\\nam 3\\nhap mon CNPM\\bonus project\\Test-Automation-SE-Bonus\\Reports\\20220114_214012\\Run all test cases\\20220114_214012\\1642172650242.png, D:\\nam 3\\nhap mon CNPM\\bonus project\\Test-Automation-SE-Bonus\\Reports\\20220114_214012\\Run all test cases\\20220114_214012\\1642172817873.png, D:\\nam 3\\nhap mon CNPM\\bonus project\\Test-Automation-SE-Bonus\\Reports\\20220114_214012\\Run all test cases\\20220114_214012\\1642172818003.png, D:\\nam 3\\nhap mon CNPM\\bonus project\\Test-Automation-SE-Bonus\\Reports\\20220114_214012\\Run all test cases\\20220114_214012\\1642172849780.png, D:\\nam 3\\nhap mon CNPM\\bonus project\\Test-Automation-SE-Bonus\\Reports\\20220114_214012\\Run all test cases\\20220114_214012\\1642172849908.png, D:\\nam 3\\nhap mon CNPM\\bonus project\\Test-Automation-SE-Bonus\\Reports\\20220114_214012\\Run all test cases\\20220114_214012\\1642172881526.png, D:\\nam 3\\nhap mon CNPM\\bonus project\\Test-Automation-SE-Bonus\\Reports\\20220114_214012\\Run all test cases\\20220114_214012\\1642172881646.png, D:\\nam 3\\nhap mon CNPM\\bonus project\\Test-Automation-SE-Bonus\\Reports\\20220114_214012\\Run all test cases\\20220114_214012\\1642172913273.png, D:\\nam 3\\nhap mon CNPM\\bonus project\\Test-Automation-SE-Bonus\\Reports\\20220114_214012\\Run all test cases\\20220114_214012\\1642172913400.png, D:\\nam 3\\nhap mon CNPM\\bonus project\\Test-Automation-SE-Bonus\\Reports\\20220114_214012\\Run all test cases\\20220114_214012\\1642173116230.png, D:\\nam 3\\nhap mon CNPM\\bonus project\\Test-Automation-SE-Bonus\\Reports\\20220114_214012\\Run all test cases\\20220114_214012\\1642173134697.png, D:\\nam 3\\nhap mon CNPM\\bonus project\\Test-Automation-SE-Bonus\\Reports\\20220114_214012\\Run all test cases\\20220114_214012\\1642173153444.png, D:\\nam 3\\nhap mon CNPM\\bonus project\\Test-Automation-SE-Bonus\\Reports\\20220114_214012\\Run all test cases\\20220114_214012\\1642173171875.png"/>
         <property name="hostName" value="Admin - Admin.sctvnet.vn"/>
         <property name="os" value="Windows 10 64bit"/>
         <property name="katalonVersion" value="8.2.0.208"/>
         <property name="browser" value="Chrome 97.0.4692.71"/>
         <property name="hostAddress" value="192.168.1.148"/>
         <property name="sessionId" value="8e888d187ab3cd57d5fec39d96435d0c"/>
         <property name="seleniumVersion" value="3.141.59"/>
         <property name="proxyInformation" value="ProxyInformation { proxyOption=NO_PROXY, proxyServerType=HTTP, username=, password=********, proxyServerAddress=, proxyServerPort=0, executionList=&quot;&quot;, isApplyToDesiredCapabilities=true }"/>
         <property name="platform" value="Windows 10"/>
      </properties>
      <testcase name="Test Cases/1_admin đăng nhập thành công" time="10.561" classname="Test Cases/1_admin đăng nhập thành công" status="PASSED">
         <system-out><![CDATA[2022-01-14 21:40:25 - [TEST_CASE][PASSED] - Test Cases/1_admin đăng nhập thành công: Test Cases/1_admin đăng nhập thành công

2022-01-14 21:40:25 - [TEST_STEP][PASSED] - openBrowser(""): Browser is opened with url: ''

2022-01-14 21:40:25 - [MESSAGE][INFO] - Starting 'Chrome' driver

2022-01-14 21:40:25 - [MESSAGE][INFO] - Action delay is set to 0 milliseconds

2022-01-14 21:40:28 - [MESSAGE][PASSED] - Browser is opened with url: ''

2022-01-14 21:40:28 - [TEST_STEP][PASSED] - navigateToUrl("http://localhost/"): Navigate to 'http://localhost/' successfully

2022-01-14 21:40:29 - [MESSAGE][PASSED] - Navigate to 'http://localhost/' successfully

2022-01-14 21:40:29 - [TEST_STEP][PASSED] - click(findTestObject("Object Repository/Page_HCMUS/a_Log in")): Object: 'Object Repository/Page_HCMUS/a_Log in' is clicked on

2022-01-14 21:40:30 - [MESSAGE][PASSED] - Object: 'Object Repository/Page_HCMUS/a_Log in' is clicked on

2022-01-14 21:40:30 - [TEST_STEP][PASSED] - setText(findTestObject("Object Repository/Page_HCMUS Log in to the site/input_Username_username"), "admin"): Text 'admin' is set on object 'Object Repository/Page_HCMUS Log in to the site/input_Username_username'

2022-01-14 21:40:31 - [MESSAGE][PASSED] - Text 'admin' is set on object 'Object Repository/Page_HCMUS Log in to the site/input_Username_username'

2022-01-14 21:40:31 - [TEST_STEP][PASSED] - setEncryptedText(findTestObject("Object Repository/Page_HCMUS Log in to the site/input_Password_password"), "5MU2PI2jvJCK/lBTYOwt6g=="): Text ****** has been set on object 'Object Repository/Page_HCMUS Log in to the site/input_Password_password'

2022-01-14 21:40:31 - [MESSAGE][PASSED] - Text ****** has been set on object 'Object Repository/Page_HCMUS Log in to the site/input_Password_password'

2022-01-14 21:40:31 - [TEST_STEP][PASSED] - click(findTestObject("Object Repository/Page_HCMUS Log in to the site/button_Log in")): Object: 'Object Repository/Page_HCMUS Log in to the site/button_Log in' is clicked on

2022-01-14 21:40:33 - [MESSAGE][PASSED] - Object: 'Object Repository/Page_HCMUS Log in to the site/button_Log in' is clicked on

2022-01-14 21:40:33 - [TEST_STEP][PASSED] - verifyElementVisible(findTestObject("Object Repository/Page_Dashboard/span_Admin User")): Object 'Object Repository/Page_Dashboard/span_Admin User' is visible

2022-01-14 21:40:35 - [MESSAGE][PASSED] - Object 'Object Repository/Page_Dashboard/span_Admin User' is visible

2022-01-14 21:40:35 - [TEST_STEP][PASSED] - closeBrowser(): Browser is closed

2022-01-14 21:40:35 - [MESSAGE][PASSED] - Browser is closed]]></system-out>
         <system-err><![CDATA[]]></system-err>
      </testcase>
      <testcase name="Test Cases/2_admin đăng nhập thất bại" time="11.938" classname="Test Cases/2_admin đăng nhập thất bại" status="PASSED">
         <system-out><![CDATA[2022-01-14 21:40:35 - [TEST_CASE][PASSED] - Test Cases/2_admin đăng nhập thất bại: Test Cases/2_admin đăng nhập thất bại

2022-01-14 21:40:36 - [TEST_STEP][PASSED] - openBrowser(""): Browser is opened with url: ''

2022-01-14 21:40:36 - [MESSAGE][INFO] - Starting 'Chrome' driver

2022-01-14 21:40:36 - [MESSAGE][INFO] - Action delay is set to 0 milliseconds

2022-01-14 21:40:37 - [MESSAGE][PASSED] - Browser is opened with url: ''

2022-01-14 21:40:37 - [TEST_STEP][PASSED] - navigateToUrl("http://localhost/"): Navigate to 'http://localhost/' successfully

2022-01-14 21:40:37 - [MESSAGE][PASSED] - Navigate to 'http://localhost/' successfully

2022-01-14 21:40:37 - [TEST_STEP][PASSED] - click(findTestObject("Object Repository/Page_HCMUS/a_Log in")): Object: 'Object Repository/Page_HCMUS/a_Log in' is clicked on

2022-01-14 21:40:38 - [MESSAGE][PASSED] - Object: 'Object Repository/Page_HCMUS/a_Log in' is clicked on

2022-01-14 21:40:38 - [TEST_STEP][PASSED] - setText(findTestObject("Object Repository/Page_HCMUS Log in to the site/input_Username_username"), "admin1234"): Text 'admin1234' is set on object 'Object Repository/Page_HCMUS Log in to the site/input_Username_username'

2022-01-14 21:40:39 - [MESSAGE][PASSED] - Text 'admin1234' is set on object 'Object Repository/Page_HCMUS Log in to the site/input_Username_username'

2022-01-14 21:40:39 - [TEST_STEP][PASSED] - setEncryptedText(findTestObject("Object Repository/Page_HCMUS Log in to the site/input_Password_password"), "5MU2PI2jvJCK/lBTYOwt6g=="): Text ****** has been set on object 'Object Repository/Page_HCMUS Log in to the site/input_Password_password'

2022-01-14 21:40:39 - [MESSAGE][PASSED] - Text ****** has been set on object 'Object Repository/Page_HCMUS Log in to the site/input_Password_password'

2022-01-14 21:40:39 - [TEST_STEP][PASSED] - click(findTestObject("Object Repository/Page_HCMUS Log in to the site/button_Log in")): Object: 'Object Repository/Page_HCMUS Log in to the site/button_Log in' is clicked on

2022-01-14 21:40:40 - [MESSAGE][PASSED] - Object: 'Object Repository/Page_HCMUS Log in to the site/button_Log in' is clicked on

2022-01-14 21:40:40 - [TEST_STEP][PASSED] - click(findTestObject("Object Repository/Page_HCMUS Log in to the site/div_Invalid login, please try again")): Object: 'Object Repository/Page_HCMUS Log in to the site/div_Invalid login, please try again' is clicked on

2022-01-14 21:40:40 - [MESSAGE][PASSED] - Object: 'Object Repository/Page_HCMUS Log in to the site/div_Invalid login, please try again' is clicked on

2022-01-14 21:40:40 - [TEST_STEP][PASSED] - verifyElementVisible(findTestObject("Object Repository/Page_HCMUS Log in to the site/div_Invalid login, please try again_1")): Object 'Object Repository/Page_HCMUS Log in to the site/div_Invalid login, please try again_1' is visible

2022-01-14 21:40:46 - [MESSAGE][INFO] - Unable to find the element located by 'By.xpath: //div[@id='yui_3_17_2_1_1641916242453_20']'. Please recheck the objects properties to make sure the desired element is located. 

2022-01-14 21:40:46 - [MESSAGE][WARNING] - [SELF-HEALING] Failed to find element with id 'Object Repository/Page_HCMUS Log in to the site/div_Invalid login, please try again_1'. Try using Self-healing.

2022-01-14 21:40:47 - [MESSAGE][WARNING] - [SELF-HEALING] The current locator of test object 'Object Repository/Page_HCMUS Log in to the site/div_Invalid login, please try again_1' was broken. Propose an alternative one: '(.//*[normalize-space(text()) and normalize-space(.)='HCMUS'])[1]/following::div[3]'.

2022-01-14 21:40:47 - [MESSAGE][PASSED] - Object 'Object Repository/Page_HCMUS Log in to the site/div_Invalid login, please try again_1' is visible

2022-01-14 21:40:47 - [TEST_STEP][PASSED] - closeBrowser(): Browser is closed

2022-01-14 21:40:47 - [MESSAGE][PASSED] - Browser is closed]]></system-out>
         <system-err><![CDATA[]]></system-err>
      </testcase>
      <testcase name="Test Cases/3_tạo tài khoản và bắt buộc thay đổi mật khẩu" time="32.628" classname="Test Cases/3_tạo tài khoản và bắt buộc thay đổi mật khẩu" status="PASSED">
         <system-out><![CDATA[2022-01-14 21:40:47 - [TEST_CASE][PASSED] - Test Cases/3_tạo tài khoản và bắt buộc thay đổi mật khẩu: Test Cases/3_tạo tài khoản và bắt buộc thay đổi mật khẩu

2022-01-14 21:40:48 - [TEST_STEP][PASSED] - openBrowser(""): Browser is opened with url: ''

2022-01-14 21:40:48 - [MESSAGE][INFO] - Starting 'Chrome' driver

2022-01-14 21:40:48 - [MESSAGE][INFO] - Action delay is set to 0 milliseconds

2022-01-14 21:40:49 - [MESSAGE][PASSED] - Browser is opened with url: ''

2022-01-14 21:40:49 - [TEST_STEP][PASSED] - navigateToUrl("http://localhost/"): Navigate to 'http://localhost/' successfully

2022-01-14 21:40:49 - [MESSAGE][PASSED] - Navigate to 'http://localhost/' successfully

2022-01-14 21:40:49 - [TEST_STEP][PASSED] - click(findTestObject("Object Repository/Page_HCMUS/a_Log in")): Object: 'Object Repository/Page_HCMUS/a_Log in' is clicked on

2022-01-14 21:40:50 - [MESSAGE][PASSED] - Object: 'Object Repository/Page_HCMUS/a_Log in' is clicked on

2022-01-14 21:40:50 - [TEST_STEP][PASSED] - setText(findTestObject("Object Repository/Page_HCMUS Log in to the site/input_Username_username"), "admin"): Text 'admin' is set on object 'Object Repository/Page_HCMUS Log in to the site/input_Username_username'

2022-01-14 21:40:51 - [MESSAGE][PASSED] - Text 'admin' is set on object 'Object Repository/Page_HCMUS Log in to the site/input_Username_username'

2022-01-14 21:40:51 - [TEST_STEP][PASSED] - setEncryptedText(findTestObject("Object Repository/Page_HCMUS Log in to the site/input_Password_password"), "5MU2PI2jvJCK/lBTYOwt6g=="): Text ****** has been set on object 'Object Repository/Page_HCMUS Log in to the site/input_Password_password'

2022-01-14 21:40:51 - [MESSAGE][PASSED] - Text ****** has been set on object 'Object Repository/Page_HCMUS Log in to the site/input_Password_password'

2022-01-14 21:40:51 - [TEST_STEP][PASSED] - click(findTestObject("Object Repository/Page_HCMUS Log in to the site/button_Log in")): Object: 'Object Repository/Page_HCMUS Log in to the site/button_Log in' is clicked on

2022-01-14 21:40:52 - [MESSAGE][PASSED] - Object: 'Object Repository/Page_HCMUS Log in to the site/button_Log in' is clicked on

2022-01-14 21:40:52 - [TEST_STEP][PASSED] - click(findTestObject("Object Repository/Page_Dashboard/span_Site administration")): Object: 'Object Repository/Page_Dashboard/span_Site administration' is clicked on

2022-01-14 21:40:55 - [MESSAGE][PASSED] - Object: 'Object Repository/Page_Dashboard/span_Site administration' is clicked on

2022-01-14 21:40:55 - [TEST_STEP][PASSED] - click(findTestObject("Object Repository/Page_KHTN Administration Search/a_Users")): Object: 'Object Repository/Page_KHTN Administration Search/a_Users' is clicked on

2022-01-14 21:40:56 - [MESSAGE][PASSED] - Object: 'Object Repository/Page_KHTN Administration Search/a_Users' is clicked on

2022-01-14 21:40:56 - [TEST_STEP][PASSED] - click(findTestObject("Object Repository/Page_KHTN Administration Search/a_Add a new user")): Object: 'Object Repository/Page_KHTN Administration Search/a_Add a new user' is clicked on

2022-01-14 21:40:57 - [MESSAGE][PASSED] - Object: 'Object Repository/Page_KHTN Administration Search/a_Add a new user' is clicked on

2022-01-14 21:40:57 - [TEST_STEP][PASSED] - setText(findTestObject("Object Repository/Page_KHTN Administration Users Accounts Add_aad8ed/input_Username_username"), "student11"): Text 'student11' is set on object 'Object Repository/Page_KHTN Administration Users Accounts Add_aad8ed/input_Username_username'

2022-01-14 21:40:58 - [MESSAGE][PASSED] - Text 'student11' is set on object 'Object Repository/Page_KHTN Administration Users Accounts Add_aad8ed/input_Username_username'

2022-01-14 21:40:58 - [TEST_STEP][PASSED] - click(findTestObject("Object Repository/Page_KHTN Administration Users Accounts Add_aad8ed/em_Click to enter text")): Object: 'Object Repository/Page_KHTN Administration Users Accounts Add_aad8ed/em_Click to enter text' is clicked on

2022-01-14 21:40:59 - [MESSAGE][PASSED] - Object: 'Object Repository/Page_KHTN Administration Users Accounts Add_aad8ed/em_Click to enter text' is clicked on

2022-01-14 21:40:59 - [TEST_STEP][PASSED] - setEncryptedText(findTestObject("Object Repository/Page_KHTN Administration Users Accounts Add_aad8ed/input_New password_newpassword"), "5MU2PI2jvJCK/lBTYOwt6g=="): Text ****** has been set on object 'Object Repository/Page_KHTN Administration Users Accounts Add_aad8ed/input_New password_newpassword'

2022-01-14 21:40:59 - [MESSAGE][PASSED] - Text ****** has been set on object 'Object Repository/Page_KHTN Administration Users Accounts Add_aad8ed/input_New password_newpassword'

2022-01-14 21:40:59 - [TEST_STEP][PASSED] - setText(findTestObject("Object Repository/Page_KHTN Administration Users Accounts Add_aad8ed/input_First name_firstname"), "Student"): Text 'Student' is set on object 'Object Repository/Page_KHTN Administration Users Accounts Add_aad8ed/input_First name_firstname'

2022-01-14 21:41:00 - [MESSAGE][PASSED] - Text 'Student' is set on object 'Object Repository/Page_KHTN Administration Users Accounts Add_aad8ed/input_First name_firstname'

2022-01-14 21:41:00 - [TEST_STEP][PASSED] - setText(findTestObject("Object Repository/Page_KHTN Administration Users Accounts Add_aad8ed/input_Surname_lastname"), "Zack"): Text 'Zack' is set on object 'Object Repository/Page_KHTN Administration Users Accounts Add_aad8ed/input_Surname_lastname'

2022-01-14 21:41:01 - [MESSAGE][PASSED] - Text 'Zack' is set on object 'Object Repository/Page_KHTN Administration Users Accounts Add_aad8ed/input_Surname_lastname'

2022-01-14 21:41:01 - [TEST_STEP][PASSED] - setText(findTestObject("Object Repository/Page_KHTN Administration Users Accounts Add_aad8ed/input_Email address_email"), "s11@example.com"): Text 's11@example.com' is set on object 'Object Repository/Page_KHTN Administration Users Accounts Add_aad8ed/input_Email address_email'

2022-01-14 21:41:02 - [MESSAGE][PASSED] - Text 's11@example.com' is set on object 'Object Repository/Page_KHTN Administration Users Accounts Add_aad8ed/input_Email address_email'

2022-01-14 21:41:02 - [TEST_STEP][PASSED] - click(findTestObject("Object Repository/Page_KHTN Administration Users Accounts Add_aad8ed/input_Press enter to save changes_preferenc_a80a7a")): Object: 'Object Repository/Page_KHTN Administration Users Accounts Add_aad8ed/input_Press enter to save changes_preferenc_a80a7a' is clicked on

2022-01-14 21:41:02 - [MESSAGE][PASSED] - Object: 'Object Repository/Page_KHTN Administration Users Accounts Add_aad8ed/input_Press enter to save changes_preferenc_a80a7a' is clicked on

2022-01-14 21:41:02 - [TEST_STEP][PASSED] - click(findTestObject("Object Repository/Page_KHTN Administration Users Accounts Add_aad8ed/input_Address_submitbutton")): Object: 'Object Repository/Page_KHTN Administration Users Accounts Add_aad8ed/input_Address_submitbutton' is clicked on

2022-01-14 21:41:04 - [MESSAGE][PASSED] - Object: 'Object Repository/Page_KHTN Administration Users Accounts Add_aad8ed/input_Address_submitbutton' is clicked on

2022-01-14 21:41:04 - [TEST_STEP][PASSED] - navigateToUrl("http://localhost/admin/user.php"): Navigate to 'http://localhost/admin/user.php' successfully

2022-01-14 21:41:05 - [MESSAGE][PASSED] - Navigate to 'http://localhost/admin/user.php' successfully

2022-01-14 21:41:05 - [TEST_STEP][PASSED] - verifyElementVisible(findTestObject("Object Repository/Page_KHTN Administration Users Accounts Bro_45ce40/div_Changes saved")): Object 'Object Repository/Page_KHTN Administration Users Accounts Bro_45ce40/div_Changes saved' is visible

2022-01-14 21:41:11 - [MESSAGE][INFO] - Unable to find the element located by 'By.xpath: //span[@id='user-notifications']/div'. Please recheck the objects properties to make sure the desired element is located. 

2022-01-14 21:41:11 - [MESSAGE][WARNING] - [SELF-HEALING] Failed to find element with id 'Object Repository/Page_KHTN Administration Users Accounts Bro_45ce40/div_Changes saved'. Try using Self-healing.

2022-01-14 21:41:11 - [MESSAGE][WARNING] - [SELF-HEALING] The current locator of test object 'Object Repository/Page_KHTN Administration Users Accounts Bro_45ce40/div_Changes saved' was broken. Propose an alternative one: '(.//*[normalize-space(text()) and normalize-space(.)='Blocks editing on'])[1]/following::div[4]'.

2022-01-14 21:41:11 - [MESSAGE][PASSED] - Object 'Object Repository/Page_KHTN Administration Users Accounts Bro_45ce40/div_Changes saved' is visible

2022-01-14 21:41:11 - [TEST_STEP][PASSED] - click(findTestObject("Object Repository/Page_KHTN Administration Users Accounts Bro_45ce40/a_Admin User")): Object: 'Object Repository/Page_KHTN Administration Users Accounts Bro_45ce40/a_Admin User' is clicked on

2022-01-14 21:41:12 - [MESSAGE][PASSED] - Object: 'Object Repository/Page_KHTN Administration Users Accounts Bro_45ce40/a_Admin User' is clicked on

2022-01-14 21:41:12 - [TEST_STEP][PASSED] - click(findTestObject("Object Repository/Page_KHTN Administration Users Accounts Bro_45ce40/a_Log out")): Object: 'Object Repository/Page_KHTN Administration Users Accounts Bro_45ce40/a_Log out' is clicked on

2022-01-14 21:41:12 - [MESSAGE][PASSED] - Object: 'Object Repository/Page_KHTN Administration Users Accounts Bro_45ce40/a_Log out' is clicked on

2022-01-14 21:41:12 - [TEST_STEP][PASSED] - click(findTestObject("Object Repository/Page_HCMUS/a_Log in")): Object: 'Object Repository/Page_HCMUS/a_Log in' is clicked on

2022-01-14 21:41:13 - [MESSAGE][PASSED] - Object: 'Object Repository/Page_HCMUS/a_Log in' is clicked on

2022-01-14 21:41:13 - [TEST_STEP][PASSED] - setText(findTestObject("Object Repository/Page_HCMUS Log in to the site/input_Username_username"), "student11"): Text 'student11' is set on object 'Object Repository/Page_HCMUS Log in to the site/input_Username_username'

2022-01-14 21:41:14 - [MESSAGE][PASSED] - Text 'student11' is set on object 'Object Repository/Page_HCMUS Log in to the site/input_Username_username'

2022-01-14 21:41:14 - [TEST_STEP][PASSED] - setEncryptedText(findTestObject("Object Repository/Page_HCMUS Log in to the site/input_Password_password"), "5MU2PI2jvJCK/lBTYOwt6g=="): Text ****** has been set on object 'Object Repository/Page_HCMUS Log in to the site/input_Password_password'

2022-01-14 21:41:14 - [MESSAGE][PASSED] - Text ****** has been set on object 'Object Repository/Page_HCMUS Log in to the site/input_Password_password'

2022-01-14 21:41:14 - [TEST_STEP][PASSED] - click(findTestObject("Object Repository/Page_HCMUS Log in to the site/button_Log in")): Object: 'Object Repository/Page_HCMUS Log in to the site/button_Log in' is clicked on

2022-01-14 21:41:15 - [MESSAGE][PASSED] - Object: 'Object Repository/Page_HCMUS Log in to the site/button_Log in' is clicked on

2022-01-14 21:41:15 - [TEST_STEP][PASSED] - verifyElementVisible(findTestObject("Object Repository/Page_Change password/div_You must change your password to proceed")): Object 'Object Repository/Page_Change password/div_You must change your password to proceed' is visible

2022-01-14 21:41:15 - [MESSAGE][PASSED] - Object 'Object Repository/Page_Change password/div_You must change your password to proceed' is visible

2022-01-14 21:41:15 - [TEST_STEP][PASSED] - setEncryptedText(findTestObject("Object Repository/Page_Change password/input_Current password_password"), "5MU2PI2jvJCK/lBTYOwt6g=="): Text ****** has been set on object 'Object Repository/Page_Change password/input_Current password_password'

2022-01-14 21:41:16 - [MESSAGE][PASSED] - Text ****** has been set on object 'Object Repository/Page_Change password/input_Current password_password'

2022-01-14 21:41:16 - [TEST_STEP][PASSED] - setEncryptedText(findTestObject("Object Repository/Page_Change password/input_New password_newpassword1"), "xsue+lrReh5yW1Jtmbf0PA=="): Text ****** has been set on object 'Object Repository/Page_Change password/input_New password_newpassword1'

2022-01-14 21:41:16 - [MESSAGE][PASSED] - Text ****** has been set on object 'Object Repository/Page_Change password/input_New password_newpassword1'

2022-01-14 21:41:16 - [TEST_STEP][PASSED] - setEncryptedText(findTestObject("Object Repository/Page_Change password/input_New password (again)_newpassword2"), "xsue+lrReh5yW1Jtmbf0PA=="): Text ****** has been set on object 'Object Repository/Page_Change password/input_New password (again)_newpassword2'

2022-01-14 21:41:17 - [MESSAGE][PASSED] - Text ****** has been set on object 'Object Repository/Page_Change password/input_New password (again)_newpassword2'

2022-01-14 21:41:17 - [TEST_STEP][PASSED] - click(findTestObject("Object Repository/Page_Change password/input_New password (again)_submitbutton")): Object: 'Object Repository/Page_Change password/input_New password (again)_submitbutton' is clicked on

2022-01-14 21:41:18 - [MESSAGE][PASSED] - Object: 'Object Repository/Page_Change password/input_New password (again)_submitbutton' is clicked on

2022-01-14 21:41:18 - [TEST_STEP][PASSED] - verifyElementVisible(findTestObject("Object Repository/Page_Password has been changed/div_Password has been changed")): Object 'Object Repository/Page_Password has been changed/div_Password has been changed' is visible

2022-01-14 21:41:18 - [MESSAGE][PASSED] - Object 'Object Repository/Page_Password has been changed/div_Password has been changed' is visible

2022-01-14 21:41:18 - [TEST_STEP][PASSED] - click(findTestObject("Object Repository/Page_Password has been changed/button_Continue")): Object: 'Object Repository/Page_Password has been changed/button_Continue' is clicked on

2022-01-14 21:41:19 - [MESSAGE][PASSED] - Object: 'Object Repository/Page_Password has been changed/button_Continue' is clicked on

2022-01-14 21:41:19 - [TEST_STEP][PASSED] - closeBrowser(): Browser is closed

2022-01-14 21:41:20 - [MESSAGE][PASSED] - Browser is closed]]></system-out>
         <system-err><![CDATA[]]></system-err>
      </testcase>
      <testcase name="Test Cases/4_tạo tài khoản user với username đã tồn tại" time="16.748" classname="Test Cases/4_tạo tài khoản user với username đã tồn tại" status="PASSED">
         <system-out><![CDATA[2022-01-14 21:41:20 - [TEST_CASE][PASSED] - Test Cases/4_tạo tài khoản user với username đã tồn tại: Test Cases/4_tạo tài khoản user với username đã tồn tại

2022-01-14 21:41:20 - [TEST_STEP][PASSED] - openBrowser(""): Browser is opened with url: ''

2022-01-14 21:41:20 - [MESSAGE][INFO] - Starting 'Chrome' driver

2022-01-14 21:41:20 - [MESSAGE][INFO] - Action delay is set to 0 milliseconds

2022-01-14 21:41:21 - [MESSAGE][PASSED] - Browser is opened with url: ''

2022-01-14 21:41:21 - [TEST_STEP][PASSED] - navigateToUrl("http://localhost/"): Navigate to 'http://localhost/' successfully

2022-01-14 21:41:22 - [MESSAGE][PASSED] - Navigate to 'http://localhost/' successfully

2022-01-14 21:41:22 - [TEST_STEP][PASSED] - click(findTestObject("Object Repository/Page_HCMUS/a_Log in")): Object: 'Object Repository/Page_HCMUS/a_Log in' is clicked on

2022-01-14 21:41:23 - [MESSAGE][PASSED] - Object: 'Object Repository/Page_HCMUS/a_Log in' is clicked on

2022-01-14 21:41:23 - [TEST_STEP][PASSED] - setText(findTestObject("Object Repository/Page_HCMUS Log in to the site/input_Username_username"), "admin"): Text 'admin' is set on object 'Object Repository/Page_HCMUS Log in to the site/input_Username_username'

2022-01-14 21:41:24 - [MESSAGE][PASSED] - Text 'admin' is set on object 'Object Repository/Page_HCMUS Log in to the site/input_Username_username'

2022-01-14 21:41:24 - [TEST_STEP][PASSED] - setEncryptedText(findTestObject("Object Repository/Page_HCMUS Log in to the site/input_Password_password"), "5MU2PI2jvJCK/lBTYOwt6g=="): Text ****** has been set on object 'Object Repository/Page_HCMUS Log in to the site/input_Password_password'

2022-01-14 21:41:24 - [MESSAGE][PASSED] - Text ****** has been set on object 'Object Repository/Page_HCMUS Log in to the site/input_Password_password'

2022-01-14 21:41:24 - [TEST_STEP][PASSED] - click(findTestObject("Object Repository/Page_HCMUS Log in to the site/button_Log in")): Object: 'Object Repository/Page_HCMUS Log in to the site/button_Log in' is clicked on

2022-01-14 21:41:25 - [MESSAGE][PASSED] - Object: 'Object Repository/Page_HCMUS Log in to the site/button_Log in' is clicked on

2022-01-14 21:41:25 - [TEST_STEP][PASSED] - click(findTestObject("Object Repository/Page_Dashboard/span_Site administration")): Object: 'Object Repository/Page_Dashboard/span_Site administration' is clicked on

2022-01-14 21:41:27 - [MESSAGE][PASSED] - Object: 'Object Repository/Page_Dashboard/span_Site administration' is clicked on

2022-01-14 21:41:27 - [TEST_STEP][PASSED] - click(findTestObject("Object Repository/Page_KHTN Administration Search/a_Users")): Object: 'Object Repository/Page_KHTN Administration Search/a_Users' is clicked on

2022-01-14 21:41:28 - [MESSAGE][PASSED] - Object: 'Object Repository/Page_KHTN Administration Search/a_Users' is clicked on

2022-01-14 21:41:28 - [TEST_STEP][PASSED] - click(findTestObject("Object Repository/Page_KHTN Administration Search/a_Add a new user")): Object: 'Object Repository/Page_KHTN Administration Search/a_Add a new user' is clicked on

2022-01-14 21:41:29 - [MESSAGE][PASSED] - Object: 'Object Repository/Page_KHTN Administration Search/a_Add a new user' is clicked on

2022-01-14 21:41:29 - [TEST_STEP][PASSED] - setText(findTestObject("Object Repository/Page_KHTN Administration Users Accounts Add_aad8ed/input_Username_username"), "student11"): Text 'student11' is set on object 'Object Repository/Page_KHTN Administration Users Accounts Add_aad8ed/input_Username_username'

2022-01-14 21:41:30 - [MESSAGE][PASSED] - Text 'student11' is set on object 'Object Repository/Page_KHTN Administration Users Accounts Add_aad8ed/input_Username_username'

2022-01-14 21:41:30 - [TEST_STEP][PASSED] - setText(findTestObject("Object Repository/Page_KHTN Administration Users Accounts Add_aad8ed/input_First name_firstname"), "a"): Text 'a' is set on object 'Object Repository/Page_KHTN Administration Users Accounts Add_aad8ed/input_First name_firstname'

2022-01-14 21:41:31 - [MESSAGE][PASSED] - Text 'a' is set on object 'Object Repository/Page_KHTN Administration Users Accounts Add_aad8ed/input_First name_firstname'

2022-01-14 21:41:31 - [TEST_STEP][PASSED] - setText(findTestObject("Object Repository/Page_KHTN Administration Users Accounts Add_aad8ed/input_Surname_lastname"), "b"): Text 'b' is set on object 'Object Repository/Page_KHTN Administration Users Accounts Add_aad8ed/input_Surname_lastname'

2022-01-14 21:41:32 - [MESSAGE][PASSED] - Text 'b' is set on object 'Object Repository/Page_KHTN Administration Users Accounts Add_aad8ed/input_Surname_lastname'

2022-01-14 21:41:32 - [TEST_STEP][PASSED] - setText(findTestObject("Object Repository/Page_KHTN Administration Users Accounts Add_aad8ed/input_Email address_email"), "a@gmail.com"): Text 'a@gmail.com' is set on object 'Object Repository/Page_KHTN Administration Users Accounts Add_aad8ed/input_Email address_email'

2022-01-14 21:41:32 - [MESSAGE][PASSED] - Text 'a@gmail.com' is set on object 'Object Repository/Page_KHTN Administration Users Accounts Add_aad8ed/input_Email address_email'

2022-01-14 21:41:32 - [TEST_STEP][PASSED] - click(findTestObject("Object Repository/Page_KHTN Administration Users Accounts Add_aad8ed/em_Click to enter text")): Object: 'Object Repository/Page_KHTN Administration Users Accounts Add_aad8ed/em_Click to enter text' is clicked on

2022-01-14 21:41:33 - [MESSAGE][PASSED] - Object: 'Object Repository/Page_KHTN Administration Users Accounts Add_aad8ed/em_Click to enter text' is clicked on

2022-01-14 21:41:33 - [TEST_STEP][PASSED] - setEncryptedText(findTestObject("Object Repository/Page_KHTN Administration Users Accounts Add_aad8ed/input_New password_newpassword"), "8pa5q0hY+sdM2cG6/p2tPQ=="): Text ****** has been set on object 'Object Repository/Page_KHTN Administration Users Accounts Add_aad8ed/input_New password_newpassword'

2022-01-14 21:41:34 - [MESSAGE][PASSED] - Text ****** has been set on object 'Object Repository/Page_KHTN Administration Users Accounts Add_aad8ed/input_New password_newpassword'

2022-01-14 21:41:34 - [TEST_STEP][PASSED] - click(findTestObject("Object Repository/Page_KHTN Administration Users Accounts Add_aad8ed/input_Address_submitbutton")): Object: 'Object Repository/Page_KHTN Administration Users Accounts Add_aad8ed/input_Address_submitbutton' is clicked on

2022-01-14 21:41:35 - [MESSAGE][PASSED] - Object: 'Object Repository/Page_KHTN Administration Users Accounts Add_aad8ed/input_Address_submitbutton' is clicked on

2022-01-14 21:41:35 - [TEST_STEP][PASSED] - verifyElementVisible(findTestObject("Object Repository/Page_KHTN Administration Users Accounts Add_aad8ed/div_This username already exists, choose another")): Object 'Object Repository/Page_KHTN Administration Users Accounts Add_aad8ed/div_This username already exists, choose another' is visible

2022-01-14 21:41:35 - [MESSAGE][PASSED] - Object 'Object Repository/Page_KHTN Administration Users Accounts Add_aad8ed/div_This username already exists, choose another' is visible

2022-01-14 21:41:35 - [TEST_STEP][PASSED] - verifyElementVisible(findTestObject("Object Repository/Page_KHTN Administration Users Accounts Add_aad8ed/div_This username already exists, choose another_1")): Object 'Object Repository/Page_KHTN Administration Users Accounts Add_aad8ed/div_This username already exists, choose another_1' is visible

2022-01-14 21:41:36 - [MESSAGE][PASSED] - Object 'Object Repository/Page_KHTN Administration Users Accounts Add_aad8ed/div_This username already exists, choose another_1' is visible

2022-01-14 21:41:36 - [TEST_STEP][PASSED] - closeBrowser(): Browser is closed

2022-01-14 21:41:37 - [MESSAGE][PASSED] - Browser is closed]]></system-out>
         <system-err><![CDATA[]]></system-err>
      </testcase>
      <testcase name="Test Cases/5_tạo tài khoản với mật khẩu không theo chuẩn" time="18.632" classname="Test Cases/5_tạo tài khoản với mật khẩu không theo chuẩn" status="PASSED">
         <system-out><![CDATA[2022-01-14 21:41:37 - [TEST_CASE][PASSED] - Test Cases/5_tạo tài khoản với mật khẩu không theo chuẩn: Test Cases/5_tạo tài khoản với mật khẩu không theo chuẩn

2022-01-14 21:41:37 - [TEST_STEP][PASSED] - openBrowser(""): Browser is opened with url: ''

2022-01-14 21:41:37 - [MESSAGE][INFO] - Starting 'Chrome' driver

2022-01-14 21:41:37 - [MESSAGE][INFO] - Action delay is set to 0 milliseconds

2022-01-14 21:41:38 - [MESSAGE][PASSED] - Browser is opened with url: ''

2022-01-14 21:41:38 - [TEST_STEP][PASSED] - navigateToUrl("http://localhost/"): Navigate to 'http://localhost/' successfully

2022-01-14 21:41:39 - [MESSAGE][PASSED] - Navigate to 'http://localhost/' successfully

2022-01-14 21:41:39 - [TEST_STEP][PASSED] - click(findTestObject("Object Repository/Page_HCMUS/a_Log in")): Object: 'Object Repository/Page_HCMUS/a_Log in' is clicked on

2022-01-14 21:41:39 - [MESSAGE][PASSED] - Object: 'Object Repository/Page_HCMUS/a_Log in' is clicked on

2022-01-14 21:41:39 - [TEST_STEP][PASSED] - setText(findTestObject("Object Repository/Page_HCMUS Log in to the site/input_Username_username"), "admin"): Text 'admin' is set on object 'Object Repository/Page_HCMUS Log in to the site/input_Username_username'

2022-01-14 21:41:40 - [MESSAGE][PASSED] - Text 'admin' is set on object 'Object Repository/Page_HCMUS Log in to the site/input_Username_username'

2022-01-14 21:41:40 - [TEST_STEP][PASSED] - setEncryptedText(findTestObject("Object Repository/Page_HCMUS Log in to the site/input_Password_password"), "5MU2PI2jvJCK/lBTYOwt6g=="): Text ****** has been set on object 'Object Repository/Page_HCMUS Log in to the site/input_Password_password'

2022-01-14 21:41:41 - [MESSAGE][PASSED] - Text ****** has been set on object 'Object Repository/Page_HCMUS Log in to the site/input_Password_password'

2022-01-14 21:41:41 - [TEST_STEP][PASSED] - click(findTestObject("Object Repository/Page_HCMUS Log in to the site/button_Log in")): Object: 'Object Repository/Page_HCMUS Log in to the site/button_Log in' is clicked on

2022-01-14 21:41:42 - [MESSAGE][PASSED] - Object: 'Object Repository/Page_HCMUS Log in to the site/button_Log in' is clicked on

2022-01-14 21:41:42 - [TEST_STEP][PASSED] - click(findTestObject("Object Repository/Page_Dashboard/span_Site administration")): Object: 'Object Repository/Page_Dashboard/span_Site administration' is clicked on

2022-01-14 21:41:43 - [MESSAGE][PASSED] - Object: 'Object Repository/Page_Dashboard/span_Site administration' is clicked on

2022-01-14 21:41:43 - [TEST_STEP][PASSED] - click(findTestObject("Object Repository/Page_KHTN Administration Search/a_Users")): Object: 'Object Repository/Page_KHTN Administration Search/a_Users' is clicked on

2022-01-14 21:41:44 - [MESSAGE][PASSED] - Object: 'Object Repository/Page_KHTN Administration Search/a_Users' is clicked on

2022-01-14 21:41:44 - [TEST_STEP][PASSED] - click(findTestObject("Object Repository/Page_KHTN Administration Search/a_Add a new user")): Object: 'Object Repository/Page_KHTN Administration Search/a_Add a new user' is clicked on

2022-01-14 21:41:45 - [MESSAGE][PASSED] - Object: 'Object Repository/Page_KHTN Administration Search/a_Add a new user' is clicked on

2022-01-14 21:41:45 - [TEST_STEP][PASSED] - setText(findTestObject("Object Repository/Page_KHTN Administration Users Accounts Add_aad8ed/input_Username_username"), "student2"): Text 'student2' is set on object 'Object Repository/Page_KHTN Administration Users Accounts Add_aad8ed/input_Username_username'

2022-01-14 21:41:47 - [MESSAGE][PASSED] - Text 'student2' is set on object 'Object Repository/Page_KHTN Administration Users Accounts Add_aad8ed/input_Username_username'

2022-01-14 21:41:47 - [TEST_STEP][PASSED] - click(findTestObject("Object Repository/Page_KHTN Administration Users Accounts Add_aad8ed/em_Click to enter text")): Object: 'Object Repository/Page_KHTN Administration Users Accounts Add_aad8ed/em_Click to enter text' is clicked on

2022-01-14 21:41:47 - [MESSAGE][PASSED] - Object: 'Object Repository/Page_KHTN Administration Users Accounts Add_aad8ed/em_Click to enter text' is clicked on

2022-01-14 21:41:47 - [TEST_STEP][PASSED] - setEncryptedText(findTestObject("Object Repository/Page_KHTN Administration Users Accounts Add_aad8ed/input_New password_newpassword"), "J7R4ejOak4Y="): Text ****** has been set on object 'Object Repository/Page_KHTN Administration Users Accounts Add_aad8ed/input_New password_newpassword'

2022-01-14 21:41:48 - [MESSAGE][PASSED] - Text ****** has been set on object 'Object Repository/Page_KHTN Administration Users Accounts Add_aad8ed/input_New password_newpassword'

2022-01-14 21:41:48 - [TEST_STEP][PASSED] - setText(findTestObject("Object Repository/Page_KHTN Administration Users Accounts Add_aad8ed/input_First name_firstname"), "student2"): Text 'student2' is set on object 'Object Repository/Page_KHTN Administration Users Accounts Add_aad8ed/input_First name_firstname'

2022-01-14 21:41:48 - [MESSAGE][PASSED] - Text 'student2' is set on object 'Object Repository/Page_KHTN Administration Users Accounts Add_aad8ed/input_First name_firstname'

2022-01-14 21:41:48 - [TEST_STEP][PASSED] - click(findTestObject("Object Repository/Page_KHTN Administration Users Accounts Add_aad8ed/div_First name")): Object: 'Object Repository/Page_KHTN Administration Users Accounts Add_aad8ed/div_First name' is clicked on

2022-01-14 21:41:49 - [MESSAGE][PASSED] - Object: 'Object Repository/Page_KHTN Administration Users Accounts Add_aad8ed/div_First name' is clicked on

2022-01-14 21:41:49 - [TEST_STEP][PASSED] - setText(findTestObject("Object Repository/Page_KHTN Administration Users Accounts Add_aad8ed/input_First name_firstname"), "Student"): Text 'Student' is set on object 'Object Repository/Page_KHTN Administration Users Accounts Add_aad8ed/input_First name_firstname'

2022-01-14 21:41:50 - [MESSAGE][PASSED] - Text 'Student' is set on object 'Object Repository/Page_KHTN Administration Users Accounts Add_aad8ed/input_First name_firstname'

2022-01-14 21:41:50 - [TEST_STEP][PASSED] - setText(findTestObject("Object Repository/Page_KHTN Administration Users Accounts Add_aad8ed/input_Surname_lastname"), "Epperson"): Text 'Epperson' is set on object 'Object Repository/Page_KHTN Administration Users Accounts Add_aad8ed/input_Surname_lastname'

2022-01-14 21:41:50 - [MESSAGE][PASSED] - Text 'Epperson' is set on object 'Object Repository/Page_KHTN Administration Users Accounts Add_aad8ed/input_Surname_lastname'

2022-01-14 21:41:50 - [TEST_STEP][PASSED] - setText(findTestObject("Object Repository/Page_KHTN Administration Users Accounts Add_aad8ed/input_Email address_email"), "s2@example.com"): Text 's2@example.com' is set on object 'Object Repository/Page_KHTN Administration Users Accounts Add_aad8ed/input_Email address_email'

2022-01-14 21:41:51 - [MESSAGE][PASSED] - Text 's2@example.com' is set on object 'Object Repository/Page_KHTN Administration Users Accounts Add_aad8ed/input_Email address_email'

2022-01-14 21:41:51 - [TEST_STEP][PASSED] - click(findTestObject("Object Repository/Page_KHTN Administration Users Accounts Add_aad8ed/input_Address_submitbutton")): Object: 'Object Repository/Page_KHTN Administration Users Accounts Add_aad8ed/input_Address_submitbutton' is clicked on

2022-01-14 21:41:53 - [MESSAGE][PASSED] - Object: 'Object Repository/Page_KHTN Administration Users Accounts Add_aad8ed/input_Address_submitbutton' is clicked on

2022-01-14 21:41:53 - [TEST_STEP][PASSED] - verifyElementVisible(findTestObject("Object Repository/Page_KHTN Administration Users Accounts Add_aad8ed/div_Passwords must be at least 8 characters long")): Object 'Object Repository/Page_KHTN Administration Users Accounts Add_aad8ed/div_Passwords must be at least 8 characters long' is visible

2022-01-14 21:41:54 - [MESSAGE][PASSED] - Object 'Object Repository/Page_KHTN Administration Users Accounts Add_aad8ed/div_Passwords must be at least 8 characters long' is visible

2022-01-14 21:41:54 - [TEST_STEP][PASSED] - verifyElementVisible(findTestObject("Object Repository/Page_KHTN Administration Users Accounts Add_aad8ed/div_Passwords must have at least 1 digit(s)")): Object 'Object Repository/Page_KHTN Administration Users Accounts Add_aad8ed/div_Passwords must have at least 1 digit(s)' is visible

2022-01-14 21:41:54 - [MESSAGE][PASSED] - Object 'Object Repository/Page_KHTN Administration Users Accounts Add_aad8ed/div_Passwords must have at least 1 digit(s)' is visible

2022-01-14 21:41:54 - [TEST_STEP][PASSED] - verifyElementVisible(findTestObject("Object Repository/Page_KHTN Administration Users Accounts Add_aad8ed/div_Passwords must have at least 1 digit(s)")): Object 'Object Repository/Page_KHTN Administration Users Accounts Add_aad8ed/div_Passwords must have at least 1 digit(s)' is visible

2022-01-14 21:41:54 - [MESSAGE][PASSED] - Object 'Object Repository/Page_KHTN Administration Users Accounts Add_aad8ed/div_Passwords must have at least 1 digit(s)' is visible

2022-01-14 21:41:54 - [TEST_STEP][PASSED] - verifyElementVisible(findTestObject("Object Repository/Page_KHTN Administration Users Accounts Add_aad8ed/div_Passwords must have at least 1 upper ca_8e926f")): Object 'Object Repository/Page_KHTN Administration Users Accounts Add_aad8ed/div_Passwords must have at least 1 upper ca_8e926f' is visible

2022-01-14 21:41:55 - [MESSAGE][PASSED] - Object 'Object Repository/Page_KHTN Administration Users Accounts Add_aad8ed/div_Passwords must have at least 1 upper ca_8e926f' is visible

2022-01-14 21:41:55 - [TEST_STEP][PASSED] - closeBrowser(): Browser is closed

2022-01-14 21:41:55 - [MESSAGE][PASSED] - Browser is closed]]></system-out>
         <system-err><![CDATA[]]></system-err>
      </testcase>
      <testcase name="Test Cases/6_tạo tài khoản thiếu thuộc tính bắt buộc" time="12.601" classname="Test Cases/6_tạo tài khoản thiếu thuộc tính bắt buộc" status="PASSED">
         <system-out><![CDATA[2022-01-14 21:41:55 - [TEST_CASE][PASSED] - Test Cases/6_tạo tài khoản thiếu thuộc tính bắt buộc: Test Cases/6_tạo tài khoản thiếu thuộc tính bắt buộc

2022-01-14 21:41:56 - [TEST_STEP][PASSED] - openBrowser(""): Browser is opened with url: ''

2022-01-14 21:41:56 - [MESSAGE][INFO] - Starting 'Chrome' driver

2022-01-14 21:41:56 - [MESSAGE][INFO] - Action delay is set to 0 milliseconds

2022-01-14 21:41:57 - [MESSAGE][PASSED] - Browser is opened with url: ''

2022-01-14 21:41:57 - [TEST_STEP][PASSED] - navigateToUrl("http://localhost/"): Navigate to 'http://localhost/' successfully

2022-01-14 21:41:57 - [MESSAGE][PASSED] - Navigate to 'http://localhost/' successfully

2022-01-14 21:41:57 - [TEST_STEP][PASSED] - click(findTestObject("Object Repository/Page_HCMUS/a_Log in")): Object: 'Object Repository/Page_HCMUS/a_Log in' is clicked on

2022-01-14 21:41:58 - [MESSAGE][PASSED] - Object: 'Object Repository/Page_HCMUS/a_Log in' is clicked on

2022-01-14 21:41:58 - [TEST_STEP][PASSED] - setText(findTestObject("Object Repository/Page_HCMUS Log in to the site/input_Username_username"), "admin"): Text 'admin' is set on object 'Object Repository/Page_HCMUS Log in to the site/input_Username_username'

2022-01-14 21:41:59 - [MESSAGE][PASSED] - Text 'admin' is set on object 'Object Repository/Page_HCMUS Log in to the site/input_Username_username'

2022-01-14 21:41:59 - [TEST_STEP][PASSED] - setEncryptedText(findTestObject("Object Repository/Page_HCMUS Log in to the site/input_Password_password"), "5MU2PI2jvJCK/lBTYOwt6g=="): Text ****** has been set on object 'Object Repository/Page_HCMUS Log in to the site/input_Password_password'

2022-01-14 21:41:59 - [MESSAGE][PASSED] - Text ****** has been set on object 'Object Repository/Page_HCMUS Log in to the site/input_Password_password'

2022-01-14 21:41:59 - [TEST_STEP][PASSED] - click(findTestObject("Object Repository/Page_HCMUS Log in to the site/button_Log in")): Object: 'Object Repository/Page_HCMUS Log in to the site/button_Log in' is clicked on

2022-01-14 21:42:00 - [MESSAGE][PASSED] - Object: 'Object Repository/Page_HCMUS Log in to the site/button_Log in' is clicked on

2022-01-14 21:42:00 - [TEST_STEP][PASSED] - click(findTestObject("Object Repository/Page_Dashboard/span_Site administration")): Object: 'Object Repository/Page_Dashboard/span_Site administration' is clicked on

2022-01-14 21:42:03 - [MESSAGE][PASSED] - Object: 'Object Repository/Page_Dashboard/span_Site administration' is clicked on

2022-01-14 21:42:03 - [TEST_STEP][PASSED] - click(findTestObject("Object Repository/Page_KHTN Administration Search/a_Users")): Object: 'Object Repository/Page_KHTN Administration Search/a_Users' is clicked on

2022-01-14 21:42:03 - [MESSAGE][PASSED] - Object: 'Object Repository/Page_KHTN Administration Search/a_Users' is clicked on

2022-01-14 21:42:03 - [TEST_STEP][PASSED] - click(findTestObject("Object Repository/Page_KHTN Administration Search/a_Add a new user")): Object: 'Object Repository/Page_KHTN Administration Search/a_Add a new user' is clicked on

2022-01-14 21:42:04 - [MESSAGE][PASSED] - Object: 'Object Repository/Page_KHTN Administration Search/a_Add a new user' is clicked on

2022-01-14 21:42:04 - [TEST_STEP][PASSED] - click(findTestObject("Object Repository/Page_KHTN Administration Users Accounts Add_aad8ed/input_Address_submitbutton")): Object: 'Object Repository/Page_KHTN Administration Users Accounts Add_aad8ed/input_Address_submitbutton' is clicked on

2022-01-14 21:42:05 - [MESSAGE][PASSED] - Object: 'Object Repository/Page_KHTN Administration Users Accounts Add_aad8ed/input_Address_submitbutton' is clicked on

2022-01-14 21:42:05 - [TEST_STEP][PASSED] - verifyElementVisible(findTestObject("Object Repository/Page_KHTN Administration Users Accounts Add_aad8ed/div_- Missing given name")): Object 'Object Repository/Page_KHTN Administration Users Accounts Add_aad8ed/div_- Missing given name' is visible

2022-01-14 21:42:06 - [MESSAGE][PASSED] - Object 'Object Repository/Page_KHTN Administration Users Accounts Add_aad8ed/div_- Missing given name' is visible

2022-01-14 21:42:06 - [TEST_STEP][PASSED] - verifyElementVisible(findTestObject("Object Repository/Page_KHTN Administration Users Accounts Add_aad8ed/div_- Missing surname")): Object 'Object Repository/Page_KHTN Administration Users Accounts Add_aad8ed/div_- Missing surname' is visible

2022-01-14 21:42:06 - [MESSAGE][PASSED] - Object 'Object Repository/Page_KHTN Administration Users Accounts Add_aad8ed/div_- Missing surname' is visible

2022-01-14 21:42:06 - [TEST_STEP][PASSED] - verifyElementVisible(findTestObject("Object Repository/Page_KHTN Administration Users Accounts Add_aad8ed/div_- Required")): Object 'Object Repository/Page_KHTN Administration Users Accounts Add_aad8ed/div_- Required' is visible

2022-01-14 21:42:07 - [MESSAGE][PASSED] - Object 'Object Repository/Page_KHTN Administration Users Accounts Add_aad8ed/div_- Required' is visible

2022-01-14 21:42:07 - [TEST_STEP][PASSED] - verifyElementVisible(findTestObject("Object Repository/Page_KHTN Administration Users Accounts Add_aad8ed/input_Email address_email")): Object 'Object Repository/Page_KHTN Administration Users Accounts Add_aad8ed/input_Email address_email' is visible

2022-01-14 21:42:07 - [MESSAGE][PASSED] - Object 'Object Repository/Page_KHTN Administration Users Accounts Add_aad8ed/input_Email address_email' is visible

2022-01-14 21:42:07 - [TEST_STEP][PASSED] - verifyElementVisible(findTestObject("Object Repository/Page_KHTN Administration Users Accounts Add_aad8ed/div_- Required")): Object 'Object Repository/Page_KHTN Administration Users Accounts Add_aad8ed/div_- Required' is visible

2022-01-14 21:42:07 - [MESSAGE][PASSED] - Object 'Object Repository/Page_KHTN Administration Users Accounts Add_aad8ed/div_- Required' is visible

2022-01-14 21:42:07 - [TEST_STEP][PASSED] - closeBrowser(): Browser is closed

2022-01-14 21:42:08 - [MESSAGE][PASSED] - Browser is closed]]></system-out>
         <system-err><![CDATA[]]></system-err>
      </testcase>
      <testcase name="Test Cases/7_tạo tài khoản user chính xác" time="21.661" classname="Test Cases/7_tạo tài khoản user chính xác" status="PASSED">
         <system-out><![CDATA[2022-01-14 21:42:08 - [TEST_CASE][PASSED] - Test Cases/7_tạo tài khoản user chính xác: Test Cases/7_tạo tài khoản user chính xác

2022-01-14 21:42:08 - [TEST_STEP][PASSED] - openBrowser(""): Browser is opened with url: ''

2022-01-14 21:42:08 - [MESSAGE][INFO] - Starting 'Chrome' driver

2022-01-14 21:42:08 - [MESSAGE][INFO] - Action delay is set to 0 milliseconds

2022-01-14 21:42:10 - [MESSAGE][PASSED] - Browser is opened with url: ''

2022-01-14 21:42:10 - [TEST_STEP][PASSED] - navigateToUrl("http://localhost/"): Navigate to 'http://localhost/' successfully

2022-01-14 21:42:10 - [MESSAGE][PASSED] - Navigate to 'http://localhost/' successfully

2022-01-14 21:42:10 - [TEST_STEP][PASSED] - click(findTestObject("Object Repository/Page_HCMUS/a_Log in")): Object: 'Object Repository/Page_HCMUS/a_Log in' is clicked on

2022-01-14 21:42:11 - [MESSAGE][PASSED] - Object: 'Object Repository/Page_HCMUS/a_Log in' is clicked on

2022-01-14 21:42:11 - [TEST_STEP][PASSED] - setText(findTestObject("Object Repository/Page_HCMUS Log in to the site/input_Username_username"), "admin"): Text 'admin' is set on object 'Object Repository/Page_HCMUS Log in to the site/input_Username_username'

2022-01-14 21:42:11 - [MESSAGE][PASSED] - Text 'admin' is set on object 'Object Repository/Page_HCMUS Log in to the site/input_Username_username'

2022-01-14 21:42:11 - [TEST_STEP][PASSED] - setEncryptedText(findTestObject("Object Repository/Page_HCMUS Log in to the site/input_Password_password"), "5MU2PI2jvJCK/lBTYOwt6g=="): Text ****** has been set on object 'Object Repository/Page_HCMUS Log in to the site/input_Password_password'

2022-01-14 21:42:12 - [MESSAGE][PASSED] - Text ****** has been set on object 'Object Repository/Page_HCMUS Log in to the site/input_Password_password'

2022-01-14 21:42:12 - [TEST_STEP][PASSED] - click(findTestObject("Object Repository/Page_HCMUS Log in to the site/button_Log in")): Object: 'Object Repository/Page_HCMUS Log in to the site/button_Log in' is clicked on

2022-01-14 21:42:13 - [MESSAGE][PASSED] - Object: 'Object Repository/Page_HCMUS Log in to the site/button_Log in' is clicked on

2022-01-14 21:42:13 - [TEST_STEP][PASSED] - click(findTestObject("Object Repository/Page_Dashboard/span_Site administration")): Object: 'Object Repository/Page_Dashboard/span_Site administration' is clicked on

2022-01-14 21:42:15 - [MESSAGE][PASSED] - Object: 'Object Repository/Page_Dashboard/span_Site administration' is clicked on

2022-01-14 21:42:15 - [TEST_STEP][PASSED] - click(findTestObject("Object Repository/Page_KHTN Administration Search/a_Users")): Object: 'Object Repository/Page_KHTN Administration Search/a_Users' is clicked on

2022-01-14 21:42:15 - [MESSAGE][PASSED] - Object: 'Object Repository/Page_KHTN Administration Search/a_Users' is clicked on

2022-01-14 21:42:15 - [TEST_STEP][PASSED] - click(findTestObject("Object Repository/Page_KHTN Administration Search/a_Add a new user")): Object: 'Object Repository/Page_KHTN Administration Search/a_Add a new user' is clicked on

2022-01-14 21:42:16 - [MESSAGE][PASSED] - Object: 'Object Repository/Page_KHTN Administration Search/a_Add a new user' is clicked on

2022-01-14 21:42:16 - [TEST_STEP][PASSED] - setText(findTestObject("Object Repository/Page_KHTN Administration Users Accounts Add_aad8ed/input_Username_username"), username): Text 'student1' is set on object 'Object Repository/Page_KHTN Administration Users Accounts Add_aad8ed/input_Username_username'

2022-01-14 21:42:18 - [MESSAGE][PASSED] - Text 'student1' is set on object 'Object Repository/Page_KHTN Administration Users Accounts Add_aad8ed/input_Username_username'

2022-01-14 21:42:18 - [TEST_STEP][PASSED] - click(findTestObject("Object Repository/Page_KHTN Administration Users Accounts Add_aad8ed/em_Click to enter text")): Object: 'Object Repository/Page_KHTN Administration Users Accounts Add_aad8ed/em_Click to enter text' is clicked on

2022-01-14 21:42:18 - [MESSAGE][PASSED] - Object: 'Object Repository/Page_KHTN Administration Users Accounts Add_aad8ed/em_Click to enter text' is clicked on

2022-01-14 21:42:18 - [TEST_STEP][PASSED] - setText(findTestObject("Object Repository/Page_KHTN Administration Users Accounts Add_aad8ed/input_New password_newpassword"), password): Text 'Mstudent1#' is set on object 'Object Repository/Page_KHTN Administration Users Accounts Add_aad8ed/input_New password_newpassword'

2022-01-14 21:42:19 - [MESSAGE][PASSED] - Text 'Mstudent1#' is set on object 'Object Repository/Page_KHTN Administration Users Accounts Add_aad8ed/input_New password_newpassword'

2022-01-14 21:42:19 - [TEST_STEP][PASSED] - setText(findTestObject("Object Repository/Page_KHTN Administration Users Accounts Add_aad8ed/input_First name_firstname"), firstname): Text 'Student' is set on object 'Object Repository/Page_KHTN Administration Users Accounts Add_aad8ed/input_First name_firstname'

2022-01-14 21:42:20 - [MESSAGE][PASSED] - Text 'Student' is set on object 'Object Repository/Page_KHTN Administration Users Accounts Add_aad8ed/input_First name_firstname'

2022-01-14 21:42:20 - [TEST_STEP][PASSED] - click(findTestObject("Object Repository/Page_KHTN Administration Users Accounts Add_aad8ed/div_Username                               _ccea4b")): Object: 'Object Repository/Page_KHTN Administration Users Accounts Add_aad8ed/div_Username                               _ccea4b' is clicked on

2022-01-14 21:42:20 - [MESSAGE][PASSED] - Object: 'Object Repository/Page_KHTN Administration Users Accounts Add_aad8ed/div_Username                               _ccea4b' is clicked on

2022-01-14 21:42:20 - [TEST_STEP][PASSED] - setText(findTestObject("Object Repository/Page_KHTN Administration Users Accounts Add_aad8ed/input_Surname_lastname"), lastname): Text 'Waldrop' is set on object 'Object Repository/Page_KHTN Administration Users Accounts Add_aad8ed/input_Surname_lastname'

2022-01-14 21:42:21 - [MESSAGE][PASSED] - Text 'Waldrop' is set on object 'Object Repository/Page_KHTN Administration Users Accounts Add_aad8ed/input_Surname_lastname'

2022-01-14 21:42:21 - [TEST_STEP][PASSED] - setText(findTestObject("Object Repository/Page_KHTN Administration Users Accounts Add_aad8ed/input_Email address_email"), email): Text 's1@example.com' is set on object 'Object Repository/Page_KHTN Administration Users Accounts Add_aad8ed/input_Email address_email'

2022-01-14 21:42:22 - [MESSAGE][PASSED] - Text 's1@example.com' is set on object 'Object Repository/Page_KHTN Administration Users Accounts Add_aad8ed/input_Email address_email'

2022-01-14 21:42:22 - [TEST_STEP][PASSED] - click(findTestObject("Object Repository/Page_KHTN Administration Users Accounts Add_aad8ed/input_Address_submitbutton")): Object: 'Object Repository/Page_KHTN Administration Users Accounts Add_aad8ed/input_Address_submitbutton' is clicked on

2022-01-14 21:42:23 - [MESSAGE][PASSED] - Object: 'Object Repository/Page_KHTN Administration Users Accounts Add_aad8ed/input_Address_submitbutton' is clicked on

2022-01-14 21:42:23 - [TEST_STEP][PASSED] - verifyElementVisible(findTestObject("Object Repository/Page_KHTN Administration Users Accounts Bro_45ce40/div_Changes saved")): Object 'Object Repository/Page_KHTN Administration Users Accounts Bro_45ce40/div_Changes saved' is visible

2022-01-14 21:42:24 - [MESSAGE][PASSED] - Object 'Object Repository/Page_KHTN Administration Users Accounts Bro_45ce40/div_Changes saved' is visible

2022-01-14 21:42:24 - [TEST_STEP][PASSED] - verifyElementVisible(findTestObject("Object Repository/Page_KHTN Administration Users Accounts Bro_45ce40/td_s1example.com")): Object 'Object Repository/Page_KHTN Administration Users Accounts Bro_45ce40/td_s1example.com' is visible

2022-01-14 21:42:24 - [MESSAGE][PASSED] - Object 'Object Repository/Page_KHTN Administration Users Accounts Bro_45ce40/td_s1example.com' is visible

2022-01-14 21:42:24 - [TEST_STEP][PASSED] - click(findTestObject("Object Repository/Page_KHTN Administration Users Accounts Bro_45ce40/a_Admin User")): Object: 'Object Repository/Page_KHTN Administration Users Accounts Bro_45ce40/a_Admin User' is clicked on

2022-01-14 21:42:24 - [MESSAGE][PASSED] - Object: 'Object Repository/Page_KHTN Administration Users Accounts Bro_45ce40/a_Admin User' is clicked on

2022-01-14 21:42:24 - [TEST_STEP][PASSED] - click(findTestObject("Object Repository/Page_KHTN Administration Users Accounts Bro_45ce40/span_Log out")): Object: 'Object Repository/Page_KHTN Administration Users Accounts Bro_45ce40/span_Log out' is clicked on

2022-01-14 21:42:25 - [MESSAGE][PASSED] - Object: 'Object Repository/Page_KHTN Administration Users Accounts Bro_45ce40/span_Log out' is clicked on

2022-01-14 21:42:25 - [TEST_STEP][PASSED] - click(findTestObject("Object Repository/Page_HCMUS/a_Log in")): Object: 'Object Repository/Page_HCMUS/a_Log in' is clicked on

2022-01-14 21:42:26 - [MESSAGE][PASSED] - Object: 'Object Repository/Page_HCMUS/a_Log in' is clicked on

2022-01-14 21:42:26 - [TEST_STEP][PASSED] - setText(findTestObject("Object Repository/Page_HCMUS Log in to the site/input_Username_username"), username): Text 'student1' is set on object 'Object Repository/Page_HCMUS Log in to the site/input_Username_username'

2022-01-14 21:42:27 - [MESSAGE][PASSED] - Text 'student1' is set on object 'Object Repository/Page_HCMUS Log in to the site/input_Username_username'

2022-01-14 21:42:27 - [TEST_STEP][PASSED] - setText(findTestObject("Object Repository/Page_HCMUS Log in to the site/input_Password_password"), password): Text 'Mstudent1#' is set on object 'Object Repository/Page_HCMUS Log in to the site/input_Password_password'

2022-01-14 21:42:27 - [MESSAGE][PASSED] - Text 'Mstudent1#' is set on object 'Object Repository/Page_HCMUS Log in to the site/input_Password_password'

2022-01-14 21:42:27 - [TEST_STEP][PASSED] - click(findTestObject("Object Repository/Page_HCMUS Log in to the site/button_Log in")): Object: 'Object Repository/Page_HCMUS Log in to the site/button_Log in' is clicked on

2022-01-14 21:42:28 - [MESSAGE][PASSED] - Object: 'Object Repository/Page_HCMUS Log in to the site/button_Log in' is clicked on

2022-01-14 21:42:28 - [TEST_STEP][PASSED] - verifyElementVisible(findTestObject("Object Repository/Page_Dashboard/span_Student Waldrop")): Object 'Object Repository/Page_Dashboard/span_Student Waldrop' is visible

2022-01-14 21:42:29 - [MESSAGE][PASSED] - Object 'Object Repository/Page_Dashboard/span_Student Waldrop' is visible

2022-01-14 21:42:29 - [TEST_STEP][PASSED] - closeBrowser(): Browser is closed

2022-01-14 21:42:30 - [MESSAGE][PASSED] - Browser is closed]]></system-out>
         <system-err><![CDATA[]]></system-err>
      </testcase>
      <testcase name="Test Cases/7_tạo tài khoản user chính xác" time="21.843" classname="Test Cases/7_tạo tài khoản user chính xác" status="PASSED">
         <system-out><![CDATA[2022-01-14 21:42:30 - [TEST_CASE][PASSED] - Test Cases/7_tạo tài khoản user chính xác: Test Cases/7_tạo tài khoản user chính xác

2022-01-14 21:42:30 - [TEST_STEP][PASSED] - openBrowser(""): Browser is opened with url: ''

2022-01-14 21:42:30 - [MESSAGE][INFO] - Starting 'Chrome' driver

2022-01-14 21:42:30 - [MESSAGE][INFO] - Action delay is set to 0 milliseconds

2022-01-14 21:42:31 - [MESSAGE][PASSED] - Browser is opened with url: ''

2022-01-14 21:42:31 - [TEST_STEP][PASSED] - navigateToUrl("http://localhost/"): Navigate to 'http://localhost/' successfully

2022-01-14 21:42:31 - [MESSAGE][PASSED] - Navigate to 'http://localhost/' successfully

2022-01-14 21:42:31 - [TEST_STEP][PASSED] - click(findTestObject("Object Repository/Page_HCMUS/a_Log in")): Object: 'Object Repository/Page_HCMUS/a_Log in' is clicked on

2022-01-14 21:42:32 - [MESSAGE][PASSED] - Object: 'Object Repository/Page_HCMUS/a_Log in' is clicked on

2022-01-14 21:42:32 - [TEST_STEP][PASSED] - setText(findTestObject("Object Repository/Page_HCMUS Log in to the site/input_Username_username"), "admin"): Text 'admin' is set on object 'Object Repository/Page_HCMUS Log in to the site/input_Username_username'

2022-01-14 21:42:33 - [MESSAGE][PASSED] - Text 'admin' is set on object 'Object Repository/Page_HCMUS Log in to the site/input_Username_username'

2022-01-14 21:42:33 - [TEST_STEP][PASSED] - setEncryptedText(findTestObject("Object Repository/Page_HCMUS Log in to the site/input_Password_password"), "5MU2PI2jvJCK/lBTYOwt6g=="): Text ****** has been set on object 'Object Repository/Page_HCMUS Log in to the site/input_Password_password'

2022-01-14 21:42:33 - [MESSAGE][PASSED] - Text ****** has been set on object 'Object Repository/Page_HCMUS Log in to the site/input_Password_password'

2022-01-14 21:42:33 - [TEST_STEP][PASSED] - click(findTestObject("Object Repository/Page_HCMUS Log in to the site/button_Log in")): Object: 'Object Repository/Page_HCMUS Log in to the site/button_Log in' is clicked on

2022-01-14 21:42:34 - [MESSAGE][PASSED] - Object: 'Object Repository/Page_HCMUS Log in to the site/button_Log in' is clicked on

2022-01-14 21:42:34 - [TEST_STEP][PASSED] - click(findTestObject("Object Repository/Page_Dashboard/span_Site administration")): Object: 'Object Repository/Page_Dashboard/span_Site administration' is clicked on

2022-01-14 21:42:36 - [MESSAGE][PASSED] - Object: 'Object Repository/Page_Dashboard/span_Site administration' is clicked on

2022-01-14 21:42:36 - [TEST_STEP][PASSED] - click(findTestObject("Object Repository/Page_KHTN Administration Search/a_Users")): Object: 'Object Repository/Page_KHTN Administration Search/a_Users' is clicked on

2022-01-14 21:42:37 - [MESSAGE][PASSED] - Object: 'Object Repository/Page_KHTN Administration Search/a_Users' is clicked on

2022-01-14 21:42:37 - [TEST_STEP][PASSED] - click(findTestObject("Object Repository/Page_KHTN Administration Search/a_Add a new user")): Object: 'Object Repository/Page_KHTN Administration Search/a_Add a new user' is clicked on

2022-01-14 21:42:38 - [MESSAGE][PASSED] - Object: 'Object Repository/Page_KHTN Administration Search/a_Add a new user' is clicked on

2022-01-14 21:42:38 - [TEST_STEP][PASSED] - setText(findTestObject("Object Repository/Page_KHTN Administration Users Accounts Add_aad8ed/input_Username_username"), username): Text 'student2' is set on object 'Object Repository/Page_KHTN Administration Users Accounts Add_aad8ed/input_Username_username'

2022-01-14 21:42:39 - [MESSAGE][PASSED] - Text 'student2' is set on object 'Object Repository/Page_KHTN Administration Users Accounts Add_aad8ed/input_Username_username'

2022-01-14 21:42:39 - [TEST_STEP][PASSED] - click(findTestObject("Object Repository/Page_KHTN Administration Users Accounts Add_aad8ed/em_Click to enter text")): Object: 'Object Repository/Page_KHTN Administration Users Accounts Add_aad8ed/em_Click to enter text' is clicked on

2022-01-14 21:42:40 - [MESSAGE][PASSED] - Object: 'Object Repository/Page_KHTN Administration Users Accounts Add_aad8ed/em_Click to enter text' is clicked on

2022-01-14 21:42:40 - [TEST_STEP][PASSED] - setText(findTestObject("Object Repository/Page_KHTN Administration Users Accounts Add_aad8ed/input_New password_newpassword"), password): Text 'Mstudent2#' is set on object 'Object Repository/Page_KHTN Administration Users Accounts Add_aad8ed/input_New password_newpassword'

2022-01-14 21:42:40 - [MESSAGE][PASSED] - Text 'Mstudent2#' is set on object 'Object Repository/Page_KHTN Administration Users Accounts Add_aad8ed/input_New password_newpassword'

2022-01-14 21:42:40 - [TEST_STEP][PASSED] - setText(findTestObject("Object Repository/Page_KHTN Administration Users Accounts Add_aad8ed/input_First name_firstname"), firstname): Text 'Student' is set on object 'Object Repository/Page_KHTN Administration Users Accounts Add_aad8ed/input_First name_firstname'

2022-01-14 21:42:41 - [MESSAGE][PASSED] - Text 'Student' is set on object 'Object Repository/Page_KHTN Administration Users Accounts Add_aad8ed/input_First name_firstname'

2022-01-14 21:42:41 - [TEST_STEP][PASSED] - click(findTestObject("Object Repository/Page_KHTN Administration Users Accounts Add_aad8ed/div_Username                               _ccea4b")): Object: 'Object Repository/Page_KHTN Administration Users Accounts Add_aad8ed/div_Username                               _ccea4b' is clicked on

2022-01-14 21:42:42 - [MESSAGE][PASSED] - Object: 'Object Repository/Page_KHTN Administration Users Accounts Add_aad8ed/div_Username                               _ccea4b' is clicked on

2022-01-14 21:42:42 - [TEST_STEP][PASSED] - setText(findTestObject("Object Repository/Page_KHTN Administration Users Accounts Add_aad8ed/input_Surname_lastname"), lastname): Text 'Epperson' is set on object 'Object Repository/Page_KHTN Administration Users Accounts Add_aad8ed/input_Surname_lastname'

2022-01-14 21:42:42 - [MESSAGE][PASSED] - Text 'Epperson' is set on object 'Object Repository/Page_KHTN Administration Users Accounts Add_aad8ed/input_Surname_lastname'

2022-01-14 21:42:42 - [TEST_STEP][PASSED] - setText(findTestObject("Object Repository/Page_KHTN Administration Users Accounts Add_aad8ed/input_Email address_email"), email): Text 's2@example.com' is set on object 'Object Repository/Page_KHTN Administration Users Accounts Add_aad8ed/input_Email address_email'

2022-01-14 21:42:43 - [MESSAGE][PASSED] - Text 's2@example.com' is set on object 'Object Repository/Page_KHTN Administration Users Accounts Add_aad8ed/input_Email address_email'

2022-01-14 21:42:43 - [TEST_STEP][PASSED] - click(findTestObject("Object Repository/Page_KHTN Administration Users Accounts Add_aad8ed/input_Address_submitbutton")): Object: 'Object Repository/Page_KHTN Administration Users Accounts Add_aad8ed/input_Address_submitbutton' is clicked on

2022-01-14 21:42:45 - [MESSAGE][PASSED] - Object: 'Object Repository/Page_KHTN Administration Users Accounts Add_aad8ed/input_Address_submitbutton' is clicked on

2022-01-14 21:42:45 - [TEST_STEP][PASSED] - verifyElementVisible(findTestObject("Object Repository/Page_KHTN Administration Users Accounts Bro_45ce40/div_Changes saved")): Object 'Object Repository/Page_KHTN Administration Users Accounts Bro_45ce40/div_Changes saved' is visible

2022-01-14 21:42:45 - [MESSAGE][PASSED] - Object 'Object Repository/Page_KHTN Administration Users Accounts Bro_45ce40/div_Changes saved' is visible

2022-01-14 21:42:45 - [TEST_STEP][PASSED] - verifyElementVisible(findTestObject("Object Repository/Page_KHTN Administration Users Accounts Bro_45ce40/td_s1example.com")): Object 'Object Repository/Page_KHTN Administration Users Accounts Bro_45ce40/td_s1example.com' is visible

2022-01-14 21:42:46 - [MESSAGE][PASSED] - Object 'Object Repository/Page_KHTN Administration Users Accounts Bro_45ce40/td_s1example.com' is visible

2022-01-14 21:42:46 - [TEST_STEP][PASSED] - click(findTestObject("Object Repository/Page_KHTN Administration Users Accounts Bro_45ce40/a_Admin User")): Object: 'Object Repository/Page_KHTN Administration Users Accounts Bro_45ce40/a_Admin User' is clicked on

2022-01-14 21:42:46 - [MESSAGE][PASSED] - Object: 'Object Repository/Page_KHTN Administration Users Accounts Bro_45ce40/a_Admin User' is clicked on

2022-01-14 21:42:46 - [TEST_STEP][PASSED] - click(findTestObject("Object Repository/Page_KHTN Administration Users Accounts Bro_45ce40/span_Log out")): Object: 'Object Repository/Page_KHTN Administration Users Accounts Bro_45ce40/span_Log out' is clicked on

2022-01-14 21:42:47 - [MESSAGE][PASSED] - Object: 'Object Repository/Page_KHTN Administration Users Accounts Bro_45ce40/span_Log out' is clicked on

2022-01-14 21:42:47 - [TEST_STEP][PASSED] - click(findTestObject("Object Repository/Page_HCMUS/a_Log in")): Object: 'Object Repository/Page_HCMUS/a_Log in' is clicked on

2022-01-14 21:42:47 - [MESSAGE][PASSED] - Object: 'Object Repository/Page_HCMUS/a_Log in' is clicked on

2022-01-14 21:42:47 - [TEST_STEP][PASSED] - setText(findTestObject("Object Repository/Page_HCMUS Log in to the site/input_Username_username"), username): Text 'student2' is set on object 'Object Repository/Page_HCMUS Log in to the site/input_Username_username'

2022-01-14 21:42:48 - [MESSAGE][PASSED] - Text 'student2' is set on object 'Object Repository/Page_HCMUS Log in to the site/input_Username_username'

2022-01-14 21:42:48 - [TEST_STEP][PASSED] - setText(findTestObject("Object Repository/Page_HCMUS Log in to the site/input_Password_password"), password): Text 'Mstudent2#' is set on object 'Object Repository/Page_HCMUS Log in to the site/input_Password_password'

2022-01-14 21:42:49 - [MESSAGE][PASSED] - Text 'Mstudent2#' is set on object 'Object Repository/Page_HCMUS Log in to the site/input_Password_password'

2022-01-14 21:42:49 - [TEST_STEP][PASSED] - click(findTestObject("Object Repository/Page_HCMUS Log in to the site/button_Log in")): Object: 'Object Repository/Page_HCMUS Log in to the site/button_Log in' is clicked on

2022-01-14 21:42:50 - [MESSAGE][PASSED] - Object: 'Object Repository/Page_HCMUS Log in to the site/button_Log in' is clicked on

2022-01-14 21:42:50 - [TEST_STEP][PASSED] - verifyElementVisible(findTestObject("Object Repository/Page_Dashboard/span_Student Waldrop")): Object 'Object Repository/Page_Dashboard/span_Student Waldrop' is visible

2022-01-14 21:42:51 - [MESSAGE][PASSED] - Object 'Object Repository/Page_Dashboard/span_Student Waldrop' is visible

2022-01-14 21:42:51 - [TEST_STEP][PASSED] - closeBrowser(): Browser is closed

2022-01-14 21:42:52 - [MESSAGE][PASSED] - Browser is closed]]></system-out>
         <system-err><![CDATA[]]></system-err>
      </testcase>
      <testcase name="Test Cases/7_tạo tài khoản user chính xác" time="21.417" classname="Test Cases/7_tạo tài khoản user chính xác" status="PASSED">
         <system-out><![CDATA[2022-01-14 21:42:52 - [TEST_CASE][PASSED] - Test Cases/7_tạo tài khoản user chính xác: Test Cases/7_tạo tài khoản user chính xác

2022-01-14 21:42:52 - [TEST_STEP][PASSED] - openBrowser(""): Browser is opened with url: ''

2022-01-14 21:42:52 - [MESSAGE][INFO] - Starting 'Chrome' driver

2022-01-14 21:42:52 - [MESSAGE][INFO] - Action delay is set to 0 milliseconds

2022-01-14 21:42:53 - [MESSAGE][PASSED] - Browser is opened with url: ''

2022-01-14 21:42:53 - [TEST_STEP][PASSED] - navigateToUrl("http://localhost/"): Navigate to 'http://localhost/' successfully

2022-01-14 21:42:53 - [MESSAGE][PASSED] - Navigate to 'http://localhost/' successfully

2022-01-14 21:42:53 - [TEST_STEP][PASSED] - click(findTestObject("Object Repository/Page_HCMUS/a_Log in")): Object: 'Object Repository/Page_HCMUS/a_Log in' is clicked on

2022-01-14 21:42:54 - [MESSAGE][PASSED] - Object: 'Object Repository/Page_HCMUS/a_Log in' is clicked on

2022-01-14 21:42:54 - [TEST_STEP][PASSED] - setText(findTestObject("Object Repository/Page_HCMUS Log in to the site/input_Username_username"), "admin"): Text 'admin' is set on object 'Object Repository/Page_HCMUS Log in to the site/input_Username_username'

2022-01-14 21:42:55 - [MESSAGE][PASSED] - Text 'admin' is set on object 'Object Repository/Page_HCMUS Log in to the site/input_Username_username'

2022-01-14 21:42:55 - [TEST_STEP][PASSED] - setEncryptedText(findTestObject("Object Repository/Page_HCMUS Log in to the site/input_Password_password"), "5MU2PI2jvJCK/lBTYOwt6g=="): Text ****** has been set on object 'Object Repository/Page_HCMUS Log in to the site/input_Password_password'

2022-01-14 21:42:55 - [MESSAGE][PASSED] - Text ****** has been set on object 'Object Repository/Page_HCMUS Log in to the site/input_Password_password'

2022-01-14 21:42:55 - [TEST_STEP][PASSED] - click(findTestObject("Object Repository/Page_HCMUS Log in to the site/button_Log in")): Object: 'Object Repository/Page_HCMUS Log in to the site/button_Log in' is clicked on

2022-01-14 21:42:56 - [MESSAGE][PASSED] - Object: 'Object Repository/Page_HCMUS Log in to the site/button_Log in' is clicked on

2022-01-14 21:42:56 - [TEST_STEP][PASSED] - click(findTestObject("Object Repository/Page_Dashboard/span_Site administration")): Object: 'Object Repository/Page_Dashboard/span_Site administration' is clicked on

2022-01-14 21:42:58 - [MESSAGE][PASSED] - Object: 'Object Repository/Page_Dashboard/span_Site administration' is clicked on

2022-01-14 21:42:58 - [TEST_STEP][PASSED] - click(findTestObject("Object Repository/Page_KHTN Administration Search/a_Users")): Object: 'Object Repository/Page_KHTN Administration Search/a_Users' is clicked on

2022-01-14 21:42:58 - [MESSAGE][PASSED] - Object: 'Object Repository/Page_KHTN Administration Search/a_Users' is clicked on

2022-01-14 21:42:58 - [TEST_STEP][PASSED] - click(findTestObject("Object Repository/Page_KHTN Administration Search/a_Add a new user")): Object: 'Object Repository/Page_KHTN Administration Search/a_Add a new user' is clicked on

2022-01-14 21:43:00 - [MESSAGE][PASSED] - Object: 'Object Repository/Page_KHTN Administration Search/a_Add a new user' is clicked on

2022-01-14 21:43:00 - [TEST_STEP][PASSED] - setText(findTestObject("Object Repository/Page_KHTN Administration Users Accounts Add_aad8ed/input_Username_username"), username): Text 'student3' is set on object 'Object Repository/Page_KHTN Administration Users Accounts Add_aad8ed/input_Username_username'

2022-01-14 21:43:01 - [MESSAGE][PASSED] - Text 'student3' is set on object 'Object Repository/Page_KHTN Administration Users Accounts Add_aad8ed/input_Username_username'

2022-01-14 21:43:01 - [TEST_STEP][PASSED] - click(findTestObject("Object Repository/Page_KHTN Administration Users Accounts Add_aad8ed/em_Click to enter text")): Object: 'Object Repository/Page_KHTN Administration Users Accounts Add_aad8ed/em_Click to enter text' is clicked on

2022-01-14 21:43:01 - [MESSAGE][PASSED] - Object: 'Object Repository/Page_KHTN Administration Users Accounts Add_aad8ed/em_Click to enter text' is clicked on

2022-01-14 21:43:01 - [TEST_STEP][PASSED] - setText(findTestObject("Object Repository/Page_KHTN Administration Users Accounts Add_aad8ed/input_New password_newpassword"), password): Text 'Mstudent3#' is set on object 'Object Repository/Page_KHTN Administration Users Accounts Add_aad8ed/input_New password_newpassword'

2022-01-14 21:43:02 - [MESSAGE][PASSED] - Text 'Mstudent3#' is set on object 'Object Repository/Page_KHTN Administration Users Accounts Add_aad8ed/input_New password_newpassword'

2022-01-14 21:43:02 - [TEST_STEP][PASSED] - setText(findTestObject("Object Repository/Page_KHTN Administration Users Accounts Add_aad8ed/input_First name_firstname"), firstname): Text 'Student' is set on object 'Object Repository/Page_KHTN Administration Users Accounts Add_aad8ed/input_First name_firstname'

2022-01-14 21:43:03 - [MESSAGE][PASSED] - Text 'Student' is set on object 'Object Repository/Page_KHTN Administration Users Accounts Add_aad8ed/input_First name_firstname'

2022-01-14 21:43:03 - [TEST_STEP][PASSED] - click(findTestObject("Object Repository/Page_KHTN Administration Users Accounts Add_aad8ed/div_Username                               _ccea4b")): Object: 'Object Repository/Page_KHTN Administration Users Accounts Add_aad8ed/div_Username                               _ccea4b' is clicked on

2022-01-14 21:43:04 - [MESSAGE][PASSED] - Object: 'Object Repository/Page_KHTN Administration Users Accounts Add_aad8ed/div_Username                               _ccea4b' is clicked on

2022-01-14 21:43:04 - [TEST_STEP][PASSED] - setText(findTestObject("Object Repository/Page_KHTN Administration Users Accounts Add_aad8ed/input_Surname_lastname"), lastname): Text 'Walston' is set on object 'Object Repository/Page_KHTN Administration Users Accounts Add_aad8ed/input_Surname_lastname'

2022-01-14 21:43:04 - [MESSAGE][PASSED] - Text 'Walston' is set on object 'Object Repository/Page_KHTN Administration Users Accounts Add_aad8ed/input_Surname_lastname'

2022-01-14 21:43:04 - [TEST_STEP][PASSED] - setText(findTestObject("Object Repository/Page_KHTN Administration Users Accounts Add_aad8ed/input_Email address_email"), email): Text 's3@example.com' is set on object 'Object Repository/Page_KHTN Administration Users Accounts Add_aad8ed/input_Email address_email'

2022-01-14 21:43:05 - [MESSAGE][PASSED] - Text 's3@example.com' is set on object 'Object Repository/Page_KHTN Administration Users Accounts Add_aad8ed/input_Email address_email'

2022-01-14 21:43:05 - [TEST_STEP][PASSED] - click(findTestObject("Object Repository/Page_KHTN Administration Users Accounts Add_aad8ed/input_Address_submitbutton")): Object: 'Object Repository/Page_KHTN Administration Users Accounts Add_aad8ed/input_Address_submitbutton' is clicked on

2022-01-14 21:43:06 - [MESSAGE][PASSED] - Object: 'Object Repository/Page_KHTN Administration Users Accounts Add_aad8ed/input_Address_submitbutton' is clicked on

2022-01-14 21:43:06 - [TEST_STEP][PASSED] - verifyElementVisible(findTestObject("Object Repository/Page_KHTN Administration Users Accounts Bro_45ce40/div_Changes saved")): Object 'Object Repository/Page_KHTN Administration Users Accounts Bro_45ce40/div_Changes saved' is visible

2022-01-14 21:43:07 - [MESSAGE][PASSED] - Object 'Object Repository/Page_KHTN Administration Users Accounts Bro_45ce40/div_Changes saved' is visible

2022-01-14 21:43:07 - [TEST_STEP][PASSED] - verifyElementVisible(findTestObject("Object Repository/Page_KHTN Administration Users Accounts Bro_45ce40/td_s1example.com")): Object 'Object Repository/Page_KHTN Administration Users Accounts Bro_45ce40/td_s1example.com' is visible

2022-01-14 21:43:07 - [MESSAGE][PASSED] - Object 'Object Repository/Page_KHTN Administration Users Accounts Bro_45ce40/td_s1example.com' is visible

2022-01-14 21:43:07 - [TEST_STEP][PASSED] - click(findTestObject("Object Repository/Page_KHTN Administration Users Accounts Bro_45ce40/a_Admin User")): Object: 'Object Repository/Page_KHTN Administration Users Accounts Bro_45ce40/a_Admin User' is clicked on

2022-01-14 21:43:07 - [MESSAGE][PASSED] - Object: 'Object Repository/Page_KHTN Administration Users Accounts Bro_45ce40/a_Admin User' is clicked on

2022-01-14 21:43:07 - [TEST_STEP][PASSED] - click(findTestObject("Object Repository/Page_KHTN Administration Users Accounts Bro_45ce40/span_Log out")): Object: 'Object Repository/Page_KHTN Administration Users Accounts Bro_45ce40/span_Log out' is clicked on

2022-01-14 21:43:08 - [MESSAGE][PASSED] - Object: 'Object Repository/Page_KHTN Administration Users Accounts Bro_45ce40/span_Log out' is clicked on

2022-01-14 21:43:08 - [TEST_STEP][PASSED] - click(findTestObject("Object Repository/Page_HCMUS/a_Log in")): Object: 'Object Repository/Page_HCMUS/a_Log in' is clicked on

2022-01-14 21:43:09 - [MESSAGE][PASSED] - Object: 'Object Repository/Page_HCMUS/a_Log in' is clicked on

2022-01-14 21:43:09 - [TEST_STEP][PASSED] - setText(findTestObject("Object Repository/Page_HCMUS Log in to the site/input_Username_username"), username): Text 'student3' is set on object 'Object Repository/Page_HCMUS Log in to the site/input_Username_username'

2022-01-14 21:43:10 - [MESSAGE][PASSED] - Text 'student3' is set on object 'Object Repository/Page_HCMUS Log in to the site/input_Username_username'

2022-01-14 21:43:10 - [TEST_STEP][PASSED] - setText(findTestObject("Object Repository/Page_HCMUS Log in to the site/input_Password_password"), password): Text 'Mstudent3#' is set on object 'Object Repository/Page_HCMUS Log in to the site/input_Password_password'

2022-01-14 21:43:10 - [MESSAGE][PASSED] - Text 'Mstudent3#' is set on object 'Object Repository/Page_HCMUS Log in to the site/input_Password_password'

2022-01-14 21:43:10 - [TEST_STEP][PASSED] - click(findTestObject("Object Repository/Page_HCMUS Log in to the site/button_Log in")): Object: 'Object Repository/Page_HCMUS Log in to the site/button_Log in' is clicked on

2022-01-14 21:43:11 - [MESSAGE][PASSED] - Object: 'Object Repository/Page_HCMUS Log in to the site/button_Log in' is clicked on

2022-01-14 21:43:11 - [TEST_STEP][PASSED] - verifyElementVisible(findTestObject("Object Repository/Page_Dashboard/span_Student Waldrop")): Object 'Object Repository/Page_Dashboard/span_Student Waldrop' is visible

2022-01-14 21:43:12 - [MESSAGE][PASSED] - Object 'Object Repository/Page_Dashboard/span_Student Waldrop' is visible

2022-01-14 21:43:12 - [TEST_STEP][PASSED] - closeBrowser(): Browser is closed

2022-01-14 21:43:13 - [MESSAGE][PASSED] - Browser is closed]]></system-out>
         <system-err><![CDATA[]]></system-err>
      </testcase>
      <testcase name="Test Cases/7_tạo tài khoản user chính xác" time="22.517" classname="Test Cases/7_tạo tài khoản user chính xác" status="PASSED">
         <system-out><![CDATA[2022-01-14 21:43:13 - [TEST_CASE][PASSED] - Test Cases/7_tạo tài khoản user chính xác: Test Cases/7_tạo tài khoản user chính xác

2022-01-14 21:43:13 - [TEST_STEP][PASSED] - openBrowser(""): Browser is opened with url: ''

2022-01-14 21:43:13 - [MESSAGE][INFO] - Starting 'Chrome' driver

2022-01-14 21:43:13 - [MESSAGE][INFO] - Action delay is set to 0 milliseconds

2022-01-14 21:43:14 - [MESSAGE][PASSED] - Browser is opened with url: ''

2022-01-14 21:43:14 - [TEST_STEP][PASSED] - navigateToUrl("http://localhost/"): Navigate to 'http://localhost/' successfully

2022-01-14 21:43:15 - [MESSAGE][PASSED] - Navigate to 'http://localhost/' successfully

2022-01-14 21:43:15 - [TEST_STEP][PASSED] - click(findTestObject("Object Repository/Page_HCMUS/a_Log in")): Object: 'Object Repository/Page_HCMUS/a_Log in' is clicked on

2022-01-14 21:43:16 - [MESSAGE][PASSED] - Object: 'Object Repository/Page_HCMUS/a_Log in' is clicked on

2022-01-14 21:43:16 - [TEST_STEP][PASSED] - setText(findTestObject("Object Repository/Page_HCMUS Log in to the site/input_Username_username"), "admin"): Text 'admin' is set on object 'Object Repository/Page_HCMUS Log in to the site/input_Username_username'

2022-01-14 21:43:17 - [MESSAGE][PASSED] - Text 'admin' is set on object 'Object Repository/Page_HCMUS Log in to the site/input_Username_username'

2022-01-14 21:43:17 - [TEST_STEP][PASSED] - setEncryptedText(findTestObject("Object Repository/Page_HCMUS Log in to the site/input_Password_password"), "5MU2PI2jvJCK/lBTYOwt6g=="): Text ****** has been set on object 'Object Repository/Page_HCMUS Log in to the site/input_Password_password'

2022-01-14 21:43:17 - [MESSAGE][PASSED] - Text ****** has been set on object 'Object Repository/Page_HCMUS Log in to the site/input_Password_password'

2022-01-14 21:43:17 - [TEST_STEP][PASSED] - click(findTestObject("Object Repository/Page_HCMUS Log in to the site/button_Log in")): Object: 'Object Repository/Page_HCMUS Log in to the site/button_Log in' is clicked on

2022-01-14 21:43:18 - [MESSAGE][PASSED] - Object: 'Object Repository/Page_HCMUS Log in to the site/button_Log in' is clicked on

2022-01-14 21:43:18 - [TEST_STEP][PASSED] - click(findTestObject("Object Repository/Page_Dashboard/span_Site administration")): Object: 'Object Repository/Page_Dashboard/span_Site administration' is clicked on

2022-01-14 21:43:20 - [MESSAGE][PASSED] - Object: 'Object Repository/Page_Dashboard/span_Site administration' is clicked on

2022-01-14 21:43:20 - [TEST_STEP][PASSED] - click(findTestObject("Object Repository/Page_KHTN Administration Search/a_Users")): Object: 'Object Repository/Page_KHTN Administration Search/a_Users' is clicked on

2022-01-14 21:43:21 - [MESSAGE][PASSED] - Object: 'Object Repository/Page_KHTN Administration Search/a_Users' is clicked on

2022-01-14 21:43:21 - [TEST_STEP][PASSED] - click(findTestObject("Object Repository/Page_KHTN Administration Search/a_Add a new user")): Object: 'Object Repository/Page_KHTN Administration Search/a_Add a new user' is clicked on

2022-01-14 21:43:22 - [MESSAGE][PASSED] - Object: 'Object Repository/Page_KHTN Administration Search/a_Add a new user' is clicked on

2022-01-14 21:43:22 - [TEST_STEP][PASSED] - setText(findTestObject("Object Repository/Page_KHTN Administration Users Accounts Add_aad8ed/input_Username_username"), username): Text 'student4' is set on object 'Object Repository/Page_KHTN Administration Users Accounts Add_aad8ed/input_Username_username'

2022-01-14 21:43:23 - [MESSAGE][PASSED] - Text 'student4' is set on object 'Object Repository/Page_KHTN Administration Users Accounts Add_aad8ed/input_Username_username'

2022-01-14 21:43:23 - [TEST_STEP][PASSED] - click(findTestObject("Object Repository/Page_KHTN Administration Users Accounts Add_aad8ed/em_Click to enter text")): Object: 'Object Repository/Page_KHTN Administration Users Accounts Add_aad8ed/em_Click to enter text' is clicked on

2022-01-14 21:43:24 - [MESSAGE][PASSED] - Object: 'Object Repository/Page_KHTN Administration Users Accounts Add_aad8ed/em_Click to enter text' is clicked on

2022-01-14 21:43:24 - [TEST_STEP][PASSED] - setText(findTestObject("Object Repository/Page_KHTN Administration Users Accounts Add_aad8ed/input_New password_newpassword"), password): Text 'Mstudent4#' is set on object 'Object Repository/Page_KHTN Administration Users Accounts Add_aad8ed/input_New password_newpassword'

2022-01-14 21:43:25 - [MESSAGE][PASSED] - Text 'Mstudent4#' is set on object 'Object Repository/Page_KHTN Administration Users Accounts Add_aad8ed/input_New password_newpassword'

2022-01-14 21:43:25 - [TEST_STEP][PASSED] - setText(findTestObject("Object Repository/Page_KHTN Administration Users Accounts Add_aad8ed/input_First name_firstname"), firstname): Text 'Student' is set on object 'Object Repository/Page_KHTN Administration Users Accounts Add_aad8ed/input_First name_firstname'

2022-01-14 21:43:25 - [MESSAGE][PASSED] - Text 'Student' is set on object 'Object Repository/Page_KHTN Administration Users Accounts Add_aad8ed/input_First name_firstname'

2022-01-14 21:43:25 - [TEST_STEP][PASSED] - click(findTestObject("Object Repository/Page_KHTN Administration Users Accounts Add_aad8ed/div_Username                               _ccea4b")): Object: 'Object Repository/Page_KHTN Administration Users Accounts Add_aad8ed/div_Username                               _ccea4b' is clicked on

2022-01-14 21:43:26 - [MESSAGE][PASSED] - Object: 'Object Repository/Page_KHTN Administration Users Accounts Add_aad8ed/div_Username                               _ccea4b' is clicked on

2022-01-14 21:43:26 - [TEST_STEP][PASSED] - setText(findTestObject("Object Repository/Page_KHTN Administration Users Accounts Add_aad8ed/input_Surname_lastname"), lastname): Text 'Tremblay' is set on object 'Object Repository/Page_KHTN Administration Users Accounts Add_aad8ed/input_Surname_lastname'

2022-01-14 21:43:27 - [MESSAGE][PASSED] - Text 'Tremblay' is set on object 'Object Repository/Page_KHTN Administration Users Accounts Add_aad8ed/input_Surname_lastname'

2022-01-14 21:43:27 - [TEST_STEP][PASSED] - setText(findTestObject("Object Repository/Page_KHTN Administration Users Accounts Add_aad8ed/input_Email address_email"), email): Text 's4@example.com' is set on object 'Object Repository/Page_KHTN Administration Users Accounts Add_aad8ed/input_Email address_email'

2022-01-14 21:43:27 - [MESSAGE][PASSED] - Text 's4@example.com' is set on object 'Object Repository/Page_KHTN Administration Users Accounts Add_aad8ed/input_Email address_email'

2022-01-14 21:43:27 - [TEST_STEP][PASSED] - click(findTestObject("Object Repository/Page_KHTN Administration Users Accounts Add_aad8ed/input_Address_submitbutton")): Object: 'Object Repository/Page_KHTN Administration Users Accounts Add_aad8ed/input_Address_submitbutton' is clicked on

2022-01-14 21:43:29 - [MESSAGE][PASSED] - Object: 'Object Repository/Page_KHTN Administration Users Accounts Add_aad8ed/input_Address_submitbutton' is clicked on

2022-01-14 21:43:29 - [TEST_STEP][PASSED] - verifyElementVisible(findTestObject("Object Repository/Page_KHTN Administration Users Accounts Bro_45ce40/div_Changes saved")): Object 'Object Repository/Page_KHTN Administration Users Accounts Bro_45ce40/div_Changes saved' is visible

2022-01-14 21:43:29 - [MESSAGE][PASSED] - Object 'Object Repository/Page_KHTN Administration Users Accounts Bro_45ce40/div_Changes saved' is visible

2022-01-14 21:43:29 - [TEST_STEP][PASSED] - verifyElementVisible(findTestObject("Object Repository/Page_KHTN Administration Users Accounts Bro_45ce40/td_s1example.com")): Object 'Object Repository/Page_KHTN Administration Users Accounts Bro_45ce40/td_s1example.com' is visible

2022-01-14 21:43:30 - [MESSAGE][PASSED] - Object 'Object Repository/Page_KHTN Administration Users Accounts Bro_45ce40/td_s1example.com' is visible

2022-01-14 21:43:30 - [TEST_STEP][PASSED] - click(findTestObject("Object Repository/Page_KHTN Administration Users Accounts Bro_45ce40/a_Admin User")): Object: 'Object Repository/Page_KHTN Administration Users Accounts Bro_45ce40/a_Admin User' is clicked on

2022-01-14 21:43:30 - [MESSAGE][PASSED] - Object: 'Object Repository/Page_KHTN Administration Users Accounts Bro_45ce40/a_Admin User' is clicked on

2022-01-14 21:43:30 - [TEST_STEP][PASSED] - click(findTestObject("Object Repository/Page_KHTN Administration Users Accounts Bro_45ce40/span_Log out")): Object: 'Object Repository/Page_KHTN Administration Users Accounts Bro_45ce40/span_Log out' is clicked on

2022-01-14 21:43:31 - [MESSAGE][PASSED] - Object: 'Object Repository/Page_KHTN Administration Users Accounts Bro_45ce40/span_Log out' is clicked on

2022-01-14 21:43:31 - [TEST_STEP][PASSED] - click(findTestObject("Object Repository/Page_HCMUS/a_Log in")): Object: 'Object Repository/Page_HCMUS/a_Log in' is clicked on

2022-01-14 21:43:31 - [MESSAGE][PASSED] - Object: 'Object Repository/Page_HCMUS/a_Log in' is clicked on

2022-01-14 21:43:31 - [TEST_STEP][PASSED] - setText(findTestObject("Object Repository/Page_HCMUS Log in to the site/input_Username_username"), username): Text 'student4' is set on object 'Object Repository/Page_HCMUS Log in to the site/input_Username_username'

2022-01-14 21:43:32 - [MESSAGE][PASSED] - Text 'student4' is set on object 'Object Repository/Page_HCMUS Log in to the site/input_Username_username'

2022-01-14 21:43:32 - [TEST_STEP][PASSED] - setText(findTestObject("Object Repository/Page_HCMUS Log in to the site/input_Password_password"), password): Text 'Mstudent4#' is set on object 'Object Repository/Page_HCMUS Log in to the site/input_Password_password'

2022-01-14 21:43:33 - [MESSAGE][PASSED] - Text 'Mstudent4#' is set on object 'Object Repository/Page_HCMUS Log in to the site/input_Password_password'

2022-01-14 21:43:33 - [TEST_STEP][PASSED] - click(findTestObject("Object Repository/Page_HCMUS Log in to the site/button_Log in")): Object: 'Object Repository/Page_HCMUS Log in to the site/button_Log in' is clicked on

2022-01-14 21:43:34 - [MESSAGE][PASSED] - Object: 'Object Repository/Page_HCMUS Log in to the site/button_Log in' is clicked on

2022-01-14 21:43:34 - [TEST_STEP][PASSED] - verifyElementVisible(findTestObject("Object Repository/Page_Dashboard/span_Student Waldrop")): Object 'Object Repository/Page_Dashboard/span_Student Waldrop' is visible

2022-01-14 21:43:35 - [MESSAGE][PASSED] - Object 'Object Repository/Page_Dashboard/span_Student Waldrop' is visible

2022-01-14 21:43:35 - [TEST_STEP][PASSED] - closeBrowser(): Browser is closed

2022-01-14 21:43:36 - [MESSAGE][PASSED] - Browser is closed]]></system-out>
         <system-err><![CDATA[]]></system-err>
      </testcase>
      <testcase name="Test Cases/7_tạo tài khoản user chính xác" time="22.207" classname="Test Cases/7_tạo tài khoản user chính xác" status="PASSED">
         <system-out><![CDATA[2022-01-14 21:43:36 - [TEST_CASE][PASSED] - Test Cases/7_tạo tài khoản user chính xác: Test Cases/7_tạo tài khoản user chính xác

2022-01-14 21:43:36 - [TEST_STEP][PASSED] - openBrowser(""): Browser is opened with url: ''

2022-01-14 21:43:36 - [MESSAGE][INFO] - Starting 'Chrome' driver

2022-01-14 21:43:36 - [MESSAGE][INFO] - Action delay is set to 0 milliseconds

2022-01-14 21:43:37 - [MESSAGE][PASSED] - Browser is opened with url: ''

2022-01-14 21:43:37 - [TEST_STEP][PASSED] - navigateToUrl("http://localhost/"): Navigate to 'http://localhost/' successfully

2022-01-14 21:43:37 - [MESSAGE][PASSED] - Navigate to 'http://localhost/' successfully

2022-01-14 21:43:37 - [TEST_STEP][PASSED] - click(findTestObject("Object Repository/Page_HCMUS/a_Log in")): Object: 'Object Repository/Page_HCMUS/a_Log in' is clicked on

2022-01-14 21:43:38 - [MESSAGE][PASSED] - Object: 'Object Repository/Page_HCMUS/a_Log in' is clicked on

2022-01-14 21:43:38 - [TEST_STEP][PASSED] - setText(findTestObject("Object Repository/Page_HCMUS Log in to the site/input_Username_username"), "admin"): Text 'admin' is set on object 'Object Repository/Page_HCMUS Log in to the site/input_Username_username'

2022-01-14 21:43:39 - [MESSAGE][PASSED] - Text 'admin' is set on object 'Object Repository/Page_HCMUS Log in to the site/input_Username_username'

2022-01-14 21:43:39 - [TEST_STEP][PASSED] - setEncryptedText(findTestObject("Object Repository/Page_HCMUS Log in to the site/input_Password_password"), "5MU2PI2jvJCK/lBTYOwt6g=="): Text ****** has been set on object 'Object Repository/Page_HCMUS Log in to the site/input_Password_password'

2022-01-14 21:43:39 - [MESSAGE][PASSED] - Text ****** has been set on object 'Object Repository/Page_HCMUS Log in to the site/input_Password_password'

2022-01-14 21:43:39 - [TEST_STEP][PASSED] - click(findTestObject("Object Repository/Page_HCMUS Log in to the site/button_Log in")): Object: 'Object Repository/Page_HCMUS Log in to the site/button_Log in' is clicked on

2022-01-14 21:43:40 - [MESSAGE][PASSED] - Object: 'Object Repository/Page_HCMUS Log in to the site/button_Log in' is clicked on

2022-01-14 21:43:40 - [TEST_STEP][PASSED] - click(findTestObject("Object Repository/Page_Dashboard/span_Site administration")): Object: 'Object Repository/Page_Dashboard/span_Site administration' is clicked on

2022-01-14 21:43:42 - [MESSAGE][PASSED] - Object: 'Object Repository/Page_Dashboard/span_Site administration' is clicked on

2022-01-14 21:43:42 - [TEST_STEP][PASSED] - click(findTestObject("Object Repository/Page_KHTN Administration Search/a_Users")): Object: 'Object Repository/Page_KHTN Administration Search/a_Users' is clicked on

2022-01-14 21:43:43 - [MESSAGE][PASSED] - Object: 'Object Repository/Page_KHTN Administration Search/a_Users' is clicked on

2022-01-14 21:43:43 - [TEST_STEP][PASSED] - click(findTestObject("Object Repository/Page_KHTN Administration Search/a_Add a new user")): Object: 'Object Repository/Page_KHTN Administration Search/a_Add a new user' is clicked on

2022-01-14 21:43:44 - [MESSAGE][PASSED] - Object: 'Object Repository/Page_KHTN Administration Search/a_Add a new user' is clicked on

2022-01-14 21:43:44 - [TEST_STEP][PASSED] - setText(findTestObject("Object Repository/Page_KHTN Administration Users Accounts Add_aad8ed/input_Username_username"), username): Text 'student5' is set on object 'Object Repository/Page_KHTN Administration Users Accounts Add_aad8ed/input_Username_username'

2022-01-14 21:43:45 - [MESSAGE][PASSED] - Text 'student5' is set on object 'Object Repository/Page_KHTN Administration Users Accounts Add_aad8ed/input_Username_username'

2022-01-14 21:43:45 - [TEST_STEP][PASSED] - click(findTestObject("Object Repository/Page_KHTN Administration Users Accounts Add_aad8ed/em_Click to enter text")): Object: 'Object Repository/Page_KHTN Administration Users Accounts Add_aad8ed/em_Click to enter text' is clicked on

2022-01-14 21:43:46 - [MESSAGE][PASSED] - Object: 'Object Repository/Page_KHTN Administration Users Accounts Add_aad8ed/em_Click to enter text' is clicked on

2022-01-14 21:43:46 - [TEST_STEP][PASSED] - setText(findTestObject("Object Repository/Page_KHTN Administration Users Accounts Add_aad8ed/input_New password_newpassword"), password): Text 'Mstudent5#' is set on object 'Object Repository/Page_KHTN Administration Users Accounts Add_aad8ed/input_New password_newpassword'

2022-01-14 21:43:47 - [MESSAGE][PASSED] - Text 'Mstudent5#' is set on object 'Object Repository/Page_KHTN Administration Users Accounts Add_aad8ed/input_New password_newpassword'

2022-01-14 21:43:47 - [TEST_STEP][PASSED] - setText(findTestObject("Object Repository/Page_KHTN Administration Users Accounts Add_aad8ed/input_First name_firstname"), firstname): Text 'Student' is set on object 'Object Repository/Page_KHTN Administration Users Accounts Add_aad8ed/input_First name_firstname'

2022-01-14 21:43:47 - [MESSAGE][PASSED] - Text 'Student' is set on object 'Object Repository/Page_KHTN Administration Users Accounts Add_aad8ed/input_First name_firstname'

2022-01-14 21:43:47 - [TEST_STEP][PASSED] - click(findTestObject("Object Repository/Page_KHTN Administration Users Accounts Add_aad8ed/div_Username                               _ccea4b")): Object: 'Object Repository/Page_KHTN Administration Users Accounts Add_aad8ed/div_Username                               _ccea4b' is clicked on

2022-01-14 21:43:48 - [MESSAGE][PASSED] - Object: 'Object Repository/Page_KHTN Administration Users Accounts Add_aad8ed/div_Username                               _ccea4b' is clicked on

2022-01-14 21:43:48 - [TEST_STEP][PASSED] - setText(findTestObject("Object Repository/Page_KHTN Administration Users Accounts Add_aad8ed/input_Surname_lastname"), lastname): Text 'Weller' is set on object 'Object Repository/Page_KHTN Administration Users Accounts Add_aad8ed/input_Surname_lastname'

2022-01-14 21:43:49 - [MESSAGE][PASSED] - Text 'Weller' is set on object 'Object Repository/Page_KHTN Administration Users Accounts Add_aad8ed/input_Surname_lastname'

2022-01-14 21:43:49 - [TEST_STEP][PASSED] - setText(findTestObject("Object Repository/Page_KHTN Administration Users Accounts Add_aad8ed/input_Email address_email"), email): Text 's5@example.com' is set on object 'Object Repository/Page_KHTN Administration Users Accounts Add_aad8ed/input_Email address_email'

2022-01-14 21:43:49 - [MESSAGE][PASSED] - Text 's5@example.com' is set on object 'Object Repository/Page_KHTN Administration Users Accounts Add_aad8ed/input_Email address_email'

2022-01-14 21:43:49 - [TEST_STEP][PASSED] - click(findTestObject("Object Repository/Page_KHTN Administration Users Accounts Add_aad8ed/input_Address_submitbutton")): Object: 'Object Repository/Page_KHTN Administration Users Accounts Add_aad8ed/input_Address_submitbutton' is clicked on

2022-01-14 21:43:51 - [MESSAGE][PASSED] - Object: 'Object Repository/Page_KHTN Administration Users Accounts Add_aad8ed/input_Address_submitbutton' is clicked on

2022-01-14 21:43:51 - [TEST_STEP][PASSED] - verifyElementVisible(findTestObject("Object Repository/Page_KHTN Administration Users Accounts Bro_45ce40/div_Changes saved")): Object 'Object Repository/Page_KHTN Administration Users Accounts Bro_45ce40/div_Changes saved' is visible

2022-01-14 21:43:51 - [MESSAGE][PASSED] - Object 'Object Repository/Page_KHTN Administration Users Accounts Bro_45ce40/div_Changes saved' is visible

2022-01-14 21:43:51 - [TEST_STEP][PASSED] - verifyElementVisible(findTestObject("Object Repository/Page_KHTN Administration Users Accounts Bro_45ce40/td_s1example.com")): Object 'Object Repository/Page_KHTN Administration Users Accounts Bro_45ce40/td_s1example.com' is visible

2022-01-14 21:43:52 - [MESSAGE][PASSED] - Object 'Object Repository/Page_KHTN Administration Users Accounts Bro_45ce40/td_s1example.com' is visible

2022-01-14 21:43:52 - [TEST_STEP][PASSED] - click(findTestObject("Object Repository/Page_KHTN Administration Users Accounts Bro_45ce40/a_Admin User")): Object: 'Object Repository/Page_KHTN Administration Users Accounts Bro_45ce40/a_Admin User' is clicked on

2022-01-14 21:43:52 - [MESSAGE][PASSED] - Object: 'Object Repository/Page_KHTN Administration Users Accounts Bro_45ce40/a_Admin User' is clicked on

2022-01-14 21:43:52 - [TEST_STEP][PASSED] - click(findTestObject("Object Repository/Page_KHTN Administration Users Accounts Bro_45ce40/span_Log out")): Object: 'Object Repository/Page_KHTN Administration Users Accounts Bro_45ce40/span_Log out' is clicked on

2022-01-14 21:43:53 - [MESSAGE][PASSED] - Object: 'Object Repository/Page_KHTN Administration Users Accounts Bro_45ce40/span_Log out' is clicked on

2022-01-14 21:43:53 - [TEST_STEP][PASSED] - click(findTestObject("Object Repository/Page_HCMUS/a_Log in")): Object: 'Object Repository/Page_HCMUS/a_Log in' is clicked on

2022-01-14 21:43:54 - [MESSAGE][PASSED] - Object: 'Object Repository/Page_HCMUS/a_Log in' is clicked on

2022-01-14 21:43:54 - [TEST_STEP][PASSED] - setText(findTestObject("Object Repository/Page_HCMUS Log in to the site/input_Username_username"), username): Text 'student5' is set on object 'Object Repository/Page_HCMUS Log in to the site/input_Username_username'

2022-01-14 21:43:54 - [MESSAGE][PASSED] - Text 'student5' is set on object 'Object Repository/Page_HCMUS Log in to the site/input_Username_username'

2022-01-14 21:43:54 - [TEST_STEP][PASSED] - setText(findTestObject("Object Repository/Page_HCMUS Log in to the site/input_Password_password"), password): Text 'Mstudent5#' is set on object 'Object Repository/Page_HCMUS Log in to the site/input_Password_password'

2022-01-14 21:43:55 - [MESSAGE][PASSED] - Text 'Mstudent5#' is set on object 'Object Repository/Page_HCMUS Log in to the site/input_Password_password'

2022-01-14 21:43:55 - [TEST_STEP][PASSED] - click(findTestObject("Object Repository/Page_HCMUS Log in to the site/button_Log in")): Object: 'Object Repository/Page_HCMUS Log in to the site/button_Log in' is clicked on

2022-01-14 21:43:56 - [MESSAGE][PASSED] - Object: 'Object Repository/Page_HCMUS Log in to the site/button_Log in' is clicked on

2022-01-14 21:43:56 - [TEST_STEP][PASSED] - verifyElementVisible(findTestObject("Object Repository/Page_Dashboard/span_Student Waldrop")): Object 'Object Repository/Page_Dashboard/span_Student Waldrop' is visible

2022-01-14 21:43:57 - [MESSAGE][PASSED] - Object 'Object Repository/Page_Dashboard/span_Student Waldrop' is visible

2022-01-14 21:43:57 - [TEST_STEP][PASSED] - closeBrowser(): Browser is closed

2022-01-14 21:43:58 - [MESSAGE][PASSED] - Browser is closed]]></system-out>
         <system-err><![CDATA[]]></system-err>
      </testcase>
      <testcase name="Test Cases/7_tạo tài khoản user chính xác" time="22.118" classname="Test Cases/7_tạo tài khoản user chính xác" status="PASSED">
         <system-out><![CDATA[2022-01-14 21:43:58 - [TEST_CASE][PASSED] - Test Cases/7_tạo tài khoản user chính xác: Test Cases/7_tạo tài khoản user chính xác

2022-01-14 21:43:58 - [TEST_STEP][PASSED] - openBrowser(""): Browser is opened with url: ''

2022-01-14 21:43:58 - [MESSAGE][INFO] - Starting 'Chrome' driver

2022-01-14 21:43:58 - [MESSAGE][INFO] - Action delay is set to 0 milliseconds

2022-01-14 21:43:59 - [MESSAGE][PASSED] - Browser is opened with url: ''

2022-01-14 21:43:59 - [TEST_STEP][PASSED] - navigateToUrl("http://localhost/"): Navigate to 'http://localhost/' successfully

2022-01-14 21:43:59 - [MESSAGE][PASSED] - Navigate to 'http://localhost/' successfully

2022-01-14 21:43:59 - [TEST_STEP][PASSED] - click(findTestObject("Object Repository/Page_HCMUS/a_Log in")): Object: 'Object Repository/Page_HCMUS/a_Log in' is clicked on

2022-01-14 21:44:00 - [MESSAGE][PASSED] - Object: 'Object Repository/Page_HCMUS/a_Log in' is clicked on

2022-01-14 21:44:00 - [TEST_STEP][PASSED] - setText(findTestObject("Object Repository/Page_HCMUS Log in to the site/input_Username_username"), "admin"): Text 'admin' is set on object 'Object Repository/Page_HCMUS Log in to the site/input_Username_username'

2022-01-14 21:44:01 - [MESSAGE][PASSED] - Text 'admin' is set on object 'Object Repository/Page_HCMUS Log in to the site/input_Username_username'

2022-01-14 21:44:01 - [TEST_STEP][PASSED] - setEncryptedText(findTestObject("Object Repository/Page_HCMUS Log in to the site/input_Password_password"), "5MU2PI2jvJCK/lBTYOwt6g=="): Text ****** has been set on object 'Object Repository/Page_HCMUS Log in to the site/input_Password_password'

2022-01-14 21:44:01 - [MESSAGE][PASSED] - Text ****** has been set on object 'Object Repository/Page_HCMUS Log in to the site/input_Password_password'

2022-01-14 21:44:01 - [TEST_STEP][PASSED] - click(findTestObject("Object Repository/Page_HCMUS Log in to the site/button_Log in")): Object: 'Object Repository/Page_HCMUS Log in to the site/button_Log in' is clicked on

2022-01-14 21:44:02 - [MESSAGE][PASSED] - Object: 'Object Repository/Page_HCMUS Log in to the site/button_Log in' is clicked on

2022-01-14 21:44:02 - [TEST_STEP][PASSED] - click(findTestObject("Object Repository/Page_Dashboard/span_Site administration")): Object: 'Object Repository/Page_Dashboard/span_Site administration' is clicked on

2022-01-14 21:44:05 - [MESSAGE][PASSED] - Object: 'Object Repository/Page_Dashboard/span_Site administration' is clicked on

2022-01-14 21:44:05 - [TEST_STEP][PASSED] - click(findTestObject("Object Repository/Page_KHTN Administration Search/a_Users")): Object: 'Object Repository/Page_KHTN Administration Search/a_Users' is clicked on

2022-01-14 21:44:05 - [MESSAGE][PASSED] - Object: 'Object Repository/Page_KHTN Administration Search/a_Users' is clicked on

2022-01-14 21:44:05 - [TEST_STEP][PASSED] - click(findTestObject("Object Repository/Page_KHTN Administration Search/a_Add a new user")): Object: 'Object Repository/Page_KHTN Administration Search/a_Add a new user' is clicked on

2022-01-14 21:44:06 - [MESSAGE][PASSED] - Object: 'Object Repository/Page_KHTN Administration Search/a_Add a new user' is clicked on

2022-01-14 21:44:06 - [TEST_STEP][PASSED] - setText(findTestObject("Object Repository/Page_KHTN Administration Users Accounts Add_aad8ed/input_Username_username"), username): Text 'student6' is set on object 'Object Repository/Page_KHTN Administration Users Accounts Add_aad8ed/input_Username_username'

2022-01-14 21:44:08 - [MESSAGE][PASSED] - Text 'student6' is set on object 'Object Repository/Page_KHTN Administration Users Accounts Add_aad8ed/input_Username_username'

2022-01-14 21:44:08 - [TEST_STEP][PASSED] - click(findTestObject("Object Repository/Page_KHTN Administration Users Accounts Add_aad8ed/em_Click to enter text")): Object: 'Object Repository/Page_KHTN Administration Users Accounts Add_aad8ed/em_Click to enter text' is clicked on

2022-01-14 21:44:08 - [MESSAGE][PASSED] - Object: 'Object Repository/Page_KHTN Administration Users Accounts Add_aad8ed/em_Click to enter text' is clicked on

2022-01-14 21:44:08 - [TEST_STEP][PASSED] - setText(findTestObject("Object Repository/Page_KHTN Administration Users Accounts Add_aad8ed/input_New password_newpassword"), password): Text 'Mstudent6#' is set on object 'Object Repository/Page_KHTN Administration Users Accounts Add_aad8ed/input_New password_newpassword'

2022-01-14 21:44:09 - [MESSAGE][PASSED] - Text 'Mstudent6#' is set on object 'Object Repository/Page_KHTN Administration Users Accounts Add_aad8ed/input_New password_newpassword'

2022-01-14 21:44:09 - [TEST_STEP][PASSED] - setText(findTestObject("Object Repository/Page_KHTN Administration Users Accounts Add_aad8ed/input_First name_firstname"), firstname): Text 'Student' is set on object 'Object Repository/Page_KHTN Administration Users Accounts Add_aad8ed/input_First name_firstname'

2022-01-14 21:44:10 - [MESSAGE][PASSED] - Text 'Student' is set on object 'Object Repository/Page_KHTN Administration Users Accounts Add_aad8ed/input_First name_firstname'

2022-01-14 21:44:10 - [TEST_STEP][PASSED] - click(findTestObject("Object Repository/Page_KHTN Administration Users Accounts Add_aad8ed/div_Username                               _ccea4b")): Object: 'Object Repository/Page_KHTN Administration Users Accounts Add_aad8ed/div_Username                               _ccea4b' is clicked on

2022-01-14 21:44:10 - [MESSAGE][PASSED] - Object: 'Object Repository/Page_KHTN Administration Users Accounts Add_aad8ed/div_Username                               _ccea4b' is clicked on

2022-01-14 21:44:10 - [TEST_STEP][PASSED] - setText(findTestObject("Object Repository/Page_KHTN Administration Users Accounts Add_aad8ed/input_Surname_lastname"), lastname): Text 'Haller' is set on object 'Object Repository/Page_KHTN Administration Users Accounts Add_aad8ed/input_Surname_lastname'

2022-01-14 21:44:11 - [MESSAGE][PASSED] - Text 'Haller' is set on object 'Object Repository/Page_KHTN Administration Users Accounts Add_aad8ed/input_Surname_lastname'

2022-01-14 21:44:11 - [TEST_STEP][PASSED] - setText(findTestObject("Object Repository/Page_KHTN Administration Users Accounts Add_aad8ed/input_Email address_email"), email): Text 's6@example.com' is set on object 'Object Repository/Page_KHTN Administration Users Accounts Add_aad8ed/input_Email address_email'

2022-01-14 21:44:12 - [MESSAGE][PASSED] - Text 's6@example.com' is set on object 'Object Repository/Page_KHTN Administration Users Accounts Add_aad8ed/input_Email address_email'

2022-01-14 21:44:12 - [TEST_STEP][PASSED] - click(findTestObject("Object Repository/Page_KHTN Administration Users Accounts Add_aad8ed/input_Address_submitbutton")): Object: 'Object Repository/Page_KHTN Administration Users Accounts Add_aad8ed/input_Address_submitbutton' is clicked on

2022-01-14 21:44:13 - [MESSAGE][PASSED] - Object: 'Object Repository/Page_KHTN Administration Users Accounts Add_aad8ed/input_Address_submitbutton' is clicked on

2022-01-14 21:44:13 - [TEST_STEP][PASSED] - verifyElementVisible(findTestObject("Object Repository/Page_KHTN Administration Users Accounts Bro_45ce40/div_Changes saved")): Object 'Object Repository/Page_KHTN Administration Users Accounts Bro_45ce40/div_Changes saved' is visible

2022-01-14 21:44:14 - [MESSAGE][PASSED] - Object 'Object Repository/Page_KHTN Administration Users Accounts Bro_45ce40/div_Changes saved' is visible

2022-01-14 21:44:14 - [TEST_STEP][PASSED] - verifyElementVisible(findTestObject("Object Repository/Page_KHTN Administration Users Accounts Bro_45ce40/td_s1example.com")): Object 'Object Repository/Page_KHTN Administration Users Accounts Bro_45ce40/td_s1example.com' is visible

2022-01-14 21:44:14 - [MESSAGE][PASSED] - Object 'Object Repository/Page_KHTN Administration Users Accounts Bro_45ce40/td_s1example.com' is visible

2022-01-14 21:44:14 - [TEST_STEP][PASSED] - click(findTestObject("Object Repository/Page_KHTN Administration Users Accounts Bro_45ce40/a_Admin User")): Object: 'Object Repository/Page_KHTN Administration Users Accounts Bro_45ce40/a_Admin User' is clicked on

2022-01-14 21:44:14 - [MESSAGE][PASSED] - Object: 'Object Repository/Page_KHTN Administration Users Accounts Bro_45ce40/a_Admin User' is clicked on

2022-01-14 21:44:14 - [TEST_STEP][PASSED] - click(findTestObject("Object Repository/Page_KHTN Administration Users Accounts Bro_45ce40/span_Log out")): Object: 'Object Repository/Page_KHTN Administration Users Accounts Bro_45ce40/span_Log out' is clicked on

2022-01-14 21:44:15 - [MESSAGE][PASSED] - Object: 'Object Repository/Page_KHTN Administration Users Accounts Bro_45ce40/span_Log out' is clicked on

2022-01-14 21:44:15 - [TEST_STEP][PASSED] - click(findTestObject("Object Repository/Page_HCMUS/a_Log in")): Object: 'Object Repository/Page_HCMUS/a_Log in' is clicked on

2022-01-14 21:44:16 - [MESSAGE][PASSED] - Object: 'Object Repository/Page_HCMUS/a_Log in' is clicked on

2022-01-14 21:44:16 - [TEST_STEP][PASSED] - setText(findTestObject("Object Repository/Page_HCMUS Log in to the site/input_Username_username"), username): Text 'student6' is set on object 'Object Repository/Page_HCMUS Log in to the site/input_Username_username'

2022-01-14 21:44:17 - [MESSAGE][PASSED] - Text 'student6' is set on object 'Object Repository/Page_HCMUS Log in to the site/input_Username_username'

2022-01-14 21:44:17 - [TEST_STEP][PASSED] - setText(findTestObject("Object Repository/Page_HCMUS Log in to the site/input_Password_password"), password): Text 'Mstudent6#' is set on object 'Object Repository/Page_HCMUS Log in to the site/input_Password_password'

2022-01-14 21:44:17 - [MESSAGE][PASSED] - Text 'Mstudent6#' is set on object 'Object Repository/Page_HCMUS Log in to the site/input_Password_password'

2022-01-14 21:44:17 - [TEST_STEP][PASSED] - click(findTestObject("Object Repository/Page_HCMUS Log in to the site/button_Log in")): Object: 'Object Repository/Page_HCMUS Log in to the site/button_Log in' is clicked on

2022-01-14 21:44:18 - [MESSAGE][PASSED] - Object: 'Object Repository/Page_HCMUS Log in to the site/button_Log in' is clicked on

2022-01-14 21:44:18 - [TEST_STEP][PASSED] - verifyElementVisible(findTestObject("Object Repository/Page_Dashboard/span_Student Waldrop")): Object 'Object Repository/Page_Dashboard/span_Student Waldrop' is visible

2022-01-14 21:44:19 - [MESSAGE][PASSED] - Object 'Object Repository/Page_Dashboard/span_Student Waldrop' is visible

2022-01-14 21:44:19 - [TEST_STEP][PASSED] - closeBrowser(): Browser is closed

2022-01-14 21:44:20 - [MESSAGE][PASSED] - Browser is closed]]></system-out>
         <system-err><![CDATA[]]></system-err>
      </testcase>
      <testcase name="Test Cases/7_tạo tài khoản user chính xác" time="22.084" classname="Test Cases/7_tạo tài khoản user chính xác" status="PASSED">
         <system-out><![CDATA[2022-01-14 21:44:20 - [TEST_CASE][PASSED] - Test Cases/7_tạo tài khoản user chính xác: Test Cases/7_tạo tài khoản user chính xác

2022-01-14 21:44:20 - [TEST_STEP][PASSED] - openBrowser(""): Browser is opened with url: ''

2022-01-14 21:44:20 - [MESSAGE][INFO] - Starting 'Chrome' driver

2022-01-14 21:44:20 - [MESSAGE][INFO] - Action delay is set to 0 milliseconds

2022-01-14 21:44:21 - [MESSAGE][PASSED] - Browser is opened with url: ''

2022-01-14 21:44:21 - [TEST_STEP][PASSED] - navigateToUrl("http://localhost/"): Navigate to 'http://localhost/' successfully

2022-01-14 21:44:22 - [MESSAGE][PASSED] - Navigate to 'http://localhost/' successfully

2022-01-14 21:44:22 - [TEST_STEP][PASSED] - click(findTestObject("Object Repository/Page_HCMUS/a_Log in")): Object: 'Object Repository/Page_HCMUS/a_Log in' is clicked on

2022-01-14 21:44:22 - [MESSAGE][PASSED] - Object: 'Object Repository/Page_HCMUS/a_Log in' is clicked on

2022-01-14 21:44:22 - [TEST_STEP][PASSED] - setText(findTestObject("Object Repository/Page_HCMUS Log in to the site/input_Username_username"), "admin"): Text 'admin' is set on object 'Object Repository/Page_HCMUS Log in to the site/input_Username_username'

2022-01-14 21:44:23 - [MESSAGE][PASSED] - Text 'admin' is set on object 'Object Repository/Page_HCMUS Log in to the site/input_Username_username'

2022-01-14 21:44:23 - [TEST_STEP][PASSED] - setEncryptedText(findTestObject("Object Repository/Page_HCMUS Log in to the site/input_Password_password"), "5MU2PI2jvJCK/lBTYOwt6g=="): Text ****** has been set on object 'Object Repository/Page_HCMUS Log in to the site/input_Password_password'

2022-01-14 21:44:23 - [MESSAGE][PASSED] - Text ****** has been set on object 'Object Repository/Page_HCMUS Log in to the site/input_Password_password'

2022-01-14 21:44:23 - [TEST_STEP][PASSED] - click(findTestObject("Object Repository/Page_HCMUS Log in to the site/button_Log in")): Object: 'Object Repository/Page_HCMUS Log in to the site/button_Log in' is clicked on

2022-01-14 21:44:24 - [MESSAGE][PASSED] - Object: 'Object Repository/Page_HCMUS Log in to the site/button_Log in' is clicked on

2022-01-14 21:44:24 - [TEST_STEP][PASSED] - click(findTestObject("Object Repository/Page_Dashboard/span_Site administration")): Object: 'Object Repository/Page_Dashboard/span_Site administration' is clicked on

2022-01-14 21:44:27 - [MESSAGE][PASSED] - Object: 'Object Repository/Page_Dashboard/span_Site administration' is clicked on

2022-01-14 21:44:27 - [TEST_STEP][PASSED] - click(findTestObject("Object Repository/Page_KHTN Administration Search/a_Users")): Object: 'Object Repository/Page_KHTN Administration Search/a_Users' is clicked on

2022-01-14 21:44:27 - [MESSAGE][PASSED] - Object: 'Object Repository/Page_KHTN Administration Search/a_Users' is clicked on

2022-01-14 21:44:27 - [TEST_STEP][PASSED] - click(findTestObject("Object Repository/Page_KHTN Administration Search/a_Add a new user")): Object: 'Object Repository/Page_KHTN Administration Search/a_Add a new user' is clicked on

2022-01-14 21:44:29 - [MESSAGE][PASSED] - Object: 'Object Repository/Page_KHTN Administration Search/a_Add a new user' is clicked on

2022-01-14 21:44:29 - [TEST_STEP][PASSED] - setText(findTestObject("Object Repository/Page_KHTN Administration Users Accounts Add_aad8ed/input_Username_username"), username): Text 'student7' is set on object 'Object Repository/Page_KHTN Administration Users Accounts Add_aad8ed/input_Username_username'

2022-01-14 21:44:30 - [MESSAGE][PASSED] - Text 'student7' is set on object 'Object Repository/Page_KHTN Administration Users Accounts Add_aad8ed/input_Username_username'

2022-01-14 21:44:30 - [TEST_STEP][PASSED] - click(findTestObject("Object Repository/Page_KHTN Administration Users Accounts Add_aad8ed/em_Click to enter text")): Object: 'Object Repository/Page_KHTN Administration Users Accounts Add_aad8ed/em_Click to enter text' is clicked on

2022-01-14 21:44:30 - [MESSAGE][PASSED] - Object: 'Object Repository/Page_KHTN Administration Users Accounts Add_aad8ed/em_Click to enter text' is clicked on

2022-01-14 21:44:30 - [TEST_STEP][PASSED] - setText(findTestObject("Object Repository/Page_KHTN Administration Users Accounts Add_aad8ed/input_New password_newpassword"), password): Text 'Mstudent7#' is set on object 'Object Repository/Page_KHTN Administration Users Accounts Add_aad8ed/input_New password_newpassword'

2022-01-14 21:44:31 - [MESSAGE][PASSED] - Text 'Mstudent7#' is set on object 'Object Repository/Page_KHTN Administration Users Accounts Add_aad8ed/input_New password_newpassword'

2022-01-14 21:44:31 - [TEST_STEP][PASSED] - setText(findTestObject("Object Repository/Page_KHTN Administration Users Accounts Add_aad8ed/input_First name_firstname"), firstname): Text 'Student' is set on object 'Object Repository/Page_KHTN Administration Users Accounts Add_aad8ed/input_First name_firstname'

2022-01-14 21:44:32 - [MESSAGE][PASSED] - Text 'Student' is set on object 'Object Repository/Page_KHTN Administration Users Accounts Add_aad8ed/input_First name_firstname'

2022-01-14 21:44:32 - [TEST_STEP][PASSED] - click(findTestObject("Object Repository/Page_KHTN Administration Users Accounts Add_aad8ed/div_Username                               _ccea4b")): Object: 'Object Repository/Page_KHTN Administration Users Accounts Add_aad8ed/div_Username                               _ccea4b' is clicked on

2022-01-14 21:44:33 - [MESSAGE][PASSED] - Object: 'Object Repository/Page_KHTN Administration Users Accounts Add_aad8ed/div_Username                               _ccea4b' is clicked on

2022-01-14 21:44:33 - [TEST_STEP][PASSED] - setText(findTestObject("Object Repository/Page_KHTN Administration Users Accounts Add_aad8ed/input_Surname_lastname"), lastname): Text 'Venegas' is set on object 'Object Repository/Page_KHTN Administration Users Accounts Add_aad8ed/input_Surname_lastname'

2022-01-14 21:44:33 - [MESSAGE][PASSED] - Text 'Venegas' is set on object 'Object Repository/Page_KHTN Administration Users Accounts Add_aad8ed/input_Surname_lastname'

2022-01-14 21:44:33 - [TEST_STEP][PASSED] - setText(findTestObject("Object Repository/Page_KHTN Administration Users Accounts Add_aad8ed/input_Email address_email"), email): Text 's7@example.com' is set on object 'Object Repository/Page_KHTN Administration Users Accounts Add_aad8ed/input_Email address_email'

2022-01-14 21:44:34 - [MESSAGE][PASSED] - Text 's7@example.com' is set on object 'Object Repository/Page_KHTN Administration Users Accounts Add_aad8ed/input_Email address_email'

2022-01-14 21:44:34 - [TEST_STEP][PASSED] - click(findTestObject("Object Repository/Page_KHTN Administration Users Accounts Add_aad8ed/input_Address_submitbutton")): Object: 'Object Repository/Page_KHTN Administration Users Accounts Add_aad8ed/input_Address_submitbutton' is clicked on

2022-01-14 21:44:35 - [MESSAGE][PASSED] - Object: 'Object Repository/Page_KHTN Administration Users Accounts Add_aad8ed/input_Address_submitbutton' is clicked on

2022-01-14 21:44:35 - [TEST_STEP][PASSED] - verifyElementVisible(findTestObject("Object Repository/Page_KHTN Administration Users Accounts Bro_45ce40/div_Changes saved")): Object 'Object Repository/Page_KHTN Administration Users Accounts Bro_45ce40/div_Changes saved' is visible

2022-01-14 21:44:36 - [MESSAGE][PASSED] - Object 'Object Repository/Page_KHTN Administration Users Accounts Bro_45ce40/div_Changes saved' is visible

2022-01-14 21:44:36 - [TEST_STEP][PASSED] - verifyElementVisible(findTestObject("Object Repository/Page_KHTN Administration Users Accounts Bro_45ce40/td_s1example.com")): Object 'Object Repository/Page_KHTN Administration Users Accounts Bro_45ce40/td_s1example.com' is visible

2022-01-14 21:44:36 - [MESSAGE][PASSED] - Object 'Object Repository/Page_KHTN Administration Users Accounts Bro_45ce40/td_s1example.com' is visible

2022-01-14 21:44:36 - [TEST_STEP][PASSED] - click(findTestObject("Object Repository/Page_KHTN Administration Users Accounts Bro_45ce40/a_Admin User")): Object: 'Object Repository/Page_KHTN Administration Users Accounts Bro_45ce40/a_Admin User' is clicked on

2022-01-14 21:44:37 - [MESSAGE][PASSED] - Object: 'Object Repository/Page_KHTN Administration Users Accounts Bro_45ce40/a_Admin User' is clicked on

2022-01-14 21:44:37 - [TEST_STEP][PASSED] - click(findTestObject("Object Repository/Page_KHTN Administration Users Accounts Bro_45ce40/span_Log out")): Object: 'Object Repository/Page_KHTN Administration Users Accounts Bro_45ce40/span_Log out' is clicked on

2022-01-14 21:44:37 - [MESSAGE][PASSED] - Object: 'Object Repository/Page_KHTN Administration Users Accounts Bro_45ce40/span_Log out' is clicked on

2022-01-14 21:44:37 - [TEST_STEP][PASSED] - click(findTestObject("Object Repository/Page_HCMUS/a_Log in")): Object: 'Object Repository/Page_HCMUS/a_Log in' is clicked on

2022-01-14 21:44:38 - [MESSAGE][PASSED] - Object: 'Object Repository/Page_HCMUS/a_Log in' is clicked on

2022-01-14 21:44:38 - [TEST_STEP][PASSED] - setText(findTestObject("Object Repository/Page_HCMUS Log in to the site/input_Username_username"), username): Text 'student7' is set on object 'Object Repository/Page_HCMUS Log in to the site/input_Username_username'

2022-01-14 21:44:39 - [MESSAGE][PASSED] - Text 'student7' is set on object 'Object Repository/Page_HCMUS Log in to the site/input_Username_username'

2022-01-14 21:44:39 - [TEST_STEP][PASSED] - setText(findTestObject("Object Repository/Page_HCMUS Log in to the site/input_Password_password"), password): Text 'Mstudent7#' is set on object 'Object Repository/Page_HCMUS Log in to the site/input_Password_password'

2022-01-14 21:44:39 - [MESSAGE][PASSED] - Text 'Mstudent7#' is set on object 'Object Repository/Page_HCMUS Log in to the site/input_Password_password'

2022-01-14 21:44:39 - [TEST_STEP][PASSED] - click(findTestObject("Object Repository/Page_HCMUS Log in to the site/button_Log in")): Object: 'Object Repository/Page_HCMUS Log in to the site/button_Log in' is clicked on

2022-01-14 21:44:40 - [MESSAGE][PASSED] - Object: 'Object Repository/Page_HCMUS Log in to the site/button_Log in' is clicked on

2022-01-14 21:44:40 - [TEST_STEP][PASSED] - verifyElementVisible(findTestObject("Object Repository/Page_Dashboard/span_Student Waldrop")): Object 'Object Repository/Page_Dashboard/span_Student Waldrop' is visible

2022-01-14 21:44:42 - [MESSAGE][PASSED] - Object 'Object Repository/Page_Dashboard/span_Student Waldrop' is visible

2022-01-14 21:44:42 - [TEST_STEP][PASSED] - closeBrowser(): Browser is closed

2022-01-14 21:44:42 - [MESSAGE][PASSED] - Browser is closed]]></system-out>
         <system-err><![CDATA[]]></system-err>
      </testcase>
      <testcase name="Test Cases/7_tạo tài khoản user chính xác" time="21.835" classname="Test Cases/7_tạo tài khoản user chính xác" status="PASSED">
         <system-out><![CDATA[2022-01-14 21:44:42 - [TEST_CASE][PASSED] - Test Cases/7_tạo tài khoản user chính xác: Test Cases/7_tạo tài khoản user chính xác

2022-01-14 21:44:42 - [TEST_STEP][PASSED] - openBrowser(""): Browser is opened with url: ''

2022-01-14 21:44:42 - [MESSAGE][INFO] - Starting 'Chrome' driver

2022-01-14 21:44:42 - [MESSAGE][INFO] - Action delay is set to 0 milliseconds

2022-01-14 21:44:43 - [MESSAGE][PASSED] - Browser is opened with url: ''

2022-01-14 21:44:43 - [TEST_STEP][PASSED] - navigateToUrl("http://localhost/"): Navigate to 'http://localhost/' successfully

2022-01-14 21:44:44 - [MESSAGE][PASSED] - Navigate to 'http://localhost/' successfully

2022-01-14 21:44:44 - [TEST_STEP][PASSED] - click(findTestObject("Object Repository/Page_HCMUS/a_Log in")): Object: 'Object Repository/Page_HCMUS/a_Log in' is clicked on

2022-01-14 21:44:45 - [MESSAGE][PASSED] - Object: 'Object Repository/Page_HCMUS/a_Log in' is clicked on

2022-01-14 21:44:45 - [TEST_STEP][PASSED] - setText(findTestObject("Object Repository/Page_HCMUS Log in to the site/input_Username_username"), "admin"): Text 'admin' is set on object 'Object Repository/Page_HCMUS Log in to the site/input_Username_username'

2022-01-14 21:44:45 - [MESSAGE][PASSED] - Text 'admin' is set on object 'Object Repository/Page_HCMUS Log in to the site/input_Username_username'

2022-01-14 21:44:45 - [TEST_STEP][PASSED] - setEncryptedText(findTestObject("Object Repository/Page_HCMUS Log in to the site/input_Password_password"), "5MU2PI2jvJCK/lBTYOwt6g=="): Text ****** has been set on object 'Object Repository/Page_HCMUS Log in to the site/input_Password_password'

2022-01-14 21:44:46 - [MESSAGE][PASSED] - Text ****** has been set on object 'Object Repository/Page_HCMUS Log in to the site/input_Password_password'

2022-01-14 21:44:46 - [TEST_STEP][PASSED] - click(findTestObject("Object Repository/Page_HCMUS Log in to the site/button_Log in")): Object: 'Object Repository/Page_HCMUS Log in to the site/button_Log in' is clicked on

2022-01-14 21:44:47 - [MESSAGE][PASSED] - Object: 'Object Repository/Page_HCMUS Log in to the site/button_Log in' is clicked on

2022-01-14 21:44:47 - [TEST_STEP][PASSED] - click(findTestObject("Object Repository/Page_Dashboard/span_Site administration")): Object: 'Object Repository/Page_Dashboard/span_Site administration' is clicked on

2022-01-14 21:44:49 - [MESSAGE][PASSED] - Object: 'Object Repository/Page_Dashboard/span_Site administration' is clicked on

2022-01-14 21:44:49 - [TEST_STEP][PASSED] - click(findTestObject("Object Repository/Page_KHTN Administration Search/a_Users")): Object: 'Object Repository/Page_KHTN Administration Search/a_Users' is clicked on

2022-01-14 21:44:49 - [MESSAGE][PASSED] - Object: 'Object Repository/Page_KHTN Administration Search/a_Users' is clicked on

2022-01-14 21:44:49 - [TEST_STEP][PASSED] - click(findTestObject("Object Repository/Page_KHTN Administration Search/a_Add a new user")): Object: 'Object Repository/Page_KHTN Administration Search/a_Add a new user' is clicked on

2022-01-14 21:44:50 - [MESSAGE][PASSED] - Object: 'Object Repository/Page_KHTN Administration Search/a_Add a new user' is clicked on

2022-01-14 21:44:50 - [TEST_STEP][PASSED] - setText(findTestObject("Object Repository/Page_KHTN Administration Users Accounts Add_aad8ed/input_Username_username"), username): Text 'student8' is set on object 'Object Repository/Page_KHTN Administration Users Accounts Add_aad8ed/input_Username_username'

2022-01-14 21:44:52 - [MESSAGE][PASSED] - Text 'student8' is set on object 'Object Repository/Page_KHTN Administration Users Accounts Add_aad8ed/input_Username_username'

2022-01-14 21:44:52 - [TEST_STEP][PASSED] - click(findTestObject("Object Repository/Page_KHTN Administration Users Accounts Add_aad8ed/em_Click to enter text")): Object: 'Object Repository/Page_KHTN Administration Users Accounts Add_aad8ed/em_Click to enter text' is clicked on

2022-01-14 21:44:52 - [MESSAGE][PASSED] - Object: 'Object Repository/Page_KHTN Administration Users Accounts Add_aad8ed/em_Click to enter text' is clicked on

2022-01-14 21:44:52 - [TEST_STEP][PASSED] - setText(findTestObject("Object Repository/Page_KHTN Administration Users Accounts Add_aad8ed/input_New password_newpassword"), password): Text 'Mstudent8#' is set on object 'Object Repository/Page_KHTN Administration Users Accounts Add_aad8ed/input_New password_newpassword'

2022-01-14 21:44:53 - [MESSAGE][PASSED] - Text 'Mstudent8#' is set on object 'Object Repository/Page_KHTN Administration Users Accounts Add_aad8ed/input_New password_newpassword'

2022-01-14 21:44:53 - [TEST_STEP][PASSED] - setText(findTestObject("Object Repository/Page_KHTN Administration Users Accounts Add_aad8ed/input_First name_firstname"), firstname): Text 'Student' is set on object 'Object Repository/Page_KHTN Administration Users Accounts Add_aad8ed/input_First name_firstname'

2022-01-14 21:44:54 - [MESSAGE][PASSED] - Text 'Student' is set on object 'Object Repository/Page_KHTN Administration Users Accounts Add_aad8ed/input_First name_firstname'

2022-01-14 21:44:54 - [TEST_STEP][PASSED] - click(findTestObject("Object Repository/Page_KHTN Administration Users Accounts Add_aad8ed/div_Username                               _ccea4b")): Object: 'Object Repository/Page_KHTN Administration Users Accounts Add_aad8ed/div_Username                               _ccea4b' is clicked on

2022-01-14 21:44:54 - [MESSAGE][PASSED] - Object: 'Object Repository/Page_KHTN Administration Users Accounts Add_aad8ed/div_Username                               _ccea4b' is clicked on

2022-01-14 21:44:54 - [TEST_STEP][PASSED] - setText(findTestObject("Object Repository/Page_KHTN Administration Users Accounts Add_aad8ed/input_Surname_lastname"), lastname): Text 'Clifford' is set on object 'Object Repository/Page_KHTN Administration Users Accounts Add_aad8ed/input_Surname_lastname'

2022-01-14 21:44:55 - [MESSAGE][PASSED] - Text 'Clifford' is set on object 'Object Repository/Page_KHTN Administration Users Accounts Add_aad8ed/input_Surname_lastname'

2022-01-14 21:44:55 - [TEST_STEP][PASSED] - setText(findTestObject("Object Repository/Page_KHTN Administration Users Accounts Add_aad8ed/input_Email address_email"), email): Text 's8@example.com' is set on object 'Object Repository/Page_KHTN Administration Users Accounts Add_aad8ed/input_Email address_email'

2022-01-14 21:44:56 - [MESSAGE][PASSED] - Text 's8@example.com' is set on object 'Object Repository/Page_KHTN Administration Users Accounts Add_aad8ed/input_Email address_email'

2022-01-14 21:44:56 - [TEST_STEP][PASSED] - click(findTestObject("Object Repository/Page_KHTN Administration Users Accounts Add_aad8ed/input_Address_submitbutton")): Object: 'Object Repository/Page_KHTN Administration Users Accounts Add_aad8ed/input_Address_submitbutton' is clicked on

2022-01-14 21:44:57 - [MESSAGE][PASSED] - Object: 'Object Repository/Page_KHTN Administration Users Accounts Add_aad8ed/input_Address_submitbutton' is clicked on

2022-01-14 21:44:57 - [TEST_STEP][PASSED] - verifyElementVisible(findTestObject("Object Repository/Page_KHTN Administration Users Accounts Bro_45ce40/div_Changes saved")): Object 'Object Repository/Page_KHTN Administration Users Accounts Bro_45ce40/div_Changes saved' is visible

2022-01-14 21:44:58 - [MESSAGE][PASSED] - Object 'Object Repository/Page_KHTN Administration Users Accounts Bro_45ce40/div_Changes saved' is visible

2022-01-14 21:44:58 - [TEST_STEP][PASSED] - verifyElementVisible(findTestObject("Object Repository/Page_KHTN Administration Users Accounts Bro_45ce40/td_s1example.com")): Object 'Object Repository/Page_KHTN Administration Users Accounts Bro_45ce40/td_s1example.com' is visible

2022-01-14 21:44:58 - [MESSAGE][PASSED] - Object 'Object Repository/Page_KHTN Administration Users Accounts Bro_45ce40/td_s1example.com' is visible

2022-01-14 21:44:58 - [TEST_STEP][PASSED] - click(findTestObject("Object Repository/Page_KHTN Administration Users Accounts Bro_45ce40/a_Admin User")): Object: 'Object Repository/Page_KHTN Administration Users Accounts Bro_45ce40/a_Admin User' is clicked on

2022-01-14 21:44:58 - [MESSAGE][PASSED] - Object: 'Object Repository/Page_KHTN Administration Users Accounts Bro_45ce40/a_Admin User' is clicked on

2022-01-14 21:44:58 - [TEST_STEP][PASSED] - click(findTestObject("Object Repository/Page_KHTN Administration Users Accounts Bro_45ce40/span_Log out")): Object: 'Object Repository/Page_KHTN Administration Users Accounts Bro_45ce40/span_Log out' is clicked on

2022-01-14 21:44:59 - [MESSAGE][PASSED] - Object: 'Object Repository/Page_KHTN Administration Users Accounts Bro_45ce40/span_Log out' is clicked on

2022-01-14 21:44:59 - [TEST_STEP][PASSED] - click(findTestObject("Object Repository/Page_HCMUS/a_Log in")): Object: 'Object Repository/Page_HCMUS/a_Log in' is clicked on

2022-01-14 21:45:00 - [MESSAGE][PASSED] - Object: 'Object Repository/Page_HCMUS/a_Log in' is clicked on

2022-01-14 21:45:00 - [TEST_STEP][PASSED] - setText(findTestObject("Object Repository/Page_HCMUS Log in to the site/input_Username_username"), username): Text 'student8' is set on object 'Object Repository/Page_HCMUS Log in to the site/input_Username_username'

2022-01-14 21:45:01 - [MESSAGE][PASSED] - Text 'student8' is set on object 'Object Repository/Page_HCMUS Log in to the site/input_Username_username'

2022-01-14 21:45:01 - [TEST_STEP][PASSED] - setText(findTestObject("Object Repository/Page_HCMUS Log in to the site/input_Password_password"), password): Text 'Mstudent8#' is set on object 'Object Repository/Page_HCMUS Log in to the site/input_Password_password'

2022-01-14 21:45:01 - [MESSAGE][PASSED] - Text 'Mstudent8#' is set on object 'Object Repository/Page_HCMUS Log in to the site/input_Password_password'

2022-01-14 21:45:01 - [TEST_STEP][PASSED] - click(findTestObject("Object Repository/Page_HCMUS Log in to the site/button_Log in")): Object: 'Object Repository/Page_HCMUS Log in to the site/button_Log in' is clicked on

2022-01-14 21:45:02 - [MESSAGE][PASSED] - Object: 'Object Repository/Page_HCMUS Log in to the site/button_Log in' is clicked on

2022-01-14 21:45:02 - [TEST_STEP][PASSED] - verifyElementVisible(findTestObject("Object Repository/Page_Dashboard/span_Student Waldrop")): Object 'Object Repository/Page_Dashboard/span_Student Waldrop' is visible

2022-01-14 21:45:03 - [MESSAGE][PASSED] - Object 'Object Repository/Page_Dashboard/span_Student Waldrop' is visible

2022-01-14 21:45:03 - [TEST_STEP][PASSED] - closeBrowser(): Browser is closed

2022-01-14 21:45:04 - [MESSAGE][PASSED] - Browser is closed]]></system-out>
         <system-err><![CDATA[]]></system-err>
      </testcase>
      <testcase name="Test Cases/7_tạo tài khoản user chính xác" time="21.788" classname="Test Cases/7_tạo tài khoản user chính xác" status="PASSED">
         <system-out><![CDATA[2022-01-14 21:45:04 - [TEST_CASE][PASSED] - Test Cases/7_tạo tài khoản user chính xác: Test Cases/7_tạo tài khoản user chính xác

2022-01-14 21:45:04 - [TEST_STEP][PASSED] - openBrowser(""): Browser is opened with url: ''

2022-01-14 21:45:04 - [MESSAGE][INFO] - Starting 'Chrome' driver

2022-01-14 21:45:04 - [MESSAGE][INFO] - Action delay is set to 0 milliseconds

2022-01-14 21:45:05 - [MESSAGE][PASSED] - Browser is opened with url: ''

2022-01-14 21:45:05 - [TEST_STEP][PASSED] - navigateToUrl("http://localhost/"): Navigate to 'http://localhost/' successfully

2022-01-14 21:45:06 - [MESSAGE][PASSED] - Navigate to 'http://localhost/' successfully

2022-01-14 21:45:06 - [TEST_STEP][PASSED] - click(findTestObject("Object Repository/Page_HCMUS/a_Log in")): Object: 'Object Repository/Page_HCMUS/a_Log in' is clicked on

2022-01-14 21:45:06 - [MESSAGE][PASSED] - Object: 'Object Repository/Page_HCMUS/a_Log in' is clicked on

2022-01-14 21:45:06 - [TEST_STEP][PASSED] - setText(findTestObject("Object Repository/Page_HCMUS Log in to the site/input_Username_username"), "admin"): Text 'admin' is set on object 'Object Repository/Page_HCMUS Log in to the site/input_Username_username'

2022-01-14 21:45:07 - [MESSAGE][PASSED] - Text 'admin' is set on object 'Object Repository/Page_HCMUS Log in to the site/input_Username_username'

2022-01-14 21:45:07 - [TEST_STEP][PASSED] - setEncryptedText(findTestObject("Object Repository/Page_HCMUS Log in to the site/input_Password_password"), "5MU2PI2jvJCK/lBTYOwt6g=="): Text ****** has been set on object 'Object Repository/Page_HCMUS Log in to the site/input_Password_password'

2022-01-14 21:45:08 - [MESSAGE][PASSED] - Text ****** has been set on object 'Object Repository/Page_HCMUS Log in to the site/input_Password_password'

2022-01-14 21:45:08 - [TEST_STEP][PASSED] - click(findTestObject("Object Repository/Page_HCMUS Log in to the site/button_Log in")): Object: 'Object Repository/Page_HCMUS Log in to the site/button_Log in' is clicked on

2022-01-14 21:45:09 - [MESSAGE][PASSED] - Object: 'Object Repository/Page_HCMUS Log in to the site/button_Log in' is clicked on

2022-01-14 21:45:09 - [TEST_STEP][PASSED] - click(findTestObject("Object Repository/Page_Dashboard/span_Site administration")): Object: 'Object Repository/Page_Dashboard/span_Site administration' is clicked on

2022-01-14 21:45:11 - [MESSAGE][PASSED] - Object: 'Object Repository/Page_Dashboard/span_Site administration' is clicked on

2022-01-14 21:45:11 - [TEST_STEP][PASSED] - click(findTestObject("Object Repository/Page_KHTN Administration Search/a_Users")): Object: 'Object Repository/Page_KHTN Administration Search/a_Users' is clicked on

2022-01-14 21:45:11 - [MESSAGE][PASSED] - Object: 'Object Repository/Page_KHTN Administration Search/a_Users' is clicked on

2022-01-14 21:45:11 - [TEST_STEP][PASSED] - click(findTestObject("Object Repository/Page_KHTN Administration Search/a_Add a new user")): Object: 'Object Repository/Page_KHTN Administration Search/a_Add a new user' is clicked on

2022-01-14 21:45:12 - [MESSAGE][PASSED] - Object: 'Object Repository/Page_KHTN Administration Search/a_Add a new user' is clicked on

2022-01-14 21:45:12 - [TEST_STEP][PASSED] - setText(findTestObject("Object Repository/Page_KHTN Administration Users Accounts Add_aad8ed/input_Username_username"), username): Text 'student9' is set on object 'Object Repository/Page_KHTN Administration Users Accounts Add_aad8ed/input_Username_username'

2022-01-14 21:45:14 - [MESSAGE][PASSED] - Text 'student9' is set on object 'Object Repository/Page_KHTN Administration Users Accounts Add_aad8ed/input_Username_username'

2022-01-14 21:45:14 - [TEST_STEP][PASSED] - click(findTestObject("Object Repository/Page_KHTN Administration Users Accounts Add_aad8ed/em_Click to enter text")): Object: 'Object Repository/Page_KHTN Administration Users Accounts Add_aad8ed/em_Click to enter text' is clicked on

2022-01-14 21:45:14 - [MESSAGE][PASSED] - Object: 'Object Repository/Page_KHTN Administration Users Accounts Add_aad8ed/em_Click to enter text' is clicked on

2022-01-14 21:45:14 - [TEST_STEP][PASSED] - setText(findTestObject("Object Repository/Page_KHTN Administration Users Accounts Add_aad8ed/input_New password_newpassword"), password): Text 'Mstudent9#' is set on object 'Object Repository/Page_KHTN Administration Users Accounts Add_aad8ed/input_New password_newpassword'

2022-01-14 21:45:15 - [MESSAGE][PASSED] - Text 'Mstudent9#' is set on object 'Object Repository/Page_KHTN Administration Users Accounts Add_aad8ed/input_New password_newpassword'

2022-01-14 21:45:15 - [TEST_STEP][PASSED] - setText(findTestObject("Object Repository/Page_KHTN Administration Users Accounts Add_aad8ed/input_First name_firstname"), firstname): Text 'Student' is set on object 'Object Repository/Page_KHTN Administration Users Accounts Add_aad8ed/input_First name_firstname'

2022-01-14 21:45:16 - [MESSAGE][PASSED] - Text 'Student' is set on object 'Object Repository/Page_KHTN Administration Users Accounts Add_aad8ed/input_First name_firstname'

2022-01-14 21:45:16 - [TEST_STEP][PASSED] - click(findTestObject("Object Repository/Page_KHTN Administration Users Accounts Add_aad8ed/div_Username                               _ccea4b")): Object: 'Object Repository/Page_KHTN Administration Users Accounts Add_aad8ed/div_Username                               _ccea4b' is clicked on

2022-01-14 21:45:16 - [MESSAGE][PASSED] - Object: 'Object Repository/Page_KHTN Administration Users Accounts Add_aad8ed/div_Username                               _ccea4b' is clicked on

2022-01-14 21:45:16 - [TEST_STEP][PASSED] - setText(findTestObject("Object Repository/Page_KHTN Administration Users Accounts Add_aad8ed/input_Surname_lastname"), lastname): Text 'Branch' is set on object 'Object Repository/Page_KHTN Administration Users Accounts Add_aad8ed/input_Surname_lastname'

2022-01-14 21:45:17 - [MESSAGE][PASSED] - Text 'Branch' is set on object 'Object Repository/Page_KHTN Administration Users Accounts Add_aad8ed/input_Surname_lastname'

2022-01-14 21:45:17 - [TEST_STEP][PASSED] - setText(findTestObject("Object Repository/Page_KHTN Administration Users Accounts Add_aad8ed/input_Email address_email"), email): Text 's9@example.com' is set on object 'Object Repository/Page_KHTN Administration Users Accounts Add_aad8ed/input_Email address_email'

2022-01-14 21:45:17 - [MESSAGE][PASSED] - Text 's9@example.com' is set on object 'Object Repository/Page_KHTN Administration Users Accounts Add_aad8ed/input_Email address_email'

2022-01-14 21:45:17 - [TEST_STEP][PASSED] - click(findTestObject("Object Repository/Page_KHTN Administration Users Accounts Add_aad8ed/input_Address_submitbutton")): Object: 'Object Repository/Page_KHTN Administration Users Accounts Add_aad8ed/input_Address_submitbutton' is clicked on

2022-01-14 21:45:19 - [MESSAGE][PASSED] - Object: 'Object Repository/Page_KHTN Administration Users Accounts Add_aad8ed/input_Address_submitbutton' is clicked on

2022-01-14 21:45:19 - [TEST_STEP][PASSED] - verifyElementVisible(findTestObject("Object Repository/Page_KHTN Administration Users Accounts Bro_45ce40/div_Changes saved")): Object 'Object Repository/Page_KHTN Administration Users Accounts Bro_45ce40/div_Changes saved' is visible

2022-01-14 21:45:20 - [MESSAGE][PASSED] - Object 'Object Repository/Page_KHTN Administration Users Accounts Bro_45ce40/div_Changes saved' is visible

2022-01-14 21:45:20 - [TEST_STEP][PASSED] - verifyElementVisible(findTestObject("Object Repository/Page_KHTN Administration Users Accounts Bro_45ce40/td_s1example.com")): Object 'Object Repository/Page_KHTN Administration Users Accounts Bro_45ce40/td_s1example.com' is visible

2022-01-14 21:45:20 - [MESSAGE][PASSED] - Object 'Object Repository/Page_KHTN Administration Users Accounts Bro_45ce40/td_s1example.com' is visible

2022-01-14 21:45:20 - [TEST_STEP][PASSED] - click(findTestObject("Object Repository/Page_KHTN Administration Users Accounts Bro_45ce40/a_Admin User")): Object: 'Object Repository/Page_KHTN Administration Users Accounts Bro_45ce40/a_Admin User' is clicked on

2022-01-14 21:45:20 - [MESSAGE][PASSED] - Object: 'Object Repository/Page_KHTN Administration Users Accounts Bro_45ce40/a_Admin User' is clicked on

2022-01-14 21:45:20 - [TEST_STEP][PASSED] - click(findTestObject("Object Repository/Page_KHTN Administration Users Accounts Bro_45ce40/span_Log out")): Object: 'Object Repository/Page_KHTN Administration Users Accounts Bro_45ce40/span_Log out' is clicked on

2022-01-14 21:45:21 - [MESSAGE][PASSED] - Object: 'Object Repository/Page_KHTN Administration Users Accounts Bro_45ce40/span_Log out' is clicked on

2022-01-14 21:45:21 - [TEST_STEP][PASSED] - click(findTestObject("Object Repository/Page_HCMUS/a_Log in")): Object: 'Object Repository/Page_HCMUS/a_Log in' is clicked on

2022-01-14 21:45:22 - [MESSAGE][PASSED] - Object: 'Object Repository/Page_HCMUS/a_Log in' is clicked on

2022-01-14 21:45:22 - [TEST_STEP][PASSED] - setText(findTestObject("Object Repository/Page_HCMUS Log in to the site/input_Username_username"), username): Text 'student9' is set on object 'Object Repository/Page_HCMUS Log in to the site/input_Username_username'

2022-01-14 21:45:22 - [MESSAGE][PASSED] - Text 'student9' is set on object 'Object Repository/Page_HCMUS Log in to the site/input_Username_username'

2022-01-14 21:45:22 - [TEST_STEP][PASSED] - setText(findTestObject("Object Repository/Page_HCMUS Log in to the site/input_Password_password"), password): Text 'Mstudent9#' is set on object 'Object Repository/Page_HCMUS Log in to the site/input_Password_password'

2022-01-14 21:45:23 - [MESSAGE][PASSED] - Text 'Mstudent9#' is set on object 'Object Repository/Page_HCMUS Log in to the site/input_Password_password'

2022-01-14 21:45:23 - [TEST_STEP][PASSED] - click(findTestObject("Object Repository/Page_HCMUS Log in to the site/button_Log in")): Object: 'Object Repository/Page_HCMUS Log in to the site/button_Log in' is clicked on

2022-01-14 21:45:24 - [MESSAGE][PASSED] - Object: 'Object Repository/Page_HCMUS Log in to the site/button_Log in' is clicked on

2022-01-14 21:45:24 - [TEST_STEP][PASSED] - verifyElementVisible(findTestObject("Object Repository/Page_Dashboard/span_Student Waldrop")): Object 'Object Repository/Page_Dashboard/span_Student Waldrop' is visible

2022-01-14 21:45:25 - [MESSAGE][PASSED] - Object 'Object Repository/Page_Dashboard/span_Student Waldrop' is visible

2022-01-14 21:45:25 - [TEST_STEP][PASSED] - closeBrowser(): Browser is closed

2022-01-14 21:45:26 - [MESSAGE][PASSED] - Browser is closed]]></system-out>
         <system-err><![CDATA[]]></system-err>
      </testcase>
      <testcase name="Test Cases/7_tạo tài khoản user chính xác" time="22.456" classname="Test Cases/7_tạo tài khoản user chính xác" status="PASSED">
         <system-out><![CDATA[2022-01-14 21:45:26 - [TEST_CASE][PASSED] - Test Cases/7_tạo tài khoản user chính xác: Test Cases/7_tạo tài khoản user chính xác

2022-01-14 21:45:26 - [TEST_STEP][PASSED] - openBrowser(""): Browser is opened with url: ''

2022-01-14 21:45:26 - [MESSAGE][INFO] - Starting 'Chrome' driver

2022-01-14 21:45:26 - [MESSAGE][INFO] - Action delay is set to 0 milliseconds

2022-01-14 21:45:27 - [MESSAGE][PASSED] - Browser is opened with url: ''

2022-01-14 21:45:27 - [TEST_STEP][PASSED] - navigateToUrl("http://localhost/"): Navigate to 'http://localhost/' successfully

2022-01-14 21:45:28 - [MESSAGE][PASSED] - Navigate to 'http://localhost/' successfully

2022-01-14 21:45:28 - [TEST_STEP][PASSED] - click(findTestObject("Object Repository/Page_HCMUS/a_Log in")): Object: 'Object Repository/Page_HCMUS/a_Log in' is clicked on

2022-01-14 21:45:28 - [MESSAGE][PASSED] - Object: 'Object Repository/Page_HCMUS/a_Log in' is clicked on

2022-01-14 21:45:28 - [TEST_STEP][PASSED] - setText(findTestObject("Object Repository/Page_HCMUS Log in to the site/input_Username_username"), "admin"): Text 'admin' is set on object 'Object Repository/Page_HCMUS Log in to the site/input_Username_username'

2022-01-14 21:45:29 - [MESSAGE][PASSED] - Text 'admin' is set on object 'Object Repository/Page_HCMUS Log in to the site/input_Username_username'

2022-01-14 21:45:29 - [TEST_STEP][PASSED] - setEncryptedText(findTestObject("Object Repository/Page_HCMUS Log in to the site/input_Password_password"), "5MU2PI2jvJCK/lBTYOwt6g=="): Text ****** has been set on object 'Object Repository/Page_HCMUS Log in to the site/input_Password_password'

2022-01-14 21:45:30 - [MESSAGE][PASSED] - Text ****** has been set on object 'Object Repository/Page_HCMUS Log in to the site/input_Password_password'

2022-01-14 21:45:30 - [TEST_STEP][PASSED] - click(findTestObject("Object Repository/Page_HCMUS Log in to the site/button_Log in")): Object: 'Object Repository/Page_HCMUS Log in to the site/button_Log in' is clicked on

2022-01-14 21:45:31 - [MESSAGE][PASSED] - Object: 'Object Repository/Page_HCMUS Log in to the site/button_Log in' is clicked on

2022-01-14 21:45:31 - [TEST_STEP][PASSED] - click(findTestObject("Object Repository/Page_Dashboard/span_Site administration")): Object: 'Object Repository/Page_Dashboard/span_Site administration' is clicked on

2022-01-14 21:45:33 - [MESSAGE][PASSED] - Object: 'Object Repository/Page_Dashboard/span_Site administration' is clicked on

2022-01-14 21:45:33 - [TEST_STEP][PASSED] - click(findTestObject("Object Repository/Page_KHTN Administration Search/a_Users")): Object: 'Object Repository/Page_KHTN Administration Search/a_Users' is clicked on

2022-01-14 21:45:33 - [MESSAGE][PASSED] - Object: 'Object Repository/Page_KHTN Administration Search/a_Users' is clicked on

2022-01-14 21:45:33 - [TEST_STEP][PASSED] - click(findTestObject("Object Repository/Page_KHTN Administration Search/a_Add a new user")): Object: 'Object Repository/Page_KHTN Administration Search/a_Add a new user' is clicked on

2022-01-14 21:45:35 - [MESSAGE][PASSED] - Object: 'Object Repository/Page_KHTN Administration Search/a_Add a new user' is clicked on

2022-01-14 21:45:35 - [TEST_STEP][PASSED] - setText(findTestObject("Object Repository/Page_KHTN Administration Users Accounts Add_aad8ed/input_Username_username"), username): Text 'student10' is set on object 'Object Repository/Page_KHTN Administration Users Accounts Add_aad8ed/input_Username_username'

2022-01-14 21:45:36 - [MESSAGE][PASSED] - Text 'student10' is set on object 'Object Repository/Page_KHTN Administration Users Accounts Add_aad8ed/input_Username_username'

2022-01-14 21:45:36 - [TEST_STEP][PASSED] - click(findTestObject("Object Repository/Page_KHTN Administration Users Accounts Add_aad8ed/em_Click to enter text")): Object: 'Object Repository/Page_KHTN Administration Users Accounts Add_aad8ed/em_Click to enter text' is clicked on

2022-01-14 21:45:36 - [MESSAGE][PASSED] - Object: 'Object Repository/Page_KHTN Administration Users Accounts Add_aad8ed/em_Click to enter text' is clicked on

2022-01-14 21:45:36 - [TEST_STEP][PASSED] - setText(findTestObject("Object Repository/Page_KHTN Administration Users Accounts Add_aad8ed/input_New password_newpassword"), password): Text 'Mstudent10#' is set on object 'Object Repository/Page_KHTN Administration Users Accounts Add_aad8ed/input_New password_newpassword'

2022-01-14 21:45:37 - [MESSAGE][PASSED] - Text 'Mstudent10#' is set on object 'Object Repository/Page_KHTN Administration Users Accounts Add_aad8ed/input_New password_newpassword'

2022-01-14 21:45:37 - [TEST_STEP][PASSED] - setText(findTestObject("Object Repository/Page_KHTN Administration Users Accounts Add_aad8ed/input_First name_firstname"), firstname): Text 'Student' is set on object 'Object Repository/Page_KHTN Administration Users Accounts Add_aad8ed/input_First name_firstname'

2022-01-14 21:45:38 - [MESSAGE][PASSED] - Text 'Student' is set on object 'Object Repository/Page_KHTN Administration Users Accounts Add_aad8ed/input_First name_firstname'

2022-01-14 21:45:38 - [TEST_STEP][PASSED] - click(findTestObject("Object Repository/Page_KHTN Administration Users Accounts Add_aad8ed/div_Username                               _ccea4b")): Object: 'Object Repository/Page_KHTN Administration Users Accounts Add_aad8ed/div_Username                               _ccea4b' is clicked on

2022-01-14 21:45:39 - [MESSAGE][PASSED] - Object: 'Object Repository/Page_KHTN Administration Users Accounts Add_aad8ed/div_Username                               _ccea4b' is clicked on

2022-01-14 21:45:39 - [TEST_STEP][PASSED] - setText(findTestObject("Object Repository/Page_KHTN Administration Users Accounts Add_aad8ed/input_Surname_lastname"), lastname): Text 'Kessler' is set on object 'Object Repository/Page_KHTN Administration Users Accounts Add_aad8ed/input_Surname_lastname'

2022-01-14 21:45:39 - [MESSAGE][PASSED] - Text 'Kessler' is set on object 'Object Repository/Page_KHTN Administration Users Accounts Add_aad8ed/input_Surname_lastname'

2022-01-14 21:45:39 - [TEST_STEP][PASSED] - setText(findTestObject("Object Repository/Page_KHTN Administration Users Accounts Add_aad8ed/input_Email address_email"), email): Text 's10@example.com' is set on object 'Object Repository/Page_KHTN Administration Users Accounts Add_aad8ed/input_Email address_email'

2022-01-14 21:45:40 - [MESSAGE][PASSED] - Text 's10@example.com' is set on object 'Object Repository/Page_KHTN Administration Users Accounts Add_aad8ed/input_Email address_email'

2022-01-14 21:45:40 - [TEST_STEP][PASSED] - click(findTestObject("Object Repository/Page_KHTN Administration Users Accounts Add_aad8ed/input_Address_submitbutton")): Object: 'Object Repository/Page_KHTN Administration Users Accounts Add_aad8ed/input_Address_submitbutton' is clicked on

2022-01-14 21:45:42 - [MESSAGE][PASSED] - Object: 'Object Repository/Page_KHTN Administration Users Accounts Add_aad8ed/input_Address_submitbutton' is clicked on

2022-01-14 21:45:42 - [TEST_STEP][PASSED] - verifyElementVisible(findTestObject("Object Repository/Page_KHTN Administration Users Accounts Bro_45ce40/div_Changes saved")): Object 'Object Repository/Page_KHTN Administration Users Accounts Bro_45ce40/div_Changes saved' is visible

2022-01-14 21:45:42 - [MESSAGE][PASSED] - Object 'Object Repository/Page_KHTN Administration Users Accounts Bro_45ce40/div_Changes saved' is visible

2022-01-14 21:45:42 - [TEST_STEP][PASSED] - verifyElementVisible(findTestObject("Object Repository/Page_KHTN Administration Users Accounts Bro_45ce40/td_s1example.com")): Object 'Object Repository/Page_KHTN Administration Users Accounts Bro_45ce40/td_s1example.com' is visible

2022-01-14 21:45:42 - [MESSAGE][PASSED] - Object 'Object Repository/Page_KHTN Administration Users Accounts Bro_45ce40/td_s1example.com' is visible

2022-01-14 21:45:42 - [TEST_STEP][PASSED] - click(findTestObject("Object Repository/Page_KHTN Administration Users Accounts Bro_45ce40/a_Admin User")): Object: 'Object Repository/Page_KHTN Administration Users Accounts Bro_45ce40/a_Admin User' is clicked on

2022-01-14 21:45:43 - [MESSAGE][PASSED] - Object: 'Object Repository/Page_KHTN Administration Users Accounts Bro_45ce40/a_Admin User' is clicked on

2022-01-14 21:45:43 - [TEST_STEP][PASSED] - click(findTestObject("Object Repository/Page_KHTN Administration Users Accounts Bro_45ce40/span_Log out")): Object: 'Object Repository/Page_KHTN Administration Users Accounts Bro_45ce40/span_Log out' is clicked on

2022-01-14 21:45:44 - [MESSAGE][PASSED] - Object: 'Object Repository/Page_KHTN Administration Users Accounts Bro_45ce40/span_Log out' is clicked on

2022-01-14 21:45:44 - [TEST_STEP][PASSED] - click(findTestObject("Object Repository/Page_HCMUS/a_Log in")): Object: 'Object Repository/Page_HCMUS/a_Log in' is clicked on

2022-01-14 21:45:44 - [MESSAGE][PASSED] - Object: 'Object Repository/Page_HCMUS/a_Log in' is clicked on

2022-01-14 21:45:44 - [TEST_STEP][PASSED] - setText(findTestObject("Object Repository/Page_HCMUS Log in to the site/input_Username_username"), username): Text 'student10' is set on object 'Object Repository/Page_HCMUS Log in to the site/input_Username_username'

2022-01-14 21:45:45 - [MESSAGE][PASSED] - Text 'student10' is set on object 'Object Repository/Page_HCMUS Log in to the site/input_Username_username'

2022-01-14 21:45:45 - [TEST_STEP][PASSED] - setText(findTestObject("Object Repository/Page_HCMUS Log in to the site/input_Password_password"), password): Text 'Mstudent10#' is set on object 'Object Repository/Page_HCMUS Log in to the site/input_Password_password'

2022-01-14 21:45:46 - [MESSAGE][PASSED] - Text 'Mstudent10#' is set on object 'Object Repository/Page_HCMUS Log in to the site/input_Password_password'

2022-01-14 21:45:46 - [TEST_STEP][PASSED] - click(findTestObject("Object Repository/Page_HCMUS Log in to the site/button_Log in")): Object: 'Object Repository/Page_HCMUS Log in to the site/button_Log in' is clicked on

2022-01-14 21:45:46 - [MESSAGE][PASSED] - Object: 'Object Repository/Page_HCMUS Log in to the site/button_Log in' is clicked on

2022-01-14 21:45:46 - [TEST_STEP][PASSED] - verifyElementVisible(findTestObject("Object Repository/Page_Dashboard/span_Student Waldrop")): Object 'Object Repository/Page_Dashboard/span_Student Waldrop' is visible

2022-01-14 21:45:48 - [MESSAGE][PASSED] - Object 'Object Repository/Page_Dashboard/span_Student Waldrop' is visible

2022-01-14 21:45:48 - [TEST_STEP][PASSED] - closeBrowser(): Browser is closed

2022-01-14 21:45:48 - [MESSAGE][PASSED] - Browser is closed]]></system-out>
         <system-err><![CDATA[]]></system-err>
      </testcase>
      <testcase name="Test Cases/7_tạo tài khoản user chính xác" time="21.919" classname="Test Cases/7_tạo tài khoản user chính xác" status="PASSED">
         <system-out><![CDATA[2022-01-14 21:45:49 - [TEST_CASE][PASSED] - Test Cases/7_tạo tài khoản user chính xác: Test Cases/7_tạo tài khoản user chính xác

2022-01-14 21:45:49 - [TEST_STEP][PASSED] - openBrowser(""): Browser is opened with url: ''

2022-01-14 21:45:49 - [MESSAGE][INFO] - Starting 'Chrome' driver

2022-01-14 21:45:49 - [MESSAGE][INFO] - Action delay is set to 0 milliseconds

2022-01-14 21:45:50 - [MESSAGE][PASSED] - Browser is opened with url: ''

2022-01-14 21:45:50 - [TEST_STEP][PASSED] - navigateToUrl("http://localhost/"): Navigate to 'http://localhost/' successfully

2022-01-14 21:45:50 - [MESSAGE][PASSED] - Navigate to 'http://localhost/' successfully

2022-01-14 21:45:50 - [TEST_STEP][PASSED] - click(findTestObject("Object Repository/Page_HCMUS/a_Log in")): Object: 'Object Repository/Page_HCMUS/a_Log in' is clicked on

2022-01-14 21:45:51 - [MESSAGE][PASSED] - Object: 'Object Repository/Page_HCMUS/a_Log in' is clicked on

2022-01-14 21:45:51 - [TEST_STEP][PASSED] - setText(findTestObject("Object Repository/Page_HCMUS Log in to the site/input_Username_username"), "admin"): Text 'admin' is set on object 'Object Repository/Page_HCMUS Log in to the site/input_Username_username'

2022-01-14 21:45:52 - [MESSAGE][PASSED] - Text 'admin' is set on object 'Object Repository/Page_HCMUS Log in to the site/input_Username_username'

2022-01-14 21:45:52 - [TEST_STEP][PASSED] - setEncryptedText(findTestObject("Object Repository/Page_HCMUS Log in to the site/input_Password_password"), "5MU2PI2jvJCK/lBTYOwt6g=="): Text ****** has been set on object 'Object Repository/Page_HCMUS Log in to the site/input_Password_password'

2022-01-14 21:45:52 - [MESSAGE][PASSED] - Text ****** has been set on object 'Object Repository/Page_HCMUS Log in to the site/input_Password_password'

2022-01-14 21:45:52 - [TEST_STEP][PASSED] - click(findTestObject("Object Repository/Page_HCMUS Log in to the site/button_Log in")): Object: 'Object Repository/Page_HCMUS Log in to the site/button_Log in' is clicked on

2022-01-14 21:45:53 - [MESSAGE][PASSED] - Object: 'Object Repository/Page_HCMUS Log in to the site/button_Log in' is clicked on

2022-01-14 21:45:53 - [TEST_STEP][PASSED] - click(findTestObject("Object Repository/Page_Dashboard/span_Site administration")): Object: 'Object Repository/Page_Dashboard/span_Site administration' is clicked on

2022-01-14 21:45:55 - [MESSAGE][PASSED] - Object: 'Object Repository/Page_Dashboard/span_Site administration' is clicked on

2022-01-14 21:45:55 - [TEST_STEP][PASSED] - click(findTestObject("Object Repository/Page_KHTN Administration Search/a_Users")): Object: 'Object Repository/Page_KHTN Administration Search/a_Users' is clicked on

2022-01-14 21:45:55 - [MESSAGE][PASSED] - Object: 'Object Repository/Page_KHTN Administration Search/a_Users' is clicked on

2022-01-14 21:45:55 - [TEST_STEP][PASSED] - click(findTestObject("Object Repository/Page_KHTN Administration Search/a_Add a new user")): Object: 'Object Repository/Page_KHTN Administration Search/a_Add a new user' is clicked on

2022-01-14 21:45:57 - [MESSAGE][PASSED] - Object: 'Object Repository/Page_KHTN Administration Search/a_Add a new user' is clicked on

2022-01-14 21:45:57 - [TEST_STEP][PASSED] - setText(findTestObject("Object Repository/Page_KHTN Administration Users Accounts Add_aad8ed/input_Username_username"), username): Text 'teacher1' is set on object 'Object Repository/Page_KHTN Administration Users Accounts Add_aad8ed/input_Username_username'

2022-01-14 21:45:58 - [MESSAGE][PASSED] - Text 'teacher1' is set on object 'Object Repository/Page_KHTN Administration Users Accounts Add_aad8ed/input_Username_username'

2022-01-14 21:45:58 - [TEST_STEP][PASSED] - click(findTestObject("Object Repository/Page_KHTN Administration Users Accounts Add_aad8ed/em_Click to enter text")): Object: 'Object Repository/Page_KHTN Administration Users Accounts Add_aad8ed/em_Click to enter text' is clicked on

2022-01-14 21:45:58 - [MESSAGE][PASSED] - Object: 'Object Repository/Page_KHTN Administration Users Accounts Add_aad8ed/em_Click to enter text' is clicked on

2022-01-14 21:45:58 - [TEST_STEP][PASSED] - setText(findTestObject("Object Repository/Page_KHTN Administration Users Accounts Add_aad8ed/input_New password_newpassword"), password): Text 'Mteacher1#' is set on object 'Object Repository/Page_KHTN Administration Users Accounts Add_aad8ed/input_New password_newpassword'

2022-01-14 21:45:59 - [MESSAGE][PASSED] - Text 'Mteacher1#' is set on object 'Object Repository/Page_KHTN Administration Users Accounts Add_aad8ed/input_New password_newpassword'

2022-01-14 21:45:59 - [TEST_STEP][PASSED] - setText(findTestObject("Object Repository/Page_KHTN Administration Users Accounts Add_aad8ed/input_First name_firstname"), firstname): Text 'Teacher' is set on object 'Object Repository/Page_KHTN Administration Users Accounts Add_aad8ed/input_First name_firstname'

2022-01-14 21:46:00 - [MESSAGE][PASSED] - Text 'Teacher' is set on object 'Object Repository/Page_KHTN Administration Users Accounts Add_aad8ed/input_First name_firstname'

2022-01-14 21:46:00 - [TEST_STEP][PASSED] - click(findTestObject("Object Repository/Page_KHTN Administration Users Accounts Add_aad8ed/div_Username                               _ccea4b")): Object: 'Object Repository/Page_KHTN Administration Users Accounts Add_aad8ed/div_Username                               _ccea4b' is clicked on

2022-01-14 21:46:01 - [MESSAGE][PASSED] - Object: 'Object Repository/Page_KHTN Administration Users Accounts Add_aad8ed/div_Username                               _ccea4b' is clicked on

2022-01-14 21:46:01 - [TEST_STEP][PASSED] - setText(findTestObject("Object Repository/Page_KHTN Administration Users Accounts Add_aad8ed/input_Surname_lastname"), lastname): Text 'Hubbard' is set on object 'Object Repository/Page_KHTN Administration Users Accounts Add_aad8ed/input_Surname_lastname'

2022-01-14 21:46:01 - [MESSAGE][PASSED] - Text 'Hubbard' is set on object 'Object Repository/Page_KHTN Administration Users Accounts Add_aad8ed/input_Surname_lastname'

2022-01-14 21:46:01 - [TEST_STEP][PASSED] - setText(findTestObject("Object Repository/Page_KHTN Administration Users Accounts Add_aad8ed/input_Email address_email"), email): Text 't1@example.com' is set on object 'Object Repository/Page_KHTN Administration Users Accounts Add_aad8ed/input_Email address_email'

2022-01-14 21:46:02 - [MESSAGE][PASSED] - Text 't1@example.com' is set on object 'Object Repository/Page_KHTN Administration Users Accounts Add_aad8ed/input_Email address_email'

2022-01-14 21:46:02 - [TEST_STEP][PASSED] - click(findTestObject("Object Repository/Page_KHTN Administration Users Accounts Add_aad8ed/input_Address_submitbutton")): Object: 'Object Repository/Page_KHTN Administration Users Accounts Add_aad8ed/input_Address_submitbutton' is clicked on

2022-01-14 21:46:04 - [MESSAGE][PASSED] - Object: 'Object Repository/Page_KHTN Administration Users Accounts Add_aad8ed/input_Address_submitbutton' is clicked on

2022-01-14 21:46:04 - [TEST_STEP][PASSED] - verifyElementVisible(findTestObject("Object Repository/Page_KHTN Administration Users Accounts Bro_45ce40/div_Changes saved")): Object 'Object Repository/Page_KHTN Administration Users Accounts Bro_45ce40/div_Changes saved' is visible

2022-01-14 21:46:04 - [MESSAGE][PASSED] - Object 'Object Repository/Page_KHTN Administration Users Accounts Bro_45ce40/div_Changes saved' is visible

2022-01-14 21:46:04 - [TEST_STEP][PASSED] - verifyElementVisible(findTestObject("Object Repository/Page_KHTN Administration Users Accounts Bro_45ce40/td_s1example.com")): Object 'Object Repository/Page_KHTN Administration Users Accounts Bro_45ce40/td_s1example.com' is visible

2022-01-14 21:46:04 - [MESSAGE][PASSED] - Object 'Object Repository/Page_KHTN Administration Users Accounts Bro_45ce40/td_s1example.com' is visible

2022-01-14 21:46:04 - [TEST_STEP][PASSED] - click(findTestObject("Object Repository/Page_KHTN Administration Users Accounts Bro_45ce40/a_Admin User")): Object: 'Object Repository/Page_KHTN Administration Users Accounts Bro_45ce40/a_Admin User' is clicked on

2022-01-14 21:46:05 - [MESSAGE][PASSED] - Object: 'Object Repository/Page_KHTN Administration Users Accounts Bro_45ce40/a_Admin User' is clicked on

2022-01-14 21:46:05 - [TEST_STEP][PASSED] - click(findTestObject("Object Repository/Page_KHTN Administration Users Accounts Bro_45ce40/span_Log out")): Object: 'Object Repository/Page_KHTN Administration Users Accounts Bro_45ce40/span_Log out' is clicked on

2022-01-14 21:46:06 - [MESSAGE][PASSED] - Object: 'Object Repository/Page_KHTN Administration Users Accounts Bro_45ce40/span_Log out' is clicked on

2022-01-14 21:46:06 - [TEST_STEP][PASSED] - click(findTestObject("Object Repository/Page_HCMUS/a_Log in")): Object: 'Object Repository/Page_HCMUS/a_Log in' is clicked on

2022-01-14 21:46:06 - [MESSAGE][PASSED] - Object: 'Object Repository/Page_HCMUS/a_Log in' is clicked on

2022-01-14 21:46:06 - [TEST_STEP][PASSED] - setText(findTestObject("Object Repository/Page_HCMUS Log in to the site/input_Username_username"), username): Text 'teacher1' is set on object 'Object Repository/Page_HCMUS Log in to the site/input_Username_username'

2022-01-14 21:46:07 - [MESSAGE][PASSED] - Text 'teacher1' is set on object 'Object Repository/Page_HCMUS Log in to the site/input_Username_username'

2022-01-14 21:46:07 - [TEST_STEP][PASSED] - setText(findTestObject("Object Repository/Page_HCMUS Log in to the site/input_Password_password"), password): Text 'Mteacher1#' is set on object 'Object Repository/Page_HCMUS Log in to the site/input_Password_password'

2022-01-14 21:46:08 - [MESSAGE][PASSED] - Text 'Mteacher1#' is set on object 'Object Repository/Page_HCMUS Log in to the site/input_Password_password'

2022-01-14 21:46:08 - [TEST_STEP][PASSED] - click(findTestObject("Object Repository/Page_HCMUS Log in to the site/button_Log in")): Object: 'Object Repository/Page_HCMUS Log in to the site/button_Log in' is clicked on

2022-01-14 21:46:08 - [MESSAGE][PASSED] - Object: 'Object Repository/Page_HCMUS Log in to the site/button_Log in' is clicked on

2022-01-14 21:46:08 - [TEST_STEP][PASSED] - verifyElementVisible(findTestObject("Object Repository/Page_Dashboard/span_Student Waldrop")): Object 'Object Repository/Page_Dashboard/span_Student Waldrop' is visible

2022-01-14 21:46:10 - [MESSAGE][PASSED] - Object 'Object Repository/Page_Dashboard/span_Student Waldrop' is visible

2022-01-14 21:46:10 - [TEST_STEP][PASSED] - closeBrowser(): Browser is closed

2022-01-14 21:46:10 - [MESSAGE][PASSED] - Browser is closed]]></system-out>
         <system-err><![CDATA[]]></system-err>
      </testcase>
      <testcase name="Test Cases/7_tạo tài khoản user chính xác" time="22.09" classname="Test Cases/7_tạo tài khoản user chính xác" status="PASSED">
         <system-out><![CDATA[2022-01-14 21:46:11 - [TEST_CASE][PASSED] - Test Cases/7_tạo tài khoản user chính xác: Test Cases/7_tạo tài khoản user chính xác

2022-01-14 21:46:11 - [TEST_STEP][PASSED] - openBrowser(""): Browser is opened with url: ''

2022-01-14 21:46:11 - [MESSAGE][INFO] - Starting 'Chrome' driver

2022-01-14 21:46:11 - [MESSAGE][INFO] - Action delay is set to 0 milliseconds

2022-01-14 21:46:12 - [MESSAGE][PASSED] - Browser is opened with url: ''

2022-01-14 21:46:12 - [TEST_STEP][PASSED] - navigateToUrl("http://localhost/"): Navigate to 'http://localhost/' successfully

2022-01-14 21:46:12 - [MESSAGE][PASSED] - Navigate to 'http://localhost/' successfully

2022-01-14 21:46:12 - [TEST_STEP][PASSED] - click(findTestObject("Object Repository/Page_HCMUS/a_Log in")): Object: 'Object Repository/Page_HCMUS/a_Log in' is clicked on

2022-01-14 21:46:13 - [MESSAGE][PASSED] - Object: 'Object Repository/Page_HCMUS/a_Log in' is clicked on

2022-01-14 21:46:13 - [TEST_STEP][PASSED] - setText(findTestObject("Object Repository/Page_HCMUS Log in to the site/input_Username_username"), "admin"): Text 'admin' is set on object 'Object Repository/Page_HCMUS Log in to the site/input_Username_username'

2022-01-14 21:46:13 - [MESSAGE][PASSED] - Text 'admin' is set on object 'Object Repository/Page_HCMUS Log in to the site/input_Username_username'

2022-01-14 21:46:13 - [TEST_STEP][PASSED] - setEncryptedText(findTestObject("Object Repository/Page_HCMUS Log in to the site/input_Password_password"), "5MU2PI2jvJCK/lBTYOwt6g=="): Text ****** has been set on object 'Object Repository/Page_HCMUS Log in to the site/input_Password_password'

2022-01-14 21:46:14 - [MESSAGE][PASSED] - Text ****** has been set on object 'Object Repository/Page_HCMUS Log in to the site/input_Password_password'

2022-01-14 21:46:14 - [TEST_STEP][PASSED] - click(findTestObject("Object Repository/Page_HCMUS Log in to the site/button_Log in")): Object: 'Object Repository/Page_HCMUS Log in to the site/button_Log in' is clicked on

2022-01-14 21:46:15 - [MESSAGE][PASSED] - Object: 'Object Repository/Page_HCMUS Log in to the site/button_Log in' is clicked on

2022-01-14 21:46:15 - [TEST_STEP][PASSED] - click(findTestObject("Object Repository/Page_Dashboard/span_Site administration")): Object: 'Object Repository/Page_Dashboard/span_Site administration' is clicked on

2022-01-14 21:46:17 - [MESSAGE][PASSED] - Object: 'Object Repository/Page_Dashboard/span_Site administration' is clicked on

2022-01-14 21:46:17 - [TEST_STEP][PASSED] - click(findTestObject("Object Repository/Page_KHTN Administration Search/a_Users")): Object: 'Object Repository/Page_KHTN Administration Search/a_Users' is clicked on

2022-01-14 21:46:18 - [MESSAGE][PASSED] - Object: 'Object Repository/Page_KHTN Administration Search/a_Users' is clicked on

2022-01-14 21:46:18 - [TEST_STEP][PASSED] - click(findTestObject("Object Repository/Page_KHTN Administration Search/a_Add a new user")): Object: 'Object Repository/Page_KHTN Administration Search/a_Add a new user' is clicked on

2022-01-14 21:46:19 - [MESSAGE][PASSED] - Object: 'Object Repository/Page_KHTN Administration Search/a_Add a new user' is clicked on

2022-01-14 21:46:19 - [TEST_STEP][PASSED] - setText(findTestObject("Object Repository/Page_KHTN Administration Users Accounts Add_aad8ed/input_Username_username"), username): Text 'teacher2' is set on object 'Object Repository/Page_KHTN Administration Users Accounts Add_aad8ed/input_Username_username'

2022-01-14 21:46:20 - [MESSAGE][PASSED] - Text 'teacher2' is set on object 'Object Repository/Page_KHTN Administration Users Accounts Add_aad8ed/input_Username_username'

2022-01-14 21:46:20 - [TEST_STEP][PASSED] - click(findTestObject("Object Repository/Page_KHTN Administration Users Accounts Add_aad8ed/em_Click to enter text")): Object: 'Object Repository/Page_KHTN Administration Users Accounts Add_aad8ed/em_Click to enter text' is clicked on

2022-01-14 21:46:21 - [MESSAGE][PASSED] - Object: 'Object Repository/Page_KHTN Administration Users Accounts Add_aad8ed/em_Click to enter text' is clicked on

2022-01-14 21:46:21 - [TEST_STEP][PASSED] - setText(findTestObject("Object Repository/Page_KHTN Administration Users Accounts Add_aad8ed/input_New password_newpassword"), password): Text 'Mteacher2#' is set on object 'Object Repository/Page_KHTN Administration Users Accounts Add_aad8ed/input_New password_newpassword'

2022-01-14 21:46:22 - [MESSAGE][PASSED] - Text 'Mteacher2#' is set on object 'Object Repository/Page_KHTN Administration Users Accounts Add_aad8ed/input_New password_newpassword'

2022-01-14 21:46:22 - [TEST_STEP][PASSED] - setText(findTestObject("Object Repository/Page_KHTN Administration Users Accounts Add_aad8ed/input_First name_firstname"), firstname): Text 'Teacher' is set on object 'Object Repository/Page_KHTN Administration Users Accounts Add_aad8ed/input_First name_firstname'

2022-01-14 21:46:22 - [MESSAGE][PASSED] - Text 'Teacher' is set on object 'Object Repository/Page_KHTN Administration Users Accounts Add_aad8ed/input_First name_firstname'

2022-01-14 21:46:22 - [TEST_STEP][PASSED] - click(findTestObject("Object Repository/Page_KHTN Administration Users Accounts Add_aad8ed/div_Username                               _ccea4b")): Object: 'Object Repository/Page_KHTN Administration Users Accounts Add_aad8ed/div_Username                               _ccea4b' is clicked on

2022-01-14 21:46:23 - [MESSAGE][PASSED] - Object: 'Object Repository/Page_KHTN Administration Users Accounts Add_aad8ed/div_Username                               _ccea4b' is clicked on

2022-01-14 21:46:23 - [TEST_STEP][PASSED] - setText(findTestObject("Object Repository/Page_KHTN Administration Users Accounts Add_aad8ed/input_Surname_lastname"), lastname): Text 'Morrill' is set on object 'Object Repository/Page_KHTN Administration Users Accounts Add_aad8ed/input_Surname_lastname'

2022-01-14 21:46:24 - [MESSAGE][PASSED] - Text 'Morrill' is set on object 'Object Repository/Page_KHTN Administration Users Accounts Add_aad8ed/input_Surname_lastname'

2022-01-14 21:46:24 - [TEST_STEP][PASSED] - setText(findTestObject("Object Repository/Page_KHTN Administration Users Accounts Add_aad8ed/input_Email address_email"), email): Text 't2@example.com' is set on object 'Object Repository/Page_KHTN Administration Users Accounts Add_aad8ed/input_Email address_email'

2022-01-14 21:46:24 - [MESSAGE][PASSED] - Text 't2@example.com' is set on object 'Object Repository/Page_KHTN Administration Users Accounts Add_aad8ed/input_Email address_email'

2022-01-14 21:46:24 - [TEST_STEP][PASSED] - click(findTestObject("Object Repository/Page_KHTN Administration Users Accounts Add_aad8ed/input_Address_submitbutton")): Object: 'Object Repository/Page_KHTN Administration Users Accounts Add_aad8ed/input_Address_submitbutton' is clicked on

2022-01-14 21:46:26 - [MESSAGE][PASSED] - Object: 'Object Repository/Page_KHTN Administration Users Accounts Add_aad8ed/input_Address_submitbutton' is clicked on

2022-01-14 21:46:26 - [TEST_STEP][PASSED] - verifyElementVisible(findTestObject("Object Repository/Page_KHTN Administration Users Accounts Bro_45ce40/div_Changes saved")): Object 'Object Repository/Page_KHTN Administration Users Accounts Bro_45ce40/div_Changes saved' is visible

2022-01-14 21:46:26 - [MESSAGE][PASSED] - Object 'Object Repository/Page_KHTN Administration Users Accounts Bro_45ce40/div_Changes saved' is visible

2022-01-14 21:46:26 - [TEST_STEP][PASSED] - verifyElementVisible(findTestObject("Object Repository/Page_KHTN Administration Users Accounts Bro_45ce40/td_s1example.com")): Object 'Object Repository/Page_KHTN Administration Users Accounts Bro_45ce40/td_s1example.com' is visible

2022-01-14 21:46:27 - [MESSAGE][PASSED] - Object 'Object Repository/Page_KHTN Administration Users Accounts Bro_45ce40/td_s1example.com' is visible

2022-01-14 21:46:27 - [TEST_STEP][PASSED] - click(findTestObject("Object Repository/Page_KHTN Administration Users Accounts Bro_45ce40/a_Admin User")): Object: 'Object Repository/Page_KHTN Administration Users Accounts Bro_45ce40/a_Admin User' is clicked on

2022-01-14 21:46:27 - [MESSAGE][PASSED] - Object: 'Object Repository/Page_KHTN Administration Users Accounts Bro_45ce40/a_Admin User' is clicked on

2022-01-14 21:46:27 - [TEST_STEP][PASSED] - click(findTestObject("Object Repository/Page_KHTN Administration Users Accounts Bro_45ce40/span_Log out")): Object: 'Object Repository/Page_KHTN Administration Users Accounts Bro_45ce40/span_Log out' is clicked on

2022-01-14 21:46:28 - [MESSAGE][PASSED] - Object: 'Object Repository/Page_KHTN Administration Users Accounts Bro_45ce40/span_Log out' is clicked on

2022-01-14 21:46:28 - [TEST_STEP][PASSED] - click(findTestObject("Object Repository/Page_HCMUS/a_Log in")): Object: 'Object Repository/Page_HCMUS/a_Log in' is clicked on

2022-01-14 21:46:28 - [MESSAGE][PASSED] - Object: 'Object Repository/Page_HCMUS/a_Log in' is clicked on

2022-01-14 21:46:28 - [TEST_STEP][PASSED] - setText(findTestObject("Object Repository/Page_HCMUS Log in to the site/input_Username_username"), username): Text 'teacher2' is set on object 'Object Repository/Page_HCMUS Log in to the site/input_Username_username'

2022-01-14 21:46:29 - [MESSAGE][PASSED] - Text 'teacher2' is set on object 'Object Repository/Page_HCMUS Log in to the site/input_Username_username'

2022-01-14 21:46:29 - [TEST_STEP][PASSED] - setText(findTestObject("Object Repository/Page_HCMUS Log in to the site/input_Password_password"), password): Text 'Mteacher2#' is set on object 'Object Repository/Page_HCMUS Log in to the site/input_Password_password'

2022-01-14 21:46:30 - [MESSAGE][PASSED] - Text 'Mteacher2#' is set on object 'Object Repository/Page_HCMUS Log in to the site/input_Password_password'

2022-01-14 21:46:30 - [TEST_STEP][PASSED] - click(findTestObject("Object Repository/Page_HCMUS Log in to the site/button_Log in")): Object: 'Object Repository/Page_HCMUS Log in to the site/button_Log in' is clicked on

2022-01-14 21:46:31 - [MESSAGE][PASSED] - Object: 'Object Repository/Page_HCMUS Log in to the site/button_Log in' is clicked on

2022-01-14 21:46:31 - [TEST_STEP][PASSED] - verifyElementVisible(findTestObject("Object Repository/Page_Dashboard/span_Student Waldrop")): Object 'Object Repository/Page_Dashboard/span_Student Waldrop' is visible

2022-01-14 21:46:32 - [MESSAGE][PASSED] - Object 'Object Repository/Page_Dashboard/span_Student Waldrop' is visible

2022-01-14 21:46:32 - [TEST_STEP][PASSED] - closeBrowser(): Browser is closed

2022-01-14 21:46:33 - [MESSAGE][PASSED] - Browser is closed]]></system-out>
         <system-err><![CDATA[]]></system-err>
      </testcase>
      <testcase name="Test Cases/7_tạo tài khoản user chính xác" time="21.482" classname="Test Cases/7_tạo tài khoản user chính xác" status="PASSED">
         <system-out><![CDATA[2022-01-14 21:46:33 - [TEST_CASE][PASSED] - Test Cases/7_tạo tài khoản user chính xác: Test Cases/7_tạo tài khoản user chính xác

2022-01-14 21:46:33 - [TEST_STEP][PASSED] - openBrowser(""): Browser is opened with url: ''

2022-01-14 21:46:33 - [MESSAGE][INFO] - Starting 'Chrome' driver

2022-01-14 21:46:33 - [MESSAGE][INFO] - Action delay is set to 0 milliseconds

2022-01-14 21:46:34 - [MESSAGE][PASSED] - Browser is opened with url: ''

2022-01-14 21:46:34 - [TEST_STEP][PASSED] - navigateToUrl("http://localhost/"): Navigate to 'http://localhost/' successfully

2022-01-14 21:46:34 - [MESSAGE][PASSED] - Navigate to 'http://localhost/' successfully

2022-01-14 21:46:34 - [TEST_STEP][PASSED] - click(findTestObject("Object Repository/Page_HCMUS/a_Log in")): Object: 'Object Repository/Page_HCMUS/a_Log in' is clicked on

2022-01-14 21:46:35 - [MESSAGE][PASSED] - Object: 'Object Repository/Page_HCMUS/a_Log in' is clicked on

2022-01-14 21:46:35 - [TEST_STEP][PASSED] - setText(findTestObject("Object Repository/Page_HCMUS Log in to the site/input_Username_username"), "admin"): Text 'admin' is set on object 'Object Repository/Page_HCMUS Log in to the site/input_Username_username'

2022-01-14 21:46:36 - [MESSAGE][PASSED] - Text 'admin' is set on object 'Object Repository/Page_HCMUS Log in to the site/input_Username_username'

2022-01-14 21:46:36 - [TEST_STEP][PASSED] - setEncryptedText(findTestObject("Object Repository/Page_HCMUS Log in to the site/input_Password_password"), "5MU2PI2jvJCK/lBTYOwt6g=="): Text ****** has been set on object 'Object Repository/Page_HCMUS Log in to the site/input_Password_password'

2022-01-14 21:46:36 - [MESSAGE][PASSED] - Text ****** has been set on object 'Object Repository/Page_HCMUS Log in to the site/input_Password_password'

2022-01-14 21:46:36 - [TEST_STEP][PASSED] - click(findTestObject("Object Repository/Page_HCMUS Log in to the site/button_Log in")): Object: 'Object Repository/Page_HCMUS Log in to the site/button_Log in' is clicked on

2022-01-14 21:46:37 - [MESSAGE][PASSED] - Object: 'Object Repository/Page_HCMUS Log in to the site/button_Log in' is clicked on

2022-01-14 21:46:37 - [TEST_STEP][PASSED] - click(findTestObject("Object Repository/Page_Dashboard/span_Site administration")): Object: 'Object Repository/Page_Dashboard/span_Site administration' is clicked on

2022-01-14 21:46:39 - [MESSAGE][PASSED] - Object: 'Object Repository/Page_Dashboard/span_Site administration' is clicked on

2022-01-14 21:46:39 - [TEST_STEP][PASSED] - click(findTestObject("Object Repository/Page_KHTN Administration Search/a_Users")): Object: 'Object Repository/Page_KHTN Administration Search/a_Users' is clicked on

2022-01-14 21:46:39 - [MESSAGE][PASSED] - Object: 'Object Repository/Page_KHTN Administration Search/a_Users' is clicked on

2022-01-14 21:46:39 - [TEST_STEP][PASSED] - click(findTestObject("Object Repository/Page_KHTN Administration Search/a_Add a new user")): Object: 'Object Repository/Page_KHTN Administration Search/a_Add a new user' is clicked on

2022-01-14 21:46:41 - [MESSAGE][PASSED] - Object: 'Object Repository/Page_KHTN Administration Search/a_Add a new user' is clicked on

2022-01-14 21:46:41 - [TEST_STEP][PASSED] - setText(findTestObject("Object Repository/Page_KHTN Administration Users Accounts Add_aad8ed/input_Username_username"), username): Text 'teacher3' is set on object 'Object Repository/Page_KHTN Administration Users Accounts Add_aad8ed/input_Username_username'

2022-01-14 21:46:42 - [MESSAGE][PASSED] - Text 'teacher3' is set on object 'Object Repository/Page_KHTN Administration Users Accounts Add_aad8ed/input_Username_username'

2022-01-14 21:46:42 - [TEST_STEP][PASSED] - click(findTestObject("Object Repository/Page_KHTN Administration Users Accounts Add_aad8ed/em_Click to enter text")): Object: 'Object Repository/Page_KHTN Administration Users Accounts Add_aad8ed/em_Click to enter text' is clicked on

2022-01-14 21:46:43 - [MESSAGE][PASSED] - Object: 'Object Repository/Page_KHTN Administration Users Accounts Add_aad8ed/em_Click to enter text' is clicked on

2022-01-14 21:46:43 - [TEST_STEP][PASSED] - setText(findTestObject("Object Repository/Page_KHTN Administration Users Accounts Add_aad8ed/input_New password_newpassword"), password): Text 'Mteacher3#' is set on object 'Object Repository/Page_KHTN Administration Users Accounts Add_aad8ed/input_New password_newpassword'

2022-01-14 21:46:43 - [MESSAGE][PASSED] - Text 'Mteacher3#' is set on object 'Object Repository/Page_KHTN Administration Users Accounts Add_aad8ed/input_New password_newpassword'

2022-01-14 21:46:43 - [TEST_STEP][PASSED] - setText(findTestObject("Object Repository/Page_KHTN Administration Users Accounts Add_aad8ed/input_First name_firstname"), firstname): Text 'Teacher' is set on object 'Object Repository/Page_KHTN Administration Users Accounts Add_aad8ed/input_First name_firstname'

2022-01-14 21:46:44 - [MESSAGE][PASSED] - Text 'Teacher' is set on object 'Object Repository/Page_KHTN Administration Users Accounts Add_aad8ed/input_First name_firstname'

2022-01-14 21:46:44 - [TEST_STEP][PASSED] - click(findTestObject("Object Repository/Page_KHTN Administration Users Accounts Add_aad8ed/div_Username                               _ccea4b")): Object: 'Object Repository/Page_KHTN Administration Users Accounts Add_aad8ed/div_Username                               _ccea4b' is clicked on

2022-01-14 21:46:45 - [MESSAGE][PASSED] - Object: 'Object Repository/Page_KHTN Administration Users Accounts Add_aad8ed/div_Username                               _ccea4b' is clicked on

2022-01-14 21:46:45 - [TEST_STEP][PASSED] - setText(findTestObject("Object Repository/Page_KHTN Administration Users Accounts Add_aad8ed/input_Surname_lastname"), lastname): Text 'Quarles' is set on object 'Object Repository/Page_KHTN Administration Users Accounts Add_aad8ed/input_Surname_lastname'

2022-01-14 21:46:45 - [MESSAGE][PASSED] - Text 'Quarles' is set on object 'Object Repository/Page_KHTN Administration Users Accounts Add_aad8ed/input_Surname_lastname'

2022-01-14 21:46:45 - [TEST_STEP][PASSED] - setText(findTestObject("Object Repository/Page_KHTN Administration Users Accounts Add_aad8ed/input_Email address_email"), email): Text 't3@example.com' is set on object 'Object Repository/Page_KHTN Administration Users Accounts Add_aad8ed/input_Email address_email'

2022-01-14 21:46:46 - [MESSAGE][PASSED] - Text 't3@example.com' is set on object 'Object Repository/Page_KHTN Administration Users Accounts Add_aad8ed/input_Email address_email'

2022-01-14 21:46:46 - [TEST_STEP][PASSED] - click(findTestObject("Object Repository/Page_KHTN Administration Users Accounts Add_aad8ed/input_Address_submitbutton")): Object: 'Object Repository/Page_KHTN Administration Users Accounts Add_aad8ed/input_Address_submitbutton' is clicked on

2022-01-14 21:46:47 - [MESSAGE][PASSED] - Object: 'Object Repository/Page_KHTN Administration Users Accounts Add_aad8ed/input_Address_submitbutton' is clicked on

2022-01-14 21:46:47 - [TEST_STEP][PASSED] - verifyElementVisible(findTestObject("Object Repository/Page_KHTN Administration Users Accounts Bro_45ce40/div_Changes saved")): Object 'Object Repository/Page_KHTN Administration Users Accounts Bro_45ce40/div_Changes saved' is visible

2022-01-14 21:46:48 - [MESSAGE][PASSED] - Object 'Object Repository/Page_KHTN Administration Users Accounts Bro_45ce40/div_Changes saved' is visible

2022-01-14 21:46:48 - [TEST_STEP][PASSED] - verifyElementVisible(findTestObject("Object Repository/Page_KHTN Administration Users Accounts Bro_45ce40/td_s1example.com")): Object 'Object Repository/Page_KHTN Administration Users Accounts Bro_45ce40/td_s1example.com' is visible

2022-01-14 21:46:48 - [MESSAGE][PASSED] - Object 'Object Repository/Page_KHTN Administration Users Accounts Bro_45ce40/td_s1example.com' is visible

2022-01-14 21:46:48 - [TEST_STEP][PASSED] - click(findTestObject("Object Repository/Page_KHTN Administration Users Accounts Bro_45ce40/a_Admin User")): Object: 'Object Repository/Page_KHTN Administration Users Accounts Bro_45ce40/a_Admin User' is clicked on

2022-01-14 21:46:49 - [MESSAGE][PASSED] - Object: 'Object Repository/Page_KHTN Administration Users Accounts Bro_45ce40/a_Admin User' is clicked on

2022-01-14 21:46:49 - [TEST_STEP][PASSED] - click(findTestObject("Object Repository/Page_KHTN Administration Users Accounts Bro_45ce40/span_Log out")): Object: 'Object Repository/Page_KHTN Administration Users Accounts Bro_45ce40/span_Log out' is clicked on

2022-01-14 21:46:49 - [MESSAGE][PASSED] - Object: 'Object Repository/Page_KHTN Administration Users Accounts Bro_45ce40/span_Log out' is clicked on

2022-01-14 21:46:49 - [TEST_STEP][PASSED] - click(findTestObject("Object Repository/Page_HCMUS/a_Log in")): Object: 'Object Repository/Page_HCMUS/a_Log in' is clicked on

2022-01-14 21:46:50 - [MESSAGE][PASSED] - Object: 'Object Repository/Page_HCMUS/a_Log in' is clicked on

2022-01-14 21:46:50 - [TEST_STEP][PASSED] - setText(findTestObject("Object Repository/Page_HCMUS Log in to the site/input_Username_username"), username): Text 'teacher3' is set on object 'Object Repository/Page_HCMUS Log in to the site/input_Username_username'

2022-01-14 21:46:51 - [MESSAGE][PASSED] - Text 'teacher3' is set on object 'Object Repository/Page_HCMUS Log in to the site/input_Username_username'

2022-01-14 21:46:51 - [TEST_STEP][PASSED] - setText(findTestObject("Object Repository/Page_HCMUS Log in to the site/input_Password_password"), password): Text 'Mteacher3#' is set on object 'Object Repository/Page_HCMUS Log in to the site/input_Password_password'

2022-01-14 21:46:51 - [MESSAGE][PASSED] - Text 'Mteacher3#' is set on object 'Object Repository/Page_HCMUS Log in to the site/input_Password_password'

2022-01-14 21:46:51 - [TEST_STEP][PASSED] - click(findTestObject("Object Repository/Page_HCMUS Log in to the site/button_Log in")): Object: 'Object Repository/Page_HCMUS Log in to the site/button_Log in' is clicked on

2022-01-14 21:46:52 - [MESSAGE][PASSED] - Object: 'Object Repository/Page_HCMUS Log in to the site/button_Log in' is clicked on

2022-01-14 21:46:52 - [TEST_STEP][PASSED] - verifyElementVisible(findTestObject("Object Repository/Page_Dashboard/span_Student Waldrop")): Object 'Object Repository/Page_Dashboard/span_Student Waldrop' is visible

2022-01-14 21:46:54 - [MESSAGE][PASSED] - Object 'Object Repository/Page_Dashboard/span_Student Waldrop' is visible

2022-01-14 21:46:54 - [TEST_STEP][PASSED] - closeBrowser(): Browser is closed

2022-01-14 21:46:54 - [MESSAGE][PASSED] - Browser is closed]]></system-out>
         <system-err><![CDATA[]]></system-err>
      </testcase>
      <testcase name="Test Cases/8_admin kiểm tra thẻ site administration" time="7.774" classname="Test Cases/8_admin kiểm tra thẻ site administration" status="PASSED">
         <system-out><![CDATA[2022-01-14 21:46:54 - [TEST_CASE][PASSED] - Test Cases/8_admin kiểm tra thẻ site administration: Test Cases/8_admin kiểm tra thẻ site administration

2022-01-14 21:46:54 - [TEST_STEP][PASSED] - openBrowser(""): Browser is opened with url: ''

2022-01-14 21:46:54 - [MESSAGE][INFO] - Starting 'Chrome' driver

2022-01-14 21:46:54 - [MESSAGE][INFO] - Action delay is set to 0 milliseconds

2022-01-14 21:46:56 - [MESSAGE][PASSED] - Browser is opened with url: ''

2022-01-14 21:46:56 - [TEST_STEP][PASSED] - navigateToUrl("http://localhost/"): Navigate to 'http://localhost/' successfully

2022-01-14 21:46:56 - [MESSAGE][PASSED] - Navigate to 'http://localhost/' successfully

2022-01-14 21:46:56 - [TEST_STEP][PASSED] - click(findTestObject("Object Repository/Page_HCMUS/a_Log in")): Object: 'Object Repository/Page_HCMUS/a_Log in' is clicked on

2022-01-14 21:46:57 - [MESSAGE][PASSED] - Object: 'Object Repository/Page_HCMUS/a_Log in' is clicked on

2022-01-14 21:46:57 - [TEST_STEP][PASSED] - setText(findTestObject("Object Repository/Page_HCMUS Log in to the site/input_Username_username"), "admin"): Text 'admin' is set on object 'Object Repository/Page_HCMUS Log in to the site/input_Username_username'

2022-01-14 21:46:57 - [MESSAGE][PASSED] - Text 'admin' is set on object 'Object Repository/Page_HCMUS Log in to the site/input_Username_username'

2022-01-14 21:46:57 - [TEST_STEP][PASSED] - setEncryptedText(findTestObject("Object Repository/Page_HCMUS Log in to the site/input_Password_password"), "5MU2PI2jvJCK/lBTYOwt6g=="): Text ****** has been set on object 'Object Repository/Page_HCMUS Log in to the site/input_Password_password'

2022-01-14 21:46:58 - [MESSAGE][PASSED] - Text ****** has been set on object 'Object Repository/Page_HCMUS Log in to the site/input_Password_password'

2022-01-14 21:46:58 - [TEST_STEP][PASSED] - click(findTestObject("Object Repository/Page_HCMUS Log in to the site/button_Log in")): Object: 'Object Repository/Page_HCMUS Log in to the site/button_Log in' is clicked on

2022-01-14 21:46:59 - [MESSAGE][PASSED] - Object: 'Object Repository/Page_HCMUS Log in to the site/button_Log in' is clicked on

2022-01-14 21:46:59 - [TEST_STEP][PASSED] - click(findTestObject("Object Repository/Page_Dashboard/span_Site administration")): Object: 'Object Repository/Page_Dashboard/span_Site administration' is clicked on

2022-01-14 21:47:01 - [MESSAGE][PASSED] - Object: 'Object Repository/Page_Dashboard/span_Site administration' is clicked on

2022-01-14 21:47:01 - [TEST_STEP][PASSED] - verifyElementVisible(findTestObject("Object Repository/Page_KHTN Administration Search/a_Site administration")): Object 'Object Repository/Page_KHTN Administration Search/a_Site administration' is visible

2022-01-14 21:47:01 - [MESSAGE][PASSED] - Object 'Object Repository/Page_KHTN Administration Search/a_Site administration' is visible

2022-01-14 21:47:01 - [TEST_STEP][PASSED] - closeBrowser(): Browser is closed

2022-01-14 21:47:02 - [MESSAGE][PASSED] - Browser is closed]]></system-out>
         <system-err><![CDATA[]]></system-err>
      </testcase>
      <testcase name="Test Cases/9_tạo 1 course thành công" time="14.895" classname="Test Cases/9_tạo 1 course thành công" status="PASSED">
         <system-out><![CDATA[2022-01-14 21:47:02 - [TEST_CASE][PASSED] - Test Cases/9_tạo 1 course thành công: Test Cases/9_tạo 1 course thành công

2022-01-14 21:47:02 - [TEST_STEP][PASSED] - openBrowser(""): Browser is opened with url: ''

2022-01-14 21:47:02 - [MESSAGE][INFO] - Starting 'Chrome' driver

2022-01-14 21:47:02 - [MESSAGE][INFO] - Action delay is set to 0 milliseconds

2022-01-14 21:47:03 - [MESSAGE][PASSED] - Browser is opened with url: ''

2022-01-14 21:47:03 - [TEST_STEP][PASSED] - navigateToUrl("http://localhost/"): Navigate to 'http://localhost/' successfully

2022-01-14 21:47:04 - [MESSAGE][PASSED] - Navigate to 'http://localhost/' successfully

2022-01-14 21:47:04 - [TEST_STEP][PASSED] - click(findTestObject("Object Repository/Page_HCMUS/a_Log in")): Object: 'Object Repository/Page_HCMUS/a_Log in' is clicked on

2022-01-14 21:47:05 - [MESSAGE][PASSED] - Object: 'Object Repository/Page_HCMUS/a_Log in' is clicked on

2022-01-14 21:47:05 - [TEST_STEP][PASSED] - setText(findTestObject("Object Repository/Page_HCMUS Log in to the site/input_Username_username"), "admin"): Text 'admin' is set on object 'Object Repository/Page_HCMUS Log in to the site/input_Username_username'

2022-01-14 21:47:05 - [MESSAGE][PASSED] - Text 'admin' is set on object 'Object Repository/Page_HCMUS Log in to the site/input_Username_username'

2022-01-14 21:47:05 - [TEST_STEP][PASSED] - setEncryptedText(findTestObject("Object Repository/Page_HCMUS Log in to the site/input_Password_password"), "5MU2PI2jvJCK/lBTYOwt6g=="): Text ****** has been set on object 'Object Repository/Page_HCMUS Log in to the site/input_Password_password'

2022-01-14 21:47:06 - [MESSAGE][PASSED] - Text ****** has been set on object 'Object Repository/Page_HCMUS Log in to the site/input_Password_password'

2022-01-14 21:47:06 - [TEST_STEP][PASSED] - click(findTestObject("Object Repository/Page_HCMUS Log in to the site/button_Log in")): Object: 'Object Repository/Page_HCMUS Log in to the site/button_Log in' is clicked on

2022-01-14 21:47:07 - [MESSAGE][PASSED] - Object: 'Object Repository/Page_HCMUS Log in to the site/button_Log in' is clicked on

2022-01-14 21:47:07 - [TEST_STEP][PASSED] - click(findTestObject("Object Repository/Page_Dashboard/span_Site administration")): Object: 'Object Repository/Page_Dashboard/span_Site administration' is clicked on

2022-01-14 21:47:09 - [MESSAGE][PASSED] - Object: 'Object Repository/Page_Dashboard/span_Site administration' is clicked on

2022-01-14 21:47:09 - [TEST_STEP][PASSED] - click(findTestObject("Object Repository/Page_KHTN Administration Search/a_Courses")): Object: 'Object Repository/Page_KHTN Administration Search/a_Courses' is clicked on

2022-01-14 21:47:09 - [MESSAGE][PASSED] - Object: 'Object Repository/Page_KHTN Administration Search/a_Courses' is clicked on

2022-01-14 21:47:09 - [TEST_STEP][PASSED] - click(findTestObject("Object Repository/Page_KHTN Administration Search/a_Add a new course")): Object: 'Object Repository/Page_KHTN Administration Search/a_Add a new course' is clicked on

2022-01-14 21:47:10 - [MESSAGE][PASSED] - Object: 'Object Repository/Page_KHTN Administration Search/a_Add a new course' is clicked on

2022-01-14 21:47:10 - [TEST_STEP][PASSED] - setText(findTestObject("Object Repository/Page_KHTN Add a new course/input_Course full name_fullname"), "Nhập môn trí tuệ nhân tạo"): Text 'Nhập môn trí tuệ nhân tạo' is set on object 'Object Repository/Page_KHTN Add a new course/input_Course full name_fullname'

2022-01-14 21:47:12 - [MESSAGE][PASSED] - Text 'Nhập môn trí tuệ nhân tạo' is set on object 'Object Repository/Page_KHTN Add a new course/input_Course full name_fullname'

2022-01-14 21:47:12 - [TEST_STEP][PASSED] - setText(findTestObject("Object Repository/Page_KHTN Add a new course/input_Course short name_shortname"), "AI"): Text 'AI' is set on object 'Object Repository/Page_KHTN Add a new course/input_Course short name_shortname'

2022-01-14 21:47:12 - [MESSAGE][PASSED] - Text 'AI' is set on object 'Object Repository/Page_KHTN Add a new course/input_Course short name_shortname'

2022-01-14 21:47:12 - [TEST_STEP][PASSED] - selectOptionByValue(findTestObject("Object Repository/Page_KHTN Add a new course/select_1        2        3        4        _45ea30"), "22", true): All options with value '22' are selected in object 'Object Repository/Page_KHTN Add a new course/select_1        2        3        4        _45ea30'  using regular expression

2022-01-14 21:47:14 - [MESSAGE][PASSED] - All options with value '22' are selected in object 'Object Repository/Page_KHTN Add a new course/select_1        2        3        4        _45ea30'  using regular expression

2022-01-14 21:47:14 - [TEST_STEP][PASSED] - setText(findTestObject("Object Repository/Page_KHTN Add a new course/input_Course ID number_idnumber"), "1"): Text '1' is set on object 'Object Repository/Page_KHTN Add a new course/input_Course ID number_idnumber'

2022-01-14 21:47:15 - [MESSAGE][PASSED] - Text '1' is set on object 'Object Repository/Page_KHTN Add a new course/input_Course ID number_idnumber'

2022-01-14 21:47:15 - [TEST_STEP][PASSED] - click(findTestObject("Object Repository/Page_KHTN Add a new course/input__saveanddisplay")): Object: 'Object Repository/Page_KHTN Add a new course/input__saveanddisplay' is clicked on

2022-01-14 21:47:16 - [MESSAGE][PASSED] - Object: 'Object Repository/Page_KHTN Add a new course/input__saveanddisplay' is clicked on

2022-01-14 21:47:16 - [TEST_STEP][PASSED] - verifyElementVisible(findTestObject("Object Repository/Page_AI Participants/h1_Nhp mn tr tu nhn to")): Object 'Object Repository/Page_AI Participants/h1_Nhp mn tr tu nhn to' is visible

2022-01-14 21:47:16 - [MESSAGE][PASSED] - Object 'Object Repository/Page_AI Participants/h1_Nhp mn tr tu nhn to' is visible

2022-01-14 21:47:16 - [TEST_STEP][PASSED] - closeBrowser(): Browser is closed

2022-01-14 21:47:17 - [MESSAGE][PASSED] - Browser is closed]]></system-out>
         <system-err><![CDATA[]]></system-err>
      </testcase>
      <testcase name="Test Cases/10_tạo course với thuộc tính bị trùng" time="14.706" classname="Test Cases/10_tạo course với thuộc tính bị trùng" status="PASSED">
         <system-out><![CDATA[2022-01-14 21:47:17 - [TEST_CASE][PASSED] - Test Cases/10_tạo course với thuộc tính bị trùng: Test Cases/10_tạo course với thuộc tính bị trùng

2022-01-14 21:47:17 - [TEST_STEP][PASSED] - openBrowser(""): Browser is opened with url: ''

2022-01-14 21:47:17 - [MESSAGE][INFO] - Starting 'Chrome' driver

2022-01-14 21:47:17 - [MESSAGE][INFO] - Action delay is set to 0 milliseconds

2022-01-14 21:47:18 - [MESSAGE][PASSED] - Browser is opened with url: ''

2022-01-14 21:47:18 - [TEST_STEP][PASSED] - navigateToUrl("http://localhost/"): Navigate to 'http://localhost/' successfully

2022-01-14 21:47:19 - [MESSAGE][PASSED] - Navigate to 'http://localhost/' successfully

2022-01-14 21:47:19 - [TEST_STEP][PASSED] - click(findTestObject("Object Repository/Page_HCMUS/nav_Side panel                             _87ec86")): Object: 'Object Repository/Page_HCMUS/nav_Side panel                             _87ec86' is clicked on

2022-01-14 21:47:19 - [MESSAGE][PASSED] - Object: 'Object Repository/Page_HCMUS/nav_Side panel                             _87ec86' is clicked on

2022-01-14 21:47:19 - [TEST_STEP][PASSED] - click(findTestObject("Object Repository/Page_HCMUS/a_Log in")): Object: 'Object Repository/Page_HCMUS/a_Log in' is clicked on

2022-01-14 21:47:20 - [MESSAGE][PASSED] - Object: 'Object Repository/Page_HCMUS/a_Log in' is clicked on

2022-01-14 21:47:20 - [TEST_STEP][PASSED] - setText(findTestObject("Object Repository/Page_HCMUS Log in to the site/input_Username_username"), "admin"): Text 'admin' is set on object 'Object Repository/Page_HCMUS Log in to the site/input_Username_username'

2022-01-14 21:47:21 - [MESSAGE][PASSED] - Text 'admin' is set on object 'Object Repository/Page_HCMUS Log in to the site/input_Username_username'

2022-01-14 21:47:21 - [TEST_STEP][PASSED] - setEncryptedText(findTestObject("Object Repository/Page_HCMUS Log in to the site/input_Password_password"), "5MU2PI2jvJCK/lBTYOwt6g=="): Text ****** has been set on object 'Object Repository/Page_HCMUS Log in to the site/input_Password_password'

2022-01-14 21:47:21 - [MESSAGE][PASSED] - Text ****** has been set on object 'Object Repository/Page_HCMUS Log in to the site/input_Password_password'

2022-01-14 21:47:21 - [TEST_STEP][PASSED] - click(findTestObject("Object Repository/Page_HCMUS Log in to the site/button_Log in")): Object: 'Object Repository/Page_HCMUS Log in to the site/button_Log in' is clicked on

2022-01-14 21:47:22 - [MESSAGE][PASSED] - Object: 'Object Repository/Page_HCMUS Log in to the site/button_Log in' is clicked on

2022-01-14 21:47:22 - [TEST_STEP][PASSED] - click(findTestObject("Object Repository/Page_Dashboard/span_Site administration")): Object: 'Object Repository/Page_Dashboard/span_Site administration' is clicked on

2022-01-14 21:47:24 - [MESSAGE][PASSED] - Object: 'Object Repository/Page_Dashboard/span_Site administration' is clicked on

2022-01-14 21:47:24 - [TEST_STEP][PASSED] - click(findTestObject("Object Repository/Page_KHTN Administration Search/a_Courses")): Object: 'Object Repository/Page_KHTN Administration Search/a_Courses' is clicked on

2022-01-14 21:47:24 - [MESSAGE][PASSED] - Object: 'Object Repository/Page_KHTN Administration Search/a_Courses' is clicked on

2022-01-14 21:47:24 - [TEST_STEP][PASSED] - click(findTestObject("Object Repository/Page_KHTN Administration Search/a_Add a new course")): Object: 'Object Repository/Page_KHTN Administration Search/a_Add a new course' is clicked on

2022-01-14 21:47:26 - [MESSAGE][PASSED] - Object: 'Object Repository/Page_KHTN Administration Search/a_Add a new course' is clicked on

2022-01-14 21:47:26 - [TEST_STEP][PASSED] - setText(findTestObject("Object Repository/Page_KHTN Add a new course/input_Course full name_fullname"), "mobile"): Text 'mobile' is set on object 'Object Repository/Page_KHTN Add a new course/input_Course full name_fullname'

2022-01-14 21:47:27 - [MESSAGE][PASSED] - Text 'mobile' is set on object 'Object Repository/Page_KHTN Add a new course/input_Course full name_fullname'

2022-01-14 21:47:27 - [TEST_STEP][PASSED] - setText(findTestObject("Object Repository/Page_KHTN Add a new course/input_Course short name_shortname"), "AI"): Text 'AI' is set on object 'Object Repository/Page_KHTN Add a new course/input_Course short name_shortname'

2022-01-14 21:47:28 - [MESSAGE][PASSED] - Text 'AI' is set on object 'Object Repository/Page_KHTN Add a new course/input_Course short name_shortname'

2022-01-14 21:47:28 - [TEST_STEP][PASSED] - click(findTestObject("Object Repository/Page_KHTN Add a new course/input__saveanddisplay")): Object: 'Object Repository/Page_KHTN Add a new course/input__saveanddisplay' is clicked on

2022-01-14 21:47:29 - [MESSAGE][PASSED] - Object: 'Object Repository/Page_KHTN Add a new course/input__saveanddisplay' is clicked on

2022-01-14 21:47:29 - [TEST_STEP][PASSED] - verifyElementVisible(findTestObject("Object Repository/Page_KHTN Add a new course/div_Short name is already used for another _0ec0da")): Object 'Object Repository/Page_KHTN Add a new course/div_Short name is already used for another _0ec0da' is visible

2022-01-14 21:47:30 - [MESSAGE][PASSED] - Object 'Object Repository/Page_KHTN Add a new course/div_Short name is already used for another _0ec0da' is visible

2022-01-14 21:47:30 - [TEST_STEP][PASSED] - verifyElementVisible(findTestObject("Object Repository/Page_KHTN Add a new course/input_Course short name_shortname")): Object 'Object Repository/Page_KHTN Add a new course/input_Course short name_shortname' is visible

2022-01-14 21:47:31 - [MESSAGE][PASSED] - Object 'Object Repository/Page_KHTN Add a new course/input_Course short name_shortname' is visible

2022-01-14 21:47:31 - [TEST_STEP][PASSED] - closeBrowser(): Browser is closed

2022-01-14 21:47:32 - [MESSAGE][PASSED] - Browser is closed]]></system-out>
         <system-err><![CDATA[]]></system-err>
      </testcase>
      <testcase name="Test Cases/11_tạo course với thuộc tính rỗng" time="11.493" classname="Test Cases/11_tạo course với thuộc tính rỗng" status="PASSED">
         <system-out><![CDATA[2022-01-14 21:47:32 - [TEST_CASE][PASSED] - Test Cases/11_tạo course với thuộc tính rỗng: Test Cases/11_tạo course với thuộc tính rỗng

2022-01-14 21:47:32 - [TEST_STEP][PASSED] - openBrowser(""): Browser is opened with url: ''

2022-01-14 21:47:32 - [MESSAGE][INFO] - Starting 'Chrome' driver

2022-01-14 21:47:32 - [MESSAGE][INFO] - Action delay is set to 0 milliseconds

2022-01-14 21:47:33 - [MESSAGE][PASSED] - Browser is opened with url: ''

2022-01-14 21:47:33 - [TEST_STEP][PASSED] - navigateToUrl("http://localhost/"): Navigate to 'http://localhost/' successfully

2022-01-14 21:47:33 - [MESSAGE][PASSED] - Navigate to 'http://localhost/' successfully

2022-01-14 21:47:33 - [TEST_STEP][PASSED] - click(findTestObject("Object Repository/Page_HCMUS/a_Log in")): Object: 'Object Repository/Page_HCMUS/a_Log in' is clicked on

2022-01-14 21:47:34 - [MESSAGE][PASSED] - Object: 'Object Repository/Page_HCMUS/a_Log in' is clicked on

2022-01-14 21:47:34 - [TEST_STEP][PASSED] - setText(findTestObject("Object Repository/Page_HCMUS Log in to the site/input_Username_username"), "admin"): Text 'admin' is set on object 'Object Repository/Page_HCMUS Log in to the site/input_Username_username'

2022-01-14 21:47:35 - [MESSAGE][PASSED] - Text 'admin' is set on object 'Object Repository/Page_HCMUS Log in to the site/input_Username_username'

2022-01-14 21:47:35 - [TEST_STEP][PASSED] - setEncryptedText(findTestObject("Object Repository/Page_HCMUS Log in to the site/input_Password_password"), "5MU2PI2jvJCK/lBTYOwt6g=="): Text ****** has been set on object 'Object Repository/Page_HCMUS Log in to the site/input_Password_password'

2022-01-14 21:47:35 - [MESSAGE][PASSED] - Text ****** has been set on object 'Object Repository/Page_HCMUS Log in to the site/input_Password_password'

2022-01-14 21:47:35 - [TEST_STEP][PASSED] - click(findTestObject("Object Repository/Page_HCMUS Log in to the site/button_Log in")): Object: 'Object Repository/Page_HCMUS Log in to the site/button_Log in' is clicked on

2022-01-14 21:47:36 - [MESSAGE][PASSED] - Object: 'Object Repository/Page_HCMUS Log in to the site/button_Log in' is clicked on

2022-01-14 21:47:36 - [TEST_STEP][PASSED] - click(findTestObject("Object Repository/Page_Dashboard/span_Site administration")): Object: 'Object Repository/Page_Dashboard/span_Site administration' is clicked on

2022-01-14 21:47:39 - [MESSAGE][PASSED] - Object: 'Object Repository/Page_Dashboard/span_Site administration' is clicked on

2022-01-14 21:47:39 - [TEST_STEP][PASSED] - click(findTestObject("Object Repository/Page_KHTN Administration Search/a_Courses")): Object: 'Object Repository/Page_KHTN Administration Search/a_Courses' is clicked on

2022-01-14 21:47:39 - [MESSAGE][PASSED] - Object: 'Object Repository/Page_KHTN Administration Search/a_Courses' is clicked on

2022-01-14 21:47:39 - [TEST_STEP][PASSED] - click(findTestObject("Object Repository/Page_KHTN Administration Search/a_Add a new course")): Object: 'Object Repository/Page_KHTN Administration Search/a_Add a new course' is clicked on

2022-01-14 21:47:40 - [MESSAGE][PASSED] - Object: 'Object Repository/Page_KHTN Administration Search/a_Add a new course' is clicked on

2022-01-14 21:47:40 - [TEST_STEP][PASSED] - click(findTestObject("Object Repository/Page_KHTN Add a new course/input__saveanddisplay")): Object: 'Object Repository/Page_KHTN Add a new course/input__saveanddisplay' is clicked on

2022-01-14 21:47:42 - [MESSAGE][PASSED] - Object: 'Object Repository/Page_KHTN Add a new course/input__saveanddisplay' is clicked on

2022-01-14 21:47:42 - [TEST_STEP][PASSED] - verifyElementVisible(findTestObject("Object Repository/Page_KHTN Add a new course/div_- Missing full name")): Object 'Object Repository/Page_KHTN Add a new course/div_- Missing full name' is visible

2022-01-14 21:47:42 - [MESSAGE][PASSED] - Object 'Object Repository/Page_KHTN Add a new course/div_- Missing full name' is visible

2022-01-14 21:47:42 - [TEST_STEP][PASSED] - verifyElementVisible(findTestObject("Object Repository/Page_KHTN Add a new course/div_- Missing short name")): Object 'Object Repository/Page_KHTN Add a new course/div_- Missing short name' is visible

2022-01-14 21:47:42 - [MESSAGE][PASSED] - Object 'Object Repository/Page_KHTN Add a new course/div_- Missing short name' is visible

2022-01-14 21:47:42 - [TEST_STEP][PASSED] - closeBrowser(): Browser is closed

2022-01-14 21:47:43 - [MESSAGE][PASSED] - Browser is closed]]></system-out>
         <system-err><![CDATA[]]></system-err>
      </testcase>
      <testcase name="Test Cases/12_thêm sinh viên vào course" time="41.086" classname="Test Cases/12_thêm sinh viên vào course" status="FAILED">
         <failure type="FAILED" message="Test Cases/12_thêm sinh viên vào course FAILED.
Reason:
com.kms.katalon.core.exception.StepFailedException: Unable to set text 'Student' of object 'Object Repository/Page_AI Participants/input_No selection_form_autocomplete_input-_6680aa'
	at com.kms.katalon.core.webui.keyword.internal.WebUIKeywordMain.stepFailed(WebUIKeywordMain.groovy:64)
	at com.kms.katalon.core.webui.keyword.internal.WebUIKeywordMain.runKeyword(WebUIKeywordMain.groovy:26)
	at com.kms.katalon.core.webui.keyword.builtin.SetTextKeyword.setText(SetTextKeyword.groovy:66)
	at com.kms.katalon.core.webui.keyword.builtin.SetTextKeyword.execute(SetTextKeyword.groovy:37)
	at com.kms.katalon.core.keyword.internal.KeywordExecutor.executeKeywordForPlatform(KeywordExecutor.groovy:74)
	at com.kms.katalon.core.webui.keyword.WebUiBuiltInKeywords.setText(WebUiBuiltInKeywords.groovy:980)
	at com.kms.katalon.core.webui.keyword.WebUiBuiltInKeywords$setText$2.call(Unknown Source)
	at 12_thêm sinh viên vào course.run(12_thêm sinh viên vào course:40)
	at com.kms.katalon.core.main.ScriptEngine.run(ScriptEngine.java:194)
	at com.kms.katalon.core.main.ScriptEngine.runScriptAsRawText(ScriptEngine.java:119)
	at com.kms.katalon.core.main.TestCaseExecutor.runScript(TestCaseExecutor.java:442)
	at com.kms.katalon.core.main.TestCaseExecutor.doExecute(TestCaseExecutor.java:433)
	at com.kms.katalon.core.main.TestCaseExecutor.processExecutionPhase(TestCaseExecutor.java:412)
	at com.kms.katalon.core.main.TestCaseExecutor.accessMainPhase(TestCaseExecutor.java:404)
	at com.kms.katalon.core.main.TestCaseExecutor.execute(TestCaseExecutor.java:281)
	at com.kms.katalon.core.main.TestCaseExecutor.execute(TestCaseExecutor.java:363)
	at com.kms.katalon.core.main.TestCaseExecutor.execute(TestCaseExecutor.java:363)
	at com.kms.katalon.core.main.TestCaseExecutor.execute(TestCaseExecutor.java:363)
	at com.kms.katalon.core.main.TestSuiteExecutor.accessTestCaseMainPhase(TestSuiteExecutor.java:202)
	at com.kms.katalon.core.main.TestSuiteExecutor.accessTestSuiteMainPhase(TestSuiteExecutor.java:164)
	at com.kms.katalon.core.main.TestSuiteExecutor.execute(TestSuiteExecutor.java:105)
	at com.kms.katalon.core.main.TestCaseMain.startTestSuite(TestCaseMain.java:181)
	at com.kms.katalon.core.main.TestCaseMain$startTestSuite$0.call(Unknown Source)
	at TempTestSuite1642171212458.run(TempTestSuite1642171212458.groovy:36)
Caused by: com.kms.katalon.core.webui.exception.WebElementNotFoundException: Web element with id: 'Object Repository/Page_AI Participants/input_No selection_form_autocomplete_input-_6680aa' located by '//div[3]/input' not found
	at com.kms.katalon.core.webui.common.WebUiCommonHelper.findWebElement(WebUiCommonHelper.java:1368)
	at com.kms.katalon.core.webui.keyword.internal.WebUIAbstractKeyword.findWebElement(WebUIAbstractKeyword.groovy:27)
	at com.kms.katalon.core.webui.keyword.internal.WebUIAbstractKeyword.findWebElement(WebUIAbstractKeyword.groovy:26)
	at com.kms.katalon.core.webui.keyword.builtin.SetTextKeyword$_setText_closure1.doCall(SetTextKeyword.groovy:51)
	at com.kms.katalon.core.webui.keyword.builtin.SetTextKeyword$_setText_closure1.call(SetTextKeyword.groovy)
	at com.kms.katalon.core.webui.keyword.internal.WebUIKeywordMain.runKeyword(WebUIKeywordMain.groovy:20)
	... 22 more
"/>
         <system-out><![CDATA[2022-01-14 21:48:55 - [TEST_CASE][FAILED] - Test Cases/12_thêm sinh viên vào course: Test Cases/12_thêm sinh viên vào course FAILED.
Reason:
com.kms.katalon.core.exception.StepFailedException: Unable to set text 'Student' of object 'Object Repository/Page_AI Participants/input_No selection_form_autocomplete_input-_6680aa'
	at com.kms.katalon.core.webui.keyword.internal.WebUIKeywordMain.stepFailed(WebUIKeywordMain.groovy:64)
	at com.kms.katalon.core.webui.keyword.internal.WebUIKeywordMain.runKeyword(WebUIKeywordMain.groovy:26)
	at com.kms.katalon.core.webui.keyword.builtin.SetTextKeyword.setText(SetTextKeyword.groovy:66)
	at com.kms.katalon.core.webui.keyword.builtin.SetTextKeyword.execute(SetTextKeyword.groovy:37)
	at com.kms.katalon.core.keyword.internal.KeywordExecutor.executeKeywordForPlatform(KeywordExecutor.groovy:74)
	at com.kms.katalon.core.webui.keyword.WebUiBuiltInKeywords.setText(WebUiBuiltInKeywords.groovy:980)
	at com.kms.katalon.core.webui.keyword.WebUiBuiltInKeywords$setText$2.call(Unknown Source)
	at 12_thêm sinh viên vào course.run(12_thêm sinh viên vào course:40)
	at com.kms.katalon.core.main.ScriptEngine.run(ScriptEngine.java:194)
	at com.kms.katalon.core.main.ScriptEngine.runScriptAsRawText(ScriptEngine.java:119)
	at com.kms.katalon.core.main.TestCaseExecutor.runScript(TestCaseExecutor.java:442)
	at com.kms.katalon.core.main.TestCaseExecutor.doExecute(TestCaseExecutor.java:433)
	at com.kms.katalon.core.main.TestCaseExecutor.processExecutionPhase(TestCaseExecutor.java:412)
	at com.kms.katalon.core.main.TestCaseExecutor.accessMainPhase(TestCaseExecutor.java:404)
	at com.kms.katalon.core.main.TestCaseExecutor.execute(TestCaseExecutor.java:281)
	at com.kms.katalon.core.main.TestCaseExecutor.execute(TestCaseExecutor.java:363)
	at com.kms.katalon.core.main.TestCaseExecutor.execute(TestCaseExecutor.java:363)
	at com.kms.katalon.core.main.TestCaseExecutor.execute(TestCaseExecutor.java:363)
	at com.kms.katalon.core.main.TestSuiteExecutor.accessTestCaseMainPhase(TestSuiteExecutor.java:202)
	at com.kms.katalon.core.main.TestSuiteExecutor.accessTestSuiteMainPhase(TestSuiteExecutor.java:164)
	at com.kms.katalon.core.main.TestSuiteExecutor.execute(TestSuiteExecutor.java:105)
	at com.kms.katalon.core.main.TestCaseMain.startTestSuite(TestCaseMain.java:181)
	at com.kms.katalon.core.main.TestCaseMain$startTestSuite$0.call(Unknown Source)
	at TempTestSuite1642171212458.run(TempTestSuite1642171212458.groovy:36)
Caused by: com.kms.katalon.core.webui.exception.WebElementNotFoundException: Web element with id: 'Object Repository/Page_AI Participants/input_No selection_form_autocomplete_input-_6680aa' located by '//div[3]/input' not found
	at com.kms.katalon.core.webui.common.WebUiCommonHelper.findWebElement(WebUiCommonHelper.java:1368)
	at com.kms.katalon.core.webui.keyword.internal.WebUIAbstractKeyword.findWebElement(WebUIAbstractKeyword.groovy:27)
	at com.kms.katalon.core.webui.keyword.internal.WebUIAbstractKeyword.findWebElement(WebUIAbstractKeyword.groovy:26)
	at com.kms.katalon.core.webui.keyword.builtin.SetTextKeyword$_setText_closure1.doCall(SetTextKeyword.groovy:51)
	at com.kms.katalon.core.webui.keyword.builtin.SetTextKeyword$_setText_closure1.call(SetTextKeyword.groovy)
	at com.kms.katalon.core.webui.keyword.internal.WebUIKeywordMain.runKeyword(WebUIKeywordMain.groovy:20)
	... 22 more


2022-01-14 21:48:55 - [TEST_STEP][PASSED] - openBrowser(""): Browser is opened with url: ''

2022-01-14 21:48:55 - [MESSAGE][WARNING] - A browser is already opened. Closing browser and opening a new one

2022-01-14 21:48:55 - [MESSAGE][INFO] - Starting 'Chrome' driver

2022-01-14 21:48:55 - [MESSAGE][INFO] - Action delay is set to 0 milliseconds

2022-01-14 21:48:56 - [MESSAGE][PASSED] - Browser is opened with url: ''

2022-01-14 21:48:56 - [TEST_STEP][PASSED] - navigateToUrl("http://localhost/"): Navigate to 'http://localhost/' successfully

2022-01-14 21:48:57 - [MESSAGE][PASSED] - Navigate to 'http://localhost/' successfully

2022-01-14 21:48:57 - [TEST_STEP][PASSED] - click(findTestObject("Object Repository/Page_HCMUS/a_Log in")): Object: 'Object Repository/Page_HCMUS/a_Log in' is clicked on

2022-01-14 21:48:58 - [MESSAGE][PASSED] - Object: 'Object Repository/Page_HCMUS/a_Log in' is clicked on

2022-01-14 21:48:58 - [TEST_STEP][PASSED] - setText(findTestObject("Object Repository/Page_HCMUS Log in to the site/input_Username_username"), "admin"): Text 'admin' is set on object 'Object Repository/Page_HCMUS Log in to the site/input_Username_username'

2022-01-14 21:49:00 - [MESSAGE][PASSED] - Text 'admin' is set on object 'Object Repository/Page_HCMUS Log in to the site/input_Username_username'

2022-01-14 21:49:00 - [TEST_STEP][PASSED] - setEncryptedText(findTestObject("Object Repository/Page_HCMUS Log in to the site/input_Password_password"), "5MU2PI2jvJCK/lBTYOwt6g=="): Text ****** has been set on object 'Object Repository/Page_HCMUS Log in to the site/input_Password_password'

2022-01-14 21:49:03 - [MESSAGE][PASSED] - Text ****** has been set on object 'Object Repository/Page_HCMUS Log in to the site/input_Password_password'

2022-01-14 21:49:03 - [TEST_STEP][PASSED] - click(findTestObject("Object Repository/Page_HCMUS Log in to the site/button_Log in")): Object: 'Object Repository/Page_HCMUS Log in to the site/button_Log in' is clicked on

2022-01-14 21:49:05 - [MESSAGE][PASSED] - Object: 'Object Repository/Page_HCMUS Log in to the site/button_Log in' is clicked on

2022-01-14 21:49:05 - [TEST_STEP][PASSED] - click(findTestObject("Object Repository/Page_Dashboard/span_Site home")): Object: 'Object Repository/Page_Dashboard/span_Site home' is clicked on

2022-01-14 21:49:09 - [MESSAGE][PASSED] - Object: 'Object Repository/Page_Dashboard/span_Site home' is clicked on

2022-01-14 21:49:09 - [TEST_STEP][PASSED] - click(findTestObject("Object Repository/Page_HCMUS/a_Nhp mn tr tu nhn to_1")): Object: 'Object Repository/Page_HCMUS/a_Nhp mn tr tu nhn to_1' is clicked on

2022-01-14 21:49:12 - [MESSAGE][PASSED] - Object: 'Object Repository/Page_HCMUS/a_Nhp mn tr tu nhn to_1' is clicked on

2022-01-14 21:49:12 - [TEST_STEP][PASSED] - click(findTestObject("Object Repository/Page_Course Nhp mn tr tu nhn to/span_Participants")): Object: 'Object Repository/Page_Course Nhp mn tr tu nhn to/span_Participants' is clicked on

2022-01-14 21:49:15 - [MESSAGE][PASSED] - Object: 'Object Repository/Page_Course Nhp mn tr tu nhn to/span_Participants' is clicked on

2022-01-14 21:49:15 - [TEST_STEP][PASSED] - click(findTestObject("Object Repository/Page_AI Participants/input_Participants_btn btn-secondary my-1")): Object: 'Object Repository/Page_AI Participants/input_Participants_btn btn-secondary my-1' is clicked on

2022-01-14 21:49:18 - [MESSAGE][PASSED] - Object: 'Object Repository/Page_AI Participants/input_Participants_btn btn-secondary my-1' is clicked on

2022-01-14 21:49:18 - [TEST_STEP][FAILED] - setText(findTestObject("Object Repository/Page_AI Participants/input_No selection_form_autocomplete_input-_6680aa"), "Student"): Unable to set text 'Student' of object 'Object Repository/Page_AI Participants/input_No selection_form_autocomplete_input-_6680aa' (Root cause: com.kms.katalon.core.exception.StepFailedException: Unable to set text 'Student' of object 'Object Repository/Page_AI Participants/input_No selection_form_autocomplete_input-_6680aa'
	at com.kms.katalon.core.webui.keyword.internal.WebUIKeywordMain.stepFailed(WebUIKeywordMain.groovy:64)
	at com.kms.katalon.core.webui.keyword.internal.WebUIKeywordMain.runKeyword(WebUIKeywordMain.groovy:26)
	at com.kms.katalon.core.webui.keyword.builtin.SetTextKeyword.setText(SetTextKeyword.groovy:66)
	at com.kms.katalon.core.webui.keyword.builtin.SetTextKeyword.execute(SetTextKeyword.groovy:37)
	at com.kms.katalon.core.keyword.internal.KeywordExecutor.executeKeywordForPlatform(KeywordExecutor.groovy:74)
	at com.kms.katalon.core.webui.keyword.WebUiBuiltInKeywords.setText(WebUiBuiltInKeywords.groovy:980)
	at com.kms.katalon.core.webui.keyword.WebUiBuiltInKeywords$setText$2.call(Unknown Source)
	at 12_thêm sinh viên vào course.run(12_thêm sinh viên vào course:40)
	at com.kms.katalon.core.main.ScriptEngine.run(ScriptEngine.java:194)
	at com.kms.katalon.core.main.ScriptEngine.runScriptAsRawText(ScriptEngine.java:119)
	at com.kms.katalon.core.main.TestCaseExecutor.runScript(TestCaseExecutor.java:442)
	at com.kms.katalon.core.main.TestCaseExecutor.doExecute(TestCaseExecutor.java:433)
	at com.kms.katalon.core.main.TestCaseExecutor.processExecutionPhase(TestCaseExecutor.java:412)
	at com.kms.katalon.core.main.TestCaseExecutor.accessMainPhase(TestCaseExecutor.java:404)
	at com.kms.katalon.core.main.TestCaseExecutor.execute(TestCaseExecutor.java:281)
	at com.kms.katalon.core.main.TestCaseExecutor.execute(TestCaseExecutor.java:363)
	at com.kms.katalon.core.main.TestCaseExecutor.execute(TestCaseExecutor.java:363)
	at com.kms.katalon.core.main.TestCaseExecutor.execute(TestCaseExecutor.java:363)
	at com.kms.katalon.core.main.TestSuiteExecutor.accessTestCaseMainPhase(TestSuiteExecutor.java:202)
	at com.kms.katalon.core.main.TestSuiteExecutor.accessTestSuiteMainPhase(TestSuiteExecutor.java:164)
	at com.kms.katalon.core.main.TestSuiteExecutor.execute(TestSuiteExecutor.java:105)
	at com.kms.katalon.core.main.TestCaseMain.startTestSuite(TestCaseMain.java:181)
	at com.kms.katalon.core.main.TestCaseMain$startTestSuite$0.call(Unknown Source)
	at TempTestSuite1642171212458.run(TempTestSuite1642171212458.groovy:36)
Caused by: com.kms.katalon.core.webui.exception.WebElementNotFoundException: Web element with id: 'Object Repository/Page_AI Participants/input_No selection_form_autocomplete_input-_6680aa' located by '//div[3]/input' not found
	at com.kms.katalon.core.webui.common.WebUiCommonHelper.findWebElement(WebUiCommonHelper.java:1368)
	at com.kms.katalon.core.webui.keyword.internal.WebUIAbstractKeyword.findWebElement(WebUIAbstractKeyword.groovy:27)
	at com.kms.katalon.core.webui.keyword.internal.WebUIAbstractKeyword.findWebElement(WebUIAbstractKeyword.groovy:26)
	at com.kms.katalon.core.webui.keyword.builtin.SetTextKeyword$_setText_closure1.doCall(SetTextKeyword.groovy:51)
	at com.kms.katalon.core.webui.keyword.builtin.SetTextKeyword$_setText_closure1.call(SetTextKeyword.groovy)
	at com.kms.katalon.core.webui.keyword.internal.WebUIKeywordMain.runKeyword(WebUIKeywordMain.groovy:20)
	at com.kms.katalon.core.webui.keyword.builtin.SetTextKeyword.setText(SetTextKeyword.groovy:66)
	at com.kms.katalon.core.webui.keyword.builtin.SetTextKeyword.execute(SetTextKeyword.groovy:37)
	at com.kms.katalon.core.keyword.internal.KeywordExecutor.executeKeywordForPlatform(KeywordExecutor.groovy:74)
	at com.kms.katalon.core.webui.keyword.WebUiBuiltInKeywords.setText(WebUiBuiltInKeywords.groovy:980)
	at com.kms.katalon.core.webui.keyword.WebUiBuiltInKeywords$setText$2.call(Unknown Source)
	at Script1641923001809.run(Script1641923001809.groovy:40)
	... 16 more
)

2022-01-14 21:49:25 - [MESSAGE][INFO] - Unable to find the element located by 'By.xpath: //div[3]/input'. Please recheck the objects properties to make sure the desired element is located. 

2022-01-14 21:49:25 - [MESSAGE][WARNING] - [SELF-HEALING] Failed to find element with id 'Object Repository/Page_AI Participants/input_No selection_form_autocomplete_input-_6680aa'. Try using Self-healing.

2022-01-14 21:49:27 - [MESSAGE][INFO] - [SELF-HEALING] Failed Locator: '//input[@id='form_autocomplete_input-1641957440283']'.

2022-01-14 21:49:29 - [MESSAGE][INFO] - [SELF-HEALING] Failed Locator: '//div[@id='yui_3_17_2_1_1641957440154_211']/input'.

2022-01-14 21:49:31 - [MESSAGE][INFO] - [SELF-HEALING] Failed Locator: '//div[3]/input'.

2022-01-14 21:49:34 - [MESSAGE][INFO] - Unable to find the element located by 'By.xpath: //*[@type = 'text' and @id = 'form_autocomplete_input-1641957440283' and @placeholder = 'Search']'. Please recheck the objects properties to make sure the desired element is located. 

2022-01-14 21:49:35 - [MESSAGE][INFO] - Unable to find the element located by 'By.cssSelector: #form_autocomplete_input-1641957440283'. Please recheck the objects properties to make sure the desired element is located. 

2022-01-14 21:49:36 - [MESSAGE][FAILED] - Unable to set text 'Student' of object 'Object Repository/Page_AI Participants/input_No selection_form_autocomplete_input-_6680aa' (Root cause: com.kms.katalon.core.exception.StepFailedException: Unable to set text 'Student' of object 'Object Repository/Page_AI Participants/input_No selection_form_autocomplete_input-_6680aa'
	at com.kms.katalon.core.webui.keyword.internal.WebUIKeywordMain.stepFailed(WebUIKeywordMain.groovy:64)
	at com.kms.katalon.core.webui.keyword.internal.WebUIKeywordMain.runKeyword(WebUIKeywordMain.groovy:26)
	at com.kms.katalon.core.webui.keyword.builtin.SetTextKeyword.setText(SetTextKeyword.groovy:66)
	at com.kms.katalon.core.webui.keyword.builtin.SetTextKeyword.execute(SetTextKeyword.groovy:37)
	at com.kms.katalon.core.keyword.internal.KeywordExecutor.executeKeywordForPlatform(KeywordExecutor.groovy:74)
	at com.kms.katalon.core.webui.keyword.WebUiBuiltInKeywords.setText(WebUiBuiltInKeywords.groovy:980)
	at com.kms.katalon.core.webui.keyword.WebUiBuiltInKeywords$setText$2.call(Unknown Source)
	at 12_thêm sinh viên vào course.run(12_thêm sinh viên vào course:40)
	at com.kms.katalon.core.main.ScriptEngine.run(ScriptEngine.java:194)
	at com.kms.katalon.core.main.ScriptEngine.runScriptAsRawText(ScriptEngine.java:119)
	at com.kms.katalon.core.main.TestCaseExecutor.runScript(TestCaseExecutor.java:442)
	at com.kms.katalon.core.main.TestCaseExecutor.doExecute(TestCaseExecutor.java:433)
	at com.kms.katalon.core.main.TestCaseExecutor.processExecutionPhase(TestCaseExecutor.java:412)
	at com.kms.katalon.core.main.TestCaseExecutor.accessMainPhase(TestCaseExecutor.java:404)
	at com.kms.katalon.core.main.TestCaseExecutor.execute(TestCaseExecutor.java:281)
	at com.kms.katalon.core.main.TestCaseExecutor.execute(TestCaseExecutor.java:363)
	at com.kms.katalon.core.main.TestCaseExecutor.execute(TestCaseExecutor.java:363)
	at com.kms.katalon.core.main.TestCaseExecutor.execute(TestCaseExecutor.java:363)
	at com.kms.katalon.core.main.TestSuiteExecutor.accessTestCaseMainPhase(TestSuiteExecutor.java:202)
	at com.kms.katalon.core.main.TestSuiteExecutor.accessTestSuiteMainPhase(TestSuiteExecutor.java:164)
	at com.kms.katalon.core.main.TestSuiteExecutor.execute(TestSuiteExecutor.java:105)
	at com.kms.katalon.core.main.TestCaseMain.startTestSuite(TestCaseMain.java:181)
	at com.kms.katalon.core.main.TestCaseMain$startTestSuite$0.call(Unknown Source)
	at TempTestSuite1642171212458.run(TempTestSuite1642171212458.groovy:36)
Caused by: com.kms.katalon.core.webui.exception.WebElementNotFoundException: Web element with id: 'Object Repository/Page_AI Participants/input_No selection_form_autocomplete_input-_6680aa' located by '//div[3]/input' not found
	at com.kms.katalon.core.webui.common.WebUiCommonHelper.findWebElement(WebUiCommonHelper.java:1368)
	at com.kms.katalon.core.webui.keyword.internal.WebUIAbstractKeyword.findWebElement(WebUIAbstractKeyword.groovy:27)
	at com.kms.katalon.core.webui.keyword.internal.WebUIAbstractKeyword.findWebElement(WebUIAbstractKeyword.groovy:26)
	at com.kms.katalon.core.webui.keyword.builtin.SetTextKeyword$_setText_closure1.doCall(SetTextKeyword.groovy:51)
	at com.kms.katalon.core.webui.keyword.builtin.SetTextKeyword$_setText_closure1.call(SetTextKeyword.groovy)
	at com.kms.katalon.core.webui.keyword.internal.WebUIKeywordMain.runKeyword(WebUIKeywordMain.groovy:20)
	at com.kms.katalon.core.webui.keyword.builtin.SetTextKeyword.setText(SetTextKeyword.groovy:66)
	at com.kms.katalon.core.webui.keyword.builtin.SetTextKeyword.execute(SetTextKeyword.groovy:37)
	at com.kms.katalon.core.keyword.internal.KeywordExecutor.executeKeywordForPlatform(KeywordExecutor.groovy:74)
	at com.kms.katalon.core.webui.keyword.WebUiBuiltInKeywords.setText(WebUiBuiltInKeywords.groovy:980)
	at com.kms.katalon.core.webui.keyword.WebUiBuiltInKeywords$setText$2.call(Unknown Source)
	at Script1641923001809.run(Script1641923001809.groovy:40)
	... 16 more
)
[[ATTACHMENT|D:\\nam 3\\nhap mon CNPM\\bonus project\\Test-Automation-SE-Bonus\\Reports\\20220114_214012\\Run all test cases\\20220114_214012\\1642171775980.png]]]]></system-out>
         <system-err><![CDATA[2022-01-14 21:48:55 - [TEST_CASE][FAILED] - Test Cases/12_thêm sinh viên vào course: Test Cases/12_thêm sinh viên vào course FAILED.
Reason:
com.kms.katalon.core.exception.StepFailedException: Unable to set text 'Student' of object 'Object Repository/Page_AI Participants/input_No selection_form_autocomplete_input-_6680aa'
	at com.kms.katalon.core.webui.keyword.internal.WebUIKeywordMain.stepFailed(WebUIKeywordMain.groovy:64)
	at com.kms.katalon.core.webui.keyword.internal.WebUIKeywordMain.runKeyword(WebUIKeywordMain.groovy:26)
	at com.kms.katalon.core.webui.keyword.builtin.SetTextKeyword.setText(SetTextKeyword.groovy:66)
	at com.kms.katalon.core.webui.keyword.builtin.SetTextKeyword.execute(SetTextKeyword.groovy:37)
	at com.kms.katalon.core.keyword.internal.KeywordExecutor.executeKeywordForPlatform(KeywordExecutor.groovy:74)
	at com.kms.katalon.core.webui.keyword.WebUiBuiltInKeywords.setText(WebUiBuiltInKeywords.groovy:980)
	at com.kms.katalon.core.webui.keyword.WebUiBuiltInKeywords$setText$2.call(Unknown Source)
	at 12_thêm sinh viên vào course.run(12_thêm sinh viên vào course:40)
	at com.kms.katalon.core.main.ScriptEngine.run(ScriptEngine.java:194)
	at com.kms.katalon.core.main.ScriptEngine.runScriptAsRawText(ScriptEngine.java:119)
	at com.kms.katalon.core.main.TestCaseExecutor.runScript(TestCaseExecutor.java:442)
	at com.kms.katalon.core.main.TestCaseExecutor.doExecute(TestCaseExecutor.java:433)
	at com.kms.katalon.core.main.TestCaseExecutor.processExecutionPhase(TestCaseExecutor.java:412)
	at com.kms.katalon.core.main.TestCaseExecutor.accessMainPhase(TestCaseExecutor.java:404)
	at com.kms.katalon.core.main.TestCaseExecutor.execute(TestCaseExecutor.java:281)
	at com.kms.katalon.core.main.TestCaseExecutor.execute(TestCaseExecutor.java:363)
	at com.kms.katalon.core.main.TestCaseExecutor.execute(TestCaseExecutor.java:363)
	at com.kms.katalon.core.main.TestCaseExecutor.execute(TestCaseExecutor.java:363)
	at com.kms.katalon.core.main.TestSuiteExecutor.accessTestCaseMainPhase(TestSuiteExecutor.java:202)
	at com.kms.katalon.core.main.TestSuiteExecutor.accessTestSuiteMainPhase(TestSuiteExecutor.java:164)
	at com.kms.katalon.core.main.TestSuiteExecutor.execute(TestSuiteExecutor.java:105)
	at com.kms.katalon.core.main.TestCaseMain.startTestSuite(TestCaseMain.java:181)
	at com.kms.katalon.core.main.TestCaseMain$startTestSuite$0.call(Unknown Source)
	at TempTestSuite1642171212458.run(TempTestSuite1642171212458.groovy:36)
Caused by: com.kms.katalon.core.webui.exception.WebElementNotFoundException: Web element with id: 'Object Repository/Page_AI Participants/input_No selection_form_autocomplete_input-_6680aa' located by '//div[3]/input' not found
	at com.kms.katalon.core.webui.common.WebUiCommonHelper.findWebElement(WebUiCommonHelper.java:1368)
	at com.kms.katalon.core.webui.keyword.internal.WebUIAbstractKeyword.findWebElement(WebUIAbstractKeyword.groovy:27)
	at com.kms.katalon.core.webui.keyword.internal.WebUIAbstractKeyword.findWebElement(WebUIAbstractKeyword.groovy:26)
	at com.kms.katalon.core.webui.keyword.builtin.SetTextKeyword$_setText_closure1.doCall(SetTextKeyword.groovy:51)
	at com.kms.katalon.core.webui.keyword.builtin.SetTextKeyword$_setText_closure1.call(SetTextKeyword.groovy)
	at com.kms.katalon.core.webui.keyword.internal.WebUIKeywordMain.runKeyword(WebUIKeywordMain.groovy:20)
	... 22 more]]></system-err>
      </testcase>
      <testcase name="Test Cases/13_thêm giáo viên vào course" time="63.611" classname="Test Cases/13_thêm giáo viên vào course" status="PASSED">
         <system-out><![CDATA[2022-01-14 21:49:36 - [TEST_CASE][PASSED] - Test Cases/13_thêm giáo viên vào course: Test Cases/13_thêm giáo viên vào course

2022-01-14 21:49:36 - [TEST_STEP][PASSED] - openBrowser(""): Browser is opened with url: ''

2022-01-14 21:49:36 - [MESSAGE][WARNING] - A browser is already opened. Closing browser and opening a new one

2022-01-14 21:49:37 - [MESSAGE][INFO] - Starting 'Chrome' driver

2022-01-14 21:49:37 - [MESSAGE][INFO] - Action delay is set to 0 milliseconds

2022-01-14 21:49:38 - [MESSAGE][PASSED] - Browser is opened with url: ''

2022-01-14 21:49:38 - [TEST_STEP][PASSED] - navigateToUrl("http://localhost/"): Navigate to 'http://localhost/' successfully

2022-01-14 21:49:38 - [MESSAGE][PASSED] - Navigate to 'http://localhost/' successfully

2022-01-14 21:49:38 - [TEST_STEP][PASSED] - click(findTestObject("Object Repository/Page_HCMUS/a_Log in")): Object: 'Object Repository/Page_HCMUS/a_Log in' is clicked on

2022-01-14 21:49:39 - [MESSAGE][PASSED] - Object: 'Object Repository/Page_HCMUS/a_Log in' is clicked on

2022-01-14 21:49:39 - [TEST_STEP][PASSED] - setText(findTestObject("Object Repository/Page_HCMUS Log in to the site/input_Username_username"), "admin"): Text 'admin' is set on object 'Object Repository/Page_HCMUS Log in to the site/input_Username_username'

2022-01-14 21:49:40 - [MESSAGE][PASSED] - Text 'admin' is set on object 'Object Repository/Page_HCMUS Log in to the site/input_Username_username'

2022-01-14 21:49:40 - [TEST_STEP][PASSED] - setEncryptedText(findTestObject("Object Repository/Page_HCMUS Log in to the site/input_Password_password"), "5MU2PI2jvJCK/lBTYOwt6g=="): Text ****** has been set on object 'Object Repository/Page_HCMUS Log in to the site/input_Password_password'

2022-01-14 21:49:40 - [MESSAGE][PASSED] - Text ****** has been set on object 'Object Repository/Page_HCMUS Log in to the site/input_Password_password'

2022-01-14 21:49:40 - [TEST_STEP][PASSED] - click(findTestObject("Object Repository/Page_HCMUS Log in to the site/button_Log in")): Object: 'Object Repository/Page_HCMUS Log in to the site/button_Log in' is clicked on

2022-01-14 21:49:41 - [MESSAGE][PASSED] - Object: 'Object Repository/Page_HCMUS Log in to the site/button_Log in' is clicked on

2022-01-14 21:49:41 - [TEST_STEP][PASSED] - click(findTestObject("Object Repository/Page_Dashboard/span_Site home")): Object: 'Object Repository/Page_Dashboard/span_Site home' is clicked on

2022-01-14 21:49:43 - [MESSAGE][PASSED] - Object: 'Object Repository/Page_Dashboard/span_Site home' is clicked on

2022-01-14 21:49:43 - [TEST_STEP][PASSED] - click(findTestObject("Object Repository/Page_HCMUS/a_Nhp mn tr tu nhn to")): Object: 'Object Repository/Page_HCMUS/a_Nhp mn tr tu nhn to' is clicked on

2022-01-14 21:49:44 - [MESSAGE][PASSED] - Object: 'Object Repository/Page_HCMUS/a_Nhp mn tr tu nhn to' is clicked on

2022-01-14 21:49:44 - [TEST_STEP][PASSED] - click(findTestObject("Object Repository/Page_Course Nhp mn tr tu nhn to/span_Participants")): Object: 'Object Repository/Page_Course Nhp mn tr tu nhn to/span_Participants' is clicked on

2022-01-14 21:49:45 - [MESSAGE][PASSED] - Object: 'Object Repository/Page_Course Nhp mn tr tu nhn to/span_Participants' is clicked on

2022-01-14 21:49:45 - [TEST_STEP][PASSED] - click(findTestObject("Object Repository/Page_AI Participants/input_Participants_btn btn-secondary my-1")): Object: 'Object Repository/Page_AI Participants/input_Participants_btn btn-secondary my-1' is clicked on

2022-01-14 21:49:45 - [MESSAGE][PASSED] - Object: 'Object Repository/Page_AI Participants/input_Participants_btn btn-secondary my-1' is clicked on

2022-01-14 21:49:45 - [TEST_STEP][PASSED] - setText(findTestObject("Object Repository/Page_AI Participants/input_No selection_form_autocomplete_input-_badfe2"), "Teacher"): Text 'Teacher' is set on object 'Object Repository/Page_AI Participants/input_No selection_form_autocomplete_input-_badfe2'

2022-01-14 21:49:52 - [MESSAGE][INFO] - Unable to find the element located by 'By.xpath: //input[@id='form_autocomplete_input-1641958206930']'. Please recheck the objects properties to make sure the desired element is located. 

2022-01-14 21:49:52 - [MESSAGE][WARNING] - [SELF-HEALING] Failed to find element with id 'Object Repository/Page_AI Participants/input_No selection_form_autocomplete_input-_badfe2'. Try using Self-healing.

2022-01-14 21:49:52 - [MESSAGE][WARNING] - [SELF-HEALING] The current locator of test object 'Object Repository/Page_AI Participants/input_No selection_form_autocomplete_input-_badfe2' was broken. Propose an alternative one: '//div[3]/input'.

2022-01-14 21:49:58 - [MESSAGE][INFO] - Unable to find the element located by 'By.xpath: //input[@id='form_autocomplete_input-1641958206930']'. Please recheck the objects properties to make sure the desired element is located. 

2022-01-14 21:49:58 - [MESSAGE][WARNING] - [SELF-HEALING] Failed to find element with id 'Object Repository/Page_AI Participants/input_No selection_form_autocomplete_input-_badfe2'. Try using Self-healing.

2022-01-14 21:49:58 - [MESSAGE][WARNING] - [SELF-HEALING] The current locator of test object 'Object Repository/Page_AI Participants/input_No selection_form_autocomplete_input-_badfe2' was broken. Propose an alternative one: '//div[3]/input'.

2022-01-14 21:49:58 - [MESSAGE][PASSED] - Text 'Teacher' is set on object 'Object Repository/Page_AI Participants/input_No selection_form_autocomplete_input-_badfe2'

2022-01-14 21:49:58 - [TEST_STEP][PASSED] - click(findTestObject("Object Repository/Page_AI Participants/span_Teacher Hubbard")): Object: 'Object Repository/Page_AI Participants/span_Teacher Hubbard' is clicked on

2022-01-14 21:50:04 - [MESSAGE][INFO] - Unable to find the element located by 'By.xpath: //li[@id='form_autocomplete_suggestions-1641958206930-0']/span/span'. Please recheck the objects properties to make sure the desired element is located. 

2022-01-14 21:50:04 - [MESSAGE][WARNING] - [SELF-HEALING] Failed to find element with id 'Object Repository/Page_AI Participants/span_Teacher Hubbard'. Try using Self-healing.

2022-01-14 21:50:05 - [MESSAGE][WARNING] - [SELF-HEALING] The current locator of test object 'Object Repository/Page_AI Participants/span_Teacher Hubbard' was broken. Propose an alternative one: '(.//*[normalize-space(text()) and normalize-space(.)='▼'])[1]/following::span[2]'.

2022-01-14 21:50:05 - [MESSAGE][PASSED] - Object: 'Object Repository/Page_AI Participants/span_Teacher Hubbard' is clicked on

2022-01-14 21:50:05 - [TEST_STEP][PASSED] - click(findTestObject("Object Repository/Page_AI Participants/span_Teacher Morrill")): Object: 'Object Repository/Page_AI Participants/span_Teacher Morrill' is clicked on

2022-01-14 21:50:11 - [MESSAGE][INFO] - Unable to find the element located by 'By.xpath: //li[@id='form_autocomplete_suggestions-1641958206930-0']/span/span'. Please recheck the objects properties to make sure the desired element is located. 

2022-01-14 21:50:11 - [MESSAGE][WARNING] - [SELF-HEALING] Failed to find element with id 'Object Repository/Page_AI Participants/span_Teacher Morrill'. Try using Self-healing.

2022-01-14 21:50:11 - [MESSAGE][WARNING] - [SELF-HEALING] The current locator of test object 'Object Repository/Page_AI Participants/span_Teacher Morrill' was broken. Propose an alternative one: '(.//*[normalize-space(text()) and normalize-space(.)='▼'])[1]/following::span[2]'.

2022-01-14 21:50:11 - [MESSAGE][PASSED] - Object: 'Object Repository/Page_AI Participants/span_Teacher Morrill' is clicked on

2022-01-14 21:50:11 - [TEST_STEP][PASSED] - click(findTestObject("Object Repository/Page_AI Participants/span_Teacher Quarles")): Object: 'Object Repository/Page_AI Participants/span_Teacher Quarles' is clicked on

2022-01-14 21:50:17 - [MESSAGE][INFO] - Unable to find the element located by 'By.xpath: //li[@id='form_autocomplete_suggestions-1641958206930-0']/span/span'. Please recheck the objects properties to make sure the desired element is located. 

2022-01-14 21:50:17 - [MESSAGE][WARNING] - [SELF-HEALING] Failed to find element with id 'Object Repository/Page_AI Participants/span_Teacher Quarles'. Try using Self-healing.

2022-01-14 21:50:18 - [MESSAGE][WARNING] - [SELF-HEALING] The current locator of test object 'Object Repository/Page_AI Participants/span_Teacher Quarles' was broken. Propose an alternative one: '(.//*[normalize-space(text()) and normalize-space(.)='▼'])[1]/following::span[2]'.

2022-01-14 21:50:18 - [MESSAGE][PASSED] - Object: 'Object Repository/Page_AI Participants/span_Teacher Quarles' is clicked on

2022-01-14 21:50:18 - [TEST_STEP][PASSED] - selectOptionByValue(findTestObject("Object Repository/Page_AI Participants/select_Manager            Teacher          _ffc00f"), "3", true): All options with value '3' are selected in object 'Object Repository/Page_AI Participants/select_Manager            Teacher          _ffc00f'  using regular expression

2022-01-14 21:50:19 - [MESSAGE][PASSED] - All options with value '3' are selected in object 'Object Repository/Page_AI Participants/select_Manager            Teacher          _ffc00f'  using regular expression

2022-01-14 21:50:19 - [TEST_STEP][PASSED] - click(findTestObject("Object Repository/Page_AI Participants/button_Enrol users")): Object: 'Object Repository/Page_AI Participants/button_Enrol users' is clicked on

2022-01-14 21:50:25 - [MESSAGE][INFO] - Unable to find the element located by 'By.xpath: //button[@id='yui_3_17_2_1_1641958206772_353']'. Please recheck the objects properties to make sure the desired element is located. 

2022-01-14 21:50:25 - [MESSAGE][WARNING] - [SELF-HEALING] Failed to find element with id 'Object Repository/Page_AI Participants/button_Enrol users'. Try using Self-healing.

2022-01-14 21:50:25 - [MESSAGE][WARNING] - [SELF-HEALING] The current locator of test object 'Object Repository/Page_AI Participants/button_Enrol users' was broken. Propose an alternative one: '(.//*[normalize-space(text()) and normalize-space(.)='Minute'])[1]/following::button[1]'.

2022-01-14 21:50:25 - [MESSAGE][PASSED] - Object: 'Object Repository/Page_AI Participants/button_Enrol users' is clicked on

2022-01-14 21:50:25 - [TEST_STEP][PASSED] - click(findTestObject("Object Repository/Page_AI Participants/a_T")): Object: 'Object Repository/Page_AI Participants/a_T' is clicked on

2022-01-14 21:50:32 - [MESSAGE][INFO] - Unable to find the element located by 'By.xpath: //a[@id='yui_3_17_2_1_1642092967455_233']'. Please recheck the objects properties to make sure the desired element is located. 

2022-01-14 21:50:32 - [MESSAGE][WARNING] - [SELF-HEALING] Failed to find element with id 'Object Repository/Page_AI Participants/a_T'. Try using Self-healing.

2022-01-14 21:50:32 - [MESSAGE][WARNING] - [SELF-HEALING] The current locator of test object 'Object Repository/Page_AI Participants/a_T' was broken. Propose an alternative one: '//a[contains(text(),'T')]'.

2022-01-14 21:50:32 - [MESSAGE][PASSED] - Object: 'Object Repository/Page_AI Participants/a_T' is clicked on

2022-01-14 21:50:32 - [TEST_STEP][PASSED] - verifyElementText(findTestObject("Object Repository/Page_AI Participants/td_t1example.com"), "t1@example.com"): Actual text and expected text of test object 'Object Repository/Page_AI Participants/td_t1example.com' are matched.

2022-01-14 21:50:39 - [MESSAGE][INFO] - Unable to find the element located by 'By.xpath: //td[@id='user-index-participants-2_r0_c2']'. Please recheck the objects properties to make sure the desired element is located. 

2022-01-14 21:50:39 - [MESSAGE][WARNING] - [SELF-HEALING] Failed to find element with id 'Object Repository/Page_AI Participants/td_t1example.com'. Try using Self-healing.

2022-01-14 21:50:39 - [MESSAGE][WARNING] - [SELF-HEALING] The current locator of test object 'Object Repository/Page_AI Participants/td_t1example.com' was broken. Propose an alternative one: '//*/text()[normalize-space(.)='t1@example.com']/parent::*'.

2022-01-14 21:50:39 - [MESSAGE][PASSED] - Actual text and expected text of test object 'Object Repository/Page_AI Participants/td_t1example.com' are matched.

2022-01-14 21:50:39 - [TEST_STEP][PASSED] - closeBrowser(): Browser is closed

2022-01-14 21:50:39 - [MESSAGE][PASSED] - Browser is closed]]></system-out>
         <system-err><![CDATA[]]></system-err>
      </testcase>
      <testcase name="Test Cases/14_tìm kiếm theo vai trò" time="57.799" classname="Test Cases/14_tìm kiếm theo vai trò" status="PASSED">
         <system-out><![CDATA[2022-01-14 21:50:39 - [TEST_CASE][PASSED] - Test Cases/14_tìm kiếm theo vai trò: Test Cases/14_tìm kiếm theo vai trò

2022-01-14 21:50:40 - [TEST_STEP][PASSED] - openBrowser(""): Browser is opened with url: ''

2022-01-14 21:50:40 - [MESSAGE][INFO] - Starting 'Chrome' driver

2022-01-14 21:50:40 - [MESSAGE][INFO] - Action delay is set to 0 milliseconds

2022-01-14 21:50:41 - [MESSAGE][PASSED] - Browser is opened with url: ''

2022-01-14 21:50:41 - [TEST_STEP][PASSED] - navigateToUrl("http://localhost/"): Navigate to 'http://localhost/' successfully

2022-01-14 21:50:41 - [MESSAGE][PASSED] - Navigate to 'http://localhost/' successfully

2022-01-14 21:50:41 - [TEST_STEP][PASSED] - click(findTestObject("Object Repository/Page_HCMUS/a_Log in")): Object: 'Object Repository/Page_HCMUS/a_Log in' is clicked on

2022-01-14 21:50:42 - [MESSAGE][PASSED] - Object: 'Object Repository/Page_HCMUS/a_Log in' is clicked on

2022-01-14 21:50:42 - [TEST_STEP][PASSED] - setText(findTestObject("Object Repository/Page_HCMUS Log in to the site/input_Username_username"), "admin"): Text 'admin' is set on object 'Object Repository/Page_HCMUS Log in to the site/input_Username_username'

2022-01-14 21:50:43 - [MESSAGE][PASSED] - Text 'admin' is set on object 'Object Repository/Page_HCMUS Log in to the site/input_Username_username'

2022-01-14 21:50:43 - [TEST_STEP][PASSED] - setEncryptedText(findTestObject("Object Repository/Page_HCMUS Log in to the site/input_Password_password"), "5MU2PI2jvJCK/lBTYOwt6g=="): Text ****** has been set on object 'Object Repository/Page_HCMUS Log in to the site/input_Password_password'

2022-01-14 21:50:43 - [MESSAGE][PASSED] - Text ****** has been set on object 'Object Repository/Page_HCMUS Log in to the site/input_Password_password'

2022-01-14 21:50:43 - [TEST_STEP][PASSED] - click(findTestObject("Object Repository/Page_HCMUS Log in to the site/button_Log in")): Object: 'Object Repository/Page_HCMUS Log in to the site/button_Log in' is clicked on

2022-01-14 21:50:44 - [MESSAGE][PASSED] - Object: 'Object Repository/Page_HCMUS Log in to the site/button_Log in' is clicked on

2022-01-14 21:50:44 - [TEST_STEP][PASSED] - click(findTestObject("Object Repository/Page_Dashboard/span_Site home")): Object: 'Object Repository/Page_Dashboard/span_Site home' is clicked on

2022-01-14 21:50:47 - [MESSAGE][PASSED] - Object: 'Object Repository/Page_Dashboard/span_Site home' is clicked on

2022-01-14 21:50:47 - [TEST_STEP][PASSED] - click(findTestObject("Object Repository/Page_HCMUS/a_Nhp mn tr tu nhn to")): Object: 'Object Repository/Page_HCMUS/a_Nhp mn tr tu nhn to' is clicked on

2022-01-14 21:50:48 - [MESSAGE][PASSED] - Object: 'Object Repository/Page_HCMUS/a_Nhp mn tr tu nhn to' is clicked on

2022-01-14 21:50:48 - [TEST_STEP][PASSED] - click(findTestObject("Object Repository/Page_Course Nhp mn tr tu nhn to/span_Participants")): Object: 'Object Repository/Page_Course Nhp mn tr tu nhn to/span_Participants' is clicked on

2022-01-14 21:50:48 - [MESSAGE][PASSED] - Object: 'Object Repository/Page_Course Nhp mn tr tu nhn to/span_Participants' is clicked on

2022-01-14 21:50:48 - [TEST_STEP][PASSED] - selectOptionByValue(findTestObject("Object Repository/Page_AI Participants/select_Select            Keyword           _1df56e"), "roles", true): All options with value 'roles' are selected in object 'Object Repository/Page_AI Participants/select_Select            Keyword           _1df56e'  using regular expression

2022-01-14 21:50:55 - [MESSAGE][INFO] - Unable to find the element located by 'By.xpath: //select[@id='core_user-local-participantsfilter-filterrow-filtertype-10']'. Please recheck the objects properties to make sure the desired element is located. 

2022-01-14 21:50:55 - [MESSAGE][WARNING] - [SELF-HEALING] Failed to find element with id 'Object Repository/Page_AI Participants/select_Select            Keyword           _1df56e'. Try using Self-healing.

2022-01-14 21:50:55 - [MESSAGE][WARNING] - [SELF-HEALING] The current locator of test object 'Object Repository/Page_AI Participants/select_Select            Keyword           _1df56e' was broken. Propose an alternative one: '(.//*[normalize-space(text()) and normalize-space(.)='Filter type'])[1]/following::select[1]'.

2022-01-14 21:50:55 - [MESSAGE][PASSED] - All options with value 'roles' are selected in object 'Object Repository/Page_AI Participants/select_Select            Keyword           _1df56e'  using regular expression

2022-01-14 21:50:55 - [TEST_STEP][PASSED] - setText(findTestObject("Object Repository/Page_AI Participants/input_Roles_form_autocomplete_input-1641958602006"), "Teacher"): Text 'Teacher' is set on object 'Object Repository/Page_AI Participants/input_Roles_form_autocomplete_input-1641958602006'

2022-01-14 21:51:02 - [MESSAGE][INFO] - Unable to find the element located by 'By.xpath: //input[@id='form_autocomplete_input-1641958602006']'. Please recheck the objects properties to make sure the desired element is located. 

2022-01-14 21:51:02 - [MESSAGE][WARNING] - [SELF-HEALING] Failed to find element with id 'Object Repository/Page_AI Participants/input_Roles_form_autocomplete_input-1641958602006'. Try using Self-healing.

2022-01-14 21:51:02 - [MESSAGE][WARNING] - [SELF-HEALING] The current locator of test object 'Object Repository/Page_AI Participants/input_Roles_form_autocomplete_input-1641958602006' was broken. Propose an alternative one: '//div[2]/div/input'.

2022-01-14 21:51:08 - [MESSAGE][INFO] - Unable to find the element located by 'By.xpath: //input[@id='form_autocomplete_input-1641958602006']'. Please recheck the objects properties to make sure the desired element is located. 

2022-01-14 21:51:08 - [MESSAGE][WARNING] - [SELF-HEALING] Failed to find element with id 'Object Repository/Page_AI Participants/input_Roles_form_autocomplete_input-1641958602006'. Try using Self-healing.

2022-01-14 21:51:08 - [MESSAGE][WARNING] - [SELF-HEALING] The current locator of test object 'Object Repository/Page_AI Participants/input_Roles_form_autocomplete_input-1641958602006' was broken. Propose an alternative one: '//div[2]/div/input'.

2022-01-14 21:51:08 - [MESSAGE][PASSED] - Text 'Teacher' is set on object 'Object Repository/Page_AI Participants/input_Roles_form_autocomplete_input-1641958602006'

2022-01-14 21:51:08 - [TEST_STEP][PASSED] - click(findTestObject("Object Repository/Page_AI Participants/li_Teacher")): Object: 'Object Repository/Page_AI Participants/li_Teacher' is clicked on

2022-01-14 21:51:15 - [MESSAGE][INFO] - Unable to find the element located by 'By.xpath: //li[@id='form_autocomplete_suggestions-1641958602006-3']'. Please recheck the objects properties to make sure the desired element is located. 

2022-01-14 21:51:15 - [MESSAGE][WARNING] - [SELF-HEALING] Failed to find element with id 'Object Repository/Page_AI Participants/li_Teacher'. Try using Self-healing.

2022-01-14 21:51:15 - [MESSAGE][WARNING] - [SELF-HEALING] The current locator of test object 'Object Repository/Page_AI Participants/li_Teacher' was broken. Propose an alternative one: '(.//*[normalize-space(text()) and normalize-space(.)='▼'])[1]/following::li[4]'.

2022-01-14 21:51:15 - [MESSAGE][PASSED] - Object: 'Object Repository/Page_AI Participants/li_Teacher' is clicked on

2022-01-14 21:51:15 - [TEST_STEP][PASSED] - selectOptionByValue(findTestObject("Object Repository/Page_AI Participants/select_No roles                    Manager _431b74"), "3", true): All options with value '3' are selected in object 'Object Repository/Page_AI Participants/select_No roles                    Manager _431b74'  using regular expression

2022-01-14 21:51:16 - [MESSAGE][PASSED] - All options with value '3' are selected in object 'Object Repository/Page_AI Participants/select_No roles                    Manager _431b74'  using regular expression

2022-01-14 21:51:16 - [TEST_STEP][PASSED] - selectOptionByValue(findTestObject("Object Repository/Page_AI Participants/select_No roles                    Manager _431b74"), "3", true): All options with value '3' are selected in object 'Object Repository/Page_AI Participants/select_No roles                    Manager _431b74'  using regular expression

2022-01-14 21:51:17 - [MESSAGE][PASSED] - All options with value '3' are selected in object 'Object Repository/Page_AI Participants/select_No roles                    Manager _431b74'  using regular expression

2022-01-14 21:51:17 - [TEST_STEP][PASSED] - selectOptionByValue(findTestObject("Object Repository/Page_AI Participants/select_No roles                    Manager _431b74"), "3", true): All options with value '3' are selected in object 'Object Repository/Page_AI Participants/select_No roles                    Manager _431b74'  using regular expression

2022-01-14 21:51:18 - [MESSAGE][PASSED] - All options with value '3' are selected in object 'Object Repository/Page_AI Participants/select_No roles                    Manager _431b74'  using regular expression

2022-01-14 21:51:18 - [TEST_STEP][PASSED] - selectOptionByValue(findTestObject("Object Repository/Page_AI Participants/select_No roles                    Manager _431b74"), "3", true): All options with value '3' are selected in object 'Object Repository/Page_AI Participants/select_No roles                    Manager _431b74'  using regular expression

2022-01-14 21:51:19 - [MESSAGE][PASSED] - All options with value '3' are selected in object 'Object Repository/Page_AI Participants/select_No roles                    Manager _431b74'  using regular expression

2022-01-14 21:51:19 - [TEST_STEP][PASSED] - selectOptionByValue(findTestObject("Object Repository/Page_AI Participants/select_No roles                    Manager _431b74"), "3", true): All options with value '3' are selected in object 'Object Repository/Page_AI Participants/select_No roles                    Manager _431b74'  using regular expression

2022-01-14 21:51:19 - [MESSAGE][PASSED] - All options with value '3' are selected in object 'Object Repository/Page_AI Participants/select_No roles                    Manager _431b74'  using regular expression

2022-01-14 21:51:19 - [TEST_STEP][PASSED] - selectOptionByValue(findTestObject("Object Repository/Page_AI Participants/select_No roles                    Manager _431b74"), "3", true): All options with value '3' are selected in object 'Object Repository/Page_AI Participants/select_No roles                    Manager _431b74'  using regular expression

2022-01-14 21:51:20 - [MESSAGE][PASSED] - All options with value '3' are selected in object 'Object Repository/Page_AI Participants/select_No roles                    Manager _431b74'  using regular expression

2022-01-14 21:51:20 - [TEST_STEP][PASSED] - selectOptionByValue(findTestObject("Object Repository/Page_AI Participants/select_No roles                    Manager _431b74"), "3", true): All options with value '3' are selected in object 'Object Repository/Page_AI Participants/select_No roles                    Manager _431b74'  using regular expression

2022-01-14 21:51:21 - [MESSAGE][PASSED] - All options with value '3' are selected in object 'Object Repository/Page_AI Participants/select_No roles                    Manager _431b74'  using regular expression

2022-01-14 21:51:21 - [TEST_STEP][PASSED] - selectOptionByValue(findTestObject("Object Repository/Page_AI Participants/select_No roles                    Manager _431b74"), "3", true): All options with value '3' are selected in object 'Object Repository/Page_AI Participants/select_No roles                    Manager _431b74'  using regular expression

2022-01-14 21:51:22 - [MESSAGE][PASSED] - All options with value '3' are selected in object 'Object Repository/Page_AI Participants/select_No roles                    Manager _431b74'  using regular expression

2022-01-14 21:51:22 - [TEST_STEP][PASSED] - selectOptionByValue(findTestObject("Object Repository/Page_AI Participants/select_No roles                    Manager _431b74"), "3", true): All options with value '3' are selected in object 'Object Repository/Page_AI Participants/select_No roles                    Manager _431b74'  using regular expression

2022-01-14 21:51:23 - [MESSAGE][PASSED] - All options with value '3' are selected in object 'Object Repository/Page_AI Participants/select_No roles                    Manager _431b74'  using regular expression

2022-01-14 21:51:23 - [TEST_STEP][PASSED] - click(findTestObject("Object Repository/Page_AI Participants/button_Apply filters_1")): Object: 'Object Repository/Page_AI Participants/button_Apply filters_1' is clicked on

2022-01-14 21:51:29 - [MESSAGE][INFO] - Unable to find the element located by 'By.xpath: //button[@id='yui_3_17_2_1_1641958601846_71']'. Please recheck the objects properties to make sure the desired element is located. 

2022-01-14 21:51:29 - [MESSAGE][WARNING] - [SELF-HEALING] Failed to find element with id 'Object Repository/Page_AI Participants/button_Apply filters_1'. Try using Self-healing.

2022-01-14 21:51:29 - [MESSAGE][WARNING] - [SELF-HEALING] The current locator of test object 'Object Repository/Page_AI Participants/button_Apply filters_1' was broken. Propose an alternative one: '(.//*[normalize-space(text()) and normalize-space(.)='Clear filters'])[1]/following::button[1]'.

2022-01-14 21:51:29 - [MESSAGE][PASSED] - Object: 'Object Repository/Page_AI Participants/button_Apply filters_1' is clicked on

2022-01-14 21:51:29 - [TEST_STEP][PASSED] - verifyElementText(findTestObject("Object Repository/Page_AI Participants/p_3 participants found"), "3 participants found"): Actual text and expected text of test object 'Object Repository/Page_AI Participants/p_3 participants found' are matched.

2022-01-14 21:51:35 - [MESSAGE][INFO] - Unable to find the element located by 'By.xpath: //p[@id='yui_3_17_2_1_1641958601846_73']'. Please recheck the objects properties to make sure the desired element is located. 

2022-01-14 21:51:35 - [MESSAGE][WARNING] - [SELF-HEALING] Failed to find element with id 'Object Repository/Page_AI Participants/p_3 participants found'. Try using Self-healing.

2022-01-14 21:51:36 - [MESSAGE][WARNING] - [SELF-HEALING] The current locator of test object 'Object Repository/Page_AI Participants/p_3 participants found' was broken. Propose an alternative one: '(.//*[normalize-space(text()) and normalize-space(.)='Apply filters'])[1]/following::p[1]'.

2022-01-14 21:51:36 - [MESSAGE][PASSED] - Actual text and expected text of test object 'Object Repository/Page_AI Participants/p_3 participants found' are matched.

2022-01-14 21:51:36 - [TEST_STEP][PASSED] - verifyElementText(findTestObject("Object Repository/Page_AI Participants/td_t1example.com"), "t1@example.com"): Actual text and expected text of test object 'Object Repository/Page_AI Participants/td_t1example.com' are matched.

2022-01-14 21:51:36 - [MESSAGE][PASSED] - Actual text and expected text of test object 'Object Repository/Page_AI Participants/td_t1example.com' are matched.

2022-01-14 21:51:36 - [TEST_STEP][PASSED] - verifyElementText(findTestObject("Object Repository/Page_AI Participants/td_t2example.com"), "t2@example.com"): Actual text and expected text of test object 'Object Repository/Page_AI Participants/td_t2example.com' are matched.

2022-01-14 21:51:36 - [MESSAGE][PASSED] - Actual text and expected text of test object 'Object Repository/Page_AI Participants/td_t2example.com' are matched.

2022-01-14 21:51:36 - [TEST_STEP][PASSED] - verifyElementText(findTestObject("Object Repository/Page_AI Participants/td_t3example.com"), "t3@example.com"): Actual text and expected text of test object 'Object Repository/Page_AI Participants/td_t3example.com' are matched.

2022-01-14 21:51:37 - [MESSAGE][PASSED] - Actual text and expected text of test object 'Object Repository/Page_AI Participants/td_t3example.com' are matched.

2022-01-14 21:51:37 - [TEST_STEP][PASSED] - closeBrowser(): Browser is closed

2022-01-14 21:51:37 - [MESSAGE][PASSED] - Browser is closed]]></system-out>
         <system-err><![CDATA[]]></system-err>
      </testcase>
      <testcase name="Test Cases/15_thêm lịch cho 1 course thành công" time="32.121" classname="Test Cases/15_thêm lịch cho 1 course thành công" status="FAILED">
         <failure type="FAILED" message="Test Cases/15_thêm lịch cho 1 course thành công FAILED.
Reason:
com.kms.katalon.core.exception.StepFailedException: Unable to set text 'event one' of object 'Object Repository/Page_AI Calendar Detailed month view January 2022/input_Event title_name'
	at com.kms.katalon.core.webui.keyword.internal.WebUIKeywordMain.stepFailed(WebUIKeywordMain.groovy:64)
	at com.kms.katalon.core.webui.keyword.internal.WebUIKeywordMain.runKeyword(WebUIKeywordMain.groovy:26)
	at com.kms.katalon.core.webui.keyword.builtin.SetTextKeyword.setText(SetTextKeyword.groovy:66)
	at com.kms.katalon.core.webui.keyword.builtin.SetTextKeyword.execute(SetTextKeyword.groovy:37)
	at com.kms.katalon.core.keyword.internal.KeywordExecutor.executeKeywordForPlatform(KeywordExecutor.groovy:74)
	at com.kms.katalon.core.webui.keyword.WebUiBuiltInKeywords.setText(WebUiBuiltInKeywords.groovy:980)
	at com.kms.katalon.core.webui.keyword.WebUiBuiltInKeywords$setText$2.call(Unknown Source)
	at 15_thêm lịch cho 1 course thành công.run(15_thêm lịch cho 1 course thành công:42)
	at com.kms.katalon.core.main.ScriptEngine.run(ScriptEngine.java:194)
	at com.kms.katalon.core.main.ScriptEngine.runScriptAsRawText(ScriptEngine.java:119)
	at com.kms.katalon.core.main.TestCaseExecutor.runScript(TestCaseExecutor.java:442)
	at com.kms.katalon.core.main.TestCaseExecutor.doExecute(TestCaseExecutor.java:433)
	at com.kms.katalon.core.main.TestCaseExecutor.processExecutionPhase(TestCaseExecutor.java:412)
	at com.kms.katalon.core.main.TestCaseExecutor.accessMainPhase(TestCaseExecutor.java:404)
	at com.kms.katalon.core.main.TestCaseExecutor.execute(TestCaseExecutor.java:281)
	at com.kms.katalon.core.main.TestCaseExecutor.execute(TestCaseExecutor.java:363)
	at com.kms.katalon.core.main.TestCaseExecutor.execute(TestCaseExecutor.java:363)
	at com.kms.katalon.core.main.TestCaseExecutor.execute(TestCaseExecutor.java:363)
	at com.kms.katalon.core.main.TestSuiteExecutor.accessTestCaseMainPhase(TestSuiteExecutor.java:202)
	at com.kms.katalon.core.main.TestSuiteExecutor.accessTestSuiteMainPhase(TestSuiteExecutor.java:164)
	at com.kms.katalon.core.main.TestSuiteExecutor.execute(TestSuiteExecutor.java:105)
	at com.kms.katalon.core.main.TestCaseMain.startTestSuite(TestCaseMain.java:181)
	at com.kms.katalon.core.main.TestCaseMain$startTestSuite$0.call(Unknown Source)
	at TempTestSuite1642171212458.run(TempTestSuite1642171212458.groovy:36)
Caused by: com.kms.katalon.core.webui.exception.WebElementNotFoundException: Web element with id: 'Object Repository/Page_AI Calendar Detailed month view January 2022/input_Event title_name' located by '//input[@id='id_name']' not found
	at com.kms.katalon.core.webui.common.WebUiCommonHelper.findWebElement(WebUiCommonHelper.java:1368)
	at com.kms.katalon.core.webui.keyword.internal.WebUIAbstractKeyword.findWebElement(WebUIAbstractKeyword.groovy:27)
	at com.kms.katalon.core.webui.keyword.internal.WebUIAbstractKeyword.findWebElement(WebUIAbstractKeyword.groovy:26)
	at com.kms.katalon.core.webui.keyword.builtin.SetTextKeyword$_setText_closure1.doCall(SetTextKeyword.groovy:51)
	at com.kms.katalon.core.webui.keyword.builtin.SetTextKeyword$_setText_closure1.call(SetTextKeyword.groovy)
	at com.kms.katalon.core.webui.keyword.internal.WebUIKeywordMain.runKeyword(WebUIKeywordMain.groovy:20)
	... 22 more
"/>
         <system-out><![CDATA[2022-01-14 21:53:14 - [TEST_CASE][FAILED] - Test Cases/15_thêm lịch cho 1 course thành công: Test Cases/15_thêm lịch cho 1 course thành công FAILED.
Reason:
com.kms.katalon.core.exception.StepFailedException: Unable to set text 'event one' of object 'Object Repository/Page_AI Calendar Detailed month view January 2022/input_Event title_name'
	at com.kms.katalon.core.webui.keyword.internal.WebUIKeywordMain.stepFailed(WebUIKeywordMain.groovy:64)
	at com.kms.katalon.core.webui.keyword.internal.WebUIKeywordMain.runKeyword(WebUIKeywordMain.groovy:26)
	at com.kms.katalon.core.webui.keyword.builtin.SetTextKeyword.setText(SetTextKeyword.groovy:66)
	at com.kms.katalon.core.webui.keyword.builtin.SetTextKeyword.execute(SetTextKeyword.groovy:37)
	at com.kms.katalon.core.keyword.internal.KeywordExecutor.executeKeywordForPlatform(KeywordExecutor.groovy:74)
	at com.kms.katalon.core.webui.keyword.WebUiBuiltInKeywords.setText(WebUiBuiltInKeywords.groovy:980)
	at com.kms.katalon.core.webui.keyword.WebUiBuiltInKeywords$setText$2.call(Unknown Source)
	at 15_thêm lịch cho 1 course thành công.run(15_thêm lịch cho 1 course thành công:42)
	at com.kms.katalon.core.main.ScriptEngine.run(ScriptEngine.java:194)
	at com.kms.katalon.core.main.ScriptEngine.runScriptAsRawText(ScriptEngine.java:119)
	at com.kms.katalon.core.main.TestCaseExecutor.runScript(TestCaseExecutor.java:442)
	at com.kms.katalon.core.main.TestCaseExecutor.doExecute(TestCaseExecutor.java:433)
	at com.kms.katalon.core.main.TestCaseExecutor.processExecutionPhase(TestCaseExecutor.java:412)
	at com.kms.katalon.core.main.TestCaseExecutor.accessMainPhase(TestCaseExecutor.java:404)
	at com.kms.katalon.core.main.TestCaseExecutor.execute(TestCaseExecutor.java:281)
	at com.kms.katalon.core.main.TestCaseExecutor.execute(TestCaseExecutor.java:363)
	at com.kms.katalon.core.main.TestCaseExecutor.execute(TestCaseExecutor.java:363)
	at com.kms.katalon.core.main.TestCaseExecutor.execute(TestCaseExecutor.java:363)
	at com.kms.katalon.core.main.TestSuiteExecutor.accessTestCaseMainPhase(TestSuiteExecutor.java:202)
	at com.kms.katalon.core.main.TestSuiteExecutor.accessTestSuiteMainPhase(TestSuiteExecutor.java:164)
	at com.kms.katalon.core.main.TestSuiteExecutor.execute(TestSuiteExecutor.java:105)
	at com.kms.katalon.core.main.TestCaseMain.startTestSuite(TestCaseMain.java:181)
	at com.kms.katalon.core.main.TestCaseMain$startTestSuite$0.call(Unknown Source)
	at TempTestSuite1642171212458.run(TempTestSuite1642171212458.groovy:36)
Caused by: com.kms.katalon.core.webui.exception.WebElementNotFoundException: Web element with id: 'Object Repository/Page_AI Calendar Detailed month view January 2022/input_Event title_name' located by '//input[@id='id_name']' not found
	at com.kms.katalon.core.webui.common.WebUiCommonHelper.findWebElement(WebUiCommonHelper.java:1368)
	at com.kms.katalon.core.webui.keyword.internal.WebUIAbstractKeyword.findWebElement(WebUIAbstractKeyword.groovy:27)
	at com.kms.katalon.core.webui.keyword.internal.WebUIAbstractKeyword.findWebElement(WebUIAbstractKeyword.groovy:26)
	at com.kms.katalon.core.webui.keyword.builtin.SetTextKeyword$_setText_closure1.doCall(SetTextKeyword.groovy:51)
	at com.kms.katalon.core.webui.keyword.builtin.SetTextKeyword$_setText_closure1.call(SetTextKeyword.groovy)
	at com.kms.katalon.core.webui.keyword.internal.WebUIKeywordMain.runKeyword(WebUIKeywordMain.groovy:20)
	... 22 more


2022-01-14 21:53:14 - [TEST_STEP][PASSED] - openBrowser(""): Browser is opened with url: ''

2022-01-14 21:53:14 - [MESSAGE][WARNING] - A browser is already opened. Closing browser and opening a new one

2022-01-14 21:53:14 - [MESSAGE][INFO] - Starting 'Chrome' driver

2022-01-14 21:53:14 - [MESSAGE][INFO] - Action delay is set to 0 milliseconds

2022-01-14 21:53:15 - [MESSAGE][PASSED] - Browser is opened with url: ''

2022-01-14 21:53:15 - [TEST_STEP][PASSED] - navigateToUrl("http://localhost/"): Navigate to 'http://localhost/' successfully

2022-01-14 21:53:16 - [MESSAGE][PASSED] - Navigate to 'http://localhost/' successfully

2022-01-14 21:53:16 - [TEST_STEP][PASSED] - click(findTestObject("Object Repository/Page_HCMUS/a_Log in")): Object: 'Object Repository/Page_HCMUS/a_Log in' is clicked on

2022-01-14 21:53:16 - [MESSAGE][PASSED] - Object: 'Object Repository/Page_HCMUS/a_Log in' is clicked on

2022-01-14 21:53:16 - [TEST_STEP][PASSED] - setText(findTestObject("Object Repository/Page_HCMUS Log in to the site/input_Username_username"), "admin"): Text 'admin' is set on object 'Object Repository/Page_HCMUS Log in to the site/input_Username_username'

2022-01-14 21:53:17 - [MESSAGE][PASSED] - Text 'admin' is set on object 'Object Repository/Page_HCMUS Log in to the site/input_Username_username'

2022-01-14 21:53:17 - [TEST_STEP][PASSED] - setEncryptedText(findTestObject("Object Repository/Page_HCMUS Log in to the site/input_Password_password"), "5MU2PI2jvJCK/lBTYOwt6g=="): Text ****** has been set on object 'Object Repository/Page_HCMUS Log in to the site/input_Password_password'

2022-01-14 21:53:18 - [MESSAGE][PASSED] - Text ****** has been set on object 'Object Repository/Page_HCMUS Log in to the site/input_Password_password'

2022-01-14 21:53:18 - [TEST_STEP][PASSED] - click(findTestObject("Object Repository/Page_HCMUS Log in to the site/button_Log in")): Object: 'Object Repository/Page_HCMUS Log in to the site/button_Log in' is clicked on

2022-01-14 21:53:19 - [MESSAGE][PASSED] - Object: 'Object Repository/Page_HCMUS Log in to the site/button_Log in' is clicked on

2022-01-14 21:53:19 - [TEST_STEP][PASSED] - click(findTestObject("Object Repository/Page_Dashboard/span_Site home")): Object: 'Object Repository/Page_Dashboard/span_Site home' is clicked on

2022-01-14 21:53:20 - [MESSAGE][PASSED] - Object: 'Object Repository/Page_Dashboard/span_Site home' is clicked on

2022-01-14 21:53:20 - [TEST_STEP][PASSED] - click(findTestObject("Object Repository/Page_HCMUS/a_Nhp mn tr tu nhn to")): Object: 'Object Repository/Page_HCMUS/a_Nhp mn tr tu nhn to' is clicked on

2022-01-14 21:53:21 - [MESSAGE][PASSED] - Object: 'Object Repository/Page_HCMUS/a_Nhp mn tr tu nhn to' is clicked on

2022-01-14 21:53:21 - [TEST_STEP][PASSED] - click(findTestObject("Object Repository/Page_Course Nhp mn tr tu nhn to/span_Calendar")): Object: 'Object Repository/Page_Course Nhp mn tr tu nhn to/span_Calendar' is clicked on

2022-01-14 21:53:22 - [MESSAGE][PASSED] - Object: 'Object Repository/Page_Course Nhp mn tr tu nhn to/span_Calendar' is clicked on

2022-01-14 21:53:22 - [TEST_STEP][PASSED] - click(findTestObject("Object Repository/Page_AI Calendar Detailed month view January 2022/span_February 2022")): Object: 'Object Repository/Page_AI Calendar Detailed month view January 2022/span_February 2022' is clicked on

2022-01-14 21:53:28 - [MESSAGE][INFO] - Unable to find the element located by 'By.xpath: //a[@id='yui_3_17_2_1_1641959906329_3445']/span'. Please recheck the objects properties to make sure the desired element is located. 

2022-01-14 21:53:28 - [MESSAGE][WARNING] - [SELF-HEALING] Failed to find element with id 'Object Repository/Page_AI Calendar Detailed month view January 2022/span_February 2022'. Try using Self-healing.

2022-01-14 21:53:28 - [MESSAGE][WARNING] - [SELF-HEALING] The current locator of test object 'Object Repository/Page_AI Calendar Detailed month view January 2022/span_February 2022' was broken. Propose an alternative one: '(.//*[normalize-space(text()) and normalize-space(.)='|'])[2]/following::span[1]'.

2022-01-14 21:53:28 - [MESSAGE][PASSED] - Object: 'Object Repository/Page_AI Calendar Detailed month view January 2022/span_February 2022' is clicked on

2022-01-14 21:53:28 - [TEST_STEP][PASSED] - click(findTestObject("Object Repository/Page_AI Calendar Detailed month view January 2022/button_New event")): Object: 'Object Repository/Page_AI Calendar Detailed month view January 2022/button_New event' is clicked on

2022-01-14 21:53:35 - [MESSAGE][INFO] - Unable to find the element located by 'By.xpath: //div[@id='calendar-month-61de51e24fa7161de51e216fa116']/div/button'. Please recheck the objects properties to make sure the desired element is located. 

2022-01-14 21:53:35 - [MESSAGE][WARNING] - [SELF-HEALING] Failed to find element with id 'Object Repository/Page_AI Calendar Detailed month view January 2022/button_New event'. Try using Self-healing.

2022-01-14 21:53:35 - [MESSAGE][WARNING] - [SELF-HEALING] The current locator of test object 'Object Repository/Page_AI Calendar Detailed month view January 2022/button_New event' was broken. Propose an alternative one: '(.//*[normalize-space(text()) and normalize-space(.)='List of courses'])[1]/following::button[1]'.

2022-01-14 21:53:35 - [MESSAGE][PASSED] - Object: 'Object Repository/Page_AI Calendar Detailed month view January 2022/button_New event' is clicked on

2022-01-14 21:53:35 - [TEST_STEP][FAILED] - setText(findTestObject("Object Repository/Page_AI Calendar Detailed month view January 2022/input_Event title_name"), "event one"): Unable to set text 'event one' of object 'Object Repository/Page_AI Calendar Detailed month view January 2022/input_Event title_name' (Root cause: com.kms.katalon.core.exception.StepFailedException: Unable to set text 'event one' of object 'Object Repository/Page_AI Calendar Detailed month view January 2022/input_Event title_name'
	at com.kms.katalon.core.webui.keyword.internal.WebUIKeywordMain.stepFailed(WebUIKeywordMain.groovy:64)
	at com.kms.katalon.core.webui.keyword.internal.WebUIKeywordMain.runKeyword(WebUIKeywordMain.groovy:26)
	at com.kms.katalon.core.webui.keyword.builtin.SetTextKeyword.setText(SetTextKeyword.groovy:66)
	at com.kms.katalon.core.webui.keyword.builtin.SetTextKeyword.execute(SetTextKeyword.groovy:37)
	at com.kms.katalon.core.keyword.internal.KeywordExecutor.executeKeywordForPlatform(KeywordExecutor.groovy:74)
	at com.kms.katalon.core.webui.keyword.WebUiBuiltInKeywords.setText(WebUiBuiltInKeywords.groovy:980)
	at com.kms.katalon.core.webui.keyword.WebUiBuiltInKeywords$setText$2.call(Unknown Source)
	at 15_thêm lịch cho 1 course thành công.run(15_thêm lịch cho 1 course thành công:42)
	at com.kms.katalon.core.main.ScriptEngine.run(ScriptEngine.java:194)
	at com.kms.katalon.core.main.ScriptEngine.runScriptAsRawText(ScriptEngine.java:119)
	at com.kms.katalon.core.main.TestCaseExecutor.runScript(TestCaseExecutor.java:442)
	at com.kms.katalon.core.main.TestCaseExecutor.doExecute(TestCaseExecutor.java:433)
	at com.kms.katalon.core.main.TestCaseExecutor.processExecutionPhase(TestCaseExecutor.java:412)
	at com.kms.katalon.core.main.TestCaseExecutor.accessMainPhase(TestCaseExecutor.java:404)
	at com.kms.katalon.core.main.TestCaseExecutor.execute(TestCaseExecutor.java:281)
	at com.kms.katalon.core.main.TestCaseExecutor.execute(TestCaseExecutor.java:363)
	at com.kms.katalon.core.main.TestCaseExecutor.execute(TestCaseExecutor.java:363)
	at com.kms.katalon.core.main.TestCaseExecutor.execute(TestCaseExecutor.java:363)
	at com.kms.katalon.core.main.TestSuiteExecutor.accessTestCaseMainPhase(TestSuiteExecutor.java:202)
	at com.kms.katalon.core.main.TestSuiteExecutor.accessTestSuiteMainPhase(TestSuiteExecutor.java:164)
	at com.kms.katalon.core.main.TestSuiteExecutor.execute(TestSuiteExecutor.java:105)
	at com.kms.katalon.core.main.TestCaseMain.startTestSuite(TestCaseMain.java:181)
	at com.kms.katalon.core.main.TestCaseMain$startTestSuite$0.call(Unknown Source)
	at TempTestSuite1642171212458.run(TempTestSuite1642171212458.groovy:36)
Caused by: com.kms.katalon.core.webui.exception.WebElementNotFoundException: Web element with id: 'Object Repository/Page_AI Calendar Detailed month view January 2022/input_Event title_name' located by '//input[@id='id_name']' not found
	at com.kms.katalon.core.webui.common.WebUiCommonHelper.findWebElement(WebUiCommonHelper.java:1368)
	at com.kms.katalon.core.webui.keyword.internal.WebUIAbstractKeyword.findWebElement(WebUIAbstractKeyword.groovy:27)
	at com.kms.katalon.core.webui.keyword.internal.WebUIAbstractKeyword.findWebElement(WebUIAbstractKeyword.groovy:26)
	at com.kms.katalon.core.webui.keyword.builtin.SetTextKeyword$_setText_closure1.doCall(SetTextKeyword.groovy:51)
	at com.kms.katalon.core.webui.keyword.builtin.SetTextKeyword$_setText_closure1.call(SetTextKeyword.groovy)
	at com.kms.katalon.core.webui.keyword.internal.WebUIKeywordMain.runKeyword(WebUIKeywordMain.groovy:20)
	at com.kms.katalon.core.webui.keyword.builtin.SetTextKeyword.setText(SetTextKeyword.groovy:66)
	at com.kms.katalon.core.webui.keyword.builtin.SetTextKeyword.execute(SetTextKeyword.groovy:37)
	at com.kms.katalon.core.keyword.internal.KeywordExecutor.executeKeywordForPlatform(KeywordExecutor.groovy:74)
	at com.kms.katalon.core.webui.keyword.WebUiBuiltInKeywords.setText(WebUiBuiltInKeywords.groovy:980)
	at com.kms.katalon.core.webui.keyword.WebUiBuiltInKeywords$setText$2.call(Unknown Source)
	at Script1641923716314.run(Script1641923716314.groovy:42)
	... 16 more
)

2022-01-14 21:53:42 - [MESSAGE][INFO] - Unable to find the element located by 'By.xpath: //input[@id='id_name']'. Please recheck the objects properties to make sure the desired element is located. 

2022-01-14 21:53:42 - [MESSAGE][WARNING] - [SELF-HEALING] Failed to find element with id 'Object Repository/Page_AI Calendar Detailed month view January 2022/input_Event title_name'. Try using Self-healing.

2022-01-14 21:53:42 - [MESSAGE][INFO] - [SELF-HEALING] Failed Locator: '//input[@id='id_name']'.

2022-01-14 21:53:42 - [MESSAGE][INFO] - [SELF-HEALING] Failed Locator: '//div[@id='yui_3_17_2_1_1641923849267_1178']/input'.

2022-01-14 21:53:42 - [MESSAGE][INFO] - [SELF-HEALING] Failed Locator: '//div/div[2]/input'.

2022-01-14 21:53:42 - [MESSAGE][INFO] - [SELF-HEALING] Failed Locator: '//div[@id='yui_3_17_2_1_1641923745317_1173']/input'.

2022-01-14 21:53:43 - [MESSAGE][INFO] - [SELF-HEALING] Failed Locator: '//input[@id='id_name']'.

2022-01-14 21:53:43 - [MESSAGE][INFO] - [SELF-HEALING] Failed Locator: '//div[@id='yui_3_17_2_1_1641923849267_1178']/input'.

2022-01-14 21:53:43 - [MESSAGE][INFO] - [SELF-HEALING] Failed Locator: '//div/div[2]/input'.

2022-01-14 21:53:43 - [MESSAGE][INFO] - [SELF-HEALING] Failed Locator: '//div[@id='yui_3_17_2_1_1641923745317_1173']/input'.

2022-01-14 21:53:44 - [MESSAGE][INFO] - Unable to find the element located by 'By.xpath: //*[@type = 'text' and @name = 'name' and @id = 'id_name']'. Please recheck the objects properties to make sure the desired element is located. 

2022-01-14 21:53:46 - [MESSAGE][INFO] - Unable to find the element located by 'By.cssSelector: #id_name'. Please recheck the objects properties to make sure the desired element is located. 

2022-01-14 21:53:46 - [MESSAGE][FAILED] - Unable to set text 'event one' of object 'Object Repository/Page_AI Calendar Detailed month view January 2022/input_Event title_name' (Root cause: com.kms.katalon.core.exception.StepFailedException: Unable to set text 'event one' of object 'Object Repository/Page_AI Calendar Detailed month view January 2022/input_Event title_name'
	at com.kms.katalon.core.webui.keyword.internal.WebUIKeywordMain.stepFailed(WebUIKeywordMain.groovy:64)
	at com.kms.katalon.core.webui.keyword.internal.WebUIKeywordMain.runKeyword(WebUIKeywordMain.groovy:26)
	at com.kms.katalon.core.webui.keyword.builtin.SetTextKeyword.setText(SetTextKeyword.groovy:66)
	at com.kms.katalon.core.webui.keyword.builtin.SetTextKeyword.execute(SetTextKeyword.groovy:37)
	at com.kms.katalon.core.keyword.internal.KeywordExecutor.executeKeywordForPlatform(KeywordExecutor.groovy:74)
	at com.kms.katalon.core.webui.keyword.WebUiBuiltInKeywords.setText(WebUiBuiltInKeywords.groovy:980)
	at com.kms.katalon.core.webui.keyword.WebUiBuiltInKeywords$setText$2.call(Unknown Source)
	at 15_thêm lịch cho 1 course thành công.run(15_thêm lịch cho 1 course thành công:42)
	at com.kms.katalon.core.main.ScriptEngine.run(ScriptEngine.java:194)
	at com.kms.katalon.core.main.ScriptEngine.runScriptAsRawText(ScriptEngine.java:119)
	at com.kms.katalon.core.main.TestCaseExecutor.runScript(TestCaseExecutor.java:442)
	at com.kms.katalon.core.main.TestCaseExecutor.doExecute(TestCaseExecutor.java:433)
	at com.kms.katalon.core.main.TestCaseExecutor.processExecutionPhase(TestCaseExecutor.java:412)
	at com.kms.katalon.core.main.TestCaseExecutor.accessMainPhase(TestCaseExecutor.java:404)
	at com.kms.katalon.core.main.TestCaseExecutor.execute(TestCaseExecutor.java:281)
	at com.kms.katalon.core.main.TestCaseExecutor.execute(TestCaseExecutor.java:363)
	at com.kms.katalon.core.main.TestCaseExecutor.execute(TestCaseExecutor.java:363)
	at com.kms.katalon.core.main.TestCaseExecutor.execute(TestCaseExecutor.java:363)
	at com.kms.katalon.core.main.TestSuiteExecutor.accessTestCaseMainPhase(TestSuiteExecutor.java:202)
	at com.kms.katalon.core.main.TestSuiteExecutor.accessTestSuiteMainPhase(TestSuiteExecutor.java:164)
	at com.kms.katalon.core.main.TestSuiteExecutor.execute(TestSuiteExecutor.java:105)
	at com.kms.katalon.core.main.TestCaseMain.startTestSuite(TestCaseMain.java:181)
	at com.kms.katalon.core.main.TestCaseMain$startTestSuite$0.call(Unknown Source)
	at TempTestSuite1642171212458.run(TempTestSuite1642171212458.groovy:36)
Caused by: com.kms.katalon.core.webui.exception.WebElementNotFoundException: Web element with id: 'Object Repository/Page_AI Calendar Detailed month view January 2022/input_Event title_name' located by '//input[@id='id_name']' not found
	at com.kms.katalon.core.webui.common.WebUiCommonHelper.findWebElement(WebUiCommonHelper.java:1368)
	at com.kms.katalon.core.webui.keyword.internal.WebUIAbstractKeyword.findWebElement(WebUIAbstractKeyword.groovy:27)
	at com.kms.katalon.core.webui.keyword.internal.WebUIAbstractKeyword.findWebElement(WebUIAbstractKeyword.groovy:26)
	at com.kms.katalon.core.webui.keyword.builtin.SetTextKeyword$_setText_closure1.doCall(SetTextKeyword.groovy:51)
	at com.kms.katalon.core.webui.keyword.builtin.SetTextKeyword$_setText_closure1.call(SetTextKeyword.groovy)
	at com.kms.katalon.core.webui.keyword.internal.WebUIKeywordMain.runKeyword(WebUIKeywordMain.groovy:20)
	at com.kms.katalon.core.webui.keyword.builtin.SetTextKeyword.setText(SetTextKeyword.groovy:66)
	at com.kms.katalon.core.webui.keyword.builtin.SetTextKeyword.execute(SetTextKeyword.groovy:37)
	at com.kms.katalon.core.keyword.internal.KeywordExecutor.executeKeywordForPlatform(KeywordExecutor.groovy:74)
	at com.kms.katalon.core.webui.keyword.WebUiBuiltInKeywords.setText(WebUiBuiltInKeywords.groovy:980)
	at com.kms.katalon.core.webui.keyword.WebUiBuiltInKeywords$setText$2.call(Unknown Source)
	at Script1641923716314.run(Script1641923716314.groovy:42)
	... 16 more
)
[[ATTACHMENT|D:\\nam 3\\nhap mon CNPM\\bonus project\\Test-Automation-SE-Bonus\\Reports\\20220114_214012\\Run all test cases\\20220114_214012\\1642172026032.png]]]]></system-out>
         <system-err><![CDATA[2022-01-14 21:53:14 - [TEST_CASE][FAILED] - Test Cases/15_thêm lịch cho 1 course thành công: Test Cases/15_thêm lịch cho 1 course thành công FAILED.
Reason:
com.kms.katalon.core.exception.StepFailedException: Unable to set text 'event one' of object 'Object Repository/Page_AI Calendar Detailed month view January 2022/input_Event title_name'
	at com.kms.katalon.core.webui.keyword.internal.WebUIKeywordMain.stepFailed(WebUIKeywordMain.groovy:64)
	at com.kms.katalon.core.webui.keyword.internal.WebUIKeywordMain.runKeyword(WebUIKeywordMain.groovy:26)
	at com.kms.katalon.core.webui.keyword.builtin.SetTextKeyword.setText(SetTextKeyword.groovy:66)
	at com.kms.katalon.core.webui.keyword.builtin.SetTextKeyword.execute(SetTextKeyword.groovy:37)
	at com.kms.katalon.core.keyword.internal.KeywordExecutor.executeKeywordForPlatform(KeywordExecutor.groovy:74)
	at com.kms.katalon.core.webui.keyword.WebUiBuiltInKeywords.setText(WebUiBuiltInKeywords.groovy:980)
	at com.kms.katalon.core.webui.keyword.WebUiBuiltInKeywords$setText$2.call(Unknown Source)
	at 15_thêm lịch cho 1 course thành công.run(15_thêm lịch cho 1 course thành công:42)
	at com.kms.katalon.core.main.ScriptEngine.run(ScriptEngine.java:194)
	at com.kms.katalon.core.main.ScriptEngine.runScriptAsRawText(ScriptEngine.java:119)
	at com.kms.katalon.core.main.TestCaseExecutor.runScript(TestCaseExecutor.java:442)
	at com.kms.katalon.core.main.TestCaseExecutor.doExecute(TestCaseExecutor.java:433)
	at com.kms.katalon.core.main.TestCaseExecutor.processExecutionPhase(TestCaseExecutor.java:412)
	at com.kms.katalon.core.main.TestCaseExecutor.accessMainPhase(TestCaseExecutor.java:404)
	at com.kms.katalon.core.main.TestCaseExecutor.execute(TestCaseExecutor.java:281)
	at com.kms.katalon.core.main.TestCaseExecutor.execute(TestCaseExecutor.java:363)
	at com.kms.katalon.core.main.TestCaseExecutor.execute(TestCaseExecutor.java:363)
	at com.kms.katalon.core.main.TestCaseExecutor.execute(TestCaseExecutor.java:363)
	at com.kms.katalon.core.main.TestSuiteExecutor.accessTestCaseMainPhase(TestSuiteExecutor.java:202)
	at com.kms.katalon.core.main.TestSuiteExecutor.accessTestSuiteMainPhase(TestSuiteExecutor.java:164)
	at com.kms.katalon.core.main.TestSuiteExecutor.execute(TestSuiteExecutor.java:105)
	at com.kms.katalon.core.main.TestCaseMain.startTestSuite(TestCaseMain.java:181)
	at com.kms.katalon.core.main.TestCaseMain$startTestSuite$0.call(Unknown Source)
	at TempTestSuite1642171212458.run(TempTestSuite1642171212458.groovy:36)
Caused by: com.kms.katalon.core.webui.exception.WebElementNotFoundException: Web element with id: 'Object Repository/Page_AI Calendar Detailed month view January 2022/input_Event title_name' located by '//input[@id='id_name']' not found
	at com.kms.katalon.core.webui.common.WebUiCommonHelper.findWebElement(WebUiCommonHelper.java:1368)
	at com.kms.katalon.core.webui.keyword.internal.WebUIAbstractKeyword.findWebElement(WebUIAbstractKeyword.groovy:27)
	at com.kms.katalon.core.webui.keyword.internal.WebUIAbstractKeyword.findWebElement(WebUIAbstractKeyword.groovy:26)
	at com.kms.katalon.core.webui.keyword.builtin.SetTextKeyword$_setText_closure1.doCall(SetTextKeyword.groovy:51)
	at com.kms.katalon.core.webui.keyword.builtin.SetTextKeyword$_setText_closure1.call(SetTextKeyword.groovy)
	at com.kms.katalon.core.webui.keyword.internal.WebUIKeywordMain.runKeyword(WebUIKeywordMain.groovy:20)
	... 22 more]]></system-err>
      </testcase>
      <testcase name="Test Cases/16_thêm lịch cho 1 course với tiêu đề rỗng" time="20.662" classname="Test Cases/16_thêm lịch cho 1 course với tiêu đề rỗng" status="PASSED">
         <system-out><![CDATA[2022-01-14 21:53:46 - [TEST_CASE][PASSED] - Test Cases/16_thêm lịch cho 1 course với tiêu đề rỗng: Test Cases/16_thêm lịch cho 1 course với tiêu đề rỗng

2022-01-14 21:53:46 - [TEST_STEP][PASSED] - openBrowser(""): Browser is opened with url: ''

2022-01-14 21:53:46 - [MESSAGE][WARNING] - A browser is already opened. Closing browser and opening a new one

2022-01-14 21:53:47 - [MESSAGE][INFO] - Starting 'Chrome' driver

2022-01-14 21:53:47 - [MESSAGE][INFO] - Action delay is set to 0 milliseconds

2022-01-14 21:53:48 - [MESSAGE][PASSED] - Browser is opened with url: ''

2022-01-14 21:53:48 - [TEST_STEP][PASSED] - navigateToUrl("http://localhost/"): Navigate to 'http://localhost/' successfully

2022-01-14 21:53:48 - [MESSAGE][PASSED] - Navigate to 'http://localhost/' successfully

2022-01-14 21:53:48 - [TEST_STEP][PASSED] - click(findTestObject("Object Repository/Page_HCMUS/a_Nhp mn tr tu nhn to")): Object: 'Object Repository/Page_HCMUS/a_Nhp mn tr tu nhn to' is clicked on

2022-01-14 21:53:49 - [MESSAGE][PASSED] - Object: 'Object Repository/Page_HCMUS/a_Nhp mn tr tu nhn to' is clicked on

2022-01-14 21:53:49 - [TEST_STEP][PASSED] - setText(findTestObject("Object Repository/Page_HCMUS Log in to the site/input_Username_username"), "admin"): Text 'admin' is set on object 'Object Repository/Page_HCMUS Log in to the site/input_Username_username'

2022-01-14 21:53:50 - [MESSAGE][PASSED] - Text 'admin' is set on object 'Object Repository/Page_HCMUS Log in to the site/input_Username_username'

2022-01-14 21:53:50 - [TEST_STEP][PASSED] - setEncryptedText(findTestObject("Object Repository/Page_HCMUS Log in to the site/input_Password_password"), "5MU2PI2jvJCK/lBTYOwt6g=="): Text ****** has been set on object 'Object Repository/Page_HCMUS Log in to the site/input_Password_password'

2022-01-14 21:53:50 - [MESSAGE][PASSED] - Text ****** has been set on object 'Object Repository/Page_HCMUS Log in to the site/input_Password_password'

2022-01-14 21:53:50 - [TEST_STEP][PASSED] - click(findTestObject("Object Repository/Page_HCMUS Log in to the site/button_Log in")): Object: 'Object Repository/Page_HCMUS Log in to the site/button_Log in' is clicked on

2022-01-14 21:53:51 - [MESSAGE][PASSED] - Object: 'Object Repository/Page_HCMUS Log in to the site/button_Log in' is clicked on

2022-01-14 21:53:51 - [TEST_STEP][PASSED] - click(findTestObject("Object Repository/Page_Course Nhp mn tr tu nhn to/span_Calendar")): Object: 'Object Repository/Page_Course Nhp mn tr tu nhn to/span_Calendar' is clicked on

2022-01-14 21:53:52 - [MESSAGE][PASSED] - Object: 'Object Repository/Page_Course Nhp mn tr tu nhn to/span_Calendar' is clicked on

2022-01-14 21:53:52 - [TEST_STEP][PASSED] - click(findTestObject("Object Repository/Page_AI Calendar Detailed month view January 2022/div_No events, Saturday, 22 January        _e72aa9")): Object: 'Object Repository/Page_AI Calendar Detailed month view January 2022/div_No events, Saturday, 22 January        _e72aa9' is clicked on

2022-01-14 21:53:58 - [MESSAGE][INFO] - Unable to find the element located by 'By.xpath: //table[@id='month-detailed-61ddc50941d6161ddc508d29a316']/tbody/tr[4]/td[6]/div'. Please recheck the objects properties to make sure the desired element is located. 

2022-01-14 21:53:58 - [MESSAGE][WARNING] - [SELF-HEALING] Failed to find element with id 'Object Repository/Page_AI Calendar Detailed month view January 2022/div_No events, Saturday, 22 January        _e72aa9'. Try using Self-healing.

2022-01-14 21:53:58 - [MESSAGE][WARNING] - [SELF-HEALING] The current locator of test object 'Object Repository/Page_AI Calendar Detailed month view January 2022/div_No events, Saturday, 22 January        _e72aa9' was broken. Propose an alternative one: '(.//*[normalize-space(text()) and normalize-space(.)='No events, Friday, 21 January'])[1]/following::div[2]'.

2022-01-14 21:53:58 - [MESSAGE][PASSED] - Object: 'Object Repository/Page_AI Calendar Detailed month view January 2022/div_No events, Saturday, 22 January        _e72aa9' is clicked on

2022-01-14 21:53:58 - [TEST_STEP][PASSED] - click(findTestObject("Object Repository/Page_AI Calendar Detailed month view January 2022/button_Save")): Object: 'Object Repository/Page_AI Calendar Detailed month view January 2022/button_Save' is clicked on

2022-01-14 21:54:05 - [MESSAGE][INFO] - Unable to find the element located by 'By.xpath: //button[@id='yui_3_17_2_1_1642117081098_1464']'. Please recheck the objects properties to make sure the desired element is located. 

2022-01-14 21:54:05 - [MESSAGE][WARNING] - [SELF-HEALING] Failed to find element with id 'Object Repository/Page_AI Calendar Detailed month view January 2022/button_Save'. Try using Self-healing.

2022-01-14 21:54:05 - [MESSAGE][WARNING] - [SELF-HEALING] The current locator of test object 'Object Repository/Page_AI Calendar Detailed month view January 2022/button_Save' was broken. Propose an alternative one: '(.//*[normalize-space(text()) and normalize-space(.)='Repeat weekly, creating altogether'])[1]/following::button[1]'.

2022-01-14 21:54:05 - [MESSAGE][PASSED] - Object: 'Object Repository/Page_AI Calendar Detailed month view January 2022/button_Save' is clicked on

2022-01-14 21:54:05 - [TEST_STEP][PASSED] - verifyElementVisible(findTestObject("Object Repository/Page_AI Calendar Detailed month view January 2022/div_- Required")): Object 'Object Repository/Page_AI Calendar Detailed month view January 2022/div_- Required' is visible

2022-01-14 21:54:05 - [MESSAGE][PASSED] - Object 'Object Repository/Page_AI Calendar Detailed month view January 2022/div_- Required' is visible

2022-01-14 21:54:05 - [TEST_STEP][PASSED] - verifyElementVisible(findTestObject("Object Repository/Page_AI Calendar Detailed month view January 2022/input_Event title_name")): Object 'Object Repository/Page_AI Calendar Detailed month view January 2022/input_Event title_name' is visible

2022-01-14 21:54:06 - [MESSAGE][PASSED] - Object 'Object Repository/Page_AI Calendar Detailed month view January 2022/input_Event title_name' is visible

2022-01-14 21:54:06 - [TEST_STEP][PASSED] - closeBrowser(): Browser is closed

2022-01-14 21:54:06 - [MESSAGE][PASSED] - Browser is closed]]></system-out>
         <system-err><![CDATA[]]></system-err>
      </testcase>
      <testcase name="Test Cases/17_xem điểm của 1 course" time="15.844" classname="Test Cases/17_xem điểm của 1 course" status="PASSED">
         <system-out><![CDATA[2022-01-14 21:54:06 - [TEST_CASE][PASSED] - Test Cases/17_xem điểm của 1 course: Test Cases/17_xem điểm của 1 course

2022-01-14 21:54:07 - [TEST_STEP][PASSED] - openBrowser(""): Browser is opened with url: ''

2022-01-14 21:54:07 - [MESSAGE][INFO] - Starting 'Chrome' driver

2022-01-14 21:54:07 - [MESSAGE][INFO] - Action delay is set to 0 milliseconds

2022-01-14 21:54:08 - [MESSAGE][PASSED] - Browser is opened with url: ''

2022-01-14 21:54:08 - [TEST_STEP][PASSED] - navigateToUrl("http://localhost/"): Navigate to 'http://localhost/' successfully

2022-01-14 21:54:08 - [MESSAGE][PASSED] - Navigate to 'http://localhost/' successfully

2022-01-14 21:54:08 - [TEST_STEP][PASSED] - click(findTestObject("Object Repository/Page_HCMUS/a_Log in")): Object: 'Object Repository/Page_HCMUS/a_Log in' is clicked on

2022-01-14 21:54:09 - [MESSAGE][PASSED] - Object: 'Object Repository/Page_HCMUS/a_Log in' is clicked on

2022-01-14 21:54:09 - [TEST_STEP][PASSED] - setText(findTestObject("Object Repository/Page_HCMUS Log in to the site/input_Username_username"), "admin"): Text 'admin' is set on object 'Object Repository/Page_HCMUS Log in to the site/input_Username_username'

2022-01-14 21:54:10 - [MESSAGE][PASSED] - Text 'admin' is set on object 'Object Repository/Page_HCMUS Log in to the site/input_Username_username'

2022-01-14 21:54:10 - [TEST_STEP][PASSED] - setEncryptedText(findTestObject("Object Repository/Page_HCMUS Log in to the site/input_Password_password"), "5MU2PI2jvJCK/lBTYOwt6g=="): Text ****** has been set on object 'Object Repository/Page_HCMUS Log in to the site/input_Password_password'

2022-01-14 21:54:10 - [MESSAGE][PASSED] - Text ****** has been set on object 'Object Repository/Page_HCMUS Log in to the site/input_Password_password'

2022-01-14 21:54:10 - [TEST_STEP][PASSED] - click(findTestObject("Object Repository/Page_HCMUS Log in to the site/button_Log in")): Object: 'Object Repository/Page_HCMUS Log in to the site/button_Log in' is clicked on

2022-01-14 21:54:11 - [MESSAGE][PASSED] - Object: 'Object Repository/Page_HCMUS Log in to the site/button_Log in' is clicked on

2022-01-14 21:54:11 - [TEST_STEP][PASSED] - click(findTestObject("Object Repository/Page_Dashboard/span_Site home")): Object: 'Object Repository/Page_Dashboard/span_Site home' is clicked on

2022-01-14 21:54:13 - [MESSAGE][PASSED] - Object: 'Object Repository/Page_Dashboard/span_Site home' is clicked on

2022-01-14 21:54:13 - [TEST_STEP][PASSED] - click(findTestObject("Object Repository/Page_HCMUS/a_Nhp mn tr tu nhn to")): Object: 'Object Repository/Page_HCMUS/a_Nhp mn tr tu nhn to' is clicked on

2022-01-14 21:54:13 - [MESSAGE][PASSED] - Object: 'Object Repository/Page_HCMUS/a_Nhp mn tr tu nhn to' is clicked on

2022-01-14 21:54:13 - [TEST_STEP][PASSED] - click(findTestObject("Object Repository/Page_Course Nhp mn tr tu nhn to/span_Grades")): Object: 'Object Repository/Page_Course Nhp mn tr tu nhn to/span_Grades' is clicked on

2022-01-14 21:54:14 - [MESSAGE][PASSED] - Object: 'Object Repository/Page_Course Nhp mn tr tu nhn to/span_Grades' is clicked on

2022-01-14 21:54:14 - [TEST_STEP][PASSED] - verifyElementVisible(findTestObject("Object Repository/Page_Grades View/span_Course total")): Object 'Object Repository/Page_Grades View/span_Course total' is visible

2022-01-14 21:54:15 - [MESSAGE][PASSED] - Object 'Object Repository/Page_Grades View/span_Course total' is visible

2022-01-14 21:54:15 - [TEST_STEP][PASSED] - verifyElementVisible(findTestObject("Object Repository/Page_Grades View/th_Overall average")): Object 'Object Repository/Page_Grades View/th_Overall average' is visible

2022-01-14 21:54:21 - [MESSAGE][INFO] - Unable to find the element located by 'By.xpath: //tr[@id='yui_3_17_2_1_1641924129250_86']/th'. Please recheck the objects properties to make sure the desired element is located. 

2022-01-14 21:54:21 - [MESSAGE][WARNING] - [SELF-HEALING] Failed to find element with id 'Object Repository/Page_Grades View/th_Overall average'. Try using Self-healing.

2022-01-14 21:54:21 - [MESSAGE][WARNING] - [SELF-HEALING] The current locator of test object 'Object Repository/Page_Grades View/th_Overall average' was broken. Propose an alternative one: '(.//*[normalize-space(text()) and normalize-space(.)='-'])[10]/following::th[1]'.

2022-01-14 21:54:22 - [MESSAGE][PASSED] - Object 'Object Repository/Page_Grades View/th_Overall average' is visible

2022-01-14 21:54:22 - [TEST_STEP][PASSED] - closeBrowser(): Browser is closed

2022-01-14 21:54:22 - [MESSAGE][PASSED] - Browser is closed]]></system-out>
         <system-err><![CDATA[]]></system-err>
      </testcase>
      <testcase name="Test Cases/18_Giáo viên thêm quiz với thời gian đóng ở quá khứ" time="109.381" classname="Test Cases/18_Giáo viên thêm quiz với thời gian đóng ở quá khứ" status="PASSED">
         <system-out><![CDATA[2022-01-14 21:54:22 - [TEST_CASE][PASSED] - Test Cases/18_Giáo viên thêm quiz với thời gian đóng ở quá khứ: Test Cases/18_Giáo viên thêm quiz với thời gian đóng ở quá khứ

2022-01-14 21:54:23 - [TEST_STEP][PASSED] - openBrowser(""): Browser is opened with url: ''

2022-01-14 21:54:23 - [MESSAGE][INFO] - Starting 'Chrome' driver

2022-01-14 21:54:23 - [MESSAGE][INFO] - Action delay is set to 0 milliseconds

2022-01-14 21:54:24 - [MESSAGE][PASSED] - Browser is opened with url: ''

2022-01-14 21:54:24 - [TEST_STEP][PASSED] - navigateToUrl("http://localhost/"): Navigate to 'http://localhost/' successfully

2022-01-14 21:54:24 - [MESSAGE][PASSED] - Navigate to 'http://localhost/' successfully

2022-01-14 21:54:24 - [TEST_STEP][PASSED] - click(findTestObject("Object Repository/Page_HCMUS/a_Nhp mn tr tu nhn to")): Object: 'Object Repository/Page_HCMUS/a_Nhp mn tr tu nhn to' is clicked on

2022-01-14 21:54:25 - [MESSAGE][PASSED] - Object: 'Object Repository/Page_HCMUS/a_Nhp mn tr tu nhn to' is clicked on

2022-01-14 21:54:25 - [TEST_STEP][PASSED] - setText(findTestObject("Object Repository/Page_HCMUS Log in to the site/input_Username_username"), "teacher1"): Text 'teacher1' is set on object 'Object Repository/Page_HCMUS Log in to the site/input_Username_username'

2022-01-14 21:54:26 - [MESSAGE][PASSED] - Text 'teacher1' is set on object 'Object Repository/Page_HCMUS Log in to the site/input_Username_username'

2022-01-14 21:54:26 - [TEST_STEP][PASSED] - setEncryptedText(findTestObject("Object Repository/Page_HCMUS Log in to the site/input_Password_password"), "iKb8CrY6A/iqm08K47hQLA=="): Text ****** has been set on object 'Object Repository/Page_HCMUS Log in to the site/input_Password_password'

2022-01-14 21:54:26 - [MESSAGE][PASSED] - Text ****** has been set on object 'Object Repository/Page_HCMUS Log in to the site/input_Password_password'

2022-01-14 21:54:26 - [TEST_STEP][PASSED] - click(findTestObject("Object Repository/Page_HCMUS Log in to the site/button_Log in")): Object: 'Object Repository/Page_HCMUS Log in to the site/button_Log in' is clicked on

2022-01-14 21:54:27 - [MESSAGE][PASSED] - Object: 'Object Repository/Page_HCMUS Log in to the site/button_Log in' is clicked on

2022-01-14 21:54:27 - [TEST_STEP][PASSED] - click(findTestObject("Object Repository/Page_Course Nhp mn tr tu nhn to/button_End tour"), OPTIONAL): Unable to click on object 'Object Repository/Page_Course Nhp mn tr tu nhn to/button_End tour' (Root cause: com.kms.katalon.core.exception.StepFailedException: Unable to click on object 'Object Repository/Page_Course Nhp mn tr tu nhn to/button_End tour'
	at com.kms.katalon.core.webui.keyword.internal.WebUIKeywordMain.stepFailed(WebUIKeywordMain.groovy:64)
	at com.kms.katalon.core.webui.keyword.internal.WebUIKeywordMain.runKeyword(WebUIKeywordMain.groovy:26)
	at com.kms.katalon.core.webui.keyword.builtin.ClickKeyword.click(ClickKeyword.groovy:74)
	at com.kms.katalon.core.webui.keyword.builtin.ClickKeyword.execute(ClickKeyword.groovy:40)
	at com.kms.katalon.core.keyword.internal.KeywordExecutor.executeKeywordForPlatform(KeywordExecutor.groovy:74)
	at com.kms.katalon.core.webui.keyword.WebUiBuiltInKeywords.click(WebUiBuiltInKeywords.groovy:608)
	at com.kms.katalon.core.webui.keyword.WebUiBuiltInKeywords$click$8.call(Unknown Source)
	at 18_Giáo viên thêm quiz với thời gian đóng ở quá khứ.run(18_Giáo viên thêm quiz với thời gian đóng ở quá khứ:32)
	at com.kms.katalon.core.main.ScriptEngine.run(ScriptEngine.java:194)
	at com.kms.katalon.core.main.ScriptEngine.runScriptAsRawText(ScriptEngine.java:119)
	at com.kms.katalon.core.main.TestCaseExecutor.runScript(TestCaseExecutor.java:442)
	at com.kms.katalon.core.main.TestCaseExecutor.doExecute(TestCaseExecutor.java:433)
	at com.kms.katalon.core.main.TestCaseExecutor.processExecutionPhase(TestCaseExecutor.java:412)
	at com.kms.katalon.core.main.TestCaseExecutor.accessMainPhase(TestCaseExecutor.java:404)
	at com.kms.katalon.core.main.TestCaseExecutor.execute(TestCaseExecutor.java:281)
	at com.kms.katalon.core.main.TestSuiteExecutor.accessTestCaseMainPhase(TestSuiteExecutor.java:202)
	at com.kms.katalon.core.main.TestSuiteExecutor.accessTestSuiteMainPhase(TestSuiteExecutor.java:164)
	at com.kms.katalon.core.main.TestSuiteExecutor.execute(TestSuiteExecutor.java:105)
	at com.kms.katalon.core.main.TestCaseMain.startTestSuite(TestCaseMain.java:181)
	at com.kms.katalon.core.main.TestCaseMain$startTestSuite$0.call(Unknown Source)
	at TempTestSuite1642171212458.run(TempTestSuite1642171212458.groovy:36)
Caused by: com.kms.katalon.core.webui.exception.WebElementNotFoundException: Web element with id: 'Object Repository/Page_Course Nhp mn tr tu nhn to/button_End tour' located by '//span[@id='tour-step-tool_usertours_4_2_1620109487-0']/div/div/div[4]/button[3]' not found
	at com.kms.katalon.core.webui.common.WebUiCommonHelper.findWebElement(WebUiCommonHelper.java:1368)
	at com.kms.katalon.core.webui.keyword.internal.WebUIAbstractKeyword.findWebElement(WebUIAbstractKeyword.groovy:27)
	at com.kms.katalon.core.webui.keyword.builtin.ClickKeyword$_click_closure1.doCall(ClickKeyword.groovy:65)
	at com.kms.katalon.core.webui.keyword.builtin.ClickKeyword$_click_closure1.call(ClickKeyword.groovy)
	at com.kms.katalon.core.webui.keyword.internal.WebUIKeywordMain.runKeyword(WebUIKeywordMain.groovy:20)
	at com.kms.katalon.core.webui.keyword.builtin.ClickKeyword.click(ClickKeyword.groovy:74)
	at com.kms.katalon.core.webui.keyword.builtin.ClickKeyword.execute(ClickKeyword.groovy:40)
	at com.kms.katalon.core.keyword.internal.KeywordExecutor.executeKeywordForPlatform(KeywordExecutor.groovy:74)
	at com.kms.katalon.core.webui.keyword.WebUiBuiltInKeywords.click(WebUiBuiltInKeywords.groovy:608)
	at com.kms.katalon.core.webui.keyword.WebUiBuiltInKeywords$click$8.call(Unknown Source)
	at Script1641964778859.run(Script1641964778859.groovy:32)
	... 13 more
)

2022-01-14 21:54:33 - [MESSAGE][INFO] - Unable to find the element located by 'By.xpath: //span[@id='tour-step-tool_usertours_4_2_1620109487-0']/div/div/div[4]/button[3]'. Please recheck the objects properties to make sure the desired element is located. 

2022-01-14 21:54:33 - [MESSAGE][WARNING] - [SELF-HEALING] Failed to find element with id 'Object Repository/Page_Course Nhp mn tr tu nhn to/button_End tour'. Try using Self-healing.

2022-01-14 21:54:34 - [MESSAGE][INFO] - Unable to find the element located by 'By.xpath: (.//*[normalize-space(text()) and normalize-space(.)='Next'])[1]/following::button[1]'. Please recheck the objects properties to make sure the desired element is located. 

2022-01-14 21:54:34 - [MESSAGE][INFO] - [SELF-HEALING] Failed Locator: '//span[@id='tour-step-tool_usertours_4_2_1620109487-0']/div/div/div[4]/button[3]'.

2022-01-14 21:54:35 - [MESSAGE][INFO] - [SELF-HEALING] Failed Locator: '(.//*[normalize-space(text()) and normalize-space(.)='Next'])[1]/following::button[1]'.

2022-01-14 21:54:35 - [MESSAGE][INFO] - [SELF-HEALING] Failed Locator: '(.//*[normalize-space(text()) and normalize-space(.)='Previous'])[1]/following::button[2]'.

2022-01-14 21:54:35 - [MESSAGE][INFO] - [SELF-HEALING] Failed Locator: '//*/text()[normalize-space(.)='End tour']/parent::*'.

2022-01-14 21:54:35 - [MESSAGE][INFO] - [SELF-HEALING] Failed Locator: '//div[4]/button[3]'.

2022-01-14 21:54:36 - [MESSAGE][INFO] - [SELF-HEALING] Failed Locator: '//span[@id='tour-step-tool_usertours_8_2_1620109487-0']/div/div/div[4]/button[3]'.

2022-01-14 21:54:36 - [MESSAGE][INFO] - [SELF-HEALING] Failed Locator: '//span[@id='tour-step-tool_usertours_16_1_1620109487-0']/div/div/div[4]/button[3]'.

2022-01-14 21:54:37 - [MESSAGE][INFO] - Unable to find the element located by 'By.xpath: //*[(text() = ' End tour ' or . = ' End tour ')]'. Please recheck the objects properties to make sure the desired element is located. 

2022-01-14 21:54:38 - [MESSAGE][INFO] - Unable to find the element located by 'By.cssSelector: '. Please recheck the objects properties to make sure the desired element is located. 

2022-01-14 21:54:38 - [MESSAGE][WARNING] - Unable to click on object 'Object Repository/Page_Course Nhp mn tr tu nhn to/button_End tour' (Root cause: com.kms.katalon.core.exception.StepFailedException: Unable to click on object 'Object Repository/Page_Course Nhp mn tr tu nhn to/button_End tour'
	at com.kms.katalon.core.webui.keyword.internal.WebUIKeywordMain.stepFailed(WebUIKeywordMain.groovy:64)
	at com.kms.katalon.core.webui.keyword.internal.WebUIKeywordMain.runKeyword(WebUIKeywordMain.groovy:26)
	at com.kms.katalon.core.webui.keyword.builtin.ClickKeyword.click(ClickKeyword.groovy:74)
	at com.kms.katalon.core.webui.keyword.builtin.ClickKeyword.execute(ClickKeyword.groovy:40)
	at com.kms.katalon.core.keyword.internal.KeywordExecutor.executeKeywordForPlatform(KeywordExecutor.groovy:74)
	at com.kms.katalon.core.webui.keyword.WebUiBuiltInKeywords.click(WebUiBuiltInKeywords.groovy:608)
	at com.kms.katalon.core.webui.keyword.WebUiBuiltInKeywords$click$8.call(Unknown Source)
	at 18_Giáo viên thêm quiz với thời gian đóng ở quá khứ.run(18_Giáo viên thêm quiz với thời gian đóng ở quá khứ:32)
	at com.kms.katalon.core.main.ScriptEngine.run(ScriptEngine.java:194)
	at com.kms.katalon.core.main.ScriptEngine.runScriptAsRawText(ScriptEngine.java:119)
	at com.kms.katalon.core.main.TestCaseExecutor.runScript(TestCaseExecutor.java:442)
	at com.kms.katalon.core.main.TestCaseExecutor.doExecute(TestCaseExecutor.java:433)
	at com.kms.katalon.core.main.TestCaseExecutor.processExecutionPhase(TestCaseExecutor.java:412)
	at com.kms.katalon.core.main.TestCaseExecutor.accessMainPhase(TestCaseExecutor.java:404)
	at com.kms.katalon.core.main.TestCaseExecutor.execute(TestCaseExecutor.java:281)
	at com.kms.katalon.core.main.TestSuiteExecutor.accessTestCaseMainPhase(TestSuiteExecutor.java:202)
	at com.kms.katalon.core.main.TestSuiteExecutor.accessTestSuiteMainPhase(TestSuiteExecutor.java:164)
	at com.kms.katalon.core.main.TestSuiteExecutor.execute(TestSuiteExecutor.java:105)
	at com.kms.katalon.core.main.TestCaseMain.startTestSuite(TestCaseMain.java:181)
	at com.kms.katalon.core.main.TestCaseMain$startTestSuite$0.call(Unknown Source)
	at TempTestSuite1642171212458.run(TempTestSuite1642171212458.groovy:36)
Caused by: com.kms.katalon.core.webui.exception.WebElementNotFoundException: Web element with id: 'Object Repository/Page_Course Nhp mn tr tu nhn to/button_End tour' located by '//span[@id='tour-step-tool_usertours_4_2_1620109487-0']/div/div/div[4]/button[3]' not found
	at com.kms.katalon.core.webui.common.WebUiCommonHelper.findWebElement(WebUiCommonHelper.java:1368)
	at com.kms.katalon.core.webui.keyword.internal.WebUIAbstractKeyword.findWebElement(WebUIAbstractKeyword.groovy:27)
	at com.kms.katalon.core.webui.keyword.builtin.ClickKeyword$_click_closure1.doCall(ClickKeyword.groovy:65)
	at com.kms.katalon.core.webui.keyword.builtin.ClickKeyword$_click_closure1.call(ClickKeyword.groovy)
	at com.kms.katalon.core.webui.keyword.internal.WebUIKeywordMain.runKeyword(WebUIKeywordMain.groovy:20)
	at com.kms.katalon.core.webui.keyword.builtin.ClickKeyword.click(ClickKeyword.groovy:74)
	at com.kms.katalon.core.webui.keyword.builtin.ClickKeyword.execute(ClickKeyword.groovy:40)
	at com.kms.katalon.core.keyword.internal.KeywordExecutor.executeKeywordForPlatform(KeywordExecutor.groovy:74)
	at com.kms.katalon.core.webui.keyword.WebUiBuiltInKeywords.click(WebUiBuiltInKeywords.groovy:608)
	at com.kms.katalon.core.webui.keyword.WebUiBuiltInKeywords$click$8.call(Unknown Source)
	at Script1641964778859.run(Script1641964778859.groovy:32)
	... 13 more
)
[[ATTACHMENT|D:\\nam 3\\nhap mon CNPM\\bonus project\\Test-Automation-SE-Bonus\\Reports\\20220114_214012\\Run all test cases\\20220114_214012\\1642172078497.png]]

2022-01-14 21:54:38 - [TEST_STEP][PASSED] - click(findTestObject("Object Repository/Page_Course Nhp mn tr tu nhn to/button_Turn editing on")): Object: 'Object Repository/Page_Course Nhp mn tr tu nhn to/button_Turn editing on' is clicked on

2022-01-14 21:54:44 - [MESSAGE][INFO] - Unable to find the element located by 'By.xpath: //button[@id='single_button61deb918b38a91']'. Please recheck the objects properties to make sure the desired element is located. 

2022-01-14 21:54:44 - [MESSAGE][WARNING] - [SELF-HEALING] Failed to find element with id 'Object Repository/Page_Course Nhp mn tr tu nhn to/button_Turn editing on'. Try using Self-healing.

2022-01-14 21:54:45 - [MESSAGE][WARNING] - [SELF-HEALING] The current locator of test object 'Object Repository/Page_Course Nhp mn tr tu nhn to/button_Turn editing on' was broken. Propose an alternative one: '(.//*[normalize-space(text()) and normalize-space(.)='AI'])[2]/following::button[1]'.

2022-01-14 21:54:45 - [MESSAGE][PASSED] - Object: 'Object Repository/Page_Course Nhp mn tr tu nhn to/button_Turn editing on' is clicked on

2022-01-14 21:54:45 - [TEST_STEP][PASSED] - click(findTestObject("Object Repository/Page_Course Nhp mn tr tu nhn to/span_Add an activity or resource")): Object: 'Object Repository/Page_Course Nhp mn tr tu nhn to/span_Add an activity or resource' is clicked on

2022-01-14 21:54:51 - [MESSAGE][INFO] - Unable to find the element located by 'By.xpath: //span[@id='yui_3_17_2_1_1641986354069_794']'. Please recheck the objects properties to make sure the desired element is located. 

2022-01-14 21:54:51 - [MESSAGE][WARNING] - [SELF-HEALING] Failed to find element with id 'Object Repository/Page_Course Nhp mn tr tu nhn to/span_Add an activity or resource'. Try using Self-healing.

2022-01-14 21:54:52 - [MESSAGE][WARNING] - [SELF-HEALING] The current locator of test object 'Object Repository/Page_Course Nhp mn tr tu nhn to/span_Add an activity or resource' was broken. Propose an alternative one: '(.//*[normalize-space(text()) and normalize-space(.)='Add file(s) here'])[1]/following::span[1]'.

2022-01-14 21:54:52 - [MESSAGE][PASSED] - Object: 'Object Repository/Page_Course Nhp mn tr tu nhn to/span_Add an activity or resource' is clicked on

2022-01-14 21:54:52 - [TEST_STEP][PASSED] - click(findTestObject("Object Repository/Page_Course Nhp mn tr tu nhn to/div_Information about the Page activity_opt_6f2bd7")): Object: 'Object Repository/Page_Course Nhp mn tr tu nhn to/div_Information about the Page activity_opt_6f2bd7' is clicked on

2022-01-14 21:54:58 - [MESSAGE][INFO] - Unable to find the element located by 'By.xpath: //div[@id='all-5']/div/div[17]/div/a/div'. Please recheck the objects properties to make sure the desired element is located. 

2022-01-14 21:54:58 - [MESSAGE][WARNING] - [SELF-HEALING] Failed to find element with id 'Object Repository/Page_Course Nhp mn tr tu nhn to/div_Information about the Page activity_opt_6f2bd7'. Try using Self-healing.

2022-01-14 21:54:58 - [MESSAGE][WARNING] - [SELF-HEALING] The current locator of test object 'Object Repository/Page_Course Nhp mn tr tu nhn to/div_Information about the Page activity_opt_6f2bd7' was broken. Propose an alternative one: '(.//*[normalize-space(text()) and normalize-space(.)='Information about the Page activity'])[1]/following::div[3]'.

2022-01-14 21:54:59 - [MESSAGE][PASSED] - Object: 'Object Repository/Page_Course Nhp mn tr tu nhn to/div_Information about the Page activity_opt_6f2bd7' is clicked on

2022-01-14 21:54:59 - [TEST_STEP][PASSED] - setText(findTestObject("Object Repository/Page_Editing Quiz/input_Name_name"), "Quiz 1"): Text 'Quiz 1' is set on object 'Object Repository/Page_Editing Quiz/input_Name_name'

2022-01-14 21:55:01 - [MESSAGE][PASSED] - Text 'Quiz 1' is set on object 'Object Repository/Page_Editing Quiz/input_Name_name'

2022-01-14 21:55:01 - [TEST_STEP][PASSED] - click(findTestObject("Object Repository/Page_Editing Quiz/a_Timing")): Object: 'Object Repository/Page_Editing Quiz/a_Timing' is clicked on

2022-01-14 21:55:07 - [MESSAGE][INFO] - Unable to find the element located by 'By.xpath: //a[@id='yui_3_17_2_1_1641965323483_67']'. Please recheck the objects properties to make sure the desired element is located. 

2022-01-14 21:55:07 - [MESSAGE][WARNING] - [SELF-HEALING] Failed to find element with id 'Object Repository/Page_Editing Quiz/a_Timing'. Try using Self-healing.

2022-01-14 21:55:07 - [MESSAGE][WARNING] - [SELF-HEALING] The current locator of test object 'Object Repository/Page_Editing Quiz/a_Timing' was broken. Propose an alternative one: '//a[contains(text(),'Timing')]'.

2022-01-14 21:55:07 - [MESSAGE][PASSED] - Object: 'Object Repository/Page_Editing Quiz/a_Timing' is clicked on

2022-01-14 21:55:07 - [TEST_STEP][PASSED] - click(findTestObject("Object Repository/Page_Editing Quiz/input_Enable_timecloseenabled")): Object: 'Object Repository/Page_Editing Quiz/input_Enable_timecloseenabled' is clicked on

2022-01-14 21:55:08 - [MESSAGE][PASSED] - Object: 'Object Repository/Page_Editing Quiz/input_Enable_timecloseenabled' is clicked on

2022-01-14 21:55:08 - [TEST_STEP][PASSED] - selectOptionByValue(findTestObject("Object Repository/Page_Editing Quiz/select_1900        1901        1902        _6405c9"), "2021", true): All options with value '2021' are selected in object 'Object Repository/Page_Editing Quiz/select_1900        1901        1902        _6405c9'  using regular expression

2022-01-14 21:55:11 - [MESSAGE][PASSED] - All options with value '2021' are selected in object 'Object Repository/Page_Editing Quiz/select_1900        1901        1902        _6405c9'  using regular expression

2022-01-14 21:55:11 - [TEST_STEP][PASSED] - click(findTestObject("Object Repository/Page_Editing Quiz/input_Upon activity completion_submitbutton")): Object: 'Object Repository/Page_Editing Quiz/input_Upon activity completion_submitbutton' is clicked on

2022-01-14 21:55:12 - [MESSAGE][PASSED] - Object: 'Object Repository/Page_Editing Quiz/input_Upon activity completion_submitbutton' is clicked on

2022-01-14 21:55:12 - [TEST_STEP][PASSED] - click(findTestObject("Object Repository/Page_AI Quiz 1/button_End tour"), OPTIONAL): Object: 'Object Repository/Page_AI Quiz 1/button_End tour' is clicked on

2022-01-14 21:55:18 - [MESSAGE][INFO] - Unable to find the element located by 'By.xpath: //span[@id='tour-step-tool_usertours_16_3_1620110287-0']/div/div/div[4]/button[3]'. Please recheck the objects properties to make sure the desired element is located. 

2022-01-14 21:55:18 - [MESSAGE][WARNING] - [SELF-HEALING] Failed to find element with id 'Object Repository/Page_AI Quiz 1/button_End tour'. Try using Self-healing.

2022-01-14 21:55:18 - [MESSAGE][WARNING] - [SELF-HEALING] The current locator of test object 'Object Repository/Page_AI Quiz 1/button_End tour' was broken. Propose an alternative one: '(.//*[normalize-space(text()) and normalize-space(.)='Next'])[1]/following::button[1]'.

2022-01-14 21:55:18 - [MESSAGE][PASSED] - Object: 'Object Repository/Page_AI Quiz 1/button_End tour' is clicked on

2022-01-14 21:55:18 - [TEST_STEP][PASSED] - click(findTestObject("Object Repository/Page_AI Quiz 1/button_Edit quiz")): Object: 'Object Repository/Page_AI Quiz 1/button_Edit quiz' is clicked on

2022-01-14 21:55:24 - [MESSAGE][INFO] - Unable to find the element located by 'By.xpath: //button[@id='single_button61de659eb5b0561']'. Please recheck the objects properties to make sure the desired element is located. 

2022-01-14 21:55:24 - [MESSAGE][WARNING] - [SELF-HEALING] Failed to find element with id 'Object Repository/Page_AI Quiz 1/button_Edit quiz'. Try using Self-healing.

2022-01-14 21:55:25 - [MESSAGE][WARNING] - [SELF-HEALING] The current locator of test object 'Object Repository/Page_AI Quiz 1/button_Edit quiz' was broken. Propose an alternative one: '//section[@id='region-main']/div[2]/div[3]/div/div/div[2]/form/button'.

2022-01-14 21:55:25 - [MESSAGE][PASSED] - Object: 'Object Repository/Page_AI Quiz 1/button_Edit quiz' is clicked on

2022-01-14 21:55:25 - [TEST_STEP][PASSED] - click(findTestObject("Object Repository/Page_Editing quiz Quiz 1/span_Add")): Object: 'Object Repository/Page_Editing quiz Quiz 1/span_Add' is clicked on

2022-01-14 21:55:31 - [MESSAGE][INFO] - Unable to find the element located by 'By.xpath: //span[@id='yui_3_17_2_1_1641964968088_388']'. Please recheck the objects properties to make sure the desired element is located. 

2022-01-14 21:55:31 - [MESSAGE][WARNING] - [SELF-HEALING] Failed to find element with id 'Object Repository/Page_Editing quiz Quiz 1/span_Add'. Try using Self-healing.

2022-01-14 21:55:32 - [MESSAGE][WARNING] - [SELF-HEALING] The current locator of test object 'Object Repository/Page_Editing quiz Quiz 1/span_Add' was broken. Propose an alternative one: '//a[@id='action-menu-toggle-3']/span'.

2022-01-14 21:55:32 - [MESSAGE][PASSED] - Object: 'Object Repository/Page_Editing quiz Quiz 1/span_Add' is clicked on

2022-01-14 21:55:32 - [TEST_STEP][PASSED] - click(findTestObject("Object Repository/Page_Editing quiz Quiz 1/span_a new question")): Object: 'Object Repository/Page_Editing quiz Quiz 1/span_a new question' is clicked on

2022-01-14 21:55:32 - [MESSAGE][PASSED] - Object: 'Object Repository/Page_Editing quiz Quiz 1/span_a new question' is clicked on

2022-01-14 21:55:32 - [TEST_STEP][PASSED] - click(findTestObject("Object Repository/Page_Editing quiz Quiz 1/span_TrueFalse")): Object: 'Object Repository/Page_Editing quiz Quiz 1/span_TrueFalse' is clicked on

2022-01-14 21:55:38 - [MESSAGE][INFO] - Unable to find the element located by 'By.xpath: //span[@id='yui_3_17_2_1_1641964968088_673']'. Please recheck the objects properties to make sure the desired element is located. 

2022-01-14 21:55:38 - [MESSAGE][WARNING] - [SELF-HEALING] Failed to find element with id 'Object Repository/Page_Editing quiz Quiz 1/span_TrueFalse'. Try using Self-healing.

2022-01-14 21:55:39 - [MESSAGE][WARNING] - [SELF-HEALING] The current locator of test object 'Object Repository/Page_Editing quiz Quiz 1/span_TrueFalse' was broken. Propose an alternative one: '(.//*[normalize-space(text()) and normalize-space(.)='Multiple choice'])[1]/following::span[3]'.

2022-01-14 21:55:39 - [MESSAGE][PASSED] - Object: 'Object Repository/Page_Editing quiz Quiz 1/span_TrueFalse' is clicked on

2022-01-14 21:55:39 - [TEST_STEP][PASSED] - click(findTestObject("Object Repository/Page_Editing quiz Quiz 1/input_Description_submitbutton")): Object: 'Object Repository/Page_Editing quiz Quiz 1/input_Description_submitbutton' is clicked on

2022-01-14 21:55:45 - [MESSAGE][INFO] - Unable to find the element located by 'By.xpath: //input[@id='yui_3_17_2_1_1641964968088_681']'. Please recheck the objects properties to make sure the desired element is located. 

2022-01-14 21:55:45 - [MESSAGE][WARNING] - [SELF-HEALING] Failed to find element with id 'Object Repository/Page_Editing quiz Quiz 1/input_Description_submitbutton'. Try using Self-healing.

2022-01-14 21:55:45 - [MESSAGE][WARNING] - [SELF-HEALING] The current locator of test object 'Object Repository/Page_Editing quiz Quiz 1/input_Description_submitbutton' was broken. Propose an alternative one: '//div[3]/input'.

2022-01-14 21:55:46 - [MESSAGE][PASSED] - Object: 'Object Repository/Page_Editing quiz Quiz 1/input_Description_submitbutton' is clicked on

2022-01-14 21:55:46 - [TEST_STEP][PASSED] - setText(findTestObject("Object Repository/Page_Editing a TrueFalse question/input_Question name_name"), "Cau 1"): Text 'Cau 1' is set on object 'Object Repository/Page_Editing a TrueFalse question/input_Question name_name'

2022-01-14 21:55:47 - [MESSAGE][PASSED] - Text 'Cau 1' is set on object 'Object Repository/Page_Editing a TrueFalse question/input_Question name_name'

2022-01-14 21:55:47 - [TEST_STEP][PASSED] - setText(findTestObject("Object Repository/Page_Editing a TrueFalse question/div_Dung hay sai"), "Dung hay sai"): Text 'Dung hay sai' is set on object 'Object Repository/Page_Editing a TrueFalse question/div_Dung hay sai'

2022-01-14 21:55:48 - [MESSAGE][PASSED] - Text 'Dung hay sai' is set on object 'Object Repository/Page_Editing a TrueFalse question/div_Dung hay sai'

2022-01-14 21:55:48 - [TEST_STEP][PASSED] - setText(findTestObject("Object Repository/Page_Editing a TrueFalse question/input_ID number_idnumber"), "1"): Text '1' is set on object 'Object Repository/Page_Editing a TrueFalse question/input_ID number_idnumber'

2022-01-14 21:55:49 - [MESSAGE][PASSED] - Text '1' is set on object 'Object Repository/Page_Editing a TrueFalse question/input_ID number_idnumber'

2022-01-14 21:55:49 - [TEST_STEP][PASSED] - click(findTestObject("Object Repository/Page_Editing a TrueFalse question/input__submitbutton")): Object: 'Object Repository/Page_Editing a TrueFalse question/input__submitbutton' is clicked on

2022-01-14 21:55:50 - [MESSAGE][PASSED] - Object: 'Object Repository/Page_Editing a TrueFalse question/input__submitbutton' is clicked on

2022-01-14 21:55:50 - [TEST_STEP][PASSED] - click(findTestObject("Object Repository/Page_Editing quiz Quiz 1/a_Teacher Hubbard")): Object: 'Object Repository/Page_Editing quiz Quiz 1/a_Teacher Hubbard' is clicked on

2022-01-14 21:55:51 - [MESSAGE][PASSED] - Object: 'Object Repository/Page_Editing quiz Quiz 1/a_Teacher Hubbard' is clicked on

2022-01-14 21:55:51 - [TEST_STEP][PASSED] - click(findTestObject("Object Repository/Page_Editing quiz Quiz 1/span_Log out")): Object: 'Object Repository/Page_Editing quiz Quiz 1/span_Log out' is clicked on

2022-01-14 21:55:52 - [MESSAGE][PASSED] - Object: 'Object Repository/Page_Editing quiz Quiz 1/span_Log out' is clicked on

2022-01-14 21:55:52 - [TEST_STEP][PASSED] - click(findTestObject("Object Repository/Page_HCMUS/a_Nhp mn tr tu nhn to")): Object: 'Object Repository/Page_HCMUS/a_Nhp mn tr tu nhn to' is clicked on

2022-01-14 21:55:52 - [MESSAGE][PASSED] - Object: 'Object Repository/Page_HCMUS/a_Nhp mn tr tu nhn to' is clicked on

2022-01-14 21:55:52 - [TEST_STEP][PASSED] - setText(findTestObject("Object Repository/Page_HCMUS Log in to the site/input_Username_username"), "student1"): Text 'student1' is set on object 'Object Repository/Page_HCMUS Log in to the site/input_Username_username'

2022-01-14 21:55:53 - [MESSAGE][PASSED] - Text 'student1' is set on object 'Object Repository/Page_HCMUS Log in to the site/input_Username_username'

2022-01-14 21:55:53 - [TEST_STEP][PASSED] - setEncryptedText(findTestObject("Object Repository/Page_HCMUS Log in to the site/input_Password_password"), "xsue+lrReh6nSDZIylEEKg=="): Text ****** has been set on object 'Object Repository/Page_HCMUS Log in to the site/input_Password_password'

2022-01-14 21:55:54 - [MESSAGE][PASSED] - Text ****** has been set on object 'Object Repository/Page_HCMUS Log in to the site/input_Password_password'

2022-01-14 21:55:54 - [TEST_STEP][PASSED] - click(findTestObject("Object Repository/Page_HCMUS Log in to the site/button_Log in")): Object: 'Object Repository/Page_HCMUS Log in to the site/button_Log in' is clicked on

2022-01-14 21:55:54 - [MESSAGE][PASSED] - Object: 'Object Repository/Page_HCMUS Log in to the site/button_Log in' is clicked on

2022-01-14 21:55:54 - [TEST_STEP][PASSED] - click(findTestObject("Object Repository/Page_Course Nhp mn tr tu nhn to/button_End tour"), OPTIONAL): Object: 'Object Repository/Page_Course Nhp mn tr tu nhn to/button_End tour' is clicked on

2022-01-14 21:55:56 - [MESSAGE][PASSED] - Object: 'Object Repository/Page_Course Nhp mn tr tu nhn to/button_End tour' is clicked on

2022-01-14 21:55:56 - [TEST_STEP][PASSED] - click(findTestObject("Object Repository/Page_Course Nhp mn tr tu nhn to/span_Quiz 1")): Object: 'Object Repository/Page_Course Nhp mn tr tu nhn to/span_Quiz 1' is clicked on

2022-01-14 21:55:57 - [MESSAGE][PASSED] - Object: 'Object Repository/Page_Course Nhp mn tr tu nhn to/span_Quiz 1' is clicked on

2022-01-14 21:55:57 - [TEST_STEP][PASSED] - click(findTestObject("Object Repository/Page_AI Quiz 1/button_End tour"), OPTIONAL): Object: 'Object Repository/Page_AI Quiz 1/button_End tour' is clicked on

2022-01-14 21:56:03 - [MESSAGE][INFO] - Unable to find the element located by 'By.xpath: //span[@id='tour-step-tool_usertours_16_3_1620110287-0']/div/div/div[4]/button[3]'. Please recheck the objects properties to make sure the desired element is located. 

2022-01-14 21:56:03 - [MESSAGE][WARNING] - [SELF-HEALING] Failed to find element with id 'Object Repository/Page_AI Quiz 1/button_End tour'. Try using Self-healing.

2022-01-14 21:56:03 - [MESSAGE][WARNING] - [SELF-HEALING] The current locator of test object 'Object Repository/Page_AI Quiz 1/button_End tour' was broken. Propose an alternative one: '(.//*[normalize-space(text()) and normalize-space(.)='Next'])[1]/following::button[1]'.

2022-01-14 21:56:03 - [MESSAGE][PASSED] - Object: 'Object Repository/Page_AI Quiz 1/button_End tour' is clicked on

2022-01-14 21:56:03 - [TEST_STEP][PASSED] - verifyElementText(findTestObject("Object Repository/Page_AI Quiz 1/h2_Quiz 1"), "Quiz 1"): Actual text and expected text of test object 'Object Repository/Page_AI Quiz 1/h2_Quiz 1' are matched.

2022-01-14 21:56:04 - [MESSAGE][PASSED] - Actual text and expected text of test object 'Object Repository/Page_AI Quiz 1/h2_Quiz 1' are matched.

2022-01-14 21:56:04 - [TEST_STEP][PASSED] - verifyElementVisible(findTestObject("Object Repository/Page_AI Quiz 1/button_Back to the course")): Object 'Object Repository/Page_AI Quiz 1/button_Back to the course' is visible

2022-01-14 21:56:11 - [MESSAGE][INFO] - Unable to find the element located by 'By.xpath: //button[@id='single_button61de65eb0b6d614']'. Please recheck the objects properties to make sure the desired element is located. 

2022-01-14 21:56:11 - [MESSAGE][WARNING] - [SELF-HEALING] Failed to find element with id 'Object Repository/Page_AI Quiz 1/button_Back to the course'. Try using Self-healing.

2022-01-14 21:56:11 - [MESSAGE][WARNING] - [SELF-HEALING] The current locator of test object 'Object Repository/Page_AI Quiz 1/button_Back to the course' was broken. Propose an alternative one: '//section[@id='region-main']/div/div[3]/div/form/button'.

2022-01-14 21:56:11 - [MESSAGE][PASSED] - Object 'Object Repository/Page_AI Quiz 1/button_Back to the course' is visible

2022-01-14 21:56:11 - [TEST_STEP][PASSED] - closeBrowser(): Browser is closed

2022-01-14 21:56:12 - [MESSAGE][PASSED] - Browser is closed]]></system-out>
         <system-err><![CDATA[]]></system-err>
      </testcase>
      <testcase name="Test Cases/19_Giáo viên thêm quiz với thông tin chính xác" time="30.862" classname="Test Cases/19_Giáo viên thêm quiz với thông tin chính xác" status="PASSED">
         <system-out><![CDATA[2022-01-14 21:56:12 - [TEST_CASE][PASSED] - Test Cases/19_Giáo viên thêm quiz với thông tin chính xác: Test Cases/19_Giáo viên thêm quiz với thông tin chính xác

2022-01-14 21:56:12 - [TEST_STEP][PASSED] - openBrowser(""): Browser is opened with url: ''

2022-01-14 21:56:12 - [MESSAGE][INFO] - Starting 'Chrome' driver

2022-01-14 21:56:12 - [MESSAGE][INFO] - Action delay is set to 0 milliseconds

2022-01-14 21:56:13 - [MESSAGE][PASSED] - Browser is opened with url: ''

2022-01-14 21:56:13 - [TEST_STEP][PASSED] - navigateToUrl("http://localhost/"): Navigate to 'http://localhost/' successfully

2022-01-14 21:56:14 - [MESSAGE][PASSED] - Navigate to 'http://localhost/' successfully

2022-01-14 21:56:14 - [TEST_STEP][PASSED] - click(findTestObject("Object Repository/Page_HCMUS/a_Nhp mn tr tu nhn to")): Object: 'Object Repository/Page_HCMUS/a_Nhp mn tr tu nhn to' is clicked on

2022-01-14 21:56:14 - [MESSAGE][PASSED] - Object: 'Object Repository/Page_HCMUS/a_Nhp mn tr tu nhn to' is clicked on

2022-01-14 21:56:14 - [TEST_STEP][PASSED] - setText(findTestObject("Object Repository/Page_HCMUS Log in to the site/input_Username_username"), "teacher1"): Text 'teacher1' is set on object 'Object Repository/Page_HCMUS Log in to the site/input_Username_username'

2022-01-14 21:56:15 - [MESSAGE][PASSED] - Text 'teacher1' is set on object 'Object Repository/Page_HCMUS Log in to the site/input_Username_username'

2022-01-14 21:56:15 - [TEST_STEP][PASSED] - setEncryptedText(findTestObject("Object Repository/Page_HCMUS Log in to the site/input_Password_password"), "iKb8CrY6A/iqm08K47hQLA=="): Text ****** has been set on object 'Object Repository/Page_HCMUS Log in to the site/input_Password_password'

2022-01-14 21:56:16 - [MESSAGE][PASSED] - Text ****** has been set on object 'Object Repository/Page_HCMUS Log in to the site/input_Password_password'

2022-01-14 21:56:16 - [TEST_STEP][PASSED] - click(findTestObject("Object Repository/Page_HCMUS Log in to the site/button_Log in")): Object: 'Object Repository/Page_HCMUS Log in to the site/button_Log in' is clicked on

2022-01-14 21:56:16 - [MESSAGE][PASSED] - Object: 'Object Repository/Page_HCMUS Log in to the site/button_Log in' is clicked on

2022-01-14 21:56:16 - [TEST_STEP][PASSED] - click(findTestObject("Object Repository/Page_Course Nhp mn tr tu nhn to/button_End tour"), OPTIONAL): Object: 'Object Repository/Page_Course Nhp mn tr tu nhn to/button_End tour' is clicked on

2022-01-14 21:56:23 - [MESSAGE][INFO] - Unable to find the element located by 'By.xpath: //span[@id='tour-step-tool_usertours_4_2_1620109487-0']/div/div/div[4]/button[3]'. Please recheck the objects properties to make sure the desired element is located. 

2022-01-14 21:56:23 - [MESSAGE][WARNING] - [SELF-HEALING] Failed to find element with id 'Object Repository/Page_Course Nhp mn tr tu nhn to/button_End tour'. Try using Self-healing.

2022-01-14 21:56:23 - [MESSAGE][WARNING] - [SELF-HEALING] The current locator of test object 'Object Repository/Page_Course Nhp mn tr tu nhn to/button_End tour' was broken. Propose an alternative one: '(.//*[normalize-space(text()) and normalize-space(.)='Next'])[1]/following::button[1]'.

2022-01-14 21:56:23 - [MESSAGE][PASSED] - Object: 'Object Repository/Page_Course Nhp mn tr tu nhn to/button_End tour' is clicked on

2022-01-14 21:56:23 - [TEST_STEP][PASSED] - click(findTestObject("Object Repository/Page_Course Nhp mn tr tu nhn to/button_Turn editing on")): Object: 'Object Repository/Page_Course Nhp mn tr tu nhn to/button_Turn editing on' is clicked on

2022-01-14 21:56:29 - [MESSAGE][INFO] - Unable to find the element located by 'By.xpath: //button[@id='single_button61deb918b38a91']'. Please recheck the objects properties to make sure the desired element is located. 

2022-01-14 21:56:29 - [MESSAGE][WARNING] - [SELF-HEALING] Failed to find element with id 'Object Repository/Page_Course Nhp mn tr tu nhn to/button_Turn editing on'. Try using Self-healing.

2022-01-14 21:56:29 - [MESSAGE][WARNING] - [SELF-HEALING] The current locator of test object 'Object Repository/Page_Course Nhp mn tr tu nhn to/button_Turn editing on' was broken. Propose an alternative one: '(.//*[normalize-space(text()) and normalize-space(.)='AI'])[2]/following::button[1]'.

2022-01-14 21:56:30 - [MESSAGE][PASSED] - Object: 'Object Repository/Page_Course Nhp mn tr tu nhn to/button_Turn editing on' is clicked on

2022-01-14 21:56:30 - [TEST_STEP][PASSED] - click(findTestObject("Object Repository/Page_Course Nhp mn tr tu nhn to/span_Add an activity or resource")): Object: 'Object Repository/Page_Course Nhp mn tr tu nhn to/span_Add an activity or resource' is clicked on

2022-01-14 21:56:36 - [MESSAGE][INFO] - Unable to find the element located by 'By.xpath: //span[@id='yui_3_17_2_1_1641986354069_794']'. Please recheck the objects properties to make sure the desired element is located. 

2022-01-14 21:56:36 - [MESSAGE][WARNING] - [SELF-HEALING] Failed to find element with id 'Object Repository/Page_Course Nhp mn tr tu nhn to/span_Add an activity or resource'. Try using Self-healing.

2022-01-14 21:56:36 - [MESSAGE][WARNING] - [SELF-HEALING] The current locator of test object 'Object Repository/Page_Course Nhp mn tr tu nhn to/span_Add an activity or resource' was broken. Propose an alternative one: '(.//*[normalize-space(text()) and normalize-space(.)='Add file(s) here'])[1]/following::span[1]'.

2022-01-14 21:56:36 - [MESSAGE][PASSED] - Object: 'Object Repository/Page_Course Nhp mn tr tu nhn to/span_Add an activity or resource' is clicked on

2022-01-14 21:56:36 - [TEST_STEP][PASSED] - click(findTestObject("Object Repository/Page_Course Nhp mn tr tu nhn to/div_Information about the Page activity_opt_6f2bd7")): Object: 'Object Repository/Page_Course Nhp mn tr tu nhn to/div_Information about the Page activity_opt_6f2bd7' is clicked on

2022-01-14 21:56:38 - [MESSAGE][PASSED] - Object: 'Object Repository/Page_Course Nhp mn tr tu nhn to/div_Information about the Page activity_opt_6f2bd7' is clicked on

2022-01-14 21:56:38 - [TEST_STEP][PASSED] - setText(findTestObject("Object Repository/Page_Editing Quiz/input_Name_name"), "Quiz 2"): Text 'Quiz 2' is set on object 'Object Repository/Page_Editing Quiz/input_Name_name'

2022-01-14 21:56:39 - [MESSAGE][PASSED] - Text 'Quiz 2' is set on object 'Object Repository/Page_Editing Quiz/input_Name_name'

2022-01-14 21:56:39 - [TEST_STEP][PASSED] - click(findTestObject("Object Repository/Page_Editing Quiz/input_Upon activity completion_submitbutton")): Object: 'Object Repository/Page_Editing Quiz/input_Upon activity completion_submitbutton' is clicked on

2022-01-14 21:56:41 - [MESSAGE][PASSED] - Object: 'Object Repository/Page_Editing Quiz/input_Upon activity completion_submitbutton' is clicked on

2022-01-14 21:56:41 - [TEST_STEP][PASSED] - verifyElementText(findTestObject("Object Repository/Page_AI Quiz 2/h2_Quiz 2"), "Quiz 2"): Actual text and expected text of test object 'Object Repository/Page_AI Quiz 2/h2_Quiz 2' are matched.

2022-01-14 21:56:41 - [MESSAGE][PASSED] - Actual text and expected text of test object 'Object Repository/Page_AI Quiz 2/h2_Quiz 2' are matched.

2022-01-14 21:56:41 - [TEST_STEP][PASSED] - verifyElementText(findTestObject("Object Repository/Page_AI Quiz 2/div_No questions have been added yet"), "No questions have been added yet"): Actual text and expected text of test object 'Object Repository/Page_AI Quiz 2/div_No questions have been added yet' are matched.

2022-01-14 21:56:42 - [MESSAGE][PASSED] - Actual text and expected text of test object 'Object Repository/Page_AI Quiz 2/div_No questions have been added yet' are matched.

2022-01-14 21:56:42 - [TEST_STEP][PASSED] - closeBrowser(): Browser is closed

2022-01-14 21:56:42 - [MESSAGE][PASSED] - Browser is closed]]></system-out>
         <system-err><![CDATA[]]></system-err>
      </testcase>
      <testcase name="Test Cases/20_Giáo viên thêm câu hỏi cho quiz" time="52.366" classname="Test Cases/20_Giáo viên thêm câu hỏi cho quiz" status="PASSED">
         <system-out><![CDATA[2022-01-14 21:56:42 - [TEST_CASE][PASSED] - Test Cases/20_Giáo viên thêm câu hỏi cho quiz: Test Cases/20_Giáo viên thêm câu hỏi cho quiz

2022-01-14 21:56:43 - [TEST_STEP][PASSED] - openBrowser(""): Browser is opened with url: ''

2022-01-14 21:56:43 - [MESSAGE][INFO] - Starting 'Chrome' driver

2022-01-14 21:56:43 - [MESSAGE][INFO] - Action delay is set to 0 milliseconds

2022-01-14 21:56:44 - [MESSAGE][PASSED] - Browser is opened with url: ''

2022-01-14 21:56:44 - [TEST_STEP][PASSED] - navigateToUrl("http://localhost/"): Navigate to 'http://localhost/' successfully

2022-01-14 21:56:44 - [MESSAGE][PASSED] - Navigate to 'http://localhost/' successfully

2022-01-14 21:56:44 - [TEST_STEP][PASSED] - click(findTestObject("Object Repository/Page_HCMUS/a_Nhp mn tr tu nhn to")): Object: 'Object Repository/Page_HCMUS/a_Nhp mn tr tu nhn to' is clicked on

2022-01-14 21:56:45 - [MESSAGE][PASSED] - Object: 'Object Repository/Page_HCMUS/a_Nhp mn tr tu nhn to' is clicked on

2022-01-14 21:56:45 - [TEST_STEP][PASSED] - setText(findTestObject("Object Repository/Page_HCMUS Log in to the site/input_Username_username"), "teacher1"): Text 'teacher1' is set on object 'Object Repository/Page_HCMUS Log in to the site/input_Username_username'

2022-01-14 21:56:46 - [MESSAGE][PASSED] - Text 'teacher1' is set on object 'Object Repository/Page_HCMUS Log in to the site/input_Username_username'

2022-01-14 21:56:46 - [TEST_STEP][PASSED] - setEncryptedText(findTestObject("Object Repository/Page_HCMUS Log in to the site/input_Password_password"), "iKb8CrY6A/iqm08K47hQLA=="): Text ****** has been set on object 'Object Repository/Page_HCMUS Log in to the site/input_Password_password'

2022-01-14 21:56:46 - [MESSAGE][PASSED] - Text ****** has been set on object 'Object Repository/Page_HCMUS Log in to the site/input_Password_password'

2022-01-14 21:56:46 - [TEST_STEP][PASSED] - click(findTestObject("Object Repository/Page_HCMUS Log in to the site/button_Log in")): Object: 'Object Repository/Page_HCMUS Log in to the site/button_Log in' is clicked on

2022-01-14 21:56:47 - [MESSAGE][PASSED] - Object: 'Object Repository/Page_HCMUS Log in to the site/button_Log in' is clicked on

2022-01-14 21:56:47 - [TEST_STEP][PASSED] - click(findTestObject("Object Repository/Page_Course Nhp mn tr tu nhn to/span_Quiz 2")): Object: 'Object Repository/Page_Course Nhp mn tr tu nhn to/span_Quiz 2' is clicked on

2022-01-14 21:56:49 - [MESSAGE][PASSED] - Object: 'Object Repository/Page_Course Nhp mn tr tu nhn to/span_Quiz 2' is clicked on

2022-01-14 21:56:49 - [TEST_STEP][PASSED] - click(findTestObject("Object Repository/Page_AI Quiz 2/button_Edit quiz")): Object: 'Object Repository/Page_AI Quiz 2/button_Edit quiz' is clicked on

2022-01-14 21:56:55 - [MESSAGE][INFO] - Unable to find the element located by 'By.xpath: //button[@id='single_button61de67c826ede61']'. Please recheck the objects properties to make sure the desired element is located. 

2022-01-14 21:56:55 - [MESSAGE][WARNING] - [SELF-HEALING] Failed to find element with id 'Object Repository/Page_AI Quiz 2/button_Edit quiz'. Try using Self-healing.

2022-01-14 21:56:55 - [MESSAGE][WARNING] - [SELF-HEALING] The current locator of test object 'Object Repository/Page_AI Quiz 2/button_Edit quiz' was broken. Propose an alternative one: '//section[@id='region-main']/div[2]/div[3]/div/div/div[2]/form/button'.

2022-01-14 21:56:56 - [MESSAGE][PASSED] - Object: 'Object Repository/Page_AI Quiz 2/button_Edit quiz' is clicked on

2022-01-14 21:56:56 - [TEST_STEP][PASSED] - click(findTestObject("Object Repository/Page_Editing quiz Quiz 2/span_Add")): Object: 'Object Repository/Page_Editing quiz Quiz 2/span_Add' is clicked on

2022-01-14 21:57:02 - [MESSAGE][INFO] - Unable to find the element located by 'By.xpath: //span[@id='yui_3_17_2_1_1641965514536_286']'. Please recheck the objects properties to make sure the desired element is located. 

2022-01-14 21:57:02 - [MESSAGE][WARNING] - [SELF-HEALING] Failed to find element with id 'Object Repository/Page_Editing quiz Quiz 2/span_Add'. Try using Self-healing.

2022-01-14 21:57:02 - [MESSAGE][WARNING] - [SELF-HEALING] The current locator of test object 'Object Repository/Page_Editing quiz Quiz 2/span_Add' was broken. Propose an alternative one: '//a[@id='action-menu-toggle-3']/span'.

2022-01-14 21:57:02 - [MESSAGE][PASSED] - Object: 'Object Repository/Page_Editing quiz Quiz 2/span_Add' is clicked on

2022-01-14 21:57:02 - [TEST_STEP][PASSED] - click(findTestObject("Object Repository/Page_Editing quiz Quiz 2/span_a new question")): Object: 'Object Repository/Page_Editing quiz Quiz 2/span_a new question' is clicked on

2022-01-14 21:57:03 - [MESSAGE][PASSED] - Object: 'Object Repository/Page_Editing quiz Quiz 2/span_a new question' is clicked on

2022-01-14 21:57:03 - [TEST_STEP][PASSED] - click(findTestObject("Object Repository/Page_Editing quiz Quiz 2/input_Multiple choice_qtype")): Object: 'Object Repository/Page_Editing quiz Quiz 2/input_Multiple choice_qtype' is clicked on

2022-01-14 21:57:03 - [MESSAGE][PASSED] - Object: 'Object Repository/Page_Editing quiz Quiz 2/input_Multiple choice_qtype' is clicked on

2022-01-14 21:57:03 - [TEST_STEP][PASSED] - click(findTestObject("Object Repository/Page_Editing quiz Quiz 2/input_Description_submitbutton")): Object: 'Object Repository/Page_Editing quiz Quiz 2/input_Description_submitbutton' is clicked on

2022-01-14 21:57:10 - [MESSAGE][INFO] - Unable to find the element located by 'By.xpath: //input[@id='yui_3_17_2_1_1641965514536_581']'. Please recheck the objects properties to make sure the desired element is located. 

2022-01-14 21:57:10 - [MESSAGE][WARNING] - [SELF-HEALING] Failed to find element with id 'Object Repository/Page_Editing quiz Quiz 2/input_Description_submitbutton'. Try using Self-healing.

2022-01-14 21:57:10 - [MESSAGE][WARNING] - [SELF-HEALING] The current locator of test object 'Object Repository/Page_Editing quiz Quiz 2/input_Description_submitbutton' was broken. Propose an alternative one: '//div[3]/input'.

2022-01-14 21:57:11 - [MESSAGE][PASSED] - Object: 'Object Repository/Page_Editing quiz Quiz 2/input_Description_submitbutton' is clicked on

2022-01-14 21:57:11 - [TEST_STEP][PASSED] - setText(findTestObject("Object Repository/Page_Editing a TrueFalse question/input_Question name_name"), "Cau 1"): Text 'Cau 1' is set on object 'Object Repository/Page_Editing a TrueFalse question/input_Question name_name'

2022-01-14 21:57:12 - [MESSAGE][PASSED] - Text 'Cau 1' is set on object 'Object Repository/Page_Editing a TrueFalse question/input_Question name_name'

2022-01-14 21:57:12 - [TEST_STEP][PASSED] - setText(findTestObject("Object Repository/Page_Editing a TrueFalse question/div_Dung hay sai"), "Dung hay sai"): Text 'Dung hay sai' is set on object 'Object Repository/Page_Editing a TrueFalse question/div_Dung hay sai'

2022-01-14 21:57:13 - [MESSAGE][PASSED] - Text 'Dung hay sai' is set on object 'Object Repository/Page_Editing a TrueFalse question/div_Dung hay sai'

2022-01-14 21:57:13 - [TEST_STEP][PASSED] - selectOptionByValue(findTestObject("Object Repository/Page_Editing a TrueFalse question/select_False            True"), "1", true): All options with value '1' are selected in object 'Object Repository/Page_Editing a TrueFalse question/select_False            True'  using regular expression

2022-01-14 21:57:14 - [MESSAGE][PASSED] - All options with value '1' are selected in object 'Object Repository/Page_Editing a TrueFalse question/select_False            True'  using regular expression

2022-01-14 21:57:14 - [TEST_STEP][PASSED] - click(findTestObject("Object Repository/Page_Editing a TrueFalse question/input__submitbutton")): Object: 'Object Repository/Page_Editing a TrueFalse question/input__submitbutton' is clicked on

2022-01-14 21:57:15 - [MESSAGE][PASSED] - Object: 'Object Repository/Page_Editing a TrueFalse question/input__submitbutton' is clicked on

2022-01-14 21:57:15 - [TEST_STEP][PASSED] - verifyElementVisible(findTestObject("Object Repository/Page_Editing quiz Quiz 2/div_Cau 1 Dung hay sai")): Object 'Object Repository/Page_Editing quiz Quiz 2/div_Cau 1 Dung hay sai' is visible

2022-01-14 21:57:21 - [MESSAGE][INFO] - Unable to find the element located by 'By.xpath: //div[@id='yui_3_17_2_1_1641965566236_337']'. Please recheck the objects properties to make sure the desired element is located. 

2022-01-14 21:57:21 - [MESSAGE][WARNING] - [SELF-HEALING] Failed to find element with id 'Object Repository/Page_Editing quiz Quiz 2/div_Cau 1 Dung hay sai'. Try using Self-healing.

2022-01-14 21:57:21 - [MESSAGE][WARNING] - [SELF-HEALING] The current locator of test object 'Object Repository/Page_Editing quiz Quiz 2/div_Cau 1 Dung hay sai' was broken. Propose an alternative one: '(.//*[normalize-space(text()) and normalize-space(.)='Question'])[1]/following::div[2]'.

2022-01-14 21:57:21 - [MESSAGE][PASSED] - Object 'Object Repository/Page_Editing quiz Quiz 2/div_Cau 1 Dung hay sai' is visible

2022-01-14 21:57:21 - [TEST_STEP][PASSED] - verifyElementText(findTestObject("Object Repository/Page_Editing quiz Quiz 2/h2_Editing quiz Quiz 2"), "Editing quiz: Quiz 2"): Actual text and expected text of test object 'Object Repository/Page_Editing quiz Quiz 2/h2_Editing quiz Quiz 2' are matched.

2022-01-14 21:57:28 - [MESSAGE][INFO] - Unable to find the element located by 'By.xpath: //h2[@id='yui_3_17_2_1_1641965566236_351']'. Please recheck the objects properties to make sure the desired element is located. 

2022-01-14 21:57:28 - [MESSAGE][WARNING] - [SELF-HEALING] Failed to find element with id 'Object Repository/Page_Editing quiz Quiz 2/h2_Editing quiz Quiz 2'. Try using Self-healing.

2022-01-14 21:57:28 - [MESSAGE][WARNING] - [SELF-HEALING] The current locator of test object 'Object Repository/Page_Editing quiz Quiz 2/h2_Editing quiz Quiz 2' was broken. Propose an alternative one: '(.//*[normalize-space(text()) and normalize-space(.)='Edit quiz'])[1]/following::h2[1]'.

2022-01-14 21:57:28 - [MESSAGE][PASSED] - Actual text and expected text of test object 'Object Repository/Page_Editing quiz Quiz 2/h2_Editing quiz Quiz 2' are matched.

2022-01-14 21:57:28 - [TEST_STEP][PASSED] - verifyElementText(findTestObject("Object Repository/Page_Editing quiz Quiz 2/div_Cau 1 Dung hay sai"), "Cau 1 Dung hay sai"): Actual text and expected text of test object 'Object Repository/Page_Editing quiz Quiz 2/div_Cau 1 Dung hay sai' are matched.

2022-01-14 21:57:34 - [MESSAGE][INFO] - Unable to find the element located by 'By.xpath: //div[@id='yui_3_17_2_1_1641965566236_337']'. Please recheck the objects properties to make sure the desired element is located. 

2022-01-14 21:57:34 - [MESSAGE][WARNING] - [SELF-HEALING] Failed to find element with id 'Object Repository/Page_Editing quiz Quiz 2/div_Cau 1 Dung hay sai'. Try using Self-healing.

2022-01-14 21:57:34 - [MESSAGE][WARNING] - [SELF-HEALING] The current locator of test object 'Object Repository/Page_Editing quiz Quiz 2/div_Cau 1 Dung hay sai' was broken. Propose an alternative one: '(.//*[normalize-space(text()) and normalize-space(.)='Question'])[1]/following::div[2]'.

2022-01-14 21:57:34 - [MESSAGE][PASSED] - Actual text and expected text of test object 'Object Repository/Page_Editing quiz Quiz 2/div_Cau 1 Dung hay sai' are matched.

2022-01-14 21:57:34 - [TEST_STEP][PASSED] - closeBrowser(): Browser is closed

2022-01-14 21:57:35 - [MESSAGE][PASSED] - Browser is closed]]></system-out>
         <system-err><![CDATA[]]></system-err>
      </testcase>
      <testcase name="Test Cases/21_Giáo viên thêm survey" time="24.199" classname="Test Cases/21_Giáo viên thêm survey" status="PASSED">
         <system-out><![CDATA[2022-01-14 21:57:35 - [TEST_CASE][PASSED] - Test Cases/21_Giáo viên thêm survey: Test Cases/21_Giáo viên thêm survey

2022-01-14 21:57:35 - [TEST_STEP][PASSED] - openBrowser(""): Browser is opened with url: ''

2022-01-14 21:57:35 - [MESSAGE][INFO] - Starting 'Chrome' driver

2022-01-14 21:57:35 - [MESSAGE][INFO] - Action delay is set to 0 milliseconds

2022-01-14 21:57:36 - [MESSAGE][PASSED] - Browser is opened with url: ''

2022-01-14 21:57:36 - [TEST_STEP][PASSED] - navigateToUrl("http://localhost/"): Navigate to 'http://localhost/' successfully

2022-01-14 21:57:37 - [MESSAGE][PASSED] - Navigate to 'http://localhost/' successfully

2022-01-14 21:57:37 - [TEST_STEP][PASSED] - click(findTestObject("Object Repository/Page_HCMUS/a_Nhp mn tr tu nhn to")): Object: 'Object Repository/Page_HCMUS/a_Nhp mn tr tu nhn to' is clicked on

2022-01-14 21:57:37 - [MESSAGE][PASSED] - Object: 'Object Repository/Page_HCMUS/a_Nhp mn tr tu nhn to' is clicked on

2022-01-14 21:57:37 - [TEST_STEP][PASSED] - setText(findTestObject("Object Repository/Page_HCMUS Log in to the site/input_Username_username"), "teacher1"): Text 'teacher1' is set on object 'Object Repository/Page_HCMUS Log in to the site/input_Username_username'

2022-01-14 21:57:38 - [MESSAGE][PASSED] - Text 'teacher1' is set on object 'Object Repository/Page_HCMUS Log in to the site/input_Username_username'

2022-01-14 21:57:38 - [TEST_STEP][PASSED] - setEncryptedText(findTestObject("Object Repository/Page_HCMUS Log in to the site/input_Password_password"), "iKb8CrY6A/iqm08K47hQLA=="): Text ****** has been set on object 'Object Repository/Page_HCMUS Log in to the site/input_Password_password'

2022-01-14 21:57:39 - [MESSAGE][PASSED] - Text ****** has been set on object 'Object Repository/Page_HCMUS Log in to the site/input_Password_password'

2022-01-14 21:57:39 - [TEST_STEP][PASSED] - click(findTestObject("Object Repository/Page_HCMUS Log in to the site/button_Log in")): Object: 'Object Repository/Page_HCMUS Log in to the site/button_Log in' is clicked on

2022-01-14 21:57:39 - [MESSAGE][PASSED] - Object: 'Object Repository/Page_HCMUS Log in to the site/button_Log in' is clicked on

2022-01-14 21:57:39 - [TEST_STEP][PASSED] - click(findTestObject("Object Repository/Page_Course Nhp mn tr tu nhn to/button_Turn editing on")): Object: 'Object Repository/Page_Course Nhp mn tr tu nhn to/button_Turn editing on' is clicked on

2022-01-14 21:57:46 - [MESSAGE][INFO] - Unable to find the element located by 'By.xpath: //button[@id='single_button61deb918b38a91']'. Please recheck the objects properties to make sure the desired element is located. 

2022-01-14 21:57:46 - [MESSAGE][WARNING] - [SELF-HEALING] Failed to find element with id 'Object Repository/Page_Course Nhp mn tr tu nhn to/button_Turn editing on'. Try using Self-healing.

2022-01-14 21:57:46 - [MESSAGE][WARNING] - [SELF-HEALING] The current locator of test object 'Object Repository/Page_Course Nhp mn tr tu nhn to/button_Turn editing on' was broken. Propose an alternative one: '(.//*[normalize-space(text()) and normalize-space(.)='AI'])[2]/following::button[1]'.

2022-01-14 21:57:46 - [MESSAGE][PASSED] - Object: 'Object Repository/Page_Course Nhp mn tr tu nhn to/button_Turn editing on' is clicked on

2022-01-14 21:57:46 - [TEST_STEP][PASSED] - click(findTestObject("Object Repository/Page_Course Nhp mn tr tu nhn to/span_Add an activity or resource")): Object: 'Object Repository/Page_Course Nhp mn tr tu nhn to/span_Add an activity or resource' is clicked on

2022-01-14 21:57:52 - [MESSAGE][INFO] - Unable to find the element located by 'By.xpath: //span[@id='yui_3_17_2_1_1641986354069_794']'. Please recheck the objects properties to make sure the desired element is located. 

2022-01-14 21:57:52 - [MESSAGE][WARNING] - [SELF-HEALING] Failed to find element with id 'Object Repository/Page_Course Nhp mn tr tu nhn to/span_Add an activity or resource'. Try using Self-healing.

2022-01-14 21:57:52 - [MESSAGE][WARNING] - [SELF-HEALING] The current locator of test object 'Object Repository/Page_Course Nhp mn tr tu nhn to/span_Add an activity or resource' was broken. Propose an alternative one: '(.//*[normalize-space(text()) and normalize-space(.)='Add file(s) here'])[1]/following::span[1]'.

2022-01-14 21:57:53 - [MESSAGE][PASSED] - Object: 'Object Repository/Page_Course Nhp mn tr tu nhn to/span_Add an activity or resource' is clicked on

2022-01-14 21:57:53 - [TEST_STEP][PASSED] - click(findTestObject("Object Repository/Page_Course Nhp mn tr tu nhn to/div_Information about the SCORM package act_c8e698")): Object: 'Object Repository/Page_Course Nhp mn tr tu nhn to/div_Information about the SCORM package act_c8e698' is clicked on

2022-01-14 21:57:55 - [MESSAGE][PASSED] - Object: 'Object Repository/Page_Course Nhp mn tr tu nhn to/div_Information about the SCORM package act_c8e698' is clicked on

2022-01-14 21:57:55 - [TEST_STEP][PASSED] - setText(findTestObject("Object Repository/Page_Editing Survey/input_Name_name"), "Survey 1"): Text 'Survey 1' is set on object 'Object Repository/Page_Editing Survey/input_Name_name'

2022-01-14 21:57:56 - [MESSAGE][PASSED] - Text 'Survey 1' is set on object 'Object Repository/Page_Editing Survey/input_Name_name'

2022-01-14 21:57:56 - [TEST_STEP][PASSED] - selectOptionByValue(findTestObject("Object Repository/Page_Editing Survey/select_Choose.            ATTLS (20 item ve_6ae139"), "5", true): All options with value '5' are selected in object 'Object Repository/Page_Editing Survey/select_Choose.            ATTLS (20 item ve_6ae139'  using regular expression

2022-01-14 21:57:57 - [MESSAGE][PASSED] - All options with value '5' are selected in object 'Object Repository/Page_Editing Survey/select_Choose.            ATTLS (20 item ve_6ae139'  using regular expression

2022-01-14 21:57:57 - [TEST_STEP][PASSED] - click(findTestObject("Object Repository/Page_Editing Survey/input_Upon activity completion_submitbutton")): Object: 'Object Repository/Page_Editing Survey/input_Upon activity completion_submitbutton' is clicked on

2022-01-14 21:57:58 - [MESSAGE][PASSED] - Object: 'Object Repository/Page_Editing Survey/input_Upon activity completion_submitbutton' is clicked on

2022-01-14 21:57:58 - [TEST_STEP][PASSED] - verifyElementText(findTestObject("Object Repository/Page_Survey 1/h2_Survey 1"), "Survey 1"): Actual text and expected text of test object 'Object Repository/Page_Survey 1/h2_Survey 1' are matched.

2022-01-14 21:57:58 - [MESSAGE][PASSED] - Actual text and expected text of test object 'Object Repository/Page_Survey 1/h2_Survey 1' are matched.

2022-01-14 21:57:58 - [TEST_STEP][PASSED] - closeBrowser(): Browser is closed

2022-01-14 21:57:59 - [MESSAGE][PASSED] - Browser is closed]]></system-out>
         <system-err><![CDATA[]]></system-err>
      </testcase>
      <testcase name="Test Cases/22_Giáo viên thêm forum" time="30.893" classname="Test Cases/22_Giáo viên thêm forum" status="PASSED">
         <system-out><![CDATA[2022-01-14 21:57:59 - [TEST_CASE][PASSED] - Test Cases/22_Giáo viên thêm forum: Test Cases/22_Giáo viên thêm forum

2022-01-14 21:57:59 - [TEST_STEP][PASSED] - openBrowser(""): Browser is opened with url: ''

2022-01-14 21:57:59 - [MESSAGE][INFO] - Starting 'Chrome' driver

2022-01-14 21:57:59 - [MESSAGE][INFO] - Action delay is set to 0 milliseconds

2022-01-14 21:58:00 - [MESSAGE][PASSED] - Browser is opened with url: ''

2022-01-14 21:58:00 - [TEST_STEP][PASSED] - navigateToUrl("http://localhost/"): Navigate to 'http://localhost/' successfully

2022-01-14 21:58:01 - [MESSAGE][PASSED] - Navigate to 'http://localhost/' successfully

2022-01-14 21:58:01 - [TEST_STEP][PASSED] - click(findTestObject("Object Repository/Page_HCMUS/a_Nhp mn tr tu nhn to")): Object: 'Object Repository/Page_HCMUS/a_Nhp mn tr tu nhn to' is clicked on

2022-01-14 21:58:02 - [MESSAGE][PASSED] - Object: 'Object Repository/Page_HCMUS/a_Nhp mn tr tu nhn to' is clicked on

2022-01-14 21:58:02 - [TEST_STEP][PASSED] - setText(findTestObject("Object Repository/Page_HCMUS Log in to the site/input_Username_username"), "teacher1"): Text 'teacher1' is set on object 'Object Repository/Page_HCMUS Log in to the site/input_Username_username'

2022-01-14 21:58:02 - [MESSAGE][PASSED] - Text 'teacher1' is set on object 'Object Repository/Page_HCMUS Log in to the site/input_Username_username'

2022-01-14 21:58:02 - [TEST_STEP][PASSED] - setEncryptedText(findTestObject("Object Repository/Page_HCMUS Log in to the site/input_Password_password"), "iKb8CrY6A/iqm08K47hQLA=="): Text ****** has been set on object 'Object Repository/Page_HCMUS Log in to the site/input_Password_password'

2022-01-14 21:58:03 - [MESSAGE][PASSED] - Text ****** has been set on object 'Object Repository/Page_HCMUS Log in to the site/input_Password_password'

2022-01-14 21:58:03 - [TEST_STEP][PASSED] - click(findTestObject("Object Repository/Page_HCMUS Log in to the site/button_Log in")): Object: 'Object Repository/Page_HCMUS Log in to the site/button_Log in' is clicked on

2022-01-14 21:58:04 - [MESSAGE][PASSED] - Object: 'Object Repository/Page_HCMUS Log in to the site/button_Log in' is clicked on

2022-01-14 21:58:04 - [TEST_STEP][PASSED] - click(findTestObject("Object Repository/Page_Course Nhp mn tr tu nhn to/button_Turn editing on")): Object: 'Object Repository/Page_Course Nhp mn tr tu nhn to/button_Turn editing on' is clicked on

2022-01-14 21:58:10 - [MESSAGE][INFO] - Unable to find the element located by 'By.xpath: //button[@id='single_button61deb918b38a91']'. Please recheck the objects properties to make sure the desired element is located. 

2022-01-14 21:58:10 - [MESSAGE][WARNING] - [SELF-HEALING] Failed to find element with id 'Object Repository/Page_Course Nhp mn tr tu nhn to/button_Turn editing on'. Try using Self-healing.

2022-01-14 21:58:10 - [MESSAGE][WARNING] - [SELF-HEALING] The current locator of test object 'Object Repository/Page_Course Nhp mn tr tu nhn to/button_Turn editing on' was broken. Propose an alternative one: '(.//*[normalize-space(text()) and normalize-space(.)='AI'])[2]/following::button[1]'.

2022-01-14 21:58:11 - [MESSAGE][PASSED] - Object: 'Object Repository/Page_Course Nhp mn tr tu nhn to/button_Turn editing on' is clicked on

2022-01-14 21:58:11 - [TEST_STEP][PASSED] - click(findTestObject("Object Repository/Page_Course Nhp mn tr tu nhn to/button_Add an activity or resource")): Object: 'Object Repository/Page_Course Nhp mn tr tu nhn to/button_Add an activity or resource' is clicked on

2022-01-14 21:58:17 - [MESSAGE][INFO] - Unable to find the element located by 'By.xpath: //button[@id='yui_3_17_2_1_1641966172544_704']'. Please recheck the objects properties to make sure the desired element is located. 

2022-01-14 21:58:17 - [MESSAGE][WARNING] - [SELF-HEALING] Failed to find element with id 'Object Repository/Page_Course Nhp mn tr tu nhn to/button_Add an activity or resource'. Try using Self-healing.

2022-01-14 21:58:17 - [MESSAGE][WARNING] - [SELF-HEALING] The current locator of test object 'Object Repository/Page_Course Nhp mn tr tu nhn to/button_Add an activity or resource' was broken. Propose an alternative one: '(.//*[normalize-space(text()) and normalize-space(.)='Add file(s) here'])[1]/following::button[1]'.

2022-01-14 21:58:17 - [MESSAGE][PASSED] - Object: 'Object Repository/Page_Course Nhp mn tr tu nhn to/button_Add an activity or resource' is clicked on

2022-01-14 21:58:17 - [TEST_STEP][PASSED] - click(findTestObject("Object Repository/Page_Course Nhp mn tr tu nhn to/div_Information about the Folder activity_o_1fd216")): Object: 'Object Repository/Page_Course Nhp mn tr tu nhn to/div_Information about the Folder activity_o_1fd216' is clicked on

2022-01-14 21:58:19 - [MESSAGE][PASSED] - Object: 'Object Repository/Page_Course Nhp mn tr tu nhn to/div_Information about the Folder activity_o_1fd216' is clicked on

2022-01-14 21:58:19 - [TEST_STEP][PASSED] - setText(findTestObject("Object Repository/Page_Editing Forum/input_Forum name_name"), "Forum 1"): Text 'Forum 1' is set on object 'Object Repository/Page_Editing Forum/input_Forum name_name'

2022-01-14 21:58:20 - [MESSAGE][PASSED] - Text 'Forum 1' is set on object 'Object Repository/Page_Editing Forum/input_Forum name_name'

2022-01-14 21:58:20 - [TEST_STEP][PASSED] - click(findTestObject("Object Repository/Page_Editing Forum/input_Upon activity completion_submitbutton")): Object: 'Object Repository/Page_Editing Forum/input_Upon activity completion_submitbutton' is clicked on

2022-01-14 21:58:22 - [MESSAGE][PASSED] - Object: 'Object Repository/Page_Editing Forum/input_Upon activity completion_submitbutton' is clicked on

2022-01-14 21:58:22 - [TEST_STEP][PASSED] - verifyElementText(findTestObject("Object Repository/Page_Forum 1/h2_Forum 1"), "Forum 1"): Actual text and expected text of test object 'Object Repository/Page_Forum 1/h2_Forum 1' are matched.

2022-01-14 21:58:23 - [MESSAGE][PASSED] - Actual text and expected text of test object 'Object Repository/Page_Forum 1/h2_Forum 1' are matched.

2022-01-14 21:58:23 - [TEST_STEP][PASSED] - verifyElementText(findTestObject("Object Repository/Page_Forum 1/div_(There are no discussion topics yet in _507a86"), "(There are no discussion topics yet in this forum)"): Actual text and expected text of test object 'Object Repository/Page_Forum 1/div_(There are no discussion topics yet in _507a86' are matched.

2022-01-14 21:58:29 - [MESSAGE][INFO] - Unable to find the element located by 'By.xpath: //div[@id='discussion-list-61de6a6c978e061de6a6c4d7df57']/div[3]'. Please recheck the objects properties to make sure the desired element is located. 

2022-01-14 21:58:29 - [MESSAGE][WARNING] - [SELF-HEALING] Failed to find element with id 'Object Repository/Page_Forum 1/div_(There are no discussion topics yet in _507a86'. Try using Self-healing.

2022-01-14 21:58:29 - [MESSAGE][WARNING] - [SELF-HEALING] The current locator of test object 'Object Repository/Page_Forum 1/div_(There are no discussion topics yet in _507a86' was broken. Propose an alternative one: '(.//*[normalize-space(text()) and normalize-space(.)='Cancel'])[1]/following::div[6]'.

2022-01-14 21:58:29 - [MESSAGE][PASSED] - Actual text and expected text of test object 'Object Repository/Page_Forum 1/div_(There are no discussion topics yet in _507a86' are matched.

2022-01-14 21:58:29 - [TEST_STEP][PASSED] - closeBrowser(): Browser is closed

2022-01-14 21:58:30 - [MESSAGE][PASSED] - Browser is closed]]></system-out>
         <system-err><![CDATA[]]></system-err>
      </testcase>
      <testcase name="Test Cases/23_Giáo viên thêm url" time="24.97" classname="Test Cases/23_Giáo viên thêm url" status="PASSED">
         <system-out><![CDATA[2022-01-14 21:58:30 - [TEST_CASE][PASSED] - Test Cases/23_Giáo viên thêm url: Test Cases/23_Giáo viên thêm url

2022-01-14 21:58:30 - [TEST_STEP][PASSED] - openBrowser(""): Browser is opened with url: ''

2022-01-14 21:58:30 - [MESSAGE][INFO] - Starting 'Chrome' driver

2022-01-14 21:58:30 - [MESSAGE][INFO] - Action delay is set to 0 milliseconds

2022-01-14 21:58:31 - [MESSAGE][PASSED] - Browser is opened with url: ''

2022-01-14 21:58:31 - [TEST_STEP][PASSED] - navigateToUrl("http://localhost/"): Navigate to 'http://localhost/' successfully

2022-01-14 21:58:32 - [MESSAGE][PASSED] - Navigate to 'http://localhost/' successfully

2022-01-14 21:58:32 - [TEST_STEP][PASSED] - click(findTestObject("Object Repository/Page_HCMUS/a_Nhp mn tr tu nhn to")): Object: 'Object Repository/Page_HCMUS/a_Nhp mn tr tu nhn to' is clicked on

2022-01-14 21:58:33 - [MESSAGE][PASSED] - Object: 'Object Repository/Page_HCMUS/a_Nhp mn tr tu nhn to' is clicked on

2022-01-14 21:58:33 - [TEST_STEP][PASSED] - setText(findTestObject("Object Repository/Page_HCMUS Log in to the site/input_Username_username"), "teacher1"): Text 'teacher1' is set on object 'Object Repository/Page_HCMUS Log in to the site/input_Username_username'

2022-01-14 21:58:33 - [MESSAGE][PASSED] - Text 'teacher1' is set on object 'Object Repository/Page_HCMUS Log in to the site/input_Username_username'

2022-01-14 21:58:33 - [TEST_STEP][PASSED] - setEncryptedText(findTestObject("Object Repository/Page_HCMUS Log in to the site/input_Password_password"), "iKb8CrY6A/iqm08K47hQLA=="): Text ****** has been set on object 'Object Repository/Page_HCMUS Log in to the site/input_Password_password'

2022-01-14 21:58:34 - [MESSAGE][PASSED] - Text ****** has been set on object 'Object Repository/Page_HCMUS Log in to the site/input_Password_password'

2022-01-14 21:58:34 - [TEST_STEP][PASSED] - click(findTestObject("Object Repository/Page_HCMUS Log in to the site/button_Log in")): Object: 'Object Repository/Page_HCMUS Log in to the site/button_Log in' is clicked on

2022-01-14 21:58:35 - [MESSAGE][PASSED] - Object: 'Object Repository/Page_HCMUS Log in to the site/button_Log in' is clicked on

2022-01-14 21:58:35 - [TEST_STEP][PASSED] - click(findTestObject("Object Repository/Page_Course Nhp mn tr tu nhn to/button_Turn editing on")): Object: 'Object Repository/Page_Course Nhp mn tr tu nhn to/button_Turn editing on' is clicked on

2022-01-14 21:58:41 - [MESSAGE][INFO] - Unable to find the element located by 'By.xpath: //button[@id='single_button61deb918b38a91']'. Please recheck the objects properties to make sure the desired element is located. 

2022-01-14 21:58:41 - [MESSAGE][WARNING] - [SELF-HEALING] Failed to find element with id 'Object Repository/Page_Course Nhp mn tr tu nhn to/button_Turn editing on'. Try using Self-healing.

2022-01-14 21:58:41 - [MESSAGE][WARNING] - [SELF-HEALING] The current locator of test object 'Object Repository/Page_Course Nhp mn tr tu nhn to/button_Turn editing on' was broken. Propose an alternative one: '(.//*[normalize-space(text()) and normalize-space(.)='AI'])[2]/following::button[1]'.

2022-01-14 21:58:42 - [MESSAGE][PASSED] - Object: 'Object Repository/Page_Course Nhp mn tr tu nhn to/button_Turn editing on' is clicked on

2022-01-14 21:58:42 - [TEST_STEP][PASSED] - click(findTestObject("Object Repository/Page_Course Nhp mn tr tu nhn to/span_Add an activity or resource")): Object: 'Object Repository/Page_Course Nhp mn tr tu nhn to/span_Add an activity or resource' is clicked on

2022-01-14 21:58:48 - [MESSAGE][INFO] - Unable to find the element located by 'By.xpath: //span[@id='yui_3_17_2_1_1641986354069_794']'. Please recheck the objects properties to make sure the desired element is located. 

2022-01-14 21:58:48 - [MESSAGE][WARNING] - [SELF-HEALING] Failed to find element with id 'Object Repository/Page_Course Nhp mn tr tu nhn to/span_Add an activity or resource'. Try using Self-healing.

2022-01-14 21:58:48 - [MESSAGE][WARNING] - [SELF-HEALING] The current locator of test object 'Object Repository/Page_Course Nhp mn tr tu nhn to/span_Add an activity or resource' was broken. Propose an alternative one: '(.//*[normalize-space(text()) and normalize-space(.)='Add file(s) here'])[1]/following::span[1]'.

2022-01-14 21:58:48 - [MESSAGE][PASSED] - Object: 'Object Repository/Page_Course Nhp mn tr tu nhn to/span_Add an activity or resource' is clicked on

2022-01-14 21:58:48 - [TEST_STEP][PASSED] - click(findTestObject("Object Repository/Page_Course Nhp mn tr tu nhn to/div_Information about the Survey activity_o_92b696")): Object: 'Object Repository/Page_Course Nhp mn tr tu nhn to/div_Information about the Survey activity_o_92b696' is clicked on

2022-01-14 21:58:50 - [MESSAGE][PASSED] - Object: 'Object Repository/Page_Course Nhp mn tr tu nhn to/div_Information about the Survey activity_o_92b696' is clicked on

2022-01-14 21:58:50 - [TEST_STEP][PASSED] - setText(findTestObject("Object Repository/Page_Editing URL/input_Name_name"), "Youtube"): Text 'Youtube' is set on object 'Object Repository/Page_Editing URL/input_Name_name'

2022-01-14 21:58:51 - [MESSAGE][PASSED] - Text 'Youtube' is set on object 'Object Repository/Page_Editing URL/input_Name_name'

2022-01-14 21:58:51 - [TEST_STEP][PASSED] - setText(findTestObject("Object Repository/Page_Editing URL/input_External URL_externalurl"), "https://www.youtube.com"): Text 'https://www.youtube.com' is set on object 'Object Repository/Page_Editing URL/input_External URL_externalurl'

2022-01-14 21:58:52 - [MESSAGE][PASSED] - Text 'https://www.youtube.com' is set on object 'Object Repository/Page_Editing URL/input_External URL_externalurl'

2022-01-14 21:58:52 - [TEST_STEP][PASSED] - click(findTestObject("Object Repository/Page_Editing URL/input_Upon activity completion_submitbutton")): Object: 'Object Repository/Page_Editing URL/input_Upon activity completion_submitbutton' is clicked on

2022-01-14 21:58:53 - [MESSAGE][PASSED] - Object: 'Object Repository/Page_Editing URL/input_Upon activity completion_submitbutton' is clicked on

2022-01-14 21:58:53 - [TEST_STEP][PASSED] - verifyElementText(findTestObject("Object Repository/Page_AI Youtube/h2_Youtube"), "Youtube"): Actual text and expected text of test object 'Object Repository/Page_AI Youtube/h2_Youtube' are matched.

2022-01-14 21:58:54 - [MESSAGE][PASSED] - Actual text and expected text of test object 'Object Repository/Page_AI Youtube/h2_Youtube' are matched.

2022-01-14 21:58:54 - [TEST_STEP][PASSED] - verifyElementText(findTestObject("Object Repository/Page_AI Youtube/div_Click httpswww.youtube.com link to open_9d6cf4"), "Click https://www.youtube.com link to open resource."): Actual text and expected text of test object 'Object Repository/Page_AI Youtube/div_Click httpswww.youtube.com link to open_9d6cf4' are matched.

2022-01-14 21:58:54 - [MESSAGE][PASSED] - Actual text and expected text of test object 'Object Repository/Page_AI Youtube/div_Click httpswww.youtube.com link to open_9d6cf4' are matched.

2022-01-14 21:58:54 - [TEST_STEP][PASSED] - closeBrowser(): Browser is closed

2022-01-14 21:58:55 - [MESSAGE][PASSED] - Browser is closed]]></system-out>
         <system-err><![CDATA[]]></system-err>
      </testcase>
      <testcase name="Test Cases/24_Sinh viên làm quiz" time="47.92" classname="Test Cases/24_Sinh viên làm quiz" status="PASSED">
         <system-out><![CDATA[2022-01-14 21:59:14 - [TEST_CASE][PASSED] - Test Cases/24_Sinh viên làm quiz: Test Cases/24_Sinh viên làm quiz

2022-01-14 21:59:14 - [TEST_STEP][PASSED] - openBrowser(""): Browser is opened with url: ''

2022-01-14 21:59:14 - [MESSAGE][WARNING] - A browser is already opened. Closing browser and opening a new one

2022-01-14 21:59:15 - [MESSAGE][INFO] - Starting 'Chrome' driver

2022-01-14 21:59:15 - [MESSAGE][INFO] - Action delay is set to 0 milliseconds

2022-01-14 21:59:16 - [MESSAGE][PASSED] - Browser is opened with url: ''

2022-01-14 21:59:16 - [TEST_STEP][PASSED] - navigateToUrl("http://localhost/"): Navigate to 'http://localhost/' successfully

2022-01-14 21:59:17 - [MESSAGE][PASSED] - Navigate to 'http://localhost/' successfully

2022-01-14 21:59:17 - [TEST_STEP][PASSED] - click(findTestObject("Object Repository/Page_HCMUS/a_Nhp mn tr tu nhn to")): Object: 'Object Repository/Page_HCMUS/a_Nhp mn tr tu nhn to' is clicked on

2022-01-14 21:59:17 - [MESSAGE][PASSED] - Object: 'Object Repository/Page_HCMUS/a_Nhp mn tr tu nhn to' is clicked on

2022-01-14 21:59:17 - [TEST_STEP][PASSED] - setText(findTestObject("Object Repository/Page_HCMUS Log in to the site/input_Username_username"), "student3"): Text 'student3' is set on object 'Object Repository/Page_HCMUS Log in to the site/input_Username_username'

2022-01-14 21:59:18 - [MESSAGE][PASSED] - Text 'student3' is set on object 'Object Repository/Page_HCMUS Log in to the site/input_Username_username'

2022-01-14 21:59:18 - [TEST_STEP][PASSED] - setEncryptedText(findTestObject("Object Repository/Page_HCMUS Log in to the site/input_Password_password"), "xsue+lrReh7u7aVNaHEoWw=="): Text ****** has been set on object 'Object Repository/Page_HCMUS Log in to the site/input_Password_password'

2022-01-14 21:59:18 - [MESSAGE][PASSED] - Text ****** has been set on object 'Object Repository/Page_HCMUS Log in to the site/input_Password_password'

2022-01-14 21:59:18 - [TEST_STEP][PASSED] - click(findTestObject("Object Repository/Page_HCMUS Log in to the site/button_Log in")): Object: 'Object Repository/Page_HCMUS Log in to the site/button_Log in' is clicked on

2022-01-14 21:59:19 - [MESSAGE][PASSED] - Object: 'Object Repository/Page_HCMUS Log in to the site/button_Log in' is clicked on

2022-01-14 21:59:19 - [TEST_STEP][PASSED] - click(findTestObject("Object Repository/Page_Course Nhp mn tr tu nhn to/button_End tour"), OPTIONAL): Unable to click on object 'Object Repository/Page_Course Nhp mn tr tu nhn to/button_End tour' (Root cause: com.kms.katalon.core.exception.StepFailedException: Unable to click on object 'Object Repository/Page_Course Nhp mn tr tu nhn to/button_End tour'
	at com.kms.katalon.core.webui.keyword.internal.WebUIKeywordMain.stepFailed(WebUIKeywordMain.groovy:64)
	at com.kms.katalon.core.webui.keyword.internal.WebUIKeywordMain.runKeyword(WebUIKeywordMain.groovy:26)
	at com.kms.katalon.core.webui.keyword.builtin.ClickKeyword.click(ClickKeyword.groovy:74)
	at com.kms.katalon.core.webui.keyword.builtin.ClickKeyword.execute(ClickKeyword.groovy:40)
	at com.kms.katalon.core.keyword.internal.KeywordExecutor.executeKeywordForPlatform(KeywordExecutor.groovy:74)
	at com.kms.katalon.core.webui.keyword.WebUiBuiltInKeywords.click(WebUiBuiltInKeywords.groovy:608)
	at com.kms.katalon.core.webui.keyword.WebUiBuiltInKeywords$click$8.call(Unknown Source)
	at 24_Sinh viên làm quiz.run(24_Sinh viên làm quiz:32)
	at com.kms.katalon.core.main.ScriptEngine.run(ScriptEngine.java:194)
	at com.kms.katalon.core.main.ScriptEngine.runScriptAsRawText(ScriptEngine.java:119)
	at com.kms.katalon.core.main.TestCaseExecutor.runScript(TestCaseExecutor.java:442)
	at com.kms.katalon.core.main.TestCaseExecutor.doExecute(TestCaseExecutor.java:433)
	at com.kms.katalon.core.main.TestCaseExecutor.processExecutionPhase(TestCaseExecutor.java:412)
	at com.kms.katalon.core.main.TestCaseExecutor.accessMainPhase(TestCaseExecutor.java:404)
	at com.kms.katalon.core.main.TestCaseExecutor.execute(TestCaseExecutor.java:281)
	at com.kms.katalon.core.main.TestCaseExecutor.execute(TestCaseExecutor.java:363)
	at com.kms.katalon.core.main.TestSuiteExecutor.accessTestCaseMainPhase(TestSuiteExecutor.java:202)
	at com.kms.katalon.core.main.TestSuiteExecutor.accessTestSuiteMainPhase(TestSuiteExecutor.java:164)
	at com.kms.katalon.core.main.TestSuiteExecutor.execute(TestSuiteExecutor.java:105)
	at com.kms.katalon.core.main.TestCaseMain.startTestSuite(TestCaseMain.java:181)
	at com.kms.katalon.core.main.TestCaseMain$startTestSuite$0.call(Unknown Source)
	at TempTestSuite1642171212458.run(TempTestSuite1642171212458.groovy:36)
Caused by: com.kms.katalon.core.webui.exception.WebElementNotFoundException: Web element with id: 'Object Repository/Page_Course Nhp mn tr tu nhn to/button_End tour' located by '//span[@id='tour-step-tool_usertours_4_2_1620109487-0']/div/div/div[4]/button[3]' not found
	at com.kms.katalon.core.webui.common.WebUiCommonHelper.findWebElement(WebUiCommonHelper.java:1368)
	at com.kms.katalon.core.webui.keyword.internal.WebUIAbstractKeyword.findWebElement(WebUIAbstractKeyword.groovy:27)
	at com.kms.katalon.core.webui.keyword.builtin.ClickKeyword$_click_closure1.doCall(ClickKeyword.groovy:65)
	at com.kms.katalon.core.webui.keyword.builtin.ClickKeyword$_click_closure1.call(ClickKeyword.groovy)
	at com.kms.katalon.core.webui.keyword.internal.WebUIKeywordMain.runKeyword(WebUIKeywordMain.groovy:20)
	at com.kms.katalon.core.webui.keyword.builtin.ClickKeyword.click(ClickKeyword.groovy:74)
	at com.kms.katalon.core.webui.keyword.builtin.ClickKeyword.execute(ClickKeyword.groovy:40)
	at com.kms.katalon.core.keyword.internal.KeywordExecutor.executeKeywordForPlatform(KeywordExecutor.groovy:74)
	at com.kms.katalon.core.webui.keyword.WebUiBuiltInKeywords.click(WebUiBuiltInKeywords.groovy:608)
	at com.kms.katalon.core.webui.keyword.WebUiBuiltInKeywords$click$8.call(Unknown Source)
	at Script1641966415165.run(Script1641966415165.groovy:32)
	... 14 more
)

2022-01-14 21:59:26 - [MESSAGE][INFO] - Unable to find the element located by 'By.xpath: //span[@id='tour-step-tool_usertours_4_2_1620109487-0']/div/div/div[4]/button[3]'. Please recheck the objects properties to make sure the desired element is located. 

2022-01-14 21:59:26 - [MESSAGE][WARNING] - [SELF-HEALING] Failed to find element with id 'Object Repository/Page_Course Nhp mn tr tu nhn to/button_End tour'. Try using Self-healing.

2022-01-14 21:59:27 - [MESSAGE][INFO] - Unable to find the element located by 'By.xpath: (.//*[normalize-space(text()) and normalize-space(.)='Next'])[1]/following::button[1]'. Please recheck the objects properties to make sure the desired element is located. 

2022-01-14 21:59:27 - [MESSAGE][INFO] - [SELF-HEALING] Failed Locator: '//span[@id='tour-step-tool_usertours_4_2_1620109487-0']/div/div/div[4]/button[3]'.

2022-01-14 21:59:27 - [MESSAGE][INFO] - [SELF-HEALING] Failed Locator: '(.//*[normalize-space(text()) and normalize-space(.)='Next'])[1]/following::button[1]'.

2022-01-14 21:59:27 - [MESSAGE][INFO] - [SELF-HEALING] Failed Locator: '(.//*[normalize-space(text()) and normalize-space(.)='Previous'])[1]/following::button[2]'.

2022-01-14 21:59:28 - [MESSAGE][INFO] - [SELF-HEALING] Failed Locator: '//*/text()[normalize-space(.)='End tour']/parent::*'.

2022-01-14 21:59:28 - [MESSAGE][INFO] - [SELF-HEALING] Failed Locator: '//div[4]/button[3]'.

2022-01-14 21:59:28 - [MESSAGE][INFO] - [SELF-HEALING] Failed Locator: '//span[@id='tour-step-tool_usertours_8_2_1620109487-0']/div/div/div[4]/button[3]'.

2022-01-14 21:59:28 - [MESSAGE][INFO] - [SELF-HEALING] Failed Locator: '//span[@id='tour-step-tool_usertours_16_1_1620109487-0']/div/div/div[4]/button[3]'.

2022-01-14 21:59:29 - [MESSAGE][INFO] - Unable to find the element located by 'By.xpath: //*[(text() = ' End tour ' or . = ' End tour ')]'. Please recheck the objects properties to make sure the desired element is located. 

2022-01-14 21:59:31 - [MESSAGE][INFO] - Unable to find the element located by 'By.cssSelector: '. Please recheck the objects properties to make sure the desired element is located. 

2022-01-14 21:59:31 - [MESSAGE][WARNING] - Unable to click on object 'Object Repository/Page_Course Nhp mn tr tu nhn to/button_End tour' (Root cause: com.kms.katalon.core.exception.StepFailedException: Unable to click on object 'Object Repository/Page_Course Nhp mn tr tu nhn to/button_End tour'
	at com.kms.katalon.core.webui.keyword.internal.WebUIKeywordMain.stepFailed(WebUIKeywordMain.groovy:64)
	at com.kms.katalon.core.webui.keyword.internal.WebUIKeywordMain.runKeyword(WebUIKeywordMain.groovy:26)
	at com.kms.katalon.core.webui.keyword.builtin.ClickKeyword.click(ClickKeyword.groovy:74)
	at com.kms.katalon.core.webui.keyword.builtin.ClickKeyword.execute(ClickKeyword.groovy:40)
	at com.kms.katalon.core.keyword.internal.KeywordExecutor.executeKeywordForPlatform(KeywordExecutor.groovy:74)
	at com.kms.katalon.core.webui.keyword.WebUiBuiltInKeywords.click(WebUiBuiltInKeywords.groovy:608)
	at com.kms.katalon.core.webui.keyword.WebUiBuiltInKeywords$click$8.call(Unknown Source)
	at 24_Sinh viên làm quiz.run(24_Sinh viên làm quiz:32)
	at com.kms.katalon.core.main.ScriptEngine.run(ScriptEngine.java:194)
	at com.kms.katalon.core.main.ScriptEngine.runScriptAsRawText(ScriptEngine.java:119)
	at com.kms.katalon.core.main.TestCaseExecutor.runScript(TestCaseExecutor.java:442)
	at com.kms.katalon.core.main.TestCaseExecutor.doExecute(TestCaseExecutor.java:433)
	at com.kms.katalon.core.main.TestCaseExecutor.processExecutionPhase(TestCaseExecutor.java:412)
	at com.kms.katalon.core.main.TestCaseExecutor.accessMainPhase(TestCaseExecutor.java:404)
	at com.kms.katalon.core.main.TestCaseExecutor.execute(TestCaseExecutor.java:281)
	at com.kms.katalon.core.main.TestCaseExecutor.execute(TestCaseExecutor.java:363)
	at com.kms.katalon.core.main.TestSuiteExecutor.accessTestCaseMainPhase(TestSuiteExecutor.java:202)
	at com.kms.katalon.core.main.TestSuiteExecutor.accessTestSuiteMainPhase(TestSuiteExecutor.java:164)
	at com.kms.katalon.core.main.TestSuiteExecutor.execute(TestSuiteExecutor.java:105)
	at com.kms.katalon.core.main.TestCaseMain.startTestSuite(TestCaseMain.java:181)
	at com.kms.katalon.core.main.TestCaseMain$startTestSuite$0.call(Unknown Source)
	at TempTestSuite1642171212458.run(TempTestSuite1642171212458.groovy:36)
Caused by: com.kms.katalon.core.webui.exception.WebElementNotFoundException: Web element with id: 'Object Repository/Page_Course Nhp mn tr tu nhn to/button_End tour' located by '//span[@id='tour-step-tool_usertours_4_2_1620109487-0']/div/div/div[4]/button[3]' not found
	at com.kms.katalon.core.webui.common.WebUiCommonHelper.findWebElement(WebUiCommonHelper.java:1368)
	at com.kms.katalon.core.webui.keyword.internal.WebUIAbstractKeyword.findWebElement(WebUIAbstractKeyword.groovy:27)
	at com.kms.katalon.core.webui.keyword.builtin.ClickKeyword$_click_closure1.doCall(ClickKeyword.groovy:65)
	at com.kms.katalon.core.webui.keyword.builtin.ClickKeyword$_click_closure1.call(ClickKeyword.groovy)
	at com.kms.katalon.core.webui.keyword.internal.WebUIKeywordMain.runKeyword(WebUIKeywordMain.groovy:20)
	at com.kms.katalon.core.webui.keyword.builtin.ClickKeyword.click(ClickKeyword.groovy:74)
	at com.kms.katalon.core.webui.keyword.builtin.ClickKeyword.execute(ClickKeyword.groovy:40)
	at com.kms.katalon.core.keyword.internal.KeywordExecutor.executeKeywordForPlatform(KeywordExecutor.groovy:74)
	at com.kms.katalon.core.webui.keyword.WebUiBuiltInKeywords.click(WebUiBuiltInKeywords.groovy:608)
	at com.kms.katalon.core.webui.keyword.WebUiBuiltInKeywords$click$8.call(Unknown Source)
	at Script1641966415165.run(Script1641966415165.groovy:32)
	... 14 more
)
[[ATTACHMENT|D:\\nam 3\\nhap mon CNPM\\bonus project\\Test-Automation-SE-Bonus\\Reports\\20220114_214012\\Run all test cases\\20220114_214012\\1642172371041.png]]

2022-01-14 21:59:31 - [TEST_STEP][PASSED] - click(findTestObject("Object Repository/Page_Course Nhp mn tr tu nhn to/span_Quiz 2")): Object: 'Object Repository/Page_Course Nhp mn tr tu nhn to/span_Quiz 2' is clicked on

2022-01-14 21:59:31 - [MESSAGE][PASSED] - Object: 'Object Repository/Page_Course Nhp mn tr tu nhn to/span_Quiz 2' is clicked on

2022-01-14 21:59:31 - [TEST_STEP][PASSED] - click(findTestObject("Object Repository/Page_AI Quiz 2/button_End tour"), OPTIONAL): Object: 'Object Repository/Page_AI Quiz 2/button_End tour' is clicked on

2022-01-14 21:59:38 - [MESSAGE][INFO] - Unable to find the element located by 'By.xpath: //span[@id='tour-step-tool_usertours_8_4_1620110287-0']/div/div/div[4]/button[3]'. Please recheck the objects properties to make sure the desired element is located. 

2022-01-14 21:59:38 - [MESSAGE][WARNING] - [SELF-HEALING] Failed to find element with id 'Object Repository/Page_AI Quiz 2/button_End tour'. Try using Self-healing.

2022-01-14 21:59:38 - [MESSAGE][WARNING] - [SELF-HEALING] The current locator of test object 'Object Repository/Page_AI Quiz 2/button_End tour' was broken. Propose an alternative one: '(.//*[normalize-space(text()) and normalize-space(.)='Next'])[1]/following::button[1]'.

2022-01-14 21:59:38 - [MESSAGE][PASSED] - Object: 'Object Repository/Page_AI Quiz 2/button_End tour' is clicked on

2022-01-14 21:59:38 - [TEST_STEP][PASSED] - click(findTestObject("Object Repository/Page_AI Quiz 2/button_Attempt quiz now")): Object: 'Object Repository/Page_AI Quiz 2/button_Attempt quiz now' is clicked on

2022-01-14 21:59:44 - [MESSAGE][INFO] - Unable to find the element located by 'By.xpath: //button[@id='single_button61de6b93988a714']'. Please recheck the objects properties to make sure the desired element is located. 

2022-01-14 21:59:44 - [MESSAGE][WARNING] - [SELF-HEALING] Failed to find element with id 'Object Repository/Page_AI Quiz 2/button_Attempt quiz now'. Try using Self-healing.

2022-01-14 21:59:44 - [MESSAGE][WARNING] - [SELF-HEALING] The current locator of test object 'Object Repository/Page_AI Quiz 2/button_Attempt quiz now' was broken. Propose an alternative one: '//section[@id='region-main']/div/div[3]/div/form/button'.

2022-01-14 21:59:45 - [MESSAGE][PASSED] - Object: 'Object Repository/Page_AI Quiz 2/button_Attempt quiz now' is clicked on

2022-01-14 21:59:45 - [TEST_STEP][PASSED] - click(findTestObject("Object Repository/Page_Quiz 2/input_Select one_q11_answer")): Object: 'Object Repository/Page_Quiz 2/input_Select one_q11_answer' is clicked on

2022-01-14 21:59:46 - [MESSAGE][PASSED] - Object: 'Object Repository/Page_Quiz 2/input_Select one_q11_answer' is clicked on

2022-01-14 21:59:46 - [TEST_STEP][PASSED] - click(findTestObject("Object Repository/Page_Quiz 2/input_False_next")): Object: 'Object Repository/Page_Quiz 2/input_False_next' is clicked on

2022-01-14 21:59:46 - [MESSAGE][PASSED] - Object: 'Object Repository/Page_Quiz 2/input_False_next' is clicked on

2022-01-14 21:59:46 - [TEST_STEP][PASSED] - click(findTestObject("Object Repository/Page_Quiz 2 Attempt summary/button_Submit all and finish")): Object: 'Object Repository/Page_Quiz 2 Attempt summary/button_Submit all and finish' is clicked on

2022-01-14 21:59:53 - [MESSAGE][INFO] - Unable to find the element located by 'By.xpath: //button[@id='single_button61de6b9d8f37b16']'. Please recheck the objects properties to make sure the desired element is located. 

2022-01-14 21:59:53 - [MESSAGE][WARNING] - [SELF-HEALING] Failed to find element with id 'Object Repository/Page_Quiz 2 Attempt summary/button_Submit all and finish'. Try using Self-healing.

2022-01-14 21:59:53 - [MESSAGE][WARNING] - [SELF-HEALING] The current locator of test object 'Object Repository/Page_Quiz 2 Attempt summary/button_Submit all and finish' was broken. Propose an alternative one: '//section[@id='region-main']/div/div[3]/div/div/form/button'.

2022-01-14 21:59:53 - [MESSAGE][PASSED] - Object: 'Object Repository/Page_Quiz 2 Attempt summary/button_Submit all and finish' is clicked on

2022-01-14 21:59:53 - [TEST_STEP][PASSED] - click(findTestObject("Object Repository/Page_Quiz 2 Attempt summary/input_Once you submit, you will no longer b_274dde")): Object: 'Object Repository/Page_Quiz 2 Attempt summary/input_Once you submit, you will no longer b_274dde' is clicked on

2022-01-14 21:59:59 - [MESSAGE][INFO] - Unable to find the element located by 'By.xpath: //input[@id='id_yuiconfirmyes-yui_3_17_2_2_1641966493760_8']'. Please recheck the objects properties to make sure the desired element is located. 

2022-01-14 21:59:59 - [MESSAGE][WARNING] - [SELF-HEALING] Failed to find element with id 'Object Repository/Page_Quiz 2 Attempt summary/input_Once you submit, you will no longer b_274dde'. Try using Self-healing.

2022-01-14 21:59:59 - [MESSAGE][WARNING] - [SELF-HEALING] The current locator of test object 'Object Repository/Page_Quiz 2 Attempt summary/input_Once you submit, you will no longer b_274dde' was broken. Propose an alternative one: '//div/div[2]/input'.

2022-01-14 22:00:00 - [MESSAGE][PASSED] - Object: 'Object Repository/Page_Quiz 2 Attempt summary/input_Once you submit, you will no longer b_274dde' is clicked on

2022-01-14 22:00:00 - [TEST_STEP][PASSED] - verifyElementText(findTestObject("Object Repository/Page_Quiz 2 Attempt review/td_Finished"), "Finished"): Actual text and expected text of test object 'Object Repository/Page_Quiz 2 Attempt review/td_Finished' are matched.

2022-01-14 22:00:00 - [MESSAGE][PASSED] - Actual text and expected text of test object 'Object Repository/Page_Quiz 2 Attempt review/td_Finished' are matched.

2022-01-14 22:00:00 - [TEST_STEP][PASSED] - click(findTestObject("Object Repository/Page_Quiz 2 Attempt review/a_Finish review")): Object: 'Object Repository/Page_Quiz 2 Attempt review/a_Finish review' is clicked on

2022-01-14 22:00:01 - [MESSAGE][PASSED] - Object: 'Object Repository/Page_Quiz 2 Attempt review/a_Finish review' is clicked on

2022-01-14 22:00:01 - [TEST_STEP][PASSED] - verifyElementText(findTestObject("Object Repository/Page_AI Quiz 2/td_1"), "1"): Actual text and expected text of test object 'Object Repository/Page_AI Quiz 2/td_1' are matched.

2022-01-14 22:00:02 - [MESSAGE][PASSED] - Actual text and expected text of test object 'Object Repository/Page_AI Quiz 2/td_1' are matched.

2022-01-14 22:00:02 - [TEST_STEP][PASSED] - closeBrowser(): Browser is closed

2022-01-14 22:00:02 - [MESSAGE][PASSED] - Browser is closed]]></system-out>
         <system-err><![CDATA[]]></system-err>
      </testcase>
      <testcase name="Test Cases/25_Giáo viên xem điểm quiz" time="14.914" classname="Test Cases/25_Giáo viên xem điểm quiz" status="PASSED">
         <system-out><![CDATA[2022-01-14 22:00:02 - [TEST_CASE][PASSED] - Test Cases/25_Giáo viên xem điểm quiz: Test Cases/25_Giáo viên xem điểm quiz

2022-01-14 22:00:03 - [TEST_STEP][PASSED] - openBrowser(""): Browser is opened with url: ''

2022-01-14 22:00:03 - [MESSAGE][INFO] - Starting 'Chrome' driver

2022-01-14 22:00:03 - [MESSAGE][INFO] - Action delay is set to 0 milliseconds

2022-01-14 22:00:04 - [MESSAGE][PASSED] - Browser is opened with url: ''

2022-01-14 22:00:04 - [TEST_STEP][PASSED] - navigateToUrl("http://localhost/"): Navigate to 'http://localhost/' successfully

2022-01-14 22:00:04 - [MESSAGE][PASSED] - Navigate to 'http://localhost/' successfully

2022-01-14 22:00:04 - [TEST_STEP][PASSED] - click(findTestObject("Object Repository/Page_HCMUS/a_Nhp mn tr tu nhn to")): Object: 'Object Repository/Page_HCMUS/a_Nhp mn tr tu nhn to' is clicked on

2022-01-14 22:00:05 - [MESSAGE][PASSED] - Object: 'Object Repository/Page_HCMUS/a_Nhp mn tr tu nhn to' is clicked on

2022-01-14 22:00:05 - [TEST_STEP][PASSED] - setText(findTestObject("Object Repository/Page_HCMUS Log in to the site/input_Username_username"), "teacher1"): Text 'teacher1' is set on object 'Object Repository/Page_HCMUS Log in to the site/input_Username_username'

2022-01-14 22:00:06 - [MESSAGE][PASSED] - Text 'teacher1' is set on object 'Object Repository/Page_HCMUS Log in to the site/input_Username_username'

2022-01-14 22:00:06 - [TEST_STEP][PASSED] - setEncryptedText(findTestObject("Object Repository/Page_HCMUS Log in to the site/input_Password_password"), "iKb8CrY6A/iqm08K47hQLA=="): Text ****** has been set on object 'Object Repository/Page_HCMUS Log in to the site/input_Password_password'

2022-01-14 22:00:06 - [MESSAGE][PASSED] - Text ****** has been set on object 'Object Repository/Page_HCMUS Log in to the site/input_Password_password'

2022-01-14 22:00:06 - [TEST_STEP][PASSED] - click(findTestObject("Object Repository/Page_HCMUS Log in to the site/button_Log in")): Object: 'Object Repository/Page_HCMUS Log in to the site/button_Log in' is clicked on

2022-01-14 22:00:07 - [MESSAGE][PASSED] - Object: 'Object Repository/Page_HCMUS Log in to the site/button_Log in' is clicked on

2022-01-14 22:00:07 - [TEST_STEP][PASSED] - click(findTestObject("Object Repository/Page_Course Nhp mn tr tu nhn to/span_Quiz 2")): Object: 'Object Repository/Page_Course Nhp mn tr tu nhn to/span_Quiz 2' is clicked on

2022-01-14 22:00:08 - [MESSAGE][PASSED] - Object: 'Object Repository/Page_Course Nhp mn tr tu nhn to/span_Quiz 2' is clicked on

2022-01-14 22:00:08 - [TEST_STEP][PASSED] - click(findTestObject("Object Repository/Page_AI Quiz 2/a_Quiz 2_action-menu-toggle-3")): Object: 'Object Repository/Page_AI Quiz 2/a_Quiz 2_action-menu-toggle-3' is clicked on

2022-01-14 22:00:09 - [MESSAGE][PASSED] - Object: 'Object Repository/Page_AI Quiz 2/a_Quiz 2_action-menu-toggle-3' is clicked on

2022-01-14 22:00:09 - [TEST_STEP][PASSED] - click(findTestObject("Object Repository/Page_AI Quiz 2/a_Grades")): Object: 'Object Repository/Page_AI Quiz 2/a_Grades' is clicked on

2022-01-14 22:00:15 - [MESSAGE][INFO] - Unable to find the element located by 'By.xpath: //a[@id='action_link61de6c5a5e0cd42']'. Please recheck the objects properties to make sure the desired element is located. 

2022-01-14 22:00:15 - [MESSAGE][WARNING] - [SELF-HEALING] Failed to find element with id 'Object Repository/Page_AI Quiz 2/a_Grades'. Try using Self-healing.

2022-01-14 22:00:16 - [MESSAGE][WARNING] - [SELF-HEALING] The current locator of test object 'Object Repository/Page_AI Quiz 2/a_Grades' was broken. Propose an alternative one: '//div[@id='action-menu-3-menu']/div[7]/a'.

2022-01-14 22:00:16 - [MESSAGE][PASSED] - Object: 'Object Repository/Page_AI Quiz 2/a_Grades' is clicked on

2022-01-14 22:00:16 - [TEST_STEP][PASSED] - verifyElementText(findTestObject("Object Repository/Page_Quiz 2/td_Overall average"), "Overall average"): Actual text and expected text of test object 'Object Repository/Page_Quiz 2/td_Overall average' are matched.

2022-01-14 22:00:17 - [MESSAGE][PASSED] - Actual text and expected text of test object 'Object Repository/Page_Quiz 2/td_Overall average' are matched.

2022-01-14 22:00:17 - [TEST_STEP][PASSED] - closeBrowser(): Browser is closed

2022-01-14 22:00:17 - [MESSAGE][PASSED] - Browser is closed]]></system-out>
         <system-err><![CDATA[]]></system-err>
      </testcase>
      <testcase name="Test Cases/26_Sinh viên mở đề tài thảo luận không có tiêu đề" time="31.346" classname="Test Cases/26_Sinh viên mở đề tài thảo luận không có tiêu đề" status="FAILED">
         <failure type="FAILED" message="Test Cases/26_Sinh viên mở đề tài thảo luận không có tiêu đề FAILED.
Reason:
com.kms.katalon.core.exception.StepFailedException: Unable to set text '&lt;p dir=&quot;ltr&quot; style=&quot;text-align: left;&quot;>Xin chao cac ban&lt;/p>' of object 'Object Repository/Page_Forum 1/div_Xin chao cac ban'
	at com.kms.katalon.core.webui.keyword.internal.WebUIKeywordMain.stepFailed(WebUIKeywordMain.groovy:64)
	at com.kms.katalon.core.webui.keyword.internal.WebUIKeywordMain.runKeyword(WebUIKeywordMain.groovy:26)
	at com.kms.katalon.core.webui.keyword.builtin.SetTextKeyword.setText(SetTextKeyword.groovy:66)
	at com.kms.katalon.core.webui.keyword.builtin.SetTextKeyword.execute(SetTextKeyword.groovy:37)
	at com.kms.katalon.core.keyword.internal.KeywordExecutor.executeKeywordForPlatform(KeywordExecutor.groovy:74)
	at com.kms.katalon.core.webui.keyword.WebUiBuiltInKeywords.setText(WebUiBuiltInKeywords.groovy:980)
	at com.kms.katalon.core.webui.keyword.WebUiBuiltInKeywords$setText$2.call(Unknown Source)
	at 26_Sinh viên mở đề tài thảo luận không có tiêu đề.run(26_Sinh viên mở đề tài thảo luận không có tiêu đề:36)
	at com.kms.katalon.core.main.ScriptEngine.run(ScriptEngine.java:194)
	at com.kms.katalon.core.main.ScriptEngine.runScriptAsRawText(ScriptEngine.java:119)
	at com.kms.katalon.core.main.TestCaseExecutor.runScript(TestCaseExecutor.java:442)
	at com.kms.katalon.core.main.TestCaseExecutor.doExecute(TestCaseExecutor.java:433)
	at com.kms.katalon.core.main.TestCaseExecutor.processExecutionPhase(TestCaseExecutor.java:412)
	at com.kms.katalon.core.main.TestCaseExecutor.accessMainPhase(TestCaseExecutor.java:404)
	at com.kms.katalon.core.main.TestCaseExecutor.execute(TestCaseExecutor.java:281)
	at com.kms.katalon.core.main.TestCaseExecutor.execute(TestCaseExecutor.java:363)
	at com.kms.katalon.core.main.TestCaseExecutor.execute(TestCaseExecutor.java:363)
	at com.kms.katalon.core.main.TestCaseExecutor.execute(TestCaseExecutor.java:363)
	at com.kms.katalon.core.main.TestSuiteExecutor.accessTestCaseMainPhase(TestSuiteExecutor.java:202)
	at com.kms.katalon.core.main.TestSuiteExecutor.accessTestSuiteMainPhase(TestSuiteExecutor.java:164)
	at com.kms.katalon.core.main.TestSuiteExecutor.execute(TestSuiteExecutor.java:105)
	at com.kms.katalon.core.main.TestCaseMain.startTestSuite(TestCaseMain.java:181)
	at com.kms.katalon.core.main.TestCaseMain$startTestSuite$0.call(Unknown Source)
	at TempTestSuite1642171212458.run(TempTestSuite1642171212458.groovy:36)
Caused by: com.kms.katalon.core.webui.exception.WebElementNotFoundException: Web element with id: 'Object Repository/Page_Forum 1/div_Xin chao cac ban' located by '//div[@id='id_messageeditable']' not found
	at com.kms.katalon.core.webui.common.WebUiCommonHelper.findWebElement(WebUiCommonHelper.java:1368)
	at com.kms.katalon.core.webui.keyword.internal.WebUIAbstractKeyword.findWebElement(WebUIAbstractKeyword.groovy:27)
	at com.kms.katalon.core.webui.keyword.internal.WebUIAbstractKeyword.findWebElement(WebUIAbstractKeyword.groovy:26)
	at com.kms.katalon.core.webui.keyword.builtin.SetTextKeyword$_setText_closure1.doCall(SetTextKeyword.groovy:51)
	at com.kms.katalon.core.webui.keyword.builtin.SetTextKeyword$_setText_closure1.call(SetTextKeyword.groovy)
	at com.kms.katalon.core.webui.keyword.internal.WebUIKeywordMain.runKeyword(WebUIKeywordMain.groovy:20)
	... 22 more
"/>
         <system-out><![CDATA[2022-01-14 22:01:43 - [TEST_CASE][FAILED] - Test Cases/26_Sinh viên mở đề tài thảo luận không có tiêu đề: Test Cases/26_Sinh viên mở đề tài thảo luận không có tiêu đề FAILED.
Reason:
com.kms.katalon.core.exception.StepFailedException: Unable to set text '<p dir="ltr" style="text-align: left;">Xin chao cac ban</p>' of object 'Object Repository/Page_Forum 1/div_Xin chao cac ban'
	at com.kms.katalon.core.webui.keyword.internal.WebUIKeywordMain.stepFailed(WebUIKeywordMain.groovy:64)
	at com.kms.katalon.core.webui.keyword.internal.WebUIKeywordMain.runKeyword(WebUIKeywordMain.groovy:26)
	at com.kms.katalon.core.webui.keyword.builtin.SetTextKeyword.setText(SetTextKeyword.groovy:66)
	at com.kms.katalon.core.webui.keyword.builtin.SetTextKeyword.execute(SetTextKeyword.groovy:37)
	at com.kms.katalon.core.keyword.internal.KeywordExecutor.executeKeywordForPlatform(KeywordExecutor.groovy:74)
	at com.kms.katalon.core.webui.keyword.WebUiBuiltInKeywords.setText(WebUiBuiltInKeywords.groovy:980)
	at com.kms.katalon.core.webui.keyword.WebUiBuiltInKeywords$setText$2.call(Unknown Source)
	at 26_Sinh viên mở đề tài thảo luận không có tiêu đề.run(26_Sinh viên mở đề tài thảo luận không có tiêu đề:36)
	at com.kms.katalon.core.main.ScriptEngine.run(ScriptEngine.java:194)
	at com.kms.katalon.core.main.ScriptEngine.runScriptAsRawText(ScriptEngine.java:119)
	at com.kms.katalon.core.main.TestCaseExecutor.runScript(TestCaseExecutor.java:442)
	at com.kms.katalon.core.main.TestCaseExecutor.doExecute(TestCaseExecutor.java:433)
	at com.kms.katalon.core.main.TestCaseExecutor.processExecutionPhase(TestCaseExecutor.java:412)
	at com.kms.katalon.core.main.TestCaseExecutor.accessMainPhase(TestCaseExecutor.java:404)
	at com.kms.katalon.core.main.TestCaseExecutor.execute(TestCaseExecutor.java:281)
	at com.kms.katalon.core.main.TestCaseExecutor.execute(TestCaseExecutor.java:363)
	at com.kms.katalon.core.main.TestCaseExecutor.execute(TestCaseExecutor.java:363)
	at com.kms.katalon.core.main.TestCaseExecutor.execute(TestCaseExecutor.java:363)
	at com.kms.katalon.core.main.TestSuiteExecutor.accessTestCaseMainPhase(TestSuiteExecutor.java:202)
	at com.kms.katalon.core.main.TestSuiteExecutor.accessTestSuiteMainPhase(TestSuiteExecutor.java:164)
	at com.kms.katalon.core.main.TestSuiteExecutor.execute(TestSuiteExecutor.java:105)
	at com.kms.katalon.core.main.TestCaseMain.startTestSuite(TestCaseMain.java:181)
	at com.kms.katalon.core.main.TestCaseMain$startTestSuite$0.call(Unknown Source)
	at TempTestSuite1642171212458.run(TempTestSuite1642171212458.groovy:36)
Caused by: com.kms.katalon.core.webui.exception.WebElementNotFoundException: Web element with id: 'Object Repository/Page_Forum 1/div_Xin chao cac ban' located by '//div[@id='id_messageeditable']' not found
	at com.kms.katalon.core.webui.common.WebUiCommonHelper.findWebElement(WebUiCommonHelper.java:1368)
	at com.kms.katalon.core.webui.keyword.internal.WebUIAbstractKeyword.findWebElement(WebUIAbstractKeyword.groovy:27)
	at com.kms.katalon.core.webui.keyword.internal.WebUIAbstractKeyword.findWebElement(WebUIAbstractKeyword.groovy:26)
	at com.kms.katalon.core.webui.keyword.builtin.SetTextKeyword$_setText_closure1.doCall(SetTextKeyword.groovy:51)
	at com.kms.katalon.core.webui.keyword.builtin.SetTextKeyword$_setText_closure1.call(SetTextKeyword.groovy)
	at com.kms.katalon.core.webui.keyword.internal.WebUIKeywordMain.runKeyword(WebUIKeywordMain.groovy:20)
	... 22 more


2022-01-14 22:01:43 - [TEST_STEP][PASSED] - openBrowser(""): Browser is opened with url: ''

2022-01-14 22:01:43 - [MESSAGE][WARNING] - A browser is already opened. Closing browser and opening a new one

2022-01-14 22:01:44 - [MESSAGE][INFO] - Starting 'Chrome' driver

2022-01-14 22:01:44 - [MESSAGE][INFO] - Action delay is set to 0 milliseconds

2022-01-14 22:01:45 - [MESSAGE][PASSED] - Browser is opened with url: ''

2022-01-14 22:01:45 - [TEST_STEP][PASSED] - navigateToUrl("http://localhost/"): Navigate to 'http://localhost/' successfully

2022-01-14 22:01:46 - [MESSAGE][PASSED] - Navigate to 'http://localhost/' successfully

2022-01-14 22:01:46 - [TEST_STEP][PASSED] - click(findTestObject("Object Repository/Page_HCMUS/a_Nhp mn tr tu nhn to")): Object: 'Object Repository/Page_HCMUS/a_Nhp mn tr tu nhn to' is clicked on

2022-01-14 22:01:46 - [MESSAGE][PASSED] - Object: 'Object Repository/Page_HCMUS/a_Nhp mn tr tu nhn to' is clicked on

2022-01-14 22:01:46 - [TEST_STEP][PASSED] - setText(findTestObject("Object Repository/Page_HCMUS Log in to the site/input_Username_username"), "student3"): Text 'student3' is set on object 'Object Repository/Page_HCMUS Log in to the site/input_Username_username'

2022-01-14 22:01:47 - [MESSAGE][PASSED] - Text 'student3' is set on object 'Object Repository/Page_HCMUS Log in to the site/input_Username_username'

2022-01-14 22:01:47 - [TEST_STEP][PASSED] - setEncryptedText(findTestObject("Object Repository/Page_HCMUS Log in to the site/input_Password_password"), "xsue+lrReh7u7aVNaHEoWw=="): Text ****** has been set on object 'Object Repository/Page_HCMUS Log in to the site/input_Password_password'

2022-01-14 22:01:48 - [MESSAGE][PASSED] - Text ****** has been set on object 'Object Repository/Page_HCMUS Log in to the site/input_Password_password'

2022-01-14 22:01:48 - [TEST_STEP][PASSED] - click(findTestObject("Object Repository/Page_HCMUS Log in to the site/button_Log in")): Object: 'Object Repository/Page_HCMUS Log in to the site/button_Log in' is clicked on

2022-01-14 22:01:48 - [MESSAGE][PASSED] - Object: 'Object Repository/Page_HCMUS Log in to the site/button_Log in' is clicked on

2022-01-14 22:01:48 - [TEST_STEP][PASSED] - click(findTestObject("Object Repository/Page_Course Nhp mn tr tu nhn to/span_Forum 1")): Object: 'Object Repository/Page_Course Nhp mn tr tu nhn to/span_Forum 1' is clicked on

2022-01-14 22:01:49 - [MESSAGE][PASSED] - Object: 'Object Repository/Page_Course Nhp mn tr tu nhn to/span_Forum 1' is clicked on

2022-01-14 22:01:49 - [TEST_STEP][PASSED] - click(findTestObject("Object Repository/Page_Forum 1/a_Add a new discussion topic")): Object: 'Object Repository/Page_Forum 1/a_Add a new discussion topic' is clicked on

2022-01-14 22:01:56 - [MESSAGE][INFO] - Unable to find the element located by 'By.xpath: //a[@id='yui_3_17_2_1_1641967105117_488']'. Please recheck the objects properties to make sure the desired element is located. 

2022-01-14 22:01:56 - [MESSAGE][WARNING] - [SELF-HEALING] Failed to find element with id 'Object Repository/Page_Forum 1/a_Add a new discussion topic'. Try using Self-healing.

2022-01-14 22:01:56 - [MESSAGE][WARNING] - [SELF-HEALING] The current locator of test object 'Object Repository/Page_Forum 1/a_Add a new discussion topic' was broken. Propose an alternative one: '(.//*[normalize-space(text()) and normalize-space(.)='Mark as done'])[1]/following::a[1]'.

2022-01-14 22:02:04 - [MESSAGE][PASSED] - Object: 'Object Repository/Page_Forum 1/a_Add a new discussion topic' is clicked on

2022-01-14 22:02:04 - [TEST_STEP][FAILED] - setText(findTestObject("Object Repository/Page_Forum 1/div_Xin chao cac ban"), "<p dir="ltr" style="text-align: left;">Xin chao cac ban</p>"): Unable to set text '<p dir="ltr" style="text-align: left;">Xin chao cac ban</p>' of object 'Object Repository/Page_Forum 1/div_Xin chao cac ban' (Root cause: com.kms.katalon.core.exception.StepFailedException: Unable to set text '<p dir="ltr" style="text-align: left;">Xin chao cac ban</p>' of object 'Object Repository/Page_Forum 1/div_Xin chao cac ban'
	at com.kms.katalon.core.webui.keyword.internal.WebUIKeywordMain.stepFailed(WebUIKeywordMain.groovy:64)
	at com.kms.katalon.core.webui.keyword.internal.WebUIKeywordMain.runKeyword(WebUIKeywordMain.groovy:26)
	at com.kms.katalon.core.webui.keyword.builtin.SetTextKeyword.setText(SetTextKeyword.groovy:66)
	at com.kms.katalon.core.webui.keyword.builtin.SetTextKeyword.execute(SetTextKeyword.groovy:37)
	at com.kms.katalon.core.keyword.internal.KeywordExecutor.executeKeywordForPlatform(KeywordExecutor.groovy:74)
	at com.kms.katalon.core.webui.keyword.WebUiBuiltInKeywords.setText(WebUiBuiltInKeywords.groovy:980)
	at com.kms.katalon.core.webui.keyword.WebUiBuiltInKeywords$setText$2.call(Unknown Source)
	at 26_Sinh viên mở đề tài thảo luận không có tiêu đề.run(26_Sinh viên mở đề tài thảo luận không có tiêu đề:36)
	at com.kms.katalon.core.main.ScriptEngine.run(ScriptEngine.java:194)
	at com.kms.katalon.core.main.ScriptEngine.runScriptAsRawText(ScriptEngine.java:119)
	at com.kms.katalon.core.main.TestCaseExecutor.runScript(TestCaseExecutor.java:442)
	at com.kms.katalon.core.main.TestCaseExecutor.doExecute(TestCaseExecutor.java:433)
	at com.kms.katalon.core.main.TestCaseExecutor.processExecutionPhase(TestCaseExecutor.java:412)
	at com.kms.katalon.core.main.TestCaseExecutor.accessMainPhase(TestCaseExecutor.java:404)
	at com.kms.katalon.core.main.TestCaseExecutor.execute(TestCaseExecutor.java:281)
	at com.kms.katalon.core.main.TestCaseExecutor.execute(TestCaseExecutor.java:363)
	at com.kms.katalon.core.main.TestCaseExecutor.execute(TestCaseExecutor.java:363)
	at com.kms.katalon.core.main.TestCaseExecutor.execute(TestCaseExecutor.java:363)
	at com.kms.katalon.core.main.TestSuiteExecutor.accessTestCaseMainPhase(TestSuiteExecutor.java:202)
	at com.kms.katalon.core.main.TestSuiteExecutor.accessTestSuiteMainPhase(TestSuiteExecutor.java:164)
	at com.kms.katalon.core.main.TestSuiteExecutor.execute(TestSuiteExecutor.java:105)
	at com.kms.katalon.core.main.TestCaseMain.startTestSuite(TestCaseMain.java:181)
	at com.kms.katalon.core.main.TestCaseMain$startTestSuite$0.call(Unknown Source)
	at TempTestSuite1642171212458.run(TempTestSuite1642171212458.groovy:36)
Caused by: com.kms.katalon.core.webui.exception.WebElementNotFoundException: Web element with id: 'Object Repository/Page_Forum 1/div_Xin chao cac ban' located by '//div[@id='id_messageeditable']' not found
	at com.kms.katalon.core.webui.common.WebUiCommonHelper.findWebElement(WebUiCommonHelper.java:1368)
	at com.kms.katalon.core.webui.keyword.internal.WebUIAbstractKeyword.findWebElement(WebUIAbstractKeyword.groovy:27)
	at com.kms.katalon.core.webui.keyword.internal.WebUIAbstractKeyword.findWebElement(WebUIAbstractKeyword.groovy:26)
	at com.kms.katalon.core.webui.keyword.builtin.SetTextKeyword$_setText_closure1.doCall(SetTextKeyword.groovy:51)
	at com.kms.katalon.core.webui.keyword.builtin.SetTextKeyword$_setText_closure1.call(SetTextKeyword.groovy)
	at com.kms.katalon.core.webui.keyword.internal.WebUIKeywordMain.runKeyword(WebUIKeywordMain.groovy:20)
	at com.kms.katalon.core.webui.keyword.builtin.SetTextKeyword.setText(SetTextKeyword.groovy:66)
	at com.kms.katalon.core.webui.keyword.builtin.SetTextKeyword.execute(SetTextKeyword.groovy:37)
	at com.kms.katalon.core.keyword.internal.KeywordExecutor.executeKeywordForPlatform(KeywordExecutor.groovy:74)
	at com.kms.katalon.core.webui.keyword.WebUiBuiltInKeywords.setText(WebUiBuiltInKeywords.groovy:980)
	at com.kms.katalon.core.webui.keyword.WebUiBuiltInKeywords$setText$2.call(Unknown Source)
	at Script1641966780402.run(Script1641966780402.groovy:36)
	... 16 more
)

2022-01-14 22:02:11 - [MESSAGE][INFO] - Unable to find the element located by 'By.xpath: //div[@id='id_messageeditable']'. Please recheck the objects properties to make sure the desired element is located. 

2022-01-14 22:02:11 - [MESSAGE][WARNING] - [SELF-HEALING] Failed to find element with id 'Object Repository/Page_Forum 1/div_Xin chao cac ban'. Try using Self-healing.

2022-01-14 22:02:11 - [MESSAGE][INFO] - [SELF-HEALING] Failed Locator: '//div[@id='id_messageeditable']'.

2022-01-14 22:02:11 - [MESSAGE][INFO] - [SELF-HEALING] Failed Locator: '//div[@id='yui_3_17_2_1_1641967105117_506']/div'.

2022-01-14 22:02:11 - [MESSAGE][INFO] - [SELF-HEALING] Failed Locator: '(.//*[normalize-space(text()) and normalize-space(.)='Message'])[1]/following::div[21]'.

2022-01-14 22:02:12 - [MESSAGE][INFO] - [SELF-HEALING] Failed Locator: '(.//*[normalize-space(text()) and normalize-space(.)='Subject'])[1]/following::div[27]'.

2022-01-14 22:02:12 - [MESSAGE][INFO] - [SELF-HEALING] Working Locator: '(.//*[normalize-space(text()) and normalize-space(.)='Cancel'])[1]/preceding::div[7]'.

2022-01-14 22:02:12 - [MESSAGE][ERROR] - [SELF-HEALING] Cannot save screenshot to: D:\nam 3\nhap mon CNPM\bonus project\Test-Automation-SE-Bonus\Reports\Self-healing, reason: unknown error: unhandled inspector error: {"code":-32000,"message":"Cannot take screenshot with 0 width."}
  (Session info: chrome=97.0.4692.71)
Build info: version: '3.141.59', revision: 'e82be7d358', time: '2018-11-14T08:25:53'
System info: host: 'ADMIN', ip: '192.168.1.148', os.name: 'Windows 10', os.arch: 'amd64', os.version: '10.0', java.version: '1.8.0_282'
Driver info: com.kms.katalon.selenium.driver.CChromeDriver
Capabilities {acceptInsecureCerts: false, browserName: chrome, browserVersion: 97.0.4692.71, chrome: {chromedriverVersion: 97.0.4692.71 (adefa7837d02a..., userDataDir: C:\Users\Admin\AppData\Loca...}, goog:chromeOptions: {debuggerAddress: localhost:62663}, javascriptEnabled: true, networkConnectionEnabled: false, pageLoadStrategy: normal, platform: WINDOWS, platformName: WINDOWS, proxy: Proxy(), setWindowRect: true, strictFileInteractability: false, timeouts: {implicit: 0, pageLoad: 300000, script: 30000}, unhandledPromptBehavior: dismiss and notify, webauthn:extension:credBlob: true, webauthn:extension:largeBlob: true, webauthn:virtualAuthenticators: true}
Session ID: f7244f8707f126a8f8b01bcd81f3ac34.

2022-01-14 22:02:12 - [MESSAGE][ERROR] - [SELF-HEALING] Cannot save screenshot to: D:\nam 3\nhap mon CNPM\bonus project\Test-Automation-SE-Bonus\Reports\Self-healing, reason: unknown error: unhandled inspector error: {"code":-32000,"message":"Cannot take screenshot with 0 width."}
  (Session info: chrome=97.0.4692.71)
Build info: version: '3.141.59', revision: 'e82be7d358', time: '2018-11-14T08:25:53'
System info: host: 'ADMIN', ip: '192.168.1.148', os.name: 'Windows 10', os.arch: 'amd64', os.version: '10.0', java.version: '1.8.0_282'
Driver info: com.kms.katalon.selenium.driver.CChromeDriver
Capabilities {acceptInsecureCerts: false, browserName: chrome, browserVersion: 97.0.4692.71, chrome: {chromedriverVersion: 97.0.4692.71 (adefa7837d02a..., userDataDir: C:\Users\Admin\AppData\Loca...}, goog:chromeOptions: {debuggerAddress: localhost:62663}, javascriptEnabled: true, networkConnectionEnabled: false, pageLoadStrategy: normal, platform: WINDOWS, platformName: WINDOWS, proxy: Proxy(), setWindowRect: true, strictFileInteractability: false, timeouts: {implicit: 0, pageLoad: 300000, script: 30000}, unhandledPromptBehavior: dismiss and notify, webauthn:extension:credBlob: true, webauthn:extension:largeBlob: true, webauthn:virtualAuthenticators: true}
Session ID: f7244f8707f126a8f8b01bcd81f3ac34.

2022-01-14 22:02:12 - [MESSAGE][WARNING] - [SELF-HEALING] 'other' is different type of Path

2022-01-14 22:02:13 - [MESSAGE][INFO] - Unable to find the element located by 'By.xpath: //*[@id = 'id_messageeditable' and (text() = 'Xin chao cac ban' or . = 'Xin chao cac ban')]'. Please recheck the objects properties to make sure the desired element is located. 

2022-01-14 22:02:14 - [MESSAGE][INFO] - Unable to find the element located by 'By.cssSelector: #id_messageeditable'. Please recheck the objects properties to make sure the desired element is located. 

2022-01-14 22:02:15 - [MESSAGE][FAILED] - Unable to set text '<p dir="ltr" style="text-align: left;">Xin chao cac ban</p>' of object 'Object Repository/Page_Forum 1/div_Xin chao cac ban' (Root cause: com.kms.katalon.core.exception.StepFailedException: Unable to set text '<p dir="ltr" style="text-align: left;">Xin chao cac ban</p>' of object 'Object Repository/Page_Forum 1/div_Xin chao cac ban'
	at com.kms.katalon.core.webui.keyword.internal.WebUIKeywordMain.stepFailed(WebUIKeywordMain.groovy:64)
	at com.kms.katalon.core.webui.keyword.internal.WebUIKeywordMain.runKeyword(WebUIKeywordMain.groovy:26)
	at com.kms.katalon.core.webui.keyword.builtin.SetTextKeyword.setText(SetTextKeyword.groovy:66)
	at com.kms.katalon.core.webui.keyword.builtin.SetTextKeyword.execute(SetTextKeyword.groovy:37)
	at com.kms.katalon.core.keyword.internal.KeywordExecutor.executeKeywordForPlatform(KeywordExecutor.groovy:74)
	at com.kms.katalon.core.webui.keyword.WebUiBuiltInKeywords.setText(WebUiBuiltInKeywords.groovy:980)
	at com.kms.katalon.core.webui.keyword.WebUiBuiltInKeywords$setText$2.call(Unknown Source)
	at 26_Sinh viên mở đề tài thảo luận không có tiêu đề.run(26_Sinh viên mở đề tài thảo luận không có tiêu đề:36)
	at com.kms.katalon.core.main.ScriptEngine.run(ScriptEngine.java:194)
	at com.kms.katalon.core.main.ScriptEngine.runScriptAsRawText(ScriptEngine.java:119)
	at com.kms.katalon.core.main.TestCaseExecutor.runScript(TestCaseExecutor.java:442)
	at com.kms.katalon.core.main.TestCaseExecutor.doExecute(TestCaseExecutor.java:433)
	at com.kms.katalon.core.main.TestCaseExecutor.processExecutionPhase(TestCaseExecutor.java:412)
	at com.kms.katalon.core.main.TestCaseExecutor.accessMainPhase(TestCaseExecutor.java:404)
	at com.kms.katalon.core.main.TestCaseExecutor.execute(TestCaseExecutor.java:281)
	at com.kms.katalon.core.main.TestCaseExecutor.execute(TestCaseExecutor.java:363)
	at com.kms.katalon.core.main.TestCaseExecutor.execute(TestCaseExecutor.java:363)
	at com.kms.katalon.core.main.TestCaseExecutor.execute(TestCaseExecutor.java:363)
	at com.kms.katalon.core.main.TestSuiteExecutor.accessTestCaseMainPhase(TestSuiteExecutor.java:202)
	at com.kms.katalon.core.main.TestSuiteExecutor.accessTestSuiteMainPhase(TestSuiteExecutor.java:164)
	at com.kms.katalon.core.main.TestSuiteExecutor.execute(TestSuiteExecutor.java:105)
	at com.kms.katalon.core.main.TestCaseMain.startTestSuite(TestCaseMain.java:181)
	at com.kms.katalon.core.main.TestCaseMain$startTestSuite$0.call(Unknown Source)
	at TempTestSuite1642171212458.run(TempTestSuite1642171212458.groovy:36)
Caused by: com.kms.katalon.core.webui.exception.WebElementNotFoundException: Web element with id: 'Object Repository/Page_Forum 1/div_Xin chao cac ban' located by '//div[@id='id_messageeditable']' not found
	at com.kms.katalon.core.webui.common.WebUiCommonHelper.findWebElement(WebUiCommonHelper.java:1368)
	at com.kms.katalon.core.webui.keyword.internal.WebUIAbstractKeyword.findWebElement(WebUIAbstractKeyword.groovy:27)
	at com.kms.katalon.core.webui.keyword.internal.WebUIAbstractKeyword.findWebElement(WebUIAbstractKeyword.groovy:26)
	at com.kms.katalon.core.webui.keyword.builtin.SetTextKeyword$_setText_closure1.doCall(SetTextKeyword.groovy:51)
	at com.kms.katalon.core.webui.keyword.builtin.SetTextKeyword$_setText_closure1.call(SetTextKeyword.groovy)
	at com.kms.katalon.core.webui.keyword.internal.WebUIKeywordMain.runKeyword(WebUIKeywordMain.groovy:20)
	at com.kms.katalon.core.webui.keyword.builtin.SetTextKeyword.setText(SetTextKeyword.groovy:66)
	at com.kms.katalon.core.webui.keyword.builtin.SetTextKeyword.execute(SetTextKeyword.groovy:37)
	at com.kms.katalon.core.keyword.internal.KeywordExecutor.executeKeywordForPlatform(KeywordExecutor.groovy:74)
	at com.kms.katalon.core.webui.keyword.WebUiBuiltInKeywords.setText(WebUiBuiltInKeywords.groovy:980)
	at com.kms.katalon.core.webui.keyword.WebUiBuiltInKeywords$setText$2.call(Unknown Source)
	at Script1641966780402.run(Script1641966780402.groovy:36)
	... 16 more
)
[[ATTACHMENT|D:\\nam 3\\nhap mon CNPM\\bonus project\\Test-Automation-SE-Bonus\\Reports\\20220114_214012\\Run all test cases\\20220114_214012\\1642172534711.png]]]]></system-out>
         <system-err><![CDATA[2022-01-14 22:01:43 - [TEST_CASE][FAILED] - Test Cases/26_Sinh viên mở đề tài thảo luận không có tiêu đề: Test Cases/26_Sinh viên mở đề tài thảo luận không có tiêu đề FAILED.
Reason:
com.kms.katalon.core.exception.StepFailedException: Unable to set text '<p dir="ltr" style="text-align: left;">Xin chao cac ban</p>' of object 'Object Repository/Page_Forum 1/div_Xin chao cac ban'
	at com.kms.katalon.core.webui.keyword.internal.WebUIKeywordMain.stepFailed(WebUIKeywordMain.groovy:64)
	at com.kms.katalon.core.webui.keyword.internal.WebUIKeywordMain.runKeyword(WebUIKeywordMain.groovy:26)
	at com.kms.katalon.core.webui.keyword.builtin.SetTextKeyword.setText(SetTextKeyword.groovy:66)
	at com.kms.katalon.core.webui.keyword.builtin.SetTextKeyword.execute(SetTextKeyword.groovy:37)
	at com.kms.katalon.core.keyword.internal.KeywordExecutor.executeKeywordForPlatform(KeywordExecutor.groovy:74)
	at com.kms.katalon.core.webui.keyword.WebUiBuiltInKeywords.setText(WebUiBuiltInKeywords.groovy:980)
	at com.kms.katalon.core.webui.keyword.WebUiBuiltInKeywords$setText$2.call(Unknown Source)
	at 26_Sinh viên mở đề tài thảo luận không có tiêu đề.run(26_Sinh viên mở đề tài thảo luận không có tiêu đề:36)
	at com.kms.katalon.core.main.ScriptEngine.run(ScriptEngine.java:194)
	at com.kms.katalon.core.main.ScriptEngine.runScriptAsRawText(ScriptEngine.java:119)
	at com.kms.katalon.core.main.TestCaseExecutor.runScript(TestCaseExecutor.java:442)
	at com.kms.katalon.core.main.TestCaseExecutor.doExecute(TestCaseExecutor.java:433)
	at com.kms.katalon.core.main.TestCaseExecutor.processExecutionPhase(TestCaseExecutor.java:412)
	at com.kms.katalon.core.main.TestCaseExecutor.accessMainPhase(TestCaseExecutor.java:404)
	at com.kms.katalon.core.main.TestCaseExecutor.execute(TestCaseExecutor.java:281)
	at com.kms.katalon.core.main.TestCaseExecutor.execute(TestCaseExecutor.java:363)
	at com.kms.katalon.core.main.TestCaseExecutor.execute(TestCaseExecutor.java:363)
	at com.kms.katalon.core.main.TestCaseExecutor.execute(TestCaseExecutor.java:363)
	at com.kms.katalon.core.main.TestSuiteExecutor.accessTestCaseMainPhase(TestSuiteExecutor.java:202)
	at com.kms.katalon.core.main.TestSuiteExecutor.accessTestSuiteMainPhase(TestSuiteExecutor.java:164)
	at com.kms.katalon.core.main.TestSuiteExecutor.execute(TestSuiteExecutor.java:105)
	at com.kms.katalon.core.main.TestCaseMain.startTestSuite(TestCaseMain.java:181)
	at com.kms.katalon.core.main.TestCaseMain$startTestSuite$0.call(Unknown Source)
	at TempTestSuite1642171212458.run(TempTestSuite1642171212458.groovy:36)
Caused by: com.kms.katalon.core.webui.exception.WebElementNotFoundException: Web element with id: 'Object Repository/Page_Forum 1/div_Xin chao cac ban' located by '//div[@id='id_messageeditable']' not found
	at com.kms.katalon.core.webui.common.WebUiCommonHelper.findWebElement(WebUiCommonHelper.java:1368)
	at com.kms.katalon.core.webui.keyword.internal.WebUIAbstractKeyword.findWebElement(WebUIAbstractKeyword.groovy:27)
	at com.kms.katalon.core.webui.keyword.internal.WebUIAbstractKeyword.findWebElement(WebUIAbstractKeyword.groovy:26)
	at com.kms.katalon.core.webui.keyword.builtin.SetTextKeyword$_setText_closure1.doCall(SetTextKeyword.groovy:51)
	at com.kms.katalon.core.webui.keyword.builtin.SetTextKeyword$_setText_closure1.call(SetTextKeyword.groovy)
	at com.kms.katalon.core.webui.keyword.internal.WebUIKeywordMain.runKeyword(WebUIKeywordMain.groovy:20)
	... 22 more]]></system-err>
      </testcase>
      <testcase name="Test Cases/27_Sinh viên mở một đề tài thảo luận với thông tin chính xác" time="30.292" classname="Test Cases/27_Sinh viên mở một đề tài thảo luận với thông tin chính xác" status="FAILED">
         <failure type="FAILED" message="Test Cases/27_Sinh viên mở một đề tài thảo luận với thông tin chính xác FAILED.
Reason:
com.kms.katalon.core.exception.StepFailedException: Unable to set text 'Topic 1' of object 'Object Repository/Page_Forum 1/input_Subject_subject'
	at com.kms.katalon.core.webui.keyword.internal.WebUIKeywordMain.stepFailed(WebUIKeywordMain.groovy:64)
	at com.kms.katalon.core.webui.keyword.internal.WebUIKeywordMain.runKeyword(WebUIKeywordMain.groovy:26)
	at com.kms.katalon.core.webui.keyword.builtin.SetTextKeyword.setText(SetTextKeyword.groovy:66)
	at com.kms.katalon.core.webui.keyword.builtin.SetTextKeyword.execute(SetTextKeyword.groovy:37)
	at com.kms.katalon.core.keyword.internal.KeywordExecutor.executeKeywordForPlatform(KeywordExecutor.groovy:74)
	at com.kms.katalon.core.webui.keyword.WebUiBuiltInKeywords.setText(WebUiBuiltInKeywords.groovy:980)
	at com.kms.katalon.core.webui.keyword.WebUiBuiltInKeywords$setText$2.call(Unknown Source)
	at 27_Sinh viên mở một đề tài thảo luận với thông tin chính xác.run(27_Sinh viên mở một đề tài thảo luận với thông tin chính xác:36)
	at com.kms.katalon.core.main.ScriptEngine.run(ScriptEngine.java:194)
	at com.kms.katalon.core.main.ScriptEngine.runScriptAsRawText(ScriptEngine.java:119)
	at com.kms.katalon.core.main.TestCaseExecutor.runScript(TestCaseExecutor.java:442)
	at com.kms.katalon.core.main.TestCaseExecutor.doExecute(TestCaseExecutor.java:433)
	at com.kms.katalon.core.main.TestCaseExecutor.processExecutionPhase(TestCaseExecutor.java:412)
	at com.kms.katalon.core.main.TestCaseExecutor.accessMainPhase(TestCaseExecutor.java:404)
	at com.kms.katalon.core.main.TestCaseExecutor.execute(TestCaseExecutor.java:281)
	at com.kms.katalon.core.main.TestCaseExecutor.execute(TestCaseExecutor.java:363)
	at com.kms.katalon.core.main.TestCaseExecutor.execute(TestCaseExecutor.java:363)
	at com.kms.katalon.core.main.TestCaseExecutor.execute(TestCaseExecutor.java:363)
	at com.kms.katalon.core.main.TestSuiteExecutor.accessTestCaseMainPhase(TestSuiteExecutor.java:202)
	at com.kms.katalon.core.main.TestSuiteExecutor.accessTestSuiteMainPhase(TestSuiteExecutor.java:164)
	at com.kms.katalon.core.main.TestSuiteExecutor.execute(TestSuiteExecutor.java:105)
	at com.kms.katalon.core.main.TestCaseMain.startTestSuite(TestCaseMain.java:181)
	at com.kms.katalon.core.main.TestCaseMain$startTestSuite$0.call(Unknown Source)
	at TempTestSuite1642171212458.run(TempTestSuite1642171212458.groovy:36)
Caused by: com.kms.katalon.core.webui.exception.WebElementNotFoundException: Web element with id: 'Object Repository/Page_Forum 1/input_Subject_subject' located by '//input[@id='id_subject']' not found
	at com.kms.katalon.core.webui.common.WebUiCommonHelper.findWebElement(WebUiCommonHelper.java:1368)
	at com.kms.katalon.core.webui.keyword.internal.WebUIAbstractKeyword.findWebElement(WebUIAbstractKeyword.groovy:27)
	at com.kms.katalon.core.webui.keyword.internal.WebUIAbstractKeyword.findWebElement(WebUIAbstractKeyword.groovy:26)
	at com.kms.katalon.core.webui.keyword.builtin.SetTextKeyword$_setText_closure1.doCall(SetTextKeyword.groovy:51)
	at com.kms.katalon.core.webui.keyword.builtin.SetTextKeyword$_setText_closure1.call(SetTextKeyword.groovy)
	at com.kms.katalon.core.webui.keyword.internal.WebUIKeywordMain.runKeyword(WebUIKeywordMain.groovy:20)
	... 22 more
"/>
         <system-out><![CDATA[2022-01-14 22:03:40 - [TEST_CASE][FAILED] - Test Cases/27_Sinh viên mở một đề tài thảo luận với thông tin chính xác: Test Cases/27_Sinh viên mở một đề tài thảo luận với thông tin chính xác FAILED.
Reason:
com.kms.katalon.core.exception.StepFailedException: Unable to set text 'Topic 1' of object 'Object Repository/Page_Forum 1/input_Subject_subject'
	at com.kms.katalon.core.webui.keyword.internal.WebUIKeywordMain.stepFailed(WebUIKeywordMain.groovy:64)
	at com.kms.katalon.core.webui.keyword.internal.WebUIKeywordMain.runKeyword(WebUIKeywordMain.groovy:26)
	at com.kms.katalon.core.webui.keyword.builtin.SetTextKeyword.setText(SetTextKeyword.groovy:66)
	at com.kms.katalon.core.webui.keyword.builtin.SetTextKeyword.execute(SetTextKeyword.groovy:37)
	at com.kms.katalon.core.keyword.internal.KeywordExecutor.executeKeywordForPlatform(KeywordExecutor.groovy:74)
	at com.kms.katalon.core.webui.keyword.WebUiBuiltInKeywords.setText(WebUiBuiltInKeywords.groovy:980)
	at com.kms.katalon.core.webui.keyword.WebUiBuiltInKeywords$setText$2.call(Unknown Source)
	at 27_Sinh viên mở một đề tài thảo luận với thông tin chính xác.run(27_Sinh viên mở một đề tài thảo luận với thông tin chính xác:36)
	at com.kms.katalon.core.main.ScriptEngine.run(ScriptEngine.java:194)
	at com.kms.katalon.core.main.ScriptEngine.runScriptAsRawText(ScriptEngine.java:119)
	at com.kms.katalon.core.main.TestCaseExecutor.runScript(TestCaseExecutor.java:442)
	at com.kms.katalon.core.main.TestCaseExecutor.doExecute(TestCaseExecutor.java:433)
	at com.kms.katalon.core.main.TestCaseExecutor.processExecutionPhase(TestCaseExecutor.java:412)
	at com.kms.katalon.core.main.TestCaseExecutor.accessMainPhase(TestCaseExecutor.java:404)
	at com.kms.katalon.core.main.TestCaseExecutor.execute(TestCaseExecutor.java:281)
	at com.kms.katalon.core.main.TestCaseExecutor.execute(TestCaseExecutor.java:363)
	at com.kms.katalon.core.main.TestCaseExecutor.execute(TestCaseExecutor.java:363)
	at com.kms.katalon.core.main.TestCaseExecutor.execute(TestCaseExecutor.java:363)
	at com.kms.katalon.core.main.TestSuiteExecutor.accessTestCaseMainPhase(TestSuiteExecutor.java:202)
	at com.kms.katalon.core.main.TestSuiteExecutor.accessTestSuiteMainPhase(TestSuiteExecutor.java:164)
	at com.kms.katalon.core.main.TestSuiteExecutor.execute(TestSuiteExecutor.java:105)
	at com.kms.katalon.core.main.TestCaseMain.startTestSuite(TestCaseMain.java:181)
	at com.kms.katalon.core.main.TestCaseMain$startTestSuite$0.call(Unknown Source)
	at TempTestSuite1642171212458.run(TempTestSuite1642171212458.groovy:36)
Caused by: com.kms.katalon.core.webui.exception.WebElementNotFoundException: Web element with id: 'Object Repository/Page_Forum 1/input_Subject_subject' located by '//input[@id='id_subject']' not found
	at com.kms.katalon.core.webui.common.WebUiCommonHelper.findWebElement(WebUiCommonHelper.java:1368)
	at com.kms.katalon.core.webui.keyword.internal.WebUIAbstractKeyword.findWebElement(WebUIAbstractKeyword.groovy:27)
	at com.kms.katalon.core.webui.keyword.internal.WebUIAbstractKeyword.findWebElement(WebUIAbstractKeyword.groovy:26)
	at com.kms.katalon.core.webui.keyword.builtin.SetTextKeyword$_setText_closure1.doCall(SetTextKeyword.groovy:51)
	at com.kms.katalon.core.webui.keyword.builtin.SetTextKeyword$_setText_closure1.call(SetTextKeyword.groovy)
	at com.kms.katalon.core.webui.keyword.internal.WebUIKeywordMain.runKeyword(WebUIKeywordMain.groovy:20)
	... 22 more


2022-01-14 22:03:40 - [TEST_STEP][PASSED] - openBrowser(""): Browser is opened with url: ''

2022-01-14 22:03:40 - [MESSAGE][WARNING] - A browser is already opened. Closing browser and opening a new one

2022-01-14 22:03:41 - [MESSAGE][INFO] - Starting 'Chrome' driver

2022-01-14 22:03:41 - [MESSAGE][INFO] - Action delay is set to 0 milliseconds

2022-01-14 22:03:42 - [MESSAGE][PASSED] - Browser is opened with url: ''

2022-01-14 22:03:42 - [TEST_STEP][PASSED] - navigateToUrl("http://localhost/"): Navigate to 'http://localhost/' successfully

2022-01-14 22:03:42 - [MESSAGE][PASSED] - Navigate to 'http://localhost/' successfully

2022-01-14 22:03:42 - [TEST_STEP][PASSED] - click(findTestObject("Object Repository/Page_HCMUS/a_Nhp mn tr tu nhn to")): Object: 'Object Repository/Page_HCMUS/a_Nhp mn tr tu nhn to' is clicked on

2022-01-14 22:03:43 - [MESSAGE][PASSED] - Object: 'Object Repository/Page_HCMUS/a_Nhp mn tr tu nhn to' is clicked on

2022-01-14 22:03:43 - [TEST_STEP][PASSED] - setText(findTestObject("Object Repository/Page_HCMUS Log in to the site/input_Username_username"), "student3"): Text 'student3' is set on object 'Object Repository/Page_HCMUS Log in to the site/input_Username_username'

2022-01-14 22:03:44 - [MESSAGE][PASSED] - Text 'student3' is set on object 'Object Repository/Page_HCMUS Log in to the site/input_Username_username'

2022-01-14 22:03:44 - [TEST_STEP][PASSED] - setEncryptedText(findTestObject("Object Repository/Page_HCMUS Log in to the site/input_Password_password"), "xsue+lrReh7u7aVNaHEoWw=="): Text ****** has been set on object 'Object Repository/Page_HCMUS Log in to the site/input_Password_password'

2022-01-14 22:03:44 - [MESSAGE][PASSED] - Text ****** has been set on object 'Object Repository/Page_HCMUS Log in to the site/input_Password_password'

2022-01-14 22:03:44 - [TEST_STEP][PASSED] - click(findTestObject("Object Repository/Page_HCMUS Log in to the site/button_Log in")): Object: 'Object Repository/Page_HCMUS Log in to the site/button_Log in' is clicked on

2022-01-14 22:03:45 - [MESSAGE][PASSED] - Object: 'Object Repository/Page_HCMUS Log in to the site/button_Log in' is clicked on

2022-01-14 22:03:45 - [TEST_STEP][PASSED] - click(findTestObject("Object Repository/Page_Course Nhp mn tr tu nhn to/span_Forum 1")): Object: 'Object Repository/Page_Course Nhp mn tr tu nhn to/span_Forum 1' is clicked on

2022-01-14 22:03:46 - [MESSAGE][PASSED] - Object: 'Object Repository/Page_Course Nhp mn tr tu nhn to/span_Forum 1' is clicked on

2022-01-14 22:03:46 - [TEST_STEP][PASSED] - click(findTestObject("Object Repository/Page_Forum 1/a_Add a new discussion topic")): Object: 'Object Repository/Page_Forum 1/a_Add a new discussion topic' is clicked on

2022-01-14 22:03:53 - [MESSAGE][INFO] - Unable to find the element located by 'By.xpath: //a[@id='yui_3_17_2_1_1641967105117_488']'. Please recheck the objects properties to make sure the desired element is located. 

2022-01-14 22:03:53 - [MESSAGE][WARNING] - [SELF-HEALING] Failed to find element with id 'Object Repository/Page_Forum 1/a_Add a new discussion topic'. Try using Self-healing.

2022-01-14 22:03:53 - [MESSAGE][WARNING] - [SELF-HEALING] The current locator of test object 'Object Repository/Page_Forum 1/a_Add a new discussion topic' was broken. Propose an alternative one: '(.//*[normalize-space(text()) and normalize-space(.)='Mark as done'])[1]/following::a[1]'.

2022-01-14 22:03:59 - [MESSAGE][PASSED] - Object: 'Object Repository/Page_Forum 1/a_Add a new discussion topic' is clicked on

2022-01-14 22:03:59 - [TEST_STEP][FAILED] - setText(findTestObject("Object Repository/Page_Forum 1/input_Subject_subject"), "Topic 1"): Unable to set text 'Topic 1' of object 'Object Repository/Page_Forum 1/input_Subject_subject' (Root cause: com.kms.katalon.core.exception.StepFailedException: Unable to set text 'Topic 1' of object 'Object Repository/Page_Forum 1/input_Subject_subject'
	at com.kms.katalon.core.webui.keyword.internal.WebUIKeywordMain.stepFailed(WebUIKeywordMain.groovy:64)
	at com.kms.katalon.core.webui.keyword.internal.WebUIKeywordMain.runKeyword(WebUIKeywordMain.groovy:26)
	at com.kms.katalon.core.webui.keyword.builtin.SetTextKeyword.setText(SetTextKeyword.groovy:66)
	at com.kms.katalon.core.webui.keyword.builtin.SetTextKeyword.execute(SetTextKeyword.groovy:37)
	at com.kms.katalon.core.keyword.internal.KeywordExecutor.executeKeywordForPlatform(KeywordExecutor.groovy:74)
	at com.kms.katalon.core.webui.keyword.WebUiBuiltInKeywords.setText(WebUiBuiltInKeywords.groovy:980)
	at com.kms.katalon.core.webui.keyword.WebUiBuiltInKeywords$setText$2.call(Unknown Source)
	at 27_Sinh viên mở một đề tài thảo luận với thông tin chính xác.run(27_Sinh viên mở một đề tài thảo luận với thông tin chính xác:36)
	at com.kms.katalon.core.main.ScriptEngine.run(ScriptEngine.java:194)
	at com.kms.katalon.core.main.ScriptEngine.runScriptAsRawText(ScriptEngine.java:119)
	at com.kms.katalon.core.main.TestCaseExecutor.runScript(TestCaseExecutor.java:442)
	at com.kms.katalon.core.main.TestCaseExecutor.doExecute(TestCaseExecutor.java:433)
	at com.kms.katalon.core.main.TestCaseExecutor.processExecutionPhase(TestCaseExecutor.java:412)
	at com.kms.katalon.core.main.TestCaseExecutor.accessMainPhase(TestCaseExecutor.java:404)
	at com.kms.katalon.core.main.TestCaseExecutor.execute(TestCaseExecutor.java:281)
	at com.kms.katalon.core.main.TestCaseExecutor.execute(TestCaseExecutor.java:363)
	at com.kms.katalon.core.main.TestCaseExecutor.execute(TestCaseExecutor.java:363)
	at com.kms.katalon.core.main.TestCaseExecutor.execute(TestCaseExecutor.java:363)
	at com.kms.katalon.core.main.TestSuiteExecutor.accessTestCaseMainPhase(TestSuiteExecutor.java:202)
	at com.kms.katalon.core.main.TestSuiteExecutor.accessTestSuiteMainPhase(TestSuiteExecutor.java:164)
	at com.kms.katalon.core.main.TestSuiteExecutor.execute(TestSuiteExecutor.java:105)
	at com.kms.katalon.core.main.TestCaseMain.startTestSuite(TestCaseMain.java:181)
	at com.kms.katalon.core.main.TestCaseMain$startTestSuite$0.call(Unknown Source)
	at TempTestSuite1642171212458.run(TempTestSuite1642171212458.groovy:36)
Caused by: com.kms.katalon.core.webui.exception.WebElementNotFoundException: Web element with id: 'Object Repository/Page_Forum 1/input_Subject_subject' located by '//input[@id='id_subject']' not found
	at com.kms.katalon.core.webui.common.WebUiCommonHelper.findWebElement(WebUiCommonHelper.java:1368)
	at com.kms.katalon.core.webui.keyword.internal.WebUIAbstractKeyword.findWebElement(WebUIAbstractKeyword.groovy:27)
	at com.kms.katalon.core.webui.keyword.internal.WebUIAbstractKeyword.findWebElement(WebUIAbstractKeyword.groovy:26)
	at com.kms.katalon.core.webui.keyword.builtin.SetTextKeyword$_setText_closure1.doCall(SetTextKeyword.groovy:51)
	at com.kms.katalon.core.webui.keyword.builtin.SetTextKeyword$_setText_closure1.call(SetTextKeyword.groovy)
	at com.kms.katalon.core.webui.keyword.internal.WebUIKeywordMain.runKeyword(WebUIKeywordMain.groovy:20)
	at com.kms.katalon.core.webui.keyword.builtin.SetTextKeyword.setText(SetTextKeyword.groovy:66)
	at com.kms.katalon.core.webui.keyword.builtin.SetTextKeyword.execute(SetTextKeyword.groovy:37)
	at com.kms.katalon.core.keyword.internal.KeywordExecutor.executeKeywordForPlatform(KeywordExecutor.groovy:74)
	at com.kms.katalon.core.webui.keyword.WebUiBuiltInKeywords.setText(WebUiBuiltInKeywords.groovy:980)
	at com.kms.katalon.core.webui.keyword.WebUiBuiltInKeywords$setText$2.call(Unknown Source)
	at Script1641966932043.run(Script1641966932043.groovy:36)
	... 16 more
)

2022-01-14 22:04:06 - [MESSAGE][INFO] - Unable to find the element located by 'By.xpath: //input[@id='id_subject']'. Please recheck the objects properties to make sure the desired element is located. 

2022-01-14 22:04:06 - [MESSAGE][WARNING] - [SELF-HEALING] Failed to find element with id 'Object Repository/Page_Forum 1/input_Subject_subject'. Try using Self-healing.

2022-01-14 22:04:06 - [MESSAGE][INFO] - [SELF-HEALING] Failed Locator: '//input[@id='id_subject']'.

2022-01-14 22:04:06 - [MESSAGE][INFO] - [SELF-HEALING] Failed Locator: '//div[@id='yui_3_17_2_1_1641967105117_498']/input'.

2022-01-14 22:04:06 - [MESSAGE][INFO] - [SELF-HEALING] Failed Locator: '//div[2]/input'.

2022-01-14 22:04:06 - [MESSAGE][INFO] - [SELF-HEALING] Failed Locator: '//div[@id='yui_3_17_2_1_1641966980267_497']/input'.

2022-01-14 22:04:07 - [MESSAGE][INFO] - [SELF-HEALING] Failed Locator: '//input[@id='id_subject']'.

2022-01-14 22:04:07 - [MESSAGE][INFO] - [SELF-HEALING] Failed Locator: '//div[@id='yui_3_17_2_1_1641967105117_498']/input'.

2022-01-14 22:04:07 - [MESSAGE][INFO] - [SELF-HEALING] Failed Locator: '//div[2]/input'.

2022-01-14 22:04:07 - [MESSAGE][INFO] - [SELF-HEALING] Failed Locator: '//div[@id='yui_3_17_2_1_1641966980267_497']/input'.

2022-01-14 22:04:09 - [MESSAGE][INFO] - Unable to find the element located by 'By.xpath: //*[@type = 'text' and @name = 'subject' and @id = 'id_subject']'. Please recheck the objects properties to make sure the desired element is located. 

2022-01-14 22:04:10 - [MESSAGE][INFO] - Unable to find the element located by 'By.cssSelector: #id_subject'. Please recheck the objects properties to make sure the desired element is located. 

2022-01-14 22:04:10 - [MESSAGE][FAILED] - Unable to set text 'Topic 1' of object 'Object Repository/Page_Forum 1/input_Subject_subject' (Root cause: com.kms.katalon.core.exception.StepFailedException: Unable to set text 'Topic 1' of object 'Object Repository/Page_Forum 1/input_Subject_subject'
	at com.kms.katalon.core.webui.keyword.internal.WebUIKeywordMain.stepFailed(WebUIKeywordMain.groovy:64)
	at com.kms.katalon.core.webui.keyword.internal.WebUIKeywordMain.runKeyword(WebUIKeywordMain.groovy:26)
	at com.kms.katalon.core.webui.keyword.builtin.SetTextKeyword.setText(SetTextKeyword.groovy:66)
	at com.kms.katalon.core.webui.keyword.builtin.SetTextKeyword.execute(SetTextKeyword.groovy:37)
	at com.kms.katalon.core.keyword.internal.KeywordExecutor.executeKeywordForPlatform(KeywordExecutor.groovy:74)
	at com.kms.katalon.core.webui.keyword.WebUiBuiltInKeywords.setText(WebUiBuiltInKeywords.groovy:980)
	at com.kms.katalon.core.webui.keyword.WebUiBuiltInKeywords$setText$2.call(Unknown Source)
	at 27_Sinh viên mở một đề tài thảo luận với thông tin chính xác.run(27_Sinh viên mở một đề tài thảo luận với thông tin chính xác:36)
	at com.kms.katalon.core.main.ScriptEngine.run(ScriptEngine.java:194)
	at com.kms.katalon.core.main.ScriptEngine.runScriptAsRawText(ScriptEngine.java:119)
	at com.kms.katalon.core.main.TestCaseExecutor.runScript(TestCaseExecutor.java:442)
	at com.kms.katalon.core.main.TestCaseExecutor.doExecute(TestCaseExecutor.java:433)
	at com.kms.katalon.core.main.TestCaseExecutor.processExecutionPhase(TestCaseExecutor.java:412)
	at com.kms.katalon.core.main.TestCaseExecutor.accessMainPhase(TestCaseExecutor.java:404)
	at com.kms.katalon.core.main.TestCaseExecutor.execute(TestCaseExecutor.java:281)
	at com.kms.katalon.core.main.TestCaseExecutor.execute(TestCaseExecutor.java:363)
	at com.kms.katalon.core.main.TestCaseExecutor.execute(TestCaseExecutor.java:363)
	at com.kms.katalon.core.main.TestCaseExecutor.execute(TestCaseExecutor.java:363)
	at com.kms.katalon.core.main.TestSuiteExecutor.accessTestCaseMainPhase(TestSuiteExecutor.java:202)
	at com.kms.katalon.core.main.TestSuiteExecutor.accessTestSuiteMainPhase(TestSuiteExecutor.java:164)
	at com.kms.katalon.core.main.TestSuiteExecutor.execute(TestSuiteExecutor.java:105)
	at com.kms.katalon.core.main.TestCaseMain.startTestSuite(TestCaseMain.java:181)
	at com.kms.katalon.core.main.TestCaseMain$startTestSuite$0.call(Unknown Source)
	at TempTestSuite1642171212458.run(TempTestSuite1642171212458.groovy:36)
Caused by: com.kms.katalon.core.webui.exception.WebElementNotFoundException: Web element with id: 'Object Repository/Page_Forum 1/input_Subject_subject' located by '//input[@id='id_subject']' not found
	at com.kms.katalon.core.webui.common.WebUiCommonHelper.findWebElement(WebUiCommonHelper.java:1368)
	at com.kms.katalon.core.webui.keyword.internal.WebUIAbstractKeyword.findWebElement(WebUIAbstractKeyword.groovy:27)
	at com.kms.katalon.core.webui.keyword.internal.WebUIAbstractKeyword.findWebElement(WebUIAbstractKeyword.groovy:26)
	at com.kms.katalon.core.webui.keyword.builtin.SetTextKeyword$_setText_closure1.doCall(SetTextKeyword.groovy:51)
	at com.kms.katalon.core.webui.keyword.builtin.SetTextKeyword$_setText_closure1.call(SetTextKeyword.groovy)
	at com.kms.katalon.core.webui.keyword.internal.WebUIKeywordMain.runKeyword(WebUIKeywordMain.groovy:20)
	at com.kms.katalon.core.webui.keyword.builtin.SetTextKeyword.setText(SetTextKeyword.groovy:66)
	at com.kms.katalon.core.webui.keyword.builtin.SetTextKeyword.execute(SetTextKeyword.groovy:37)
	at com.kms.katalon.core.keyword.internal.KeywordExecutor.executeKeywordForPlatform(KeywordExecutor.groovy:74)
	at com.kms.katalon.core.webui.keyword.WebUiBuiltInKeywords.setText(WebUiBuiltInKeywords.groovy:980)
	at com.kms.katalon.core.webui.keyword.WebUiBuiltInKeywords$setText$2.call(Unknown Source)
	at Script1641966932043.run(Script1641966932043.groovy:36)
	... 16 more
)
[[ATTACHMENT|D:\\nam 3\\nhap mon CNPM\\bonus project\\Test-Automation-SE-Bonus\\Reports\\20220114_214012\\Run all test cases\\20220114_214012\\1642172650242.png]]]]></system-out>
         <system-err><![CDATA[2022-01-14 22:03:40 - [TEST_CASE][FAILED] - Test Cases/27_Sinh viên mở một đề tài thảo luận với thông tin chính xác: Test Cases/27_Sinh viên mở một đề tài thảo luận với thông tin chính xác FAILED.
Reason:
com.kms.katalon.core.exception.StepFailedException: Unable to set text 'Topic 1' of object 'Object Repository/Page_Forum 1/input_Subject_subject'
	at com.kms.katalon.core.webui.keyword.internal.WebUIKeywordMain.stepFailed(WebUIKeywordMain.groovy:64)
	at com.kms.katalon.core.webui.keyword.internal.WebUIKeywordMain.runKeyword(WebUIKeywordMain.groovy:26)
	at com.kms.katalon.core.webui.keyword.builtin.SetTextKeyword.setText(SetTextKeyword.groovy:66)
	at com.kms.katalon.core.webui.keyword.builtin.SetTextKeyword.execute(SetTextKeyword.groovy:37)
	at com.kms.katalon.core.keyword.internal.KeywordExecutor.executeKeywordForPlatform(KeywordExecutor.groovy:74)
	at com.kms.katalon.core.webui.keyword.WebUiBuiltInKeywords.setText(WebUiBuiltInKeywords.groovy:980)
	at com.kms.katalon.core.webui.keyword.WebUiBuiltInKeywords$setText$2.call(Unknown Source)
	at 27_Sinh viên mở một đề tài thảo luận với thông tin chính xác.run(27_Sinh viên mở một đề tài thảo luận với thông tin chính xác:36)
	at com.kms.katalon.core.main.ScriptEngine.run(ScriptEngine.java:194)
	at com.kms.katalon.core.main.ScriptEngine.runScriptAsRawText(ScriptEngine.java:119)
	at com.kms.katalon.core.main.TestCaseExecutor.runScript(TestCaseExecutor.java:442)
	at com.kms.katalon.core.main.TestCaseExecutor.doExecute(TestCaseExecutor.java:433)
	at com.kms.katalon.core.main.TestCaseExecutor.processExecutionPhase(TestCaseExecutor.java:412)
	at com.kms.katalon.core.main.TestCaseExecutor.accessMainPhase(TestCaseExecutor.java:404)
	at com.kms.katalon.core.main.TestCaseExecutor.execute(TestCaseExecutor.java:281)
	at com.kms.katalon.core.main.TestCaseExecutor.execute(TestCaseExecutor.java:363)
	at com.kms.katalon.core.main.TestCaseExecutor.execute(TestCaseExecutor.java:363)
	at com.kms.katalon.core.main.TestCaseExecutor.execute(TestCaseExecutor.java:363)
	at com.kms.katalon.core.main.TestSuiteExecutor.accessTestCaseMainPhase(TestSuiteExecutor.java:202)
	at com.kms.katalon.core.main.TestSuiteExecutor.accessTestSuiteMainPhase(TestSuiteExecutor.java:164)
	at com.kms.katalon.core.main.TestSuiteExecutor.execute(TestSuiteExecutor.java:105)
	at com.kms.katalon.core.main.TestCaseMain.startTestSuite(TestCaseMain.java:181)
	at com.kms.katalon.core.main.TestCaseMain$startTestSuite$0.call(Unknown Source)
	at TempTestSuite1642171212458.run(TempTestSuite1642171212458.groovy:36)
Caused by: com.kms.katalon.core.webui.exception.WebElementNotFoundException: Web element with id: 'Object Repository/Page_Forum 1/input_Subject_subject' located by '//input[@id='id_subject']' not found
	at com.kms.katalon.core.webui.common.WebUiCommonHelper.findWebElement(WebUiCommonHelper.java:1368)
	at com.kms.katalon.core.webui.keyword.internal.WebUIAbstractKeyword.findWebElement(WebUIAbstractKeyword.groovy:27)
	at com.kms.katalon.core.webui.keyword.internal.WebUIAbstractKeyword.findWebElement(WebUIAbstractKeyword.groovy:26)
	at com.kms.katalon.core.webui.keyword.builtin.SetTextKeyword$_setText_closure1.doCall(SetTextKeyword.groovy:51)
	at com.kms.katalon.core.webui.keyword.builtin.SetTextKeyword$_setText_closure1.call(SetTextKeyword.groovy)
	at com.kms.katalon.core.webui.keyword.internal.WebUIKeywordMain.runKeyword(WebUIKeywordMain.groovy:20)
	... 22 more]]></system-err>
      </testcase>
      <testcase name="Test Cases/28_Giáo viên tạo assignment với giới hạn từ là số âm" time="48.826" classname="Test Cases/28_Giáo viên tạo assignment với giới hạn từ là số âm" status="PASSED">
         <system-out><![CDATA[2022-01-14 22:04:10 - [TEST_CASE][PASSED] - Test Cases/28_Giáo viên tạo assignment với giới hạn từ là số âm: Test Cases/28_Giáo viên tạo assignment với giới hạn từ là số âm

2022-01-14 22:04:10 - [TEST_STEP][PASSED] - openBrowser(""): Browser is opened with url: ''

2022-01-14 22:04:11 - [MESSAGE][WARNING] - A browser is already opened. Closing browser and opening a new one

2022-01-14 22:04:11 - [MESSAGE][INFO] - Starting 'Chrome' driver

2022-01-14 22:04:11 - [MESSAGE][INFO] - Action delay is set to 0 milliseconds

2022-01-14 22:04:12 - [MESSAGE][PASSED] - Browser is opened with url: ''

2022-01-14 22:04:12 - [TEST_STEP][PASSED] - navigateToUrl("http://localhost/"): Navigate to 'http://localhost/' successfully

2022-01-14 22:04:13 - [MESSAGE][PASSED] - Navigate to 'http://localhost/' successfully

2022-01-14 22:04:13 - [TEST_STEP][PASSED] - click(findTestObject("Object Repository/Page_HCMUS/a_Nhp mn tr tu nhn to")): Object: 'Object Repository/Page_HCMUS/a_Nhp mn tr tu nhn to' is clicked on

2022-01-14 22:04:13 - [MESSAGE][PASSED] - Object: 'Object Repository/Page_HCMUS/a_Nhp mn tr tu nhn to' is clicked on

2022-01-14 22:04:13 - [TEST_STEP][PASSED] - setText(findTestObject("Object Repository/Page_HCMUS Log in to the site/input_Username_username"), "teacher1"): Text 'teacher1' is set on object 'Object Repository/Page_HCMUS Log in to the site/input_Username_username'

2022-01-14 22:04:14 - [MESSAGE][PASSED] - Text 'teacher1' is set on object 'Object Repository/Page_HCMUS Log in to the site/input_Username_username'

2022-01-14 22:04:14 - [TEST_STEP][PASSED] - setEncryptedText(findTestObject("Object Repository/Page_HCMUS Log in to the site/input_Password_password"), "iKb8CrY6A/iqm08K47hQLA=="): Text ****** has been set on object 'Object Repository/Page_HCMUS Log in to the site/input_Password_password'

2022-01-14 22:04:15 - [MESSAGE][PASSED] - Text ****** has been set on object 'Object Repository/Page_HCMUS Log in to the site/input_Password_password'

2022-01-14 22:04:15 - [TEST_STEP][PASSED] - click(findTestObject("Object Repository/Page_HCMUS Log in to the site/button_Log in")): Object: 'Object Repository/Page_HCMUS Log in to the site/button_Log in' is clicked on

2022-01-14 22:04:16 - [MESSAGE][PASSED] - Object: 'Object Repository/Page_HCMUS Log in to the site/button_Log in' is clicked on

2022-01-14 22:04:16 - [TEST_STEP][PASSED] - click(findTestObject("Object Repository/Page_Course Nhp mn tr tu nhn to/button_Turn editing on")): Object: 'Object Repository/Page_Course Nhp mn tr tu nhn to/button_Turn editing on' is clicked on

2022-01-14 22:04:22 - [MESSAGE][INFO] - Unable to find the element located by 'By.xpath: //button[@id='single_button61deb918b38a91']'. Please recheck the objects properties to make sure the desired element is located. 

2022-01-14 22:04:22 - [MESSAGE][WARNING] - [SELF-HEALING] Failed to find element with id 'Object Repository/Page_Course Nhp mn tr tu nhn to/button_Turn editing on'. Try using Self-healing.

2022-01-14 22:04:22 - [MESSAGE][WARNING] - [SELF-HEALING] The current locator of test object 'Object Repository/Page_Course Nhp mn tr tu nhn to/button_Turn editing on' was broken. Propose an alternative one: '(.//*[normalize-space(text()) and normalize-space(.)='AI'])[2]/following::button[1]'.

2022-01-14 22:04:23 - [MESSAGE][PASSED] - Object: 'Object Repository/Page_Course Nhp mn tr tu nhn to/button_Turn editing on' is clicked on

2022-01-14 22:04:23 - [TEST_STEP][PASSED] - click(findTestObject("Object Repository/Page_Course Nhp mn tr tu nhn to/span_Add an activity or resource")): Object: 'Object Repository/Page_Course Nhp mn tr tu nhn to/span_Add an activity or resource' is clicked on

2022-01-14 22:04:29 - [MESSAGE][INFO] - Unable to find the element located by 'By.xpath: //span[@id='yui_3_17_2_1_1641986354069_794']'. Please recheck the objects properties to make sure the desired element is located. 

2022-01-14 22:04:29 - [MESSAGE][WARNING] - [SELF-HEALING] Failed to find element with id 'Object Repository/Page_Course Nhp mn tr tu nhn to/span_Add an activity or resource'. Try using Self-healing.

2022-01-14 22:04:29 - [MESSAGE][WARNING] - [SELF-HEALING] The current locator of test object 'Object Repository/Page_Course Nhp mn tr tu nhn to/span_Add an activity or resource' was broken. Propose an alternative one: '(.//*[normalize-space(text()) and normalize-space(.)='Add file(s) here'])[1]/following::span[1]'.

2022-01-14 22:04:29 - [MESSAGE][PASSED] - Object: 'Object Repository/Page_Course Nhp mn tr tu nhn to/span_Add an activity or resource' is clicked on

2022-01-14 22:04:29 - [TEST_STEP][PASSED] - click(findTestObject("Object Repository/Page_Course Nhp mn tr tu nhn to/div_Recommended_optionicon mt-2 mb-1 icon-s_bba414")): Object: 'Object Repository/Page_Course Nhp mn tr tu nhn to/div_Recommended_optionicon mt-2 mb-1 icon-s_bba414' is clicked on

2022-01-14 22:04:31 - [MESSAGE][PASSED] - Object: 'Object Repository/Page_Course Nhp mn tr tu nhn to/div_Recommended_optionicon mt-2 mb-1 icon-s_bba414' is clicked on

2022-01-14 22:04:31 - [TEST_STEP][PASSED] - setText(findTestObject("Object Repository/Page_Editing Assignment/input_Assignment name_name"), "Assignment 1"): Text 'Assignment 1' is set on object 'Object Repository/Page_Editing Assignment/input_Assignment name_name'

2022-01-14 22:04:33 - [MESSAGE][PASSED] - Text 'Assignment 1' is set on object 'Object Repository/Page_Editing Assignment/input_Assignment name_name'

2022-01-14 22:04:33 - [TEST_STEP][PASSED] - click(findTestObject("Object Repository/Page_Editing Assignment/input_Online text_assignsubmission_onlinete_900d47")): Object: 'Object Repository/Page_Editing Assignment/input_Online text_assignsubmission_onlinete_900d47' is clicked on

2022-01-14 22:04:33 - [MESSAGE][PASSED] - Object: 'Object Repository/Page_Editing Assignment/input_Online text_assignsubmission_onlinete_900d47' is clicked on

2022-01-14 22:04:33 - [TEST_STEP][PASSED] - click(findTestObject("Object Repository/Page_Editing Assignment/input_File submissions_assignsubmission_fil_19d1d4")): Object: 'Object Repository/Page_Editing Assignment/input_File submissions_assignsubmission_fil_19d1d4' is clicked on

2022-01-14 22:04:34 - [MESSAGE][PASSED] - Object: 'Object Repository/Page_Editing Assignment/input_File submissions_assignsubmission_fil_19d1d4' is clicked on

2022-01-14 22:04:34 - [TEST_STEP][PASSED] - click(findTestObject("Object Repository/Page_Editing Assignment/input_Enable_assignsubmission_onlinetext_wo_0d4c71")): Object: 'Object Repository/Page_Editing Assignment/input_Enable_assignsubmission_onlinetext_wo_0d4c71' is clicked on

2022-01-14 22:04:34 - [MESSAGE][PASSED] - Object: 'Object Repository/Page_Editing Assignment/input_Enable_assignsubmission_onlinetext_wo_0d4c71' is clicked on

2022-01-14 22:04:34 - [TEST_STEP][PASSED] - setText(findTestObject("Object Repository/Page_Editing Assignment/input_Word limit_assignsubmission_onlinetex_3b42b9"), "-10"): Text '-10' is set on object 'Object Repository/Page_Editing Assignment/input_Word limit_assignsubmission_onlinetex_3b42b9'

2022-01-14 22:04:35 - [MESSAGE][PASSED] - Text '-10' is set on object 'Object Repository/Page_Editing Assignment/input_Word limit_assignsubmission_onlinetex_3b42b9'

2022-01-14 22:04:35 - [TEST_STEP][PASSED] - click(findTestObject("Object Repository/Page_Editing Assignment/input_Upon activity completion_submitbutton")): Object: 'Object Repository/Page_Editing Assignment/input_Upon activity completion_submitbutton' is clicked on

2022-01-14 22:04:36 - [MESSAGE][PASSED] - Object: 'Object Repository/Page_Editing Assignment/input_Upon activity completion_submitbutton' is clicked on

2022-01-14 22:04:36 - [TEST_STEP][PASSED] - verifyElementText(findTestObject("Object Repository/Page_AI Assignment 1/h2_Assignment 1"), "Assignment 1"): Actual text and expected text of test object 'Object Repository/Page_AI Assignment 1/h2_Assignment 1' are matched.

2022-01-14 22:04:37 - [MESSAGE][PASSED] - Actual text and expected text of test object 'Object Repository/Page_AI Assignment 1/h2_Assignment 1' are matched.

2022-01-14 22:04:37 - [TEST_STEP][PASSED] - click(findTestObject("Object Repository/Page_AI Assignment 1/a_Teacher Hubbard")): Object: 'Object Repository/Page_AI Assignment 1/a_Teacher Hubbard' is clicked on

2022-01-14 22:04:37 - [MESSAGE][PASSED] - Object: 'Object Repository/Page_AI Assignment 1/a_Teacher Hubbard' is clicked on

2022-01-14 22:04:37 - [TEST_STEP][PASSED] - click(findTestObject("Object Repository/Page_AI Assignment 1/span_Log out")): Object: 'Object Repository/Page_AI Assignment 1/span_Log out' is clicked on

2022-01-14 22:04:38 - [MESSAGE][PASSED] - Object: 'Object Repository/Page_AI Assignment 1/span_Log out' is clicked on

2022-01-14 22:04:38 - [TEST_STEP][PASSED] - click(findTestObject("Object Repository/Page_HCMUS/a_Nhp mn tr tu nhn to")): Object: 'Object Repository/Page_HCMUS/a_Nhp mn tr tu nhn to' is clicked on

2022-01-14 22:04:39 - [MESSAGE][PASSED] - Object: 'Object Repository/Page_HCMUS/a_Nhp mn tr tu nhn to' is clicked on

2022-01-14 22:04:39 - [TEST_STEP][PASSED] - setText(findTestObject("Object Repository/Page_HCMUS Log in to the site/input_Username_username"), "student3"): Text 'student3' is set on object 'Object Repository/Page_HCMUS Log in to the site/input_Username_username'

2022-01-14 22:04:39 - [MESSAGE][PASSED] - Text 'student3' is set on object 'Object Repository/Page_HCMUS Log in to the site/input_Username_username'

2022-01-14 22:04:39 - [TEST_STEP][PASSED] - setEncryptedText(findTestObject("Object Repository/Page_HCMUS Log in to the site/input_Password_password"), "xsue+lrReh7u7aVNaHEoWw=="): Text ****** has been set on object 'Object Repository/Page_HCMUS Log in to the site/input_Password_password'

2022-01-14 22:04:40 - [MESSAGE][PASSED] - Text ****** has been set on object 'Object Repository/Page_HCMUS Log in to the site/input_Password_password'

2022-01-14 22:04:40 - [TEST_STEP][PASSED] - click(findTestObject("Object Repository/Page_HCMUS Log in to the site/button_Log in")): Object: 'Object Repository/Page_HCMUS Log in to the site/button_Log in' is clicked on

2022-01-14 22:04:41 - [MESSAGE][PASSED] - Object: 'Object Repository/Page_HCMUS Log in to the site/button_Log in' is clicked on

2022-01-14 22:04:41 - [TEST_STEP][PASSED] - click(findTestObject("Object Repository/Page_Course Nhp mn tr tu nhn to/span_Assignment 1")): Object: 'Object Repository/Page_Course Nhp mn tr tu nhn to/span_Assignment 1' is clicked on

2022-01-14 22:04:47 - [MESSAGE][INFO] - Unable to find the element located by 'By.xpath: //li[@id='module-8']/div/div/div[2]/div/a/span'. Please recheck the objects properties to make sure the desired element is located. 

2022-01-14 22:04:47 - [MESSAGE][WARNING] - [SELF-HEALING] Failed to find element with id 'Object Repository/Page_Course Nhp mn tr tu nhn to/span_Assignment 1'. Try using Self-healing.

2022-01-14 22:04:47 - [MESSAGE][WARNING] - [SELF-HEALING] The current locator of test object 'Object Repository/Page_Course Nhp mn tr tu nhn to/span_Assignment 1' was broken. Propose an alternative one: '(.//*[normalize-space(text()) and normalize-space(.)='Mark as done'])[5]/following::span[1]'.

2022-01-14 22:04:48 - [MESSAGE][PASSED] - Object: 'Object Repository/Page_Course Nhp mn tr tu nhn to/span_Assignment 1' is clicked on

2022-01-14 22:04:48 - [TEST_STEP][PASSED] - click(findTestObject("Object Repository/Page_AI Assignment 1/button_Add submission")): Object: 'Object Repository/Page_AI Assignment 1/button_Add submission' is clicked on

2022-01-14 22:04:54 - [MESSAGE][INFO] - Unable to find the element located by 'By.xpath: //button[@id='single_button61de70822d66415']'. Please recheck the objects properties to make sure the desired element is located. 

2022-01-14 22:04:54 - [MESSAGE][WARNING] - [SELF-HEALING] Failed to find element with id 'Object Repository/Page_AI Assignment 1/button_Add submission'. Try using Self-healing.

2022-01-14 22:04:54 - [MESSAGE][WARNING] - [SELF-HEALING] The current locator of test object 'Object Repository/Page_AI Assignment 1/button_Add submission' was broken. Propose an alternative one: '//section[@id='region-main']/div/div[3]/div[2]/div/form/button'.

2022-01-14 22:04:55 - [MESSAGE][PASSED] - Object: 'Object Repository/Page_AI Assignment 1/button_Add submission' is clicked on

2022-01-14 22:04:55 - [TEST_STEP][PASSED] - setText(findTestObject("Object Repository/Page_AI Assignment 1 - Edit submission/div_Hello"), "Hello"): Text 'Hello' is set on object 'Object Repository/Page_AI Assignment 1 - Edit submission/div_Hello'

2022-01-14 22:04:56 - [MESSAGE][PASSED] - Text 'Hello' is set on object 'Object Repository/Page_AI Assignment 1 - Edit submission/div_Hello'

2022-01-14 22:04:56 - [TEST_STEP][PASSED] - click(findTestObject("Object Repository/Page_AI Assignment 1 - Edit submission/input_Online text_submitbutton")): Object: 'Object Repository/Page_AI Assignment 1 - Edit submission/input_Online text_submitbutton' is clicked on

2022-01-14 22:04:57 - [MESSAGE][PASSED] - Object: 'Object Repository/Page_AI Assignment 1 - Edit submission/input_Online text_submitbutton' is clicked on

2022-01-14 22:04:57 - [TEST_STEP][PASSED] - verifyElementText(findTestObject("Object Repository/Page_AI Assignment 1 - Edit submission/span_The word limit for this assignment is _018888"), "The word limit for this assignment is -10 words and you are attempting to submit 1 words. Please review your submission and try again."): Actual text and expected text of test object 'Object Repository/Page_AI Assignment 1 - Edit submission/span_The word limit for this assignment is _018888' are matched.

2022-01-14 22:04:58 - [MESSAGE][PASSED] - Actual text and expected text of test object 'Object Repository/Page_AI Assignment 1 - Edit submission/span_The word limit for this assignment is _018888' are matched.

2022-01-14 22:04:58 - [TEST_STEP][PASSED] - closeBrowser(): Browser is closed

2022-01-14 22:04:59 - [MESSAGE][PASSED] - Browser is closed]]></system-out>
         <system-err><![CDATA[]]></system-err>
      </testcase>
      <testcase name="Test Cases/29_Giáo viên tạo assignment với các thông tin chính xác" time="25.541" classname="Test Cases/29_Giáo viên tạo assignment với các thông tin chính xác" status="PASSED">
         <system-out><![CDATA[2022-01-14 22:04:59 - [TEST_CASE][PASSED] - Test Cases/29_Giáo viên tạo assignment với các thông tin chính xác: Test Cases/29_Giáo viên tạo assignment với các thông tin chính xác

2022-01-14 22:04:59 - [TEST_STEP][PASSED] - openBrowser(""): Browser is opened with url: ''

2022-01-14 22:04:59 - [MESSAGE][INFO] - Starting 'Chrome' driver

2022-01-14 22:04:59 - [MESSAGE][INFO] - Action delay is set to 0 milliseconds

2022-01-14 22:05:00 - [MESSAGE][PASSED] - Browser is opened with url: ''

2022-01-14 22:05:00 - [TEST_STEP][PASSED] - navigateToUrl("http://localhost/"): Navigate to 'http://localhost/' successfully

2022-01-14 22:05:01 - [MESSAGE][PASSED] - Navigate to 'http://localhost/' successfully

2022-01-14 22:05:01 - [TEST_STEP][PASSED] - click(findTestObject("Object Repository/Page_HCMUS/a_Nhp mn tr tu nhn to")): Object: 'Object Repository/Page_HCMUS/a_Nhp mn tr tu nhn to' is clicked on

2022-01-14 22:05:02 - [MESSAGE][PASSED] - Object: 'Object Repository/Page_HCMUS/a_Nhp mn tr tu nhn to' is clicked on

2022-01-14 22:05:02 - [TEST_STEP][PASSED] - setText(findTestObject("Object Repository/Page_HCMUS Log in to the site/input_Username_username"), "teacher1"): Text 'teacher1' is set on object 'Object Repository/Page_HCMUS Log in to the site/input_Username_username'

2022-01-14 22:05:02 - [MESSAGE][PASSED] - Text 'teacher1' is set on object 'Object Repository/Page_HCMUS Log in to the site/input_Username_username'

2022-01-14 22:05:02 - [TEST_STEP][PASSED] - setEncryptedText(findTestObject("Object Repository/Page_HCMUS Log in to the site/input_Password_password"), "iKb8CrY6A/iqm08K47hQLA=="): Text ****** has been set on object 'Object Repository/Page_HCMUS Log in to the site/input_Password_password'

2022-01-14 22:05:03 - [MESSAGE][PASSED] - Text ****** has been set on object 'Object Repository/Page_HCMUS Log in to the site/input_Password_password'

2022-01-14 22:05:03 - [TEST_STEP][PASSED] - click(findTestObject("Object Repository/Page_HCMUS Log in to the site/button_Log in")): Object: 'Object Repository/Page_HCMUS Log in to the site/button_Log in' is clicked on

2022-01-14 22:05:04 - [MESSAGE][PASSED] - Object: 'Object Repository/Page_HCMUS Log in to the site/button_Log in' is clicked on

2022-01-14 22:05:04 - [TEST_STEP][PASSED] - click(findTestObject("Object Repository/Page_Course Nhp mn tr tu nhn to/button_Turn editing on")): Object: 'Object Repository/Page_Course Nhp mn tr tu nhn to/button_Turn editing on' is clicked on

2022-01-14 22:05:10 - [MESSAGE][INFO] - Unable to find the element located by 'By.xpath: //button[@id='single_button61deb918b38a91']'. Please recheck the objects properties to make sure the desired element is located. 

2022-01-14 22:05:10 - [MESSAGE][WARNING] - [SELF-HEALING] Failed to find element with id 'Object Repository/Page_Course Nhp mn tr tu nhn to/button_Turn editing on'. Try using Self-healing.

2022-01-14 22:05:10 - [MESSAGE][WARNING] - [SELF-HEALING] The current locator of test object 'Object Repository/Page_Course Nhp mn tr tu nhn to/button_Turn editing on' was broken. Propose an alternative one: '(.//*[normalize-space(text()) and normalize-space(.)='AI'])[2]/following::button[1]'.

2022-01-14 22:05:10 - [MESSAGE][PASSED] - Object: 'Object Repository/Page_Course Nhp mn tr tu nhn to/button_Turn editing on' is clicked on

2022-01-14 22:05:10 - [TEST_STEP][PASSED] - click(findTestObject("Object Repository/Page_Course Nhp mn tr tu nhn to/span_Add an activity or resource")): Object: 'Object Repository/Page_Course Nhp mn tr tu nhn to/span_Add an activity or resource' is clicked on

2022-01-14 22:05:17 - [MESSAGE][INFO] - Unable to find the element located by 'By.xpath: //span[@id='yui_3_17_2_1_1641986354069_794']'. Please recheck the objects properties to make sure the desired element is located. 

2022-01-14 22:05:17 - [MESSAGE][WARNING] - [SELF-HEALING] Failed to find element with id 'Object Repository/Page_Course Nhp mn tr tu nhn to/span_Add an activity or resource'. Try using Self-healing.

2022-01-14 22:05:17 - [MESSAGE][WARNING] - [SELF-HEALING] The current locator of test object 'Object Repository/Page_Course Nhp mn tr tu nhn to/span_Add an activity or resource' was broken. Propose an alternative one: '(.//*[normalize-space(text()) and normalize-space(.)='Add file(s) here'])[1]/following::span[1]'.

2022-01-14 22:05:17 - [MESSAGE][PASSED] - Object: 'Object Repository/Page_Course Nhp mn tr tu nhn to/span_Add an activity or resource' is clicked on

2022-01-14 22:05:17 - [TEST_STEP][PASSED] - click(findTestObject("Object Repository/Page_Course Nhp mn tr tu nhn to/div_Recommended_optionicon mt-2 mb-1 icon-s_bba414")): Object: 'Object Repository/Page_Course Nhp mn tr tu nhn to/div_Recommended_optionicon mt-2 mb-1 icon-s_bba414' is clicked on

2022-01-14 22:05:19 - [MESSAGE][PASSED] - Object: 'Object Repository/Page_Course Nhp mn tr tu nhn to/div_Recommended_optionicon mt-2 mb-1 icon-s_bba414' is clicked on

2022-01-14 22:05:19 - [TEST_STEP][PASSED] - setText(findTestObject("Object Repository/Page_Editing Assignment/input_Assignment name_name"), "Assignment 2"): Text 'Assignment 2' is set on object 'Object Repository/Page_Editing Assignment/input_Assignment name_name'

2022-01-14 22:05:20 - [MESSAGE][PASSED] - Text 'Assignment 2' is set on object 'Object Repository/Page_Editing Assignment/input_Assignment name_name'

2022-01-14 22:05:20 - [TEST_STEP][PASSED] - click(findTestObject("Object Repository/Page_Editing Assignment/input_Online text_assignsubmission_onlinete_900d47")): Object: 'Object Repository/Page_Editing Assignment/input_Online text_assignsubmission_onlinete_900d47' is clicked on

2022-01-14 22:05:20 - [MESSAGE][PASSED] - Object: 'Object Repository/Page_Editing Assignment/input_Online text_assignsubmission_onlinete_900d47' is clicked on

2022-01-14 22:05:20 - [TEST_STEP][PASSED] - click(findTestObject("Object Repository/Page_Editing Assignment/input_File submissions_assignsubmission_fil_19d1d4")): Object: 'Object Repository/Page_Editing Assignment/input_File submissions_assignsubmission_fil_19d1d4' is clicked on

2022-01-14 22:05:21 - [MESSAGE][PASSED] - Object: 'Object Repository/Page_Editing Assignment/input_File submissions_assignsubmission_fil_19d1d4' is clicked on

2022-01-14 22:05:21 - [TEST_STEP][PASSED] - click(findTestObject("Object Repository/Page_Editing Assignment/input_Enable_assignsubmission_onlinetext_wo_0d4c71")): Object: 'Object Repository/Page_Editing Assignment/input_Enable_assignsubmission_onlinetext_wo_0d4c71' is clicked on

2022-01-14 22:05:21 - [MESSAGE][PASSED] - Object: 'Object Repository/Page_Editing Assignment/input_Enable_assignsubmission_onlinetext_wo_0d4c71' is clicked on

2022-01-14 22:05:21 - [TEST_STEP][PASSED] - setText(findTestObject("Object Repository/Page_Editing Assignment/input_Word limit_assignsubmission_onlinetex_3b42b9"), "150"): Text '150' is set on object 'Object Repository/Page_Editing Assignment/input_Word limit_assignsubmission_onlinetex_3b42b9'

2022-01-14 22:05:22 - [MESSAGE][PASSED] - Text '150' is set on object 'Object Repository/Page_Editing Assignment/input_Word limit_assignsubmission_onlinetex_3b42b9'

2022-01-14 22:05:22 - [TEST_STEP][PASSED] - click(findTestObject("Object Repository/Page_Editing Assignment/input_Upon activity completion_submitbutton")): Object: 'Object Repository/Page_Editing Assignment/input_Upon activity completion_submitbutton' is clicked on

2022-01-14 22:05:23 - [MESSAGE][PASSED] - Object: 'Object Repository/Page_Editing Assignment/input_Upon activity completion_submitbutton' is clicked on

2022-01-14 22:05:23 - [TEST_STEP][PASSED] - verifyElementText(findTestObject("Object Repository/Page_AI Assignment 2/h2_Assignment 2"), "Assignment 2"): Actual text and expected text of test object 'Object Repository/Page_AI Assignment 2/h2_Assignment 2' are matched.

2022-01-14 22:05:24 - [MESSAGE][PASSED] - Actual text and expected text of test object 'Object Repository/Page_AI Assignment 2/h2_Assignment 2' are matched.

2022-01-14 22:05:24 - [TEST_STEP][PASSED] - closeBrowser(): Browser is closed

2022-01-14 22:05:25 - [MESSAGE][PASSED] - Browser is closed]]></system-out>
         <system-err><![CDATA[]]></system-err>
      </testcase>
      <testcase name="Test Cases/30_Giáo viên tạo announcement thêm thiếu message" time="14.981" classname="Test Cases/30_Giáo viên tạo announcement thêm thiếu message" status="PASSED">
         <system-out><![CDATA[2022-01-14 22:05:25 - [TEST_CASE][PASSED] - Test Cases/30_Giáo viên tạo announcement thêm thiếu message: Test Cases/30_Giáo viên tạo announcement thêm thiếu message

2022-01-14 22:05:25 - [TEST_STEP][PASSED] - openBrowser(""): Browser is opened with url: ''

2022-01-14 22:05:25 - [MESSAGE][INFO] - Starting 'Chrome' driver

2022-01-14 22:05:25 - [MESSAGE][INFO] - Action delay is set to 0 milliseconds

2022-01-14 22:05:26 - [MESSAGE][PASSED] - Browser is opened with url: ''

2022-01-14 22:05:26 - [TEST_STEP][PASSED] - navigateToUrl("http://localhost/"): Navigate to 'http://localhost/' successfully

2022-01-14 22:05:26 - [MESSAGE][PASSED] - Navigate to 'http://localhost/' successfully

2022-01-14 22:05:26 - [TEST_STEP][PASSED] - click(findTestObject("Object Repository/Page_HCMUS/a_Nhp mn tr tu nhn to")): Object: 'Object Repository/Page_HCMUS/a_Nhp mn tr tu nhn to' is clicked on

2022-01-14 22:05:27 - [MESSAGE][PASSED] - Object: 'Object Repository/Page_HCMUS/a_Nhp mn tr tu nhn to' is clicked on

2022-01-14 22:05:27 - [TEST_STEP][PASSED] - setText(findTestObject("Object Repository/Page_HCMUS Log in to the site/input_Username_username"), "teacher1"): Text 'teacher1' is set on object 'Object Repository/Page_HCMUS Log in to the site/input_Username_username'

2022-01-14 22:05:28 - [MESSAGE][PASSED] - Text 'teacher1' is set on object 'Object Repository/Page_HCMUS Log in to the site/input_Username_username'

2022-01-14 22:05:28 - [TEST_STEP][PASSED] - setEncryptedText(findTestObject("Object Repository/Page_HCMUS Log in to the site/input_Password_password"), "iKb8CrY6A/iqm08K47hQLA=="): Text ****** has been set on object 'Object Repository/Page_HCMUS Log in to the site/input_Password_password'

2022-01-14 22:05:28 - [MESSAGE][PASSED] - Text ****** has been set on object 'Object Repository/Page_HCMUS Log in to the site/input_Password_password'

2022-01-14 22:05:28 - [TEST_STEP][PASSED] - click(findTestObject("Object Repository/Page_HCMUS Log in to the site/button_Log in")): Object: 'Object Repository/Page_HCMUS Log in to the site/button_Log in' is clicked on

2022-01-14 22:05:29 - [MESSAGE][PASSED] - Object: 'Object Repository/Page_HCMUS Log in to the site/button_Log in' is clicked on

2022-01-14 22:05:29 - [TEST_STEP][PASSED] - click(findTestObject("Object Repository/Page_Course Nhp mn tr tu nhn to/span_Announcements Forum")): Object: 'Object Repository/Page_Course Nhp mn tr tu nhn to/span_Announcements Forum' is clicked on

2022-01-14 22:05:31 - [MESSAGE][PASSED] - Object: 'Object Repository/Page_Course Nhp mn tr tu nhn to/span_Announcements Forum' is clicked on

2022-01-14 22:05:31 - [TEST_STEP][PASSED] - click(findTestObject("Object Repository/Page_Announcements/a_Add a new topic")): Object: 'Object Repository/Page_Announcements/a_Add a new topic' is clicked on

2022-01-14 22:05:37 - [MESSAGE][INFO] - Unable to find the element located by 'By.xpath: //a[@id='yui_3_17_2_1_1641968238123_489']'. Please recheck the objects properties to make sure the desired element is located. 

2022-01-14 22:05:37 - [MESSAGE][WARNING] - [SELF-HEALING] Failed to find element with id 'Object Repository/Page_Announcements/a_Add a new topic'. Try using Self-healing.

2022-01-14 22:05:37 - [MESSAGE][WARNING] - [SELF-HEALING] The current locator of test object 'Object Repository/Page_Announcements/a_Add a new topic' was broken. Propose an alternative one: '//a[contains(text(),'Add a new topic')]'.

2022-01-14 22:05:37 - [MESSAGE][PASSED] - Object: 'Object Repository/Page_Announcements/a_Add a new topic' is clicked on

2022-01-14 22:05:37 - [TEST_STEP][PASSED] - setText(findTestObject("Object Repository/Page_Announcements/input_Subject_subject"), "Thong bao 1"): Text 'Thong bao 1' is set on object 'Object Repository/Page_Announcements/input_Subject_subject'

2022-01-14 22:05:38 - [MESSAGE][PASSED] - Text 'Thong bao 1' is set on object 'Object Repository/Page_Announcements/input_Subject_subject'

2022-01-14 22:05:38 - [TEST_STEP][PASSED] - click(findTestObject("Object Repository/Page_Announcements/input_Message_submitbutton")): Object: 'Object Repository/Page_Announcements/input_Message_submitbutton' is clicked on

2022-01-14 22:05:38 - [MESSAGE][PASSED] - Object: 'Object Repository/Page_Announcements/input_Message_submitbutton' is clicked on

2022-01-14 22:05:38 - [TEST_STEP][PASSED] - verifyElementText(findTestObject("Object Repository/Page_Announcements/div_- Required"), "- Required"): Actual text and expected text of test object 'Object Repository/Page_Announcements/div_- Required' are matched.

2022-01-14 22:05:39 - [MESSAGE][PASSED] - Actual text and expected text of test object 'Object Repository/Page_Announcements/div_- Required' are matched.

2022-01-14 22:05:39 - [TEST_STEP][PASSED] - closeBrowser(): Browser is closed

2022-01-14 22:05:40 - [MESSAGE][PASSED] - Browser is closed]]></system-out>
         <system-err><![CDATA[]]></system-err>
      </testcase>
      <testcase name="Test Cases/31_Giáo viên tạo annoucement với thông tin đầy đủ" time="24.278" classname="Test Cases/31_Giáo viên tạo annoucement với thông tin đầy đủ" status="PASSED">
         <system-out><![CDATA[2022-01-14 22:05:40 - [TEST_CASE][PASSED] - Test Cases/31_Giáo viên tạo annoucement với thông tin đầy đủ: Test Cases/31_Giáo viên tạo annoucement với thông tin đầy đủ

2022-01-14 22:05:40 - [TEST_STEP][PASSED] - openBrowser(""): Browser is opened with url: ''

2022-01-14 22:05:40 - [MESSAGE][INFO] - Starting 'Chrome' driver

2022-01-14 22:05:40 - [MESSAGE][INFO] - Action delay is set to 0 milliseconds

2022-01-14 22:05:41 - [MESSAGE][PASSED] - Browser is opened with url: ''

2022-01-14 22:05:41 - [TEST_STEP][PASSED] - navigateToUrl("http://localhost/"): Navigate to 'http://localhost/' successfully

2022-01-14 22:05:41 - [MESSAGE][PASSED] - Navigate to 'http://localhost/' successfully

2022-01-14 22:05:41 - [TEST_STEP][PASSED] - click(findTestObject("Object Repository/Page_HCMUS/a_Nhp mn tr tu nhn to")): Object: 'Object Repository/Page_HCMUS/a_Nhp mn tr tu nhn to' is clicked on

2022-01-14 22:05:42 - [MESSAGE][PASSED] - Object: 'Object Repository/Page_HCMUS/a_Nhp mn tr tu nhn to' is clicked on

2022-01-14 22:05:42 - [TEST_STEP][PASSED] - setText(findTestObject("Object Repository/Page_HCMUS Log in to the site/input_Username_username"), "teacher1"): Text 'teacher1' is set on object 'Object Repository/Page_HCMUS Log in to the site/input_Username_username'

2022-01-14 22:05:43 - [MESSAGE][PASSED] - Text 'teacher1' is set on object 'Object Repository/Page_HCMUS Log in to the site/input_Username_username'

2022-01-14 22:05:43 - [TEST_STEP][PASSED] - setEncryptedText(findTestObject("Object Repository/Page_HCMUS Log in to the site/input_Password_password"), "iKb8CrY6A/iqm08K47hQLA=="): Text ****** has been set on object 'Object Repository/Page_HCMUS Log in to the site/input_Password_password'

2022-01-14 22:05:43 - [MESSAGE][PASSED] - Text ****** has been set on object 'Object Repository/Page_HCMUS Log in to the site/input_Password_password'

2022-01-14 22:05:43 - [TEST_STEP][PASSED] - click(findTestObject("Object Repository/Page_HCMUS Log in to the site/button_Log in")): Object: 'Object Repository/Page_HCMUS Log in to the site/button_Log in' is clicked on

2022-01-14 22:05:44 - [MESSAGE][PASSED] - Object: 'Object Repository/Page_HCMUS Log in to the site/button_Log in' is clicked on

2022-01-14 22:05:44 - [TEST_STEP][PASSED] - click(findTestObject("Object Repository/Page_Course Nhp mn tr tu nhn to/span_Announcements Forum")): Object: 'Object Repository/Page_Course Nhp mn tr tu nhn to/span_Announcements Forum' is clicked on

2022-01-14 22:05:46 - [MESSAGE][PASSED] - Object: 'Object Repository/Page_Course Nhp mn tr tu nhn to/span_Announcements Forum' is clicked on

2022-01-14 22:05:46 - [TEST_STEP][PASSED] - click(findTestObject("Object Repository/Page_Announcements/a_Add a new topic")): Object: 'Object Repository/Page_Announcements/a_Add a new topic' is clicked on

2022-01-14 22:05:52 - [MESSAGE][INFO] - Unable to find the element located by 'By.xpath: //a[@id='yui_3_17_2_1_1641968238123_489']'. Please recheck the objects properties to make sure the desired element is located. 

2022-01-14 22:05:52 - [MESSAGE][WARNING] - [SELF-HEALING] Failed to find element with id 'Object Repository/Page_Announcements/a_Add a new topic'. Try using Self-healing.

2022-01-14 22:05:52 - [MESSAGE][WARNING] - [SELF-HEALING] The current locator of test object 'Object Repository/Page_Announcements/a_Add a new topic' was broken. Propose an alternative one: '//a[contains(text(),'Add a new topic')]'.

2022-01-14 22:05:52 - [MESSAGE][PASSED] - Object: 'Object Repository/Page_Announcements/a_Add a new topic' is clicked on

2022-01-14 22:05:52 - [TEST_STEP][PASSED] - setText(findTestObject("Object Repository/Page_Announcements/input_Subject_subject"), "Thong bao 1"): Text 'Thong bao 1' is set on object 'Object Repository/Page_Announcements/input_Subject_subject'

2022-01-14 22:05:53 - [MESSAGE][PASSED] - Text 'Thong bao 1' is set on object 'Object Repository/Page_Announcements/input_Subject_subject'

2022-01-14 22:05:53 - [TEST_STEP][PASSED] - setText(findTestObject("Object Repository/Page_Announcements/div_Noi dung thong bao"), "Noi dung thong bao"): Text 'Noi dung thong bao' is set on object 'Object Repository/Page_Announcements/div_Noi dung thong bao'

2022-01-14 22:05:54 - [MESSAGE][PASSED] - Text 'Noi dung thong bao' is set on object 'Object Repository/Page_Announcements/div_Noi dung thong bao'

2022-01-14 22:05:54 - [TEST_STEP][PASSED] - click(findTestObject("Object Repository/Page_Announcements/input_Message_submitbutton")): Object: 'Object Repository/Page_Announcements/input_Message_submitbutton' is clicked on

2022-01-14 22:05:55 - [MESSAGE][PASSED] - Object: 'Object Repository/Page_Announcements/input_Message_submitbutton' is clicked on

2022-01-14 22:05:55 - [TEST_STEP][PASSED] - verifyElementText(findTestObject("Object Repository/Page_Announcements/p_Your post was successfully added"), "Your post was successfully added."): Actual text and expected text of test object 'Object Repository/Page_Announcements/p_Your post was successfully added' are matched.

2022-01-14 22:05:56 - [MESSAGE][PASSED] - Actual text and expected text of test object 'Object Repository/Page_Announcements/p_Your post was successfully added' are matched.

2022-01-14 22:05:56 - [TEST_STEP][PASSED] - verifyElementText(findTestObject("Object Repository/Page_Announcements/a_Thong bao 1"), "Thong bao 1"): Actual text and expected text of test object 'Object Repository/Page_Announcements/a_Thong bao 1' are matched.

2022-01-14 22:06:02 - [MESSAGE][INFO] - Unable to find the element located by 'By.xpath: //a[@id='yui_3_17_2_1_1641968254656_494']'. Please recheck the objects properties to make sure the desired element is located. 

2022-01-14 22:06:02 - [MESSAGE][WARNING] - [SELF-HEALING] Failed to find element with id 'Object Repository/Page_Announcements/a_Thong bao 1'. Try using Self-healing.

2022-01-14 22:06:02 - [MESSAGE][INFO] - [SELF-HEALING] Failed Locator: '//a[@id='yui_3_17_2_1_1641968254656_494']'.

2022-01-14 22:06:03 - [MESSAGE][INFO] - [SELF-HEALING] Failed Locator: '//div[@id='yui_3_17_2_1_1641968254656_495']/a'.

2022-01-14 22:06:03 - [MESSAGE][INFO] - [SELF-HEALING] Working Locator: '//a[contains(text(),'Thong bao 1')]'.

2022-01-14 22:06:03 - [MESSAGE][INFO] - [SELF-HEALING] Screenshot: D:/nam 3/nhap mon CNPM/bonus project/Test-Automation-SE-Bonus/Reports/Self-healing/Object Repository/Page_Announcements/a_Thong bao 1_link.png

2022-01-14 22:06:03 - [MESSAGE][WARNING] - [SELF-HEALING] The current locator of test object 'Object Repository/Page_Announcements/a_Thong bao 1' was broken. Propose an alternative one: '//a[contains(text(),'Thong bao 1')]'.

2022-01-14 22:06:03 - [MESSAGE][PASSED] - Actual text and expected text of test object 'Object Repository/Page_Announcements/a_Thong bao 1' are matched.

2022-01-14 22:06:03 - [TEST_STEP][PASSED] - closeBrowser(): Browser is closed

2022-01-14 22:06:04 - [MESSAGE][PASSED] - Browser is closed]]></system-out>
         <system-err><![CDATA[]]></system-err>
      </testcase>
      <testcase name="Test Cases/32_Sinh viên nộp bài rỗng" time="22.628" classname="Test Cases/32_Sinh viên nộp bài rỗng" status="PASSED">
         <system-out><![CDATA[2022-01-14 22:06:04 - [TEST_CASE][PASSED] - Test Cases/32_Sinh viên nộp bài rỗng: Test Cases/32_Sinh viên nộp bài rỗng

2022-01-14 22:06:04 - [TEST_STEP][PASSED] - openBrowser(""): Browser is opened with url: ''

2022-01-14 22:06:04 - [MESSAGE][INFO] - Starting 'Chrome' driver

2022-01-14 22:06:04 - [MESSAGE][INFO] - Action delay is set to 0 milliseconds

2022-01-14 22:06:05 - [MESSAGE][PASSED] - Browser is opened with url: ''

2022-01-14 22:06:05 - [TEST_STEP][PASSED] - navigateToUrl("http://localhost/"): Navigate to 'http://localhost/' successfully

2022-01-14 22:06:06 - [MESSAGE][PASSED] - Navigate to 'http://localhost/' successfully

2022-01-14 22:06:06 - [TEST_STEP][PASSED] - click(findTestObject("Object Repository/Page_HCMUS/a_Nhp mn tr tu nhn to")): Object: 'Object Repository/Page_HCMUS/a_Nhp mn tr tu nhn to' is clicked on

2022-01-14 22:06:06 - [MESSAGE][PASSED] - Object: 'Object Repository/Page_HCMUS/a_Nhp mn tr tu nhn to' is clicked on

2022-01-14 22:06:06 - [TEST_STEP][PASSED] - setText(findTestObject("Object Repository/Page_HCMUS Log in to the site/input_Username_username"), "student3"): Text 'student3' is set on object 'Object Repository/Page_HCMUS Log in to the site/input_Username_username'

2022-01-14 22:06:07 - [MESSAGE][PASSED] - Text 'student3' is set on object 'Object Repository/Page_HCMUS Log in to the site/input_Username_username'

2022-01-14 22:06:07 - [TEST_STEP][PASSED] - setEncryptedText(findTestObject("Object Repository/Page_HCMUS Log in to the site/input_Password_password"), "xsue+lrReh7u7aVNaHEoWw=="): Text ****** has been set on object 'Object Repository/Page_HCMUS Log in to the site/input_Password_password'

2022-01-14 22:06:08 - [MESSAGE][PASSED] - Text ****** has been set on object 'Object Repository/Page_HCMUS Log in to the site/input_Password_password'

2022-01-14 22:06:08 - [TEST_STEP][PASSED] - click(findTestObject("Object Repository/Page_HCMUS Log in to the site/button_Log in")): Object: 'Object Repository/Page_HCMUS Log in to the site/button_Log in' is clicked on

2022-01-14 22:06:09 - [MESSAGE][PASSED] - Object: 'Object Repository/Page_HCMUS Log in to the site/button_Log in' is clicked on

2022-01-14 22:06:09 - [TEST_STEP][PASSED] - click(findTestObject("Object Repository/Page_Course Nhp mn tr tu nhn to/span_Assignment 2")): Object: 'Object Repository/Page_Course Nhp mn tr tu nhn to/span_Assignment 2' is clicked on

2022-01-14 22:06:15 - [MESSAGE][INFO] - Unable to find the element located by 'By.xpath: //li[@id='module-11']/div/div/div[2]/div/a/span'. Please recheck the objects properties to make sure the desired element is located. 

2022-01-14 22:06:15 - [MESSAGE][WARNING] - [SELF-HEALING] Failed to find element with id 'Object Repository/Page_Course Nhp mn tr tu nhn to/span_Assignment 2'. Try using Self-healing.

2022-01-14 22:06:15 - [MESSAGE][INFO] - [SELF-HEALING] Failed Locator: '//li[@id='module-11']/div/div/div[2]/div/a/span'.

2022-01-14 22:06:15 - [MESSAGE][INFO] - [SELF-HEALING] Working Locator: '(.//*[normalize-space(text()) and normalize-space(.)='Mark as done'])[5]/following::span[1]'.

2022-01-14 22:06:15 - [MESSAGE][INFO] - [SELF-HEALING] Screenshot: D:/nam 3/nhap mon CNPM/bonus project/Test-Automation-SE-Bonus/Reports/Self-healing/Object Repository/Page_Course Nhp mn tr tu nhn to/span_Assignment 2_neighbor.png

2022-01-14 22:06:15 - [MESSAGE][WARNING] - [SELF-HEALING] The current locator of test object 'Object Repository/Page_Course Nhp mn tr tu nhn to/span_Assignment 2' was broken. Propose an alternative one: '(.//*[normalize-space(text()) and normalize-space(.)='Mark as done'])[5]/following::span[1]'.

2022-01-14 22:06:16 - [MESSAGE][PASSED] - Object: 'Object Repository/Page_Course Nhp mn tr tu nhn to/span_Assignment 2' is clicked on

2022-01-14 22:06:16 - [TEST_STEP][PASSED] - click(findTestObject("Object Repository/Page_AI Assignment 2/button_Add submission")): Object: 'Object Repository/Page_AI Assignment 2/button_Add submission' is clicked on

2022-01-14 22:06:22 - [MESSAGE][INFO] - Unable to find the element located by 'By.xpath: //button[@id='single_button61deb702b8d2215']'. Please recheck the objects properties to make sure the desired element is located. 

2022-01-14 22:06:22 - [MESSAGE][WARNING] - [SELF-HEALING] Failed to find element with id 'Object Repository/Page_AI Assignment 2/button_Add submission'. Try using Self-healing.

2022-01-14 22:06:22 - [MESSAGE][INFO] - [SELF-HEALING] Failed Locator: '//button[@id='single_button61deb702b8d2215']'.

2022-01-14 22:06:22 - [MESSAGE][INFO] - [SELF-HEALING] Working Locator: '//section[@id='region-main']/div/div[3]/div[2]/div/form/button'.

2022-01-14 22:06:23 - [MESSAGE][INFO] - [SELF-HEALING] Screenshot: D:/nam 3/nhap mon CNPM/bonus project/Test-Automation-SE-Bonus/Reports/Self-healing/Object Repository/Page_AI Assignment 2/button_Add submission_idRelative.png

2022-01-14 22:06:23 - [MESSAGE][WARNING] - [SELF-HEALING] The current locator of test object 'Object Repository/Page_AI Assignment 2/button_Add submission' was broken. Propose an alternative one: '//section[@id='region-main']/div/div[3]/div[2]/div/form/button'.

2022-01-14 22:06:23 - [MESSAGE][PASSED] - Object: 'Object Repository/Page_AI Assignment 2/button_Add submission' is clicked on

2022-01-14 22:06:23 - [TEST_STEP][PASSED] - click(findTestObject("Object Repository/Page_AI Assignment 2 - Edit submission/input_Online text_submitbutton")): Object: 'Object Repository/Page_AI Assignment 2 - Edit submission/input_Online text_submitbutton' is clicked on

2022-01-14 22:06:25 - [MESSAGE][PASSED] - Object: 'Object Repository/Page_AI Assignment 2 - Edit submission/input_Online text_submitbutton' is clicked on

2022-01-14 22:06:25 - [TEST_STEP][PASSED] - verifyElementVisible(findTestObject("Object Repository/Page_AI Assignment 2 - Edit submission/div_Nothing was submitted")): Object 'Object Repository/Page_AI Assignment 2 - Edit submission/div_Nothing was submitted' is visible

2022-01-14 22:06:26 - [MESSAGE][PASSED] - Object 'Object Repository/Page_AI Assignment 2 - Edit submission/div_Nothing was submitted' is visible

2022-01-14 22:06:26 - [TEST_STEP][PASSED] - closeBrowser(): Browser is closed

2022-01-14 22:06:26 - [MESSAGE][PASSED] - Browser is closed]]></system-out>
         <system-err><![CDATA[]]></system-err>
      </testcase>
      <testcase name="Test Cases/33_Sinh viên nộp bài đúng hạn" time="31.707" classname="Test Cases/33_Sinh viên nộp bài đúng hạn" status="FAILED">
         <failure type="FAILED" message="Test Cases/33_Sinh viên nộp bài đúng hạn FAILED.
Reason:
com.kms.katalon.core.exception.StepFailedException: Verify element text of test object 'Object Repository/Page_AI Assignment 2/td_Submitted for grading' FAILED.
	at com.kms.katalon.core.webui.keyword.internal.WebUIKeywordMain.stepFailed(WebUIKeywordMain.groovy:64)
	at com.kms.katalon.core.webui.keyword.internal.WebUIKeywordMain.runKeyword(WebUIKeywordMain.groovy:26)
	at com.kms.katalon.core.webui.keyword.builtin.VerifyElementTextKeyword.verifyElementText(VerifyElementTextKeyword.groovy:72)
	at com.kms.katalon.core.webui.keyword.builtin.VerifyElementTextKeyword.execute(VerifyElementTextKeyword.groovy:40)
	at com.kms.katalon.core.keyword.internal.KeywordExecutor.executeKeywordForPlatform(KeywordExecutor.groovy:74)
	at com.kms.katalon.core.webui.keyword.WebUiBuiltInKeywords.verifyElementText(WebUiBuiltInKeywords.groovy:4749)
	at com.kms.katalon.core.webui.keyword.WebUiBuiltInKeywords$verifyElementText$7.call(Unknown Source)
	at 33_Sinh viên nộp bài đúng hạn.run(33_Sinh viên nộp bài đúng hạn:40)
	at com.kms.katalon.core.main.ScriptEngine.run(ScriptEngine.java:194)
	at com.kms.katalon.core.main.ScriptEngine.runScriptAsRawText(ScriptEngine.java:119)
	at com.kms.katalon.core.main.TestCaseExecutor.runScript(TestCaseExecutor.java:442)
	at com.kms.katalon.core.main.TestCaseExecutor.doExecute(TestCaseExecutor.java:433)
	at com.kms.katalon.core.main.TestCaseExecutor.processExecutionPhase(TestCaseExecutor.java:412)
	at com.kms.katalon.core.main.TestCaseExecutor.accessMainPhase(TestCaseExecutor.java:404)
	at com.kms.katalon.core.main.TestCaseExecutor.execute(TestCaseExecutor.java:281)
	at com.kms.katalon.core.main.TestCaseExecutor.execute(TestCaseExecutor.java:363)
	at com.kms.katalon.core.main.TestCaseExecutor.execute(TestCaseExecutor.java:363)
	at com.kms.katalon.core.main.TestCaseExecutor.execute(TestCaseExecutor.java:363)
	at com.kms.katalon.core.main.TestSuiteExecutor.accessTestCaseMainPhase(TestSuiteExecutor.java:202)
	at com.kms.katalon.core.main.TestSuiteExecutor.accessTestSuiteMainPhase(TestSuiteExecutor.java:164)
	at com.kms.katalon.core.main.TestSuiteExecutor.execute(TestSuiteExecutor.java:105)
	at com.kms.katalon.core.main.TestCaseMain.startTestSuite(TestCaseMain.java:181)
	at com.kms.katalon.core.main.TestCaseMain$startTestSuite$0.call(Unknown Source)
	at TempTestSuite1642171212458.run(TempTestSuite1642171212458.groovy:36)
Caused by: com.kms.katalon.core.exception.StepFailedException: com.kms.katalon.core.webui.exception.WebElementNotFoundException: Web element with id: 'Object Repository/Page_AI Assignment 2/td_Submitted for grading' located by '//section[@id='region-main']/div/div[3]/div/table/tbody/tr/td' not found
	at com.kms.katalon.core.webui.keyword.internal.WebUIKeywordMain.stepFailed(WebUIKeywordMain.groovy:64)
	at com.kms.katalon.core.webui.keyword.builtin.VerifyElementTextKeyword$_verifyElementText_closure1.doCall(VerifyElementTextKeyword.groovy:64)
	at com.kms.katalon.core.webui.keyword.builtin.VerifyElementTextKeyword$_verifyElementText_closure1.call(VerifyElementTextKeyword.groovy)
	at com.kms.katalon.core.webui.keyword.internal.WebUIKeywordMain.runKeyword(WebUIKeywordMain.groovy:20)
	... 22 more
"/>
         <system-out><![CDATA[2022-01-14 22:08:01 - [TEST_CASE][FAILED] - Test Cases/33_Sinh viên nộp bài đúng hạn: Test Cases/33_Sinh viên nộp bài đúng hạn FAILED.
Reason:
com.kms.katalon.core.exception.StepFailedException: Verify element text of test object 'Object Repository/Page_AI Assignment 2/td_Submitted for grading' FAILED.
	at com.kms.katalon.core.webui.keyword.internal.WebUIKeywordMain.stepFailed(WebUIKeywordMain.groovy:64)
	at com.kms.katalon.core.webui.keyword.internal.WebUIKeywordMain.runKeyword(WebUIKeywordMain.groovy:26)
	at com.kms.katalon.core.webui.keyword.builtin.VerifyElementTextKeyword.verifyElementText(VerifyElementTextKeyword.groovy:72)
	at com.kms.katalon.core.webui.keyword.builtin.VerifyElementTextKeyword.execute(VerifyElementTextKeyword.groovy:40)
	at com.kms.katalon.core.keyword.internal.KeywordExecutor.executeKeywordForPlatform(KeywordExecutor.groovy:74)
	at com.kms.katalon.core.webui.keyword.WebUiBuiltInKeywords.verifyElementText(WebUiBuiltInKeywords.groovy:4749)
	at com.kms.katalon.core.webui.keyword.WebUiBuiltInKeywords$verifyElementText$7.call(Unknown Source)
	at 33_Sinh viên nộp bài đúng hạn.run(33_Sinh viên nộp bài đúng hạn:40)
	at com.kms.katalon.core.main.ScriptEngine.run(ScriptEngine.java:194)
	at com.kms.katalon.core.main.ScriptEngine.runScriptAsRawText(ScriptEngine.java:119)
	at com.kms.katalon.core.main.TestCaseExecutor.runScript(TestCaseExecutor.java:442)
	at com.kms.katalon.core.main.TestCaseExecutor.doExecute(TestCaseExecutor.java:433)
	at com.kms.katalon.core.main.TestCaseExecutor.processExecutionPhase(TestCaseExecutor.java:412)
	at com.kms.katalon.core.main.TestCaseExecutor.accessMainPhase(TestCaseExecutor.java:404)
	at com.kms.katalon.core.main.TestCaseExecutor.execute(TestCaseExecutor.java:281)
	at com.kms.katalon.core.main.TestCaseExecutor.execute(TestCaseExecutor.java:363)
	at com.kms.katalon.core.main.TestCaseExecutor.execute(TestCaseExecutor.java:363)
	at com.kms.katalon.core.main.TestCaseExecutor.execute(TestCaseExecutor.java:363)
	at com.kms.katalon.core.main.TestSuiteExecutor.accessTestCaseMainPhase(TestSuiteExecutor.java:202)
	at com.kms.katalon.core.main.TestSuiteExecutor.accessTestSuiteMainPhase(TestSuiteExecutor.java:164)
	at com.kms.katalon.core.main.TestSuiteExecutor.execute(TestSuiteExecutor.java:105)
	at com.kms.katalon.core.main.TestCaseMain.startTestSuite(TestCaseMain.java:181)
	at com.kms.katalon.core.main.TestCaseMain$startTestSuite$0.call(Unknown Source)
	at TempTestSuite1642171212458.run(TempTestSuite1642171212458.groovy:36)
Caused by: com.kms.katalon.core.exception.StepFailedException: com.kms.katalon.core.webui.exception.WebElementNotFoundException: Web element with id: 'Object Repository/Page_AI Assignment 2/td_Submitted for grading' located by '//section[@id='region-main']/div/div[3]/div/table/tbody/tr/td' not found
	at com.kms.katalon.core.webui.keyword.internal.WebUIKeywordMain.stepFailed(WebUIKeywordMain.groovy:64)
	at com.kms.katalon.core.webui.keyword.builtin.VerifyElementTextKeyword$_verifyElementText_closure1.doCall(VerifyElementTextKeyword.groovy:64)
	at com.kms.katalon.core.webui.keyword.builtin.VerifyElementTextKeyword$_verifyElementText_closure1.call(VerifyElementTextKeyword.groovy)
	at com.kms.katalon.core.webui.keyword.internal.WebUIKeywordMain.runKeyword(WebUIKeywordMain.groovy:20)
	... 22 more


2022-01-14 22:08:01 - [TEST_STEP][PASSED] - openBrowser(""): Browser is opened with url: ''

2022-01-14 22:08:01 - [MESSAGE][WARNING] - A browser is already opened. Closing browser and opening a new one

2022-01-14 22:08:02 - [MESSAGE][INFO] - Starting 'Chrome' driver

2022-01-14 22:08:02 - [MESSAGE][INFO] - Action delay is set to 0 milliseconds

2022-01-14 22:08:03 - [MESSAGE][PASSED] - Browser is opened with url: ''

2022-01-14 22:08:03 - [TEST_STEP][PASSED] - navigateToUrl("http://localhost/"): Navigate to 'http://localhost/' successfully

2022-01-14 22:08:04 - [MESSAGE][PASSED] - Navigate to 'http://localhost/' successfully

2022-01-14 22:08:04 - [TEST_STEP][PASSED] - click(findTestObject("Object Repository/Page_HCMUS/a_Nhp mn tr tu nhn to")): Object: 'Object Repository/Page_HCMUS/a_Nhp mn tr tu nhn to' is clicked on

2022-01-14 22:08:04 - [MESSAGE][PASSED] - Object: 'Object Repository/Page_HCMUS/a_Nhp mn tr tu nhn to' is clicked on

2022-01-14 22:08:04 - [TEST_STEP][PASSED] - setText(findTestObject("Object Repository/Page_HCMUS Log in to the site/input_Username_username"), "student3"): Text 'student3' is set on object 'Object Repository/Page_HCMUS Log in to the site/input_Username_username'

2022-01-14 22:08:05 - [MESSAGE][PASSED] - Text 'student3' is set on object 'Object Repository/Page_HCMUS Log in to the site/input_Username_username'

2022-01-14 22:08:05 - [TEST_STEP][PASSED] - setEncryptedText(findTestObject("Object Repository/Page_HCMUS Log in to the site/input_Password_password"), "xsue+lrReh7u7aVNaHEoWw=="): Text ****** has been set on object 'Object Repository/Page_HCMUS Log in to the site/input_Password_password'

2022-01-14 22:08:05 - [MESSAGE][PASSED] - Text ****** has been set on object 'Object Repository/Page_HCMUS Log in to the site/input_Password_password'

2022-01-14 22:08:05 - [TEST_STEP][PASSED] - click(findTestObject("Object Repository/Page_HCMUS Log in to the site/button_Log in")): Object: 'Object Repository/Page_HCMUS Log in to the site/button_Log in' is clicked on

2022-01-14 22:08:06 - [MESSAGE][PASSED] - Object: 'Object Repository/Page_HCMUS Log in to the site/button_Log in' is clicked on

2022-01-14 22:08:06 - [TEST_STEP][PASSED] - click(findTestObject("Object Repository/Page_Course Nhp mn tr tu nhn to/span_Assignment 2")): Object: 'Object Repository/Page_Course Nhp mn tr tu nhn to/span_Assignment 2' is clicked on

2022-01-14 22:08:13 - [MESSAGE][INFO] - Unable to find the element located by 'By.xpath: //li[@id='module-11']/div/div/div[2]/div/a/span'. Please recheck the objects properties to make sure the desired element is located. 

2022-01-14 22:08:13 - [MESSAGE][WARNING] - [SELF-HEALING] Failed to find element with id 'Object Repository/Page_Course Nhp mn tr tu nhn to/span_Assignment 2'. Try using Self-healing.

2022-01-14 22:08:13 - [MESSAGE][WARNING] - [SELF-HEALING] The current locator of test object 'Object Repository/Page_Course Nhp mn tr tu nhn to/span_Assignment 2' was broken. Propose an alternative one: '(.//*[normalize-space(text()) and normalize-space(.)='Mark as done'])[5]/following::span[1]'.

2022-01-14 22:08:13 - [MESSAGE][PASSED] - Object: 'Object Repository/Page_Course Nhp mn tr tu nhn to/span_Assignment 2' is clicked on

2022-01-14 22:08:13 - [TEST_STEP][PASSED] - click(findTestObject("Object Repository/Page_AI Assignment 2/button_Add submission")): Object: 'Object Repository/Page_AI Assignment 2/button_Add submission' is clicked on

2022-01-14 22:08:19 - [MESSAGE][INFO] - Unable to find the element located by 'By.xpath: //button[@id='single_button61deb702b8d2215']'. Please recheck the objects properties to make sure the desired element is located. 

2022-01-14 22:08:19 - [MESSAGE][WARNING] - [SELF-HEALING] Failed to find element with id 'Object Repository/Page_AI Assignment 2/button_Add submission'. Try using Self-healing.

2022-01-14 22:08:20 - [MESSAGE][WARNING] - [SELF-HEALING] The current locator of test object 'Object Repository/Page_AI Assignment 2/button_Add submission' was broken. Propose an alternative one: '//section[@id='region-main']/div/div[3]/div[2]/div/form/button'.

2022-01-14 22:08:20 - [MESSAGE][PASSED] - Object: 'Object Repository/Page_AI Assignment 2/button_Add submission' is clicked on

2022-01-14 22:08:20 - [TEST_STEP][PASSED] - setText(findTestObject("Object Repository/Page_AI Assignment 2 - Edit submission/div_Noi dung bai nop"), "Noi dung bai nop"): Text 'Noi dung bai nop' is set on object 'Object Repository/Page_AI Assignment 2 - Edit submission/div_Noi dung bai nop'

2022-01-14 22:08:22 - [MESSAGE][PASSED] - Text 'Noi dung bai nop' is set on object 'Object Repository/Page_AI Assignment 2 - Edit submission/div_Noi dung bai nop'

2022-01-14 22:08:22 - [TEST_STEP][PASSED] - click(findTestObject("Object Repository/Page_AI Assignment 2 - Edit submission/input_Online text_submitbutton")): Object: 'Object Repository/Page_AI Assignment 2 - Edit submission/input_Online text_submitbutton' is clicked on

2022-01-14 22:08:23 - [MESSAGE][PASSED] - Object: 'Object Repository/Page_AI Assignment 2 - Edit submission/input_Online text_submitbutton' is clicked on

2022-01-14 22:08:23 - [TEST_STEP][FAILED] - verifyElementText(findTestObject("Object Repository/Page_AI Assignment 2/td_Submitted for grading"), "Submitted for grading"): Verify element text of test object 'Object Repository/Page_AI Assignment 2/td_Submitted for grading' FAILED. (Root cause: com.kms.katalon.core.exception.StepFailedException: Verify element text of test object 'Object Repository/Page_AI Assignment 2/td_Submitted for grading' FAILED.
	at com.kms.katalon.core.webui.keyword.internal.WebUIKeywordMain.stepFailed(WebUIKeywordMain.groovy:64)
	at com.kms.katalon.core.webui.keyword.internal.WebUIKeywordMain.runKeyword(WebUIKeywordMain.groovy:26)
	at com.kms.katalon.core.webui.keyword.builtin.VerifyElementTextKeyword.verifyElementText(VerifyElementTextKeyword.groovy:72)
	at com.kms.katalon.core.webui.keyword.builtin.VerifyElementTextKeyword.execute(VerifyElementTextKeyword.groovy:40)
	at com.kms.katalon.core.keyword.internal.KeywordExecutor.executeKeywordForPlatform(KeywordExecutor.groovy:74)
	at com.kms.katalon.core.webui.keyword.WebUiBuiltInKeywords.verifyElementText(WebUiBuiltInKeywords.groovy:4749)
	at com.kms.katalon.core.webui.keyword.WebUiBuiltInKeywords$verifyElementText$7.call(Unknown Source)
	at 33_Sinh viên nộp bài đúng hạn.run(33_Sinh viên nộp bài đúng hạn:40)
	at com.kms.katalon.core.main.ScriptEngine.run(ScriptEngine.java:194)
	at com.kms.katalon.core.main.ScriptEngine.runScriptAsRawText(ScriptEngine.java:119)
	at com.kms.katalon.core.main.TestCaseExecutor.runScript(TestCaseExecutor.java:442)
	at com.kms.katalon.core.main.TestCaseExecutor.doExecute(TestCaseExecutor.java:433)
	at com.kms.katalon.core.main.TestCaseExecutor.processExecutionPhase(TestCaseExecutor.java:412)
	at com.kms.katalon.core.main.TestCaseExecutor.accessMainPhase(TestCaseExecutor.java:404)
	at com.kms.katalon.core.main.TestCaseExecutor.execute(TestCaseExecutor.java:281)
	at com.kms.katalon.core.main.TestCaseExecutor.execute(TestCaseExecutor.java:363)
	at com.kms.katalon.core.main.TestCaseExecutor.execute(TestCaseExecutor.java:363)
	at com.kms.katalon.core.main.TestCaseExecutor.execute(TestCaseExecutor.java:363)
	at com.kms.katalon.core.main.TestSuiteExecutor.accessTestCaseMainPhase(TestSuiteExecutor.java:202)
	at com.kms.katalon.core.main.TestSuiteExecutor.accessTestSuiteMainPhase(TestSuiteExecutor.java:164)
	at com.kms.katalon.core.main.TestSuiteExecutor.execute(TestSuiteExecutor.java:105)
	at com.kms.katalon.core.main.TestCaseMain.startTestSuite(TestCaseMain.java:181)
	at com.kms.katalon.core.main.TestCaseMain$startTestSuite$0.call(Unknown Source)
	at TempTestSuite1642171212458.run(TempTestSuite1642171212458.groovy:36)
Caused by: com.kms.katalon.core.exception.StepFailedException: com.kms.katalon.core.webui.exception.WebElementNotFoundException: Web element with id: 'Object Repository/Page_AI Assignment 2/td_Submitted for grading' located by '//section[@id='region-main']/div/div[3]/div/table/tbody/tr/td' not found
	at com.kms.katalon.core.webui.keyword.internal.WebUIKeywordMain.stepFailed(WebUIKeywordMain.groovy:64)
	at com.kms.katalon.core.webui.keyword.builtin.VerifyElementTextKeyword$_verifyElementText_closure1.doCall(VerifyElementTextKeyword.groovy:64)
	at com.kms.katalon.core.webui.keyword.builtin.VerifyElementTextKeyword$_verifyElementText_closure1.call(VerifyElementTextKeyword.groovy)
	at com.kms.katalon.core.webui.keyword.internal.WebUIKeywordMain.runKeyword(WebUIKeywordMain.groovy:20)
	... 22 more
)

2022-01-14 22:08:29 - [MESSAGE][INFO] - Unable to find the element located by 'By.xpath: //section[@id='region-main']/div/div[3]/div/table/tbody/tr/td'. Please recheck the objects properties to make sure the desired element is located. 

2022-01-14 22:08:29 - [MESSAGE][WARNING] - [SELF-HEALING] Failed to find element with id 'Object Repository/Page_AI Assignment 2/td_Submitted for grading'. Try using Self-healing.

2022-01-14 22:08:29 - [MESSAGE][INFO] - [SELF-HEALING] Failed Locator: '//section[@id='region-main']/div/div[3]/div/table/tbody/tr/td'.

2022-01-14 22:08:29 - [MESSAGE][INFO] - [SELF-HEALING] Failed Locator: '(.//*[normalize-space(text()) and normalize-space(.)='Submission status'])[2]/following::td[1]'.

2022-01-14 22:08:30 - [MESSAGE][INFO] - [SELF-HEALING] Failed Locator: '(.//*[normalize-space(text()) and normalize-space(.)='Submission status'])[1]/following::td[1]'.

2022-01-14 22:08:30 - [MESSAGE][INFO] - [SELF-HEALING] Failed Locator: '(.//*[normalize-space(text()) and normalize-space(.)='Grading status'])[1]/preceding::td[1]'.

2022-01-14 22:08:30 - [MESSAGE][INFO] - [SELF-HEALING] Failed Locator: '(.//*[normalize-space(text()) and normalize-space(.)='Not graded'])[1]/preceding::td[1]'.

2022-01-14 22:08:30 - [MESSAGE][INFO] - [SELF-HEALING] Failed Locator: '//*/text()[normalize-space(.)='Submitted for grading']/parent::*'.

2022-01-14 22:08:31 - [MESSAGE][INFO] - [SELF-HEALING] Failed Locator: '//td'.

2022-01-14 22:08:32 - [MESSAGE][INFO] - Unable to find the element located by 'By.xpath: //*[(text() = 'Submitted for grading' or . = 'Submitted for grading')]'. Please recheck the objects properties to make sure the desired element is located. 

2022-01-14 22:08:33 - [MESSAGE][INFO] - Unable to find the element located by 'By.cssSelector: td.submissionstatussubmitted.cell.c1.lastcol'. Please recheck the objects properties to make sure the desired element is located. 

2022-01-14 22:08:33 - [MESSAGE][FAILED] - com.kms.katalon.core.webui.exception.WebElementNotFoundException: Web element with id: 'Object Repository/Page_AI Assignment 2/td_Submitted for grading' located by '//section[@id='region-main']/div/div[3]/div/table/tbody/tr/td' not found (Root cause: com.kms.katalon.core.exception.StepFailedException: com.kms.katalon.core.webui.exception.WebElementNotFoundException: Web element with id: 'Object Repository/Page_AI Assignment 2/td_Submitted for grading' located by '//section[@id='region-main']/div/div[3]/div/table/tbody/tr/td' not found
	at com.kms.katalon.core.webui.keyword.internal.WebUIKeywordMain.stepFailed(WebUIKeywordMain.groovy:64)
	at com.kms.katalon.core.webui.keyword.builtin.VerifyElementTextKeyword$_verifyElementText_closure1.doCall(VerifyElementTextKeyword.groovy:64)
	at com.kms.katalon.core.webui.keyword.builtin.VerifyElementTextKeyword$_verifyElementText_closure1.call(VerifyElementTextKeyword.groovy)
	at com.kms.katalon.core.webui.keyword.internal.WebUIKeywordMain.runKeyword(WebUIKeywordMain.groovy:20)
	at com.kms.katalon.core.webui.keyword.builtin.VerifyElementTextKeyword.verifyElementText(VerifyElementTextKeyword.groovy:72)
	at com.kms.katalon.core.webui.keyword.builtin.VerifyElementTextKeyword.execute(VerifyElementTextKeyword.groovy:40)
	at com.kms.katalon.core.keyword.internal.KeywordExecutor.executeKeywordForPlatform(KeywordExecutor.groovy:74)
	at com.kms.katalon.core.webui.keyword.WebUiBuiltInKeywords.verifyElementText(WebUiBuiltInKeywords.groovy:4749)
	at com.kms.katalon.core.webui.keyword.WebUiBuiltInKeywords$verifyElementText$7.call(Unknown Source)
	at 33_Sinh viên nộp bài đúng hạn.run(33_Sinh viên nộp bài đúng hạn:40)
	at com.kms.katalon.core.main.ScriptEngine.run(ScriptEngine.java:194)
	at com.kms.katalon.core.main.ScriptEngine.runScriptAsRawText(ScriptEngine.java:119)
	at com.kms.katalon.core.main.TestCaseExecutor.runScript(TestCaseExecutor.java:442)
	at com.kms.katalon.core.main.TestCaseExecutor.doExecute(TestCaseExecutor.java:433)
	at com.kms.katalon.core.main.TestCaseExecutor.processExecutionPhase(TestCaseExecutor.java:412)
	at com.kms.katalon.core.main.TestCaseExecutor.accessMainPhase(TestCaseExecutor.java:404)
	at com.kms.katalon.core.main.TestCaseExecutor.execute(TestCaseExecutor.java:281)
	at com.kms.katalon.core.main.TestCaseExecutor.execute(TestCaseExecutor.java:363)
	at com.kms.katalon.core.main.TestCaseExecutor.execute(TestCaseExecutor.java:363)
	at com.kms.katalon.core.main.TestCaseExecutor.execute(TestCaseExecutor.java:363)
	at com.kms.katalon.core.main.TestSuiteExecutor.accessTestCaseMainPhase(TestSuiteExecutor.java:202)
	at com.kms.katalon.core.main.TestSuiteExecutor.accessTestSuiteMainPhase(TestSuiteExecutor.java:164)
	at com.kms.katalon.core.main.TestSuiteExecutor.execute(TestSuiteExecutor.java:105)
	at com.kms.katalon.core.main.TestCaseMain.startTestSuite(TestCaseMain.java:181)
	at com.kms.katalon.core.main.TestCaseMain$startTestSuite$0.call(Unknown Source)
	at TempTestSuite1642171212458.run(TempTestSuite1642171212458.groovy:36)
)
[[ATTACHMENT|D:\\nam 3\\nhap mon CNPM\\bonus project\\Test-Automation-SE-Bonus\\Reports\\20220114_214012\\Run all test cases\\20220114_214012\\1642172913273.png]]

2022-01-14 22:08:33 - [MESSAGE][FAILED] - Verify element text of test object 'Object Repository/Page_AI Assignment 2/td_Submitted for grading' FAILED. (Root cause: com.kms.katalon.core.exception.StepFailedException: Verify element text of test object 'Object Repository/Page_AI Assignment 2/td_Submitted for grading' FAILED.
	at com.kms.katalon.core.webui.keyword.internal.WebUIKeywordMain.stepFailed(WebUIKeywordMain.groovy:64)
	at com.kms.katalon.core.webui.keyword.internal.WebUIKeywordMain.runKeyword(WebUIKeywordMain.groovy:26)
	at com.kms.katalon.core.webui.keyword.builtin.VerifyElementTextKeyword.verifyElementText(VerifyElementTextKeyword.groovy:72)
	at com.kms.katalon.core.webui.keyword.builtin.VerifyElementTextKeyword.execute(VerifyElementTextKeyword.groovy:40)
	at com.kms.katalon.core.keyword.internal.KeywordExecutor.executeKeywordForPlatform(KeywordExecutor.groovy:74)
	at com.kms.katalon.core.webui.keyword.WebUiBuiltInKeywords.verifyElementText(WebUiBuiltInKeywords.groovy:4749)
	at com.kms.katalon.core.webui.keyword.WebUiBuiltInKeywords$verifyElementText$7.call(Unknown Source)
	at 33_Sinh viên nộp bài đúng hạn.run(33_Sinh viên nộp bài đúng hạn:40)
	at com.kms.katalon.core.main.ScriptEngine.run(ScriptEngine.java:194)
	at com.kms.katalon.core.main.ScriptEngine.runScriptAsRawText(ScriptEngine.java:119)
	at com.kms.katalon.core.main.TestCaseExecutor.runScript(TestCaseExecutor.java:442)
	at com.kms.katalon.core.main.TestCaseExecutor.doExecute(TestCaseExecutor.java:433)
	at com.kms.katalon.core.main.TestCaseExecutor.processExecutionPhase(TestCaseExecutor.java:412)
	at com.kms.katalon.core.main.TestCaseExecutor.accessMainPhase(TestCaseExecutor.java:404)
	at com.kms.katalon.core.main.TestCaseExecutor.execute(TestCaseExecutor.java:281)
	at com.kms.katalon.core.main.TestCaseExecutor.execute(TestCaseExecutor.java:363)
	at com.kms.katalon.core.main.TestCaseExecutor.execute(TestCaseExecutor.java:363)
	at com.kms.katalon.core.main.TestCaseExecutor.execute(TestCaseExecutor.java:363)
	at com.kms.katalon.core.main.TestSuiteExecutor.accessTestCaseMainPhase(TestSuiteExecutor.java:202)
	at com.kms.katalon.core.main.TestSuiteExecutor.accessTestSuiteMainPhase(TestSuiteExecutor.java:164)
	at com.kms.katalon.core.main.TestSuiteExecutor.execute(TestSuiteExecutor.java:105)
	at com.kms.katalon.core.main.TestCaseMain.startTestSuite(TestCaseMain.java:181)
	at com.kms.katalon.core.main.TestCaseMain$startTestSuite$0.call(Unknown Source)
	at TempTestSuite1642171212458.run(TempTestSuite1642171212458.groovy:36)
Caused by: com.kms.katalon.core.exception.StepFailedException: com.kms.katalon.core.webui.exception.WebElementNotFoundException: Web element with id: 'Object Repository/Page_AI Assignment 2/td_Submitted for grading' located by '//section[@id='region-main']/div/div[3]/div/table/tbody/tr/td' not found
	at com.kms.katalon.core.webui.keyword.internal.WebUIKeywordMain.stepFailed(WebUIKeywordMain.groovy:64)
	at com.kms.katalon.core.webui.keyword.builtin.VerifyElementTextKeyword$_verifyElementText_closure1.doCall(VerifyElementTextKeyword.groovy:64)
	at com.kms.katalon.core.webui.keyword.builtin.VerifyElementTextKeyword$_verifyElementText_closure1.call(VerifyElementTextKeyword.groovy)
	at com.kms.katalon.core.webui.keyword.internal.WebUIKeywordMain.runKeyword(WebUIKeywordMain.groovy:20)
	... 22 more
)
[[ATTACHMENT|D:\\nam 3\\nhap mon CNPM\\bonus project\\Test-Automation-SE-Bonus\\Reports\\20220114_214012\\Run all test cases\\20220114_214012\\1642172913400.png]]]]></system-out>
         <system-err><![CDATA[2022-01-14 22:08:01 - [TEST_CASE][FAILED] - Test Cases/33_Sinh viên nộp bài đúng hạn: Test Cases/33_Sinh viên nộp bài đúng hạn FAILED.
Reason:
com.kms.katalon.core.exception.StepFailedException: Verify element text of test object 'Object Repository/Page_AI Assignment 2/td_Submitted for grading' FAILED.
	at com.kms.katalon.core.webui.keyword.internal.WebUIKeywordMain.stepFailed(WebUIKeywordMain.groovy:64)
	at com.kms.katalon.core.webui.keyword.internal.WebUIKeywordMain.runKeyword(WebUIKeywordMain.groovy:26)
	at com.kms.katalon.core.webui.keyword.builtin.VerifyElementTextKeyword.verifyElementText(VerifyElementTextKeyword.groovy:72)
	at com.kms.katalon.core.webui.keyword.builtin.VerifyElementTextKeyword.execute(VerifyElementTextKeyword.groovy:40)
	at com.kms.katalon.core.keyword.internal.KeywordExecutor.executeKeywordForPlatform(KeywordExecutor.groovy:74)
	at com.kms.katalon.core.webui.keyword.WebUiBuiltInKeywords.verifyElementText(WebUiBuiltInKeywords.groovy:4749)
	at com.kms.katalon.core.webui.keyword.WebUiBuiltInKeywords$verifyElementText$7.call(Unknown Source)
	at 33_Sinh viên nộp bài đúng hạn.run(33_Sinh viên nộp bài đúng hạn:40)
	at com.kms.katalon.core.main.ScriptEngine.run(ScriptEngine.java:194)
	at com.kms.katalon.core.main.ScriptEngine.runScriptAsRawText(ScriptEngine.java:119)
	at com.kms.katalon.core.main.TestCaseExecutor.runScript(TestCaseExecutor.java:442)
	at com.kms.katalon.core.main.TestCaseExecutor.doExecute(TestCaseExecutor.java:433)
	at com.kms.katalon.core.main.TestCaseExecutor.processExecutionPhase(TestCaseExecutor.java:412)
	at com.kms.katalon.core.main.TestCaseExecutor.accessMainPhase(TestCaseExecutor.java:404)
	at com.kms.katalon.core.main.TestCaseExecutor.execute(TestCaseExecutor.java:281)
	at com.kms.katalon.core.main.TestCaseExecutor.execute(TestCaseExecutor.java:363)
	at com.kms.katalon.core.main.TestCaseExecutor.execute(TestCaseExecutor.java:363)
	at com.kms.katalon.core.main.TestCaseExecutor.execute(TestCaseExecutor.java:363)
	at com.kms.katalon.core.main.TestSuiteExecutor.accessTestCaseMainPhase(TestSuiteExecutor.java:202)
	at com.kms.katalon.core.main.TestSuiteExecutor.accessTestSuiteMainPhase(TestSuiteExecutor.java:164)
	at com.kms.katalon.core.main.TestSuiteExecutor.execute(TestSuiteExecutor.java:105)
	at com.kms.katalon.core.main.TestCaseMain.startTestSuite(TestCaseMain.java:181)
	at com.kms.katalon.core.main.TestCaseMain$startTestSuite$0.call(Unknown Source)
	at TempTestSuite1642171212458.run(TempTestSuite1642171212458.groovy:36)
Caused by: com.kms.katalon.core.exception.StepFailedException: com.kms.katalon.core.webui.exception.WebElementNotFoundException: Web element with id: 'Object Repository/Page_AI Assignment 2/td_Submitted for grading' located by '//section[@id='region-main']/div/div[3]/div/table/tbody/tr/td' not found
	at com.kms.katalon.core.webui.keyword.internal.WebUIKeywordMain.stepFailed(WebUIKeywordMain.groovy:64)
	at com.kms.katalon.core.webui.keyword.builtin.VerifyElementTextKeyword$_verifyElementText_closure1.doCall(VerifyElementTextKeyword.groovy:64)
	at com.kms.katalon.core.webui.keyword.builtin.VerifyElementTextKeyword$_verifyElementText_closure1.call(VerifyElementTextKeyword.groovy)
	at com.kms.katalon.core.webui.keyword.internal.WebUIKeywordMain.runKeyword(WebUIKeywordMain.groovy:20)
	... 22 more]]></system-err>
      </testcase>
      <testcase name="Test Cases/34_Sinh viên gửi lời mời kết bạn" time="15.895" classname="Test Cases/34_Sinh viên gửi lời mời kết bạn" status="PASSED">
         <system-out><![CDATA[2022-01-14 22:08:33 - [TEST_CASE][PASSED] - Test Cases/34_Sinh viên gửi lời mời kết bạn: Test Cases/34_Sinh viên gửi lời mời kết bạn

2022-01-14 22:08:33 - [TEST_STEP][PASSED] - openBrowser(""): Browser is opened with url: ''

2022-01-14 22:08:33 - [MESSAGE][WARNING] - A browser is already opened. Closing browser and opening a new one

2022-01-14 22:08:34 - [MESSAGE][INFO] - Starting 'Chrome' driver

2022-01-14 22:08:34 - [MESSAGE][INFO] - Action delay is set to 0 milliseconds

2022-01-14 22:08:35 - [MESSAGE][PASSED] - Browser is opened with url: ''

2022-01-14 22:08:35 - [TEST_STEP][PASSED] - navigateToUrl("http://localhost/"): Navigate to 'http://localhost/' successfully

2022-01-14 22:08:36 - [MESSAGE][PASSED] - Navigate to 'http://localhost/' successfully

2022-01-14 22:08:36 - [TEST_STEP][PASSED] - click(findTestObject("Object Repository/Page_HCMUS/a_Nhp mn tr tu nhn to")): Object: 'Object Repository/Page_HCMUS/a_Nhp mn tr tu nhn to' is clicked on

2022-01-14 22:08:36 - [MESSAGE][PASSED] - Object: 'Object Repository/Page_HCMUS/a_Nhp mn tr tu nhn to' is clicked on

2022-01-14 22:08:36 - [TEST_STEP][PASSED] - setText(findTestObject("Object Repository/Page_HCMUS Log in to the site/input_Username_username"), "student3"): Text 'student3' is set on object 'Object Repository/Page_HCMUS Log in to the site/input_Username_username'

2022-01-14 22:08:37 - [MESSAGE][PASSED] - Text 'student3' is set on object 'Object Repository/Page_HCMUS Log in to the site/input_Username_username'

2022-01-14 22:08:37 - [TEST_STEP][PASSED] - setEncryptedText(findTestObject("Object Repository/Page_HCMUS Log in to the site/input_Password_password"), "xsue+lrReh7u7aVNaHEoWw=="): Text ****** has been set on object 'Object Repository/Page_HCMUS Log in to the site/input_Password_password'

2022-01-14 22:08:37 - [MESSAGE][PASSED] - Text ****** has been set on object 'Object Repository/Page_HCMUS Log in to the site/input_Password_password'

2022-01-14 22:08:37 - [TEST_STEP][PASSED] - click(findTestObject("Object Repository/Page_HCMUS Log in to the site/button_Log in")): Object: 'Object Repository/Page_HCMUS Log in to the site/button_Log in' is clicked on

2022-01-14 22:08:38 - [MESSAGE][PASSED] - Object: 'Object Repository/Page_HCMUS Log in to the site/button_Log in' is clicked on

2022-01-14 22:08:38 - [TEST_STEP][PASSED] - click(findTestObject("Object Repository/Page_Course Nhp mn tr tu nhn to/span_Participants")): Object: 'Object Repository/Page_Course Nhp mn tr tu nhn to/span_Participants' is clicked on

2022-01-14 22:08:40 - [MESSAGE][PASSED] - Object: 'Object Repository/Page_Course Nhp mn tr tu nhn to/span_Participants' is clicked on

2022-01-14 22:08:40 - [TEST_STEP][PASSED] - click(findTestObject("Object Repository/Page_AI Participants/a_Student Tremblay")): Object: 'Object Repository/Page_AI Participants/a_Student Tremblay' is clicked on

2022-01-14 22:08:41 - [MESSAGE][PASSED] - Object: 'Object Repository/Page_AI Participants/a_Student Tremblay' is clicked on

2022-01-14 22:08:41 - [TEST_STEP][PASSED] - click(findTestObject("Object Repository/Page_Nhp mn tr tu nhn to Personal profile S_718f45/span_Add to contacts")): Object: 'Object Repository/Page_Nhp mn tr tu nhn to Personal profile S_718f45/span_Add to contacts' is clicked on

2022-01-14 22:08:41 - [MESSAGE][PASSED] - Object: 'Object Repository/Page_Nhp mn tr tu nhn to Personal profile S_718f45/span_Add to contacts' is clicked on

2022-01-14 22:08:41 - [TEST_STEP][PASSED] - verifyElementText(findTestObject("Object Repository/Page_Nhp mn tr tu nhn to Personal profile S_718f45/span_Remove from contacts"), "Remove from contacts"): Actual text and expected text of test object 'Object Repository/Page_Nhp mn tr tu nhn to Personal profile S_718f45/span_Remove from contacts' are matched.

2022-01-14 22:08:48 - [MESSAGE][INFO] - Unable to find the element located by 'By.xpath: //span[@id='yui_3_17_2_1_1641968678670_37']/span'. Please recheck the objects properties to make sure the desired element is located. 

2022-01-14 22:08:48 - [MESSAGE][WARNING] - [SELF-HEALING] Failed to find element with id 'Object Repository/Page_Nhp mn tr tu nhn to Personal profile S_718f45/span_Remove from contacts'. Try using Self-healing.

2022-01-14 22:08:48 - [MESSAGE][INFO] - [SELF-HEALING] Failed Locator: '//span[@id='yui_3_17_2_1_1641968678670_37']/span'.

2022-01-14 22:08:48 - [MESSAGE][INFO] - [SELF-HEALING] Working Locator: '(.//*[normalize-space(text()) and normalize-space(.)='Message'])[1]/following::span[3]'.

2022-01-14 22:08:48 - [MESSAGE][INFO] - [SELF-HEALING] Screenshot: D:/nam 3/nhap mon CNPM/bonus project/Test-Automation-SE-Bonus/Reports/Self-healing/Object Repository/Page_Nhp mn tr tu nhn to Personal profile S_718f45/span_Remove from contacts_neighbor.png

2022-01-14 22:08:48 - [MESSAGE][WARNING] - [SELF-HEALING] The current locator of test object 'Object Repository/Page_Nhp mn tr tu nhn to Personal profile S_718f45/span_Remove from contacts' was broken. Propose an alternative one: '(.//*[normalize-space(text()) and normalize-space(.)='Message'])[1]/following::span[3]'.

2022-01-14 22:08:48 - [MESSAGE][PASSED] - Actual text and expected text of test object 'Object Repository/Page_Nhp mn tr tu nhn to Personal profile S_718f45/span_Remove from contacts' are matched.

2022-01-14 22:08:48 - [TEST_STEP][PASSED] - closeBrowser(): Browser is closed

2022-01-14 22:08:49 - [MESSAGE][PASSED] - Browser is closed]]></system-out>
         <system-err><![CDATA[]]></system-err>
      </testcase>
      <testcase name="Test Cases/35_Sinh viên chấp nhận lời mời kết bạn" time="47.569" classname="Test Cases/35_Sinh viên chấp nhận lời mời kết bạn" status="PASSED">
         <system-out><![CDATA[2022-01-14 22:08:49 - [TEST_CASE][PASSED] - Test Cases/35_Sinh viên chấp nhận lời mời kết bạn: Test Cases/35_Sinh viên chấp nhận lời mời kết bạn

2022-01-14 22:08:49 - [TEST_STEP][PASSED] - openBrowser(""): Browser is opened with url: ''

2022-01-14 22:08:49 - [MESSAGE][INFO] - Starting 'Chrome' driver

2022-01-14 22:08:49 - [MESSAGE][INFO] - Action delay is set to 0 milliseconds

2022-01-14 22:08:50 - [MESSAGE][PASSED] - Browser is opened with url: ''

2022-01-14 22:08:50 - [TEST_STEP][PASSED] - navigateToUrl("http://localhost/"): Navigate to 'http://localhost/' successfully

2022-01-14 22:08:51 - [MESSAGE][PASSED] - Navigate to 'http://localhost/' successfully

2022-01-14 22:08:51 - [TEST_STEP][PASSED] - click(findTestObject("Object Repository/Page_HCMUS/a_Log in")): Object: 'Object Repository/Page_HCMUS/a_Log in' is clicked on

2022-01-14 22:08:52 - [MESSAGE][PASSED] - Object: 'Object Repository/Page_HCMUS/a_Log in' is clicked on

2022-01-14 22:08:52 - [TEST_STEP][PASSED] - setText(findTestObject("Object Repository/Page_HCMUS Log in to the site/input_Username_username"), "student4"): Text 'student4' is set on object 'Object Repository/Page_HCMUS Log in to the site/input_Username_username'

2022-01-14 22:08:52 - [MESSAGE][PASSED] - Text 'student4' is set on object 'Object Repository/Page_HCMUS Log in to the site/input_Username_username'

2022-01-14 22:08:52 - [TEST_STEP][PASSED] - setEncryptedText(findTestObject("Object Repository/Page_HCMUS Log in to the site/input_Password_password"), "xsue+lrReh4ZVHWELaqxDw=="): Text ****** has been set on object 'Object Repository/Page_HCMUS Log in to the site/input_Password_password'

2022-01-14 22:08:53 - [MESSAGE][PASSED] - Text ****** has been set on object 'Object Repository/Page_HCMUS Log in to the site/input_Password_password'

2022-01-14 22:08:53 - [TEST_STEP][PASSED] - click(findTestObject("Object Repository/Page_HCMUS Log in to the site/button_Log in")): Object: 'Object Repository/Page_HCMUS Log in to the site/button_Log in' is clicked on

2022-01-14 22:08:54 - [MESSAGE][PASSED] - Object: 'Object Repository/Page_HCMUS Log in to the site/button_Log in' is clicked on

2022-01-14 22:08:54 - [TEST_STEP][PASSED] - click(findTestObject("Object Repository/Page_Dashboard/i_See all_icon fa fa-comment fa-fw")): Object: 'Object Repository/Page_Dashboard/i_See all_icon fa fa-comment fa-fw' is clicked on

2022-01-14 22:09:00 - [MESSAGE][INFO] - Unable to find the element located by 'By.xpath: //a[@id='message-drawer-toggle-61de75556871461de7555228969']/i'. Please recheck the objects properties to make sure the desired element is located. 

2022-01-14 22:09:00 - [MESSAGE][WARNING] - [SELF-HEALING] Failed to find element with id 'Object Repository/Page_Dashboard/i_See all_icon fa fa-comment fa-fw'. Try using Self-healing.

2022-01-14 22:09:00 - [MESSAGE][INFO] - [SELF-HEALING] Failed Locator: '//a[@id='message-drawer-toggle-61de75556871461de7555228969']/i'.

2022-01-14 22:09:01 - [MESSAGE][INFO] - [SELF-HEALING] Working Locator: '//div[2]/a/i'.

2022-01-14 22:09:01 - [MESSAGE][INFO] - [SELF-HEALING] Screenshot: D:/nam 3/nhap mon CNPM/bonus project/Test-Automation-SE-Bonus/Reports/Self-healing/Object Repository/Page_Dashboard/i_See all_icon fa fa-comment fa-fw_position.png

2022-01-14 22:09:01 - [MESSAGE][WARNING] - [SELF-HEALING] The current locator of test object 'Object Repository/Page_Dashboard/i_See all_icon fa fa-comment fa-fw' was broken. Propose an alternative one: '//div[2]/a/i'.

2022-01-14 22:09:01 - [MESSAGE][PASSED] - Object: 'Object Repository/Page_Dashboard/i_See all_icon fa fa-comment fa-fw' is clicked on

2022-01-14 22:09:01 - [TEST_STEP][PASSED] - click(findTestObject("Object Repository/Page_Dashboard/a_Contacts                                 _4239a2")): Object: 'Object Repository/Page_Dashboard/a_Contacts                                 _4239a2' is clicked on

2022-01-14 22:09:07 - [MESSAGE][INFO] - Unable to find the element located by 'By.xpath: //div[@id='message-drawer-61de74972abc661de7496b721d18']/div[2]/div[3]/div[2]/a'. Please recheck the objects properties to make sure the desired element is located. 

2022-01-14 22:09:07 - [MESSAGE][WARNING] - [SELF-HEALING] Failed to find element with id 'Object Repository/Page_Dashboard/a_Contacts                                 _4239a2'. Try using Self-healing.

2022-01-14 22:09:07 - [MESSAGE][INFO] - [SELF-HEALING] Failed Locator: '//div[@id='message-drawer-61de74972abc661de7496b721d18']/div[2]/div[3]/div[2]/a'.

2022-01-14 22:09:07 - [MESSAGE][INFO] - [SELF-HEALING] Working Locator: '(.//*[normalize-space(text()) and normalize-space(.)='Contacts'])[1]/following::a[3]'.

2022-01-14 22:09:08 - [MESSAGE][INFO] - [SELF-HEALING] Screenshot: D:/nam 3/nhap mon CNPM/bonus project/Test-Automation-SE-Bonus/Reports/Self-healing/Object Repository/Page_Dashboard/a_Contacts                                 _4239a2_neighbor.png

2022-01-14 22:09:08 - [MESSAGE][WARNING] - [SELF-HEALING] The current locator of test object 'Object Repository/Page_Dashboard/a_Contacts                                 _4239a2' was broken. Propose an alternative one: '(.//*[normalize-space(text()) and normalize-space(.)='Contacts'])[1]/following::a[3]'.

2022-01-14 22:09:08 - [MESSAGE][PASSED] - Object: 'Object Repository/Page_Dashboard/a_Contacts                                 _4239a2' is clicked on

2022-01-14 22:09:08 - [TEST_STEP][PASSED] - click(findTestObject("Object Repository/Page_Dashboard/a_Requests                                 _76dac8")): Object: 'Object Repository/Page_Dashboard/a_Requests                                 _76dac8' is clicked on

2022-01-14 22:09:14 - [MESSAGE][INFO] - Unable to find the element located by 'By.xpath: '. Please recheck the objects properties to make sure the desired element is located. 

2022-01-14 22:09:14 - [MESSAGE][WARNING] - [SELF-HEALING] Failed to find element with id 'Object Repository/Page_Dashboard/a_Requests                                 _76dac8'. Try using Self-healing.

2022-01-14 22:09:14 - [MESSAGE][INFO] - [SELF-HEALING] Failed Locator: '//a[@id='requests-tab-61de74972abc661de7496b721d18']'.

2022-01-14 22:09:14 - [MESSAGE][INFO] - [SELF-HEALING] Failed Locator: '//div[@id='yui_3_17_2_1_1641968791226_197']/div[2]/div/div/ul/li[2]/a'.

2022-01-14 22:09:15 - [MESSAGE][INFO] - [SELF-HEALING] Working Locator: '(.//*[normalize-space(text()) and normalize-space(.)='Contacts'])[2]/following::a[1]'.

2022-01-14 22:09:15 - [MESSAGE][INFO] - [SELF-HEALING] Screenshot: D:/nam 3/nhap mon CNPM/bonus project/Test-Automation-SE-Bonus/Reports/Self-healing/Object Repository/Page_Dashboard/a_Requests                                 _76dac8_neighbor.png

2022-01-14 22:09:15 - [MESSAGE][WARNING] - [SELF-HEALING] The current locator of test object 'Object Repository/Page_Dashboard/a_Requests                                 _76dac8' was broken. Propose an alternative one: '(.//*[normalize-space(text()) and normalize-space(.)='Contacts'])[2]/following::a[1]'.

2022-01-14 22:09:15 - [MESSAGE][PASSED] - Object: 'Object Repository/Page_Dashboard/a_Requests                                 _76dac8' is clicked on

2022-01-14 22:09:15 - [TEST_STEP][PASSED] - click(findTestObject("Object Repository/Page_Dashboard/p_Would like to contact you")): Object: 'Object Repository/Page_Dashboard/p_Would like to contact you' is clicked on

2022-01-14 22:09:21 - [MESSAGE][INFO] - Unable to find the element located by 'By.xpath: //div[@id='requests-tab-panel-61de74972abc661de7496b721d18']/div[2]/a/div/p'. Please recheck the objects properties to make sure the desired element is located. 

2022-01-14 22:09:21 - [MESSAGE][WARNING] - [SELF-HEALING] Failed to find element with id 'Object Repository/Page_Dashboard/p_Would like to contact you'. Try using Self-healing.

2022-01-14 22:09:21 - [MESSAGE][INFO] - [SELF-HEALING] Failed Locator: '//div[@id='requests-tab-panel-61de74972abc661de7496b721d18']/div[2]/a/div/p'.

2022-01-14 22:09:21 - [MESSAGE][INFO] - [SELF-HEALING] Working Locator: '(.//*[normalize-space(text()) and normalize-space(.)='Student Walston'])[2]/following::p[1]'.

2022-01-14 22:09:22 - [MESSAGE][INFO] - [SELF-HEALING] Screenshot: D:/nam 3/nhap mon CNPM/bonus project/Test-Automation-SE-Bonus/Reports/Self-healing/Object Repository/Page_Dashboard/p_Would like to contact you_neighbor.png

2022-01-14 22:09:22 - [MESSAGE][WARNING] - [SELF-HEALING] The current locator of test object 'Object Repository/Page_Dashboard/p_Would like to contact you' was broken. Propose an alternative one: '(.//*[normalize-space(text()) and normalize-space(.)='Student Walston'])[2]/following::p[1]'.

2022-01-14 22:09:22 - [MESSAGE][PASSED] - Object: 'Object Repository/Page_Dashboard/p_Would like to contact you' is clicked on

2022-01-14 22:09:22 - [TEST_STEP][PASSED] - click(findTestObject("Object Repository/Page_Dashboard/span_Accept and add to contacts")): Object: 'Object Repository/Page_Dashboard/span_Accept and add to contacts' is clicked on

2022-01-14 22:09:28 - [MESSAGE][INFO] - Unable to find the element located by 'By.xpath: //div[@id='yui_3_17_2_1_1641968791226_197']/div[3]/div/div[2]/div/button[8]/span'. Please recheck the objects properties to make sure the desired element is located. 

2022-01-14 22:09:28 - [MESSAGE][WARNING] - [SELF-HEALING] Failed to find element with id 'Object Repository/Page_Dashboard/span_Accept and add to contacts'. Try using Self-healing.

2022-01-14 22:09:28 - [MESSAGE][INFO] - [SELF-HEALING] Failed Locator: '//div[@id='yui_3_17_2_1_1641968791226_197']/div[3]/div/div[2]/div/button[8]/span'.

2022-01-14 22:09:28 - [MESSAGE][INFO] - [SELF-HEALING] Working Locator: '(.//*[normalize-space(text()) and normalize-space(.)='Send contact request'])[1]/following::span[3]'.

2022-01-14 22:09:28 - [MESSAGE][INFO] - [SELF-HEALING] Screenshot: D:/nam 3/nhap mon CNPM/bonus project/Test-Automation-SE-Bonus/Reports/Self-healing/Object Repository/Page_Dashboard/span_Accept and add to contacts_neighbor.png

2022-01-14 22:09:28 - [MESSAGE][WARNING] - [SELF-HEALING] The current locator of test object 'Object Repository/Page_Dashboard/span_Accept and add to contacts' was broken. Propose an alternative one: '(.//*[normalize-space(text()) and normalize-space(.)='Send contact request'])[1]/following::span[3]'.

2022-01-14 22:09:28 - [MESSAGE][PASSED] - Object: 'Object Repository/Page_Dashboard/span_Accept and add to contacts' is clicked on

2022-01-14 22:09:28 - [TEST_STEP][PASSED] - click(findTestObject("Object Repository/Page_Dashboard/strong_Student Walston")): Object: 'Object Repository/Page_Dashboard/strong_Student Walston' is clicked on

2022-01-14 22:09:35 - [MESSAGE][INFO] - Unable to find the element located by 'By.xpath: //div[@id='yui_3_17_2_1_1641968791226_245']/div[2]/a/div[2]/div/strong'. Please recheck the objects properties to make sure the desired element is located. 

2022-01-14 22:09:35 - [MESSAGE][WARNING] - [SELF-HEALING] Failed to find element with id 'Object Repository/Page_Dashboard/strong_Student Walston'. Try using Self-healing.

2022-01-14 22:09:35 - [MESSAGE][INFO] - [SELF-HEALING] Failed Locator: '//div[@id='yui_3_17_2_1_1641968791226_245']/div[2]/a/div[2]/div/strong'.

2022-01-14 22:09:35 - [MESSAGE][INFO] - [SELF-HEALING] Working Locator: '(.//*[normalize-space(text()) and normalize-space(.)='Contacts'])[1]/following::strong[1]'.

2022-01-14 22:09:35 - [MESSAGE][INFO] - [SELF-HEALING] Screenshot: D:/nam 3/nhap mon CNPM/bonus project/Test-Automation-SE-Bonus/Reports/Self-healing/Object Repository/Page_Dashboard/strong_Student Walston_neighbor.png

2022-01-14 22:09:35 - [MESSAGE][WARNING] - [SELF-HEALING] The current locator of test object 'Object Repository/Page_Dashboard/strong_Student Walston' was broken. Propose an alternative one: '(.//*[normalize-space(text()) and normalize-space(.)='Contacts'])[1]/following::strong[1]'.

2022-01-14 22:09:35 - [MESSAGE][PASSED] - Object: 'Object Repository/Page_Dashboard/strong_Student Walston' is clicked on

2022-01-14 22:09:35 - [TEST_STEP][PASSED] - verifyElementText(findTestObject("Object Repository/Page_Dashboard/button_Remove from contacts"), "Remove from contacts"): Actual text and expected text of test object 'Object Repository/Page_Dashboard/button_Remove from contacts' are matched.

2022-01-14 22:09:36 - [MESSAGE][PASSED] - Actual text and expected text of test object 'Object Repository/Page_Dashboard/button_Remove from contacts' are matched.

2022-01-14 22:09:36 - [TEST_STEP][PASSED] - closeBrowser(): Browser is closed

2022-01-14 22:09:36 - [MESSAGE][PASSED] - Browser is closed]]></system-out>
         <system-err><![CDATA[]]></system-err>
      </testcase>
      <testcase name="Test Cases/37_Sinh viên xem event trên lịch" time="8.543" classname="Test Cases/37_Sinh viên xem event trên lịch" status="PASSED">
         <system-out><![CDATA[2022-01-14 22:09:36 - [TEST_CASE][PASSED] - Test Cases/37_Sinh viên xem event trên lịch: Test Cases/37_Sinh viên xem event trên lịch

2022-01-14 22:09:37 - [TEST_STEP][PASSED] - openBrowser(""): Browser is opened with url: ''

2022-01-14 22:09:37 - [MESSAGE][INFO] - Starting 'Chrome' driver

2022-01-14 22:09:37 - [MESSAGE][INFO] - Action delay is set to 0 milliseconds

2022-01-14 22:09:38 - [MESSAGE][PASSED] - Browser is opened with url: ''

2022-01-14 22:09:38 - [TEST_STEP][PASSED] - navigateToUrl("http://localhost/"): Navigate to 'http://localhost/' successfully

2022-01-14 22:09:38 - [MESSAGE][PASSED] - Navigate to 'http://localhost/' successfully

2022-01-14 22:09:38 - [TEST_STEP][PASSED] - click(findTestObject("Object Repository/Page_HCMUS/a_Log in")): Object: 'Object Repository/Page_HCMUS/a_Log in' is clicked on

2022-01-14 22:09:39 - [MESSAGE][PASSED] - Object: 'Object Repository/Page_HCMUS/a_Log in' is clicked on

2022-01-14 22:09:39 - [TEST_STEP][PASSED] - setText(findTestObject("Object Repository/Page_HCMUS Log in to the site/input_Username_username"), "student1"): Text 'student1' is set on object 'Object Repository/Page_HCMUS Log in to the site/input_Username_username'

2022-01-14 22:09:40 - [MESSAGE][PASSED] - Text 'student1' is set on object 'Object Repository/Page_HCMUS Log in to the site/input_Username_username'

2022-01-14 22:09:40 - [TEST_STEP][PASSED] - setEncryptedText(findTestObject("Object Repository/Page_HCMUS Log in to the site/input_Password_password"), "xsue+lrReh6nSDZIylEEKg=="): Text ****** has been set on object 'Object Repository/Page_HCMUS Log in to the site/input_Password_password'

2022-01-14 22:09:40 - [MESSAGE][PASSED] - Text ****** has been set on object 'Object Repository/Page_HCMUS Log in to the site/input_Password_password'

2022-01-14 22:09:40 - [TEST_STEP][PASSED] - click(findTestObject("Object Repository/Page_HCMUS Log in to the site/button_Log in")): Object: 'Object Repository/Page_HCMUS Log in to the site/button_Log in' is clicked on

2022-01-14 22:09:41 - [MESSAGE][PASSED] - Object: 'Object Repository/Page_HCMUS Log in to the site/button_Log in' is clicked on

2022-01-14 22:09:41 - [TEST_STEP][PASSED] - click(findTestObject("Object Repository/Page_Dashboard/span_Calendar")): Object: 'Object Repository/Page_Dashboard/span_Calendar' is clicked on

2022-01-14 22:09:44 - [MESSAGE][PASSED] - Object: 'Object Repository/Page_Dashboard/span_Calendar' is clicked on

2022-01-14 22:09:44 - [TEST_STEP][PASSED] - verifyElementVisible(findTestObject("Object Repository/Page_KHTN Calendar Detailed month view Janu_a46fbf/section_Month                              _0f1fe9")): Object 'Object Repository/Page_KHTN Calendar Detailed month view Janu_a46fbf/section_Month                              _0f1fe9' is visible

2022-01-14 22:09:44 - [MESSAGE][PASSED] - Object 'Object Repository/Page_KHTN Calendar Detailed month view Janu_a46fbf/section_Month                              _0f1fe9' is visible

2022-01-14 22:09:44 - [TEST_STEP][PASSED] - closeBrowser(): Browser is closed

2022-01-14 22:09:45 - [MESSAGE][PASSED] - Browser is closed]]></system-out>
         <system-err><![CDATA[]]></system-err>
      </testcase>
      <testcase name="Test Cases/36_Sinh viên nhắn tin cho nhau" time="85.437" classname="Test Cases/36_Sinh viên nhắn tin cho nhau" status="PASSED">
         <system-out><![CDATA[2022-01-14 22:09:45 - [TEST_CASE][PASSED] - Test Cases/36_Sinh viên nhắn tin cho nhau: Test Cases/36_Sinh viên nhắn tin cho nhau

2022-01-14 22:09:45 - [TEST_STEP][PASSED] - openBrowser(""): Browser is opened with url: ''

2022-01-14 22:09:45 - [MESSAGE][INFO] - Starting 'Chrome' driver

2022-01-14 22:09:45 - [MESSAGE][INFO] - Action delay is set to 0 milliseconds

2022-01-14 22:09:46 - [MESSAGE][PASSED] - Browser is opened with url: ''

2022-01-14 22:09:46 - [TEST_STEP][PASSED] - navigateToUrl("http://localhost/"): Navigate to 'http://localhost/' successfully

2022-01-14 22:09:47 - [MESSAGE][PASSED] - Navigate to 'http://localhost/' successfully

2022-01-14 22:09:47 - [TEST_STEP][PASSED] - click(findTestObject("Object Repository/Page_HCMUS/a_Log in")): Object: 'Object Repository/Page_HCMUS/a_Log in' is clicked on

2022-01-14 22:09:48 - [MESSAGE][PASSED] - Object: 'Object Repository/Page_HCMUS/a_Log in' is clicked on

2022-01-14 22:09:48 - [TEST_STEP][PASSED] - setText(findTestObject("Object Repository/Page_HCMUS Log in to the site/input_Username_username"), "student3"): Text 'student3' is set on object 'Object Repository/Page_HCMUS Log in to the site/input_Username_username'

2022-01-14 22:09:49 - [MESSAGE][PASSED] - Text 'student3' is set on object 'Object Repository/Page_HCMUS Log in to the site/input_Username_username'

2022-01-14 22:09:49 - [TEST_STEP][PASSED] - setEncryptedText(findTestObject("Object Repository/Page_HCMUS Log in to the site/input_Password_password"), "xsue+lrReh7u7aVNaHEoWw=="): Text ****** has been set on object 'Object Repository/Page_HCMUS Log in to the site/input_Password_password'

2022-01-14 22:09:49 - [MESSAGE][PASSED] - Text ****** has been set on object 'Object Repository/Page_HCMUS Log in to the site/input_Password_password'

2022-01-14 22:09:49 - [TEST_STEP][PASSED] - click(findTestObject("Object Repository/Page_HCMUS Log in to the site/button_Log in")): Object: 'Object Repository/Page_HCMUS Log in to the site/button_Log in' is clicked on

2022-01-14 22:09:50 - [MESSAGE][PASSED] - Object: 'Object Repository/Page_HCMUS Log in to the site/button_Log in' is clicked on

2022-01-14 22:09:50 - [TEST_STEP][PASSED] - click(findTestObject("Object Repository/Page_Dashboard/i_See all_icon fa fa-comment fa-fw")): Object: 'Object Repository/Page_Dashboard/i_See all_icon fa fa-comment fa-fw' is clicked on

2022-01-14 22:09:56 - [MESSAGE][INFO] - Unable to find the element located by 'By.xpath: //a[@id='message-drawer-toggle-61de75556871461de7555228969']/i'. Please recheck the objects properties to make sure the desired element is located. 

2022-01-14 22:09:56 - [MESSAGE][WARNING] - [SELF-HEALING] Failed to find element with id 'Object Repository/Page_Dashboard/i_See all_icon fa fa-comment fa-fw'. Try using Self-healing.

2022-01-14 22:09:57 - [MESSAGE][WARNING] - [SELF-HEALING] The current locator of test object 'Object Repository/Page_Dashboard/i_See all_icon fa fa-comment fa-fw' was broken. Propose an alternative one: '//div[2]/a/i'.

2022-01-14 22:09:57 - [MESSAGE][PASSED] - Object: 'Object Repository/Page_Dashboard/i_See all_icon fa fa-comment fa-fw' is clicked on

2022-01-14 22:09:57 - [TEST_STEP][PASSED] - click(findTestObject("Object Repository/Page_Dashboard/a_Contacts                                 _f6a0b6")): Object: 'Object Repository/Page_Dashboard/a_Contacts                                 _f6a0b6' is clicked on

2022-01-14 22:10:03 - [MESSAGE][INFO] - Unable to find the element located by 'By.xpath: //div[@id='message-drawer-61de75556c03661de75552289618']/div[2]/div[3]/div[2]/a'. Please recheck the objects properties to make sure the desired element is located. 

2022-01-14 22:10:03 - [MESSAGE][WARNING] - [SELF-HEALING] Failed to find element with id 'Object Repository/Page_Dashboard/a_Contacts                                 _f6a0b6'. Try using Self-healing.

2022-01-14 22:10:03 - [MESSAGE][INFO] - [SELF-HEALING] Failed Locator: '//div[@id='message-drawer-61de75556c03661de75552289618']/div[2]/div[3]/div[2]/a'.

2022-01-14 22:10:03 - [MESSAGE][INFO] - [SELF-HEALING] Working Locator: '(.//*[normalize-space(text()) and normalize-space(.)='Contacts'])[1]/following::a[3]'.

2022-01-14 22:10:04 - [MESSAGE][INFO] - [SELF-HEALING] Screenshot: D:/nam 3/nhap mon CNPM/bonus project/Test-Automation-SE-Bonus/Reports/Self-healing/Object Repository/Page_Dashboard/a_Contacts                                 _f6a0b6_neighbor.png

2022-01-14 22:10:04 - [MESSAGE][WARNING] - [SELF-HEALING] The current locator of test object 'Object Repository/Page_Dashboard/a_Contacts                                 _f6a0b6' was broken. Propose an alternative one: '(.//*[normalize-space(text()) and normalize-space(.)='Contacts'])[1]/following::a[3]'.

2022-01-14 22:10:04 - [MESSAGE][PASSED] - Object: 'Object Repository/Page_Dashboard/a_Contacts                                 _f6a0b6' is clicked on

2022-01-14 22:10:04 - [TEST_STEP][PASSED] - click(findTestObject("Object Repository/Page_Dashboard/h6_Student Tremblay")): Object: 'Object Repository/Page_Dashboard/h6_Student Tremblay' is clicked on

2022-01-14 22:10:10 - [MESSAGE][INFO] - Unable to find the element located by 'By.xpath: //div[@id='contacts-tab-panel-61de75556c03661de75552289618']/div[2]/a/h6'. Please recheck the objects properties to make sure the desired element is located. 

2022-01-14 22:10:10 - [MESSAGE][WARNING] - [SELF-HEALING] Failed to find element with id 'Object Repository/Page_Dashboard/h6_Student Tremblay'. Try using Self-healing.

2022-01-14 22:10:10 - [MESSAGE][INFO] - [SELF-HEALING] Failed Locator: '//div[@id='contacts-tab-panel-61de75556c03661de75552289618']/div[2]/a/h6'.

2022-01-14 22:10:10 - [MESSAGE][INFO] - [SELF-HEALING] Working Locator: '(.//*[normalize-space(text()) and normalize-space(.)='No contacts'])[1]/following::h6[1]'.

2022-01-14 22:10:10 - [MESSAGE][INFO] - [SELF-HEALING] Screenshot: D:/nam 3/nhap mon CNPM/bonus project/Test-Automation-SE-Bonus/Reports/Self-healing/Object Repository/Page_Dashboard/h6_Student Tremblay_neighbor.png

2022-01-14 22:10:10 - [MESSAGE][WARNING] - [SELF-HEALING] The current locator of test object 'Object Repository/Page_Dashboard/h6_Student Tremblay' was broken. Propose an alternative one: '(.//*[normalize-space(text()) and normalize-space(.)='No contacts'])[1]/following::h6[1]'.

2022-01-14 22:10:11 - [MESSAGE][PASSED] - Object: 'Object Repository/Page_Dashboard/h6_Student Tremblay' is clicked on

2022-01-14 22:10:11 - [TEST_STEP][PASSED] - setText(findTestObject("Object Repository/Page_Dashboard/textarea_Use enter to send_yui_3_17_2_1_164_c7019d"), "Xin chao ban"): Text 'Xin chao ban' is set on object 'Object Repository/Page_Dashboard/textarea_Use enter to send_yui_3_17_2_1_164_c7019d'

2022-01-14 22:10:17 - [MESSAGE][INFO] - Unable to find the element located by 'By.xpath: //textarea[@id='yui_3_17_2_1_1641968981501_212']'. Please recheck the objects properties to make sure the desired element is located. 

2022-01-14 22:10:17 - [MESSAGE][WARNING] - [SELF-HEALING] Failed to find element with id 'Object Repository/Page_Dashboard/textarea_Use enter to send_yui_3_17_2_1_164_c7019d'. Try using Self-healing.

2022-01-14 22:10:17 - [MESSAGE][INFO] - [SELF-HEALING] Failed Locator: '//textarea[@id='yui_3_17_2_1_1641968981501_212']'.

2022-01-14 22:10:17 - [MESSAGE][INFO] - [SELF-HEALING] Failed Locator: '//div[@id='yui_3_17_2_1_1641968981501_213']/textarea'.

2022-01-14 22:10:17 - [MESSAGE][INFO] - [SELF-HEALING] Working Locator: '//textarea'.

2022-01-14 22:10:18 - [MESSAGE][INFO] - [SELF-HEALING] Screenshot: D:/nam 3/nhap mon CNPM/bonus project/Test-Automation-SE-Bonus/Reports/Self-healing/Object Repository/Page_Dashboard/textarea_Use enter to send_yui_3_17_2_1_164_c7019d_position.png

2022-01-14 22:10:18 - [MESSAGE][WARNING] - [SELF-HEALING] The current locator of test object 'Object Repository/Page_Dashboard/textarea_Use enter to send_yui_3_17_2_1_164_c7019d' was broken. Propose an alternative one: '//textarea'.

2022-01-14 22:10:24 - [MESSAGE][INFO] - Unable to find the element located by 'By.xpath: //textarea[@id='yui_3_17_2_1_1641968981501_212']'. Please recheck the objects properties to make sure the desired element is located. 

2022-01-14 22:10:24 - [MESSAGE][WARNING] - [SELF-HEALING] Failed to find element with id 'Object Repository/Page_Dashboard/textarea_Use enter to send_yui_3_17_2_1_164_c7019d'. Try using Self-healing.

2022-01-14 22:10:24 - [MESSAGE][WARNING] - [SELF-HEALING] The current locator of test object 'Object Repository/Page_Dashboard/textarea_Use enter to send_yui_3_17_2_1_164_c7019d' was broken. Propose an alternative one: '//textarea'.

2022-01-14 22:10:24 - [MESSAGE][PASSED] - Text 'Xin chao ban' is set on object 'Object Repository/Page_Dashboard/textarea_Use enter to send_yui_3_17_2_1_164_c7019d'

2022-01-14 22:10:24 - [TEST_STEP][PASSED] - click(findTestObject("Object Repository/Page_Dashboard/button_Use enter to send_btn btn-link btn-i_5cb4c7")): Object: 'Object Repository/Page_Dashboard/button_Use enter to send_btn btn-link btn-i_5cb4c7' is clicked on

2022-01-14 22:10:30 - [MESSAGE][INFO] - Unable to find the element located by 'By.xpath: //div[@id='yui_3_17_2_1_1641968981501_213']/div/button'. Please recheck the objects properties to make sure the desired element is located. 

2022-01-14 22:10:30 - [MESSAGE][WARNING] - [SELF-HEALING] Failed to find element with id 'Object Repository/Page_Dashboard/button_Use enter to send_btn btn-link btn-i_5cb4c7'. Try using Self-healing.

2022-01-14 22:10:30 - [MESSAGE][INFO] - [SELF-HEALING] Failed Locator: '//div[@id='yui_3_17_2_1_1641968981501_213']/div/button'.

2022-01-14 22:10:31 - [MESSAGE][INFO] - [SELF-HEALING] Working Locator: '(.//*[normalize-space(text()) and normalize-space(.)='Use enter to send'])[1]/following::button[1]'.

2022-01-14 22:10:31 - [MESSAGE][ERROR] - [SELF-HEALING] Cannot save screenshot to: D:\nam 3\nhap mon CNPM\bonus project\Test-Automation-SE-Bonus\Reports\Self-healing, reason: unknown error: unhandled inspector error: {"code":-32000,"message":"Cannot take screenshot with 0 width."}
  (Session info: chrome=97.0.4692.71)
Build info: version: '3.141.59', revision: 'e82be7d358', time: '2018-11-14T08:25:53'
System info: host: 'ADMIN', ip: '192.168.1.148', os.name: 'Windows 10', os.arch: 'amd64', os.version: '10.0', java.version: '1.8.0_282'
Driver info: com.kms.katalon.selenium.driver.CChromeDriver
Capabilities {acceptInsecureCerts: false, browserName: chrome, browserVersion: 97.0.4692.71, chrome: {chromedriverVersion: 97.0.4692.71 (adefa7837d02a..., userDataDir: C:\Users\Admin\AppData\Loca...}, goog:chromeOptions: {debuggerAddress: localhost:53500}, javascriptEnabled: true, networkConnectionEnabled: false, pageLoadStrategy: normal, platform: WINDOWS, platformName: WINDOWS, proxy: Proxy(), setWindowRect: true, strictFileInteractability: false, timeouts: {implicit: 0, pageLoad: 300000, script: 30000}, unhandledPromptBehavior: dismiss and notify, webauthn:extension:credBlob: true, webauthn:extension:largeBlob: true, webauthn:virtualAuthenticators: true}
Session ID: 8469f6b375286219ff70198ee746dfb3.

2022-01-14 22:10:31 - [MESSAGE][ERROR] - [SELF-HEALING] Cannot save screenshot to: D:\nam 3\nhap mon CNPM\bonus project\Test-Automation-SE-Bonus\Reports\Self-healing, reason: unknown error: unhandled inspector error: {"code":-32000,"message":"Cannot take screenshot with 0 width."}
  (Session info: chrome=97.0.4692.71)
Build info: version: '3.141.59', revision: 'e82be7d358', time: '2018-11-14T08:25:53'
System info: host: 'ADMIN', ip: '192.168.1.148', os.name: 'Windows 10', os.arch: 'amd64', os.version: '10.0', java.version: '1.8.0_282'
Driver info: com.kms.katalon.selenium.driver.CChromeDriver
Capabilities {acceptInsecureCerts: false, browserName: chrome, browserVersion: 97.0.4692.71, chrome: {chromedriverVersion: 97.0.4692.71 (adefa7837d02a..., userDataDir: C:\Users\Admin\AppData\Loca...}, goog:chromeOptions: {debuggerAddress: localhost:53500}, javascriptEnabled: true, networkConnectionEnabled: false, pageLoadStrategy: normal, platform: WINDOWS, platformName: WINDOWS, proxy: Proxy(), setWindowRect: true, strictFileInteractability: false, timeouts: {implicit: 0, pageLoad: 300000, script: 30000}, unhandledPromptBehavior: dismiss and notify, webauthn:extension:credBlob: true, webauthn:extension:largeBlob: true, webauthn:virtualAuthenticators: true}
Session ID: 8469f6b375286219ff70198ee746dfb3.

2022-01-14 22:10:31 - [MESSAGE][WARNING] - [SELF-HEALING] 'other' is different type of Path

2022-01-14 22:10:32 - [MESSAGE][INFO] - Unable to find the element located by 'By.xpath: id("yui_3_17_2_1_1641968981501_213")/div[@class="position-relative d-flex flex-column"]/button[@class="btn btn-link btn-icon icon-size-3 ml-1 mt-auto"]'. Please recheck the objects properties to make sure the desired element is located. 

2022-01-14 22:10:32 - [MESSAGE][INFO] - [SELF-HEALING] Screenshot: D:/nam 3/nhap mon CNPM/bonus project/Test-Automation-SE-Bonus/Reports/Self-healing/Object Repository/Page_Dashboard/button_Use enter to send_btn btn-link btn-i_5cb4c7_CSS.png

2022-01-14 22:10:32 - [MESSAGE][WARNING] - [SELF-HEALING] The current locator of test object 'Object Repository/Page_Dashboard/button_Use enter to send_btn btn-link btn-i_5cb4c7' was broken. Propose an alternative one: 'button.btn.btn-link.btn-icon.icon-size-3.ml-1.mt-auto'.

2022-01-14 22:10:32 - [MESSAGE][PASSED] - Object: 'Object Repository/Page_Dashboard/button_Use enter to send_btn btn-link btn-i_5cb4c7' is clicked on

2022-01-14 22:10:32 - [TEST_STEP][PASSED] - verifyElementText(findTestObject("Object Repository/Page_Dashboard/p_Xin chao ban"), "Xin chao ban"): Actual text and expected text of test object 'Object Repository/Page_Dashboard/p_Xin chao ban' are matched.

2022-01-14 22:10:39 - [MESSAGE][INFO] - Unable to find the element located by 'By.xpath: //div[@id='yui_3_17_2_1_1641968981501_197']/div[3]/div/div/div[4]/div/div/div[3]/p'. Please recheck the objects properties to make sure the desired element is located. 

2022-01-14 22:10:39 - [MESSAGE][WARNING] - [SELF-HEALING] Failed to find element with id 'Object Repository/Page_Dashboard/p_Xin chao ban'. Try using Self-healing.

2022-01-14 22:10:39 - [MESSAGE][INFO] - [SELF-HEALING] Failed Locator: '//div[@id='yui_3_17_2_1_1641968981501_197']/div[3]/div/div/div[4]/div/div/div[3]/p'.

2022-01-14 22:10:39 - [MESSAGE][INFO] - [SELF-HEALING] Working Locator: '(.//*[normalize-space(text()) and normalize-space(.)='Retry'])[1]/following::p[1]'.

2022-01-14 22:10:39 - [MESSAGE][INFO] - [SELF-HEALING] Screenshot: D:/nam 3/nhap mon CNPM/bonus project/Test-Automation-SE-Bonus/Reports/Self-healing/Object Repository/Page_Dashboard/p_Xin chao ban_neighbor.png

2022-01-14 22:10:39 - [MESSAGE][WARNING] - [SELF-HEALING] The current locator of test object 'Object Repository/Page_Dashboard/p_Xin chao ban' was broken. Propose an alternative one: '(.//*[normalize-space(text()) and normalize-space(.)='Retry'])[1]/following::p[1]'.

2022-01-14 22:10:39 - [MESSAGE][PASSED] - Actual text and expected text of test object 'Object Repository/Page_Dashboard/p_Xin chao ban' are matched.

2022-01-14 22:10:39 - [TEST_STEP][PASSED] - click(findTestObject("Object Repository/Page_Dashboard/a_Student Walston")): Object: 'Object Repository/Page_Dashboard/a_Student Walston' is clicked on

2022-01-14 22:10:39 - [MESSAGE][PASSED] - Object: 'Object Repository/Page_Dashboard/a_Student Walston' is clicked on

2022-01-14 22:10:39 - [TEST_STEP][PASSED] - click(findTestObject("Object Repository/Page_Dashboard/a_Log out")): Object: 'Object Repository/Page_Dashboard/a_Log out' is clicked on

2022-01-14 22:10:40 - [MESSAGE][PASSED] - Object: 'Object Repository/Page_Dashboard/a_Log out' is clicked on

2022-01-14 22:10:40 - [TEST_STEP][PASSED] - click(findTestObject("Object Repository/Page_HCMUS/a_Log in")): Object: 'Object Repository/Page_HCMUS/a_Log in' is clicked on

2022-01-14 22:10:41 - [MESSAGE][PASSED] - Object: 'Object Repository/Page_HCMUS/a_Log in' is clicked on

2022-01-14 22:10:41 - [TEST_STEP][PASSED] - setText(findTestObject("Object Repository/Page_HCMUS Log in to the site/input_Username_username"), "student4"): Text 'student4' is set on object 'Object Repository/Page_HCMUS Log in to the site/input_Username_username'

2022-01-14 22:10:42 - [MESSAGE][PASSED] - Text 'student4' is set on object 'Object Repository/Page_HCMUS Log in to the site/input_Username_username'

2022-01-14 22:10:42 - [TEST_STEP][PASSED] - setEncryptedText(findTestObject("Object Repository/Page_HCMUS Log in to the site/input_Password_password"), "xsue+lrReh4ZVHWELaqxDw=="): Text ****** has been set on object 'Object Repository/Page_HCMUS Log in to the site/input_Password_password'

2022-01-14 22:10:42 - [MESSAGE][PASSED] - Text ****** has been set on object 'Object Repository/Page_HCMUS Log in to the site/input_Password_password'

2022-01-14 22:10:42 - [TEST_STEP][PASSED] - click(findTestObject("Object Repository/Page_HCMUS Log in to the site/button_Log in")): Object: 'Object Repository/Page_HCMUS Log in to the site/button_Log in' is clicked on

2022-01-14 22:10:43 - [MESSAGE][PASSED] - Object: 'Object Repository/Page_HCMUS Log in to the site/button_Log in' is clicked on

2022-01-14 22:10:43 - [TEST_STEP][PASSED] - click(findTestObject("Object Repository/Page_Dashboard/i_See all_icon fa fa-comment fa-fw")): Object: 'Object Repository/Page_Dashboard/i_See all_icon fa fa-comment fa-fw' is clicked on

2022-01-14 22:10:49 - [MESSAGE][INFO] - Unable to find the element located by 'By.xpath: //a[@id='message-drawer-toggle-61de75556871461de7555228969']/i'. Please recheck the objects properties to make sure the desired element is located. 

2022-01-14 22:10:49 - [MESSAGE][WARNING] - [SELF-HEALING] Failed to find element with id 'Object Repository/Page_Dashboard/i_See all_icon fa fa-comment fa-fw'. Try using Self-healing.

2022-01-14 22:10:50 - [MESSAGE][WARNING] - [SELF-HEALING] The current locator of test object 'Object Repository/Page_Dashboard/i_See all_icon fa fa-comment fa-fw' was broken. Propose an alternative one: '//div[2]/a/i'.

2022-01-14 22:10:50 - [MESSAGE][PASSED] - Object: 'Object Repository/Page_Dashboard/i_See all_icon fa fa-comment fa-fw' is clicked on

2022-01-14 22:10:50 - [TEST_STEP][PASSED] - click(findTestObject("Object Repository/Page_Dashboard/p_Xin chao ban_1")): Object: 'Object Repository/Page_Dashboard/p_Xin chao ban_1' is clicked on

2022-01-14 22:10:56 - [MESSAGE][INFO] - Unable to find the element located by 'By.xpath: //div[@id='view-overview-messages-target-61de757f8a46761de757f3cf1018']/div[2]/a/div/p'. Please recheck the objects properties to make sure the desired element is located. 

2022-01-14 22:10:56 - [MESSAGE][WARNING] - [SELF-HEALING] Failed to find element with id 'Object Repository/Page_Dashboard/p_Xin chao ban_1'. Try using Self-healing.

2022-01-14 22:10:56 - [MESSAGE][INFO] - [SELF-HEALING] Failed Locator: '//div[@id='view-overview-messages-target-61de757f8a46761de757f3cf1018']/div[2]/a/div/p'.

2022-01-14 22:10:56 - [MESSAGE][INFO] - [SELF-HEALING] Working Locator: '(.//*[normalize-space(text()) and normalize-space(.)='Student Walston'])[2]/following::p[1]'.

2022-01-14 22:10:57 - [MESSAGE][INFO] - [SELF-HEALING] Screenshot: D:/nam 3/nhap mon CNPM/bonus project/Test-Automation-SE-Bonus/Reports/Self-healing/Object Repository/Page_Dashboard/p_Xin chao ban_1_neighbor.png

2022-01-14 22:10:57 - [MESSAGE][WARNING] - [SELF-HEALING] The current locator of test object 'Object Repository/Page_Dashboard/p_Xin chao ban_1' was broken. Propose an alternative one: '(.//*[normalize-space(text()) and normalize-space(.)='Student Walston'])[2]/following::p[1]'.

2022-01-14 22:10:57 - [MESSAGE][PASSED] - Object: 'Object Repository/Page_Dashboard/p_Xin chao ban_1' is clicked on

2022-01-14 22:10:57 - [TEST_STEP][PASSED] - verifyElementText(findTestObject("Object Repository/Page_Dashboard/h6_Student Walston"), "Student Walston"): Actual text and expected text of test object 'Object Repository/Page_Dashboard/h6_Student Walston' are matched.

2022-01-14 22:11:03 - [MESSAGE][INFO] - Unable to find the element located by 'By.xpath: //div[@id='yui_3_17_2_1_1641969023631_197']/div[3]/div/div/div[4]/div/div/div[2]/div[2]/h6'. Please recheck the objects properties to make sure the desired element is located. 

2022-01-14 22:11:03 - [MESSAGE][WARNING] - [SELF-HEALING] Failed to find element with id 'Object Repository/Page_Dashboard/h6_Student Walston'. Try using Self-healing.

2022-01-14 22:11:03 - [MESSAGE][INFO] - [SELF-HEALING] Failed Locator: '//div[@id='yui_3_17_2_1_1641969023631_197']/div[3]/div/div/div[4]/div/div/div[2]/div[2]/h6'.

2022-01-14 22:11:03 - [MESSAGE][INFO] - [SELF-HEALING] Working Locator: '(.//*[normalize-space(text()) and normalize-space(.)='No contact requests'])[1]/following::h6[2]'.

2022-01-14 22:11:03 - [MESSAGE][INFO] - [SELF-HEALING] Screenshot: D:/nam 3/nhap mon CNPM/bonus project/Test-Automation-SE-Bonus/Reports/Self-healing/Object Repository/Page_Dashboard/h6_Student Walston_neighbor.png

2022-01-14 22:11:03 - [MESSAGE][WARNING] - [SELF-HEALING] The current locator of test object 'Object Repository/Page_Dashboard/h6_Student Walston' was broken. Propose an alternative one: '(.//*[normalize-space(text()) and normalize-space(.)='No contact requests'])[1]/following::h6[2]'.

2022-01-14 22:11:03 - [MESSAGE][PASSED] - Actual text and expected text of test object 'Object Repository/Page_Dashboard/h6_Student Walston' are matched.

2022-01-14 22:11:03 - [TEST_STEP][PASSED] - verifyElementText(findTestObject("Object Repository/Page_Dashboard/p_Xin chao ban"), "Xin chao ban"): Actual text and expected text of test object 'Object Repository/Page_Dashboard/p_Xin chao ban' are matched.

2022-01-14 22:11:10 - [MESSAGE][INFO] - Unable to find the element located by 'By.xpath: //div[@id='yui_3_17_2_1_1641968981501_197']/div[3]/div/div/div[4]/div/div/div[3]/p'. Please recheck the objects properties to make sure the desired element is located. 

2022-01-14 22:11:10 - [MESSAGE][WARNING] - [SELF-HEALING] Failed to find element with id 'Object Repository/Page_Dashboard/p_Xin chao ban'. Try using Self-healing.

2022-01-14 22:11:10 - [MESSAGE][WARNING] - [SELF-HEALING] The current locator of test object 'Object Repository/Page_Dashboard/p_Xin chao ban' was broken. Propose an alternative one: '(.//*[normalize-space(text()) and normalize-space(.)='Retry'])[1]/following::p[1]'.

2022-01-14 22:11:10 - [MESSAGE][PASSED] - Actual text and expected text of test object 'Object Repository/Page_Dashboard/p_Xin chao ban' are matched.

2022-01-14 22:11:10 - [TEST_STEP][PASSED] - closeBrowser(): Browser is closed

2022-01-14 22:11:10 - [MESSAGE][PASSED] - Browser is closed]]></system-out>
         <system-err><![CDATA[]]></system-err>
      </testcase>
      <testcase name="Test Cases/38_Giáo viên thêm một thư mục vào môn học" time="26.994" classname="Test Cases/38_Giáo viên thêm một thư mục vào môn học" status="PASSED">
         <system-out><![CDATA[2022-01-14 22:11:10 - [TEST_CASE][PASSED] - Test Cases/38_Giáo viên thêm một thư mục vào môn học: Test Cases/38_Giáo viên thêm một thư mục vào môn học

2022-01-14 22:11:11 - [TEST_STEP][PASSED] - openBrowser(""): Browser is opened with url: ''

2022-01-14 22:11:11 - [MESSAGE][INFO] - Starting 'Chrome' driver

2022-01-14 22:11:11 - [MESSAGE][INFO] - Action delay is set to 0 milliseconds

2022-01-14 22:11:12 - [MESSAGE][PASSED] - Browser is opened with url: ''

2022-01-14 22:11:12 - [TEST_STEP][PASSED] - navigateToUrl("http://localhost/"): Navigate to 'http://localhost/' successfully

2022-01-14 22:11:12 - [MESSAGE][PASSED] - Navigate to 'http://localhost/' successfully

2022-01-14 22:11:12 - [TEST_STEP][PASSED] - click(findTestObject("Object Repository/Page_HCMUS/a_Log in")): Object: 'Object Repository/Page_HCMUS/a_Log in' is clicked on

2022-01-14 22:11:13 - [MESSAGE][PASSED] - Object: 'Object Repository/Page_HCMUS/a_Log in' is clicked on

2022-01-14 22:11:13 - [TEST_STEP][PASSED] - setText(findTestObject("Object Repository/Page_HCMUS Log in to the site/input_Username_username"), "teacher1"): Text 'teacher1' is set on object 'Object Repository/Page_HCMUS Log in to the site/input_Username_username'

2022-01-14 22:11:14 - [MESSAGE][PASSED] - Text 'teacher1' is set on object 'Object Repository/Page_HCMUS Log in to the site/input_Username_username'

2022-01-14 22:11:14 - [TEST_STEP][PASSED] - setEncryptedText(findTestObject("Object Repository/Page_HCMUS Log in to the site/input_Password_password"), "iKb8CrY6A/iqm08K47hQLA=="): Text ****** has been set on object 'Object Repository/Page_HCMUS Log in to the site/input_Password_password'

2022-01-14 22:11:14 - [MESSAGE][PASSED] - Text ****** has been set on object 'Object Repository/Page_HCMUS Log in to the site/input_Password_password'

2022-01-14 22:11:14 - [TEST_STEP][PASSED] - click(findTestObject("Object Repository/Page_HCMUS Log in to the site/button_Log in")): Object: 'Object Repository/Page_HCMUS Log in to the site/button_Log in' is clicked on

2022-01-14 22:11:15 - [MESSAGE][PASSED] - Object: 'Object Repository/Page_HCMUS Log in to the site/button_Log in' is clicked on

2022-01-14 22:11:15 - [TEST_STEP][PASSED] - click(findTestObject("Object Repository/Page_Dashboard/span_Site home")): Object: 'Object Repository/Page_Dashboard/span_Site home' is clicked on

2022-01-14 22:11:17 - [MESSAGE][PASSED] - Object: 'Object Repository/Page_Dashboard/span_Site home' is clicked on

2022-01-14 22:11:17 - [TEST_STEP][PASSED] - click(findTestObject("Object Repository/Page_HCMUS/a_Nhp mn tr tu nhn to")): Object: 'Object Repository/Page_HCMUS/a_Nhp mn tr tu nhn to' is clicked on

2022-01-14 22:11:18 - [MESSAGE][PASSED] - Object: 'Object Repository/Page_HCMUS/a_Nhp mn tr tu nhn to' is clicked on

2022-01-14 22:11:18 - [TEST_STEP][PASSED] - click(findTestObject("Object Repository/Page_Course Nhp mn tr tu nhn to/button_Turn editing on")): Object: 'Object Repository/Page_Course Nhp mn tr tu nhn to/button_Turn editing on' is clicked on

2022-01-14 22:11:24 - [MESSAGE][INFO] - Unable to find the element located by 'By.xpath: //button[@id='single_button61deb918b38a91']'. Please recheck the objects properties to make sure the desired element is located. 

2022-01-14 22:11:24 - [MESSAGE][WARNING] - [SELF-HEALING] Failed to find element with id 'Object Repository/Page_Course Nhp mn tr tu nhn to/button_Turn editing on'. Try using Self-healing.

2022-01-14 22:11:24 - [MESSAGE][WARNING] - [SELF-HEALING] The current locator of test object 'Object Repository/Page_Course Nhp mn tr tu nhn to/button_Turn editing on' was broken. Propose an alternative one: '(.//*[normalize-space(text()) and normalize-space(.)='AI'])[2]/following::button[1]'.

2022-01-14 22:11:25 - [MESSAGE][PASSED] - Object: 'Object Repository/Page_Course Nhp mn tr tu nhn to/button_Turn editing on' is clicked on

2022-01-14 22:11:25 - [TEST_STEP][PASSED] - click(findTestObject("Object Repository/Page_Course Nhp mn tr tu nhn to/span_Add an activity or resource")): Object: 'Object Repository/Page_Course Nhp mn tr tu nhn to/span_Add an activity or resource' is clicked on

2022-01-14 22:11:31 - [MESSAGE][INFO] - Unable to find the element located by 'By.xpath: //span[@id='yui_3_17_2_1_1641986354069_794']'. Please recheck the objects properties to make sure the desired element is located. 

2022-01-14 22:11:31 - [MESSAGE][WARNING] - [SELF-HEALING] Failed to find element with id 'Object Repository/Page_Course Nhp mn tr tu nhn to/span_Add an activity or resource'. Try using Self-healing.

2022-01-14 22:11:31 - [MESSAGE][WARNING] - [SELF-HEALING] The current locator of test object 'Object Repository/Page_Course Nhp mn tr tu nhn to/span_Add an activity or resource' was broken. Propose an alternative one: '(.//*[normalize-space(text()) and normalize-space(.)='Add file(s) here'])[1]/following::span[1]'.

2022-01-14 22:11:31 - [MESSAGE][PASSED] - Object: 'Object Repository/Page_Course Nhp mn tr tu nhn to/span_Add an activity or resource' is clicked on

2022-01-14 22:11:31 - [TEST_STEP][PASSED] - click(findTestObject("Object Repository/Page_Course Nhp mn tr tu nhn to/div_Folder")): Object: 'Object Repository/Page_Course Nhp mn tr tu nhn to/div_Folder' is clicked on

2022-01-14 22:11:33 - [MESSAGE][PASSED] - Object: 'Object Repository/Page_Course Nhp mn tr tu nhn to/div_Folder' is clicked on

2022-01-14 22:11:33 - [TEST_STEP][PASSED] - setText(findTestObject("Object Repository/Page_Editing Folder/input_Name_name"), "Documents"): Text 'Documents' is set on object 'Object Repository/Page_Editing Folder/input_Name_name'

2022-01-14 22:11:35 - [MESSAGE][PASSED] - Text 'Documents' is set on object 'Object Repository/Page_Editing Folder/input_Name_name'

2022-01-14 22:11:35 - [TEST_STEP][PASSED] - click(findTestObject("Object Repository/Page_Editing Folder/input_Upon activity completion_submitbutton")): Object: 'Object Repository/Page_Editing Folder/input_Upon activity completion_submitbutton' is clicked on

2022-01-14 22:11:36 - [MESSAGE][PASSED] - Object: 'Object Repository/Page_Editing Folder/input_Upon activity completion_submitbutton' is clicked on

2022-01-14 22:11:36 - [TEST_STEP][PASSED] - verifyElementText(findTestObject("Object Repository/Page_AI Documents/h2_Documents"), "Documents"): Actual text and expected text of test object 'Object Repository/Page_AI Documents/h2_Documents' are matched.

2022-01-14 22:11:37 - [MESSAGE][PASSED] - Actual text and expected text of test object 'Object Repository/Page_AI Documents/h2_Documents' are matched.

2022-01-14 22:11:37 - [TEST_STEP][PASSED] - closeBrowser(): Browser is closed

2022-01-14 22:11:37 - [MESSAGE][PASSED] - Browser is closed]]></system-out>
         <system-err><![CDATA[]]></system-err>
      </testcase>
      <testcase name="Test Cases/39_Giáo viên pin một discussion trong forum" time="18.432" classname="Test Cases/39_Giáo viên pin một discussion trong forum" status="FAILED">
         <failure type="FAILED" message="Test Cases/39_Giáo viên pin một discussion trong forum FAILED.
Reason:
com.kms.katalon.core.exception.StepFailedException: Unable to click on object 'Object Repository/Page_Forum 1/i_Subscribe to this discussion_icon fa fa-e_f628f6'
	at com.kms.katalon.core.webui.keyword.internal.WebUIKeywordMain.stepFailed(WebUIKeywordMain.groovy:64)
	at com.kms.katalon.core.webui.keyword.internal.WebUIKeywordMain.runKeyword(WebUIKeywordMain.groovy:26)
	at com.kms.katalon.core.webui.keyword.builtin.ClickKeyword.click(ClickKeyword.groovy:74)
	at com.kms.katalon.core.webui.keyword.builtin.ClickKeyword.execute(ClickKeyword.groovy:40)
	at com.kms.katalon.core.keyword.internal.KeywordExecutor.executeKeywordForPlatform(KeywordExecutor.groovy:74)
	at com.kms.katalon.core.webui.keyword.WebUiBuiltInKeywords.click(WebUiBuiltInKeywords.groovy:620)
	at com.kms.katalon.core.webui.keyword.WebUiBuiltInKeywords$click$1.call(Unknown Source)
	at 39_Giáo viên pin một discussion trong forum.run(39_Giáo viên pin một discussion trong forum:38)
	at com.kms.katalon.core.main.ScriptEngine.run(ScriptEngine.java:194)
	at com.kms.katalon.core.main.ScriptEngine.runScriptAsRawText(ScriptEngine.java:119)
	at com.kms.katalon.core.main.TestCaseExecutor.runScript(TestCaseExecutor.java:442)
	at com.kms.katalon.core.main.TestCaseExecutor.doExecute(TestCaseExecutor.java:433)
	at com.kms.katalon.core.main.TestCaseExecutor.processExecutionPhase(TestCaseExecutor.java:412)
	at com.kms.katalon.core.main.TestCaseExecutor.accessMainPhase(TestCaseExecutor.java:404)
	at com.kms.katalon.core.main.TestCaseExecutor.execute(TestCaseExecutor.java:281)
	at com.kms.katalon.core.main.TestCaseExecutor.execute(TestCaseExecutor.java:363)
	at com.kms.katalon.core.main.TestCaseExecutor.execute(TestCaseExecutor.java:363)
	at com.kms.katalon.core.main.TestCaseExecutor.execute(TestCaseExecutor.java:363)
	at com.kms.katalon.core.main.TestSuiteExecutor.accessTestCaseMainPhase(TestSuiteExecutor.java:202)
	at com.kms.katalon.core.main.TestSuiteExecutor.accessTestSuiteMainPhase(TestSuiteExecutor.java:164)
	at com.kms.katalon.core.main.TestSuiteExecutor.execute(TestSuiteExecutor.java:105)
	at com.kms.katalon.core.main.TestCaseMain.startTestSuite(TestCaseMain.java:181)
	at com.kms.katalon.core.main.TestCaseMain$startTestSuite$0.call(Unknown Source)
	at TempTestSuite1642171212458.run(TempTestSuite1642171212458.groovy:36)
Caused by: com.kms.katalon.core.webui.exception.WebElementNotFoundException: Web element with id: 'Object Repository/Page_Forum 1/i_Subscribe to this discussion_icon fa fa-e_f628f6' located by '//a[@id='yui_3_17_2_1_1641986967470_501']/i' not found
	at com.kms.katalon.core.webui.common.WebUiCommonHelper.findWebElement(WebUiCommonHelper.java:1368)
	at com.kms.katalon.core.webui.keyword.internal.WebUIAbstractKeyword.findWebElement(WebUIAbstractKeyword.groovy:27)
	at com.kms.katalon.core.webui.keyword.builtin.ClickKeyword$_click_closure1.doCall(ClickKeyword.groovy:65)
	at com.kms.katalon.core.webui.keyword.builtin.ClickKeyword$_click_closure1.call(ClickKeyword.groovy)
	at com.kms.katalon.core.webui.keyword.internal.WebUIKeywordMain.runKeyword(WebUIKeywordMain.groovy:20)
	... 22 more
"/>
         <system-out><![CDATA[2022-01-14 22:12:33 - [TEST_CASE][FAILED] - Test Cases/39_Giáo viên pin một discussion trong forum: Test Cases/39_Giáo viên pin một discussion trong forum FAILED.
Reason:
com.kms.katalon.core.exception.StepFailedException: Unable to click on object 'Object Repository/Page_Forum 1/i_Subscribe to this discussion_icon fa fa-e_f628f6'
	at com.kms.katalon.core.webui.keyword.internal.WebUIKeywordMain.stepFailed(WebUIKeywordMain.groovy:64)
	at com.kms.katalon.core.webui.keyword.internal.WebUIKeywordMain.runKeyword(WebUIKeywordMain.groovy:26)
	at com.kms.katalon.core.webui.keyword.builtin.ClickKeyword.click(ClickKeyword.groovy:74)
	at com.kms.katalon.core.webui.keyword.builtin.ClickKeyword.execute(ClickKeyword.groovy:40)
	at com.kms.katalon.core.keyword.internal.KeywordExecutor.executeKeywordForPlatform(KeywordExecutor.groovy:74)
	at com.kms.katalon.core.webui.keyword.WebUiBuiltInKeywords.click(WebUiBuiltInKeywords.groovy:620)
	at com.kms.katalon.core.webui.keyword.WebUiBuiltInKeywords$click$1.call(Unknown Source)
	at 39_Giáo viên pin một discussion trong forum.run(39_Giáo viên pin một discussion trong forum:38)
	at com.kms.katalon.core.main.ScriptEngine.run(ScriptEngine.java:194)
	at com.kms.katalon.core.main.ScriptEngine.runScriptAsRawText(ScriptEngine.java:119)
	at com.kms.katalon.core.main.TestCaseExecutor.runScript(TestCaseExecutor.java:442)
	at com.kms.katalon.core.main.TestCaseExecutor.doExecute(TestCaseExecutor.java:433)
	at com.kms.katalon.core.main.TestCaseExecutor.processExecutionPhase(TestCaseExecutor.java:412)
	at com.kms.katalon.core.main.TestCaseExecutor.accessMainPhase(TestCaseExecutor.java:404)
	at com.kms.katalon.core.main.TestCaseExecutor.execute(TestCaseExecutor.java:281)
	at com.kms.katalon.core.main.TestCaseExecutor.execute(TestCaseExecutor.java:363)
	at com.kms.katalon.core.main.TestCaseExecutor.execute(TestCaseExecutor.java:363)
	at com.kms.katalon.core.main.TestCaseExecutor.execute(TestCaseExecutor.java:363)
	at com.kms.katalon.core.main.TestSuiteExecutor.accessTestCaseMainPhase(TestSuiteExecutor.java:202)
	at com.kms.katalon.core.main.TestSuiteExecutor.accessTestSuiteMainPhase(TestSuiteExecutor.java:164)
	at com.kms.katalon.core.main.TestSuiteExecutor.execute(TestSuiteExecutor.java:105)
	at com.kms.katalon.core.main.TestCaseMain.startTestSuite(TestCaseMain.java:181)
	at com.kms.katalon.core.main.TestCaseMain$startTestSuite$0.call(Unknown Source)
	at TempTestSuite1642171212458.run(TempTestSuite1642171212458.groovy:36)
Caused by: com.kms.katalon.core.webui.exception.WebElementNotFoundException: Web element with id: 'Object Repository/Page_Forum 1/i_Subscribe to this discussion_icon fa fa-e_f628f6' located by '//a[@id='yui_3_17_2_1_1641986967470_501']/i' not found
	at com.kms.katalon.core.webui.common.WebUiCommonHelper.findWebElement(WebUiCommonHelper.java:1368)
	at com.kms.katalon.core.webui.keyword.internal.WebUIAbstractKeyword.findWebElement(WebUIAbstractKeyword.groovy:27)
	at com.kms.katalon.core.webui.keyword.builtin.ClickKeyword$_click_closure1.doCall(ClickKeyword.groovy:65)
	at com.kms.katalon.core.webui.keyword.builtin.ClickKeyword$_click_closure1.call(ClickKeyword.groovy)
	at com.kms.katalon.core.webui.keyword.internal.WebUIKeywordMain.runKeyword(WebUIKeywordMain.groovy:20)
	... 22 more


2022-01-14 22:12:33 - [TEST_STEP][PASSED] - openBrowser(""): Browser is opened with url: ''

2022-01-14 22:12:33 - [MESSAGE][WARNING] - A browser is already opened. Closing browser and opening a new one

2022-01-14 22:12:34 - [MESSAGE][INFO] - Starting 'Chrome' driver

2022-01-14 22:12:34 - [MESSAGE][INFO] - Action delay is set to 0 milliseconds

2022-01-14 22:12:35 - [MESSAGE][PASSED] - Browser is opened with url: ''

2022-01-14 22:12:35 - [TEST_STEP][PASSED] - navigateToUrl("http://localhost/"): Navigate to 'http://localhost/' successfully

2022-01-14 22:12:35 - [MESSAGE][PASSED] - Navigate to 'http://localhost/' successfully

2022-01-14 22:12:35 - [TEST_STEP][PASSED] - click(findTestObject("Object Repository/Page_HCMUS/a_Log in")): Object: 'Object Repository/Page_HCMUS/a_Log in' is clicked on

2022-01-14 22:12:36 - [MESSAGE][PASSED] - Object: 'Object Repository/Page_HCMUS/a_Log in' is clicked on

2022-01-14 22:12:36 - [TEST_STEP][PASSED] - setText(findTestObject("Object Repository/Page_HCMUS Log in to the site/input_Username_username"), "teacher1"): Text 'teacher1' is set on object 'Object Repository/Page_HCMUS Log in to the site/input_Username_username'

2022-01-14 22:12:37 - [MESSAGE][PASSED] - Text 'teacher1' is set on object 'Object Repository/Page_HCMUS Log in to the site/input_Username_username'

2022-01-14 22:12:37 - [TEST_STEP][PASSED] - setEncryptedText(findTestObject("Object Repository/Page_HCMUS Log in to the site/input_Password_password"), "iKb8CrY6A/iqm08K47hQLA=="): Text ****** has been set on object 'Object Repository/Page_HCMUS Log in to the site/input_Password_password'

2022-01-14 22:12:37 - [MESSAGE][PASSED] - Text ****** has been set on object 'Object Repository/Page_HCMUS Log in to the site/input_Password_password'

2022-01-14 22:12:37 - [TEST_STEP][PASSED] - click(findTestObject("Object Repository/Page_HCMUS Log in to the site/button_Log in")): Object: 'Object Repository/Page_HCMUS Log in to the site/button_Log in' is clicked on

2022-01-14 22:12:38 - [MESSAGE][PASSED] - Object: 'Object Repository/Page_HCMUS Log in to the site/button_Log in' is clicked on

2022-01-14 22:12:38 - [TEST_STEP][PASSED] - click(findTestObject("Object Repository/Page_Dashboard/span_Site home")): Object: 'Object Repository/Page_Dashboard/span_Site home' is clicked on

2022-01-14 22:12:40 - [MESSAGE][PASSED] - Object: 'Object Repository/Page_Dashboard/span_Site home' is clicked on

2022-01-14 22:12:40 - [TEST_STEP][PASSED] - click(findTestObject("Object Repository/Page_HCMUS/a_Nhp mn tr tu nhn to")): Object: 'Object Repository/Page_HCMUS/a_Nhp mn tr tu nhn to' is clicked on

2022-01-14 22:12:41 - [MESSAGE][PASSED] - Object: 'Object Repository/Page_HCMUS/a_Nhp mn tr tu nhn to' is clicked on

2022-01-14 22:12:41 - [TEST_STEP][PASSED] - click(findTestObject("Object Repository/Page_Course Nhp mn tr tu nhn to/span_Forum 1")): Object: 'Object Repository/Page_Course Nhp mn tr tu nhn to/span_Forum 1' is clicked on

2022-01-14 22:12:42 - [MESSAGE][PASSED] - Object: 'Object Repository/Page_Course Nhp mn tr tu nhn to/span_Forum 1' is clicked on

2022-01-14 22:12:42 - [TEST_STEP][FAILED] - click(findTestObject("Object Repository/Page_Forum 1/i_Subscribe to this discussion_icon fa fa-e_f628f6")): Unable to click on object 'Object Repository/Page_Forum 1/i_Subscribe to this discussion_icon fa fa-e_f628f6' (Root cause: com.kms.katalon.core.exception.StepFailedException: Unable to click on object 'Object Repository/Page_Forum 1/i_Subscribe to this discussion_icon fa fa-e_f628f6'
	at com.kms.katalon.core.webui.keyword.internal.WebUIKeywordMain.stepFailed(WebUIKeywordMain.groovy:64)
	at com.kms.katalon.core.webui.keyword.internal.WebUIKeywordMain.runKeyword(WebUIKeywordMain.groovy:26)
	at com.kms.katalon.core.webui.keyword.builtin.ClickKeyword.click(ClickKeyword.groovy:74)
	at com.kms.katalon.core.webui.keyword.builtin.ClickKeyword.execute(ClickKeyword.groovy:40)
	at com.kms.katalon.core.keyword.internal.KeywordExecutor.executeKeywordForPlatform(KeywordExecutor.groovy:74)
	at com.kms.katalon.core.webui.keyword.WebUiBuiltInKeywords.click(WebUiBuiltInKeywords.groovy:620)
	at com.kms.katalon.core.webui.keyword.WebUiBuiltInKeywords$click$1.call(Unknown Source)
	at 39_Giáo viên pin một discussion trong forum.run(39_Giáo viên pin một discussion trong forum:38)
	at com.kms.katalon.core.main.ScriptEngine.run(ScriptEngine.java:194)
	at com.kms.katalon.core.main.ScriptEngine.runScriptAsRawText(ScriptEngine.java:119)
	at com.kms.katalon.core.main.TestCaseExecutor.runScript(TestCaseExecutor.java:442)
	at com.kms.katalon.core.main.TestCaseExecutor.doExecute(TestCaseExecutor.java:433)
	at com.kms.katalon.core.main.TestCaseExecutor.processExecutionPhase(TestCaseExecutor.java:412)
	at com.kms.katalon.core.main.TestCaseExecutor.accessMainPhase(TestCaseExecutor.java:404)
	at com.kms.katalon.core.main.TestCaseExecutor.execute(TestCaseExecutor.java:281)
	at com.kms.katalon.core.main.TestCaseExecutor.execute(TestCaseExecutor.java:363)
	at com.kms.katalon.core.main.TestCaseExecutor.execute(TestCaseExecutor.java:363)
	at com.kms.katalon.core.main.TestCaseExecutor.execute(TestCaseExecutor.java:363)
	at com.kms.katalon.core.main.TestSuiteExecutor.accessTestCaseMainPhase(TestSuiteExecutor.java:202)
	at com.kms.katalon.core.main.TestSuiteExecutor.accessTestSuiteMainPhase(TestSuiteExecutor.java:164)
	at com.kms.katalon.core.main.TestSuiteExecutor.execute(TestSuiteExecutor.java:105)
	at com.kms.katalon.core.main.TestCaseMain.startTestSuite(TestCaseMain.java:181)
	at com.kms.katalon.core.main.TestCaseMain$startTestSuite$0.call(Unknown Source)
	at TempTestSuite1642171212458.run(TempTestSuite1642171212458.groovy:36)
Caused by: com.kms.katalon.core.webui.exception.WebElementNotFoundException: Web element with id: 'Object Repository/Page_Forum 1/i_Subscribe to this discussion_icon fa fa-e_f628f6' located by '//a[@id='yui_3_17_2_1_1641986967470_501']/i' not found
	at com.kms.katalon.core.webui.common.WebUiCommonHelper.findWebElement(WebUiCommonHelper.java:1368)
	at com.kms.katalon.core.webui.keyword.internal.WebUIAbstractKeyword.findWebElement(WebUIAbstractKeyword.groovy:27)
	at com.kms.katalon.core.webui.keyword.builtin.ClickKeyword$_click_closure1.doCall(ClickKeyword.groovy:65)
	at com.kms.katalon.core.webui.keyword.builtin.ClickKeyword$_click_closure1.call(ClickKeyword.groovy)
	at com.kms.katalon.core.webui.keyword.internal.WebUIKeywordMain.runKeyword(WebUIKeywordMain.groovy:20)
	at com.kms.katalon.core.webui.keyword.builtin.ClickKeyword.click(ClickKeyword.groovy:74)
	at com.kms.katalon.core.webui.keyword.builtin.ClickKeyword.execute(ClickKeyword.groovy:40)
	at com.kms.katalon.core.keyword.internal.KeywordExecutor.executeKeywordForPlatform(KeywordExecutor.groovy:74)
	at com.kms.katalon.core.webui.keyword.WebUiBuiltInKeywords.click(WebUiBuiltInKeywords.groovy:620)
	at com.kms.katalon.core.webui.keyword.WebUiBuiltInKeywords$click$1.call(Unknown Source)
	at Script1641986436339.run(Script1641986436339.groovy:38)
	... 16 more
)

2022-01-14 22:12:48 - [MESSAGE][INFO] - Unable to find the element located by 'By.xpath: //a[@id='yui_3_17_2_1_1641986967470_501']/i'. Please recheck the objects properties to make sure the desired element is located. 

2022-01-14 22:12:48 - [MESSAGE][WARNING] - [SELF-HEALING] Failed to find element with id 'Object Repository/Page_Forum 1/i_Subscribe to this discussion_icon fa fa-e_f628f6'. Try using Self-healing.

2022-01-14 22:12:48 - [MESSAGE][INFO] - [SELF-HEALING] Failed Locator: '//a[@id='yui_3_17_2_1_1641986967470_501']/i'.

2022-01-14 22:12:48 - [MESSAGE][INFO] - [SELF-HEALING] Failed Locator: '//td[6]/div/div/div/a/i'.

2022-01-14 22:12:48 - [MESSAGE][INFO] - [SELF-HEALING] Failed Locator: '//a[@id='yui_3_17_2_1_1641986468256_501']/i'.

2022-01-14 22:12:49 - [MESSAGE][INFO] - [SELF-HEALING] Failed Locator: '//a[@id='yui_3_17_2_1_1641986967470_501']/i'.

2022-01-14 22:12:49 - [MESSAGE][INFO] - [SELF-HEALING] Failed Locator: '//td[6]/div/div/div/a/i'.

2022-01-14 22:12:49 - [MESSAGE][INFO] - [SELF-HEALING] Failed Locator: '//a[@id='yui_3_17_2_1_1641986468256_501']/i'.

2022-01-14 22:12:50 - [MESSAGE][INFO] - Unable to find the element located by 'By.xpath: id("yui_3_17_2_1_1641986967470_501")/i[@class="icon fa fa-ellipsis-v fa-fw"]'. Please recheck the objects properties to make sure the desired element is located. 

2022-01-14 22:12:51 - [MESSAGE][INFO] - Unable to find the element located by 'By.cssSelector: '. Please recheck the objects properties to make sure the desired element is located. 

2022-01-14 22:12:51 - [MESSAGE][FAILED] - Unable to click on object 'Object Repository/Page_Forum 1/i_Subscribe to this discussion_icon fa fa-e_f628f6' (Root cause: com.kms.katalon.core.exception.StepFailedException: Unable to click on object 'Object Repository/Page_Forum 1/i_Subscribe to this discussion_icon fa fa-e_f628f6'
	at com.kms.katalon.core.webui.keyword.internal.WebUIKeywordMain.stepFailed(WebUIKeywordMain.groovy:64)
	at com.kms.katalon.core.webui.keyword.internal.WebUIKeywordMain.runKeyword(WebUIKeywordMain.groovy:26)
	at com.kms.katalon.core.webui.keyword.builtin.ClickKeyword.click(ClickKeyword.groovy:74)
	at com.kms.katalon.core.webui.keyword.builtin.ClickKeyword.execute(ClickKeyword.groovy:40)
	at com.kms.katalon.core.keyword.internal.KeywordExecutor.executeKeywordForPlatform(KeywordExecutor.groovy:74)
	at com.kms.katalon.core.webui.keyword.WebUiBuiltInKeywords.click(WebUiBuiltInKeywords.groovy:620)
	at com.kms.katalon.core.webui.keyword.WebUiBuiltInKeywords$click$1.call(Unknown Source)
	at 39_Giáo viên pin một discussion trong forum.run(39_Giáo viên pin một discussion trong forum:38)
	at com.kms.katalon.core.main.ScriptEngine.run(ScriptEngine.java:194)
	at com.kms.katalon.core.main.ScriptEngine.runScriptAsRawText(ScriptEngine.java:119)
	at com.kms.katalon.core.main.TestCaseExecutor.runScript(TestCaseExecutor.java:442)
	at com.kms.katalon.core.main.TestCaseExecutor.doExecute(TestCaseExecutor.java:433)
	at com.kms.katalon.core.main.TestCaseExecutor.processExecutionPhase(TestCaseExecutor.java:412)
	at com.kms.katalon.core.main.TestCaseExecutor.accessMainPhase(TestCaseExecutor.java:404)
	at com.kms.katalon.core.main.TestCaseExecutor.execute(TestCaseExecutor.java:281)
	at com.kms.katalon.core.main.TestCaseExecutor.execute(TestCaseExecutor.java:363)
	at com.kms.katalon.core.main.TestCaseExecutor.execute(TestCaseExecutor.java:363)
	at com.kms.katalon.core.main.TestCaseExecutor.execute(TestCaseExecutor.java:363)
	at com.kms.katalon.core.main.TestSuiteExecutor.accessTestCaseMainPhase(TestSuiteExecutor.java:202)
	at com.kms.katalon.core.main.TestSuiteExecutor.accessTestSuiteMainPhase(TestSuiteExecutor.java:164)
	at com.kms.katalon.core.main.TestSuiteExecutor.execute(TestSuiteExecutor.java:105)
	at com.kms.katalon.core.main.TestCaseMain.startTestSuite(TestCaseMain.java:181)
	at com.kms.katalon.core.main.TestCaseMain$startTestSuite$0.call(Unknown Source)
	at TempTestSuite1642171212458.run(TempTestSuite1642171212458.groovy:36)
Caused by: com.kms.katalon.core.webui.exception.WebElementNotFoundException: Web element with id: 'Object Repository/Page_Forum 1/i_Subscribe to this discussion_icon fa fa-e_f628f6' located by '//a[@id='yui_3_17_2_1_1641986967470_501']/i' not found
	at com.kms.katalon.core.webui.common.WebUiCommonHelper.findWebElement(WebUiCommonHelper.java:1368)
	at com.kms.katalon.core.webui.keyword.internal.WebUIAbstractKeyword.findWebElement(WebUIAbstractKeyword.groovy:27)
	at com.kms.katalon.core.webui.keyword.builtin.ClickKeyword$_click_closure1.doCall(ClickKeyword.groovy:65)
	at com.kms.katalon.core.webui.keyword.builtin.ClickKeyword$_click_closure1.call(ClickKeyword.groovy)
	at com.kms.katalon.core.webui.keyword.internal.WebUIKeywordMain.runKeyword(WebUIKeywordMain.groovy:20)
	at com.kms.katalon.core.webui.keyword.builtin.ClickKeyword.click(ClickKeyword.groovy:74)
	at com.kms.katalon.core.webui.keyword.builtin.ClickKeyword.execute(ClickKeyword.groovy:40)
	at com.kms.katalon.core.keyword.internal.KeywordExecutor.executeKeywordForPlatform(KeywordExecutor.groovy:74)
	at com.kms.katalon.core.webui.keyword.WebUiBuiltInKeywords.click(WebUiBuiltInKeywords.groovy:620)
	at com.kms.katalon.core.webui.keyword.WebUiBuiltInKeywords$click$1.call(Unknown Source)
	at Script1641986436339.run(Script1641986436339.groovy:38)
	... 16 more
)
[[ATTACHMENT|D:\\nam 3\\nhap mon CNPM\\bonus project\\Test-Automation-SE-Bonus\\Reports\\20220114_214012\\Run all test cases\\20220114_214012\\1642173171875.png]]]]></system-out>
         <system-err><![CDATA[2022-01-14 22:12:33 - [TEST_CASE][FAILED] - Test Cases/39_Giáo viên pin một discussion trong forum: Test Cases/39_Giáo viên pin một discussion trong forum FAILED.
Reason:
com.kms.katalon.core.exception.StepFailedException: Unable to click on object 'Object Repository/Page_Forum 1/i_Subscribe to this discussion_icon fa fa-e_f628f6'
	at com.kms.katalon.core.webui.keyword.internal.WebUIKeywordMain.stepFailed(WebUIKeywordMain.groovy:64)
	at com.kms.katalon.core.webui.keyword.internal.WebUIKeywordMain.runKeyword(WebUIKeywordMain.groovy:26)
	at com.kms.katalon.core.webui.keyword.builtin.ClickKeyword.click(ClickKeyword.groovy:74)
	at com.kms.katalon.core.webui.keyword.builtin.ClickKeyword.execute(ClickKeyword.groovy:40)
	at com.kms.katalon.core.keyword.internal.KeywordExecutor.executeKeywordForPlatform(KeywordExecutor.groovy:74)
	at com.kms.katalon.core.webui.keyword.WebUiBuiltInKeywords.click(WebUiBuiltInKeywords.groovy:620)
	at com.kms.katalon.core.webui.keyword.WebUiBuiltInKeywords$click$1.call(Unknown Source)
	at 39_Giáo viên pin một discussion trong forum.run(39_Giáo viên pin một discussion trong forum:38)
	at com.kms.katalon.core.main.ScriptEngine.run(ScriptEngine.java:194)
	at com.kms.katalon.core.main.ScriptEngine.runScriptAsRawText(ScriptEngine.java:119)
	at com.kms.katalon.core.main.TestCaseExecutor.runScript(TestCaseExecutor.java:442)
	at com.kms.katalon.core.main.TestCaseExecutor.doExecute(TestCaseExecutor.java:433)
	at com.kms.katalon.core.main.TestCaseExecutor.processExecutionPhase(TestCaseExecutor.java:412)
	at com.kms.katalon.core.main.TestCaseExecutor.accessMainPhase(TestCaseExecutor.java:404)
	at com.kms.katalon.core.main.TestCaseExecutor.execute(TestCaseExecutor.java:281)
	at com.kms.katalon.core.main.TestCaseExecutor.execute(TestCaseExecutor.java:363)
	at com.kms.katalon.core.main.TestCaseExecutor.execute(TestCaseExecutor.java:363)
	at com.kms.katalon.core.main.TestCaseExecutor.execute(TestCaseExecutor.java:363)
	at com.kms.katalon.core.main.TestSuiteExecutor.accessTestCaseMainPhase(TestSuiteExecutor.java:202)
	at com.kms.katalon.core.main.TestSuiteExecutor.accessTestSuiteMainPhase(TestSuiteExecutor.java:164)
	at com.kms.katalon.core.main.TestSuiteExecutor.execute(TestSuiteExecutor.java:105)
	at com.kms.katalon.core.main.TestCaseMain.startTestSuite(TestCaseMain.java:181)
	at com.kms.katalon.core.main.TestCaseMain$startTestSuite$0.call(Unknown Source)
	at TempTestSuite1642171212458.run(TempTestSuite1642171212458.groovy:36)
Caused by: com.kms.katalon.core.webui.exception.WebElementNotFoundException: Web element with id: 'Object Repository/Page_Forum 1/i_Subscribe to this discussion_icon fa fa-e_f628f6' located by '//a[@id='yui_3_17_2_1_1641986967470_501']/i' not found
	at com.kms.katalon.core.webui.common.WebUiCommonHelper.findWebElement(WebUiCommonHelper.java:1368)
	at com.kms.katalon.core.webui.keyword.internal.WebUIAbstractKeyword.findWebElement(WebUIAbstractKeyword.groovy:27)
	at com.kms.katalon.core.webui.keyword.builtin.ClickKeyword$_click_closure1.doCall(ClickKeyword.groovy:65)
	at com.kms.katalon.core.webui.keyword.builtin.ClickKeyword$_click_closure1.call(ClickKeyword.groovy)
	at com.kms.katalon.core.webui.keyword.internal.WebUIKeywordMain.runKeyword(WebUIKeywordMain.groovy:20)
	... 22 more]]></system-err>
      </testcase>
      <testcase name="Test Cases/40_Admin thêm danh mục với tên trống" time="12.461" classname="Test Cases/40_Admin thêm danh mục với tên trống" status="PASSED">
         <system-out><![CDATA[2022-01-14 22:12:51 - [TEST_CASE][PASSED] - Test Cases/40_Admin thêm danh mục với tên trống: Test Cases/40_Admin thêm danh mục với tên trống

2022-01-14 22:12:52 - [TEST_STEP][PASSED] - openBrowser(""): Browser is opened with url: ''

2022-01-14 22:12:52 - [MESSAGE][WARNING] - A browser is already opened. Closing browser and opening a new one

2022-01-14 22:12:52 - [MESSAGE][INFO] - Starting 'Chrome' driver

2022-01-14 22:12:52 - [MESSAGE][INFO] - Action delay is set to 0 milliseconds

2022-01-14 22:12:53 - [MESSAGE][PASSED] - Browser is opened with url: ''

2022-01-14 22:12:53 - [TEST_STEP][PASSED] - navigateToUrl("http://localhost/"): Navigate to 'http://localhost/' successfully

2022-01-14 22:12:54 - [MESSAGE][PASSED] - Navigate to 'http://localhost/' successfully

2022-01-14 22:12:54 - [TEST_STEP][PASSED] - click(findTestObject("Object Repository/Page_HCMUS/a_Log in")): Object: 'Object Repository/Page_HCMUS/a_Log in' is clicked on

2022-01-14 22:12:55 - [MESSAGE][PASSED] - Object: 'Object Repository/Page_HCMUS/a_Log in' is clicked on

2022-01-14 22:12:55 - [TEST_STEP][PASSED] - setText(findTestObject("Object Repository/Page_HCMUS Log in to the site/input_Username_username"), "admin"): Text 'admin' is set on object 'Object Repository/Page_HCMUS Log in to the site/input_Username_username'

2022-01-14 22:12:55 - [MESSAGE][PASSED] - Text 'admin' is set on object 'Object Repository/Page_HCMUS Log in to the site/input_Username_username'

2022-01-14 22:12:55 - [TEST_STEP][PASSED] - setEncryptedText(findTestObject("Object Repository/Page_HCMUS Log in to the site/input_Password_password"), "5MU2PI2jvJCK/lBTYOwt6g=="): Text ****** has been set on object 'Object Repository/Page_HCMUS Log in to the site/input_Password_password'

2022-01-14 22:12:56 - [MESSAGE][PASSED] - Text ****** has been set on object 'Object Repository/Page_HCMUS Log in to the site/input_Password_password'

2022-01-14 22:12:56 - [TEST_STEP][PASSED] - click(findTestObject("Object Repository/Page_HCMUS Log in to the site/button_Log in")): Object: 'Object Repository/Page_HCMUS Log in to the site/button_Log in' is clicked on

2022-01-14 22:12:57 - [MESSAGE][PASSED] - Object: 'Object Repository/Page_HCMUS Log in to the site/button_Log in' is clicked on

2022-01-14 22:12:57 - [TEST_STEP][PASSED] - click(findTestObject("Object Repository/Page_Dashboard/span_Site administration")): Object: 'Object Repository/Page_Dashboard/span_Site administration' is clicked on

2022-01-14 22:12:59 - [MESSAGE][PASSED] - Object: 'Object Repository/Page_Dashboard/span_Site administration' is clicked on

2022-01-14 22:12:59 - [TEST_STEP][PASSED] - click(findTestObject("Object Repository/Page_KHTN Administration Search/a_Courses")): Object: 'Object Repository/Page_KHTN Administration Search/a_Courses' is clicked on

2022-01-14 22:13:00 - [MESSAGE][PASSED] - Object: 'Object Repository/Page_KHTN Administration Search/a_Courses' is clicked on

2022-01-14 22:13:00 - [TEST_STEP][PASSED] - click(findTestObject("Object Repository/Page_KHTN Administration Search/a_Add a category")): Object: 'Object Repository/Page_KHTN Administration Search/a_Add a category' is clicked on

2022-01-14 22:13:01 - [MESSAGE][PASSED] - Object: 'Object Repository/Page_KHTN Administration Search/a_Add a category' is clicked on

2022-01-14 22:13:01 - [TEST_STEP][PASSED] - click(findTestObject("Object Repository/Page_KHTN Add new category/input_Description_submitbutton")): Object: 'Object Repository/Page_KHTN Add new category/input_Description_submitbutton' is clicked on

2022-01-14 22:13:02 - [MESSAGE][PASSED] - Object: 'Object Repository/Page_KHTN Add new category/input_Description_submitbutton' is clicked on

2022-01-14 22:13:02 - [TEST_STEP][PASSED] - verifyElementText(findTestObject("Object Repository/Page_KHTN Add new category/div_Required"), "Required"): Actual text and expected text of test object 'Object Repository/Page_KHTN Add new category/div_Required' are matched.

2022-01-14 22:13:03 - [MESSAGE][PASSED] - Actual text and expected text of test object 'Object Repository/Page_KHTN Add new category/div_Required' are matched.

2022-01-14 22:13:03 - [TEST_STEP][PASSED] - closeBrowser(): Browser is closed

2022-01-14 22:13:04 - [MESSAGE][PASSED] - Browser is closed]]></system-out>
         <system-err><![CDATA[]]></system-err>
      </testcase>
      <system-out><![CDATA[2022-01-14 21:40:24 - [TEST_SUITE][FAILED] - Run all test cases: Test Cases/12_thêm sinh viên vào course FAILED.
Reason:
com.kms.katalon.core.exception.StepFailedException: Verify element text of test object 'Object Repository/Page_AI Participants/td_s9example.com' FAILED.
	at com.kms.katalon.core.webui.keyword.internal.WebUIKeywordMain.stepFailed(WebUIKeywordMain.groovy:64)
	at com.kms.katalon.core.webui.keyword.internal.WebUIKeywordMain.runKeyword(WebUIKeywordMain.groovy:26)
	at com.kms.katalon.core.webui.keyword.builtin.VerifyElementTextKeyword.verifyElementText(VerifyElementTextKeyword.groovy:72)
	at com.kms.katalon.core.webui.keyword.builtin.VerifyElementTextKeyword.execute(VerifyElementTextKeyword.groovy:40)
	at com.kms.katalon.core.keyword.internal.KeywordExecutor.executeKeywordForPlatform(KeywordExecutor.groovy:74)
	at com.kms.katalon.core.webui.keyword.WebUiBuiltInKeywords.verifyElementText(WebUiBuiltInKeywords.groovy:4749)
	at com.kms.katalon.core.webui.keyword.WebUiBuiltInKeywords$verifyElementText$7.call(Unknown Source)
	at 12_thêm sinh viên vào course.run(12_thêm sinh viên vào course:69)
	at com.kms.katalon.core.main.ScriptEngine.run(ScriptEngine.java:194)
	at com.kms.katalon.core.main.ScriptEngine.runScriptAsRawText(ScriptEngine.java:119)
	at com.kms.katalon.core.main.TestCaseExecutor.runScript(TestCaseExecutor.java:442)
	at com.kms.katalon.core.main.TestCaseExecutor.doExecute(TestCaseExecutor.java:433)
	at com.kms.katalon.core.main.TestCaseExecutor.processExecutionPhase(TestCaseExecutor.java:412)
	at com.kms.katalon.core.main.TestCaseExecutor.accessMainPhase(TestCaseExecutor.java:404)
	at com.kms.katalon.core.main.TestCaseExecutor.execute(TestCaseExecutor.java:281)
	at com.kms.katalon.core.main.TestSuiteExecutor.accessTestCaseMainPhase(TestSuiteExecutor.java:202)
	at com.kms.katalon.core.main.TestSuiteExecutor.accessTestSuiteMainPhase(TestSuiteExecutor.java:164)
	at com.kms.katalon.core.main.TestSuiteExecutor.execute(TestSuiteExecutor.java:105)
	at com.kms.katalon.core.main.TestCaseMain.startTestSuite(TestCaseMain.java:181)
	at com.kms.katalon.core.main.TestCaseMain$startTestSuite$0.call(Unknown Source)
	at TempTestSuite1642171212458.run(TempTestSuite1642171212458.groovy:36)
Caused by: com.kms.katalon.core.exception.StepFailedException: Actual text 's5@example.com' and expected text 's9@example.com' of test object 'Object Repository/Page_AI Participants/td_s9example.com' are NOT matched.
	at com.kms.katalon.core.webui.keyword.internal.WebUIKeywordMain.stepFailed(WebUIKeywordMain.groovy:64)
	at com.kms.katalon.core.webui.keyword.builtin.VerifyElementTextKeyword$_verifyElementText_closure1.doCall(VerifyElementTextKeyword.groovy:57)
	at com.kms.katalon.core.webui.keyword.builtin.VerifyElementTextKeyword$_verifyElementText_closure1.call(VerifyElementTextKeyword.groovy)
	at com.kms.katalon.core.webui.keyword.internal.WebUIKeywordMain.runKeyword(WebUIKeywordMain.groovy:20)
	... 19 more]]></system-out>
      <system-err><![CDATA[2022-01-14 21:40:24 - [TEST_SUITE][FAILED] - Run all test cases: Test Cases/12_thêm sinh viên vào course FAILED.
Reason:
com.kms.katalon.core.exception.StepFailedException: Verify element text of test object 'Object Repository/Page_AI Participants/td_s9example.com' FAILED.
	at com.kms.katalon.core.webui.keyword.internal.WebUIKeywordMain.stepFailed(WebUIKeywordMain.groovy:64)
	at com.kms.katalon.core.webui.keyword.internal.WebUIKeywordMain.runKeyword(WebUIKeywordMain.groovy:26)
	at com.kms.katalon.core.webui.keyword.builtin.VerifyElementTextKeyword.verifyElementText(VerifyElementTextKeyword.groovy:72)
	at com.kms.katalon.core.webui.keyword.builtin.VerifyElementTextKeyword.execute(VerifyElementTextKeyword.groovy:40)
	at com.kms.katalon.core.keyword.internal.KeywordExecutor.executeKeywordForPlatform(KeywordExecutor.groovy:74)
	at com.kms.katalon.core.webui.keyword.WebUiBuiltInKeywords.verifyElementText(WebUiBuiltInKeywords.groovy:4749)
	at com.kms.katalon.core.webui.keyword.WebUiBuiltInKeywords$verifyElementText$7.call(Unknown Source)
	at 12_thêm sinh viên vào course.run(12_thêm sinh viên vào course:69)
	at com.kms.katalon.core.main.ScriptEngine.run(ScriptEngine.java:194)
	at com.kms.katalon.core.main.ScriptEngine.runScriptAsRawText(ScriptEngine.java:119)
	at com.kms.katalon.core.main.TestCaseExecutor.runScript(TestCaseExecutor.java:442)
	at com.kms.katalon.core.main.TestCaseExecutor.doExecute(TestCaseExecutor.java:433)
	at com.kms.katalon.core.main.TestCaseExecutor.processExecutionPhase(TestCaseExecutor.java:412)
	at com.kms.katalon.core.main.TestCaseExecutor.accessMainPhase(TestCaseExecutor.java:404)
	at com.kms.katalon.core.main.TestCaseExecutor.execute(TestCaseExecutor.java:281)
	at com.kms.katalon.core.main.TestSuiteExecutor.accessTestCaseMainPhase(TestSuiteExecutor.java:202)
	at com.kms.katalon.core.main.TestSuiteExecutor.accessTestSuiteMainPhase(TestSuiteExecutor.java:164)
	at com.kms.katalon.core.main.TestSuiteExecutor.execute(TestSuiteExecutor.java:105)
	at com.kms.katalon.core.main.TestCaseMain.startTestSuite(TestCaseMain.java:181)
	at com.kms.katalon.core.main.TestCaseMain$startTestSuite$0.call(Unknown Source)
	at TempTestSuite1642171212458.run(TempTestSuite1642171212458.groovy:36)
Caused by: com.kms.katalon.core.exception.StepFailedException: Actual text 's5@example.com' and expected text 's9@example.com' of test object 'Object Repository/Page_AI Participants/td_s9example.com' are NOT matched.
	at com.kms.katalon.core.webui.keyword.internal.WebUIKeywordMain.stepFailed(WebUIKeywordMain.groovy:64)
	at com.kms.katalon.core.webui.keyword.builtin.VerifyElementTextKeyword$_verifyElementText_closure1.doCall(VerifyElementTextKeyword.groovy:57)
	at com.kms.katalon.core.webui.keyword.builtin.VerifyElementTextKeyword$_verifyElementText_closure1.call(VerifyElementTextKeyword.groovy)
	at com.kms.katalon.core.webui.keyword.internal.WebUIKeywordMain.runKeyword(WebUIKeywordMain.groovy:20)
	... 19 more]]></system-err>
   </testsuite>
</testsuites>
