<?xml version="1.0" encoding="UTF-8"?>
<testsuites name="Run all test cases" time="2763.212" tests="62" failures="11" errors="0">
   <testsuite name="Run all test cases" tests="62" failures="11" errors="0" time="2763.212" skipped="0" timestamp="2022-01-14 22:35:27" hostname="Admin - Admin.sctvnet.vn" id="Test Suites/Run all test cases">
      <properties>
         <property name="deviceName" value=""/>
         <property name="devicePlatform" value=""/>
         <property name="logFolder" value="D:\\nam 3\\nhap mon CNPM\\bonus project\\Test-Automation-SE-Bonus\\Reports\\20220114_223516\\Run all test cases\\20220114_223516"/>
         <property name="logFiles" value="D:\\nam 3\\nhap mon CNPM\\bonus project\\Test-Automation-SE-Bonus\\Reports\\20220114_223516\\Run all test cases\\20220114_223516\\execution0.log"/>
         <property name="attachments" value="D:\\nam 3\\nhap mon CNPM\\bonus project\\Test-Automation-SE-Bonus\\Reports\\20220114_223516\\Run all test cases\\20220114_223516\\1642175163599.png, D:\\nam 3\\nhap mon CNPM\\bonus project\\Test-Automation-SE-Bonus\\Reports\\20220114_223516\\Run all test cases\\20220114_223516\\1642175310846.png, D:\\nam 3\\nhap mon CNPM\\bonus project\\Test-Automation-SE-Bonus\\Reports\\20220114_223516\\Run all test cases\\20220114_223516\\1642175587682.png, D:\\nam 3\\nhap mon CNPM\\bonus project\\Test-Automation-SE-Bonus\\Reports\\20220114_223516\\Run all test cases\\20220114_223516\\1642175604402.png, D:\\nam 3\\nhap mon CNPM\\bonus project\\Test-Automation-SE-Bonus\\Reports\\20220114_223516\\Run all test cases\\20220114_223516\\1642175679762.png, D:\\nam 3\\nhap mon CNPM\\bonus project\\Test-Automation-SE-Bonus\\Reports\\20220114_223516\\Run all test cases\\20220114_223516\\1642175707035.png, D:\\nam 3\\nhap mon CNPM\\bonus project\\Test-Automation-SE-Bonus\\Reports\\20220114_223516\\Run all test cases\\20220114_223516\\1642175733560.png, D:\\nam 3\\nhap mon CNPM\\bonus project\\Test-Automation-SE-Bonus\\Reports\\20220114_223516\\Run all test cases\\20220114_223516\\1642175760644.png, D:\\nam 3\\nhap mon CNPM\\bonus project\\Test-Automation-SE-Bonus\\Reports\\20220114_223516\\Run all test cases\\20220114_223516\\1642175788799.png, D:\\nam 3\\nhap mon CNPM\\bonus project\\Test-Automation-SE-Bonus\\Reports\\20220114_223516\\Run all test cases\\20220114_223516\\1642175818371.png, D:\\nam 3\\nhap mon CNPM\\bonus project\\Test-Automation-SE-Bonus\\Reports\\20220114_223516\\Run all test cases\\20220114_223516\\1642175847221.png, D:\\nam 3\\nhap mon CNPM\\bonus project\\Test-Automation-SE-Bonus\\Reports\\20220114_223516\\Run all test cases\\20220114_223516\\1642175875669.png, D:\\nam 3\\nhap mon CNPM\\bonus project\\Test-Automation-SE-Bonus\\Reports\\20220114_223516\\Run all test cases\\20220114_223516\\1642175989106.png, D:\\nam 3\\nhap mon CNPM\\bonus project\\Test-Automation-SE-Bonus\\Reports\\20220114_223516\\Run all test cases\\20220114_223516\\1642175989300.png, D:\\nam 3\\nhap mon CNPM\\bonus project\\Test-Automation-SE-Bonus\\Reports\\20220114_223516\\Run all test cases\\20220114_223516\\1642176013473.png, D:\\nam 3\\nhap mon CNPM\\bonus project\\Test-Automation-SE-Bonus\\Reports\\20220114_223516\\Run all test cases\\20220114_223516\\1642176013600.png, D:\\nam 3\\nhap mon CNPM\\bonus project\\Test-Automation-SE-Bonus\\Reports\\20220114_223516\\Run all test cases\\20220114_223516\\1642176037767.png, D:\\nam 3\\nhap mon CNPM\\bonus project\\Test-Automation-SE-Bonus\\Reports\\20220114_223516\\Run all test cases\\20220114_223516\\1642176037919.png, D:\\nam 3\\nhap mon CNPM\\bonus project\\Test-Automation-SE-Bonus\\Reports\\20220114_223516\\Run all test cases\\20220114_223516\\1642176062607.png, D:\\nam 3\\nhap mon CNPM\\bonus project\\Test-Automation-SE-Bonus\\Reports\\20220114_223516\\Run all test cases\\20220114_223516\\1642176062727.png, D:\\nam 3\\nhap mon CNPM\\bonus project\\Test-Automation-SE-Bonus\\Reports\\20220114_223516\\Run all test cases\\20220114_223516\\1642176116838.png, D:\\nam 3\\nhap mon CNPM\\bonus project\\Test-Automation-SE-Bonus\\Reports\\20220114_223516\\Run all test cases\\20220114_223516\\1642176116959.png, D:\\nam 3\\nhap mon CNPM\\bonus project\\Test-Automation-SE-Bonus\\Reports\\20220114_223516\\Run all test cases\\20220114_223516\\1642176148272.png, D:\\nam 3\\nhap mon CNPM\\bonus project\\Test-Automation-SE-Bonus\\Reports\\20220114_223516\\Run all test cases\\20220114_223516\\1642176148396.png, D:\\nam 3\\nhap mon CNPM\\bonus project\\Test-Automation-SE-Bonus\\Reports\\20220114_223516\\Run all test cases\\20220114_223516\\1642176180360.png, D:\\nam 3\\nhap mon CNPM\\bonus project\\Test-Automation-SE-Bonus\\Reports\\20220114_223516\\Run all test cases\\20220114_223516\\1642176180488.png, D:\\nam 3\\nhap mon CNPM\\bonus project\\Test-Automation-SE-Bonus\\Reports\\20220114_223516\\Run all test cases\\20220114_223516\\1642176212487.png, D:\\nam 3\\nhap mon CNPM\\bonus project\\Test-Automation-SE-Bonus\\Reports\\20220114_223516\\Run all test cases\\20220114_223516\\1642176212609.png, D:\\nam 3\\nhap mon CNPM\\bonus project\\Test-Automation-SE-Bonus\\Reports\\20220114_223516\\Run all test cases\\20220114_223516\\1642176406520.png, D:\\nam 3\\nhap mon CNPM\\bonus project\\Test-Automation-SE-Bonus\\Reports\\20220114_223516\\Run all test cases\\20220114_223516\\1642176440963.png, D:\\nam 3\\nhap mon CNPM\\bonus project\\Test-Automation-SE-Bonus\\Reports\\20220114_223516\\Run all test cases\\20220114_223516\\1642176485987.png, D:\\nam 3\\nhap mon CNPM\\bonus project\\Test-Automation-SE-Bonus\\Reports\\20220114_223516\\Run all test cases\\20220114_223516\\1642176522977.png, D:\\nam 3\\nhap mon CNPM\\bonus project\\Test-Automation-SE-Bonus\\Reports\\20220114_223516\\Run all test cases\\20220114_223516\\1642176569342.png, D:\\nam 3\\nhap mon CNPM\\bonus project\\Test-Automation-SE-Bonus\\Reports\\20220114_223516\\Run all test cases\\20220114_223516\\1642176588215.png, D:\\nam 3\\nhap mon CNPM\\bonus project\\Test-Automation-SE-Bonus\\Reports\\20220114_223516\\Run all test cases\\20220114_223516\\1642176606623.png, D:\\nam 3\\nhap mon CNPM\\bonus project\\Test-Automation-SE-Bonus\\Reports\\20220114_223516\\Run all test cases\\20220114_223516\\1642176625533.png, D:\\nam 3\\nhap mon CNPM\\bonus project\\Test-Automation-SE-Bonus\\Reports\\20220114_223516\\Run all test cases\\20220114_223516\\1642176637279.png, D:\\nam 3\\nhap mon CNPM\\bonus project\\Test-Automation-SE-Bonus\\Reports\\20220114_223516\\Run all test cases\\20220114_223516\\1642176647749.png, D:\\nam 3\\nhap mon CNPM\\bonus project\\Test-Automation-SE-Bonus\\Reports\\20220114_223516\\Run all test cases\\20220114_223516\\1642176666216.png, D:\\nam 3\\nhap mon CNPM\\bonus project\\Test-Automation-SE-Bonus\\Reports\\20220114_223516\\Run all test cases\\20220114_223516\\1642176677751.png, D:\\nam 3\\nhap mon CNPM\\bonus project\\Test-Automation-SE-Bonus\\Reports\\20220114_223516\\Run all test cases\\20220114_223516\\1642176688451.png, D:\\nam 3\\nhap mon CNPM\\bonus project\\Test-Automation-SE-Bonus\\Reports\\20220114_223516\\Run all test cases\\20220114_223516\\1642176716572.png, D:\\nam 3\\nhap mon CNPM\\bonus project\\Test-Automation-SE-Bonus\\Reports\\20220114_223516\\Run all test cases\\20220114_223516\\1642176743884.png, D:\\nam 3\\nhap mon CNPM\\bonus project\\Test-Automation-SE-Bonus\\Reports\\20220114_223516\\Run all test cases\\20220114_223516\\1642176770897.png, D:\\nam 3\\nhap mon CNPM\\bonus project\\Test-Automation-SE-Bonus\\Reports\\20220114_223516\\Run all test cases\\20220114_223516\\1642176798130.png, D:\\nam 3\\nhap mon CNPM\\bonus project\\Test-Automation-SE-Bonus\\Reports\\20220114_223516\\Run all test cases\\20220114_223516\\1642176835823.png, D:\\nam 3\\nhap mon CNPM\\bonus project\\Test-Automation-SE-Bonus\\Reports\\20220114_223516\\Run all test cases\\20220114_223516\\1642176873647.png, D:\\nam 3\\nhap mon CNPM\\bonus project\\Test-Automation-SE-Bonus\\Reports\\20220114_223516\\Run all test cases\\20220114_223516\\1642176910022.png, D:\\nam 3\\nhap mon CNPM\\bonus project\\Test-Automation-SE-Bonus\\Reports\\20220114_223516\\Run all test cases\\20220114_223516\\1642176946311.png, D:\\nam 3\\nhap mon CNPM\\bonus project\\Test-Automation-SE-Bonus\\Reports\\20220114_223516\\Run all test cases\\20220114_223516\\1642176982003.png, D:\\nam 3\\nhap mon CNPM\\bonus project\\Test-Automation-SE-Bonus\\Reports\\20220114_223516\\Run all test cases\\20220114_223516\\1642176982121.png, D:\\nam 3\\nhap mon CNPM\\bonus project\\Test-Automation-SE-Bonus\\Reports\\20220114_223516\\Run all test cases\\20220114_223516\\1642177016278.png, D:\\nam 3\\nhap mon CNPM\\bonus project\\Test-Automation-SE-Bonus\\Reports\\20220114_223516\\Run all test cases\\20220114_223516\\1642177016452.png, D:\\nam 3\\nhap mon CNPM\\bonus project\\Test-Automation-SE-Bonus\\Reports\\20220114_223516\\Run all test cases\\20220114_223516\\1642177050986.png, D:\\nam 3\\nhap mon CNPM\\bonus project\\Test-Automation-SE-Bonus\\Reports\\20220114_223516\\Run all test cases\\20220114_223516\\1642177051107.png, D:\\nam 3\\nhap mon CNPM\\bonus project\\Test-Automation-SE-Bonus\\Reports\\20220114_223516\\Run all test cases\\20220114_223516\\1642177085426.png, D:\\nam 3\\nhap mon CNPM\\bonus project\\Test-Automation-SE-Bonus\\Reports\\20220114_223516\\Run all test cases\\20220114_223516\\1642177085546.png, D:\\nam 3\\nhap mon CNPM\\bonus project\\Test-Automation-SE-Bonus\\Reports\\20220114_223516\\Run all test cases\\20220114_223516\\1642177151244.png, D:\\nam 3\\nhap mon CNPM\\bonus project\\Test-Automation-SE-Bonus\\Reports\\20220114_223516\\Run all test cases\\20220114_223516\\1642177170177.png, D:\\nam 3\\nhap mon CNPM\\bonus project\\Test-Automation-SE-Bonus\\Reports\\20220114_223516\\Run all test cases\\20220114_223516\\1642177188728.png, D:\\nam 3\\nhap mon CNPM\\bonus project\\Test-Automation-SE-Bonus\\Reports\\20220114_223516\\Run all test cases\\20220114_223516\\1642177207701.png, D:\\nam 3\\nhap mon CNPM\\bonus project\\Test-Automation-SE-Bonus\\Reports\\20220114_223516\\Run all test cases\\20220114_223516\\1642177228708.png, D:\\nam 3\\nhap mon CNPM\\bonus project\\Test-Automation-SE-Bonus\\Reports\\20220114_223516\\Run all test cases\\20220114_223516\\1642177228858.png, D:\\nam 3\\nhap mon CNPM\\bonus project\\Test-Automation-SE-Bonus\\Reports\\20220114_223516\\Run all test cases\\20220114_223516\\1642177249101.png, D:\\nam 3\\nhap mon CNPM\\bonus project\\Test-Automation-SE-Bonus\\Reports\\20220114_223516\\Run all test cases\\20220114_223516\\1642177249219.png, D:\\nam 3\\nhap mon CNPM\\bonus project\\Test-Automation-SE-Bonus\\Reports\\20220114_223516\\Run all test cases\\20220114_223516\\1642177270028.png, D:\\nam 3\\nhap mon CNPM\\bonus project\\Test-Automation-SE-Bonus\\Reports\\20220114_223516\\Run all test cases\\20220114_223516\\1642177270195.png, D:\\nam 3\\nhap mon CNPM\\bonus project\\Test-Automation-SE-Bonus\\Reports\\20220114_223516\\Run all test cases\\20220114_223516\\1642177290793.png, D:\\nam 3\\nhap mon CNPM\\bonus project\\Test-Automation-SE-Bonus\\Reports\\20220114_223516\\Run all test cases\\20220114_223516\\1642177290920.png"/>
         <property name="hostName" value="Admin - Admin.sctvnet.vn"/>
         <property name="os" value="Windows 10 64bit"/>
         <property name="katalonVersion" value="8.2.0.208"/>
         <property name="browser" value="Chrome 97.0.4692.71"/>
         <property name="hostAddress" value="192.168.1.148"/>
         <property name="sessionId" value="a105888fafb66ef9d8614215fd1e2d65"/>
         <property name="seleniumVersion" value="3.141.59"/>
         <property name="proxyInformation" value="ProxyInformation { proxyOption=NO_PROXY, proxyServerType=HTTP, username=, password=********, proxyServerAddress=, proxyServerPort=0, executionList=&quot;&quot;, isApplyToDesiredCapabilities=true }"/>
         <property name="platform" value="Windows 10"/>
      </properties>
      <testcase name="Test Cases/1_admin đăng nhập thành công" time="9.894" classname="Test Cases/1_admin đăng nhập thành công" status="PASSED">
         <system-out><![CDATA[2022-01-14 22:35:28 - [TEST_CASE][PASSED] - Test Cases/1_admin đăng nhập thành công: Test Cases/1_admin đăng nhập thành công

2022-01-14 22:35:28 - [TEST_STEP][PASSED] - openBrowser(""): Browser is opened with url: ''

2022-01-14 22:35:28 - [MESSAGE][INFO] - Starting 'Chrome' driver

2022-01-14 22:35:28 - [MESSAGE][INFO] - Action delay is set to 0 milliseconds

2022-01-14 22:35:30 - [MESSAGE][PASSED] - Browser is opened with url: ''

2022-01-14 22:35:30 - [TEST_STEP][PASSED] - navigateToUrl("http://localhost/"): Navigate to 'http://localhost/' successfully

2022-01-14 22:35:32 - [MESSAGE][PASSED] - Navigate to 'http://localhost/' successfully

2022-01-14 22:35:32 - [TEST_STEP][PASSED] - click(findTestObject("Object Repository/Page_HCMUS/a_Log in")): Object: 'Object Repository/Page_HCMUS/a_Log in' is clicked on

2022-01-14 22:35:33 - [MESSAGE][PASSED] - Object: 'Object Repository/Page_HCMUS/a_Log in' is clicked on

2022-01-14 22:35:33 - [TEST_STEP][PASSED] - setText(findTestObject("Object Repository/Page_HCMUS Log in to the site/input_Username_username"), "admin"): Text 'admin' is set on object 'Object Repository/Page_HCMUS Log in to the site/input_Username_username'

2022-01-14 22:35:33 - [MESSAGE][PASSED] - Text 'admin' is set on object 'Object Repository/Page_HCMUS Log in to the site/input_Username_username'

2022-01-14 22:35:33 - [TEST_STEP][PASSED] - setEncryptedText(findTestObject("Object Repository/Page_HCMUS Log in to the site/input_Password_password"), "5MU2PI2jvJCK/lBTYOwt6g=="): Text ****** has been set on object 'Object Repository/Page_HCMUS Log in to the site/input_Password_password'

2022-01-14 22:35:34 - [MESSAGE][PASSED] - Text ****** has been set on object 'Object Repository/Page_HCMUS Log in to the site/input_Password_password'

2022-01-14 22:35:34 - [TEST_STEP][PASSED] - click(findTestObject("Object Repository/Page_HCMUS Log in to the site/button_Log in")): Object: 'Object Repository/Page_HCMUS Log in to the site/button_Log in' is clicked on

2022-01-14 22:35:35 - [MESSAGE][PASSED] - Object: 'Object Repository/Page_HCMUS Log in to the site/button_Log in' is clicked on

2022-01-14 22:35:35 - [TEST_STEP][PASSED] - verifyElementVisible(findTestObject("Object Repository/Page_Dashboard/span_Admin User")): Object 'Object Repository/Page_Dashboard/span_Admin User' is visible

2022-01-14 22:35:37 - [MESSAGE][PASSED] - Object 'Object Repository/Page_Dashboard/span_Admin User' is visible

2022-01-14 22:35:37 - [TEST_STEP][PASSED] - closeBrowser(): Browser is closed

2022-01-14 22:35:37 - [MESSAGE][PASSED] - Browser is closed]]></system-out>
         <system-err><![CDATA[]]></system-err>
      </testcase>
      <testcase name="Test Cases/2_admin đăng nhập thất bại" time="11.886" classname="Test Cases/2_admin đăng nhập thất bại" status="PASSED">
         <system-out><![CDATA[2022-01-14 22:35:37 - [TEST_CASE][PASSED] - Test Cases/2_admin đăng nhập thất bại: Test Cases/2_admin đăng nhập thất bại

2022-01-14 22:35:38 - [TEST_STEP][PASSED] - openBrowser(""): Browser is opened with url: ''

2022-01-14 22:35:38 - [MESSAGE][INFO] - Starting 'Chrome' driver

2022-01-14 22:35:38 - [MESSAGE][INFO] - Action delay is set to 0 milliseconds

2022-01-14 22:35:39 - [MESSAGE][PASSED] - Browser is opened with url: ''

2022-01-14 22:35:39 - [TEST_STEP][PASSED] - navigateToUrl("http://localhost/"): Navigate to 'http://localhost/' successfully

2022-01-14 22:35:39 - [MESSAGE][PASSED] - Navigate to 'http://localhost/' successfully

2022-01-14 22:35:39 - [TEST_STEP][PASSED] - click(findTestObject("Object Repository/Page_HCMUS/a_Log in")): Object: 'Object Repository/Page_HCMUS/a_Log in' is clicked on

2022-01-14 22:35:40 - [MESSAGE][PASSED] - Object: 'Object Repository/Page_HCMUS/a_Log in' is clicked on

2022-01-14 22:35:40 - [TEST_STEP][PASSED] - setText(findTestObject("Object Repository/Page_HCMUS Log in to the site/input_Username_username"), "admin1234"): Text 'admin1234' is set on object 'Object Repository/Page_HCMUS Log in to the site/input_Username_username'

2022-01-14 22:35:41 - [MESSAGE][PASSED] - Text 'admin1234' is set on object 'Object Repository/Page_HCMUS Log in to the site/input_Username_username'

2022-01-14 22:35:41 - [TEST_STEP][PASSED] - setEncryptedText(findTestObject("Object Repository/Page_HCMUS Log in to the site/input_Password_password"), "5MU2PI2jvJCK/lBTYOwt6g=="): Text ****** has been set on object 'Object Repository/Page_HCMUS Log in to the site/input_Password_password'

2022-01-14 22:35:41 - [MESSAGE][PASSED] - Text ****** has been set on object 'Object Repository/Page_HCMUS Log in to the site/input_Password_password'

2022-01-14 22:35:41 - [TEST_STEP][PASSED] - click(findTestObject("Object Repository/Page_HCMUS Log in to the site/button_Log in")): Object: 'Object Repository/Page_HCMUS Log in to the site/button_Log in' is clicked on

2022-01-14 22:35:42 - [MESSAGE][PASSED] - Object: 'Object Repository/Page_HCMUS Log in to the site/button_Log in' is clicked on

2022-01-14 22:35:42 - [TEST_STEP][PASSED] - click(findTestObject("Object Repository/Page_HCMUS Log in to the site/div_Invalid login, please try again")): Object: 'Object Repository/Page_HCMUS Log in to the site/div_Invalid login, please try again' is clicked on

2022-01-14 22:35:42 - [MESSAGE][PASSED] - Object: 'Object Repository/Page_HCMUS Log in to the site/div_Invalid login, please try again' is clicked on

2022-01-14 22:35:42 - [TEST_STEP][PASSED] - verifyElementVisible(findTestObject("Object Repository/Page_HCMUS Log in to the site/div_Invalid login, please try again_1")): Object 'Object Repository/Page_HCMUS Log in to the site/div_Invalid login, please try again_1' is visible

2022-01-14 22:35:48 - [MESSAGE][INFO] - Unable to find the element located by 'By.xpath: //div[@id='yui_3_17_2_1_1641916242453_20']'. Please recheck the objects properties to make sure the desired element is located. 

2022-01-14 22:35:48 - [MESSAGE][WARNING] - [SELF-HEALING] Failed to find element with id 'Object Repository/Page_HCMUS Log in to the site/div_Invalid login, please try again_1'. Try using Self-healing.

2022-01-14 22:35:49 - [MESSAGE][WARNING] - [SELF-HEALING] The current locator of test object 'Object Repository/Page_HCMUS Log in to the site/div_Invalid login, please try again_1' was broken. Propose an alternative one: '(.//*[normalize-space(text()) and normalize-space(.)='HCMUS'])[1]/following::div[3]'.

2022-01-14 22:35:49 - [MESSAGE][PASSED] - Object 'Object Repository/Page_HCMUS Log in to the site/div_Invalid login, please try again_1' is visible

2022-01-14 22:35:49 - [TEST_STEP][PASSED] - closeBrowser(): Browser is closed

2022-01-14 22:35:49 - [MESSAGE][PASSED] - Browser is closed]]></system-out>
         <system-err><![CDATA[]]></system-err>
      </testcase>
      <testcase name="Test Cases/3_tạo tài khoản và bắt buộc thay đổi mật khẩu" time="31.839" classname="Test Cases/3_tạo tài khoản và bắt buộc thay đổi mật khẩu" status="PASSED">
         <system-out><![CDATA[2022-01-14 22:35:49 - [TEST_CASE][PASSED] - Test Cases/3_tạo tài khoản và bắt buộc thay đổi mật khẩu: Test Cases/3_tạo tài khoản và bắt buộc thay đổi mật khẩu

2022-01-14 22:35:50 - [TEST_STEP][PASSED] - openBrowser(""): Browser is opened with url: ''

2022-01-14 22:35:50 - [MESSAGE][INFO] - Starting 'Chrome' driver

2022-01-14 22:35:50 - [MESSAGE][INFO] - Action delay is set to 0 milliseconds

2022-01-14 22:35:51 - [MESSAGE][PASSED] - Browser is opened with url: ''

2022-01-14 22:35:51 - [TEST_STEP][PASSED] - navigateToUrl("http://localhost/"): Navigate to 'http://localhost/' successfully

2022-01-14 22:35:51 - [MESSAGE][PASSED] - Navigate to 'http://localhost/' successfully

2022-01-14 22:35:51 - [TEST_STEP][PASSED] - click(findTestObject("Object Repository/Page_HCMUS/a_Log in")): Object: 'Object Repository/Page_HCMUS/a_Log in' is clicked on

2022-01-14 22:35:52 - [MESSAGE][PASSED] - Object: 'Object Repository/Page_HCMUS/a_Log in' is clicked on

2022-01-14 22:35:52 - [TEST_STEP][PASSED] - setText(findTestObject("Object Repository/Page_HCMUS Log in to the site/input_Username_username"), "admin"): Text 'admin' is set on object 'Object Repository/Page_HCMUS Log in to the site/input_Username_username'

2022-01-14 22:35:53 - [MESSAGE][PASSED] - Text 'admin' is set on object 'Object Repository/Page_HCMUS Log in to the site/input_Username_username'

2022-01-14 22:35:53 - [TEST_STEP][PASSED] - setEncryptedText(findTestObject("Object Repository/Page_HCMUS Log in to the site/input_Password_password"), "5MU2PI2jvJCK/lBTYOwt6g=="): Text ****** has been set on object 'Object Repository/Page_HCMUS Log in to the site/input_Password_password'

2022-01-14 22:35:53 - [MESSAGE][PASSED] - Text ****** has been set on object 'Object Repository/Page_HCMUS Log in to the site/input_Password_password'

2022-01-14 22:35:53 - [TEST_STEP][PASSED] - click(findTestObject("Object Repository/Page_HCMUS Log in to the site/button_Log in")): Object: 'Object Repository/Page_HCMUS Log in to the site/button_Log in' is clicked on

2022-01-14 22:35:54 - [MESSAGE][PASSED] - Object: 'Object Repository/Page_HCMUS Log in to the site/button_Log in' is clicked on

2022-01-14 22:35:54 - [TEST_STEP][PASSED] - click(findTestObject("Object Repository/Page_Dashboard/span_Site administration")): Object: 'Object Repository/Page_Dashboard/span_Site administration' is clicked on

2022-01-14 22:35:57 - [MESSAGE][PASSED] - Object: 'Object Repository/Page_Dashboard/span_Site administration' is clicked on

2022-01-14 22:35:57 - [TEST_STEP][PASSED] - click(findTestObject("Object Repository/Page_KHTN Administration Search/a_Users")): Object: 'Object Repository/Page_KHTN Administration Search/a_Users' is clicked on

2022-01-14 22:35:57 - [MESSAGE][PASSED] - Object: 'Object Repository/Page_KHTN Administration Search/a_Users' is clicked on

2022-01-14 22:35:57 - [TEST_STEP][PASSED] - click(findTestObject("Object Repository/Page_KHTN Administration Search/a_Add a new user")): Object: 'Object Repository/Page_KHTN Administration Search/a_Add a new user' is clicked on

2022-01-14 22:35:59 - [MESSAGE][PASSED] - Object: 'Object Repository/Page_KHTN Administration Search/a_Add a new user' is clicked on

2022-01-14 22:35:59 - [TEST_STEP][PASSED] - setText(findTestObject("Object Repository/Page_KHTN Administration Users Accounts Add_aad8ed/input_Username_username"), "student11"): Text 'student11' is set on object 'Object Repository/Page_KHTN Administration Users Accounts Add_aad8ed/input_Username_username'

2022-01-14 22:36:00 - [MESSAGE][PASSED] - Text 'student11' is set on object 'Object Repository/Page_KHTN Administration Users Accounts Add_aad8ed/input_Username_username'

2022-01-14 22:36:00 - [TEST_STEP][PASSED] - click(findTestObject("Object Repository/Page_KHTN Administration Users Accounts Add_aad8ed/em_Click to enter text")): Object: 'Object Repository/Page_KHTN Administration Users Accounts Add_aad8ed/em_Click to enter text' is clicked on

2022-01-14 22:36:00 - [MESSAGE][PASSED] - Object: 'Object Repository/Page_KHTN Administration Users Accounts Add_aad8ed/em_Click to enter text' is clicked on

2022-01-14 22:36:00 - [TEST_STEP][PASSED] - setEncryptedText(findTestObject("Object Repository/Page_KHTN Administration Users Accounts Add_aad8ed/input_New password_newpassword"), "5MU2PI2jvJCK/lBTYOwt6g=="): Text ****** has been set on object 'Object Repository/Page_KHTN Administration Users Accounts Add_aad8ed/input_New password_newpassword'

2022-01-14 22:36:01 - [MESSAGE][PASSED] - Text ****** has been set on object 'Object Repository/Page_KHTN Administration Users Accounts Add_aad8ed/input_New password_newpassword'

2022-01-14 22:36:01 - [TEST_STEP][PASSED] - setText(findTestObject("Object Repository/Page_KHTN Administration Users Accounts Add_aad8ed/input_First name_firstname"), "Student"): Text 'Student' is set on object 'Object Repository/Page_KHTN Administration Users Accounts Add_aad8ed/input_First name_firstname'

2022-01-14 22:36:02 - [MESSAGE][PASSED] - Text 'Student' is set on object 'Object Repository/Page_KHTN Administration Users Accounts Add_aad8ed/input_First name_firstname'

2022-01-14 22:36:02 - [TEST_STEP][PASSED] - setText(findTestObject("Object Repository/Page_KHTN Administration Users Accounts Add_aad8ed/input_Surname_lastname"), "Zack"): Text 'Zack' is set on object 'Object Repository/Page_KHTN Administration Users Accounts Add_aad8ed/input_Surname_lastname'

2022-01-14 22:36:03 - [MESSAGE][PASSED] - Text 'Zack' is set on object 'Object Repository/Page_KHTN Administration Users Accounts Add_aad8ed/input_Surname_lastname'

2022-01-14 22:36:03 - [TEST_STEP][PASSED] - setText(findTestObject("Object Repository/Page_KHTN Administration Users Accounts Add_aad8ed/input_Email address_email"), "s11@example.com"): Text 's11@example.com' is set on object 'Object Repository/Page_KHTN Administration Users Accounts Add_aad8ed/input_Email address_email'

2022-01-14 22:36:03 - [MESSAGE][PASSED] - Text 's11@example.com' is set on object 'Object Repository/Page_KHTN Administration Users Accounts Add_aad8ed/input_Email address_email'

2022-01-14 22:36:03 - [TEST_STEP][PASSED] - click(findTestObject("Object Repository/Page_KHTN Administration Users Accounts Add_aad8ed/input_Press enter to save changes_preferenc_a80a7a")): Object: 'Object Repository/Page_KHTN Administration Users Accounts Add_aad8ed/input_Press enter to save changes_preferenc_a80a7a' is clicked on

2022-01-14 22:36:04 - [MESSAGE][PASSED] - Object: 'Object Repository/Page_KHTN Administration Users Accounts Add_aad8ed/input_Press enter to save changes_preferenc_a80a7a' is clicked on

2022-01-14 22:36:04 - [TEST_STEP][PASSED] - click(findTestObject("Object Repository/Page_KHTN Administration Users Accounts Add_aad8ed/input_Address_submitbutton")): Object: 'Object Repository/Page_KHTN Administration Users Accounts Add_aad8ed/input_Address_submitbutton' is clicked on

2022-01-14 22:36:05 - [MESSAGE][PASSED] - Object: 'Object Repository/Page_KHTN Administration Users Accounts Add_aad8ed/input_Address_submitbutton' is clicked on

2022-01-14 22:36:05 - [TEST_STEP][PASSED] - navigateToUrl("http://localhost/admin/user.php"): Navigate to 'http://localhost/admin/user.php' successfully

2022-01-14 22:36:06 - [MESSAGE][PASSED] - Navigate to 'http://localhost/admin/user.php' successfully

2022-01-14 22:36:06 - [TEST_STEP][PASSED] - verifyElementVisible(findTestObject("Object Repository/Page_KHTN Administration Users Accounts Bro_45ce40/div_Changes saved")): Object 'Object Repository/Page_KHTN Administration Users Accounts Bro_45ce40/div_Changes saved' is visible

2022-01-14 22:36:12 - [MESSAGE][INFO] - Unable to find the element located by 'By.xpath: //span[@id='user-notifications']/div'. Please recheck the objects properties to make sure the desired element is located. 

2022-01-14 22:36:12 - [MESSAGE][WARNING] - [SELF-HEALING] Failed to find element with id 'Object Repository/Page_KHTN Administration Users Accounts Bro_45ce40/div_Changes saved'. Try using Self-healing.

2022-01-14 22:36:12 - [MESSAGE][WARNING] - [SELF-HEALING] The current locator of test object 'Object Repository/Page_KHTN Administration Users Accounts Bro_45ce40/div_Changes saved' was broken. Propose an alternative one: '(.//*[normalize-space(text()) and normalize-space(.)='Blocks editing on'])[1]/following::div[4]'.

2022-01-14 22:36:12 - [MESSAGE][PASSED] - Object 'Object Repository/Page_KHTN Administration Users Accounts Bro_45ce40/div_Changes saved' is visible

2022-01-14 22:36:12 - [TEST_STEP][PASSED] - click(findTestObject("Object Repository/Page_KHTN Administration Users Accounts Bro_45ce40/a_Admin User")): Object: 'Object Repository/Page_KHTN Administration Users Accounts Bro_45ce40/a_Admin User' is clicked on

2022-01-14 22:36:13 - [MESSAGE][PASSED] - Object: 'Object Repository/Page_KHTN Administration Users Accounts Bro_45ce40/a_Admin User' is clicked on

2022-01-14 22:36:13 - [TEST_STEP][PASSED] - click(findTestObject("Object Repository/Page_KHTN Administration Users Accounts Bro_45ce40/a_Log out")): Object: 'Object Repository/Page_KHTN Administration Users Accounts Bro_45ce40/a_Log out' is clicked on

2022-01-14 22:36:14 - [MESSAGE][PASSED] - Object: 'Object Repository/Page_KHTN Administration Users Accounts Bro_45ce40/a_Log out' is clicked on

2022-01-14 22:36:14 - [TEST_STEP][PASSED] - click(findTestObject("Object Repository/Page_HCMUS/a_Log in")): Object: 'Object Repository/Page_HCMUS/a_Log in' is clicked on

2022-01-14 22:36:14 - [MESSAGE][PASSED] - Object: 'Object Repository/Page_HCMUS/a_Log in' is clicked on

2022-01-14 22:36:14 - [TEST_STEP][PASSED] - setText(findTestObject("Object Repository/Page_HCMUS Log in to the site/input_Username_username"), "student11"): Text 'student11' is set on object 'Object Repository/Page_HCMUS Log in to the site/input_Username_username'

2022-01-14 22:36:15 - [MESSAGE][PASSED] - Text 'student11' is set on object 'Object Repository/Page_HCMUS Log in to the site/input_Username_username'

2022-01-14 22:36:15 - [TEST_STEP][PASSED] - setEncryptedText(findTestObject("Object Repository/Page_HCMUS Log in to the site/input_Password_password"), "5MU2PI2jvJCK/lBTYOwt6g=="): Text ****** has been set on object 'Object Repository/Page_HCMUS Log in to the site/input_Password_password'

2022-01-14 22:36:15 - [MESSAGE][PASSED] - Text ****** has been set on object 'Object Repository/Page_HCMUS Log in to the site/input_Password_password'

2022-01-14 22:36:15 - [TEST_STEP][PASSED] - click(findTestObject("Object Repository/Page_HCMUS Log in to the site/button_Log in")): Object: 'Object Repository/Page_HCMUS Log in to the site/button_Log in' is clicked on

2022-01-14 22:36:16 - [MESSAGE][PASSED] - Object: 'Object Repository/Page_HCMUS Log in to the site/button_Log in' is clicked on

2022-01-14 22:36:16 - [TEST_STEP][PASSED] - verifyElementVisible(findTestObject("Object Repository/Page_Change password/div_You must change your password to proceed")): Object 'Object Repository/Page_Change password/div_You must change your password to proceed' is visible

2022-01-14 22:36:17 - [MESSAGE][PASSED] - Object 'Object Repository/Page_Change password/div_You must change your password to proceed' is visible

2022-01-14 22:36:17 - [TEST_STEP][PASSED] - setEncryptedText(findTestObject("Object Repository/Page_Change password/input_Current password_password"), "5MU2PI2jvJCK/lBTYOwt6g=="): Text ****** has been set on object 'Object Repository/Page_Change password/input_Current password_password'

2022-01-14 22:36:17 - [MESSAGE][PASSED] - Text ****** has been set on object 'Object Repository/Page_Change password/input_Current password_password'

2022-01-14 22:36:17 - [TEST_STEP][PASSED] - setEncryptedText(findTestObject("Object Repository/Page_Change password/input_New password_newpassword1"), "xsue+lrReh5yW1Jtmbf0PA=="): Text ****** has been set on object 'Object Repository/Page_Change password/input_New password_newpassword1'

2022-01-14 22:36:18 - [MESSAGE][PASSED] - Text ****** has been set on object 'Object Repository/Page_Change password/input_New password_newpassword1'

2022-01-14 22:36:18 - [TEST_STEP][PASSED] - setEncryptedText(findTestObject("Object Repository/Page_Change password/input_New password (again)_newpassword2"), "xsue+lrReh5yW1Jtmbf0PA=="): Text ****** has been set on object 'Object Repository/Page_Change password/input_New password (again)_newpassword2'

2022-01-14 22:36:18 - [MESSAGE][PASSED] - Text ****** has been set on object 'Object Repository/Page_Change password/input_New password (again)_newpassword2'

2022-01-14 22:36:18 - [TEST_STEP][PASSED] - click(findTestObject("Object Repository/Page_Change password/input_New password (again)_submitbutton")): Object: 'Object Repository/Page_Change password/input_New password (again)_submitbutton' is clicked on

2022-01-14 22:36:19 - [MESSAGE][PASSED] - Object: 'Object Repository/Page_Change password/input_New password (again)_submitbutton' is clicked on

2022-01-14 22:36:19 - [TEST_STEP][PASSED] - verifyElementVisible(findTestObject("Object Repository/Page_Password has been changed/div_Password has been changed")): Object 'Object Repository/Page_Password has been changed/div_Password has been changed' is visible

2022-01-14 22:36:20 - [MESSAGE][PASSED] - Object 'Object Repository/Page_Password has been changed/div_Password has been changed' is visible

2022-01-14 22:36:20 - [TEST_STEP][PASSED] - click(findTestObject("Object Repository/Page_Password has been changed/button_Continue")): Object: 'Object Repository/Page_Password has been changed/button_Continue' is clicked on

2022-01-14 22:36:21 - [MESSAGE][PASSED] - Object: 'Object Repository/Page_Password has been changed/button_Continue' is clicked on

2022-01-14 22:36:21 - [TEST_STEP][PASSED] - closeBrowser(): Browser is closed

2022-01-14 22:36:21 - [MESSAGE][PASSED] - Browser is closed]]></system-out>
         <system-err><![CDATA[]]></system-err>
      </testcase>
      <testcase name="Test Cases/4_tạo tài khoản user với username đã tồn tại" time="17.477" classname="Test Cases/4_tạo tài khoản user với username đã tồn tại" status="PASSED">
         <system-out><![CDATA[2022-01-14 22:36:21 - [TEST_CASE][PASSED] - Test Cases/4_tạo tài khoản user với username đã tồn tại: Test Cases/4_tạo tài khoản user với username đã tồn tại

2022-01-14 22:36:22 - [TEST_STEP][PASSED] - openBrowser(""): Browser is opened with url: ''

2022-01-14 22:36:22 - [MESSAGE][INFO] - Starting 'Chrome' driver

2022-01-14 22:36:22 - [MESSAGE][INFO] - Action delay is set to 0 milliseconds

2022-01-14 22:36:23 - [MESSAGE][PASSED] - Browser is opened with url: ''

2022-01-14 22:36:23 - [TEST_STEP][PASSED] - navigateToUrl("http://localhost/"): Navigate to 'http://localhost/' successfully

2022-01-14 22:36:23 - [MESSAGE][PASSED] - Navigate to 'http://localhost/' successfully

2022-01-14 22:36:23 - [TEST_STEP][PASSED] - click(findTestObject("Object Repository/Page_HCMUS/a_Log in")): Object: 'Object Repository/Page_HCMUS/a_Log in' is clicked on

2022-01-14 22:36:24 - [MESSAGE][PASSED] - Object: 'Object Repository/Page_HCMUS/a_Log in' is clicked on

2022-01-14 22:36:24 - [TEST_STEP][PASSED] - setText(findTestObject("Object Repository/Page_HCMUS Log in to the site/input_Username_username"), "admin"): Text 'admin' is set on object 'Object Repository/Page_HCMUS Log in to the site/input_Username_username'

2022-01-14 22:36:25 - [MESSAGE][PASSED] - Text 'admin' is set on object 'Object Repository/Page_HCMUS Log in to the site/input_Username_username'

2022-01-14 22:36:25 - [TEST_STEP][PASSED] - setEncryptedText(findTestObject("Object Repository/Page_HCMUS Log in to the site/input_Password_password"), "5MU2PI2jvJCK/lBTYOwt6g=="): Text ****** has been set on object 'Object Repository/Page_HCMUS Log in to the site/input_Password_password'

2022-01-14 22:36:25 - [MESSAGE][PASSED] - Text ****** has been set on object 'Object Repository/Page_HCMUS Log in to the site/input_Password_password'

2022-01-14 22:36:25 - [TEST_STEP][PASSED] - click(findTestObject("Object Repository/Page_HCMUS Log in to the site/button_Log in")): Object: 'Object Repository/Page_HCMUS Log in to the site/button_Log in' is clicked on

2022-01-14 22:36:26 - [MESSAGE][PASSED] - Object: 'Object Repository/Page_HCMUS Log in to the site/button_Log in' is clicked on

2022-01-14 22:36:26 - [TEST_STEP][PASSED] - click(findTestObject("Object Repository/Page_Dashboard/span_Site administration")): Object: 'Object Repository/Page_Dashboard/span_Site administration' is clicked on

2022-01-14 22:36:28 - [MESSAGE][PASSED] - Object: 'Object Repository/Page_Dashboard/span_Site administration' is clicked on

2022-01-14 22:36:28 - [TEST_STEP][PASSED] - click(findTestObject("Object Repository/Page_KHTN Administration Search/a_Users")): Object: 'Object Repository/Page_KHTN Administration Search/a_Users' is clicked on

2022-01-14 22:36:29 - [MESSAGE][PASSED] - Object: 'Object Repository/Page_KHTN Administration Search/a_Users' is clicked on

2022-01-14 22:36:29 - [TEST_STEP][PASSED] - click(findTestObject("Object Repository/Page_KHTN Administration Search/a_Add a new user")): Object: 'Object Repository/Page_KHTN Administration Search/a_Add a new user' is clicked on

2022-01-14 22:36:30 - [MESSAGE][PASSED] - Object: 'Object Repository/Page_KHTN Administration Search/a_Add a new user' is clicked on

2022-01-14 22:36:30 - [TEST_STEP][PASSED] - setText(findTestObject("Object Repository/Page_KHTN Administration Users Accounts Add_aad8ed/input_Username_username"), "student11"): Text 'student11' is set on object 'Object Repository/Page_KHTN Administration Users Accounts Add_aad8ed/input_Username_username'

2022-01-14 22:36:32 - [MESSAGE][PASSED] - Text 'student11' is set on object 'Object Repository/Page_KHTN Administration Users Accounts Add_aad8ed/input_Username_username'

2022-01-14 22:36:32 - [TEST_STEP][PASSED] - setText(findTestObject("Object Repository/Page_KHTN Administration Users Accounts Add_aad8ed/input_First name_firstname"), "a"): Text 'a' is set on object 'Object Repository/Page_KHTN Administration Users Accounts Add_aad8ed/input_First name_firstname'

2022-01-14 22:36:33 - [MESSAGE][PASSED] - Text 'a' is set on object 'Object Repository/Page_KHTN Administration Users Accounts Add_aad8ed/input_First name_firstname'

2022-01-14 22:36:33 - [TEST_STEP][PASSED] - setText(findTestObject("Object Repository/Page_KHTN Administration Users Accounts Add_aad8ed/input_Surname_lastname"), "b"): Text 'b' is set on object 'Object Repository/Page_KHTN Administration Users Accounts Add_aad8ed/input_Surname_lastname'

2022-01-14 22:36:33 - [MESSAGE][PASSED] - Text 'b' is set on object 'Object Repository/Page_KHTN Administration Users Accounts Add_aad8ed/input_Surname_lastname'

2022-01-14 22:36:33 - [TEST_STEP][PASSED] - setText(findTestObject("Object Repository/Page_KHTN Administration Users Accounts Add_aad8ed/input_Email address_email"), "a@gmail.com"): Text 'a@gmail.com' is set on object 'Object Repository/Page_KHTN Administration Users Accounts Add_aad8ed/input_Email address_email'

2022-01-14 22:36:34 - [MESSAGE][PASSED] - Text 'a@gmail.com' is set on object 'Object Repository/Page_KHTN Administration Users Accounts Add_aad8ed/input_Email address_email'

2022-01-14 22:36:34 - [TEST_STEP][PASSED] - click(findTestObject("Object Repository/Page_KHTN Administration Users Accounts Add_aad8ed/em_Click to enter text")): Object: 'Object Repository/Page_KHTN Administration Users Accounts Add_aad8ed/em_Click to enter text' is clicked on

2022-01-14 22:36:35 - [MESSAGE][PASSED] - Object: 'Object Repository/Page_KHTN Administration Users Accounts Add_aad8ed/em_Click to enter text' is clicked on

2022-01-14 22:36:35 - [TEST_STEP][PASSED] - setEncryptedText(findTestObject("Object Repository/Page_KHTN Administration Users Accounts Add_aad8ed/input_New password_newpassword"), "8pa5q0hY+sdM2cG6/p2tPQ=="): Text ****** has been set on object 'Object Repository/Page_KHTN Administration Users Accounts Add_aad8ed/input_New password_newpassword'

2022-01-14 22:36:35 - [MESSAGE][PASSED] - Text ****** has been set on object 'Object Repository/Page_KHTN Administration Users Accounts Add_aad8ed/input_New password_newpassword'

2022-01-14 22:36:35 - [TEST_STEP][PASSED] - click(findTestObject("Object Repository/Page_KHTN Administration Users Accounts Add_aad8ed/input_Address_submitbutton")): Object: 'Object Repository/Page_KHTN Administration Users Accounts Add_aad8ed/input_Address_submitbutton' is clicked on

2022-01-14 22:36:37 - [MESSAGE][PASSED] - Object: 'Object Repository/Page_KHTN Administration Users Accounts Add_aad8ed/input_Address_submitbutton' is clicked on

2022-01-14 22:36:37 - [TEST_STEP][PASSED] - verifyElementVisible(findTestObject("Object Repository/Page_KHTN Administration Users Accounts Add_aad8ed/div_This username already exists, choose another")): Object 'Object Repository/Page_KHTN Administration Users Accounts Add_aad8ed/div_This username already exists, choose another' is visible

2022-01-14 22:36:38 - [MESSAGE][PASSED] - Object 'Object Repository/Page_KHTN Administration Users Accounts Add_aad8ed/div_This username already exists, choose another' is visible

2022-01-14 22:36:38 - [TEST_STEP][PASSED] - verifyElementVisible(findTestObject("Object Repository/Page_KHTN Administration Users Accounts Add_aad8ed/div_This username already exists, choose another_1")): Object 'Object Repository/Page_KHTN Administration Users Accounts Add_aad8ed/div_This username already exists, choose another_1' is visible

2022-01-14 22:36:38 - [MESSAGE][PASSED] - Object 'Object Repository/Page_KHTN Administration Users Accounts Add_aad8ed/div_This username already exists, choose another_1' is visible

2022-01-14 22:36:38 - [TEST_STEP][PASSED] - closeBrowser(): Browser is closed

2022-01-14 22:36:39 - [MESSAGE][PASSED] - Browser is closed]]></system-out>
         <system-err><![CDATA[]]></system-err>
      </testcase>
      <testcase name="Test Cases/5_tạo tài khoản với mật khẩu không theo chuẩn" time="21.511" classname="Test Cases/5_tạo tài khoản với mật khẩu không theo chuẩn" status="PASSED">
         <system-out><![CDATA[2022-01-14 22:36:39 - [TEST_CASE][PASSED] - Test Cases/5_tạo tài khoản với mật khẩu không theo chuẩn: Test Cases/5_tạo tài khoản với mật khẩu không theo chuẩn

2022-01-14 22:36:39 - [TEST_STEP][PASSED] - openBrowser(""): Browser is opened with url: ''

2022-01-14 22:36:39 - [MESSAGE][INFO] - Starting 'Chrome' driver

2022-01-14 22:36:39 - [MESSAGE][INFO] - Action delay is set to 0 milliseconds

2022-01-14 22:36:40 - [MESSAGE][PASSED] - Browser is opened with url: ''

2022-01-14 22:36:40 - [TEST_STEP][PASSED] - navigateToUrl("http://localhost/"): Navigate to 'http://localhost/' successfully

2022-01-14 22:36:41 - [MESSAGE][PASSED] - Navigate to 'http://localhost/' successfully

2022-01-14 22:36:41 - [TEST_STEP][PASSED] - click(findTestObject("Object Repository/Page_HCMUS/a_Log in")): Object: 'Object Repository/Page_HCMUS/a_Log in' is clicked on

2022-01-14 22:36:41 - [MESSAGE][PASSED] - Object: 'Object Repository/Page_HCMUS/a_Log in' is clicked on

2022-01-14 22:36:41 - [TEST_STEP][PASSED] - setText(findTestObject("Object Repository/Page_HCMUS Log in to the site/input_Username_username"), "admin"): Text 'admin' is set on object 'Object Repository/Page_HCMUS Log in to the site/input_Username_username'

2022-01-14 22:36:42 - [MESSAGE][PASSED] - Text 'admin' is set on object 'Object Repository/Page_HCMUS Log in to the site/input_Username_username'

2022-01-14 22:36:42 - [TEST_STEP][PASSED] - setEncryptedText(findTestObject("Object Repository/Page_HCMUS Log in to the site/input_Password_password"), "5MU2PI2jvJCK/lBTYOwt6g=="): Text ****** has been set on object 'Object Repository/Page_HCMUS Log in to the site/input_Password_password'

2022-01-14 22:36:43 - [MESSAGE][PASSED] - Text ****** has been set on object 'Object Repository/Page_HCMUS Log in to the site/input_Password_password'

2022-01-14 22:36:43 - [TEST_STEP][PASSED] - click(findTestObject("Object Repository/Page_HCMUS Log in to the site/button_Log in")): Object: 'Object Repository/Page_HCMUS Log in to the site/button_Log in' is clicked on

2022-01-14 22:36:44 - [MESSAGE][PASSED] - Object: 'Object Repository/Page_HCMUS Log in to the site/button_Log in' is clicked on

2022-01-14 22:36:44 - [TEST_STEP][PASSED] - click(findTestObject("Object Repository/Page_Dashboard/span_Site administration")): Object: 'Object Repository/Page_Dashboard/span_Site administration' is clicked on

2022-01-14 22:36:46 - [MESSAGE][PASSED] - Object: 'Object Repository/Page_Dashboard/span_Site administration' is clicked on

2022-01-14 22:36:46 - [TEST_STEP][PASSED] - click(findTestObject("Object Repository/Page_KHTN Administration Search/a_Users")): Object: 'Object Repository/Page_KHTN Administration Search/a_Users' is clicked on

2022-01-14 22:36:46 - [MESSAGE][PASSED] - Object: 'Object Repository/Page_KHTN Administration Search/a_Users' is clicked on

2022-01-14 22:36:46 - [TEST_STEP][PASSED] - click(findTestObject("Object Repository/Page_KHTN Administration Search/a_Add a new user")): Object: 'Object Repository/Page_KHTN Administration Search/a_Add a new user' is clicked on

2022-01-14 22:36:48 - [MESSAGE][PASSED] - Object: 'Object Repository/Page_KHTN Administration Search/a_Add a new user' is clicked on

2022-01-14 22:36:48 - [TEST_STEP][PASSED] - setText(findTestObject("Object Repository/Page_KHTN Administration Users Accounts Add_aad8ed/input_Username_username"), "student2"): Text 'student2' is set on object 'Object Repository/Page_KHTN Administration Users Accounts Add_aad8ed/input_Username_username'

2022-01-14 22:36:49 - [MESSAGE][PASSED] - Text 'student2' is set on object 'Object Repository/Page_KHTN Administration Users Accounts Add_aad8ed/input_Username_username'

2022-01-14 22:36:49 - [TEST_STEP][PASSED] - click(findTestObject("Object Repository/Page_KHTN Administration Users Accounts Add_aad8ed/em_Click to enter text")): Object: 'Object Repository/Page_KHTN Administration Users Accounts Add_aad8ed/em_Click to enter text' is clicked on

2022-01-14 22:36:50 - [MESSAGE][PASSED] - Object: 'Object Repository/Page_KHTN Administration Users Accounts Add_aad8ed/em_Click to enter text' is clicked on

2022-01-14 22:36:50 - [TEST_STEP][PASSED] - setEncryptedText(findTestObject("Object Repository/Page_KHTN Administration Users Accounts Add_aad8ed/input_New password_newpassword"), "J7R4ejOak4Y="): Text ****** has been set on object 'Object Repository/Page_KHTN Administration Users Accounts Add_aad8ed/input_New password_newpassword'

2022-01-14 22:36:50 - [MESSAGE][PASSED] - Text ****** has been set on object 'Object Repository/Page_KHTN Administration Users Accounts Add_aad8ed/input_New password_newpassword'

2022-01-14 22:36:50 - [TEST_STEP][PASSED] - setText(findTestObject("Object Repository/Page_KHTN Administration Users Accounts Add_aad8ed/input_First name_firstname"), "student2"): Text 'student2' is set on object 'Object Repository/Page_KHTN Administration Users Accounts Add_aad8ed/input_First name_firstname'

2022-01-14 22:36:51 - [MESSAGE][PASSED] - Text 'student2' is set on object 'Object Repository/Page_KHTN Administration Users Accounts Add_aad8ed/input_First name_firstname'

2022-01-14 22:36:51 - [TEST_STEP][PASSED] - click(findTestObject("Object Repository/Page_KHTN Administration Users Accounts Add_aad8ed/div_First name")): Object: 'Object Repository/Page_KHTN Administration Users Accounts Add_aad8ed/div_First name' is clicked on

2022-01-14 22:36:52 - [MESSAGE][PASSED] - Object: 'Object Repository/Page_KHTN Administration Users Accounts Add_aad8ed/div_First name' is clicked on

2022-01-14 22:36:52 - [TEST_STEP][PASSED] - setText(findTestObject("Object Repository/Page_KHTN Administration Users Accounts Add_aad8ed/input_First name_firstname"), "Student"): Text 'Student' is set on object 'Object Repository/Page_KHTN Administration Users Accounts Add_aad8ed/input_First name_firstname'

2022-01-14 22:36:53 - [MESSAGE][PASSED] - Text 'Student' is set on object 'Object Repository/Page_KHTN Administration Users Accounts Add_aad8ed/input_First name_firstname'

2022-01-14 22:36:53 - [TEST_STEP][PASSED] - setText(findTestObject("Object Repository/Page_KHTN Administration Users Accounts Add_aad8ed/input_Surname_lastname"), "Epperson"): Text 'Epperson' is set on object 'Object Repository/Page_KHTN Administration Users Accounts Add_aad8ed/input_Surname_lastname'

2022-01-14 22:36:54 - [MESSAGE][PASSED] - Text 'Epperson' is set on object 'Object Repository/Page_KHTN Administration Users Accounts Add_aad8ed/input_Surname_lastname'

2022-01-14 22:36:54 - [TEST_STEP][PASSED] - setText(findTestObject("Object Repository/Page_KHTN Administration Users Accounts Add_aad8ed/input_Email address_email"), "s2@example.com"): Text 's2@example.com' is set on object 'Object Repository/Page_KHTN Administration Users Accounts Add_aad8ed/input_Email address_email'

2022-01-14 22:36:55 - [MESSAGE][PASSED] - Text 's2@example.com' is set on object 'Object Repository/Page_KHTN Administration Users Accounts Add_aad8ed/input_Email address_email'

2022-01-14 22:36:55 - [TEST_STEP][PASSED] - click(findTestObject("Object Repository/Page_KHTN Administration Users Accounts Add_aad8ed/input_Address_submitbutton")): Object: 'Object Repository/Page_KHTN Administration Users Accounts Add_aad8ed/input_Address_submitbutton' is clicked on

2022-01-14 22:36:57 - [MESSAGE][PASSED] - Object: 'Object Repository/Page_KHTN Administration Users Accounts Add_aad8ed/input_Address_submitbutton' is clicked on

2022-01-14 22:36:57 - [TEST_STEP][PASSED] - verifyElementVisible(findTestObject("Object Repository/Page_KHTN Administration Users Accounts Add_aad8ed/div_Passwords must be at least 8 characters long")): Object 'Object Repository/Page_KHTN Administration Users Accounts Add_aad8ed/div_Passwords must be at least 8 characters long' is visible

2022-01-14 22:36:58 - [MESSAGE][PASSED] - Object 'Object Repository/Page_KHTN Administration Users Accounts Add_aad8ed/div_Passwords must be at least 8 characters long' is visible

2022-01-14 22:36:58 - [TEST_STEP][PASSED] - verifyElementVisible(findTestObject("Object Repository/Page_KHTN Administration Users Accounts Add_aad8ed/div_Passwords must have at least 1 digit(s)")): Object 'Object Repository/Page_KHTN Administration Users Accounts Add_aad8ed/div_Passwords must have at least 1 digit(s)' is visible

2022-01-14 22:36:59 - [MESSAGE][PASSED] - Object 'Object Repository/Page_KHTN Administration Users Accounts Add_aad8ed/div_Passwords must have at least 1 digit(s)' is visible

2022-01-14 22:36:59 - [TEST_STEP][PASSED] - verifyElementVisible(findTestObject("Object Repository/Page_KHTN Administration Users Accounts Add_aad8ed/div_Passwords must have at least 1 digit(s)")): Object 'Object Repository/Page_KHTN Administration Users Accounts Add_aad8ed/div_Passwords must have at least 1 digit(s)' is visible

2022-01-14 22:36:59 - [MESSAGE][PASSED] - Object 'Object Repository/Page_KHTN Administration Users Accounts Add_aad8ed/div_Passwords must have at least 1 digit(s)' is visible

2022-01-14 22:36:59 - [TEST_STEP][PASSED] - verifyElementVisible(findTestObject("Object Repository/Page_KHTN Administration Users Accounts Add_aad8ed/div_Passwords must have at least 1 upper ca_8e926f")): Object 'Object Repository/Page_KHTN Administration Users Accounts Add_aad8ed/div_Passwords must have at least 1 upper ca_8e926f' is visible

2022-01-14 22:36:59 - [MESSAGE][PASSED] - Object 'Object Repository/Page_KHTN Administration Users Accounts Add_aad8ed/div_Passwords must have at least 1 upper ca_8e926f' is visible

2022-01-14 22:36:59 - [TEST_STEP][PASSED] - closeBrowser(): Browser is closed

2022-01-14 22:37:00 - [MESSAGE][PASSED] - Browser is closed]]></system-out>
         <system-err><![CDATA[]]></system-err>
      </testcase>
      <testcase name="Test Cases/6_tạo tài khoản thiếu thuộc tính bắt buộc" time="12.79" classname="Test Cases/6_tạo tài khoản thiếu thuộc tính bắt buộc" status="PASSED">
         <system-out><![CDATA[2022-01-14 22:37:00 - [TEST_CASE][PASSED] - Test Cases/6_tạo tài khoản thiếu thuộc tính bắt buộc: Test Cases/6_tạo tài khoản thiếu thuộc tính bắt buộc

2022-01-14 22:37:01 - [TEST_STEP][PASSED] - openBrowser(""): Browser is opened with url: ''

2022-01-14 22:37:01 - [MESSAGE][INFO] - Starting 'Chrome' driver

2022-01-14 22:37:01 - [MESSAGE][INFO] - Action delay is set to 0 milliseconds

2022-01-14 22:37:02 - [MESSAGE][PASSED] - Browser is opened with url: ''

2022-01-14 22:37:02 - [TEST_STEP][PASSED] - navigateToUrl("http://localhost/"): Navigate to 'http://localhost/' successfully

2022-01-14 22:37:02 - [MESSAGE][PASSED] - Navigate to 'http://localhost/' successfully

2022-01-14 22:37:02 - [TEST_STEP][PASSED] - click(findTestObject("Object Repository/Page_HCMUS/a_Log in")): Object: 'Object Repository/Page_HCMUS/a_Log in' is clicked on

2022-01-14 22:37:03 - [MESSAGE][PASSED] - Object: 'Object Repository/Page_HCMUS/a_Log in' is clicked on

2022-01-14 22:37:03 - [TEST_STEP][PASSED] - setText(findTestObject("Object Repository/Page_HCMUS Log in to the site/input_Username_username"), "admin"): Text 'admin' is set on object 'Object Repository/Page_HCMUS Log in to the site/input_Username_username'

2022-01-14 22:37:04 - [MESSAGE][PASSED] - Text 'admin' is set on object 'Object Repository/Page_HCMUS Log in to the site/input_Username_username'

2022-01-14 22:37:04 - [TEST_STEP][PASSED] - setEncryptedText(findTestObject("Object Repository/Page_HCMUS Log in to the site/input_Password_password"), "5MU2PI2jvJCK/lBTYOwt6g=="): Text ****** has been set on object 'Object Repository/Page_HCMUS Log in to the site/input_Password_password'

2022-01-14 22:37:04 - [MESSAGE][PASSED] - Text ****** has been set on object 'Object Repository/Page_HCMUS Log in to the site/input_Password_password'

2022-01-14 22:37:04 - [TEST_STEP][PASSED] - click(findTestObject("Object Repository/Page_HCMUS Log in to the site/button_Log in")): Object: 'Object Repository/Page_HCMUS Log in to the site/button_Log in' is clicked on

2022-01-14 22:37:05 - [MESSAGE][PASSED] - Object: 'Object Repository/Page_HCMUS Log in to the site/button_Log in' is clicked on

2022-01-14 22:37:05 - [TEST_STEP][PASSED] - click(findTestObject("Object Repository/Page_Dashboard/span_Site administration")): Object: 'Object Repository/Page_Dashboard/span_Site administration' is clicked on

2022-01-14 22:37:07 - [MESSAGE][PASSED] - Object: 'Object Repository/Page_Dashboard/span_Site administration' is clicked on

2022-01-14 22:37:07 - [TEST_STEP][PASSED] - click(findTestObject("Object Repository/Page_KHTN Administration Search/a_Users")): Object: 'Object Repository/Page_KHTN Administration Search/a_Users' is clicked on

2022-01-14 22:37:08 - [MESSAGE][PASSED] - Object: 'Object Repository/Page_KHTN Administration Search/a_Users' is clicked on

2022-01-14 22:37:08 - [TEST_STEP][PASSED] - click(findTestObject("Object Repository/Page_KHTN Administration Search/a_Add a new user")): Object: 'Object Repository/Page_KHTN Administration Search/a_Add a new user' is clicked on

2022-01-14 22:37:09 - [MESSAGE][PASSED] - Object: 'Object Repository/Page_KHTN Administration Search/a_Add a new user' is clicked on

2022-01-14 22:37:09 - [TEST_STEP][PASSED] - click(findTestObject("Object Repository/Page_KHTN Administration Users Accounts Add_aad8ed/input_Address_submitbutton")): Object: 'Object Repository/Page_KHTN Administration Users Accounts Add_aad8ed/input_Address_submitbutton' is clicked on

2022-01-14 22:37:10 - [MESSAGE][PASSED] - Object: 'Object Repository/Page_KHTN Administration Users Accounts Add_aad8ed/input_Address_submitbutton' is clicked on

2022-01-14 22:37:10 - [TEST_STEP][PASSED] - verifyElementVisible(findTestObject("Object Repository/Page_KHTN Administration Users Accounts Add_aad8ed/div_- Missing given name")): Object 'Object Repository/Page_KHTN Administration Users Accounts Add_aad8ed/div_- Missing given name' is visible

2022-01-14 22:37:11 - [MESSAGE][PASSED] - Object 'Object Repository/Page_KHTN Administration Users Accounts Add_aad8ed/div_- Missing given name' is visible

2022-01-14 22:37:11 - [TEST_STEP][PASSED] - verifyElementVisible(findTestObject("Object Repository/Page_KHTN Administration Users Accounts Add_aad8ed/div_- Missing surname")): Object 'Object Repository/Page_KHTN Administration Users Accounts Add_aad8ed/div_- Missing surname' is visible

2022-01-14 22:37:11 - [MESSAGE][PASSED] - Object 'Object Repository/Page_KHTN Administration Users Accounts Add_aad8ed/div_- Missing surname' is visible

2022-01-14 22:37:11 - [TEST_STEP][PASSED] - verifyElementVisible(findTestObject("Object Repository/Page_KHTN Administration Users Accounts Add_aad8ed/div_- Required")): Object 'Object Repository/Page_KHTN Administration Users Accounts Add_aad8ed/div_- Required' is visible

2022-01-14 22:37:11 - [MESSAGE][PASSED] - Object 'Object Repository/Page_KHTN Administration Users Accounts Add_aad8ed/div_- Required' is visible

2022-01-14 22:37:11 - [TEST_STEP][PASSED] - verifyElementVisible(findTestObject("Object Repository/Page_KHTN Administration Users Accounts Add_aad8ed/input_Email address_email")): Object 'Object Repository/Page_KHTN Administration Users Accounts Add_aad8ed/input_Email address_email' is visible

2022-01-14 22:37:12 - [MESSAGE][PASSED] - Object 'Object Repository/Page_KHTN Administration Users Accounts Add_aad8ed/input_Email address_email' is visible

2022-01-14 22:37:12 - [TEST_STEP][PASSED] - verifyElementVisible(findTestObject("Object Repository/Page_KHTN Administration Users Accounts Add_aad8ed/div_- Required")): Object 'Object Repository/Page_KHTN Administration Users Accounts Add_aad8ed/div_- Required' is visible

2022-01-14 22:37:12 - [MESSAGE][PASSED] - Object 'Object Repository/Page_KHTN Administration Users Accounts Add_aad8ed/div_- Required' is visible

2022-01-14 22:37:12 - [TEST_STEP][PASSED] - closeBrowser(): Browser is closed

2022-01-14 22:37:13 - [MESSAGE][PASSED] - Browser is closed]]></system-out>
         <system-err><![CDATA[]]></system-err>
      </testcase>
      <testcase name="Test Cases/7_tạo tài khoản user chính xác" time="29.805" classname="Test Cases/7_tạo tài khoản user chính xác" status="PASSED">
         <system-out><![CDATA[2022-01-14 22:37:13 - [TEST_CASE][PASSED] - Test Cases/7_tạo tài khoản user chính xác: Test Cases/7_tạo tài khoản user chính xác

2022-01-14 22:37:14 - [TEST_STEP][PASSED] - openBrowser(""): Browser is opened with url: ''

2022-01-14 22:37:14 - [MESSAGE][INFO] - Starting 'Chrome' driver

2022-01-14 22:37:14 - [MESSAGE][INFO] - Action delay is set to 0 milliseconds

2022-01-14 22:37:15 - [MESSAGE][PASSED] - Browser is opened with url: ''

2022-01-14 22:37:15 - [TEST_STEP][PASSED] - navigateToUrl("http://localhost/"): Navigate to 'http://localhost/' successfully

2022-01-14 22:37:16 - [MESSAGE][PASSED] - Navigate to 'http://localhost/' successfully

2022-01-14 22:37:16 - [TEST_STEP][PASSED] - click(findTestObject("Object Repository/Page_HCMUS/a_Log in")): Object: 'Object Repository/Page_HCMUS/a_Log in' is clicked on

2022-01-14 22:37:16 - [MESSAGE][PASSED] - Object: 'Object Repository/Page_HCMUS/a_Log in' is clicked on

2022-01-14 22:37:16 - [TEST_STEP][PASSED] - setText(findTestObject("Object Repository/Page_HCMUS Log in to the site/input_Username_username"), "admin"): Text 'admin' is set on object 'Object Repository/Page_HCMUS Log in to the site/input_Username_username'

2022-01-14 22:37:17 - [MESSAGE][PASSED] - Text 'admin' is set on object 'Object Repository/Page_HCMUS Log in to the site/input_Username_username'

2022-01-14 22:37:17 - [TEST_STEP][PASSED] - setEncryptedText(findTestObject("Object Repository/Page_HCMUS Log in to the site/input_Password_password"), "5MU2PI2jvJCK/lBTYOwt6g=="): Text ****** has been set on object 'Object Repository/Page_HCMUS Log in to the site/input_Password_password'

2022-01-14 22:37:18 - [MESSAGE][PASSED] - Text ****** has been set on object 'Object Repository/Page_HCMUS Log in to the site/input_Password_password'

2022-01-14 22:37:18 - [TEST_STEP][PASSED] - click(findTestObject("Object Repository/Page_HCMUS Log in to the site/button_Log in")): Object: 'Object Repository/Page_HCMUS Log in to the site/button_Log in' is clicked on

2022-01-14 22:37:19 - [MESSAGE][PASSED] - Object: 'Object Repository/Page_HCMUS Log in to the site/button_Log in' is clicked on

2022-01-14 22:37:19 - [TEST_STEP][PASSED] - click(findTestObject("Object Repository/Page_Dashboard/span_Site administration")): Object: 'Object Repository/Page_Dashboard/span_Site administration' is clicked on

2022-01-14 22:37:21 - [MESSAGE][PASSED] - Object: 'Object Repository/Page_Dashboard/span_Site administration' is clicked on

2022-01-14 22:37:21 - [TEST_STEP][PASSED] - click(findTestObject("Object Repository/Page_KHTN Administration Search/a_Users")): Object: 'Object Repository/Page_KHTN Administration Search/a_Users' is clicked on

2022-01-14 22:37:21 - [MESSAGE][PASSED] - Object: 'Object Repository/Page_KHTN Administration Search/a_Users' is clicked on

2022-01-14 22:37:21 - [TEST_STEP][PASSED] - click(findTestObject("Object Repository/Page_KHTN Administration Search/a_Add a new user")): Object: 'Object Repository/Page_KHTN Administration Search/a_Add a new user' is clicked on

2022-01-14 22:37:22 - [MESSAGE][PASSED] - Object: 'Object Repository/Page_KHTN Administration Search/a_Add a new user' is clicked on

2022-01-14 22:37:22 - [TEST_STEP][PASSED] - setText(findTestObject("Object Repository/Page_KHTN Administration Users Accounts Add_aad8ed/input_Username_username"), username): Text 'student1' is set on object 'Object Repository/Page_KHTN Administration Users Accounts Add_aad8ed/input_Username_username'

2022-01-14 22:37:24 - [MESSAGE][PASSED] - Text 'student1' is set on object 'Object Repository/Page_KHTN Administration Users Accounts Add_aad8ed/input_Username_username'

2022-01-14 22:37:24 - [TEST_STEP][PASSED] - click(findTestObject("Object Repository/Page_KHTN Administration Users Accounts Add_aad8ed/em_Click to enter text")): Object: 'Object Repository/Page_KHTN Administration Users Accounts Add_aad8ed/em_Click to enter text' is clicked on

2022-01-14 22:37:24 - [MESSAGE][PASSED] - Object: 'Object Repository/Page_KHTN Administration Users Accounts Add_aad8ed/em_Click to enter text' is clicked on

2022-01-14 22:37:24 - [TEST_STEP][PASSED] - setText(findTestObject("Object Repository/Page_KHTN Administration Users Accounts Add_aad8ed/input_New password_newpassword"), password): Text 'Mstudent1#' is set on object 'Object Repository/Page_KHTN Administration Users Accounts Add_aad8ed/input_New password_newpassword'

2022-01-14 22:37:25 - [MESSAGE][PASSED] - Text 'Mstudent1#' is set on object 'Object Repository/Page_KHTN Administration Users Accounts Add_aad8ed/input_New password_newpassword'

2022-01-14 22:37:25 - [TEST_STEP][PASSED] - setText(findTestObject("Object Repository/Page_KHTN Administration Users Accounts Add_aad8ed/input_First name_firstname"), firstname): Text 'Student' is set on object 'Object Repository/Page_KHTN Administration Users Accounts Add_aad8ed/input_First name_firstname'

2022-01-14 22:37:26 - [MESSAGE][PASSED] - Text 'Student' is set on object 'Object Repository/Page_KHTN Administration Users Accounts Add_aad8ed/input_First name_firstname'

2022-01-14 22:37:26 - [TEST_STEP][PASSED] - click(findTestObject("Object Repository/Page_KHTN Administration Users Accounts Add_aad8ed/div_Username                               _ccea4b")): Object: 'Object Repository/Page_KHTN Administration Users Accounts Add_aad8ed/div_Username                               _ccea4b' is clicked on

2022-01-14 22:37:26 - [MESSAGE][PASSED] - Object: 'Object Repository/Page_KHTN Administration Users Accounts Add_aad8ed/div_Username                               _ccea4b' is clicked on

2022-01-14 22:37:26 - [TEST_STEP][PASSED] - setText(findTestObject("Object Repository/Page_KHTN Administration Users Accounts Add_aad8ed/input_Surname_lastname"), lastname): Text 'Waldrop' is set on object 'Object Repository/Page_KHTN Administration Users Accounts Add_aad8ed/input_Surname_lastname'

2022-01-14 22:37:27 - [MESSAGE][PASSED] - Text 'Waldrop' is set on object 'Object Repository/Page_KHTN Administration Users Accounts Add_aad8ed/input_Surname_lastname'

2022-01-14 22:37:27 - [TEST_STEP][PASSED] - setText(findTestObject("Object Repository/Page_KHTN Administration Users Accounts Add_aad8ed/input_Email address_email"), email): Text 's1@example.com' is set on object 'Object Repository/Page_KHTN Administration Users Accounts Add_aad8ed/input_Email address_email'

2022-01-14 22:37:28 - [MESSAGE][PASSED] - Text 's1@example.com' is set on object 'Object Repository/Page_KHTN Administration Users Accounts Add_aad8ed/input_Email address_email'

2022-01-14 22:37:28 - [TEST_STEP][PASSED] - click(findTestObject("Object Repository/Page_KHTN Administration Users Accounts Add_aad8ed/input_Address_submitbutton")): Object: 'Object Repository/Page_KHTN Administration Users Accounts Add_aad8ed/input_Address_submitbutton' is clicked on

2022-01-14 22:37:29 - [MESSAGE][PASSED] - Object: 'Object Repository/Page_KHTN Administration Users Accounts Add_aad8ed/input_Address_submitbutton' is clicked on

2022-01-14 22:37:29 - [TEST_STEP][PASSED] - verifyElementVisible(findTestObject("Object Repository/Page_KHTN Administration Users Accounts Bro_45ce40/div_Changes saved")): Object 'Object Repository/Page_KHTN Administration Users Accounts Bro_45ce40/div_Changes saved' is visible

2022-01-14 22:37:36 - [MESSAGE][INFO] - Unable to find the element located by 'By.xpath: //span[@id='user-notifications']/div'. Please recheck the objects properties to make sure the desired element is located. 

2022-01-14 22:37:36 - [MESSAGE][WARNING] - [SELF-HEALING] Failed to find element with id 'Object Repository/Page_KHTN Administration Users Accounts Bro_45ce40/div_Changes saved'. Try using Self-healing.

2022-01-14 22:37:36 - [MESSAGE][WARNING] - [SELF-HEALING] The current locator of test object 'Object Repository/Page_KHTN Administration Users Accounts Bro_45ce40/div_Changes saved' was broken. Propose an alternative one: '(.//*[normalize-space(text()) and normalize-space(.)='Blocks editing on'])[1]/following::div[4]'.

2022-01-14 22:37:36 - [MESSAGE][PASSED] - Object 'Object Repository/Page_KHTN Administration Users Accounts Bro_45ce40/div_Changes saved' is visible

2022-01-14 22:37:36 - [TEST_STEP][PASSED] - verifyElementVisible(findTestObject("Object Repository/Page_KHTN Administration Users Accounts Bro_45ce40/td_s1example.com")): Object 'Object Repository/Page_KHTN Administration Users Accounts Bro_45ce40/td_s1example.com' is visible

2022-01-14 22:37:36 - [MESSAGE][PASSED] - Object 'Object Repository/Page_KHTN Administration Users Accounts Bro_45ce40/td_s1example.com' is visible

2022-01-14 22:37:36 - [TEST_STEP][PASSED] - click(findTestObject("Object Repository/Page_KHTN Administration Users Accounts Bro_45ce40/a_Admin User")): Object: 'Object Repository/Page_KHTN Administration Users Accounts Bro_45ce40/a_Admin User' is clicked on

2022-01-14 22:37:37 - [MESSAGE][PASSED] - Object: 'Object Repository/Page_KHTN Administration Users Accounts Bro_45ce40/a_Admin User' is clicked on

2022-01-14 22:37:37 - [TEST_STEP][PASSED] - click(findTestObject("Object Repository/Page_KHTN Administration Users Accounts Bro_45ce40/span_Log out")): Object: 'Object Repository/Page_KHTN Administration Users Accounts Bro_45ce40/span_Log out' is clicked on

2022-01-14 22:37:37 - [MESSAGE][PASSED] - Object: 'Object Repository/Page_KHTN Administration Users Accounts Bro_45ce40/span_Log out' is clicked on

2022-01-14 22:37:37 - [TEST_STEP][PASSED] - click(findTestObject("Object Repository/Page_HCMUS/a_Log in")): Object: 'Object Repository/Page_HCMUS/a_Log in' is clicked on

2022-01-14 22:37:38 - [MESSAGE][PASSED] - Object: 'Object Repository/Page_HCMUS/a_Log in' is clicked on

2022-01-14 22:37:38 - [TEST_STEP][PASSED] - setText(findTestObject("Object Repository/Page_HCMUS Log in to the site/input_Username_username"), username): Text 'student1' is set on object 'Object Repository/Page_HCMUS Log in to the site/input_Username_username'

2022-01-14 22:37:39 - [MESSAGE][PASSED] - Text 'student1' is set on object 'Object Repository/Page_HCMUS Log in to the site/input_Username_username'

2022-01-14 22:37:39 - [TEST_STEP][PASSED] - setText(findTestObject("Object Repository/Page_HCMUS Log in to the site/input_Password_password"), password): Text 'Mstudent1#' is set on object 'Object Repository/Page_HCMUS Log in to the site/input_Password_password'

2022-01-14 22:37:40 - [MESSAGE][PASSED] - Text 'Mstudent1#' is set on object 'Object Repository/Page_HCMUS Log in to the site/input_Password_password'

2022-01-14 22:37:40 - [TEST_STEP][PASSED] - click(findTestObject("Object Repository/Page_HCMUS Log in to the site/button_Log in")): Object: 'Object Repository/Page_HCMUS Log in to the site/button_Log in' is clicked on

2022-01-14 22:37:41 - [MESSAGE][PASSED] - Object: 'Object Repository/Page_HCMUS Log in to the site/button_Log in' is clicked on

2022-01-14 22:37:41 - [TEST_STEP][PASSED] - verifyElementVisible(findTestObject("Object Repository/Page_Dashboard/span_Student Waldrop")): Object 'Object Repository/Page_Dashboard/span_Student Waldrop' is visible

2022-01-14 22:37:42 - [MESSAGE][PASSED] - Object 'Object Repository/Page_Dashboard/span_Student Waldrop' is visible

2022-01-14 22:37:42 - [TEST_STEP][PASSED] - closeBrowser(): Browser is closed

2022-01-14 22:37:43 - [MESSAGE][PASSED] - Browser is closed]]></system-out>
         <system-err><![CDATA[]]></system-err>
      </testcase>
      <testcase name="Test Cases/7_tạo tài khoản user chính xác" time="30.967" classname="Test Cases/7_tạo tài khoản user chính xác" status="PASSED">
         <system-out><![CDATA[2022-01-14 22:37:43 - [TEST_CASE][PASSED] - Test Cases/7_tạo tài khoản user chính xác: Test Cases/7_tạo tài khoản user chính xác

2022-01-14 22:37:43 - [TEST_STEP][PASSED] - openBrowser(""): Browser is opened with url: ''

2022-01-14 22:37:43 - [MESSAGE][INFO] - Starting 'Chrome' driver

2022-01-14 22:37:43 - [MESSAGE][INFO] - Action delay is set to 0 milliseconds

2022-01-14 22:37:45 - [MESSAGE][PASSED] - Browser is opened with url: ''

2022-01-14 22:37:45 - [TEST_STEP][PASSED] - navigateToUrl("http://localhost/"): Navigate to 'http://localhost/' successfully

2022-01-14 22:37:46 - [MESSAGE][PASSED] - Navigate to 'http://localhost/' successfully

2022-01-14 22:37:46 - [TEST_STEP][PASSED] - click(findTestObject("Object Repository/Page_HCMUS/a_Log in")): Object: 'Object Repository/Page_HCMUS/a_Log in' is clicked on

2022-01-14 22:37:46 - [MESSAGE][PASSED] - Object: 'Object Repository/Page_HCMUS/a_Log in' is clicked on

2022-01-14 22:37:46 - [TEST_STEP][PASSED] - setText(findTestObject("Object Repository/Page_HCMUS Log in to the site/input_Username_username"), "admin"): Text 'admin' is set on object 'Object Repository/Page_HCMUS Log in to the site/input_Username_username'

2022-01-14 22:37:47 - [MESSAGE][PASSED] - Text 'admin' is set on object 'Object Repository/Page_HCMUS Log in to the site/input_Username_username'

2022-01-14 22:37:47 - [TEST_STEP][PASSED] - setEncryptedText(findTestObject("Object Repository/Page_HCMUS Log in to the site/input_Password_password"), "5MU2PI2jvJCK/lBTYOwt6g=="): Text ****** has been set on object 'Object Repository/Page_HCMUS Log in to the site/input_Password_password'

2022-01-14 22:37:48 - [MESSAGE][PASSED] - Text ****** has been set on object 'Object Repository/Page_HCMUS Log in to the site/input_Password_password'

2022-01-14 22:37:48 - [TEST_STEP][PASSED] - click(findTestObject("Object Repository/Page_HCMUS Log in to the site/button_Log in")): Object: 'Object Repository/Page_HCMUS Log in to the site/button_Log in' is clicked on

2022-01-14 22:37:50 - [MESSAGE][PASSED] - Object: 'Object Repository/Page_HCMUS Log in to the site/button_Log in' is clicked on

2022-01-14 22:37:50 - [TEST_STEP][PASSED] - click(findTestObject("Object Repository/Page_Dashboard/span_Site administration")): Object: 'Object Repository/Page_Dashboard/span_Site administration' is clicked on

2022-01-14 22:37:52 - [MESSAGE][PASSED] - Object: 'Object Repository/Page_Dashboard/span_Site administration' is clicked on

2022-01-14 22:37:52 - [TEST_STEP][PASSED] - click(findTestObject("Object Repository/Page_KHTN Administration Search/a_Users")): Object: 'Object Repository/Page_KHTN Administration Search/a_Users' is clicked on

2022-01-14 22:37:52 - [MESSAGE][PASSED] - Object: 'Object Repository/Page_KHTN Administration Search/a_Users' is clicked on

2022-01-14 22:37:52 - [TEST_STEP][PASSED] - click(findTestObject("Object Repository/Page_KHTN Administration Search/a_Add a new user")): Object: 'Object Repository/Page_KHTN Administration Search/a_Add a new user' is clicked on

2022-01-14 22:37:54 - [MESSAGE][PASSED] - Object: 'Object Repository/Page_KHTN Administration Search/a_Add a new user' is clicked on

2022-01-14 22:37:54 - [TEST_STEP][PASSED] - setText(findTestObject("Object Repository/Page_KHTN Administration Users Accounts Add_aad8ed/input_Username_username"), username): Text 'student2' is set on object 'Object Repository/Page_KHTN Administration Users Accounts Add_aad8ed/input_Username_username'

2022-01-14 22:37:55 - [MESSAGE][PASSED] - Text 'student2' is set on object 'Object Repository/Page_KHTN Administration Users Accounts Add_aad8ed/input_Username_username'

2022-01-14 22:37:55 - [TEST_STEP][PASSED] - click(findTestObject("Object Repository/Page_KHTN Administration Users Accounts Add_aad8ed/em_Click to enter text")): Object: 'Object Repository/Page_KHTN Administration Users Accounts Add_aad8ed/em_Click to enter text' is clicked on

2022-01-14 22:37:56 - [MESSAGE][PASSED] - Object: 'Object Repository/Page_KHTN Administration Users Accounts Add_aad8ed/em_Click to enter text' is clicked on

2022-01-14 22:37:56 - [TEST_STEP][PASSED] - setText(findTestObject("Object Repository/Page_KHTN Administration Users Accounts Add_aad8ed/input_New password_newpassword"), password): Text 'Mstudent2#' is set on object 'Object Repository/Page_KHTN Administration Users Accounts Add_aad8ed/input_New password_newpassword'

2022-01-14 22:37:56 - [MESSAGE][PASSED] - Text 'Mstudent2#' is set on object 'Object Repository/Page_KHTN Administration Users Accounts Add_aad8ed/input_New password_newpassword'

2022-01-14 22:37:56 - [TEST_STEP][PASSED] - setText(findTestObject("Object Repository/Page_KHTN Administration Users Accounts Add_aad8ed/input_First name_firstname"), firstname): Text 'Student' is set on object 'Object Repository/Page_KHTN Administration Users Accounts Add_aad8ed/input_First name_firstname'

2022-01-14 22:37:57 - [MESSAGE][PASSED] - Text 'Student' is set on object 'Object Repository/Page_KHTN Administration Users Accounts Add_aad8ed/input_First name_firstname'

2022-01-14 22:37:57 - [TEST_STEP][PASSED] - click(findTestObject("Object Repository/Page_KHTN Administration Users Accounts Add_aad8ed/div_Username                               _ccea4b")): Object: 'Object Repository/Page_KHTN Administration Users Accounts Add_aad8ed/div_Username                               _ccea4b' is clicked on

2022-01-14 22:37:58 - [MESSAGE][PASSED] - Object: 'Object Repository/Page_KHTN Administration Users Accounts Add_aad8ed/div_Username                               _ccea4b' is clicked on

2022-01-14 22:37:58 - [TEST_STEP][PASSED] - setText(findTestObject("Object Repository/Page_KHTN Administration Users Accounts Add_aad8ed/input_Surname_lastname"), lastname): Text 'Epperson' is set on object 'Object Repository/Page_KHTN Administration Users Accounts Add_aad8ed/input_Surname_lastname'

2022-01-14 22:37:59 - [MESSAGE][PASSED] - Text 'Epperson' is set on object 'Object Repository/Page_KHTN Administration Users Accounts Add_aad8ed/input_Surname_lastname'

2022-01-14 22:37:59 - [TEST_STEP][PASSED] - setText(findTestObject("Object Repository/Page_KHTN Administration Users Accounts Add_aad8ed/input_Email address_email"), email): Text 's2@example.com' is set on object 'Object Repository/Page_KHTN Administration Users Accounts Add_aad8ed/input_Email address_email'

2022-01-14 22:37:59 - [MESSAGE][PASSED] - Text 's2@example.com' is set on object 'Object Repository/Page_KHTN Administration Users Accounts Add_aad8ed/input_Email address_email'

2022-01-14 22:37:59 - [TEST_STEP][PASSED] - click(findTestObject("Object Repository/Page_KHTN Administration Users Accounts Add_aad8ed/input_Address_submitbutton")): Object: 'Object Repository/Page_KHTN Administration Users Accounts Add_aad8ed/input_Address_submitbutton' is clicked on

2022-01-14 22:38:01 - [MESSAGE][PASSED] - Object: 'Object Repository/Page_KHTN Administration Users Accounts Add_aad8ed/input_Address_submitbutton' is clicked on

2022-01-14 22:38:01 - [TEST_STEP][PASSED] - verifyElementVisible(findTestObject("Object Repository/Page_KHTN Administration Users Accounts Bro_45ce40/div_Changes saved")): Object 'Object Repository/Page_KHTN Administration Users Accounts Bro_45ce40/div_Changes saved' is visible

2022-01-14 22:38:07 - [MESSAGE][INFO] - Unable to find the element located by 'By.xpath: //span[@id='user-notifications']/div'. Please recheck the objects properties to make sure the desired element is located. 

2022-01-14 22:38:07 - [MESSAGE][WARNING] - [SELF-HEALING] Failed to find element with id 'Object Repository/Page_KHTN Administration Users Accounts Bro_45ce40/div_Changes saved'. Try using Self-healing.

2022-01-14 22:38:08 - [MESSAGE][WARNING] - [SELF-HEALING] The current locator of test object 'Object Repository/Page_KHTN Administration Users Accounts Bro_45ce40/div_Changes saved' was broken. Propose an alternative one: '(.//*[normalize-space(text()) and normalize-space(.)='Blocks editing on'])[1]/following::div[4]'.

2022-01-14 22:38:08 - [MESSAGE][PASSED] - Object 'Object Repository/Page_KHTN Administration Users Accounts Bro_45ce40/div_Changes saved' is visible

2022-01-14 22:38:08 - [TEST_STEP][PASSED] - verifyElementVisible(findTestObject("Object Repository/Page_KHTN Administration Users Accounts Bro_45ce40/td_s1example.com")): Object 'Object Repository/Page_KHTN Administration Users Accounts Bro_45ce40/td_s1example.com' is visible

2022-01-14 22:38:08 - [MESSAGE][PASSED] - Object 'Object Repository/Page_KHTN Administration Users Accounts Bro_45ce40/td_s1example.com' is visible

2022-01-14 22:38:08 - [TEST_STEP][PASSED] - click(findTestObject("Object Repository/Page_KHTN Administration Users Accounts Bro_45ce40/a_Admin User")): Object: 'Object Repository/Page_KHTN Administration Users Accounts Bro_45ce40/a_Admin User' is clicked on

2022-01-14 22:38:08 - [MESSAGE][PASSED] - Object: 'Object Repository/Page_KHTN Administration Users Accounts Bro_45ce40/a_Admin User' is clicked on

2022-01-14 22:38:08 - [TEST_STEP][PASSED] - click(findTestObject("Object Repository/Page_KHTN Administration Users Accounts Bro_45ce40/span_Log out")): Object: 'Object Repository/Page_KHTN Administration Users Accounts Bro_45ce40/span_Log out' is clicked on

2022-01-14 22:38:09 - [MESSAGE][PASSED] - Object: 'Object Repository/Page_KHTN Administration Users Accounts Bro_45ce40/span_Log out' is clicked on

2022-01-14 22:38:09 - [TEST_STEP][PASSED] - click(findTestObject("Object Repository/Page_HCMUS/a_Log in")): Object: 'Object Repository/Page_HCMUS/a_Log in' is clicked on

2022-01-14 22:38:10 - [MESSAGE][PASSED] - Object: 'Object Repository/Page_HCMUS/a_Log in' is clicked on

2022-01-14 22:38:10 - [TEST_STEP][PASSED] - setText(findTestObject("Object Repository/Page_HCMUS Log in to the site/input_Username_username"), username): Text 'student2' is set on object 'Object Repository/Page_HCMUS Log in to the site/input_Username_username'

2022-01-14 22:38:11 - [MESSAGE][PASSED] - Text 'student2' is set on object 'Object Repository/Page_HCMUS Log in to the site/input_Username_username'

2022-01-14 22:38:11 - [TEST_STEP][PASSED] - setText(findTestObject("Object Repository/Page_HCMUS Log in to the site/input_Password_password"), password): Text 'Mstudent2#' is set on object 'Object Repository/Page_HCMUS Log in to the site/input_Password_password'

2022-01-14 22:38:11 - [MESSAGE][PASSED] - Text 'Mstudent2#' is set on object 'Object Repository/Page_HCMUS Log in to the site/input_Password_password'

2022-01-14 22:38:11 - [TEST_STEP][PASSED] - click(findTestObject("Object Repository/Page_HCMUS Log in to the site/button_Log in")): Object: 'Object Repository/Page_HCMUS Log in to the site/button_Log in' is clicked on

2022-01-14 22:38:12 - [MESSAGE][PASSED] - Object: 'Object Repository/Page_HCMUS Log in to the site/button_Log in' is clicked on

2022-01-14 22:38:12 - [TEST_STEP][PASSED] - verifyElementVisible(findTestObject("Object Repository/Page_Dashboard/span_Student Waldrop")): Object 'Object Repository/Page_Dashboard/span_Student Waldrop' is visible

2022-01-14 22:38:13 - [MESSAGE][PASSED] - Object 'Object Repository/Page_Dashboard/span_Student Waldrop' is visible

2022-01-14 22:38:13 - [TEST_STEP][PASSED] - closeBrowser(): Browser is closed

2022-01-14 22:38:14 - [MESSAGE][PASSED] - Browser is closed]]></system-out>
         <system-err><![CDATA[]]></system-err>
      </testcase>
      <testcase name="Test Cases/7_tạo tài khoản user chính xác" time="27.837" classname="Test Cases/7_tạo tài khoản user chính xác" status="PASSED">
         <system-out><![CDATA[2022-01-14 22:38:14 - [TEST_CASE][PASSED] - Test Cases/7_tạo tài khoản user chính xác: Test Cases/7_tạo tài khoản user chính xác

2022-01-14 22:38:14 - [TEST_STEP][PASSED] - openBrowser(""): Browser is opened with url: ''

2022-01-14 22:38:14 - [MESSAGE][INFO] - Starting 'Chrome' driver

2022-01-14 22:38:14 - [MESSAGE][INFO] - Action delay is set to 0 milliseconds

2022-01-14 22:38:16 - [MESSAGE][PASSED] - Browser is opened with url: ''

2022-01-14 22:38:16 - [TEST_STEP][PASSED] - navigateToUrl("http://localhost/"): Navigate to 'http://localhost/' successfully

2022-01-14 22:38:16 - [MESSAGE][PASSED] - Navigate to 'http://localhost/' successfully

2022-01-14 22:38:16 - [TEST_STEP][PASSED] - click(findTestObject("Object Repository/Page_HCMUS/a_Log in")): Object: 'Object Repository/Page_HCMUS/a_Log in' is clicked on

2022-01-14 22:38:17 - [MESSAGE][PASSED] - Object: 'Object Repository/Page_HCMUS/a_Log in' is clicked on

2022-01-14 22:38:17 - [TEST_STEP][PASSED] - setText(findTestObject("Object Repository/Page_HCMUS Log in to the site/input_Username_username"), "admin"): Text 'admin' is set on object 'Object Repository/Page_HCMUS Log in to the site/input_Username_username'

2022-01-14 22:38:17 - [MESSAGE][PASSED] - Text 'admin' is set on object 'Object Repository/Page_HCMUS Log in to the site/input_Username_username'

2022-01-14 22:38:17 - [TEST_STEP][PASSED] - setEncryptedText(findTestObject("Object Repository/Page_HCMUS Log in to the site/input_Password_password"), "5MU2PI2jvJCK/lBTYOwt6g=="): Text ****** has been set on object 'Object Repository/Page_HCMUS Log in to the site/input_Password_password'

2022-01-14 22:38:18 - [MESSAGE][PASSED] - Text ****** has been set on object 'Object Repository/Page_HCMUS Log in to the site/input_Password_password'

2022-01-14 22:38:18 - [TEST_STEP][PASSED] - click(findTestObject("Object Repository/Page_HCMUS Log in to the site/button_Log in")): Object: 'Object Repository/Page_HCMUS Log in to the site/button_Log in' is clicked on

2022-01-14 22:38:19 - [MESSAGE][PASSED] - Object: 'Object Repository/Page_HCMUS Log in to the site/button_Log in' is clicked on

2022-01-14 22:38:19 - [TEST_STEP][PASSED] - click(findTestObject("Object Repository/Page_Dashboard/span_Site administration")): Object: 'Object Repository/Page_Dashboard/span_Site administration' is clicked on

2022-01-14 22:38:21 - [MESSAGE][PASSED] - Object: 'Object Repository/Page_Dashboard/span_Site administration' is clicked on

2022-01-14 22:38:21 - [TEST_STEP][PASSED] - click(findTestObject("Object Repository/Page_KHTN Administration Search/a_Users")): Object: 'Object Repository/Page_KHTN Administration Search/a_Users' is clicked on

2022-01-14 22:38:21 - [MESSAGE][PASSED] - Object: 'Object Repository/Page_KHTN Administration Search/a_Users' is clicked on

2022-01-14 22:38:21 - [TEST_STEP][PASSED] - click(findTestObject("Object Repository/Page_KHTN Administration Search/a_Add a new user")): Object: 'Object Repository/Page_KHTN Administration Search/a_Add a new user' is clicked on

2022-01-14 22:38:22 - [MESSAGE][PASSED] - Object: 'Object Repository/Page_KHTN Administration Search/a_Add a new user' is clicked on

2022-01-14 22:38:22 - [TEST_STEP][PASSED] - setText(findTestObject("Object Repository/Page_KHTN Administration Users Accounts Add_aad8ed/input_Username_username"), username): Text 'student3' is set on object 'Object Repository/Page_KHTN Administration Users Accounts Add_aad8ed/input_Username_username'

2022-01-14 22:38:24 - [MESSAGE][PASSED] - Text 'student3' is set on object 'Object Repository/Page_KHTN Administration Users Accounts Add_aad8ed/input_Username_username'

2022-01-14 22:38:24 - [TEST_STEP][PASSED] - click(findTestObject("Object Repository/Page_KHTN Administration Users Accounts Add_aad8ed/em_Click to enter text")): Object: 'Object Repository/Page_KHTN Administration Users Accounts Add_aad8ed/em_Click to enter text' is clicked on

2022-01-14 22:38:24 - [MESSAGE][PASSED] - Object: 'Object Repository/Page_KHTN Administration Users Accounts Add_aad8ed/em_Click to enter text' is clicked on

2022-01-14 22:38:24 - [TEST_STEP][PASSED] - setText(findTestObject("Object Repository/Page_KHTN Administration Users Accounts Add_aad8ed/input_New password_newpassword"), password): Text 'Mstudent3#' is set on object 'Object Repository/Page_KHTN Administration Users Accounts Add_aad8ed/input_New password_newpassword'

2022-01-14 22:38:25 - [MESSAGE][PASSED] - Text 'Mstudent3#' is set on object 'Object Repository/Page_KHTN Administration Users Accounts Add_aad8ed/input_New password_newpassword'

2022-01-14 22:38:25 - [TEST_STEP][PASSED] - setText(findTestObject("Object Repository/Page_KHTN Administration Users Accounts Add_aad8ed/input_First name_firstname"), firstname): Text 'Student' is set on object 'Object Repository/Page_KHTN Administration Users Accounts Add_aad8ed/input_First name_firstname'

2022-01-14 22:38:26 - [MESSAGE][PASSED] - Text 'Student' is set on object 'Object Repository/Page_KHTN Administration Users Accounts Add_aad8ed/input_First name_firstname'

2022-01-14 22:38:26 - [TEST_STEP][PASSED] - click(findTestObject("Object Repository/Page_KHTN Administration Users Accounts Add_aad8ed/div_Username                               _ccea4b")): Object: 'Object Repository/Page_KHTN Administration Users Accounts Add_aad8ed/div_Username                               _ccea4b' is clicked on

2022-01-14 22:38:26 - [MESSAGE][PASSED] - Object: 'Object Repository/Page_KHTN Administration Users Accounts Add_aad8ed/div_Username                               _ccea4b' is clicked on

2022-01-14 22:38:26 - [TEST_STEP][PASSED] - setText(findTestObject("Object Repository/Page_KHTN Administration Users Accounts Add_aad8ed/input_Surname_lastname"), lastname): Text 'Walston' is set on object 'Object Repository/Page_KHTN Administration Users Accounts Add_aad8ed/input_Surname_lastname'

2022-01-14 22:38:27 - [MESSAGE][PASSED] - Text 'Walston' is set on object 'Object Repository/Page_KHTN Administration Users Accounts Add_aad8ed/input_Surname_lastname'

2022-01-14 22:38:27 - [TEST_STEP][PASSED] - setText(findTestObject("Object Repository/Page_KHTN Administration Users Accounts Add_aad8ed/input_Email address_email"), email): Text 's3@example.com' is set on object 'Object Repository/Page_KHTN Administration Users Accounts Add_aad8ed/input_Email address_email'

2022-01-14 22:38:28 - [MESSAGE][PASSED] - Text 's3@example.com' is set on object 'Object Repository/Page_KHTN Administration Users Accounts Add_aad8ed/input_Email address_email'

2022-01-14 22:38:28 - [TEST_STEP][PASSED] - click(findTestObject("Object Repository/Page_KHTN Administration Users Accounts Add_aad8ed/input_Address_submitbutton")): Object: 'Object Repository/Page_KHTN Administration Users Accounts Add_aad8ed/input_Address_submitbutton' is clicked on

2022-01-14 22:38:29 - [MESSAGE][PASSED] - Object: 'Object Repository/Page_KHTN Administration Users Accounts Add_aad8ed/input_Address_submitbutton' is clicked on

2022-01-14 22:38:29 - [TEST_STEP][PASSED] - verifyElementVisible(findTestObject("Object Repository/Page_KHTN Administration Users Accounts Bro_45ce40/div_Changes saved")): Object 'Object Repository/Page_KHTN Administration Users Accounts Bro_45ce40/div_Changes saved' is visible

2022-01-14 22:38:35 - [MESSAGE][INFO] - Unable to find the element located by 'By.xpath: //span[@id='user-notifications']/div'. Please recheck the objects properties to make sure the desired element is located. 

2022-01-14 22:38:35 - [MESSAGE][WARNING] - [SELF-HEALING] Failed to find element with id 'Object Repository/Page_KHTN Administration Users Accounts Bro_45ce40/div_Changes saved'. Try using Self-healing.

2022-01-14 22:38:36 - [MESSAGE][WARNING] - [SELF-HEALING] The current locator of test object 'Object Repository/Page_KHTN Administration Users Accounts Bro_45ce40/div_Changes saved' was broken. Propose an alternative one: '(.//*[normalize-space(text()) and normalize-space(.)='Blocks editing on'])[1]/following::div[4]'.

2022-01-14 22:38:36 - [MESSAGE][PASSED] - Object 'Object Repository/Page_KHTN Administration Users Accounts Bro_45ce40/div_Changes saved' is visible

2022-01-14 22:38:36 - [TEST_STEP][PASSED] - verifyElementVisible(findTestObject("Object Repository/Page_KHTN Administration Users Accounts Bro_45ce40/td_s1example.com")): Object 'Object Repository/Page_KHTN Administration Users Accounts Bro_45ce40/td_s1example.com' is visible

2022-01-14 22:38:36 - [MESSAGE][PASSED] - Object 'Object Repository/Page_KHTN Administration Users Accounts Bro_45ce40/td_s1example.com' is visible

2022-01-14 22:38:36 - [TEST_STEP][PASSED] - click(findTestObject("Object Repository/Page_KHTN Administration Users Accounts Bro_45ce40/a_Admin User")): Object: 'Object Repository/Page_KHTN Administration Users Accounts Bro_45ce40/a_Admin User' is clicked on

2022-01-14 22:38:36 - [MESSAGE][PASSED] - Object: 'Object Repository/Page_KHTN Administration Users Accounts Bro_45ce40/a_Admin User' is clicked on

2022-01-14 22:38:36 - [TEST_STEP][PASSED] - click(findTestObject("Object Repository/Page_KHTN Administration Users Accounts Bro_45ce40/span_Log out")): Object: 'Object Repository/Page_KHTN Administration Users Accounts Bro_45ce40/span_Log out' is clicked on

2022-01-14 22:38:37 - [MESSAGE][PASSED] - Object: 'Object Repository/Page_KHTN Administration Users Accounts Bro_45ce40/span_Log out' is clicked on

2022-01-14 22:38:37 - [TEST_STEP][PASSED] - click(findTestObject("Object Repository/Page_HCMUS/a_Log in")): Object: 'Object Repository/Page_HCMUS/a_Log in' is clicked on

2022-01-14 22:38:38 - [MESSAGE][PASSED] - Object: 'Object Repository/Page_HCMUS/a_Log in' is clicked on

2022-01-14 22:38:38 - [TEST_STEP][PASSED] - setText(findTestObject("Object Repository/Page_HCMUS Log in to the site/input_Username_username"), username): Text 'student3' is set on object 'Object Repository/Page_HCMUS Log in to the site/input_Username_username'

2022-01-14 22:38:39 - [MESSAGE][PASSED] - Text 'student3' is set on object 'Object Repository/Page_HCMUS Log in to the site/input_Username_username'

2022-01-14 22:38:39 - [TEST_STEP][PASSED] - setText(findTestObject("Object Repository/Page_HCMUS Log in to the site/input_Password_password"), password): Text 'Mstudent3#' is set on object 'Object Repository/Page_HCMUS Log in to the site/input_Password_password'

2022-01-14 22:38:39 - [MESSAGE][PASSED] - Text 'Mstudent3#' is set on object 'Object Repository/Page_HCMUS Log in to the site/input_Password_password'

2022-01-14 22:38:39 - [TEST_STEP][PASSED] - click(findTestObject("Object Repository/Page_HCMUS Log in to the site/button_Log in")): Object: 'Object Repository/Page_HCMUS Log in to the site/button_Log in' is clicked on

2022-01-14 22:38:40 - [MESSAGE][PASSED] - Object: 'Object Repository/Page_HCMUS Log in to the site/button_Log in' is clicked on

2022-01-14 22:38:40 - [TEST_STEP][PASSED] - verifyElementVisible(findTestObject("Object Repository/Page_Dashboard/span_Student Waldrop")): Object 'Object Repository/Page_Dashboard/span_Student Waldrop' is visible

2022-01-14 22:38:41 - [MESSAGE][PASSED] - Object 'Object Repository/Page_Dashboard/span_Student Waldrop' is visible

2022-01-14 22:38:41 - [TEST_STEP][PASSED] - closeBrowser(): Browser is closed

2022-01-14 22:38:42 - [MESSAGE][PASSED] - Browser is closed]]></system-out>
         <system-err><![CDATA[]]></system-err>
      </testcase>
      <testcase name="Test Cases/7_tạo tài khoản user chính xác" time="29.429" classname="Test Cases/7_tạo tài khoản user chính xác" status="PASSED">
         <system-out><![CDATA[2022-01-14 22:38:42 - [TEST_CASE][PASSED] - Test Cases/7_tạo tài khoản user chính xác: Test Cases/7_tạo tài khoản user chính xác

2022-01-14 22:38:42 - [TEST_STEP][PASSED] - openBrowser(""): Browser is opened with url: ''

2022-01-14 22:38:42 - [MESSAGE][INFO] - Starting 'Chrome' driver

2022-01-14 22:38:42 - [MESSAGE][INFO] - Action delay is set to 0 milliseconds

2022-01-14 22:38:43 - [MESSAGE][PASSED] - Browser is opened with url: ''

2022-01-14 22:38:43 - [TEST_STEP][PASSED] - navigateToUrl("http://localhost/"): Navigate to 'http://localhost/' successfully

2022-01-14 22:38:44 - [MESSAGE][PASSED] - Navigate to 'http://localhost/' successfully

2022-01-14 22:38:44 - [TEST_STEP][PASSED] - click(findTestObject("Object Repository/Page_HCMUS/a_Log in")): Object: 'Object Repository/Page_HCMUS/a_Log in' is clicked on

2022-01-14 22:38:45 - [MESSAGE][PASSED] - Object: 'Object Repository/Page_HCMUS/a_Log in' is clicked on

2022-01-14 22:38:45 - [TEST_STEP][PASSED] - setText(findTestObject("Object Repository/Page_HCMUS Log in to the site/input_Username_username"), "admin"): Text 'admin' is set on object 'Object Repository/Page_HCMUS Log in to the site/input_Username_username'

2022-01-14 22:38:45 - [MESSAGE][PASSED] - Text 'admin' is set on object 'Object Repository/Page_HCMUS Log in to the site/input_Username_username'

2022-01-14 22:38:45 - [TEST_STEP][PASSED] - setEncryptedText(findTestObject("Object Repository/Page_HCMUS Log in to the site/input_Password_password"), "5MU2PI2jvJCK/lBTYOwt6g=="): Text ****** has been set on object 'Object Repository/Page_HCMUS Log in to the site/input_Password_password'

2022-01-14 22:38:46 - [MESSAGE][PASSED] - Text ****** has been set on object 'Object Repository/Page_HCMUS Log in to the site/input_Password_password'

2022-01-14 22:38:46 - [TEST_STEP][PASSED] - click(findTestObject("Object Repository/Page_HCMUS Log in to the site/button_Log in")): Object: 'Object Repository/Page_HCMUS Log in to the site/button_Log in' is clicked on

2022-01-14 22:38:47 - [MESSAGE][PASSED] - Object: 'Object Repository/Page_HCMUS Log in to the site/button_Log in' is clicked on

2022-01-14 22:38:47 - [TEST_STEP][PASSED] - click(findTestObject("Object Repository/Page_Dashboard/span_Site administration")): Object: 'Object Repository/Page_Dashboard/span_Site administration' is clicked on

2022-01-14 22:38:49 - [MESSAGE][PASSED] - Object: 'Object Repository/Page_Dashboard/span_Site administration' is clicked on

2022-01-14 22:38:49 - [TEST_STEP][PASSED] - click(findTestObject("Object Repository/Page_KHTN Administration Search/a_Users")): Object: 'Object Repository/Page_KHTN Administration Search/a_Users' is clicked on

2022-01-14 22:38:50 - [MESSAGE][PASSED] - Object: 'Object Repository/Page_KHTN Administration Search/a_Users' is clicked on

2022-01-14 22:38:50 - [TEST_STEP][PASSED] - click(findTestObject("Object Repository/Page_KHTN Administration Search/a_Add a new user")): Object: 'Object Repository/Page_KHTN Administration Search/a_Add a new user' is clicked on

2022-01-14 22:38:51 - [MESSAGE][PASSED] - Object: 'Object Repository/Page_KHTN Administration Search/a_Add a new user' is clicked on

2022-01-14 22:38:51 - [TEST_STEP][PASSED] - setText(findTestObject("Object Repository/Page_KHTN Administration Users Accounts Add_aad8ed/input_Username_username"), username): Text 'student4' is set on object 'Object Repository/Page_KHTN Administration Users Accounts Add_aad8ed/input_Username_username'

2022-01-14 22:38:53 - [MESSAGE][PASSED] - Text 'student4' is set on object 'Object Repository/Page_KHTN Administration Users Accounts Add_aad8ed/input_Username_username'

2022-01-14 22:38:53 - [TEST_STEP][PASSED] - click(findTestObject("Object Repository/Page_KHTN Administration Users Accounts Add_aad8ed/em_Click to enter text")): Object: 'Object Repository/Page_KHTN Administration Users Accounts Add_aad8ed/em_Click to enter text' is clicked on

2022-01-14 22:38:53 - [MESSAGE][PASSED] - Object: 'Object Repository/Page_KHTN Administration Users Accounts Add_aad8ed/em_Click to enter text' is clicked on

2022-01-14 22:38:53 - [TEST_STEP][PASSED] - setText(findTestObject("Object Repository/Page_KHTN Administration Users Accounts Add_aad8ed/input_New password_newpassword"), password): Text 'Mstudent4#' is set on object 'Object Repository/Page_KHTN Administration Users Accounts Add_aad8ed/input_New password_newpassword'

2022-01-14 22:38:54 - [MESSAGE][PASSED] - Text 'Mstudent4#' is set on object 'Object Repository/Page_KHTN Administration Users Accounts Add_aad8ed/input_New password_newpassword'

2022-01-14 22:38:54 - [TEST_STEP][PASSED] - setText(findTestObject("Object Repository/Page_KHTN Administration Users Accounts Add_aad8ed/input_First name_firstname"), firstname): Text 'Student' is set on object 'Object Repository/Page_KHTN Administration Users Accounts Add_aad8ed/input_First name_firstname'

2022-01-14 22:38:55 - [MESSAGE][PASSED] - Text 'Student' is set on object 'Object Repository/Page_KHTN Administration Users Accounts Add_aad8ed/input_First name_firstname'

2022-01-14 22:38:55 - [TEST_STEP][PASSED] - click(findTestObject("Object Repository/Page_KHTN Administration Users Accounts Add_aad8ed/div_Username                               _ccea4b")): Object: 'Object Repository/Page_KHTN Administration Users Accounts Add_aad8ed/div_Username                               _ccea4b' is clicked on

2022-01-14 22:38:55 - [MESSAGE][PASSED] - Object: 'Object Repository/Page_KHTN Administration Users Accounts Add_aad8ed/div_Username                               _ccea4b' is clicked on

2022-01-14 22:38:55 - [TEST_STEP][PASSED] - setText(findTestObject("Object Repository/Page_KHTN Administration Users Accounts Add_aad8ed/input_Surname_lastname"), lastname): Text 'Tremblay' is set on object 'Object Repository/Page_KHTN Administration Users Accounts Add_aad8ed/input_Surname_lastname'

2022-01-14 22:38:56 - [MESSAGE][PASSED] - Text 'Tremblay' is set on object 'Object Repository/Page_KHTN Administration Users Accounts Add_aad8ed/input_Surname_lastname'

2022-01-14 22:38:56 - [TEST_STEP][PASSED] - setText(findTestObject("Object Repository/Page_KHTN Administration Users Accounts Add_aad8ed/input_Email address_email"), email): Text 's4@example.com' is set on object 'Object Repository/Page_KHTN Administration Users Accounts Add_aad8ed/input_Email address_email'

2022-01-14 22:38:57 - [MESSAGE][PASSED] - Text 's4@example.com' is set on object 'Object Repository/Page_KHTN Administration Users Accounts Add_aad8ed/input_Email address_email'

2022-01-14 22:38:57 - [TEST_STEP][PASSED] - click(findTestObject("Object Repository/Page_KHTN Administration Users Accounts Add_aad8ed/input_Address_submitbutton")): Object: 'Object Repository/Page_KHTN Administration Users Accounts Add_aad8ed/input_Address_submitbutton' is clicked on

2022-01-14 22:38:58 - [MESSAGE][PASSED] - Object: 'Object Repository/Page_KHTN Administration Users Accounts Add_aad8ed/input_Address_submitbutton' is clicked on

2022-01-14 22:38:58 - [TEST_STEP][PASSED] - verifyElementVisible(findTestObject("Object Repository/Page_KHTN Administration Users Accounts Bro_45ce40/div_Changes saved")): Object 'Object Repository/Page_KHTN Administration Users Accounts Bro_45ce40/div_Changes saved' is visible

2022-01-14 22:39:04 - [MESSAGE][INFO] - Unable to find the element located by 'By.xpath: //span[@id='user-notifications']/div'. Please recheck the objects properties to make sure the desired element is located. 

2022-01-14 22:39:04 - [MESSAGE][WARNING] - [SELF-HEALING] Failed to find element with id 'Object Repository/Page_KHTN Administration Users Accounts Bro_45ce40/div_Changes saved'. Try using Self-healing.

2022-01-14 22:39:05 - [MESSAGE][WARNING] - [SELF-HEALING] The current locator of test object 'Object Repository/Page_KHTN Administration Users Accounts Bro_45ce40/div_Changes saved' was broken. Propose an alternative one: '(.//*[normalize-space(text()) and normalize-space(.)='Blocks editing on'])[1]/following::div[4]'.

2022-01-14 22:39:05 - [MESSAGE][PASSED] - Object 'Object Repository/Page_KHTN Administration Users Accounts Bro_45ce40/div_Changes saved' is visible

2022-01-14 22:39:05 - [TEST_STEP][PASSED] - verifyElementVisible(findTestObject("Object Repository/Page_KHTN Administration Users Accounts Bro_45ce40/td_s1example.com")): Object 'Object Repository/Page_KHTN Administration Users Accounts Bro_45ce40/td_s1example.com' is visible

2022-01-14 22:39:05 - [MESSAGE][PASSED] - Object 'Object Repository/Page_KHTN Administration Users Accounts Bro_45ce40/td_s1example.com' is visible

2022-01-14 22:39:05 - [TEST_STEP][PASSED] - click(findTestObject("Object Repository/Page_KHTN Administration Users Accounts Bro_45ce40/a_Admin User")): Object: 'Object Repository/Page_KHTN Administration Users Accounts Bro_45ce40/a_Admin User' is clicked on

2022-01-14 22:39:06 - [MESSAGE][PASSED] - Object: 'Object Repository/Page_KHTN Administration Users Accounts Bro_45ce40/a_Admin User' is clicked on

2022-01-14 22:39:06 - [TEST_STEP][PASSED] - click(findTestObject("Object Repository/Page_KHTN Administration Users Accounts Bro_45ce40/span_Log out")): Object: 'Object Repository/Page_KHTN Administration Users Accounts Bro_45ce40/span_Log out' is clicked on

2022-01-14 22:39:07 - [MESSAGE][PASSED] - Object: 'Object Repository/Page_KHTN Administration Users Accounts Bro_45ce40/span_Log out' is clicked on

2022-01-14 22:39:07 - [TEST_STEP][PASSED] - click(findTestObject("Object Repository/Page_HCMUS/a_Log in")): Object: 'Object Repository/Page_HCMUS/a_Log in' is clicked on

2022-01-14 22:39:07 - [MESSAGE][PASSED] - Object: 'Object Repository/Page_HCMUS/a_Log in' is clicked on

2022-01-14 22:39:07 - [TEST_STEP][PASSED] - setText(findTestObject("Object Repository/Page_HCMUS Log in to the site/input_Username_username"), username): Text 'student4' is set on object 'Object Repository/Page_HCMUS Log in to the site/input_Username_username'

2022-01-14 22:39:08 - [MESSAGE][PASSED] - Text 'student4' is set on object 'Object Repository/Page_HCMUS Log in to the site/input_Username_username'

2022-01-14 22:39:08 - [TEST_STEP][PASSED] - setText(findTestObject("Object Repository/Page_HCMUS Log in to the site/input_Password_password"), password): Text 'Mstudent4#' is set on object 'Object Repository/Page_HCMUS Log in to the site/input_Password_password'

2022-01-14 22:39:09 - [MESSAGE][PASSED] - Text 'Mstudent4#' is set on object 'Object Repository/Page_HCMUS Log in to the site/input_Password_password'

2022-01-14 22:39:09 - [TEST_STEP][PASSED] - click(findTestObject("Object Repository/Page_HCMUS Log in to the site/button_Log in")): Object: 'Object Repository/Page_HCMUS Log in to the site/button_Log in' is clicked on

2022-01-14 22:39:09 - [MESSAGE][PASSED] - Object: 'Object Repository/Page_HCMUS Log in to the site/button_Log in' is clicked on

2022-01-14 22:39:09 - [TEST_STEP][PASSED] - verifyElementVisible(findTestObject("Object Repository/Page_Dashboard/span_Student Waldrop")): Object 'Object Repository/Page_Dashboard/span_Student Waldrop' is visible

2022-01-14 22:39:11 - [MESSAGE][PASSED] - Object 'Object Repository/Page_Dashboard/span_Student Waldrop' is visible

2022-01-14 22:39:11 - [TEST_STEP][PASSED] - closeBrowser(): Browser is closed

2022-01-14 22:39:11 - [MESSAGE][PASSED] - Browser is closed]]></system-out>
         <system-err><![CDATA[]]></system-err>
      </testcase>
      <testcase name="Test Cases/7_tạo tài khoản user chính xác" time="30.244" classname="Test Cases/7_tạo tài khoản user chính xác" status="PASSED">
         <system-out><![CDATA[2022-01-14 22:39:12 - [TEST_CASE][PASSED] - Test Cases/7_tạo tài khoản user chính xác: Test Cases/7_tạo tài khoản user chính xác

2022-01-14 22:39:12 - [TEST_STEP][PASSED] - openBrowser(""): Browser is opened with url: ''

2022-01-14 22:39:12 - [MESSAGE][INFO] - Starting 'Chrome' driver

2022-01-14 22:39:12 - [MESSAGE][INFO] - Action delay is set to 0 milliseconds

2022-01-14 22:39:13 - [MESSAGE][PASSED] - Browser is opened with url: ''

2022-01-14 22:39:13 - [TEST_STEP][PASSED] - navigateToUrl("http://localhost/"): Navigate to 'http://localhost/' successfully

2022-01-14 22:39:13 - [MESSAGE][PASSED] - Navigate to 'http://localhost/' successfully

2022-01-14 22:39:13 - [TEST_STEP][PASSED] - click(findTestObject("Object Repository/Page_HCMUS/a_Log in")): Object: 'Object Repository/Page_HCMUS/a_Log in' is clicked on

2022-01-14 22:39:14 - [MESSAGE][PASSED] - Object: 'Object Repository/Page_HCMUS/a_Log in' is clicked on

2022-01-14 22:39:14 - [TEST_STEP][PASSED] - setText(findTestObject("Object Repository/Page_HCMUS Log in to the site/input_Username_username"), "admin"): Text 'admin' is set on object 'Object Repository/Page_HCMUS Log in to the site/input_Username_username'

2022-01-14 22:39:15 - [MESSAGE][PASSED] - Text 'admin' is set on object 'Object Repository/Page_HCMUS Log in to the site/input_Username_username'

2022-01-14 22:39:15 - [TEST_STEP][PASSED] - setEncryptedText(findTestObject("Object Repository/Page_HCMUS Log in to the site/input_Password_password"), "5MU2PI2jvJCK/lBTYOwt6g=="): Text ****** has been set on object 'Object Repository/Page_HCMUS Log in to the site/input_Password_password'

2022-01-14 22:39:15 - [MESSAGE][PASSED] - Text ****** has been set on object 'Object Repository/Page_HCMUS Log in to the site/input_Password_password'

2022-01-14 22:39:15 - [TEST_STEP][PASSED] - click(findTestObject("Object Repository/Page_HCMUS Log in to the site/button_Log in")): Object: 'Object Repository/Page_HCMUS Log in to the site/button_Log in' is clicked on

2022-01-14 22:39:16 - [MESSAGE][PASSED] - Object: 'Object Repository/Page_HCMUS Log in to the site/button_Log in' is clicked on

2022-01-14 22:39:16 - [TEST_STEP][PASSED] - click(findTestObject("Object Repository/Page_Dashboard/span_Site administration")): Object: 'Object Repository/Page_Dashboard/span_Site administration' is clicked on

2022-01-14 22:39:18 - [MESSAGE][PASSED] - Object: 'Object Repository/Page_Dashboard/span_Site administration' is clicked on

2022-01-14 22:39:18 - [TEST_STEP][PASSED] - click(findTestObject("Object Repository/Page_KHTN Administration Search/a_Users")): Object: 'Object Repository/Page_KHTN Administration Search/a_Users' is clicked on

2022-01-14 22:39:19 - [MESSAGE][PASSED] - Object: 'Object Repository/Page_KHTN Administration Search/a_Users' is clicked on

2022-01-14 22:39:19 - [TEST_STEP][PASSED] - click(findTestObject("Object Repository/Page_KHTN Administration Search/a_Add a new user")): Object: 'Object Repository/Page_KHTN Administration Search/a_Add a new user' is clicked on

2022-01-14 22:39:20 - [MESSAGE][PASSED] - Object: 'Object Repository/Page_KHTN Administration Search/a_Add a new user' is clicked on

2022-01-14 22:39:20 - [TEST_STEP][PASSED] - setText(findTestObject("Object Repository/Page_KHTN Administration Users Accounts Add_aad8ed/input_Username_username"), username): Text 'student5' is set on object 'Object Repository/Page_KHTN Administration Users Accounts Add_aad8ed/input_Username_username'

2022-01-14 22:39:22 - [MESSAGE][PASSED] - Text 'student5' is set on object 'Object Repository/Page_KHTN Administration Users Accounts Add_aad8ed/input_Username_username'

2022-01-14 22:39:22 - [TEST_STEP][PASSED] - click(findTestObject("Object Repository/Page_KHTN Administration Users Accounts Add_aad8ed/em_Click to enter text")): Object: 'Object Repository/Page_KHTN Administration Users Accounts Add_aad8ed/em_Click to enter text' is clicked on

2022-01-14 22:39:22 - [MESSAGE][PASSED] - Object: 'Object Repository/Page_KHTN Administration Users Accounts Add_aad8ed/em_Click to enter text' is clicked on

2022-01-14 22:39:22 - [TEST_STEP][PASSED] - setText(findTestObject("Object Repository/Page_KHTN Administration Users Accounts Add_aad8ed/input_New password_newpassword"), password): Text 'Mstudent5#' is set on object 'Object Repository/Page_KHTN Administration Users Accounts Add_aad8ed/input_New password_newpassword'

2022-01-14 22:39:23 - [MESSAGE][PASSED] - Text 'Mstudent5#' is set on object 'Object Repository/Page_KHTN Administration Users Accounts Add_aad8ed/input_New password_newpassword'

2022-01-14 22:39:23 - [TEST_STEP][PASSED] - setText(findTestObject("Object Repository/Page_KHTN Administration Users Accounts Add_aad8ed/input_First name_firstname"), firstname): Text 'Student' is set on object 'Object Repository/Page_KHTN Administration Users Accounts Add_aad8ed/input_First name_firstname'

2022-01-14 22:39:24 - [MESSAGE][PASSED] - Text 'Student' is set on object 'Object Repository/Page_KHTN Administration Users Accounts Add_aad8ed/input_First name_firstname'

2022-01-14 22:39:24 - [TEST_STEP][PASSED] - click(findTestObject("Object Repository/Page_KHTN Administration Users Accounts Add_aad8ed/div_Username                               _ccea4b")): Object: 'Object Repository/Page_KHTN Administration Users Accounts Add_aad8ed/div_Username                               _ccea4b' is clicked on

2022-01-14 22:39:24 - [MESSAGE][PASSED] - Object: 'Object Repository/Page_KHTN Administration Users Accounts Add_aad8ed/div_Username                               _ccea4b' is clicked on

2022-01-14 22:39:24 - [TEST_STEP][PASSED] - setText(findTestObject("Object Repository/Page_KHTN Administration Users Accounts Add_aad8ed/input_Surname_lastname"), lastname): Text 'Weller' is set on object 'Object Repository/Page_KHTN Administration Users Accounts Add_aad8ed/input_Surname_lastname'

2022-01-14 22:39:25 - [MESSAGE][PASSED] - Text 'Weller' is set on object 'Object Repository/Page_KHTN Administration Users Accounts Add_aad8ed/input_Surname_lastname'

2022-01-14 22:39:25 - [TEST_STEP][PASSED] - setText(findTestObject("Object Repository/Page_KHTN Administration Users Accounts Add_aad8ed/input_Email address_email"), email): Text 's5@example.com' is set on object 'Object Repository/Page_KHTN Administration Users Accounts Add_aad8ed/input_Email address_email'

2022-01-14 22:39:26 - [MESSAGE][PASSED] - Text 's5@example.com' is set on object 'Object Repository/Page_KHTN Administration Users Accounts Add_aad8ed/input_Email address_email'

2022-01-14 22:39:26 - [TEST_STEP][PASSED] - click(findTestObject("Object Repository/Page_KHTN Administration Users Accounts Add_aad8ed/input_Address_submitbutton")): Object: 'Object Repository/Page_KHTN Administration Users Accounts Add_aad8ed/input_Address_submitbutton' is clicked on

2022-01-14 22:39:28 - [MESSAGE][PASSED] - Object: 'Object Repository/Page_KHTN Administration Users Accounts Add_aad8ed/input_Address_submitbutton' is clicked on

2022-01-14 22:39:28 - [TEST_STEP][PASSED] - verifyElementVisible(findTestObject("Object Repository/Page_KHTN Administration Users Accounts Bro_45ce40/div_Changes saved")): Object 'Object Repository/Page_KHTN Administration Users Accounts Bro_45ce40/div_Changes saved' is visible

2022-01-14 22:39:34 - [MESSAGE][INFO] - Unable to find the element located by 'By.xpath: //span[@id='user-notifications']/div'. Please recheck the objects properties to make sure the desired element is located. 

2022-01-14 22:39:34 - [MESSAGE][WARNING] - [SELF-HEALING] Failed to find element with id 'Object Repository/Page_KHTN Administration Users Accounts Bro_45ce40/div_Changes saved'. Try using Self-healing.

2022-01-14 22:39:34 - [MESSAGE][WARNING] - [SELF-HEALING] The current locator of test object 'Object Repository/Page_KHTN Administration Users Accounts Bro_45ce40/div_Changes saved' was broken. Propose an alternative one: '(.//*[normalize-space(text()) and normalize-space(.)='Blocks editing on'])[1]/following::div[4]'.

2022-01-14 22:39:34 - [MESSAGE][PASSED] - Object 'Object Repository/Page_KHTN Administration Users Accounts Bro_45ce40/div_Changes saved' is visible

2022-01-14 22:39:34 - [TEST_STEP][PASSED] - verifyElementVisible(findTestObject("Object Repository/Page_KHTN Administration Users Accounts Bro_45ce40/td_s1example.com")): Object 'Object Repository/Page_KHTN Administration Users Accounts Bro_45ce40/td_s1example.com' is visible

2022-01-14 22:39:35 - [MESSAGE][PASSED] - Object 'Object Repository/Page_KHTN Administration Users Accounts Bro_45ce40/td_s1example.com' is visible

2022-01-14 22:39:35 - [TEST_STEP][PASSED] - click(findTestObject("Object Repository/Page_KHTN Administration Users Accounts Bro_45ce40/a_Admin User")): Object: 'Object Repository/Page_KHTN Administration Users Accounts Bro_45ce40/a_Admin User' is clicked on

2022-01-14 22:39:35 - [MESSAGE][PASSED] - Object: 'Object Repository/Page_KHTN Administration Users Accounts Bro_45ce40/a_Admin User' is clicked on

2022-01-14 22:39:35 - [TEST_STEP][PASSED] - click(findTestObject("Object Repository/Page_KHTN Administration Users Accounts Bro_45ce40/span_Log out")): Object: 'Object Repository/Page_KHTN Administration Users Accounts Bro_45ce40/span_Log out' is clicked on

2022-01-14 22:39:36 - [MESSAGE][PASSED] - Object: 'Object Repository/Page_KHTN Administration Users Accounts Bro_45ce40/span_Log out' is clicked on

2022-01-14 22:39:36 - [TEST_STEP][PASSED] - click(findTestObject("Object Repository/Page_HCMUS/a_Log in")): Object: 'Object Repository/Page_HCMUS/a_Log in' is clicked on

2022-01-14 22:39:37 - [MESSAGE][PASSED] - Object: 'Object Repository/Page_HCMUS/a_Log in' is clicked on

2022-01-14 22:39:37 - [TEST_STEP][PASSED] - setText(findTestObject("Object Repository/Page_HCMUS Log in to the site/input_Username_username"), username): Text 'student5' is set on object 'Object Repository/Page_HCMUS Log in to the site/input_Username_username'

2022-01-14 22:39:38 - [MESSAGE][PASSED] - Text 'student5' is set on object 'Object Repository/Page_HCMUS Log in to the site/input_Username_username'

2022-01-14 22:39:38 - [TEST_STEP][PASSED] - setText(findTestObject("Object Repository/Page_HCMUS Log in to the site/input_Password_password"), password): Text 'Mstudent5#' is set on object 'Object Repository/Page_HCMUS Log in to the site/input_Password_password'

2022-01-14 22:39:38 - [MESSAGE][PASSED] - Text 'Mstudent5#' is set on object 'Object Repository/Page_HCMUS Log in to the site/input_Password_password'

2022-01-14 22:39:38 - [TEST_STEP][PASSED] - click(findTestObject("Object Repository/Page_HCMUS Log in to the site/button_Log in")): Object: 'Object Repository/Page_HCMUS Log in to the site/button_Log in' is clicked on

2022-01-14 22:39:40 - [MESSAGE][PASSED] - Object: 'Object Repository/Page_HCMUS Log in to the site/button_Log in' is clicked on

2022-01-14 22:39:40 - [TEST_STEP][PASSED] - verifyElementVisible(findTestObject("Object Repository/Page_Dashboard/span_Student Waldrop")): Object 'Object Repository/Page_Dashboard/span_Student Waldrop' is visible

2022-01-14 22:39:41 - [MESSAGE][PASSED] - Object 'Object Repository/Page_Dashboard/span_Student Waldrop' is visible

2022-01-14 22:39:41 - [TEST_STEP][PASSED] - closeBrowser(): Browser is closed

2022-01-14 22:39:42 - [MESSAGE][PASSED] - Browser is closed]]></system-out>
         <system-err><![CDATA[]]></system-err>
      </testcase>
      <testcase name="Test Cases/7_tạo tài khoản user chính xác" time="28.736" classname="Test Cases/7_tạo tài khoản user chính xác" status="PASSED">
         <system-out><![CDATA[2022-01-14 22:39:42 - [TEST_CASE][PASSED] - Test Cases/7_tạo tài khoản user chính xác: Test Cases/7_tạo tài khoản user chính xác

2022-01-14 22:39:42 - [TEST_STEP][PASSED] - openBrowser(""): Browser is opened with url: ''

2022-01-14 22:39:42 - [MESSAGE][INFO] - Starting 'Chrome' driver

2022-01-14 22:39:42 - [MESSAGE][INFO] - Action delay is set to 0 milliseconds

2022-01-14 22:39:43 - [MESSAGE][PASSED] - Browser is opened with url: ''

2022-01-14 22:39:43 - [TEST_STEP][PASSED] - navigateToUrl("http://localhost/"): Navigate to 'http://localhost/' successfully

2022-01-14 22:39:44 - [MESSAGE][PASSED] - Navigate to 'http://localhost/' successfully

2022-01-14 22:39:44 - [TEST_STEP][PASSED] - click(findTestObject("Object Repository/Page_HCMUS/a_Log in")): Object: 'Object Repository/Page_HCMUS/a_Log in' is clicked on

2022-01-14 22:39:45 - [MESSAGE][PASSED] - Object: 'Object Repository/Page_HCMUS/a_Log in' is clicked on

2022-01-14 22:39:45 - [TEST_STEP][PASSED] - setText(findTestObject("Object Repository/Page_HCMUS Log in to the site/input_Username_username"), "admin"): Text 'admin' is set on object 'Object Repository/Page_HCMUS Log in to the site/input_Username_username'

2022-01-14 22:39:45 - [MESSAGE][PASSED] - Text 'admin' is set on object 'Object Repository/Page_HCMUS Log in to the site/input_Username_username'

2022-01-14 22:39:45 - [TEST_STEP][PASSED] - setEncryptedText(findTestObject("Object Repository/Page_HCMUS Log in to the site/input_Password_password"), "5MU2PI2jvJCK/lBTYOwt6g=="): Text ****** has been set on object 'Object Repository/Page_HCMUS Log in to the site/input_Password_password'

2022-01-14 22:39:46 - [MESSAGE][PASSED] - Text ****** has been set on object 'Object Repository/Page_HCMUS Log in to the site/input_Password_password'

2022-01-14 22:39:46 - [TEST_STEP][PASSED] - click(findTestObject("Object Repository/Page_HCMUS Log in to the site/button_Log in")): Object: 'Object Repository/Page_HCMUS Log in to the site/button_Log in' is clicked on

2022-01-14 22:39:47 - [MESSAGE][PASSED] - Object: 'Object Repository/Page_HCMUS Log in to the site/button_Log in' is clicked on

2022-01-14 22:39:47 - [TEST_STEP][PASSED] - click(findTestObject("Object Repository/Page_Dashboard/span_Site administration")): Object: 'Object Repository/Page_Dashboard/span_Site administration' is clicked on

2022-01-14 22:39:49 - [MESSAGE][PASSED] - Object: 'Object Repository/Page_Dashboard/span_Site administration' is clicked on

2022-01-14 22:39:49 - [TEST_STEP][PASSED] - click(findTestObject("Object Repository/Page_KHTN Administration Search/a_Users")): Object: 'Object Repository/Page_KHTN Administration Search/a_Users' is clicked on

2022-01-14 22:39:49 - [MESSAGE][PASSED] - Object: 'Object Repository/Page_KHTN Administration Search/a_Users' is clicked on

2022-01-14 22:39:49 - [TEST_STEP][PASSED] - click(findTestObject("Object Repository/Page_KHTN Administration Search/a_Add a new user")): Object: 'Object Repository/Page_KHTN Administration Search/a_Add a new user' is clicked on

2022-01-14 22:39:51 - [MESSAGE][PASSED] - Object: 'Object Repository/Page_KHTN Administration Search/a_Add a new user' is clicked on

2022-01-14 22:39:51 - [TEST_STEP][PASSED] - setText(findTestObject("Object Repository/Page_KHTN Administration Users Accounts Add_aad8ed/input_Username_username"), username): Text 'student6' is set on object 'Object Repository/Page_KHTN Administration Users Accounts Add_aad8ed/input_Username_username'

2022-01-14 22:39:52 - [MESSAGE][PASSED] - Text 'student6' is set on object 'Object Repository/Page_KHTN Administration Users Accounts Add_aad8ed/input_Username_username'

2022-01-14 22:39:52 - [TEST_STEP][PASSED] - click(findTestObject("Object Repository/Page_KHTN Administration Users Accounts Add_aad8ed/em_Click to enter text")): Object: 'Object Repository/Page_KHTN Administration Users Accounts Add_aad8ed/em_Click to enter text' is clicked on

2022-01-14 22:39:52 - [MESSAGE][PASSED] - Object: 'Object Repository/Page_KHTN Administration Users Accounts Add_aad8ed/em_Click to enter text' is clicked on

2022-01-14 22:39:52 - [TEST_STEP][PASSED] - setText(findTestObject("Object Repository/Page_KHTN Administration Users Accounts Add_aad8ed/input_New password_newpassword"), password): Text 'Mstudent6#' is set on object 'Object Repository/Page_KHTN Administration Users Accounts Add_aad8ed/input_New password_newpassword'

2022-01-14 22:39:53 - [MESSAGE][PASSED] - Text 'Mstudent6#' is set on object 'Object Repository/Page_KHTN Administration Users Accounts Add_aad8ed/input_New password_newpassword'

2022-01-14 22:39:53 - [TEST_STEP][PASSED] - setText(findTestObject("Object Repository/Page_KHTN Administration Users Accounts Add_aad8ed/input_First name_firstname"), firstname): Text 'Student' is set on object 'Object Repository/Page_KHTN Administration Users Accounts Add_aad8ed/input_First name_firstname'

2022-01-14 22:39:54 - [MESSAGE][PASSED] - Text 'Student' is set on object 'Object Repository/Page_KHTN Administration Users Accounts Add_aad8ed/input_First name_firstname'

2022-01-14 22:39:54 - [TEST_STEP][PASSED] - click(findTestObject("Object Repository/Page_KHTN Administration Users Accounts Add_aad8ed/div_Username                               _ccea4b")): Object: 'Object Repository/Page_KHTN Administration Users Accounts Add_aad8ed/div_Username                               _ccea4b' is clicked on

2022-01-14 22:39:55 - [MESSAGE][PASSED] - Object: 'Object Repository/Page_KHTN Administration Users Accounts Add_aad8ed/div_Username                               _ccea4b' is clicked on

2022-01-14 22:39:55 - [TEST_STEP][PASSED] - setText(findTestObject("Object Repository/Page_KHTN Administration Users Accounts Add_aad8ed/input_Surname_lastname"), lastname): Text 'Haller' is set on object 'Object Repository/Page_KHTN Administration Users Accounts Add_aad8ed/input_Surname_lastname'

2022-01-14 22:39:55 - [MESSAGE][PASSED] - Text 'Haller' is set on object 'Object Repository/Page_KHTN Administration Users Accounts Add_aad8ed/input_Surname_lastname'

2022-01-14 22:39:55 - [TEST_STEP][PASSED] - setText(findTestObject("Object Repository/Page_KHTN Administration Users Accounts Add_aad8ed/input_Email address_email"), email): Text 's6@example.com' is set on object 'Object Repository/Page_KHTN Administration Users Accounts Add_aad8ed/input_Email address_email'

2022-01-14 22:39:56 - [MESSAGE][PASSED] - Text 's6@example.com' is set on object 'Object Repository/Page_KHTN Administration Users Accounts Add_aad8ed/input_Email address_email'

2022-01-14 22:39:56 - [TEST_STEP][PASSED] - click(findTestObject("Object Repository/Page_KHTN Administration Users Accounts Add_aad8ed/input_Address_submitbutton")): Object: 'Object Repository/Page_KHTN Administration Users Accounts Add_aad8ed/input_Address_submitbutton' is clicked on

2022-01-14 22:39:58 - [MESSAGE][PASSED] - Object: 'Object Repository/Page_KHTN Administration Users Accounts Add_aad8ed/input_Address_submitbutton' is clicked on

2022-01-14 22:39:58 - [TEST_STEP][PASSED] - verifyElementVisible(findTestObject("Object Repository/Page_KHTN Administration Users Accounts Bro_45ce40/div_Changes saved")): Object 'Object Repository/Page_KHTN Administration Users Accounts Bro_45ce40/div_Changes saved' is visible

2022-01-14 22:40:04 - [MESSAGE][INFO] - Unable to find the element located by 'By.xpath: //span[@id='user-notifications']/div'. Please recheck the objects properties to make sure the desired element is located. 

2022-01-14 22:40:04 - [MESSAGE][WARNING] - [SELF-HEALING] Failed to find element with id 'Object Repository/Page_KHTN Administration Users Accounts Bro_45ce40/div_Changes saved'. Try using Self-healing.

2022-01-14 22:40:04 - [MESSAGE][WARNING] - [SELF-HEALING] The current locator of test object 'Object Repository/Page_KHTN Administration Users Accounts Bro_45ce40/div_Changes saved' was broken. Propose an alternative one: '(.//*[normalize-space(text()) and normalize-space(.)='Blocks editing on'])[1]/following::div[4]'.

2022-01-14 22:40:04 - [MESSAGE][PASSED] - Object 'Object Repository/Page_KHTN Administration Users Accounts Bro_45ce40/div_Changes saved' is visible

2022-01-14 22:40:04 - [TEST_STEP][PASSED] - verifyElementVisible(findTestObject("Object Repository/Page_KHTN Administration Users Accounts Bro_45ce40/td_s1example.com")): Object 'Object Repository/Page_KHTN Administration Users Accounts Bro_45ce40/td_s1example.com' is visible

2022-01-14 22:40:04 - [MESSAGE][PASSED] - Object 'Object Repository/Page_KHTN Administration Users Accounts Bro_45ce40/td_s1example.com' is visible

2022-01-14 22:40:04 - [TEST_STEP][PASSED] - click(findTestObject("Object Repository/Page_KHTN Administration Users Accounts Bro_45ce40/a_Admin User")): Object: 'Object Repository/Page_KHTN Administration Users Accounts Bro_45ce40/a_Admin User' is clicked on

2022-01-14 22:40:05 - [MESSAGE][PASSED] - Object: 'Object Repository/Page_KHTN Administration Users Accounts Bro_45ce40/a_Admin User' is clicked on

2022-01-14 22:40:05 - [TEST_STEP][PASSED] - click(findTestObject("Object Repository/Page_KHTN Administration Users Accounts Bro_45ce40/span_Log out")): Object: 'Object Repository/Page_KHTN Administration Users Accounts Bro_45ce40/span_Log out' is clicked on

2022-01-14 22:40:05 - [MESSAGE][PASSED] - Object: 'Object Repository/Page_KHTN Administration Users Accounts Bro_45ce40/span_Log out' is clicked on

2022-01-14 22:40:05 - [TEST_STEP][PASSED] - click(findTestObject("Object Repository/Page_HCMUS/a_Log in")): Object: 'Object Repository/Page_HCMUS/a_Log in' is clicked on

2022-01-14 22:40:06 - [MESSAGE][PASSED] - Object: 'Object Repository/Page_HCMUS/a_Log in' is clicked on

2022-01-14 22:40:06 - [TEST_STEP][PASSED] - setText(findTestObject("Object Repository/Page_HCMUS Log in to the site/input_Username_username"), username): Text 'student6' is set on object 'Object Repository/Page_HCMUS Log in to the site/input_Username_username'

2022-01-14 22:40:07 - [MESSAGE][PASSED] - Text 'student6' is set on object 'Object Repository/Page_HCMUS Log in to the site/input_Username_username'

2022-01-14 22:40:07 - [TEST_STEP][PASSED] - setText(findTestObject("Object Repository/Page_HCMUS Log in to the site/input_Password_password"), password): Text 'Mstudent6#' is set on object 'Object Repository/Page_HCMUS Log in to the site/input_Password_password'

2022-01-14 22:40:08 - [MESSAGE][PASSED] - Text 'Mstudent6#' is set on object 'Object Repository/Page_HCMUS Log in to the site/input_Password_password'

2022-01-14 22:40:08 - [TEST_STEP][PASSED] - click(findTestObject("Object Repository/Page_HCMUS Log in to the site/button_Log in")): Object: 'Object Repository/Page_HCMUS Log in to the site/button_Log in' is clicked on

2022-01-14 22:40:09 - [MESSAGE][PASSED] - Object: 'Object Repository/Page_HCMUS Log in to the site/button_Log in' is clicked on

2022-01-14 22:40:09 - [TEST_STEP][PASSED] - verifyElementVisible(findTestObject("Object Repository/Page_Dashboard/span_Student Waldrop")): Object 'Object Repository/Page_Dashboard/span_Student Waldrop' is visible

2022-01-14 22:40:10 - [MESSAGE][PASSED] - Object 'Object Repository/Page_Dashboard/span_Student Waldrop' is visible

2022-01-14 22:40:10 - [TEST_STEP][PASSED] - closeBrowser(): Browser is closed

2022-01-14 22:40:11 - [MESSAGE][PASSED] - Browser is closed]]></system-out>
         <system-err><![CDATA[]]></system-err>
      </testcase>
      <testcase name="Test Cases/7_tạo tài khoản user chính xác" time="29.215" classname="Test Cases/7_tạo tài khoản user chính xác" status="PASSED">
         <system-out><![CDATA[2022-01-14 22:40:11 - [TEST_CASE][PASSED] - Test Cases/7_tạo tài khoản user chính xác: Test Cases/7_tạo tài khoản user chính xác

2022-01-14 22:40:11 - [TEST_STEP][PASSED] - openBrowser(""): Browser is opened with url: ''

2022-01-14 22:40:11 - [MESSAGE][INFO] - Starting 'Chrome' driver

2022-01-14 22:40:11 - [MESSAGE][INFO] - Action delay is set to 0 milliseconds

2022-01-14 22:40:12 - [MESSAGE][PASSED] - Browser is opened with url: ''

2022-01-14 22:40:12 - [TEST_STEP][PASSED] - navigateToUrl("http://localhost/"): Navigate to 'http://localhost/' successfully

2022-01-14 22:40:13 - [MESSAGE][PASSED] - Navigate to 'http://localhost/' successfully

2022-01-14 22:40:13 - [TEST_STEP][PASSED] - click(findTestObject("Object Repository/Page_HCMUS/a_Log in")): Object: 'Object Repository/Page_HCMUS/a_Log in' is clicked on

2022-01-14 22:40:14 - [MESSAGE][PASSED] - Object: 'Object Repository/Page_HCMUS/a_Log in' is clicked on

2022-01-14 22:40:14 - [TEST_STEP][PASSED] - setText(findTestObject("Object Repository/Page_HCMUS Log in to the site/input_Username_username"), "admin"): Text 'admin' is set on object 'Object Repository/Page_HCMUS Log in to the site/input_Username_username'

2022-01-14 22:40:14 - [MESSAGE][PASSED] - Text 'admin' is set on object 'Object Repository/Page_HCMUS Log in to the site/input_Username_username'

2022-01-14 22:40:14 - [TEST_STEP][PASSED] - setEncryptedText(findTestObject("Object Repository/Page_HCMUS Log in to the site/input_Password_password"), "5MU2PI2jvJCK/lBTYOwt6g=="): Text ****** has been set on object 'Object Repository/Page_HCMUS Log in to the site/input_Password_password'

2022-01-14 22:40:15 - [MESSAGE][PASSED] - Text ****** has been set on object 'Object Repository/Page_HCMUS Log in to the site/input_Password_password'

2022-01-14 22:40:15 - [TEST_STEP][PASSED] - click(findTestObject("Object Repository/Page_HCMUS Log in to the site/button_Log in")): Object: 'Object Repository/Page_HCMUS Log in to the site/button_Log in' is clicked on

2022-01-14 22:40:16 - [MESSAGE][PASSED] - Object: 'Object Repository/Page_HCMUS Log in to the site/button_Log in' is clicked on

2022-01-14 22:40:16 - [TEST_STEP][PASSED] - click(findTestObject("Object Repository/Page_Dashboard/span_Site administration")): Object: 'Object Repository/Page_Dashboard/span_Site administration' is clicked on

2022-01-14 22:40:18 - [MESSAGE][PASSED] - Object: 'Object Repository/Page_Dashboard/span_Site administration' is clicked on

2022-01-14 22:40:18 - [TEST_STEP][PASSED] - click(findTestObject("Object Repository/Page_KHTN Administration Search/a_Users")): Object: 'Object Repository/Page_KHTN Administration Search/a_Users' is clicked on

2022-01-14 22:40:19 - [MESSAGE][PASSED] - Object: 'Object Repository/Page_KHTN Administration Search/a_Users' is clicked on

2022-01-14 22:40:19 - [TEST_STEP][PASSED] - click(findTestObject("Object Repository/Page_KHTN Administration Search/a_Add a new user")): Object: 'Object Repository/Page_KHTN Administration Search/a_Add a new user' is clicked on

2022-01-14 22:40:20 - [MESSAGE][PASSED] - Object: 'Object Repository/Page_KHTN Administration Search/a_Add a new user' is clicked on

2022-01-14 22:40:20 - [TEST_STEP][PASSED] - setText(findTestObject("Object Repository/Page_KHTN Administration Users Accounts Add_aad8ed/input_Username_username"), username): Text 'student7' is set on object 'Object Repository/Page_KHTN Administration Users Accounts Add_aad8ed/input_Username_username'

2022-01-14 22:40:21 - [MESSAGE][PASSED] - Text 'student7' is set on object 'Object Repository/Page_KHTN Administration Users Accounts Add_aad8ed/input_Username_username'

2022-01-14 22:40:21 - [TEST_STEP][PASSED] - click(findTestObject("Object Repository/Page_KHTN Administration Users Accounts Add_aad8ed/em_Click to enter text")): Object: 'Object Repository/Page_KHTN Administration Users Accounts Add_aad8ed/em_Click to enter text' is clicked on

2022-01-14 22:40:22 - [MESSAGE][PASSED] - Object: 'Object Repository/Page_KHTN Administration Users Accounts Add_aad8ed/em_Click to enter text' is clicked on

2022-01-14 22:40:22 - [TEST_STEP][PASSED] - setText(findTestObject("Object Repository/Page_KHTN Administration Users Accounts Add_aad8ed/input_New password_newpassword"), password): Text 'Mstudent7#' is set on object 'Object Repository/Page_KHTN Administration Users Accounts Add_aad8ed/input_New password_newpassword'

2022-01-14 22:40:23 - [MESSAGE][PASSED] - Text 'Mstudent7#' is set on object 'Object Repository/Page_KHTN Administration Users Accounts Add_aad8ed/input_New password_newpassword'

2022-01-14 22:40:23 - [TEST_STEP][PASSED] - setText(findTestObject("Object Repository/Page_KHTN Administration Users Accounts Add_aad8ed/input_First name_firstname"), firstname): Text 'Student' is set on object 'Object Repository/Page_KHTN Administration Users Accounts Add_aad8ed/input_First name_firstname'

2022-01-14 22:40:23 - [MESSAGE][PASSED] - Text 'Student' is set on object 'Object Repository/Page_KHTN Administration Users Accounts Add_aad8ed/input_First name_firstname'

2022-01-14 22:40:23 - [TEST_STEP][PASSED] - click(findTestObject("Object Repository/Page_KHTN Administration Users Accounts Add_aad8ed/div_Username                               _ccea4b")): Object: 'Object Repository/Page_KHTN Administration Users Accounts Add_aad8ed/div_Username                               _ccea4b' is clicked on

2022-01-14 22:40:24 - [MESSAGE][PASSED] - Object: 'Object Repository/Page_KHTN Administration Users Accounts Add_aad8ed/div_Username                               _ccea4b' is clicked on

2022-01-14 22:40:24 - [TEST_STEP][PASSED] - setText(findTestObject("Object Repository/Page_KHTN Administration Users Accounts Add_aad8ed/input_Surname_lastname"), lastname): Text 'Venegas' is set on object 'Object Repository/Page_KHTN Administration Users Accounts Add_aad8ed/input_Surname_lastname'

2022-01-14 22:40:25 - [MESSAGE][PASSED] - Text 'Venegas' is set on object 'Object Repository/Page_KHTN Administration Users Accounts Add_aad8ed/input_Surname_lastname'

2022-01-14 22:40:25 - [TEST_STEP][PASSED] - setText(findTestObject("Object Repository/Page_KHTN Administration Users Accounts Add_aad8ed/input_Email address_email"), email): Text 's7@example.com' is set on object 'Object Repository/Page_KHTN Administration Users Accounts Add_aad8ed/input_Email address_email'

2022-01-14 22:40:25 - [MESSAGE][PASSED] - Text 's7@example.com' is set on object 'Object Repository/Page_KHTN Administration Users Accounts Add_aad8ed/input_Email address_email'

2022-01-14 22:40:25 - [TEST_STEP][PASSED] - click(findTestObject("Object Repository/Page_KHTN Administration Users Accounts Add_aad8ed/input_Address_submitbutton")): Object: 'Object Repository/Page_KHTN Administration Users Accounts Add_aad8ed/input_Address_submitbutton' is clicked on

2022-01-14 22:40:27 - [MESSAGE][PASSED] - Object: 'Object Repository/Page_KHTN Administration Users Accounts Add_aad8ed/input_Address_submitbutton' is clicked on

2022-01-14 22:40:27 - [TEST_STEP][PASSED] - verifyElementVisible(findTestObject("Object Repository/Page_KHTN Administration Users Accounts Bro_45ce40/div_Changes saved")): Object 'Object Repository/Page_KHTN Administration Users Accounts Bro_45ce40/div_Changes saved' is visible

2022-01-14 22:40:33 - [MESSAGE][INFO] - Unable to find the element located by 'By.xpath: //span[@id='user-notifications']/div'. Please recheck the objects properties to make sure the desired element is located. 

2022-01-14 22:40:33 - [MESSAGE][WARNING] - [SELF-HEALING] Failed to find element with id 'Object Repository/Page_KHTN Administration Users Accounts Bro_45ce40/div_Changes saved'. Try using Self-healing.

2022-01-14 22:40:33 - [MESSAGE][WARNING] - [SELF-HEALING] The current locator of test object 'Object Repository/Page_KHTN Administration Users Accounts Bro_45ce40/div_Changes saved' was broken. Propose an alternative one: '(.//*[normalize-space(text()) and normalize-space(.)='Blocks editing on'])[1]/following::div[4]'.

2022-01-14 22:40:33 - [MESSAGE][PASSED] - Object 'Object Repository/Page_KHTN Administration Users Accounts Bro_45ce40/div_Changes saved' is visible

2022-01-14 22:40:33 - [TEST_STEP][PASSED] - verifyElementVisible(findTestObject("Object Repository/Page_KHTN Administration Users Accounts Bro_45ce40/td_s1example.com")): Object 'Object Repository/Page_KHTN Administration Users Accounts Bro_45ce40/td_s1example.com' is visible

2022-01-14 22:40:34 - [MESSAGE][PASSED] - Object 'Object Repository/Page_KHTN Administration Users Accounts Bro_45ce40/td_s1example.com' is visible

2022-01-14 22:40:34 - [TEST_STEP][PASSED] - click(findTestObject("Object Repository/Page_KHTN Administration Users Accounts Bro_45ce40/a_Admin User")): Object: 'Object Repository/Page_KHTN Administration Users Accounts Bro_45ce40/a_Admin User' is clicked on

2022-01-14 22:40:34 - [MESSAGE][PASSED] - Object: 'Object Repository/Page_KHTN Administration Users Accounts Bro_45ce40/a_Admin User' is clicked on

2022-01-14 22:40:34 - [TEST_STEP][PASSED] - click(findTestObject("Object Repository/Page_KHTN Administration Users Accounts Bro_45ce40/span_Log out")): Object: 'Object Repository/Page_KHTN Administration Users Accounts Bro_45ce40/span_Log out' is clicked on

2022-01-14 22:40:35 - [MESSAGE][PASSED] - Object: 'Object Repository/Page_KHTN Administration Users Accounts Bro_45ce40/span_Log out' is clicked on

2022-01-14 22:40:35 - [TEST_STEP][PASSED] - click(findTestObject("Object Repository/Page_HCMUS/a_Log in")): Object: 'Object Repository/Page_HCMUS/a_Log in' is clicked on

2022-01-14 22:40:36 - [MESSAGE][PASSED] - Object: 'Object Repository/Page_HCMUS/a_Log in' is clicked on

2022-01-14 22:40:36 - [TEST_STEP][PASSED] - setText(findTestObject("Object Repository/Page_HCMUS Log in to the site/input_Username_username"), username): Text 'student7' is set on object 'Object Repository/Page_HCMUS Log in to the site/input_Username_username'

2022-01-14 22:40:36 - [MESSAGE][PASSED] - Text 'student7' is set on object 'Object Repository/Page_HCMUS Log in to the site/input_Username_username'

2022-01-14 22:40:36 - [TEST_STEP][PASSED] - setText(findTestObject("Object Repository/Page_HCMUS Log in to the site/input_Password_password"), password): Text 'Mstudent7#' is set on object 'Object Repository/Page_HCMUS Log in to the site/input_Password_password'

2022-01-14 22:40:37 - [MESSAGE][PASSED] - Text 'Mstudent7#' is set on object 'Object Repository/Page_HCMUS Log in to the site/input_Password_password'

2022-01-14 22:40:37 - [TEST_STEP][PASSED] - click(findTestObject("Object Repository/Page_HCMUS Log in to the site/button_Log in")): Object: 'Object Repository/Page_HCMUS Log in to the site/button_Log in' is clicked on

2022-01-14 22:40:38 - [MESSAGE][PASSED] - Object: 'Object Repository/Page_HCMUS Log in to the site/button_Log in' is clicked on

2022-01-14 22:40:38 - [TEST_STEP][PASSED] - verifyElementVisible(findTestObject("Object Repository/Page_Dashboard/span_Student Waldrop")): Object 'Object Repository/Page_Dashboard/span_Student Waldrop' is visible

2022-01-14 22:40:39 - [MESSAGE][PASSED] - Object 'Object Repository/Page_Dashboard/span_Student Waldrop' is visible

2022-01-14 22:40:39 - [TEST_STEP][PASSED] - closeBrowser(): Browser is closed

2022-01-14 22:40:40 - [MESSAGE][PASSED] - Browser is closed]]></system-out>
         <system-err><![CDATA[]]></system-err>
      </testcase>
      <testcase name="Test Cases/7_tạo tài khoản user chính xác" time="28.994" classname="Test Cases/7_tạo tài khoản user chính xác" status="PASSED">
         <system-out><![CDATA[2022-01-14 22:40:40 - [TEST_CASE][PASSED] - Test Cases/7_tạo tài khoản user chính xác: Test Cases/7_tạo tài khoản user chính xác

2022-01-14 22:40:40 - [TEST_STEP][PASSED] - openBrowser(""): Browser is opened with url: ''

2022-01-14 22:40:40 - [MESSAGE][INFO] - Starting 'Chrome' driver

2022-01-14 22:40:40 - [MESSAGE][INFO] - Action delay is set to 0 milliseconds

2022-01-14 22:40:41 - [MESSAGE][PASSED] - Browser is opened with url: ''

2022-01-14 22:40:41 - [TEST_STEP][PASSED] - navigateToUrl("http://localhost/"): Navigate to 'http://localhost/' successfully

2022-01-14 22:40:42 - [MESSAGE][PASSED] - Navigate to 'http://localhost/' successfully

2022-01-14 22:40:42 - [TEST_STEP][PASSED] - click(findTestObject("Object Repository/Page_HCMUS/a_Log in")): Object: 'Object Repository/Page_HCMUS/a_Log in' is clicked on

2022-01-14 22:40:43 - [MESSAGE][PASSED] - Object: 'Object Repository/Page_HCMUS/a_Log in' is clicked on

2022-01-14 22:40:43 - [TEST_STEP][PASSED] - setText(findTestObject("Object Repository/Page_HCMUS Log in to the site/input_Username_username"), "admin"): Text 'admin' is set on object 'Object Repository/Page_HCMUS Log in to the site/input_Username_username'

2022-01-14 22:40:44 - [MESSAGE][PASSED] - Text 'admin' is set on object 'Object Repository/Page_HCMUS Log in to the site/input_Username_username'

2022-01-14 22:40:44 - [TEST_STEP][PASSED] - setEncryptedText(findTestObject("Object Repository/Page_HCMUS Log in to the site/input_Password_password"), "5MU2PI2jvJCK/lBTYOwt6g=="): Text ****** has been set on object 'Object Repository/Page_HCMUS Log in to the site/input_Password_password'

2022-01-14 22:40:44 - [MESSAGE][PASSED] - Text ****** has been set on object 'Object Repository/Page_HCMUS Log in to the site/input_Password_password'

2022-01-14 22:40:44 - [TEST_STEP][PASSED] - click(findTestObject("Object Repository/Page_HCMUS Log in to the site/button_Log in")): Object: 'Object Repository/Page_HCMUS Log in to the site/button_Log in' is clicked on

2022-01-14 22:40:45 - [MESSAGE][PASSED] - Object: 'Object Repository/Page_HCMUS Log in to the site/button_Log in' is clicked on

2022-01-14 22:40:45 - [TEST_STEP][PASSED] - click(findTestObject("Object Repository/Page_Dashboard/span_Site administration")): Object: 'Object Repository/Page_Dashboard/span_Site administration' is clicked on

2022-01-14 22:40:47 - [MESSAGE][PASSED] - Object: 'Object Repository/Page_Dashboard/span_Site administration' is clicked on

2022-01-14 22:40:47 - [TEST_STEP][PASSED] - click(findTestObject("Object Repository/Page_KHTN Administration Search/a_Users")): Object: 'Object Repository/Page_KHTN Administration Search/a_Users' is clicked on

2022-01-14 22:40:47 - [MESSAGE][PASSED] - Object: 'Object Repository/Page_KHTN Administration Search/a_Users' is clicked on

2022-01-14 22:40:47 - [TEST_STEP][PASSED] - click(findTestObject("Object Repository/Page_KHTN Administration Search/a_Add a new user")): Object: 'Object Repository/Page_KHTN Administration Search/a_Add a new user' is clicked on

2022-01-14 22:40:49 - [MESSAGE][PASSED] - Object: 'Object Repository/Page_KHTN Administration Search/a_Add a new user' is clicked on

2022-01-14 22:40:49 - [TEST_STEP][PASSED] - setText(findTestObject("Object Repository/Page_KHTN Administration Users Accounts Add_aad8ed/input_Username_username"), username): Text 'student8' is set on object 'Object Repository/Page_KHTN Administration Users Accounts Add_aad8ed/input_Username_username'

2022-01-14 22:40:50 - [MESSAGE][PASSED] - Text 'student8' is set on object 'Object Repository/Page_KHTN Administration Users Accounts Add_aad8ed/input_Username_username'

2022-01-14 22:40:50 - [TEST_STEP][PASSED] - click(findTestObject("Object Repository/Page_KHTN Administration Users Accounts Add_aad8ed/em_Click to enter text")): Object: 'Object Repository/Page_KHTN Administration Users Accounts Add_aad8ed/em_Click to enter text' is clicked on

2022-01-14 22:40:50 - [MESSAGE][PASSED] - Object: 'Object Repository/Page_KHTN Administration Users Accounts Add_aad8ed/em_Click to enter text' is clicked on

2022-01-14 22:40:50 - [TEST_STEP][PASSED] - setText(findTestObject("Object Repository/Page_KHTN Administration Users Accounts Add_aad8ed/input_New password_newpassword"), password): Text 'Mstudent8#' is set on object 'Object Repository/Page_KHTN Administration Users Accounts Add_aad8ed/input_New password_newpassword'

2022-01-14 22:40:51 - [MESSAGE][PASSED] - Text 'Mstudent8#' is set on object 'Object Repository/Page_KHTN Administration Users Accounts Add_aad8ed/input_New password_newpassword'

2022-01-14 22:40:51 - [TEST_STEP][PASSED] - setText(findTestObject("Object Repository/Page_KHTN Administration Users Accounts Add_aad8ed/input_First name_firstname"), firstname): Text 'Student' is set on object 'Object Repository/Page_KHTN Administration Users Accounts Add_aad8ed/input_First name_firstname'

2022-01-14 22:40:52 - [MESSAGE][PASSED] - Text 'Student' is set on object 'Object Repository/Page_KHTN Administration Users Accounts Add_aad8ed/input_First name_firstname'

2022-01-14 22:40:52 - [TEST_STEP][PASSED] - click(findTestObject("Object Repository/Page_KHTN Administration Users Accounts Add_aad8ed/div_Username                               _ccea4b")): Object: 'Object Repository/Page_KHTN Administration Users Accounts Add_aad8ed/div_Username                               _ccea4b' is clicked on

2022-01-14 22:40:53 - [MESSAGE][PASSED] - Object: 'Object Repository/Page_KHTN Administration Users Accounts Add_aad8ed/div_Username                               _ccea4b' is clicked on

2022-01-14 22:40:53 - [TEST_STEP][PASSED] - setText(findTestObject("Object Repository/Page_KHTN Administration Users Accounts Add_aad8ed/input_Surname_lastname"), lastname): Text 'Clifford' is set on object 'Object Repository/Page_KHTN Administration Users Accounts Add_aad8ed/input_Surname_lastname'

2022-01-14 22:40:53 - [MESSAGE][PASSED] - Text 'Clifford' is set on object 'Object Repository/Page_KHTN Administration Users Accounts Add_aad8ed/input_Surname_lastname'

2022-01-14 22:40:53 - [TEST_STEP][PASSED] - setText(findTestObject("Object Repository/Page_KHTN Administration Users Accounts Add_aad8ed/input_Email address_email"), email): Text 's8@example.com' is set on object 'Object Repository/Page_KHTN Administration Users Accounts Add_aad8ed/input_Email address_email'

2022-01-14 22:40:54 - [MESSAGE][PASSED] - Text 's8@example.com' is set on object 'Object Repository/Page_KHTN Administration Users Accounts Add_aad8ed/input_Email address_email'

2022-01-14 22:40:54 - [TEST_STEP][PASSED] - click(findTestObject("Object Repository/Page_KHTN Administration Users Accounts Add_aad8ed/input_Address_submitbutton")): Object: 'Object Repository/Page_KHTN Administration Users Accounts Add_aad8ed/input_Address_submitbutton' is clicked on

2022-01-14 22:40:56 - [MESSAGE][PASSED] - Object: 'Object Repository/Page_KHTN Administration Users Accounts Add_aad8ed/input_Address_submitbutton' is clicked on

2022-01-14 22:40:56 - [TEST_STEP][PASSED] - verifyElementVisible(findTestObject("Object Repository/Page_KHTN Administration Users Accounts Bro_45ce40/div_Changes saved")): Object 'Object Repository/Page_KHTN Administration Users Accounts Bro_45ce40/div_Changes saved' is visible

2022-01-14 22:41:02 - [MESSAGE][INFO] - Unable to find the element located by 'By.xpath: //span[@id='user-notifications']/div'. Please recheck the objects properties to make sure the desired element is located. 

2022-01-14 22:41:02 - [MESSAGE][WARNING] - [SELF-HEALING] Failed to find element with id 'Object Repository/Page_KHTN Administration Users Accounts Bro_45ce40/div_Changes saved'. Try using Self-healing.

2022-01-14 22:41:02 - [MESSAGE][WARNING] - [SELF-HEALING] The current locator of test object 'Object Repository/Page_KHTN Administration Users Accounts Bro_45ce40/div_Changes saved' was broken. Propose an alternative one: '(.//*[normalize-space(text()) and normalize-space(.)='Blocks editing on'])[1]/following::div[4]'.

2022-01-14 22:41:02 - [MESSAGE][PASSED] - Object 'Object Repository/Page_KHTN Administration Users Accounts Bro_45ce40/div_Changes saved' is visible

2022-01-14 22:41:02 - [TEST_STEP][PASSED] - verifyElementVisible(findTestObject("Object Repository/Page_KHTN Administration Users Accounts Bro_45ce40/td_s1example.com")): Object 'Object Repository/Page_KHTN Administration Users Accounts Bro_45ce40/td_s1example.com' is visible

2022-01-14 22:41:02 - [MESSAGE][PASSED] - Object 'Object Repository/Page_KHTN Administration Users Accounts Bro_45ce40/td_s1example.com' is visible

2022-01-14 22:41:02 - [TEST_STEP][PASSED] - click(findTestObject("Object Repository/Page_KHTN Administration Users Accounts Bro_45ce40/a_Admin User")): Object: 'Object Repository/Page_KHTN Administration Users Accounts Bro_45ce40/a_Admin User' is clicked on

2022-01-14 22:41:03 - [MESSAGE][PASSED] - Object: 'Object Repository/Page_KHTN Administration Users Accounts Bro_45ce40/a_Admin User' is clicked on

2022-01-14 22:41:03 - [TEST_STEP][PASSED] - click(findTestObject("Object Repository/Page_KHTN Administration Users Accounts Bro_45ce40/span_Log out")): Object: 'Object Repository/Page_KHTN Administration Users Accounts Bro_45ce40/span_Log out' is clicked on

2022-01-14 22:41:04 - [MESSAGE][PASSED] - Object: 'Object Repository/Page_KHTN Administration Users Accounts Bro_45ce40/span_Log out' is clicked on

2022-01-14 22:41:04 - [TEST_STEP][PASSED] - click(findTestObject("Object Repository/Page_HCMUS/a_Log in")): Object: 'Object Repository/Page_HCMUS/a_Log in' is clicked on

2022-01-14 22:41:04 - [MESSAGE][PASSED] - Object: 'Object Repository/Page_HCMUS/a_Log in' is clicked on

2022-01-14 22:41:04 - [TEST_STEP][PASSED] - setText(findTestObject("Object Repository/Page_HCMUS Log in to the site/input_Username_username"), username): Text 'student8' is set on object 'Object Repository/Page_HCMUS Log in to the site/input_Username_username'

2022-01-14 22:41:05 - [MESSAGE][PASSED] - Text 'student8' is set on object 'Object Repository/Page_HCMUS Log in to the site/input_Username_username'

2022-01-14 22:41:05 - [TEST_STEP][PASSED] - setText(findTestObject("Object Repository/Page_HCMUS Log in to the site/input_Password_password"), password): Text 'Mstudent8#' is set on object 'Object Repository/Page_HCMUS Log in to the site/input_Password_password'

2022-01-14 22:41:06 - [MESSAGE][PASSED] - Text 'Mstudent8#' is set on object 'Object Repository/Page_HCMUS Log in to the site/input_Password_password'

2022-01-14 22:41:06 - [TEST_STEP][PASSED] - click(findTestObject("Object Repository/Page_HCMUS Log in to the site/button_Log in")): Object: 'Object Repository/Page_HCMUS Log in to the site/button_Log in' is clicked on

2022-01-14 22:41:07 - [MESSAGE][PASSED] - Object: 'Object Repository/Page_HCMUS Log in to the site/button_Log in' is clicked on

2022-01-14 22:41:07 - [TEST_STEP][PASSED] - verifyElementVisible(findTestObject("Object Repository/Page_Dashboard/span_Student Waldrop")): Object 'Object Repository/Page_Dashboard/span_Student Waldrop' is visible

2022-01-14 22:41:08 - [MESSAGE][PASSED] - Object 'Object Repository/Page_Dashboard/span_Student Waldrop' is visible

2022-01-14 22:41:08 - [TEST_STEP][PASSED] - closeBrowser(): Browser is closed

2022-01-14 22:41:09 - [MESSAGE][PASSED] - Browser is closed]]></system-out>
         <system-err><![CDATA[]]></system-err>
      </testcase>
      <testcase name="Test Cases/7_tạo tài khoản user chính xác" time="27.8" classname="Test Cases/7_tạo tài khoản user chính xác" status="PASSED">
         <system-out><![CDATA[2022-01-14 22:41:09 - [TEST_CASE][PASSED] - Test Cases/7_tạo tài khoản user chính xác: Test Cases/7_tạo tài khoản user chính xác

2022-01-14 22:41:09 - [TEST_STEP][PASSED] - openBrowser(""): Browser is opened with url: ''

2022-01-14 22:41:09 - [MESSAGE][INFO] - Starting 'Chrome' driver

2022-01-14 22:41:09 - [MESSAGE][INFO] - Action delay is set to 0 milliseconds

2022-01-14 22:41:10 - [MESSAGE][PASSED] - Browser is opened with url: ''

2022-01-14 22:41:10 - [TEST_STEP][PASSED] - navigateToUrl("http://localhost/"): Navigate to 'http://localhost/' successfully

2022-01-14 22:41:11 - [MESSAGE][PASSED] - Navigate to 'http://localhost/' successfully

2022-01-14 22:41:11 - [TEST_STEP][PASSED] - click(findTestObject("Object Repository/Page_HCMUS/a_Log in")): Object: 'Object Repository/Page_HCMUS/a_Log in' is clicked on

2022-01-14 22:41:12 - [MESSAGE][PASSED] - Object: 'Object Repository/Page_HCMUS/a_Log in' is clicked on

2022-01-14 22:41:12 - [TEST_STEP][PASSED] - setText(findTestObject("Object Repository/Page_HCMUS Log in to the site/input_Username_username"), "admin"): Text 'admin' is set on object 'Object Repository/Page_HCMUS Log in to the site/input_Username_username'

2022-01-14 22:41:12 - [MESSAGE][PASSED] - Text 'admin' is set on object 'Object Repository/Page_HCMUS Log in to the site/input_Username_username'

2022-01-14 22:41:12 - [TEST_STEP][PASSED] - setEncryptedText(findTestObject("Object Repository/Page_HCMUS Log in to the site/input_Password_password"), "5MU2PI2jvJCK/lBTYOwt6g=="): Text ****** has been set on object 'Object Repository/Page_HCMUS Log in to the site/input_Password_password'

2022-01-14 22:41:13 - [MESSAGE][PASSED] - Text ****** has been set on object 'Object Repository/Page_HCMUS Log in to the site/input_Password_password'

2022-01-14 22:41:13 - [TEST_STEP][PASSED] - click(findTestObject("Object Repository/Page_HCMUS Log in to the site/button_Log in")): Object: 'Object Repository/Page_HCMUS Log in to the site/button_Log in' is clicked on

2022-01-14 22:41:14 - [MESSAGE][PASSED] - Object: 'Object Repository/Page_HCMUS Log in to the site/button_Log in' is clicked on

2022-01-14 22:41:14 - [TEST_STEP][PASSED] - click(findTestObject("Object Repository/Page_Dashboard/span_Site administration")): Object: 'Object Repository/Page_Dashboard/span_Site administration' is clicked on

2022-01-14 22:41:16 - [MESSAGE][PASSED] - Object: 'Object Repository/Page_Dashboard/span_Site administration' is clicked on

2022-01-14 22:41:16 - [TEST_STEP][PASSED] - click(findTestObject("Object Repository/Page_KHTN Administration Search/a_Users")): Object: 'Object Repository/Page_KHTN Administration Search/a_Users' is clicked on

2022-01-14 22:41:17 - [MESSAGE][PASSED] - Object: 'Object Repository/Page_KHTN Administration Search/a_Users' is clicked on

2022-01-14 22:41:17 - [TEST_STEP][PASSED] - click(findTestObject("Object Repository/Page_KHTN Administration Search/a_Add a new user")): Object: 'Object Repository/Page_KHTN Administration Search/a_Add a new user' is clicked on

2022-01-14 22:41:18 - [MESSAGE][PASSED] - Object: 'Object Repository/Page_KHTN Administration Search/a_Add a new user' is clicked on

2022-01-14 22:41:18 - [TEST_STEP][PASSED] - setText(findTestObject("Object Repository/Page_KHTN Administration Users Accounts Add_aad8ed/input_Username_username"), username): Text 'student9' is set on object 'Object Repository/Page_KHTN Administration Users Accounts Add_aad8ed/input_Username_username'

2022-01-14 22:41:19 - [MESSAGE][PASSED] - Text 'student9' is set on object 'Object Repository/Page_KHTN Administration Users Accounts Add_aad8ed/input_Username_username'

2022-01-14 22:41:19 - [TEST_STEP][PASSED] - click(findTestObject("Object Repository/Page_KHTN Administration Users Accounts Add_aad8ed/em_Click to enter text")): Object: 'Object Repository/Page_KHTN Administration Users Accounts Add_aad8ed/em_Click to enter text' is clicked on

2022-01-14 22:41:20 - [MESSAGE][PASSED] - Object: 'Object Repository/Page_KHTN Administration Users Accounts Add_aad8ed/em_Click to enter text' is clicked on

2022-01-14 22:41:20 - [TEST_STEP][PASSED] - setText(findTestObject("Object Repository/Page_KHTN Administration Users Accounts Add_aad8ed/input_New password_newpassword"), password): Text 'Mstudent9#' is set on object 'Object Repository/Page_KHTN Administration Users Accounts Add_aad8ed/input_New password_newpassword'

2022-01-14 22:41:21 - [MESSAGE][PASSED] - Text 'Mstudent9#' is set on object 'Object Repository/Page_KHTN Administration Users Accounts Add_aad8ed/input_New password_newpassword'

2022-01-14 22:41:21 - [TEST_STEP][PASSED] - setText(findTestObject("Object Repository/Page_KHTN Administration Users Accounts Add_aad8ed/input_First name_firstname"), firstname): Text 'Student' is set on object 'Object Repository/Page_KHTN Administration Users Accounts Add_aad8ed/input_First name_firstname'

2022-01-14 22:41:21 - [MESSAGE][PASSED] - Text 'Student' is set on object 'Object Repository/Page_KHTN Administration Users Accounts Add_aad8ed/input_First name_firstname'

2022-01-14 22:41:21 - [TEST_STEP][PASSED] - click(findTestObject("Object Repository/Page_KHTN Administration Users Accounts Add_aad8ed/div_Username                               _ccea4b")): Object: 'Object Repository/Page_KHTN Administration Users Accounts Add_aad8ed/div_Username                               _ccea4b' is clicked on

2022-01-14 22:41:22 - [MESSAGE][PASSED] - Object: 'Object Repository/Page_KHTN Administration Users Accounts Add_aad8ed/div_Username                               _ccea4b' is clicked on

2022-01-14 22:41:22 - [TEST_STEP][PASSED] - setText(findTestObject("Object Repository/Page_KHTN Administration Users Accounts Add_aad8ed/input_Surname_lastname"), lastname): Text 'Branch' is set on object 'Object Repository/Page_KHTN Administration Users Accounts Add_aad8ed/input_Surname_lastname'

2022-01-14 22:41:23 - [MESSAGE][PASSED] - Text 'Branch' is set on object 'Object Repository/Page_KHTN Administration Users Accounts Add_aad8ed/input_Surname_lastname'

2022-01-14 22:41:23 - [TEST_STEP][PASSED] - setText(findTestObject("Object Repository/Page_KHTN Administration Users Accounts Add_aad8ed/input_Email address_email"), email): Text 's9@example.com' is set on object 'Object Repository/Page_KHTN Administration Users Accounts Add_aad8ed/input_Email address_email'

2022-01-14 22:41:23 - [MESSAGE][PASSED] - Text 's9@example.com' is set on object 'Object Repository/Page_KHTN Administration Users Accounts Add_aad8ed/input_Email address_email'

2022-01-14 22:41:23 - [TEST_STEP][PASSED] - click(findTestObject("Object Repository/Page_KHTN Administration Users Accounts Add_aad8ed/input_Address_submitbutton")): Object: 'Object Repository/Page_KHTN Administration Users Accounts Add_aad8ed/input_Address_submitbutton' is clicked on

2022-01-14 22:41:25 - [MESSAGE][PASSED] - Object: 'Object Repository/Page_KHTN Administration Users Accounts Add_aad8ed/input_Address_submitbutton' is clicked on

2022-01-14 22:41:25 - [TEST_STEP][PASSED] - verifyElementVisible(findTestObject("Object Repository/Page_KHTN Administration Users Accounts Bro_45ce40/div_Changes saved")): Object 'Object Repository/Page_KHTN Administration Users Accounts Bro_45ce40/div_Changes saved' is visible

2022-01-14 22:41:31 - [MESSAGE][INFO] - Unable to find the element located by 'By.xpath: //span[@id='user-notifications']/div'. Please recheck the objects properties to make sure the desired element is located. 

2022-01-14 22:41:31 - [MESSAGE][WARNING] - [SELF-HEALING] Failed to find element with id 'Object Repository/Page_KHTN Administration Users Accounts Bro_45ce40/div_Changes saved'. Try using Self-healing.

2022-01-14 22:41:31 - [MESSAGE][WARNING] - [SELF-HEALING] The current locator of test object 'Object Repository/Page_KHTN Administration Users Accounts Bro_45ce40/div_Changes saved' was broken. Propose an alternative one: '(.//*[normalize-space(text()) and normalize-space(.)='Blocks editing on'])[1]/following::div[4]'.

2022-01-14 22:41:31 - [MESSAGE][PASSED] - Object 'Object Repository/Page_KHTN Administration Users Accounts Bro_45ce40/div_Changes saved' is visible

2022-01-14 22:41:31 - [TEST_STEP][PASSED] - verifyElementVisible(findTestObject("Object Repository/Page_KHTN Administration Users Accounts Bro_45ce40/td_s1example.com")): Object 'Object Repository/Page_KHTN Administration Users Accounts Bro_45ce40/td_s1example.com' is visible

2022-01-14 22:41:31 - [MESSAGE][PASSED] - Object 'Object Repository/Page_KHTN Administration Users Accounts Bro_45ce40/td_s1example.com' is visible

2022-01-14 22:41:31 - [TEST_STEP][PASSED] - click(findTestObject("Object Repository/Page_KHTN Administration Users Accounts Bro_45ce40/a_Admin User")): Object: 'Object Repository/Page_KHTN Administration Users Accounts Bro_45ce40/a_Admin User' is clicked on

2022-01-14 22:41:32 - [MESSAGE][PASSED] - Object: 'Object Repository/Page_KHTN Administration Users Accounts Bro_45ce40/a_Admin User' is clicked on

2022-01-14 22:41:32 - [TEST_STEP][PASSED] - click(findTestObject("Object Repository/Page_KHTN Administration Users Accounts Bro_45ce40/span_Log out")): Object: 'Object Repository/Page_KHTN Administration Users Accounts Bro_45ce40/span_Log out' is clicked on

2022-01-14 22:41:32 - [MESSAGE][PASSED] - Object: 'Object Repository/Page_KHTN Administration Users Accounts Bro_45ce40/span_Log out' is clicked on

2022-01-14 22:41:32 - [TEST_STEP][PASSED] - click(findTestObject("Object Repository/Page_HCMUS/a_Log in")): Object: 'Object Repository/Page_HCMUS/a_Log in' is clicked on

2022-01-14 22:41:33 - [MESSAGE][PASSED] - Object: 'Object Repository/Page_HCMUS/a_Log in' is clicked on

2022-01-14 22:41:33 - [TEST_STEP][PASSED] - setText(findTestObject("Object Repository/Page_HCMUS Log in to the site/input_Username_username"), username): Text 'student9' is set on object 'Object Repository/Page_HCMUS Log in to the site/input_Username_username'

2022-01-14 22:41:34 - [MESSAGE][PASSED] - Text 'student9' is set on object 'Object Repository/Page_HCMUS Log in to the site/input_Username_username'

2022-01-14 22:41:34 - [TEST_STEP][PASSED] - setText(findTestObject("Object Repository/Page_HCMUS Log in to the site/input_Password_password"), password): Text 'Mstudent9#' is set on object 'Object Repository/Page_HCMUS Log in to the site/input_Password_password'

2022-01-14 22:41:34 - [MESSAGE][PASSED] - Text 'Mstudent9#' is set on object 'Object Repository/Page_HCMUS Log in to the site/input_Password_password'

2022-01-14 22:41:34 - [TEST_STEP][PASSED] - click(findTestObject("Object Repository/Page_HCMUS Log in to the site/button_Log in")): Object: 'Object Repository/Page_HCMUS Log in to the site/button_Log in' is clicked on

2022-01-14 22:41:35 - [MESSAGE][PASSED] - Object: 'Object Repository/Page_HCMUS Log in to the site/button_Log in' is clicked on

2022-01-14 22:41:35 - [TEST_STEP][PASSED] - verifyElementVisible(findTestObject("Object Repository/Page_Dashboard/span_Student Waldrop")): Object 'Object Repository/Page_Dashboard/span_Student Waldrop' is visible

2022-01-14 22:41:36 - [MESSAGE][PASSED] - Object 'Object Repository/Page_Dashboard/span_Student Waldrop' is visible

2022-01-14 22:41:36 - [TEST_STEP][PASSED] - closeBrowser(): Browser is closed

2022-01-14 22:41:37 - [MESSAGE][PASSED] - Browser is closed]]></system-out>
         <system-err><![CDATA[]]></system-err>
      </testcase>
      <testcase name="Test Cases/7_tạo tài khoản user chính xác" time="28.127" classname="Test Cases/7_tạo tài khoản user chính xác" status="PASSED">
         <system-out><![CDATA[2022-01-14 22:41:37 - [TEST_CASE][PASSED] - Test Cases/7_tạo tài khoản user chính xác: Test Cases/7_tạo tài khoản user chính xác

2022-01-14 22:41:37 - [TEST_STEP][PASSED] - openBrowser(""): Browser is opened with url: ''

2022-01-14 22:41:37 - [MESSAGE][INFO] - Starting 'Chrome' driver

2022-01-14 22:41:37 - [MESSAGE][INFO] - Action delay is set to 0 milliseconds

2022-01-14 22:41:38 - [MESSAGE][PASSED] - Browser is opened with url: ''

2022-01-14 22:41:38 - [TEST_STEP][PASSED] - navigateToUrl("http://localhost/"): Navigate to 'http://localhost/' successfully

2022-01-14 22:41:39 - [MESSAGE][PASSED] - Navigate to 'http://localhost/' successfully

2022-01-14 22:41:39 - [TEST_STEP][PASSED] - click(findTestObject("Object Repository/Page_HCMUS/a_Log in")): Object: 'Object Repository/Page_HCMUS/a_Log in' is clicked on

2022-01-14 22:41:40 - [MESSAGE][PASSED] - Object: 'Object Repository/Page_HCMUS/a_Log in' is clicked on

2022-01-14 22:41:40 - [TEST_STEP][PASSED] - setText(findTestObject("Object Repository/Page_HCMUS Log in to the site/input_Username_username"), "admin"): Text 'admin' is set on object 'Object Repository/Page_HCMUS Log in to the site/input_Username_username'

2022-01-14 22:41:41 - [MESSAGE][PASSED] - Text 'admin' is set on object 'Object Repository/Page_HCMUS Log in to the site/input_Username_username'

2022-01-14 22:41:41 - [TEST_STEP][PASSED] - setEncryptedText(findTestObject("Object Repository/Page_HCMUS Log in to the site/input_Password_password"), "5MU2PI2jvJCK/lBTYOwt6g=="): Text ****** has been set on object 'Object Repository/Page_HCMUS Log in to the site/input_Password_password'

2022-01-14 22:41:41 - [MESSAGE][PASSED] - Text ****** has been set on object 'Object Repository/Page_HCMUS Log in to the site/input_Password_password'

2022-01-14 22:41:41 - [TEST_STEP][PASSED] - click(findTestObject("Object Repository/Page_HCMUS Log in to the site/button_Log in")): Object: 'Object Repository/Page_HCMUS Log in to the site/button_Log in' is clicked on

2022-01-14 22:41:42 - [MESSAGE][PASSED] - Object: 'Object Repository/Page_HCMUS Log in to the site/button_Log in' is clicked on

2022-01-14 22:41:42 - [TEST_STEP][PASSED] - click(findTestObject("Object Repository/Page_Dashboard/span_Site administration")): Object: 'Object Repository/Page_Dashboard/span_Site administration' is clicked on

2022-01-14 22:41:44 - [MESSAGE][PASSED] - Object: 'Object Repository/Page_Dashboard/span_Site administration' is clicked on

2022-01-14 22:41:44 - [TEST_STEP][PASSED] - click(findTestObject("Object Repository/Page_KHTN Administration Search/a_Users")): Object: 'Object Repository/Page_KHTN Administration Search/a_Users' is clicked on

2022-01-14 22:41:45 - [MESSAGE][PASSED] - Object: 'Object Repository/Page_KHTN Administration Search/a_Users' is clicked on

2022-01-14 22:41:45 - [TEST_STEP][PASSED] - click(findTestObject("Object Repository/Page_KHTN Administration Search/a_Add a new user")): Object: 'Object Repository/Page_KHTN Administration Search/a_Add a new user' is clicked on

2022-01-14 22:41:46 - [MESSAGE][PASSED] - Object: 'Object Repository/Page_KHTN Administration Search/a_Add a new user' is clicked on

2022-01-14 22:41:46 - [TEST_STEP][PASSED] - setText(findTestObject("Object Repository/Page_KHTN Administration Users Accounts Add_aad8ed/input_Username_username"), username): Text 'student10' is set on object 'Object Repository/Page_KHTN Administration Users Accounts Add_aad8ed/input_Username_username'

2022-01-14 22:41:47 - [MESSAGE][PASSED] - Text 'student10' is set on object 'Object Repository/Page_KHTN Administration Users Accounts Add_aad8ed/input_Username_username'

2022-01-14 22:41:47 - [TEST_STEP][PASSED] - click(findTestObject("Object Repository/Page_KHTN Administration Users Accounts Add_aad8ed/em_Click to enter text")): Object: 'Object Repository/Page_KHTN Administration Users Accounts Add_aad8ed/em_Click to enter text' is clicked on

2022-01-14 22:41:48 - [MESSAGE][PASSED] - Object: 'Object Repository/Page_KHTN Administration Users Accounts Add_aad8ed/em_Click to enter text' is clicked on

2022-01-14 22:41:48 - [TEST_STEP][PASSED] - setText(findTestObject("Object Repository/Page_KHTN Administration Users Accounts Add_aad8ed/input_New password_newpassword"), password): Text 'Mstudent10#' is set on object 'Object Repository/Page_KHTN Administration Users Accounts Add_aad8ed/input_New password_newpassword'

2022-01-14 22:41:48 - [MESSAGE][PASSED] - Text 'Mstudent10#' is set on object 'Object Repository/Page_KHTN Administration Users Accounts Add_aad8ed/input_New password_newpassword'

2022-01-14 22:41:48 - [TEST_STEP][PASSED] - setText(findTestObject("Object Repository/Page_KHTN Administration Users Accounts Add_aad8ed/input_First name_firstname"), firstname): Text 'Student' is set on object 'Object Repository/Page_KHTN Administration Users Accounts Add_aad8ed/input_First name_firstname'

2022-01-14 22:41:49 - [MESSAGE][PASSED] - Text 'Student' is set on object 'Object Repository/Page_KHTN Administration Users Accounts Add_aad8ed/input_First name_firstname'

2022-01-14 22:41:49 - [TEST_STEP][PASSED] - click(findTestObject("Object Repository/Page_KHTN Administration Users Accounts Add_aad8ed/div_Username                               _ccea4b")): Object: 'Object Repository/Page_KHTN Administration Users Accounts Add_aad8ed/div_Username                               _ccea4b' is clicked on

2022-01-14 22:41:50 - [MESSAGE][PASSED] - Object: 'Object Repository/Page_KHTN Administration Users Accounts Add_aad8ed/div_Username                               _ccea4b' is clicked on

2022-01-14 22:41:50 - [TEST_STEP][PASSED] - setText(findTestObject("Object Repository/Page_KHTN Administration Users Accounts Add_aad8ed/input_Surname_lastname"), lastname): Text 'Kessler' is set on object 'Object Repository/Page_KHTN Administration Users Accounts Add_aad8ed/input_Surname_lastname'

2022-01-14 22:41:50 - [MESSAGE][PASSED] - Text 'Kessler' is set on object 'Object Repository/Page_KHTN Administration Users Accounts Add_aad8ed/input_Surname_lastname'

2022-01-14 22:41:50 - [TEST_STEP][PASSED] - setText(findTestObject("Object Repository/Page_KHTN Administration Users Accounts Add_aad8ed/input_Email address_email"), email): Text 's10@example.com' is set on object 'Object Repository/Page_KHTN Administration Users Accounts Add_aad8ed/input_Email address_email'

2022-01-14 22:41:51 - [MESSAGE][PASSED] - Text 's10@example.com' is set on object 'Object Repository/Page_KHTN Administration Users Accounts Add_aad8ed/input_Email address_email'

2022-01-14 22:41:51 - [TEST_STEP][PASSED] - click(findTestObject("Object Repository/Page_KHTN Administration Users Accounts Add_aad8ed/input_Address_submitbutton")): Object: 'Object Repository/Page_KHTN Administration Users Accounts Add_aad8ed/input_Address_submitbutton' is clicked on

2022-01-14 22:41:52 - [MESSAGE][PASSED] - Object: 'Object Repository/Page_KHTN Administration Users Accounts Add_aad8ed/input_Address_submitbutton' is clicked on

2022-01-14 22:41:52 - [TEST_STEP][PASSED] - verifyElementVisible(findTestObject("Object Repository/Page_KHTN Administration Users Accounts Bro_45ce40/div_Changes saved")): Object 'Object Repository/Page_KHTN Administration Users Accounts Bro_45ce40/div_Changes saved' is visible

2022-01-14 22:41:59 - [MESSAGE][INFO] - Unable to find the element located by 'By.xpath: //span[@id='user-notifications']/div'. Please recheck the objects properties to make sure the desired element is located. 

2022-01-14 22:41:59 - [MESSAGE][WARNING] - [SELF-HEALING] Failed to find element with id 'Object Repository/Page_KHTN Administration Users Accounts Bro_45ce40/div_Changes saved'. Try using Self-healing.

2022-01-14 22:41:59 - [MESSAGE][WARNING] - [SELF-HEALING] The current locator of test object 'Object Repository/Page_KHTN Administration Users Accounts Bro_45ce40/div_Changes saved' was broken. Propose an alternative one: '(.//*[normalize-space(text()) and normalize-space(.)='Blocks editing on'])[1]/following::div[4]'.

2022-01-14 22:41:59 - [MESSAGE][PASSED] - Object 'Object Repository/Page_KHTN Administration Users Accounts Bro_45ce40/div_Changes saved' is visible

2022-01-14 22:41:59 - [TEST_STEP][PASSED] - verifyElementVisible(findTestObject("Object Repository/Page_KHTN Administration Users Accounts Bro_45ce40/td_s1example.com")): Object 'Object Repository/Page_KHTN Administration Users Accounts Bro_45ce40/td_s1example.com' is visible

2022-01-14 22:41:59 - [MESSAGE][PASSED] - Object 'Object Repository/Page_KHTN Administration Users Accounts Bro_45ce40/td_s1example.com' is visible

2022-01-14 22:41:59 - [TEST_STEP][PASSED] - click(findTestObject("Object Repository/Page_KHTN Administration Users Accounts Bro_45ce40/a_Admin User")): Object: 'Object Repository/Page_KHTN Administration Users Accounts Bro_45ce40/a_Admin User' is clicked on

2022-01-14 22:41:59 - [MESSAGE][PASSED] - Object: 'Object Repository/Page_KHTN Administration Users Accounts Bro_45ce40/a_Admin User' is clicked on

2022-01-14 22:41:59 - [TEST_STEP][PASSED] - click(findTestObject("Object Repository/Page_KHTN Administration Users Accounts Bro_45ce40/span_Log out")): Object: 'Object Repository/Page_KHTN Administration Users Accounts Bro_45ce40/span_Log out' is clicked on

2022-01-14 22:42:00 - [MESSAGE][PASSED] - Object: 'Object Repository/Page_KHTN Administration Users Accounts Bro_45ce40/span_Log out' is clicked on

2022-01-14 22:42:00 - [TEST_STEP][PASSED] - click(findTestObject("Object Repository/Page_HCMUS/a_Log in")): Object: 'Object Repository/Page_HCMUS/a_Log in' is clicked on

2022-01-14 22:42:01 - [MESSAGE][PASSED] - Object: 'Object Repository/Page_HCMUS/a_Log in' is clicked on

2022-01-14 22:42:01 - [TEST_STEP][PASSED] - setText(findTestObject("Object Repository/Page_HCMUS Log in to the site/input_Username_username"), username): Text 'student10' is set on object 'Object Repository/Page_HCMUS Log in to the site/input_Username_username'

2022-01-14 22:42:02 - [MESSAGE][PASSED] - Text 'student10' is set on object 'Object Repository/Page_HCMUS Log in to the site/input_Username_username'

2022-01-14 22:42:02 - [TEST_STEP][PASSED] - setText(findTestObject("Object Repository/Page_HCMUS Log in to the site/input_Password_password"), password): Text 'Mstudent10#' is set on object 'Object Repository/Page_HCMUS Log in to the site/input_Password_password'

2022-01-14 22:42:02 - [MESSAGE][PASSED] - Text 'Mstudent10#' is set on object 'Object Repository/Page_HCMUS Log in to the site/input_Password_password'

2022-01-14 22:42:02 - [TEST_STEP][PASSED] - click(findTestObject("Object Repository/Page_HCMUS Log in to the site/button_Log in")): Object: 'Object Repository/Page_HCMUS Log in to the site/button_Log in' is clicked on

2022-01-14 22:42:03 - [MESSAGE][PASSED] - Object: 'Object Repository/Page_HCMUS Log in to the site/button_Log in' is clicked on

2022-01-14 22:42:03 - [TEST_STEP][PASSED] - verifyElementVisible(findTestObject("Object Repository/Page_Dashboard/span_Student Waldrop")): Object 'Object Repository/Page_Dashboard/span_Student Waldrop' is visible

2022-01-14 22:42:05 - [MESSAGE][PASSED] - Object 'Object Repository/Page_Dashboard/span_Student Waldrop' is visible

2022-01-14 22:42:05 - [TEST_STEP][PASSED] - closeBrowser(): Browser is closed

2022-01-14 22:42:05 - [MESSAGE][PASSED] - Browser is closed]]></system-out>
         <system-err><![CDATA[]]></system-err>
      </testcase>
      <testcase name="Test Cases/7_tạo tài khoản user chính xác" time="27.586" classname="Test Cases/7_tạo tài khoản user chính xác" status="PASSED">
         <system-out><![CDATA[2022-01-14 22:42:05 - [TEST_CASE][PASSED] - Test Cases/7_tạo tài khoản user chính xác: Test Cases/7_tạo tài khoản user chính xác

2022-01-14 22:42:05 - [TEST_STEP][PASSED] - openBrowser(""): Browser is opened with url: ''

2022-01-14 22:42:05 - [MESSAGE][INFO] - Starting 'Chrome' driver

2022-01-14 22:42:05 - [MESSAGE][INFO] - Action delay is set to 0 milliseconds

2022-01-14 22:42:06 - [MESSAGE][PASSED] - Browser is opened with url: ''

2022-01-14 22:42:06 - [TEST_STEP][PASSED] - navigateToUrl("http://localhost/"): Navigate to 'http://localhost/' successfully

2022-01-14 22:42:07 - [MESSAGE][PASSED] - Navigate to 'http://localhost/' successfully

2022-01-14 22:42:07 - [TEST_STEP][PASSED] - click(findTestObject("Object Repository/Page_HCMUS/a_Log in")): Object: 'Object Repository/Page_HCMUS/a_Log in' is clicked on

2022-01-14 22:42:07 - [MESSAGE][PASSED] - Object: 'Object Repository/Page_HCMUS/a_Log in' is clicked on

2022-01-14 22:42:07 - [TEST_STEP][PASSED] - setText(findTestObject("Object Repository/Page_HCMUS Log in to the site/input_Username_username"), "admin"): Text 'admin' is set on object 'Object Repository/Page_HCMUS Log in to the site/input_Username_username'

2022-01-14 22:42:08 - [MESSAGE][PASSED] - Text 'admin' is set on object 'Object Repository/Page_HCMUS Log in to the site/input_Username_username'

2022-01-14 22:42:08 - [TEST_STEP][PASSED] - setEncryptedText(findTestObject("Object Repository/Page_HCMUS Log in to the site/input_Password_password"), "5MU2PI2jvJCK/lBTYOwt6g=="): Text ****** has been set on object 'Object Repository/Page_HCMUS Log in to the site/input_Password_password'

2022-01-14 22:42:09 - [MESSAGE][PASSED] - Text ****** has been set on object 'Object Repository/Page_HCMUS Log in to the site/input_Password_password'

2022-01-14 22:42:09 - [TEST_STEP][PASSED] - click(findTestObject("Object Repository/Page_HCMUS Log in to the site/button_Log in")): Object: 'Object Repository/Page_HCMUS Log in to the site/button_Log in' is clicked on

2022-01-14 22:42:10 - [MESSAGE][PASSED] - Object: 'Object Repository/Page_HCMUS Log in to the site/button_Log in' is clicked on

2022-01-14 22:42:10 - [TEST_STEP][PASSED] - click(findTestObject("Object Repository/Page_Dashboard/span_Site administration")): Object: 'Object Repository/Page_Dashboard/span_Site administration' is clicked on

2022-01-14 22:42:12 - [MESSAGE][PASSED] - Object: 'Object Repository/Page_Dashboard/span_Site administration' is clicked on

2022-01-14 22:42:12 - [TEST_STEP][PASSED] - click(findTestObject("Object Repository/Page_KHTN Administration Search/a_Users")): Object: 'Object Repository/Page_KHTN Administration Search/a_Users' is clicked on

2022-01-14 22:42:12 - [MESSAGE][PASSED] - Object: 'Object Repository/Page_KHTN Administration Search/a_Users' is clicked on

2022-01-14 22:42:12 - [TEST_STEP][PASSED] - click(findTestObject("Object Repository/Page_KHTN Administration Search/a_Add a new user")): Object: 'Object Repository/Page_KHTN Administration Search/a_Add a new user' is clicked on

2022-01-14 22:42:13 - [MESSAGE][PASSED] - Object: 'Object Repository/Page_KHTN Administration Search/a_Add a new user' is clicked on

2022-01-14 22:42:13 - [TEST_STEP][PASSED] - setText(findTestObject("Object Repository/Page_KHTN Administration Users Accounts Add_aad8ed/input_Username_username"), username): Text 'teacher1' is set on object 'Object Repository/Page_KHTN Administration Users Accounts Add_aad8ed/input_Username_username'

2022-01-14 22:42:15 - [MESSAGE][PASSED] - Text 'teacher1' is set on object 'Object Repository/Page_KHTN Administration Users Accounts Add_aad8ed/input_Username_username'

2022-01-14 22:42:15 - [TEST_STEP][PASSED] - click(findTestObject("Object Repository/Page_KHTN Administration Users Accounts Add_aad8ed/em_Click to enter text")): Object: 'Object Repository/Page_KHTN Administration Users Accounts Add_aad8ed/em_Click to enter text' is clicked on

2022-01-14 22:42:15 - [MESSAGE][PASSED] - Object: 'Object Repository/Page_KHTN Administration Users Accounts Add_aad8ed/em_Click to enter text' is clicked on

2022-01-14 22:42:15 - [TEST_STEP][PASSED] - setText(findTestObject("Object Repository/Page_KHTN Administration Users Accounts Add_aad8ed/input_New password_newpassword"), password): Text 'Mteacher1#' is set on object 'Object Repository/Page_KHTN Administration Users Accounts Add_aad8ed/input_New password_newpassword'

2022-01-14 22:42:16 - [MESSAGE][PASSED] - Text 'Mteacher1#' is set on object 'Object Repository/Page_KHTN Administration Users Accounts Add_aad8ed/input_New password_newpassword'

2022-01-14 22:42:16 - [TEST_STEP][PASSED] - setText(findTestObject("Object Repository/Page_KHTN Administration Users Accounts Add_aad8ed/input_First name_firstname"), firstname): Text 'Teacher' is set on object 'Object Repository/Page_KHTN Administration Users Accounts Add_aad8ed/input_First name_firstname'

2022-01-14 22:42:17 - [MESSAGE][PASSED] - Text 'Teacher' is set on object 'Object Repository/Page_KHTN Administration Users Accounts Add_aad8ed/input_First name_firstname'

2022-01-14 22:42:17 - [TEST_STEP][PASSED] - click(findTestObject("Object Repository/Page_KHTN Administration Users Accounts Add_aad8ed/div_Username                               _ccea4b")): Object: 'Object Repository/Page_KHTN Administration Users Accounts Add_aad8ed/div_Username                               _ccea4b' is clicked on

2022-01-14 22:42:17 - [MESSAGE][PASSED] - Object: 'Object Repository/Page_KHTN Administration Users Accounts Add_aad8ed/div_Username                               _ccea4b' is clicked on

2022-01-14 22:42:17 - [TEST_STEP][PASSED] - setText(findTestObject("Object Repository/Page_KHTN Administration Users Accounts Add_aad8ed/input_Surname_lastname"), lastname): Text 'Hubbard' is set on object 'Object Repository/Page_KHTN Administration Users Accounts Add_aad8ed/input_Surname_lastname'

2022-01-14 22:42:18 - [MESSAGE][PASSED] - Text 'Hubbard' is set on object 'Object Repository/Page_KHTN Administration Users Accounts Add_aad8ed/input_Surname_lastname'

2022-01-14 22:42:18 - [TEST_STEP][PASSED] - setText(findTestObject("Object Repository/Page_KHTN Administration Users Accounts Add_aad8ed/input_Email address_email"), email): Text 't1@example.com' is set on object 'Object Repository/Page_KHTN Administration Users Accounts Add_aad8ed/input_Email address_email'

2022-01-14 22:42:18 - [MESSAGE][PASSED] - Text 't1@example.com' is set on object 'Object Repository/Page_KHTN Administration Users Accounts Add_aad8ed/input_Email address_email'

2022-01-14 22:42:18 - [TEST_STEP][PASSED] - click(findTestObject("Object Repository/Page_KHTN Administration Users Accounts Add_aad8ed/input_Address_submitbutton")): Object: 'Object Repository/Page_KHTN Administration Users Accounts Add_aad8ed/input_Address_submitbutton' is clicked on

2022-01-14 22:42:20 - [MESSAGE][PASSED] - Object: 'Object Repository/Page_KHTN Administration Users Accounts Add_aad8ed/input_Address_submitbutton' is clicked on

2022-01-14 22:42:20 - [TEST_STEP][PASSED] - verifyElementVisible(findTestObject("Object Repository/Page_KHTN Administration Users Accounts Bro_45ce40/div_Changes saved")): Object 'Object Repository/Page_KHTN Administration Users Accounts Bro_45ce40/div_Changes saved' is visible

2022-01-14 22:42:26 - [MESSAGE][INFO] - Unable to find the element located by 'By.xpath: //span[@id='user-notifications']/div'. Please recheck the objects properties to make sure the desired element is located. 

2022-01-14 22:42:26 - [MESSAGE][WARNING] - [SELF-HEALING] Failed to find element with id 'Object Repository/Page_KHTN Administration Users Accounts Bro_45ce40/div_Changes saved'. Try using Self-healing.

2022-01-14 22:42:26 - [MESSAGE][WARNING] - [SELF-HEALING] The current locator of test object 'Object Repository/Page_KHTN Administration Users Accounts Bro_45ce40/div_Changes saved' was broken. Propose an alternative one: '(.//*[normalize-space(text()) and normalize-space(.)='Blocks editing on'])[1]/following::div[4]'.

2022-01-14 22:42:26 - [MESSAGE][PASSED] - Object 'Object Repository/Page_KHTN Administration Users Accounts Bro_45ce40/div_Changes saved' is visible

2022-01-14 22:42:26 - [TEST_STEP][PASSED] - verifyElementVisible(findTestObject("Object Repository/Page_KHTN Administration Users Accounts Bro_45ce40/td_s1example.com")): Object 'Object Repository/Page_KHTN Administration Users Accounts Bro_45ce40/td_s1example.com' is visible

2022-01-14 22:42:27 - [MESSAGE][PASSED] - Object 'Object Repository/Page_KHTN Administration Users Accounts Bro_45ce40/td_s1example.com' is visible

2022-01-14 22:42:27 - [TEST_STEP][PASSED] - click(findTestObject("Object Repository/Page_KHTN Administration Users Accounts Bro_45ce40/a_Admin User")): Object: 'Object Repository/Page_KHTN Administration Users Accounts Bro_45ce40/a_Admin User' is clicked on

2022-01-14 22:42:27 - [MESSAGE][PASSED] - Object: 'Object Repository/Page_KHTN Administration Users Accounts Bro_45ce40/a_Admin User' is clicked on

2022-01-14 22:42:27 - [TEST_STEP][PASSED] - click(findTestObject("Object Repository/Page_KHTN Administration Users Accounts Bro_45ce40/span_Log out")): Object: 'Object Repository/Page_KHTN Administration Users Accounts Bro_45ce40/span_Log out' is clicked on

2022-01-14 22:42:28 - [MESSAGE][PASSED] - Object: 'Object Repository/Page_KHTN Administration Users Accounts Bro_45ce40/span_Log out' is clicked on

2022-01-14 22:42:28 - [TEST_STEP][PASSED] - click(findTestObject("Object Repository/Page_HCMUS/a_Log in")): Object: 'Object Repository/Page_HCMUS/a_Log in' is clicked on

2022-01-14 22:42:29 - [MESSAGE][PASSED] - Object: 'Object Repository/Page_HCMUS/a_Log in' is clicked on

2022-01-14 22:42:29 - [TEST_STEP][PASSED] - setText(findTestObject("Object Repository/Page_HCMUS Log in to the site/input_Username_username"), username): Text 'teacher1' is set on object 'Object Repository/Page_HCMUS Log in to the site/input_Username_username'

2022-01-14 22:42:29 - [MESSAGE][PASSED] - Text 'teacher1' is set on object 'Object Repository/Page_HCMUS Log in to the site/input_Username_username'

2022-01-14 22:42:29 - [TEST_STEP][PASSED] - setText(findTestObject("Object Repository/Page_HCMUS Log in to the site/input_Password_password"), password): Text 'Mteacher1#' is set on object 'Object Repository/Page_HCMUS Log in to the site/input_Password_password'

2022-01-14 22:42:30 - [MESSAGE][PASSED] - Text 'Mteacher1#' is set on object 'Object Repository/Page_HCMUS Log in to the site/input_Password_password'

2022-01-14 22:42:30 - [TEST_STEP][PASSED] - click(findTestObject("Object Repository/Page_HCMUS Log in to the site/button_Log in")): Object: 'Object Repository/Page_HCMUS Log in to the site/button_Log in' is clicked on

2022-01-14 22:42:31 - [MESSAGE][PASSED] - Object: 'Object Repository/Page_HCMUS Log in to the site/button_Log in' is clicked on

2022-01-14 22:42:31 - [TEST_STEP][PASSED] - verifyElementVisible(findTestObject("Object Repository/Page_Dashboard/span_Student Waldrop")): Object 'Object Repository/Page_Dashboard/span_Student Waldrop' is visible

2022-01-14 22:42:32 - [MESSAGE][PASSED] - Object 'Object Repository/Page_Dashboard/span_Student Waldrop' is visible

2022-01-14 22:42:32 - [TEST_STEP][PASSED] - closeBrowser(): Browser is closed

2022-01-14 22:42:33 - [MESSAGE][PASSED] - Browser is closed]]></system-out>
         <system-err><![CDATA[]]></system-err>
      </testcase>
      <testcase name="Test Cases/7_tạo tài khoản user chính xác" time="27.644" classname="Test Cases/7_tạo tài khoản user chính xác" status="PASSED">
         <system-out><![CDATA[2022-01-14 22:42:33 - [TEST_CASE][PASSED] - Test Cases/7_tạo tài khoản user chính xác: Test Cases/7_tạo tài khoản user chính xác

2022-01-14 22:42:33 - [TEST_STEP][PASSED] - openBrowser(""): Browser is opened with url: ''

2022-01-14 22:42:33 - [MESSAGE][INFO] - Starting 'Chrome' driver

2022-01-14 22:42:33 - [MESSAGE][INFO] - Action delay is set to 0 milliseconds

2022-01-14 22:42:34 - [MESSAGE][PASSED] - Browser is opened with url: ''

2022-01-14 22:42:34 - [TEST_STEP][PASSED] - navigateToUrl("http://localhost/"): Navigate to 'http://localhost/' successfully

2022-01-14 22:42:34 - [MESSAGE][PASSED] - Navigate to 'http://localhost/' successfully

2022-01-14 22:42:34 - [TEST_STEP][PASSED] - click(findTestObject("Object Repository/Page_HCMUS/a_Log in")): Object: 'Object Repository/Page_HCMUS/a_Log in' is clicked on

2022-01-14 22:42:35 - [MESSAGE][PASSED] - Object: 'Object Repository/Page_HCMUS/a_Log in' is clicked on

2022-01-14 22:42:35 - [TEST_STEP][PASSED] - setText(findTestObject("Object Repository/Page_HCMUS Log in to the site/input_Username_username"), "admin"): Text 'admin' is set on object 'Object Repository/Page_HCMUS Log in to the site/input_Username_username'

2022-01-14 22:42:36 - [MESSAGE][PASSED] - Text 'admin' is set on object 'Object Repository/Page_HCMUS Log in to the site/input_Username_username'

2022-01-14 22:42:36 - [TEST_STEP][PASSED] - setEncryptedText(findTestObject("Object Repository/Page_HCMUS Log in to the site/input_Password_password"), "5MU2PI2jvJCK/lBTYOwt6g=="): Text ****** has been set on object 'Object Repository/Page_HCMUS Log in to the site/input_Password_password'

2022-01-14 22:42:36 - [MESSAGE][PASSED] - Text ****** has been set on object 'Object Repository/Page_HCMUS Log in to the site/input_Password_password'

2022-01-14 22:42:36 - [TEST_STEP][PASSED] - click(findTestObject("Object Repository/Page_HCMUS Log in to the site/button_Log in")): Object: 'Object Repository/Page_HCMUS Log in to the site/button_Log in' is clicked on

2022-01-14 22:42:37 - [MESSAGE][PASSED] - Object: 'Object Repository/Page_HCMUS Log in to the site/button_Log in' is clicked on

2022-01-14 22:42:37 - [TEST_STEP][PASSED] - click(findTestObject("Object Repository/Page_Dashboard/span_Site administration")): Object: 'Object Repository/Page_Dashboard/span_Site administration' is clicked on

2022-01-14 22:42:39 - [MESSAGE][PASSED] - Object: 'Object Repository/Page_Dashboard/span_Site administration' is clicked on

2022-01-14 22:42:39 - [TEST_STEP][PASSED] - click(findTestObject("Object Repository/Page_KHTN Administration Search/a_Users")): Object: 'Object Repository/Page_KHTN Administration Search/a_Users' is clicked on

2022-01-14 22:42:40 - [MESSAGE][PASSED] - Object: 'Object Repository/Page_KHTN Administration Search/a_Users' is clicked on

2022-01-14 22:42:40 - [TEST_STEP][PASSED] - click(findTestObject("Object Repository/Page_KHTN Administration Search/a_Add a new user")): Object: 'Object Repository/Page_KHTN Administration Search/a_Add a new user' is clicked on

2022-01-14 22:42:41 - [MESSAGE][PASSED] - Object: 'Object Repository/Page_KHTN Administration Search/a_Add a new user' is clicked on

2022-01-14 22:42:41 - [TEST_STEP][PASSED] - setText(findTestObject("Object Repository/Page_KHTN Administration Users Accounts Add_aad8ed/input_Username_username"), username): Text 'teacher2' is set on object 'Object Repository/Page_KHTN Administration Users Accounts Add_aad8ed/input_Username_username'

2022-01-14 22:42:42 - [MESSAGE][PASSED] - Text 'teacher2' is set on object 'Object Repository/Page_KHTN Administration Users Accounts Add_aad8ed/input_Username_username'

2022-01-14 22:42:42 - [TEST_STEP][PASSED] - click(findTestObject("Object Repository/Page_KHTN Administration Users Accounts Add_aad8ed/em_Click to enter text")): Object: 'Object Repository/Page_KHTN Administration Users Accounts Add_aad8ed/em_Click to enter text' is clicked on

2022-01-14 22:42:43 - [MESSAGE][PASSED] - Object: 'Object Repository/Page_KHTN Administration Users Accounts Add_aad8ed/em_Click to enter text' is clicked on

2022-01-14 22:42:43 - [TEST_STEP][PASSED] - setText(findTestObject("Object Repository/Page_KHTN Administration Users Accounts Add_aad8ed/input_New password_newpassword"), password): Text 'Mteacher2#' is set on object 'Object Repository/Page_KHTN Administration Users Accounts Add_aad8ed/input_New password_newpassword'

2022-01-14 22:42:44 - [MESSAGE][PASSED] - Text 'Mteacher2#' is set on object 'Object Repository/Page_KHTN Administration Users Accounts Add_aad8ed/input_New password_newpassword'

2022-01-14 22:42:44 - [TEST_STEP][PASSED] - setText(findTestObject("Object Repository/Page_KHTN Administration Users Accounts Add_aad8ed/input_First name_firstname"), firstname): Text 'Teacher' is set on object 'Object Repository/Page_KHTN Administration Users Accounts Add_aad8ed/input_First name_firstname'

2022-01-14 22:42:44 - [MESSAGE][PASSED] - Text 'Teacher' is set on object 'Object Repository/Page_KHTN Administration Users Accounts Add_aad8ed/input_First name_firstname'

2022-01-14 22:42:44 - [TEST_STEP][PASSED] - click(findTestObject("Object Repository/Page_KHTN Administration Users Accounts Add_aad8ed/div_Username                               _ccea4b")): Object: 'Object Repository/Page_KHTN Administration Users Accounts Add_aad8ed/div_Username                               _ccea4b' is clicked on

2022-01-14 22:42:45 - [MESSAGE][PASSED] - Object: 'Object Repository/Page_KHTN Administration Users Accounts Add_aad8ed/div_Username                               _ccea4b' is clicked on

2022-01-14 22:42:45 - [TEST_STEP][PASSED] - setText(findTestObject("Object Repository/Page_KHTN Administration Users Accounts Add_aad8ed/input_Surname_lastname"), lastname): Text 'Morrill' is set on object 'Object Repository/Page_KHTN Administration Users Accounts Add_aad8ed/input_Surname_lastname'

2022-01-14 22:42:45 - [MESSAGE][PASSED] - Text 'Morrill' is set on object 'Object Repository/Page_KHTN Administration Users Accounts Add_aad8ed/input_Surname_lastname'

2022-01-14 22:42:45 - [TEST_STEP][PASSED] - setText(findTestObject("Object Repository/Page_KHTN Administration Users Accounts Add_aad8ed/input_Email address_email"), email): Text 't2@example.com' is set on object 'Object Repository/Page_KHTN Administration Users Accounts Add_aad8ed/input_Email address_email'

2022-01-14 22:42:46 - [MESSAGE][PASSED] - Text 't2@example.com' is set on object 'Object Repository/Page_KHTN Administration Users Accounts Add_aad8ed/input_Email address_email'

2022-01-14 22:42:46 - [TEST_STEP][PASSED] - click(findTestObject("Object Repository/Page_KHTN Administration Users Accounts Add_aad8ed/input_Address_submitbutton")): Object: 'Object Repository/Page_KHTN Administration Users Accounts Add_aad8ed/input_Address_submitbutton' is clicked on

2022-01-14 22:42:48 - [MESSAGE][PASSED] - Object: 'Object Repository/Page_KHTN Administration Users Accounts Add_aad8ed/input_Address_submitbutton' is clicked on

2022-01-14 22:42:48 - [TEST_STEP][PASSED] - verifyElementVisible(findTestObject("Object Repository/Page_KHTN Administration Users Accounts Bro_45ce40/div_Changes saved")): Object 'Object Repository/Page_KHTN Administration Users Accounts Bro_45ce40/div_Changes saved' is visible

2022-01-14 22:42:54 - [MESSAGE][INFO] - Unable to find the element located by 'By.xpath: //span[@id='user-notifications']/div'. Please recheck the objects properties to make sure the desired element is located. 

2022-01-14 22:42:54 - [MESSAGE][WARNING] - [SELF-HEALING] Failed to find element with id 'Object Repository/Page_KHTN Administration Users Accounts Bro_45ce40/div_Changes saved'. Try using Self-healing.

2022-01-14 22:42:54 - [MESSAGE][WARNING] - [SELF-HEALING] The current locator of test object 'Object Repository/Page_KHTN Administration Users Accounts Bro_45ce40/div_Changes saved' was broken. Propose an alternative one: '(.//*[normalize-space(text()) and normalize-space(.)='Blocks editing on'])[1]/following::div[4]'.

2022-01-14 22:42:54 - [MESSAGE][PASSED] - Object 'Object Repository/Page_KHTN Administration Users Accounts Bro_45ce40/div_Changes saved' is visible

2022-01-14 22:42:54 - [TEST_STEP][PASSED] - verifyElementVisible(findTestObject("Object Repository/Page_KHTN Administration Users Accounts Bro_45ce40/td_s1example.com")): Object 'Object Repository/Page_KHTN Administration Users Accounts Bro_45ce40/td_s1example.com' is visible

2022-01-14 22:42:54 - [MESSAGE][PASSED] - Object 'Object Repository/Page_KHTN Administration Users Accounts Bro_45ce40/td_s1example.com' is visible

2022-01-14 22:42:54 - [TEST_STEP][PASSED] - click(findTestObject("Object Repository/Page_KHTN Administration Users Accounts Bro_45ce40/a_Admin User")): Object: 'Object Repository/Page_KHTN Administration Users Accounts Bro_45ce40/a_Admin User' is clicked on

2022-01-14 22:42:55 - [MESSAGE][PASSED] - Object: 'Object Repository/Page_KHTN Administration Users Accounts Bro_45ce40/a_Admin User' is clicked on

2022-01-14 22:42:55 - [TEST_STEP][PASSED] - click(findTestObject("Object Repository/Page_KHTN Administration Users Accounts Bro_45ce40/span_Log out")): Object: 'Object Repository/Page_KHTN Administration Users Accounts Bro_45ce40/span_Log out' is clicked on

2022-01-14 22:42:56 - [MESSAGE][PASSED] - Object: 'Object Repository/Page_KHTN Administration Users Accounts Bro_45ce40/span_Log out' is clicked on

2022-01-14 22:42:56 - [TEST_STEP][PASSED] - click(findTestObject("Object Repository/Page_HCMUS/a_Log in")): Object: 'Object Repository/Page_HCMUS/a_Log in' is clicked on

2022-01-14 22:42:56 - [MESSAGE][PASSED] - Object: 'Object Repository/Page_HCMUS/a_Log in' is clicked on

2022-01-14 22:42:56 - [TEST_STEP][PASSED] - setText(findTestObject("Object Repository/Page_HCMUS Log in to the site/input_Username_username"), username): Text 'teacher2' is set on object 'Object Repository/Page_HCMUS Log in to the site/input_Username_username'

2022-01-14 22:42:57 - [MESSAGE][PASSED] - Text 'teacher2' is set on object 'Object Repository/Page_HCMUS Log in to the site/input_Username_username'

2022-01-14 22:42:57 - [TEST_STEP][PASSED] - setText(findTestObject("Object Repository/Page_HCMUS Log in to the site/input_Password_password"), password): Text 'Mteacher2#' is set on object 'Object Repository/Page_HCMUS Log in to the site/input_Password_password'

2022-01-14 22:42:58 - [MESSAGE][PASSED] - Text 'Mteacher2#' is set on object 'Object Repository/Page_HCMUS Log in to the site/input_Password_password'

2022-01-14 22:42:58 - [TEST_STEP][PASSED] - click(findTestObject("Object Repository/Page_HCMUS Log in to the site/button_Log in")): Object: 'Object Repository/Page_HCMUS Log in to the site/button_Log in' is clicked on

2022-01-14 22:42:58 - [MESSAGE][PASSED] - Object: 'Object Repository/Page_HCMUS Log in to the site/button_Log in' is clicked on

2022-01-14 22:42:58 - [TEST_STEP][PASSED] - verifyElementVisible(findTestObject("Object Repository/Page_Dashboard/span_Student Waldrop")): Object 'Object Repository/Page_Dashboard/span_Student Waldrop' is visible

2022-01-14 22:43:00 - [MESSAGE][PASSED] - Object 'Object Repository/Page_Dashboard/span_Student Waldrop' is visible

2022-01-14 22:43:00 - [TEST_STEP][PASSED] - closeBrowser(): Browser is closed

2022-01-14 22:43:00 - [MESSAGE][PASSED] - Browser is closed]]></system-out>
         <system-err><![CDATA[]]></system-err>
      </testcase>
      <testcase name="Test Cases/7_tạo tài khoản user chính xác" time="27.923" classname="Test Cases/7_tạo tài khoản user chính xác" status="PASSED">
         <system-out><![CDATA[2022-01-14 22:43:01 - [TEST_CASE][PASSED] - Test Cases/7_tạo tài khoản user chính xác: Test Cases/7_tạo tài khoản user chính xác

2022-01-14 22:43:01 - [TEST_STEP][PASSED] - openBrowser(""): Browser is opened with url: ''

2022-01-14 22:43:01 - [MESSAGE][INFO] - Starting 'Chrome' driver

2022-01-14 22:43:01 - [MESSAGE][INFO] - Action delay is set to 0 milliseconds

2022-01-14 22:43:02 - [MESSAGE][PASSED] - Browser is opened with url: ''

2022-01-14 22:43:02 - [TEST_STEP][PASSED] - navigateToUrl("http://localhost/"): Navigate to 'http://localhost/' successfully

2022-01-14 22:43:02 - [MESSAGE][PASSED] - Navigate to 'http://localhost/' successfully

2022-01-14 22:43:02 - [TEST_STEP][PASSED] - click(findTestObject("Object Repository/Page_HCMUS/a_Log in")): Object: 'Object Repository/Page_HCMUS/a_Log in' is clicked on

2022-01-14 22:43:03 - [MESSAGE][PASSED] - Object: 'Object Repository/Page_HCMUS/a_Log in' is clicked on

2022-01-14 22:43:03 - [TEST_STEP][PASSED] - setText(findTestObject("Object Repository/Page_HCMUS Log in to the site/input_Username_username"), "admin"): Text 'admin' is set on object 'Object Repository/Page_HCMUS Log in to the site/input_Username_username'

2022-01-14 22:43:04 - [MESSAGE][PASSED] - Text 'admin' is set on object 'Object Repository/Page_HCMUS Log in to the site/input_Username_username'

2022-01-14 22:43:04 - [TEST_STEP][PASSED] - setEncryptedText(findTestObject("Object Repository/Page_HCMUS Log in to the site/input_Password_password"), "5MU2PI2jvJCK/lBTYOwt6g=="): Text ****** has been set on object 'Object Repository/Page_HCMUS Log in to the site/input_Password_password'

2022-01-14 22:43:04 - [MESSAGE][PASSED] - Text ****** has been set on object 'Object Repository/Page_HCMUS Log in to the site/input_Password_password'

2022-01-14 22:43:04 - [TEST_STEP][PASSED] - click(findTestObject("Object Repository/Page_HCMUS Log in to the site/button_Log in")): Object: 'Object Repository/Page_HCMUS Log in to the site/button_Log in' is clicked on

2022-01-14 22:43:05 - [MESSAGE][PASSED] - Object: 'Object Repository/Page_HCMUS Log in to the site/button_Log in' is clicked on

2022-01-14 22:43:05 - [TEST_STEP][PASSED] - click(findTestObject("Object Repository/Page_Dashboard/span_Site administration")): Object: 'Object Repository/Page_Dashboard/span_Site administration' is clicked on

2022-01-14 22:43:07 - [MESSAGE][PASSED] - Object: 'Object Repository/Page_Dashboard/span_Site administration' is clicked on

2022-01-14 22:43:07 - [TEST_STEP][PASSED] - click(findTestObject("Object Repository/Page_KHTN Administration Search/a_Users")): Object: 'Object Repository/Page_KHTN Administration Search/a_Users' is clicked on

2022-01-14 22:43:08 - [MESSAGE][PASSED] - Object: 'Object Repository/Page_KHTN Administration Search/a_Users' is clicked on

2022-01-14 22:43:08 - [TEST_STEP][PASSED] - click(findTestObject("Object Repository/Page_KHTN Administration Search/a_Add a new user")): Object: 'Object Repository/Page_KHTN Administration Search/a_Add a new user' is clicked on

2022-01-14 22:43:09 - [MESSAGE][PASSED] - Object: 'Object Repository/Page_KHTN Administration Search/a_Add a new user' is clicked on

2022-01-14 22:43:09 - [TEST_STEP][PASSED] - setText(findTestObject("Object Repository/Page_KHTN Administration Users Accounts Add_aad8ed/input_Username_username"), username): Text 'teacher3' is set on object 'Object Repository/Page_KHTN Administration Users Accounts Add_aad8ed/input_Username_username'

2022-01-14 22:43:10 - [MESSAGE][PASSED] - Text 'teacher3' is set on object 'Object Repository/Page_KHTN Administration Users Accounts Add_aad8ed/input_Username_username'

2022-01-14 22:43:10 - [TEST_STEP][PASSED] - click(findTestObject("Object Repository/Page_KHTN Administration Users Accounts Add_aad8ed/em_Click to enter text")): Object: 'Object Repository/Page_KHTN Administration Users Accounts Add_aad8ed/em_Click to enter text' is clicked on

2022-01-14 22:43:11 - [MESSAGE][PASSED] - Object: 'Object Repository/Page_KHTN Administration Users Accounts Add_aad8ed/em_Click to enter text' is clicked on

2022-01-14 22:43:11 - [TEST_STEP][PASSED] - setText(findTestObject("Object Repository/Page_KHTN Administration Users Accounts Add_aad8ed/input_New password_newpassword"), password): Text 'Mteacher3#' is set on object 'Object Repository/Page_KHTN Administration Users Accounts Add_aad8ed/input_New password_newpassword'

2022-01-14 22:43:11 - [MESSAGE][PASSED] - Text 'Mteacher3#' is set on object 'Object Repository/Page_KHTN Administration Users Accounts Add_aad8ed/input_New password_newpassword'

2022-01-14 22:43:11 - [TEST_STEP][PASSED] - setText(findTestObject("Object Repository/Page_KHTN Administration Users Accounts Add_aad8ed/input_First name_firstname"), firstname): Text 'Teacher' is set on object 'Object Repository/Page_KHTN Administration Users Accounts Add_aad8ed/input_First name_firstname'

2022-01-14 22:43:12 - [MESSAGE][PASSED] - Text 'Teacher' is set on object 'Object Repository/Page_KHTN Administration Users Accounts Add_aad8ed/input_First name_firstname'

2022-01-14 22:43:12 - [TEST_STEP][PASSED] - click(findTestObject("Object Repository/Page_KHTN Administration Users Accounts Add_aad8ed/div_Username                               _ccea4b")): Object: 'Object Repository/Page_KHTN Administration Users Accounts Add_aad8ed/div_Username                               _ccea4b' is clicked on

2022-01-14 22:43:13 - [MESSAGE][PASSED] - Object: 'Object Repository/Page_KHTN Administration Users Accounts Add_aad8ed/div_Username                               _ccea4b' is clicked on

2022-01-14 22:43:13 - [TEST_STEP][PASSED] - setText(findTestObject("Object Repository/Page_KHTN Administration Users Accounts Add_aad8ed/input_Surname_lastname"), lastname): Text 'Quarles' is set on object 'Object Repository/Page_KHTN Administration Users Accounts Add_aad8ed/input_Surname_lastname'

2022-01-14 22:43:13 - [MESSAGE][PASSED] - Text 'Quarles' is set on object 'Object Repository/Page_KHTN Administration Users Accounts Add_aad8ed/input_Surname_lastname'

2022-01-14 22:43:13 - [TEST_STEP][PASSED] - setText(findTestObject("Object Repository/Page_KHTN Administration Users Accounts Add_aad8ed/input_Email address_email"), email): Text 't3@example.com' is set on object 'Object Repository/Page_KHTN Administration Users Accounts Add_aad8ed/input_Email address_email'

2022-01-14 22:43:14 - [MESSAGE][PASSED] - Text 't3@example.com' is set on object 'Object Repository/Page_KHTN Administration Users Accounts Add_aad8ed/input_Email address_email'

2022-01-14 22:43:14 - [TEST_STEP][PASSED] - click(findTestObject("Object Repository/Page_KHTN Administration Users Accounts Add_aad8ed/input_Address_submitbutton")): Object: 'Object Repository/Page_KHTN Administration Users Accounts Add_aad8ed/input_Address_submitbutton' is clicked on

2022-01-14 22:43:16 - [MESSAGE][PASSED] - Object: 'Object Repository/Page_KHTN Administration Users Accounts Add_aad8ed/input_Address_submitbutton' is clicked on

2022-01-14 22:43:16 - [TEST_STEP][PASSED] - verifyElementVisible(findTestObject("Object Repository/Page_KHTN Administration Users Accounts Bro_45ce40/div_Changes saved")): Object 'Object Repository/Page_KHTN Administration Users Accounts Bro_45ce40/div_Changes saved' is visible

2022-01-14 22:43:22 - [MESSAGE][INFO] - Unable to find the element located by 'By.xpath: //span[@id='user-notifications']/div'. Please recheck the objects properties to make sure the desired element is located. 

2022-01-14 22:43:22 - [MESSAGE][WARNING] - [SELF-HEALING] Failed to find element with id 'Object Repository/Page_KHTN Administration Users Accounts Bro_45ce40/div_Changes saved'. Try using Self-healing.

2022-01-14 22:43:22 - [MESSAGE][WARNING] - [SELF-HEALING] The current locator of test object 'Object Repository/Page_KHTN Administration Users Accounts Bro_45ce40/div_Changes saved' was broken. Propose an alternative one: '(.//*[normalize-space(text()) and normalize-space(.)='Blocks editing on'])[1]/following::div[4]'.

2022-01-14 22:43:22 - [MESSAGE][PASSED] - Object 'Object Repository/Page_KHTN Administration Users Accounts Bro_45ce40/div_Changes saved' is visible

2022-01-14 22:43:22 - [TEST_STEP][PASSED] - verifyElementVisible(findTestObject("Object Repository/Page_KHTN Administration Users Accounts Bro_45ce40/td_s1example.com")): Object 'Object Repository/Page_KHTN Administration Users Accounts Bro_45ce40/td_s1example.com' is visible

2022-01-14 22:43:22 - [MESSAGE][PASSED] - Object 'Object Repository/Page_KHTN Administration Users Accounts Bro_45ce40/td_s1example.com' is visible

2022-01-14 22:43:22 - [TEST_STEP][PASSED] - click(findTestObject("Object Repository/Page_KHTN Administration Users Accounts Bro_45ce40/a_Admin User")): Object: 'Object Repository/Page_KHTN Administration Users Accounts Bro_45ce40/a_Admin User' is clicked on

2022-01-14 22:43:23 - [MESSAGE][PASSED] - Object: 'Object Repository/Page_KHTN Administration Users Accounts Bro_45ce40/a_Admin User' is clicked on

2022-01-14 22:43:23 - [TEST_STEP][PASSED] - click(findTestObject("Object Repository/Page_KHTN Administration Users Accounts Bro_45ce40/span_Log out")): Object: 'Object Repository/Page_KHTN Administration Users Accounts Bro_45ce40/span_Log out' is clicked on

2022-01-14 22:43:23 - [MESSAGE][PASSED] - Object: 'Object Repository/Page_KHTN Administration Users Accounts Bro_45ce40/span_Log out' is clicked on

2022-01-14 22:43:23 - [TEST_STEP][PASSED] - click(findTestObject("Object Repository/Page_HCMUS/a_Log in")): Object: 'Object Repository/Page_HCMUS/a_Log in' is clicked on

2022-01-14 22:43:24 - [MESSAGE][PASSED] - Object: 'Object Repository/Page_HCMUS/a_Log in' is clicked on

2022-01-14 22:43:24 - [TEST_STEP][PASSED] - setText(findTestObject("Object Repository/Page_HCMUS Log in to the site/input_Username_username"), username): Text 'teacher3' is set on object 'Object Repository/Page_HCMUS Log in to the site/input_Username_username'

2022-01-14 22:43:25 - [MESSAGE][PASSED] - Text 'teacher3' is set on object 'Object Repository/Page_HCMUS Log in to the site/input_Username_username'

2022-01-14 22:43:25 - [TEST_STEP][PASSED] - setText(findTestObject("Object Repository/Page_HCMUS Log in to the site/input_Password_password"), password): Text 'Mteacher3#' is set on object 'Object Repository/Page_HCMUS Log in to the site/input_Password_password'

2022-01-14 22:43:26 - [MESSAGE][PASSED] - Text 'Mteacher3#' is set on object 'Object Repository/Page_HCMUS Log in to the site/input_Password_password'

2022-01-14 22:43:26 - [TEST_STEP][PASSED] - click(findTestObject("Object Repository/Page_HCMUS Log in to the site/button_Log in")): Object: 'Object Repository/Page_HCMUS Log in to the site/button_Log in' is clicked on

2022-01-14 22:43:27 - [MESSAGE][PASSED] - Object: 'Object Repository/Page_HCMUS Log in to the site/button_Log in' is clicked on

2022-01-14 22:43:27 - [TEST_STEP][PASSED] - verifyElementVisible(findTestObject("Object Repository/Page_Dashboard/span_Student Waldrop")): Object 'Object Repository/Page_Dashboard/span_Student Waldrop' is visible

2022-01-14 22:43:28 - [MESSAGE][PASSED] - Object 'Object Repository/Page_Dashboard/span_Student Waldrop' is visible

2022-01-14 22:43:28 - [TEST_STEP][PASSED] - closeBrowser(): Browser is closed

2022-01-14 22:43:28 - [MESSAGE][PASSED] - Browser is closed]]></system-out>
         <system-err><![CDATA[]]></system-err>
      </testcase>
      <testcase name="Test Cases/8_admin kiểm tra thẻ site administration" time="7.852" classname="Test Cases/8_admin kiểm tra thẻ site administration" status="PASSED">
         <system-out><![CDATA[2022-01-14 22:43:29 - [TEST_CASE][PASSED] - Test Cases/8_admin kiểm tra thẻ site administration: Test Cases/8_admin kiểm tra thẻ site administration

2022-01-14 22:43:29 - [TEST_STEP][PASSED] - openBrowser(""): Browser is opened with url: ''

2022-01-14 22:43:29 - [MESSAGE][INFO] - Starting 'Chrome' driver

2022-01-14 22:43:29 - [MESSAGE][INFO] - Action delay is set to 0 milliseconds

2022-01-14 22:43:30 - [MESSAGE][PASSED] - Browser is opened with url: ''

2022-01-14 22:43:30 - [TEST_STEP][PASSED] - navigateToUrl("http://localhost/"): Navigate to 'http://localhost/' successfully

2022-01-14 22:43:30 - [MESSAGE][PASSED] - Navigate to 'http://localhost/' successfully

2022-01-14 22:43:30 - [TEST_STEP][PASSED] - click(findTestObject("Object Repository/Page_HCMUS/a_Log in")): Object: 'Object Repository/Page_HCMUS/a_Log in' is clicked on

2022-01-14 22:43:31 - [MESSAGE][PASSED] - Object: 'Object Repository/Page_HCMUS/a_Log in' is clicked on

2022-01-14 22:43:31 - [TEST_STEP][PASSED] - setText(findTestObject("Object Repository/Page_HCMUS Log in to the site/input_Username_username"), "admin"): Text 'admin' is set on object 'Object Repository/Page_HCMUS Log in to the site/input_Username_username'

2022-01-14 22:43:32 - [MESSAGE][PASSED] - Text 'admin' is set on object 'Object Repository/Page_HCMUS Log in to the site/input_Username_username'

2022-01-14 22:43:32 - [TEST_STEP][PASSED] - setEncryptedText(findTestObject("Object Repository/Page_HCMUS Log in to the site/input_Password_password"), "5MU2PI2jvJCK/lBTYOwt6g=="): Text ****** has been set on object 'Object Repository/Page_HCMUS Log in to the site/input_Password_password'

2022-01-14 22:43:32 - [MESSAGE][PASSED] - Text ****** has been set on object 'Object Repository/Page_HCMUS Log in to the site/input_Password_password'

2022-01-14 22:43:32 - [TEST_STEP][PASSED] - click(findTestObject("Object Repository/Page_HCMUS Log in to the site/button_Log in")): Object: 'Object Repository/Page_HCMUS Log in to the site/button_Log in' is clicked on

2022-01-14 22:43:33 - [MESSAGE][PASSED] - Object: 'Object Repository/Page_HCMUS Log in to the site/button_Log in' is clicked on

2022-01-14 22:43:33 - [TEST_STEP][PASSED] - click(findTestObject("Object Repository/Page_Dashboard/span_Site administration")): Object: 'Object Repository/Page_Dashboard/span_Site administration' is clicked on

2022-01-14 22:43:35 - [MESSAGE][PASSED] - Object: 'Object Repository/Page_Dashboard/span_Site administration' is clicked on

2022-01-14 22:43:35 - [TEST_STEP][PASSED] - verifyElementVisible(findTestObject("Object Repository/Page_KHTN Administration Search/a_Site administration")): Object 'Object Repository/Page_KHTN Administration Search/a_Site administration' is visible

2022-01-14 22:43:36 - [MESSAGE][PASSED] - Object 'Object Repository/Page_KHTN Administration Search/a_Site administration' is visible

2022-01-14 22:43:36 - [TEST_STEP][PASSED] - closeBrowser(): Browser is closed

2022-01-14 22:43:36 - [MESSAGE][PASSED] - Browser is closed]]></system-out>
         <system-err><![CDATA[]]></system-err>
      </testcase>
      <testcase name="Test Cases/9_tạo 1 course thành công" time="14.836" classname="Test Cases/9_tạo 1 course thành công" status="PASSED">
         <system-out><![CDATA[2022-01-14 22:43:36 - [TEST_CASE][PASSED] - Test Cases/9_tạo 1 course thành công: Test Cases/9_tạo 1 course thành công

2022-01-14 22:43:37 - [TEST_STEP][PASSED] - openBrowser(""): Browser is opened with url: ''

2022-01-14 22:43:37 - [MESSAGE][INFO] - Starting 'Chrome' driver

2022-01-14 22:43:37 - [MESSAGE][INFO] - Action delay is set to 0 milliseconds

2022-01-14 22:43:38 - [MESSAGE][PASSED] - Browser is opened with url: ''

2022-01-14 22:43:38 - [TEST_STEP][PASSED] - navigateToUrl("http://localhost/"): Navigate to 'http://localhost/' successfully

2022-01-14 22:43:38 - [MESSAGE][PASSED] - Navigate to 'http://localhost/' successfully

2022-01-14 22:43:38 - [TEST_STEP][PASSED] - click(findTestObject("Object Repository/Page_HCMUS/a_Log in")): Object: 'Object Repository/Page_HCMUS/a_Log in' is clicked on

2022-01-14 22:43:39 - [MESSAGE][PASSED] - Object: 'Object Repository/Page_HCMUS/a_Log in' is clicked on

2022-01-14 22:43:39 - [TEST_STEP][PASSED] - setText(findTestObject("Object Repository/Page_HCMUS Log in to the site/input_Username_username"), "admin"): Text 'admin' is set on object 'Object Repository/Page_HCMUS Log in to the site/input_Username_username'

2022-01-14 22:43:40 - [MESSAGE][PASSED] - Text 'admin' is set on object 'Object Repository/Page_HCMUS Log in to the site/input_Username_username'

2022-01-14 22:43:40 - [TEST_STEP][PASSED] - setEncryptedText(findTestObject("Object Repository/Page_HCMUS Log in to the site/input_Password_password"), "5MU2PI2jvJCK/lBTYOwt6g=="): Text ****** has been set on object 'Object Repository/Page_HCMUS Log in to the site/input_Password_password'

2022-01-14 22:43:40 - [MESSAGE][PASSED] - Text ****** has been set on object 'Object Repository/Page_HCMUS Log in to the site/input_Password_password'

2022-01-14 22:43:40 - [TEST_STEP][PASSED] - click(findTestObject("Object Repository/Page_HCMUS Log in to the site/button_Log in")): Object: 'Object Repository/Page_HCMUS Log in to the site/button_Log in' is clicked on

2022-01-14 22:43:41 - [MESSAGE][PASSED] - Object: 'Object Repository/Page_HCMUS Log in to the site/button_Log in' is clicked on

2022-01-14 22:43:41 - [TEST_STEP][PASSED] - click(findTestObject("Object Repository/Page_Dashboard/span_Site administration")): Object: 'Object Repository/Page_Dashboard/span_Site administration' is clicked on

2022-01-14 22:43:43 - [MESSAGE][PASSED] - Object: 'Object Repository/Page_Dashboard/span_Site administration' is clicked on

2022-01-14 22:43:43 - [TEST_STEP][PASSED] - click(findTestObject("Object Repository/Page_KHTN Administration Search/a_Courses")): Object: 'Object Repository/Page_KHTN Administration Search/a_Courses' is clicked on

2022-01-14 22:43:43 - [MESSAGE][PASSED] - Object: 'Object Repository/Page_KHTN Administration Search/a_Courses' is clicked on

2022-01-14 22:43:43 - [TEST_STEP][PASSED] - click(findTestObject("Object Repository/Page_KHTN Administration Search/a_Add a new course")): Object: 'Object Repository/Page_KHTN Administration Search/a_Add a new course' is clicked on

2022-01-14 22:43:45 - [MESSAGE][PASSED] - Object: 'Object Repository/Page_KHTN Administration Search/a_Add a new course' is clicked on

2022-01-14 22:43:45 - [TEST_STEP][PASSED] - setText(findTestObject("Object Repository/Page_KHTN Add a new course/input_Course full name_fullname"), "Nhập môn trí tuệ nhân tạo"): Text 'Nhập môn trí tuệ nhân tạo' is set on object 'Object Repository/Page_KHTN Add a new course/input_Course full name_fullname'

2022-01-14 22:43:46 - [MESSAGE][PASSED] - Text 'Nhập môn trí tuệ nhân tạo' is set on object 'Object Repository/Page_KHTN Add a new course/input_Course full name_fullname'

2022-01-14 22:43:46 - [TEST_STEP][PASSED] - setText(findTestObject("Object Repository/Page_KHTN Add a new course/input_Course short name_shortname"), "AI"): Text 'AI' is set on object 'Object Repository/Page_KHTN Add a new course/input_Course short name_shortname'

2022-01-14 22:43:47 - [MESSAGE][PASSED] - Text 'AI' is set on object 'Object Repository/Page_KHTN Add a new course/input_Course short name_shortname'

2022-01-14 22:43:47 - [TEST_STEP][PASSED] - selectOptionByValue(findTestObject("Object Repository/Page_KHTN Add a new course/select_1        2        3        4        _45ea30"), "22", true): All options with value '22' are selected in object 'Object Repository/Page_KHTN Add a new course/select_1        2        3        4        _45ea30'  using regular expression

2022-01-14 22:43:48 - [MESSAGE][PASSED] - All options with value '22' are selected in object 'Object Repository/Page_KHTN Add a new course/select_1        2        3        4        _45ea30'  using regular expression

2022-01-14 22:43:48 - [TEST_STEP][PASSED] - setText(findTestObject("Object Repository/Page_KHTN Add a new course/input_Course ID number_idnumber"), "1"): Text '1' is set on object 'Object Repository/Page_KHTN Add a new course/input_Course ID number_idnumber'

2022-01-14 22:43:49 - [MESSAGE][PASSED] - Text '1' is set on object 'Object Repository/Page_KHTN Add a new course/input_Course ID number_idnumber'

2022-01-14 22:43:49 - [TEST_STEP][PASSED] - click(findTestObject("Object Repository/Page_KHTN Add a new course/input__saveanddisplay")): Object: 'Object Repository/Page_KHTN Add a new course/input__saveanddisplay' is clicked on

2022-01-14 22:43:50 - [MESSAGE][PASSED] - Object: 'Object Repository/Page_KHTN Add a new course/input__saveanddisplay' is clicked on

2022-01-14 22:43:50 - [TEST_STEP][PASSED] - verifyElementVisible(findTestObject("Object Repository/Page_AI Participants/h1_Nhp mn tr tu nhn to")): Object 'Object Repository/Page_AI Participants/h1_Nhp mn tr tu nhn to' is visible

2022-01-14 22:43:51 - [MESSAGE][PASSED] - Object 'Object Repository/Page_AI Participants/h1_Nhp mn tr tu nhn to' is visible

2022-01-14 22:43:51 - [TEST_STEP][PASSED] - closeBrowser(): Browser is closed

2022-01-14 22:43:51 - [MESSAGE][PASSED] - Browser is closed]]></system-out>
         <system-err><![CDATA[]]></system-err>
      </testcase>
      <testcase name="Test Cases/10_tạo course với thuộc tính bị trùng" time="14.758" classname="Test Cases/10_tạo course với thuộc tính bị trùng" status="PASSED">
         <system-out><![CDATA[2022-01-14 22:43:51 - [TEST_CASE][PASSED] - Test Cases/10_tạo course với thuộc tính bị trùng: Test Cases/10_tạo course với thuộc tính bị trùng

2022-01-14 22:43:52 - [TEST_STEP][PASSED] - openBrowser(""): Browser is opened with url: ''

2022-01-14 22:43:52 - [MESSAGE][INFO] - Starting 'Chrome' driver

2022-01-14 22:43:52 - [MESSAGE][INFO] - Action delay is set to 0 milliseconds

2022-01-14 22:43:53 - [MESSAGE][PASSED] - Browser is opened with url: ''

2022-01-14 22:43:53 - [TEST_STEP][PASSED] - navigateToUrl("http://localhost/"): Navigate to 'http://localhost/' successfully

2022-01-14 22:43:53 - [MESSAGE][PASSED] - Navigate to 'http://localhost/' successfully

2022-01-14 22:43:53 - [TEST_STEP][PASSED] - click(findTestObject("Object Repository/Page_HCMUS/nav_Side panel                             _87ec86")): Object: 'Object Repository/Page_HCMUS/nav_Side panel                             _87ec86' is clicked on

2022-01-14 22:43:54 - [MESSAGE][PASSED] - Object: 'Object Repository/Page_HCMUS/nav_Side panel                             _87ec86' is clicked on

2022-01-14 22:43:54 - [TEST_STEP][PASSED] - click(findTestObject("Object Repository/Page_HCMUS/a_Log in")): Object: 'Object Repository/Page_HCMUS/a_Log in' is clicked on

2022-01-14 22:43:54 - [MESSAGE][PASSED] - Object: 'Object Repository/Page_HCMUS/a_Log in' is clicked on

2022-01-14 22:43:54 - [TEST_STEP][PASSED] - setText(findTestObject("Object Repository/Page_HCMUS Log in to the site/input_Username_username"), "admin"): Text 'admin' is set on object 'Object Repository/Page_HCMUS Log in to the site/input_Username_username'

2022-01-14 22:43:55 - [MESSAGE][PASSED] - Text 'admin' is set on object 'Object Repository/Page_HCMUS Log in to the site/input_Username_username'

2022-01-14 22:43:55 - [TEST_STEP][PASSED] - setEncryptedText(findTestObject("Object Repository/Page_HCMUS Log in to the site/input_Password_password"), "5MU2PI2jvJCK/lBTYOwt6g=="): Text ****** has been set on object 'Object Repository/Page_HCMUS Log in to the site/input_Password_password'

2022-01-14 22:43:55 - [MESSAGE][PASSED] - Text ****** has been set on object 'Object Repository/Page_HCMUS Log in to the site/input_Password_password'

2022-01-14 22:43:55 - [TEST_STEP][PASSED] - click(findTestObject("Object Repository/Page_HCMUS Log in to the site/button_Log in")): Object: 'Object Repository/Page_HCMUS Log in to the site/button_Log in' is clicked on

2022-01-14 22:43:57 - [MESSAGE][PASSED] - Object: 'Object Repository/Page_HCMUS Log in to the site/button_Log in' is clicked on

2022-01-14 22:43:57 - [TEST_STEP][PASSED] - click(findTestObject("Object Repository/Page_Dashboard/span_Site administration")): Object: 'Object Repository/Page_Dashboard/span_Site administration' is clicked on

2022-01-14 22:43:58 - [MESSAGE][PASSED] - Object: 'Object Repository/Page_Dashboard/span_Site administration' is clicked on

2022-01-14 22:43:58 - [TEST_STEP][PASSED] - click(findTestObject("Object Repository/Page_KHTN Administration Search/a_Courses")): Object: 'Object Repository/Page_KHTN Administration Search/a_Courses' is clicked on

2022-01-14 22:43:59 - [MESSAGE][PASSED] - Object: 'Object Repository/Page_KHTN Administration Search/a_Courses' is clicked on

2022-01-14 22:43:59 - [TEST_STEP][PASSED] - click(findTestObject("Object Repository/Page_KHTN Administration Search/a_Add a new course")): Object: 'Object Repository/Page_KHTN Administration Search/a_Add a new course' is clicked on

2022-01-14 22:44:00 - [MESSAGE][PASSED] - Object: 'Object Repository/Page_KHTN Administration Search/a_Add a new course' is clicked on

2022-01-14 22:44:00 - [TEST_STEP][PASSED] - setText(findTestObject("Object Repository/Page_KHTN Add a new course/input_Course full name_fullname"), "mobile"): Text 'mobile' is set on object 'Object Repository/Page_KHTN Add a new course/input_Course full name_fullname'

2022-01-14 22:44:01 - [MESSAGE][PASSED] - Text 'mobile' is set on object 'Object Repository/Page_KHTN Add a new course/input_Course full name_fullname'

2022-01-14 22:44:01 - [TEST_STEP][PASSED] - setText(findTestObject("Object Repository/Page_KHTN Add a new course/input_Course short name_shortname"), "AI"): Text 'AI' is set on object 'Object Repository/Page_KHTN Add a new course/input_Course short name_shortname'

2022-01-14 22:44:02 - [MESSAGE][PASSED] - Text 'AI' is set on object 'Object Repository/Page_KHTN Add a new course/input_Course short name_shortname'

2022-01-14 22:44:02 - [TEST_STEP][PASSED] - click(findTestObject("Object Repository/Page_KHTN Add a new course/input__saveanddisplay")): Object: 'Object Repository/Page_KHTN Add a new course/input__saveanddisplay' is clicked on

2022-01-14 22:44:04 - [MESSAGE][PASSED] - Object: 'Object Repository/Page_KHTN Add a new course/input__saveanddisplay' is clicked on

2022-01-14 22:44:04 - [TEST_STEP][PASSED] - verifyElementVisible(findTestObject("Object Repository/Page_KHTN Add a new course/div_Short name is already used for another _0ec0da")): Object 'Object Repository/Page_KHTN Add a new course/div_Short name is already used for another _0ec0da' is visible

2022-01-14 22:44:05 - [MESSAGE][PASSED] - Object 'Object Repository/Page_KHTN Add a new course/div_Short name is already used for another _0ec0da' is visible

2022-01-14 22:44:05 - [TEST_STEP][PASSED] - verifyElementVisible(findTestObject("Object Repository/Page_KHTN Add a new course/input_Course short name_shortname")): Object 'Object Repository/Page_KHTN Add a new course/input_Course short name_shortname' is visible

2022-01-14 22:44:05 - [MESSAGE][PASSED] - Object 'Object Repository/Page_KHTN Add a new course/input_Course short name_shortname' is visible

2022-01-14 22:44:05 - [TEST_STEP][PASSED] - closeBrowser(): Browser is closed

2022-01-14 22:44:06 - [MESSAGE][PASSED] - Browser is closed]]></system-out>
         <system-err><![CDATA[]]></system-err>
      </testcase>
      <testcase name="Test Cases/11_tạo course với thuộc tính rỗng" time="11.111" classname="Test Cases/11_tạo course với thuộc tính rỗng" status="PASSED">
         <system-out><![CDATA[2022-01-14 22:44:06 - [TEST_CASE][PASSED] - Test Cases/11_tạo course với thuộc tính rỗng: Test Cases/11_tạo course với thuộc tính rỗng

2022-01-14 22:44:06 - [TEST_STEP][PASSED] - openBrowser(""): Browser is opened with url: ''

2022-01-14 22:44:06 - [MESSAGE][INFO] - Starting 'Chrome' driver

2022-01-14 22:44:06 - [MESSAGE][INFO] - Action delay is set to 0 milliseconds

2022-01-14 22:44:07 - [MESSAGE][PASSED] - Browser is opened with url: ''

2022-01-14 22:44:07 - [TEST_STEP][PASSED] - navigateToUrl("http://localhost/"): Navigate to 'http://localhost/' successfully

2022-01-14 22:44:08 - [MESSAGE][PASSED] - Navigate to 'http://localhost/' successfully

2022-01-14 22:44:08 - [TEST_STEP][PASSED] - click(findTestObject("Object Repository/Page_HCMUS/a_Log in")): Object: 'Object Repository/Page_HCMUS/a_Log in' is clicked on

2022-01-14 22:44:09 - [MESSAGE][PASSED] - Object: 'Object Repository/Page_HCMUS/a_Log in' is clicked on

2022-01-14 22:44:09 - [TEST_STEP][PASSED] - setText(findTestObject("Object Repository/Page_HCMUS Log in to the site/input_Username_username"), "admin"): Text 'admin' is set on object 'Object Repository/Page_HCMUS Log in to the site/input_Username_username'

2022-01-14 22:44:10 - [MESSAGE][PASSED] - Text 'admin' is set on object 'Object Repository/Page_HCMUS Log in to the site/input_Username_username'

2022-01-14 22:44:10 - [TEST_STEP][PASSED] - setEncryptedText(findTestObject("Object Repository/Page_HCMUS Log in to the site/input_Password_password"), "5MU2PI2jvJCK/lBTYOwt6g=="): Text ****** has been set on object 'Object Repository/Page_HCMUS Log in to the site/input_Password_password'

2022-01-14 22:44:10 - [MESSAGE][PASSED] - Text ****** has been set on object 'Object Repository/Page_HCMUS Log in to the site/input_Password_password'

2022-01-14 22:44:10 - [TEST_STEP][PASSED] - click(findTestObject("Object Repository/Page_HCMUS Log in to the site/button_Log in")): Object: 'Object Repository/Page_HCMUS Log in to the site/button_Log in' is clicked on

2022-01-14 22:44:11 - [MESSAGE][PASSED] - Object: 'Object Repository/Page_HCMUS Log in to the site/button_Log in' is clicked on

2022-01-14 22:44:11 - [TEST_STEP][PASSED] - click(findTestObject("Object Repository/Page_Dashboard/span_Site administration")): Object: 'Object Repository/Page_Dashboard/span_Site administration' is clicked on

2022-01-14 22:44:13 - [MESSAGE][PASSED] - Object: 'Object Repository/Page_Dashboard/span_Site administration' is clicked on

2022-01-14 22:44:13 - [TEST_STEP][PASSED] - click(findTestObject("Object Repository/Page_KHTN Administration Search/a_Courses")): Object: 'Object Repository/Page_KHTN Administration Search/a_Courses' is clicked on

2022-01-14 22:44:13 - [MESSAGE][PASSED] - Object: 'Object Repository/Page_KHTN Administration Search/a_Courses' is clicked on

2022-01-14 22:44:13 - [TEST_STEP][PASSED] - click(findTestObject("Object Repository/Page_KHTN Administration Search/a_Add a new course")): Object: 'Object Repository/Page_KHTN Administration Search/a_Add a new course' is clicked on

2022-01-14 22:44:15 - [MESSAGE][PASSED] - Object: 'Object Repository/Page_KHTN Administration Search/a_Add a new course' is clicked on

2022-01-14 22:44:15 - [TEST_STEP][PASSED] - click(findTestObject("Object Repository/Page_KHTN Add a new course/input__saveanddisplay")): Object: 'Object Repository/Page_KHTN Add a new course/input__saveanddisplay' is clicked on

2022-01-14 22:44:16 - [MESSAGE][PASSED] - Object: 'Object Repository/Page_KHTN Add a new course/input__saveanddisplay' is clicked on

2022-01-14 22:44:16 - [TEST_STEP][PASSED] - verifyElementVisible(findTestObject("Object Repository/Page_KHTN Add a new course/div_- Missing full name")): Object 'Object Repository/Page_KHTN Add a new course/div_- Missing full name' is visible

2022-01-14 22:44:16 - [MESSAGE][PASSED] - Object 'Object Repository/Page_KHTN Add a new course/div_- Missing full name' is visible

2022-01-14 22:44:16 - [TEST_STEP][PASSED] - verifyElementVisible(findTestObject("Object Repository/Page_KHTN Add a new course/div_- Missing short name")): Object 'Object Repository/Page_KHTN Add a new course/div_- Missing short name' is visible

2022-01-14 22:44:16 - [MESSAGE][PASSED] - Object 'Object Repository/Page_KHTN Add a new course/div_- Missing short name' is visible

2022-01-14 22:44:16 - [TEST_STEP][PASSED] - closeBrowser(): Browser is closed

2022-01-14 22:44:17 - [MESSAGE][PASSED] - Browser is closed]]></system-out>
         <system-err><![CDATA[]]></system-err>
      </testcase>
      <testcase name="Test Cases/12_thêm sinh viên vào course" time="27.662" classname="Test Cases/12_thêm sinh viên vào course" status="PASSED">
         <system-out><![CDATA[2022-01-14 22:44:17 - [TEST_CASE][PASSED] - Test Cases/12_thêm sinh viên vào course: Test Cases/12_thêm sinh viên vào course

2022-01-14 22:44:17 - [TEST_STEP][PASSED] - openBrowser(""): Browser is opened with url: ''

2022-01-14 22:44:17 - [MESSAGE][INFO] - Starting 'Chrome' driver

2022-01-14 22:44:17 - [MESSAGE][INFO] - Action delay is set to 0 milliseconds

2022-01-14 22:44:18 - [MESSAGE][PASSED] - Browser is opened with url: ''

2022-01-14 22:44:18 - [TEST_STEP][PASSED] - navigateToUrl("http://localhost/"): Navigate to 'http://localhost/' successfully

2022-01-14 22:44:19 - [MESSAGE][PASSED] - Navigate to 'http://localhost/' successfully

2022-01-14 22:44:19 - [TEST_STEP][PASSED] - click(findTestObject("Object Repository/Page_HCMUS/a_Log in")): Object: 'Object Repository/Page_HCMUS/a_Log in' is clicked on

2022-01-14 22:44:20 - [MESSAGE][PASSED] - Object: 'Object Repository/Page_HCMUS/a_Log in' is clicked on

2022-01-14 22:44:20 - [TEST_STEP][PASSED] - setText(findTestObject("Object Repository/Page_HCMUS Log in to the site/input_Username_username"), "admin"): Text 'admin' is set on object 'Object Repository/Page_HCMUS Log in to the site/input_Username_username'

2022-01-14 22:44:20 - [MESSAGE][PASSED] - Text 'admin' is set on object 'Object Repository/Page_HCMUS Log in to the site/input_Username_username'

2022-01-14 22:44:20 - [TEST_STEP][PASSED] - setEncryptedText(findTestObject("Object Repository/Page_HCMUS Log in to the site/input_Password_password"), "5MU2PI2jvJCK/lBTYOwt6g=="): Text ****** has been set on object 'Object Repository/Page_HCMUS Log in to the site/input_Password_password'

2022-01-14 22:44:21 - [MESSAGE][PASSED] - Text ****** has been set on object 'Object Repository/Page_HCMUS Log in to the site/input_Password_password'

2022-01-14 22:44:21 - [TEST_STEP][PASSED] - click(findTestObject("Object Repository/Page_HCMUS Log in to the site/button_Log in")): Object: 'Object Repository/Page_HCMUS Log in to the site/button_Log in' is clicked on

2022-01-14 22:44:22 - [MESSAGE][PASSED] - Object: 'Object Repository/Page_HCMUS Log in to the site/button_Log in' is clicked on

2022-01-14 22:44:22 - [TEST_STEP][PASSED] - click(findTestObject("Object Repository/Page_Dashboard/span_Site home")): Object: 'Object Repository/Page_Dashboard/span_Site home' is clicked on

2022-01-14 22:44:23 - [MESSAGE][PASSED] - Object: 'Object Repository/Page_Dashboard/span_Site home' is clicked on

2022-01-14 22:44:23 - [TEST_STEP][PASSED] - click(findTestObject("Object Repository/Page_HCMUS/a_Nhp mn tr tu nhn to_1")): Object: 'Object Repository/Page_HCMUS/a_Nhp mn tr tu nhn to_1' is clicked on

2022-01-14 22:44:24 - [MESSAGE][PASSED] - Object: 'Object Repository/Page_HCMUS/a_Nhp mn tr tu nhn to_1' is clicked on

2022-01-14 22:44:24 - [TEST_STEP][PASSED] - click(findTestObject("Object Repository/Page_Course Nhp mn tr tu nhn to/span_Participants")): Object: 'Object Repository/Page_Course Nhp mn tr tu nhn to/span_Participants' is clicked on

2022-01-14 22:44:25 - [MESSAGE][PASSED] - Object: 'Object Repository/Page_Course Nhp mn tr tu nhn to/span_Participants' is clicked on

2022-01-14 22:44:25 - [TEST_STEP][PASSED] - click(findTestObject("Object Repository/Page_AI Participants/input_Participants_btn btn-secondary my-1")): Object: 'Object Repository/Page_AI Participants/input_Participants_btn btn-secondary my-1' is clicked on

2022-01-14 22:44:26 - [MESSAGE][PASSED] - Object: 'Object Repository/Page_AI Participants/input_Participants_btn btn-secondary my-1' is clicked on

2022-01-14 22:44:26 - [TEST_STEP][PASSED] - setText(findTestObject("Object Repository/Page_AI Participants/input_No selection_form_autocomplete_input-_6680aa"), "Student"): Text 'Student' is set on object 'Object Repository/Page_AI Participants/input_No selection_form_autocomplete_input-_6680aa'

2022-01-14 22:44:27 - [MESSAGE][PASSED] - Text 'Student' is set on object 'Object Repository/Page_AI Participants/input_No selection_form_autocomplete_input-_6680aa'

2022-01-14 22:44:27 - [TEST_STEP][PASSED] - click(findTestObject("Object Repository/Page_AI Participants/li_Student Branch    s9example.com")): Object: 'Object Repository/Page_AI Participants/li_Student Branch    s9example.com' is clicked on

2022-01-14 22:44:29 - [MESSAGE][PASSED] - Object: 'Object Repository/Page_AI Participants/li_Student Branch    s9example.com' is clicked on

2022-01-14 22:44:29 - [TEST_STEP][PASSED] - click(findTestObject("Object Repository/Page_AI Participants/li_Student Clifford    s8example.com")): Object: 'Object Repository/Page_AI Participants/li_Student Clifford    s8example.com' is clicked on

2022-01-14 22:44:29 - [MESSAGE][PASSED] - Object: 'Object Repository/Page_AI Participants/li_Student Clifford    s8example.com' is clicked on

2022-01-14 22:44:29 - [TEST_STEP][PASSED] - click(findTestObject("Object Repository/Page_AI Participants/li_Student Epperson    s2example.com")): Object: 'Object Repository/Page_AI Participants/li_Student Epperson    s2example.com' is clicked on

2022-01-14 22:44:30 - [MESSAGE][PASSED] - Object: 'Object Repository/Page_AI Participants/li_Student Epperson    s2example.com' is clicked on

2022-01-14 22:44:30 - [TEST_STEP][PASSED] - click(findTestObject("Object Repository/Page_AI Participants/li_Student Haller    s6example.com")): Object: 'Object Repository/Page_AI Participants/li_Student Haller    s6example.com' is clicked on

2022-01-14 22:44:31 - [MESSAGE][PASSED] - Object: 'Object Repository/Page_AI Participants/li_Student Haller    s6example.com' is clicked on

2022-01-14 22:44:31 - [TEST_STEP][PASSED] - click(findTestObject("Object Repository/Page_AI Participants/li_Student Kessler    s10example.com")): Object: 'Object Repository/Page_AI Participants/li_Student Kessler    s10example.com' is clicked on

2022-01-14 22:44:32 - [MESSAGE][PASSED] - Object: 'Object Repository/Page_AI Participants/li_Student Kessler    s10example.com' is clicked on

2022-01-14 22:44:32 - [TEST_STEP][PASSED] - click(findTestObject("Object Repository/Page_AI Participants/li_Student Tremblay    s4example.com")): Object: 'Object Repository/Page_AI Participants/li_Student Tremblay    s4example.com' is clicked on

2022-01-14 22:44:33 - [MESSAGE][PASSED] - Object: 'Object Repository/Page_AI Participants/li_Student Tremblay    s4example.com' is clicked on

2022-01-14 22:44:33 - [TEST_STEP][PASSED] - click(findTestObject("Object Repository/Page_AI Participants/li_Student Venegas    s7example.com")): Object: 'Object Repository/Page_AI Participants/li_Student Venegas    s7example.com' is clicked on

2022-01-14 22:44:33 - [MESSAGE][PASSED] - Object: 'Object Repository/Page_AI Participants/li_Student Venegas    s7example.com' is clicked on

2022-01-14 22:44:33 - [TEST_STEP][PASSED] - click(findTestObject("Object Repository/Page_AI Participants/li_Student Waldrop    s1example.com")): Object: 'Object Repository/Page_AI Participants/li_Student Waldrop    s1example.com' is clicked on

2022-01-14 22:44:34 - [MESSAGE][PASSED] - Object: 'Object Repository/Page_AI Participants/li_Student Waldrop    s1example.com' is clicked on

2022-01-14 22:44:34 - [TEST_STEP][PASSED] - click(findTestObject("Object Repository/Page_AI Participants/li_Student Walston    s3example.com")): Object: 'Object Repository/Page_AI Participants/li_Student Walston    s3example.com' is clicked on

2022-01-14 22:44:35 - [MESSAGE][PASSED] - Object: 'Object Repository/Page_AI Participants/li_Student Walston    s3example.com' is clicked on

2022-01-14 22:44:35 - [TEST_STEP][PASSED] - click(findTestObject("Object Repository/Page_AI Participants/li_Student Weller    s5example.com")): Object: 'Object Repository/Page_AI Participants/li_Student Weller    s5example.com' is clicked on

2022-01-14 22:44:36 - [MESSAGE][PASSED] - Object: 'Object Repository/Page_AI Participants/li_Student Weller    s5example.com' is clicked on

2022-01-14 22:44:36 - [TEST_STEP][PASSED] - click(findTestObject("Object Repository/Page_AI Participants/button_Enrol users_1")): Object: 'Object Repository/Page_AI Participants/button_Enrol users_1' is clicked on

2022-01-14 22:44:37 - [MESSAGE][PASSED] - Object: 'Object Repository/Page_AI Participants/button_Enrol users_1' is clicked on

2022-01-14 22:44:37 - [TEST_STEP][PASSED] - click(findTestObject("Object Repository/Page_AI Participants/a_S")): Object: 'Object Repository/Page_AI Participants/a_S' is clicked on

2022-01-14 22:44:43 - [MESSAGE][INFO] - Unable to find the element located by 'By.xpath: //a[@id='yui_3_17_2_1_1642092804322_1136']'. Please recheck the objects properties to make sure the desired element is located. 

2022-01-14 22:44:43 - [MESSAGE][WARNING] - [SELF-HEALING] Failed to find element with id 'Object Repository/Page_AI Participants/a_S'. Try using Self-healing.

2022-01-14 22:44:43 - [MESSAGE][WARNING] - [SELF-HEALING] The current locator of test object 'Object Repository/Page_AI Participants/a_S' was broken. Propose an alternative one: '(//a[contains(text(),'S')])[2]'.

2022-01-14 22:44:43 - [MESSAGE][PASSED] - Object: 'Object Repository/Page_AI Participants/a_S' is clicked on

2022-01-14 22:44:43 - [TEST_STEP][PASSED] - verifyElementVisible(findTestObject("Object Repository/Page_AI Participants/td_s9example.com")): Object 'Object Repository/Page_AI Participants/td_s9example.com' is visible

2022-01-14 22:44:44 - [MESSAGE][PASSED] - Object 'Object Repository/Page_AI Participants/td_s9example.com' is visible

2022-01-14 22:44:44 - [TEST_STEP][PASSED] - verifyElementText(findTestObject("Object Repository/Page_AI Participants/td_s9example.com"), "s9@example.com"): Actual text and expected text of test object 'Object Repository/Page_AI Participants/td_s9example.com' are matched.

2022-01-14 22:44:44 - [MESSAGE][PASSED] - Actual text and expected text of test object 'Object Repository/Page_AI Participants/td_s9example.com' are matched.

2022-01-14 22:44:44 - [TEST_STEP][PASSED] - closeBrowser(): Browser is closed

2022-01-14 22:44:45 - [MESSAGE][PASSED] - Browser is closed]]></system-out>
         <system-err><![CDATA[]]></system-err>
      </testcase>
      <testcase name="Test Cases/13_thêm giáo viên vào course" time="56.513" classname="Test Cases/13_thêm giáo viên vào course" status="PASSED">
         <system-out><![CDATA[2022-01-14 22:44:45 - [TEST_CASE][PASSED] - Test Cases/13_thêm giáo viên vào course: Test Cases/13_thêm giáo viên vào course

2022-01-14 22:44:45 - [TEST_STEP][PASSED] - openBrowser(""): Browser is opened with url: ''

2022-01-14 22:44:45 - [MESSAGE][INFO] - Starting 'Chrome' driver

2022-01-14 22:44:45 - [MESSAGE][INFO] - Action delay is set to 0 milliseconds

2022-01-14 22:44:46 - [MESSAGE][PASSED] - Browser is opened with url: ''

2022-01-14 22:44:46 - [TEST_STEP][PASSED] - navigateToUrl("http://localhost/"): Navigate to 'http://localhost/' successfully

2022-01-14 22:44:47 - [MESSAGE][PASSED] - Navigate to 'http://localhost/' successfully

2022-01-14 22:44:47 - [TEST_STEP][PASSED] - click(findTestObject("Object Repository/Page_HCMUS/a_Log in")): Object: 'Object Repository/Page_HCMUS/a_Log in' is clicked on

2022-01-14 22:44:47 - [MESSAGE][PASSED] - Object: 'Object Repository/Page_HCMUS/a_Log in' is clicked on

2022-01-14 22:44:47 - [TEST_STEP][PASSED] - setText(findTestObject("Object Repository/Page_HCMUS Log in to the site/input_Username_username"), "admin"): Text 'admin' is set on object 'Object Repository/Page_HCMUS Log in to the site/input_Username_username'

2022-01-14 22:44:48 - [MESSAGE][PASSED] - Text 'admin' is set on object 'Object Repository/Page_HCMUS Log in to the site/input_Username_username'

2022-01-14 22:44:48 - [TEST_STEP][PASSED] - setEncryptedText(findTestObject("Object Repository/Page_HCMUS Log in to the site/input_Password_password"), "5MU2PI2jvJCK/lBTYOwt6g=="): Text ****** has been set on object 'Object Repository/Page_HCMUS Log in to the site/input_Password_password'

2022-01-14 22:44:49 - [MESSAGE][PASSED] - Text ****** has been set on object 'Object Repository/Page_HCMUS Log in to the site/input_Password_password'

2022-01-14 22:44:49 - [TEST_STEP][PASSED] - click(findTestObject("Object Repository/Page_HCMUS Log in to the site/button_Log in")): Object: 'Object Repository/Page_HCMUS Log in to the site/button_Log in' is clicked on

2022-01-14 22:44:50 - [MESSAGE][PASSED] - Object: 'Object Repository/Page_HCMUS Log in to the site/button_Log in' is clicked on

2022-01-14 22:44:50 - [TEST_STEP][PASSED] - click(findTestObject("Object Repository/Page_Dashboard/span_Site home")): Object: 'Object Repository/Page_Dashboard/span_Site home' is clicked on

2022-01-14 22:44:51 - [MESSAGE][PASSED] - Object: 'Object Repository/Page_Dashboard/span_Site home' is clicked on

2022-01-14 22:44:51 - [TEST_STEP][PASSED] - click(findTestObject("Object Repository/Page_HCMUS/a_Nhp mn tr tu nhn to")): Object: 'Object Repository/Page_HCMUS/a_Nhp mn tr tu nhn to' is clicked on

2022-01-14 22:44:52 - [MESSAGE][PASSED] - Object: 'Object Repository/Page_HCMUS/a_Nhp mn tr tu nhn to' is clicked on

2022-01-14 22:44:52 - [TEST_STEP][PASSED] - click(findTestObject("Object Repository/Page_Course Nhp mn tr tu nhn to/span_Participants")): Object: 'Object Repository/Page_Course Nhp mn tr tu nhn to/span_Participants' is clicked on

2022-01-14 22:44:53 - [MESSAGE][PASSED] - Object: 'Object Repository/Page_Course Nhp mn tr tu nhn to/span_Participants' is clicked on

2022-01-14 22:44:53 - [TEST_STEP][PASSED] - click(findTestObject("Object Repository/Page_AI Participants/input_Participants_btn btn-secondary my-1")): Object: 'Object Repository/Page_AI Participants/input_Participants_btn btn-secondary my-1' is clicked on

2022-01-14 22:44:53 - [MESSAGE][PASSED] - Object: 'Object Repository/Page_AI Participants/input_Participants_btn btn-secondary my-1' is clicked on

2022-01-14 22:44:53 - [TEST_STEP][PASSED] - setText(findTestObject("Object Repository/Page_AI Participants/input_No selection_form_autocomplete_input-_badfe2"), "Teacher"): Text 'Teacher' is set on object 'Object Repository/Page_AI Participants/input_No selection_form_autocomplete_input-_badfe2'

2022-01-14 22:45:00 - [MESSAGE][INFO] - Unable to find the element located by 'By.xpath: //input[@id='form_autocomplete_input-1641958206930']'. Please recheck the objects properties to make sure the desired element is located. 

2022-01-14 22:45:00 - [MESSAGE][WARNING] - [SELF-HEALING] Failed to find element with id 'Object Repository/Page_AI Participants/input_No selection_form_autocomplete_input-_badfe2'. Try using Self-healing.

2022-01-14 22:45:00 - [MESSAGE][WARNING] - [SELF-HEALING] The current locator of test object 'Object Repository/Page_AI Participants/input_No selection_form_autocomplete_input-_badfe2' was broken. Propose an alternative one: '//div[3]/input'.

2022-01-14 22:45:06 - [MESSAGE][INFO] - Unable to find the element located by 'By.xpath: //input[@id='form_autocomplete_input-1641958206930']'. Please recheck the objects properties to make sure the desired element is located. 

2022-01-14 22:45:06 - [MESSAGE][WARNING] - [SELF-HEALING] Failed to find element with id 'Object Repository/Page_AI Participants/input_No selection_form_autocomplete_input-_badfe2'. Try using Self-healing.

2022-01-14 22:45:06 - [MESSAGE][WARNING] - [SELF-HEALING] The current locator of test object 'Object Repository/Page_AI Participants/input_No selection_form_autocomplete_input-_badfe2' was broken. Propose an alternative one: '//div[3]/input'.

2022-01-14 22:45:06 - [MESSAGE][PASSED] - Text 'Teacher' is set on object 'Object Repository/Page_AI Participants/input_No selection_form_autocomplete_input-_badfe2'

2022-01-14 22:45:06 - [TEST_STEP][PASSED] - click(findTestObject("Object Repository/Page_AI Participants/span_Teacher Hubbard")): Object: 'Object Repository/Page_AI Participants/span_Teacher Hubbard' is clicked on

2022-01-14 22:45:12 - [MESSAGE][INFO] - Unable to find the element located by 'By.xpath: //li[@id='form_autocomplete_suggestions-1641958206930-0']/span/span'. Please recheck the objects properties to make sure the desired element is located. 

2022-01-14 22:45:12 - [MESSAGE][WARNING] - [SELF-HEALING] Failed to find element with id 'Object Repository/Page_AI Participants/span_Teacher Hubbard'. Try using Self-healing.

2022-01-14 22:45:13 - [MESSAGE][WARNING] - [SELF-HEALING] The current locator of test object 'Object Repository/Page_AI Participants/span_Teacher Hubbard' was broken. Propose an alternative one: '(.//*[normalize-space(text()) and normalize-space(.)='▼'])[1]/following::span[2]'.

2022-01-14 22:45:13 - [MESSAGE][PASSED] - Object: 'Object Repository/Page_AI Participants/span_Teacher Hubbard' is clicked on

2022-01-14 22:45:13 - [TEST_STEP][PASSED] - click(findTestObject("Object Repository/Page_AI Participants/span_Teacher Morrill")): Object: 'Object Repository/Page_AI Participants/span_Teacher Morrill' is clicked on

2022-01-14 22:45:19 - [MESSAGE][INFO] - Unable to find the element located by 'By.xpath: //li[@id='form_autocomplete_suggestions-1641958206930-0']/span/span'. Please recheck the objects properties to make sure the desired element is located. 

2022-01-14 22:45:19 - [MESSAGE][WARNING] - [SELF-HEALING] Failed to find element with id 'Object Repository/Page_AI Participants/span_Teacher Morrill'. Try using Self-healing.

2022-01-14 22:45:19 - [MESSAGE][WARNING] - [SELF-HEALING] The current locator of test object 'Object Repository/Page_AI Participants/span_Teacher Morrill' was broken. Propose an alternative one: '(.//*[normalize-space(text()) and normalize-space(.)='▼'])[1]/following::span[2]'.

2022-01-14 22:45:19 - [MESSAGE][PASSED] - Object: 'Object Repository/Page_AI Participants/span_Teacher Morrill' is clicked on

2022-01-14 22:45:19 - [TEST_STEP][PASSED] - click(findTestObject("Object Repository/Page_AI Participants/span_Teacher Quarles")): Object: 'Object Repository/Page_AI Participants/span_Teacher Quarles' is clicked on

2022-01-14 22:45:25 - [MESSAGE][INFO] - Unable to find the element located by 'By.xpath: //li[@id='form_autocomplete_suggestions-1641958206930-0']/span/span'. Please recheck the objects properties to make sure the desired element is located. 

2022-01-14 22:45:25 - [MESSAGE][WARNING] - [SELF-HEALING] Failed to find element with id 'Object Repository/Page_AI Participants/span_Teacher Quarles'. Try using Self-healing.

2022-01-14 22:45:26 - [MESSAGE][WARNING] - [SELF-HEALING] The current locator of test object 'Object Repository/Page_AI Participants/span_Teacher Quarles' was broken. Propose an alternative one: '(.//*[normalize-space(text()) and normalize-space(.)='▼'])[1]/following::span[2]'.

2022-01-14 22:45:26 - [MESSAGE][PASSED] - Object: 'Object Repository/Page_AI Participants/span_Teacher Quarles' is clicked on

2022-01-14 22:45:26 - [TEST_STEP][PASSED] - selectOptionByValue(findTestObject("Object Repository/Page_AI Participants/select_Manager            Teacher          _ffc00f"), "3", true): All options with value '3' are selected in object 'Object Repository/Page_AI Participants/select_Manager            Teacher          _ffc00f'  using regular expression

2022-01-14 22:45:27 - [MESSAGE][PASSED] - All options with value '3' are selected in object 'Object Repository/Page_AI Participants/select_Manager            Teacher          _ffc00f'  using regular expression

2022-01-14 22:45:27 - [TEST_STEP][PASSED] - click(findTestObject("Object Repository/Page_AI Participants/button_Enrol users")): Object: 'Object Repository/Page_AI Participants/button_Enrol users' is clicked on

2022-01-14 22:45:33 - [MESSAGE][INFO] - Unable to find the element located by 'By.xpath: //button[@id='yui_3_17_2_1_1641958206772_353']'. Please recheck the objects properties to make sure the desired element is located. 

2022-01-14 22:45:33 - [MESSAGE][WARNING] - [SELF-HEALING] Failed to find element with id 'Object Repository/Page_AI Participants/button_Enrol users'. Try using Self-healing.

2022-01-14 22:45:33 - [MESSAGE][WARNING] - [SELF-HEALING] The current locator of test object 'Object Repository/Page_AI Participants/button_Enrol users' was broken. Propose an alternative one: '(.//*[normalize-space(text()) and normalize-space(.)='Minute'])[1]/following::button[1]'.

2022-01-14 22:45:34 - [MESSAGE][PASSED] - Object: 'Object Repository/Page_AI Participants/button_Enrol users' is clicked on

2022-01-14 22:45:34 - [TEST_STEP][PASSED] - click(findTestObject("Object Repository/Page_AI Participants/a_T")): Object: 'Object Repository/Page_AI Participants/a_T' is clicked on

2022-01-14 22:45:40 - [MESSAGE][INFO] - Unable to find the element located by 'By.xpath: //a[@id='yui_3_17_2_1_1642092967455_233']'. Please recheck the objects properties to make sure the desired element is located. 

2022-01-14 22:45:40 - [MESSAGE][WARNING] - [SELF-HEALING] Failed to find element with id 'Object Repository/Page_AI Participants/a_T'. Try using Self-healing.

2022-01-14 22:45:40 - [MESSAGE][WARNING] - [SELF-HEALING] The current locator of test object 'Object Repository/Page_AI Participants/a_T' was broken. Propose an alternative one: '//a[contains(text(),'T')]'.

2022-01-14 22:45:40 - [MESSAGE][PASSED] - Object: 'Object Repository/Page_AI Participants/a_T' is clicked on

2022-01-14 22:45:40 - [TEST_STEP][PASSED] - verifyElementText(findTestObject("Object Repository/Page_AI Participants/td_t1example.com"), "t1@example.com"): Actual text and expected text of test object 'Object Repository/Page_AI Participants/td_t1example.com' are matched.

2022-01-14 22:45:41 - [MESSAGE][PASSED] - Actual text and expected text of test object 'Object Repository/Page_AI Participants/td_t1example.com' are matched.

2022-01-14 22:45:41 - [TEST_STEP][PASSED] - closeBrowser(): Browser is closed

2022-01-14 22:45:41 - [MESSAGE][PASSED] - Browser is closed]]></system-out>
         <system-err><![CDATA[]]></system-err>
      </testcase>
      <testcase name="Test Cases/14_tìm kiếm theo vai trò" time="58.067" classname="Test Cases/14_tìm kiếm theo vai trò" status="PASSED">
         <system-out><![CDATA[2022-01-14 22:46:03 - [TEST_CASE][PASSED] - Test Cases/14_tìm kiếm theo vai trò: Test Cases/14_tìm kiếm theo vai trò

2022-01-14 22:46:03 - [TEST_STEP][PASSED] - openBrowser(""): Browser is opened with url: ''

2022-01-14 22:46:03 - [MESSAGE][WARNING] - A browser is already opened. Closing browser and opening a new one

2022-01-14 22:46:04 - [MESSAGE][INFO] - Starting 'Chrome' driver

2022-01-14 22:46:04 - [MESSAGE][INFO] - Action delay is set to 0 milliseconds

2022-01-14 22:46:05 - [MESSAGE][PASSED] - Browser is opened with url: ''

2022-01-14 22:46:05 - [TEST_STEP][PASSED] - navigateToUrl("http://localhost/"): Navigate to 'http://localhost/' successfully

2022-01-14 22:46:05 - [MESSAGE][PASSED] - Navigate to 'http://localhost/' successfully

2022-01-14 22:46:05 - [TEST_STEP][PASSED] - click(findTestObject("Object Repository/Page_HCMUS/a_Log in")): Object: 'Object Repository/Page_HCMUS/a_Log in' is clicked on

2022-01-14 22:46:06 - [MESSAGE][PASSED] - Object: 'Object Repository/Page_HCMUS/a_Log in' is clicked on

2022-01-14 22:46:06 - [TEST_STEP][PASSED] - setText(findTestObject("Object Repository/Page_HCMUS Log in to the site/input_Username_username"), "admin"): Text 'admin' is set on object 'Object Repository/Page_HCMUS Log in to the site/input_Username_username'

2022-01-14 22:46:07 - [MESSAGE][PASSED] - Text 'admin' is set on object 'Object Repository/Page_HCMUS Log in to the site/input_Username_username'

2022-01-14 22:46:07 - [TEST_STEP][PASSED] - setEncryptedText(findTestObject("Object Repository/Page_HCMUS Log in to the site/input_Password_password"), "5MU2PI2jvJCK/lBTYOwt6g=="): Text ****** has been set on object 'Object Repository/Page_HCMUS Log in to the site/input_Password_password'

2022-01-14 22:46:08 - [MESSAGE][PASSED] - Text ****** has been set on object 'Object Repository/Page_HCMUS Log in to the site/input_Password_password'

2022-01-14 22:46:08 - [TEST_STEP][PASSED] - click(findTestObject("Object Repository/Page_HCMUS Log in to the site/button_Log in")): Object: 'Object Repository/Page_HCMUS Log in to the site/button_Log in' is clicked on

2022-01-14 22:46:09 - [MESSAGE][PASSED] - Object: 'Object Repository/Page_HCMUS Log in to the site/button_Log in' is clicked on

2022-01-14 22:46:09 - [TEST_STEP][PASSED] - click(findTestObject("Object Repository/Page_Dashboard/span_Site home")): Object: 'Object Repository/Page_Dashboard/span_Site home' is clicked on

2022-01-14 22:46:11 - [MESSAGE][PASSED] - Object: 'Object Repository/Page_Dashboard/span_Site home' is clicked on

2022-01-14 22:46:11 - [TEST_STEP][PASSED] - click(findTestObject("Object Repository/Page_HCMUS/a_Nhp mn tr tu nhn to")): Object: 'Object Repository/Page_HCMUS/a_Nhp mn tr tu nhn to' is clicked on

2022-01-14 22:46:12 - [MESSAGE][PASSED] - Object: 'Object Repository/Page_HCMUS/a_Nhp mn tr tu nhn to' is clicked on

2022-01-14 22:46:12 - [TEST_STEP][PASSED] - click(findTestObject("Object Repository/Page_Course Nhp mn tr tu nhn to/span_Participants")): Object: 'Object Repository/Page_Course Nhp mn tr tu nhn to/span_Participants' is clicked on

2022-01-14 22:46:13 - [MESSAGE][PASSED] - Object: 'Object Repository/Page_Course Nhp mn tr tu nhn to/span_Participants' is clicked on

2022-01-14 22:46:13 - [TEST_STEP][PASSED] - selectOptionByValue(findTestObject("Object Repository/Page_AI Participants/select_Select            Keyword           _1df56e"), "roles", true): All options with value 'roles' are selected in object 'Object Repository/Page_AI Participants/select_Select            Keyword           _1df56e'  using regular expression

2022-01-14 22:46:19 - [MESSAGE][INFO] - Unable to find the element located by 'By.xpath: //select[@id='core_user-local-participantsfilter-filterrow-filtertype-10']'. Please recheck the objects properties to make sure the desired element is located. 

2022-01-14 22:46:19 - [MESSAGE][WARNING] - [SELF-HEALING] Failed to find element with id 'Object Repository/Page_AI Participants/select_Select            Keyword           _1df56e'. Try using Self-healing.

2022-01-14 22:46:19 - [MESSAGE][WARNING] - [SELF-HEALING] The current locator of test object 'Object Repository/Page_AI Participants/select_Select            Keyword           _1df56e' was broken. Propose an alternative one: '(.//*[normalize-space(text()) and normalize-space(.)='Filter type'])[1]/following::select[1]'.

2022-01-14 22:46:20 - [MESSAGE][PASSED] - All options with value 'roles' are selected in object 'Object Repository/Page_AI Participants/select_Select            Keyword           _1df56e'  using regular expression

2022-01-14 22:46:20 - [TEST_STEP][PASSED] - setText(findTestObject("Object Repository/Page_AI Participants/input_Roles_form_autocomplete_input-1641958602006"), "Teacher"): Text 'Teacher' is set on object 'Object Repository/Page_AI Participants/input_Roles_form_autocomplete_input-1641958602006'

2022-01-14 22:46:26 - [MESSAGE][INFO] - Unable to find the element located by 'By.xpath: //input[@id='form_autocomplete_input-1641958602006']'. Please recheck the objects properties to make sure the desired element is located. 

2022-01-14 22:46:26 - [MESSAGE][WARNING] - [SELF-HEALING] Failed to find element with id 'Object Repository/Page_AI Participants/input_Roles_form_autocomplete_input-1641958602006'. Try using Self-healing.

2022-01-14 22:46:26 - [MESSAGE][WARNING] - [SELF-HEALING] The current locator of test object 'Object Repository/Page_AI Participants/input_Roles_form_autocomplete_input-1641958602006' was broken. Propose an alternative one: '//div[2]/div/input'.

2022-01-14 22:46:32 - [MESSAGE][INFO] - Unable to find the element located by 'By.xpath: //input[@id='form_autocomplete_input-1641958602006']'. Please recheck the objects properties to make sure the desired element is located. 

2022-01-14 22:46:32 - [MESSAGE][WARNING] - [SELF-HEALING] Failed to find element with id 'Object Repository/Page_AI Participants/input_Roles_form_autocomplete_input-1641958602006'. Try using Self-healing.

2022-01-14 22:46:32 - [MESSAGE][WARNING] - [SELF-HEALING] The current locator of test object 'Object Repository/Page_AI Participants/input_Roles_form_autocomplete_input-1641958602006' was broken. Propose an alternative one: '//div[2]/div/input'.

2022-01-14 22:46:32 - [MESSAGE][PASSED] - Text 'Teacher' is set on object 'Object Repository/Page_AI Participants/input_Roles_form_autocomplete_input-1641958602006'

2022-01-14 22:46:32 - [TEST_STEP][PASSED] - click(findTestObject("Object Repository/Page_AI Participants/li_Teacher")): Object: 'Object Repository/Page_AI Participants/li_Teacher' is clicked on

2022-01-14 22:46:38 - [MESSAGE][INFO] - Unable to find the element located by 'By.xpath: //li[@id='form_autocomplete_suggestions-1641958602006-3']'. Please recheck the objects properties to make sure the desired element is located. 

2022-01-14 22:46:38 - [MESSAGE][WARNING] - [SELF-HEALING] Failed to find element with id 'Object Repository/Page_AI Participants/li_Teacher'. Try using Self-healing.

2022-01-14 22:46:39 - [MESSAGE][WARNING] - [SELF-HEALING] The current locator of test object 'Object Repository/Page_AI Participants/li_Teacher' was broken. Propose an alternative one: '(.//*[normalize-space(text()) and normalize-space(.)='▼'])[1]/following::li[4]'.

2022-01-14 22:46:39 - [MESSAGE][PASSED] - Object: 'Object Repository/Page_AI Participants/li_Teacher' is clicked on

2022-01-14 22:46:39 - [TEST_STEP][PASSED] - selectOptionByValue(findTestObject("Object Repository/Page_AI Participants/select_No roles                    Manager _431b74"), "3", true): All options with value '3' are selected in object 'Object Repository/Page_AI Participants/select_No roles                    Manager _431b74'  using regular expression

2022-01-14 22:46:40 - [MESSAGE][PASSED] - All options with value '3' are selected in object 'Object Repository/Page_AI Participants/select_No roles                    Manager _431b74'  using regular expression

2022-01-14 22:46:40 - [TEST_STEP][PASSED] - selectOptionByValue(findTestObject("Object Repository/Page_AI Participants/select_No roles                    Manager _431b74"), "3", true): All options with value '3' are selected in object 'Object Repository/Page_AI Participants/select_No roles                    Manager _431b74'  using regular expression

2022-01-14 22:46:41 - [MESSAGE][PASSED] - All options with value '3' are selected in object 'Object Repository/Page_AI Participants/select_No roles                    Manager _431b74'  using regular expression

2022-01-14 22:46:41 - [TEST_STEP][PASSED] - selectOptionByValue(findTestObject("Object Repository/Page_AI Participants/select_No roles                    Manager _431b74"), "3", true): All options with value '3' are selected in object 'Object Repository/Page_AI Participants/select_No roles                    Manager _431b74'  using regular expression

2022-01-14 22:46:42 - [MESSAGE][PASSED] - All options with value '3' are selected in object 'Object Repository/Page_AI Participants/select_No roles                    Manager _431b74'  using regular expression

2022-01-14 22:46:42 - [TEST_STEP][PASSED] - selectOptionByValue(findTestObject("Object Repository/Page_AI Participants/select_No roles                    Manager _431b74"), "3", true): All options with value '3' are selected in object 'Object Repository/Page_AI Participants/select_No roles                    Manager _431b74'  using regular expression

2022-01-14 22:46:43 - [MESSAGE][PASSED] - All options with value '3' are selected in object 'Object Repository/Page_AI Participants/select_No roles                    Manager _431b74'  using regular expression

2022-01-14 22:46:43 - [TEST_STEP][PASSED] - selectOptionByValue(findTestObject("Object Repository/Page_AI Participants/select_No roles                    Manager _431b74"), "3", true): All options with value '3' are selected in object 'Object Repository/Page_AI Participants/select_No roles                    Manager _431b74'  using regular expression

2022-01-14 22:46:43 - [MESSAGE][PASSED] - All options with value '3' are selected in object 'Object Repository/Page_AI Participants/select_No roles                    Manager _431b74'  using regular expression

2022-01-14 22:46:43 - [TEST_STEP][PASSED] - selectOptionByValue(findTestObject("Object Repository/Page_AI Participants/select_No roles                    Manager _431b74"), "3", true): All options with value '3' are selected in object 'Object Repository/Page_AI Participants/select_No roles                    Manager _431b74'  using regular expression

2022-01-14 22:46:44 - [MESSAGE][PASSED] - All options with value '3' are selected in object 'Object Repository/Page_AI Participants/select_No roles                    Manager _431b74'  using regular expression

2022-01-14 22:46:44 - [TEST_STEP][PASSED] - selectOptionByValue(findTestObject("Object Repository/Page_AI Participants/select_No roles                    Manager _431b74"), "3", true): All options with value '3' are selected in object 'Object Repository/Page_AI Participants/select_No roles                    Manager _431b74'  using regular expression

2022-01-14 22:46:45 - [MESSAGE][PASSED] - All options with value '3' are selected in object 'Object Repository/Page_AI Participants/select_No roles                    Manager _431b74'  using regular expression

2022-01-14 22:46:45 - [TEST_STEP][PASSED] - selectOptionByValue(findTestObject("Object Repository/Page_AI Participants/select_No roles                    Manager _431b74"), "3", true): All options with value '3' are selected in object 'Object Repository/Page_AI Participants/select_No roles                    Manager _431b74'  using regular expression

2022-01-14 22:46:46 - [MESSAGE][PASSED] - All options with value '3' are selected in object 'Object Repository/Page_AI Participants/select_No roles                    Manager _431b74'  using regular expression

2022-01-14 22:46:46 - [TEST_STEP][PASSED] - selectOptionByValue(findTestObject("Object Repository/Page_AI Participants/select_No roles                    Manager _431b74"), "3", true): All options with value '3' are selected in object 'Object Repository/Page_AI Participants/select_No roles                    Manager _431b74'  using regular expression

2022-01-14 22:46:47 - [MESSAGE][PASSED] - All options with value '3' are selected in object 'Object Repository/Page_AI Participants/select_No roles                    Manager _431b74'  using regular expression

2022-01-14 22:46:47 - [TEST_STEP][PASSED] - click(findTestObject("Object Repository/Page_AI Participants/button_Apply filters_1")): Object: 'Object Repository/Page_AI Participants/button_Apply filters_1' is clicked on

2022-01-14 22:46:53 - [MESSAGE][INFO] - Unable to find the element located by 'By.xpath: //button[@id='yui_3_17_2_1_1641958601846_71']'. Please recheck the objects properties to make sure the desired element is located. 

2022-01-14 22:46:53 - [MESSAGE][WARNING] - [SELF-HEALING] Failed to find element with id 'Object Repository/Page_AI Participants/button_Apply filters_1'. Try using Self-healing.

2022-01-14 22:46:53 - [MESSAGE][WARNING] - [SELF-HEALING] The current locator of test object 'Object Repository/Page_AI Participants/button_Apply filters_1' was broken. Propose an alternative one: '(.//*[normalize-space(text()) and normalize-space(.)='Clear filters'])[1]/following::button[1]'.

2022-01-14 22:46:53 - [MESSAGE][PASSED] - Object: 'Object Repository/Page_AI Participants/button_Apply filters_1' is clicked on

2022-01-14 22:46:53 - [TEST_STEP][PASSED] - verifyElementText(findTestObject("Object Repository/Page_AI Participants/p_3 participants found"), "3 participants found"): Actual text and expected text of test object 'Object Repository/Page_AI Participants/p_3 participants found' are matched.

2022-01-14 22:47:00 - [MESSAGE][INFO] - Unable to find the element located by 'By.xpath: //p[@id='yui_3_17_2_1_1641958601846_73']'. Please recheck the objects properties to make sure the desired element is located. 

2022-01-14 22:47:00 - [MESSAGE][WARNING] - [SELF-HEALING] Failed to find element with id 'Object Repository/Page_AI Participants/p_3 participants found'. Try using Self-healing.

2022-01-14 22:47:00 - [MESSAGE][WARNING] - [SELF-HEALING] The current locator of test object 'Object Repository/Page_AI Participants/p_3 participants found' was broken. Propose an alternative one: '(.//*[normalize-space(text()) and normalize-space(.)='Apply filters'])[1]/following::p[1]'.

2022-01-14 22:47:00 - [MESSAGE][PASSED] - Actual text and expected text of test object 'Object Repository/Page_AI Participants/p_3 participants found' are matched.

2022-01-14 22:47:00 - [TEST_STEP][PASSED] - verifyElementText(findTestObject("Object Repository/Page_AI Participants/td_t1example.com"), "t1@example.com"): Actual text and expected text of test object 'Object Repository/Page_AI Participants/td_t1example.com' are matched.

2022-01-14 22:47:00 - [MESSAGE][PASSED] - Actual text and expected text of test object 'Object Repository/Page_AI Participants/td_t1example.com' are matched.

2022-01-14 22:47:00 - [TEST_STEP][PASSED] - verifyElementText(findTestObject("Object Repository/Page_AI Participants/td_t2example.com"), "t2@example.com"): Actual text and expected text of test object 'Object Repository/Page_AI Participants/td_t2example.com' are matched.

2022-01-14 22:47:00 - [MESSAGE][PASSED] - Actual text and expected text of test object 'Object Repository/Page_AI Participants/td_t2example.com' are matched.

2022-01-14 22:47:00 - [TEST_STEP][PASSED] - verifyElementText(findTestObject("Object Repository/Page_AI Participants/td_t3example.com"), "t3@example.com"): Actual text and expected text of test object 'Object Repository/Page_AI Participants/td_t3example.com' are matched.

2022-01-14 22:47:01 - [MESSAGE][PASSED] - Actual text and expected text of test object 'Object Repository/Page_AI Participants/td_t3example.com' are matched.

2022-01-14 22:47:01 - [TEST_STEP][PASSED] - closeBrowser(): Browser is closed

2022-01-14 22:47:01 - [MESSAGE][PASSED] - Browser is closed]]></system-out>
         <system-err><![CDATA[]]></system-err>
      </testcase>
      <testcase name="Test Cases/15_thêm lịch cho 1 course thành công" time="38.049" classname="Test Cases/15_thêm lịch cho 1 course thành công" status="PASSED">
         <system-out><![CDATA[2022-01-14 22:47:01 - [TEST_CASE][PASSED] - Test Cases/15_thêm lịch cho 1 course thành công: Test Cases/15_thêm lịch cho 1 course thành công

2022-01-14 22:47:02 - [TEST_STEP][PASSED] - openBrowser(""): Browser is opened with url: ''

2022-01-14 22:47:02 - [MESSAGE][INFO] - Starting 'Chrome' driver

2022-01-14 22:47:02 - [MESSAGE][INFO] - Action delay is set to 0 milliseconds

2022-01-14 22:47:03 - [MESSAGE][PASSED] - Browser is opened with url: ''

2022-01-14 22:47:03 - [TEST_STEP][PASSED] - navigateToUrl("http://localhost/"): Navigate to 'http://localhost/' successfully

2022-01-14 22:47:03 - [MESSAGE][PASSED] - Navigate to 'http://localhost/' successfully

2022-01-14 22:47:03 - [TEST_STEP][PASSED] - click(findTestObject("Object Repository/Page_HCMUS/a_Log in")): Object: 'Object Repository/Page_HCMUS/a_Log in' is clicked on

2022-01-14 22:47:04 - [MESSAGE][PASSED] - Object: 'Object Repository/Page_HCMUS/a_Log in' is clicked on

2022-01-14 22:47:04 - [TEST_STEP][PASSED] - setText(findTestObject("Object Repository/Page_HCMUS Log in to the site/input_Username_username"), "admin"): Text 'admin' is set on object 'Object Repository/Page_HCMUS Log in to the site/input_Username_username'

2022-01-14 22:47:05 - [MESSAGE][PASSED] - Text 'admin' is set on object 'Object Repository/Page_HCMUS Log in to the site/input_Username_username'

2022-01-14 22:47:05 - [TEST_STEP][PASSED] - setEncryptedText(findTestObject("Object Repository/Page_HCMUS Log in to the site/input_Password_password"), "5MU2PI2jvJCK/lBTYOwt6g=="): Text ****** has been set on object 'Object Repository/Page_HCMUS Log in to the site/input_Password_password'

2022-01-14 22:47:05 - [MESSAGE][PASSED] - Text ****** has been set on object 'Object Repository/Page_HCMUS Log in to the site/input_Password_password'

2022-01-14 22:47:05 - [TEST_STEP][PASSED] - click(findTestObject("Object Repository/Page_HCMUS Log in to the site/button_Log in")): Object: 'Object Repository/Page_HCMUS Log in to the site/button_Log in' is clicked on

2022-01-14 22:47:06 - [MESSAGE][PASSED] - Object: 'Object Repository/Page_HCMUS Log in to the site/button_Log in' is clicked on

2022-01-14 22:47:06 - [TEST_STEP][PASSED] - click(findTestObject("Object Repository/Page_Dashboard/span_Site home")): Object: 'Object Repository/Page_Dashboard/span_Site home' is clicked on

2022-01-14 22:47:08 - [MESSAGE][PASSED] - Object: 'Object Repository/Page_Dashboard/span_Site home' is clicked on

2022-01-14 22:47:08 - [TEST_STEP][PASSED] - click(findTestObject("Object Repository/Page_HCMUS/a_Nhp mn tr tu nhn to")): Object: 'Object Repository/Page_HCMUS/a_Nhp mn tr tu nhn to' is clicked on

2022-01-14 22:47:08 - [MESSAGE][PASSED] - Object: 'Object Repository/Page_HCMUS/a_Nhp mn tr tu nhn to' is clicked on

2022-01-14 22:47:08 - [TEST_STEP][PASSED] - click(findTestObject("Object Repository/Page_Course Nhp mn tr tu nhn to/span_Calendar")): Object: 'Object Repository/Page_Course Nhp mn tr tu nhn to/span_Calendar' is clicked on

2022-01-14 22:47:09 - [MESSAGE][PASSED] - Object: 'Object Repository/Page_Course Nhp mn tr tu nhn to/span_Calendar' is clicked on

2022-01-14 22:47:09 - [TEST_STEP][PASSED] - click(findTestObject("Object Repository/Page_AI Calendar Detailed month view January 2022/span_February 2022")): Object: 'Object Repository/Page_AI Calendar Detailed month view January 2022/span_February 2022' is clicked on

2022-01-14 22:47:15 - [MESSAGE][INFO] - Unable to find the element located by 'By.xpath: //a[@id='yui_3_17_2_1_1641959906329_3445']/span'. Please recheck the objects properties to make sure the desired element is located. 

2022-01-14 22:47:15 - [MESSAGE][WARNING] - [SELF-HEALING] Failed to find element with id 'Object Repository/Page_AI Calendar Detailed month view January 2022/span_February 2022'. Try using Self-healing.

2022-01-14 22:47:16 - [MESSAGE][WARNING] - [SELF-HEALING] The current locator of test object 'Object Repository/Page_AI Calendar Detailed month view January 2022/span_February 2022' was broken. Propose an alternative one: '(.//*[normalize-space(text()) and normalize-space(.)='|'])[2]/following::span[1]'.

2022-01-14 22:47:16 - [MESSAGE][PASSED] - Object: 'Object Repository/Page_AI Calendar Detailed month view January 2022/span_February 2022' is clicked on

2022-01-14 22:47:16 - [TEST_STEP][PASSED] - click(findTestObject("Object Repository/Page_AI Calendar Detailed month view January 2022/button_New event")): Object: 'Object Repository/Page_AI Calendar Detailed month view January 2022/button_New event' is clicked on

2022-01-14 22:47:22 - [MESSAGE][INFO] - Unable to find the element located by 'By.xpath: //div[@id='calendar-month-61de51e24fa7161de51e216fa116']/div/button'. Please recheck the objects properties to make sure the desired element is located. 

2022-01-14 22:47:22 - [MESSAGE][WARNING] - [SELF-HEALING] Failed to find element with id 'Object Repository/Page_AI Calendar Detailed month view January 2022/button_New event'. Try using Self-healing.

2022-01-14 22:47:22 - [MESSAGE][WARNING] - [SELF-HEALING] The current locator of test object 'Object Repository/Page_AI Calendar Detailed month view January 2022/button_New event' was broken. Propose an alternative one: '(.//*[normalize-space(text()) and normalize-space(.)='List of courses'])[1]/following::button[1]'.

2022-01-14 22:47:22 - [MESSAGE][PASSED] - Object: 'Object Repository/Page_AI Calendar Detailed month view January 2022/button_New event' is clicked on

2022-01-14 22:47:22 - [TEST_STEP][PASSED] - setText(findTestObject("Object Repository/Page_AI Calendar Detailed month view January 2022/input_Event title_name"), "event one"): Text 'event one' is set on object 'Object Repository/Page_AI Calendar Detailed month view January 2022/input_Event title_name'

2022-01-14 22:47:24 - [MESSAGE][PASSED] - Text 'event one' is set on object 'Object Repository/Page_AI Calendar Detailed month view January 2022/input_Event title_name'

2022-01-14 22:47:24 - [TEST_STEP][PASSED] - click(findTestObject("Object Repository/Page_AI Calendar Detailed month view January 2022/button_Save")): Object: 'Object Repository/Page_AI Calendar Detailed month view January 2022/button_Save' is clicked on

2022-01-14 22:47:30 - [MESSAGE][INFO] - Unable to find the element located by 'By.xpath: //button[@id='yui_3_17_2_1_1642117081098_1464']'. Please recheck the objects properties to make sure the desired element is located. 

2022-01-14 22:47:30 - [MESSAGE][WARNING] - [SELF-HEALING] Failed to find element with id 'Object Repository/Page_AI Calendar Detailed month view January 2022/button_Save'. Try using Self-healing.

2022-01-14 22:47:30 - [MESSAGE][WARNING] - [SELF-HEALING] The current locator of test object 'Object Repository/Page_AI Calendar Detailed month view January 2022/button_Save' was broken. Propose an alternative one: '(.//*[normalize-space(text()) and normalize-space(.)='Repeat weekly, creating altogether'])[1]/following::button[1]'.

2022-01-14 22:47:30 - [MESSAGE][PASSED] - Object: 'Object Repository/Page_AI Calendar Detailed month view January 2022/button_Save' is clicked on

2022-01-14 22:47:30 - [TEST_STEP][PASSED] - click(findTestObject("Object Repository/Page_AI Calendar Detailed month view January 2022/button_Month")): Object: 'Object Repository/Page_AI Calendar Detailed month view January 2022/button_Month' is clicked on

2022-01-14 22:47:31 - [MESSAGE][PASSED] - Object: 'Object Repository/Page_AI Calendar Detailed month view January 2022/button_Month' is clicked on

2022-01-14 22:47:31 - [TEST_STEP][PASSED] - click(findTestObject("Object Repository/Page_AI Calendar Detailed month view January 2022/a_Upcoming events")): Object: 'Object Repository/Page_AI Calendar Detailed month view January 2022/a_Upcoming events' is clicked on

2022-01-14 22:47:38 - [MESSAGE][INFO] - Unable to find the element located by 'By.xpath: //a[@id='yui_3_17_2_1_1642117081098_2149']'. Please recheck the objects properties to make sure the desired element is located. 

2022-01-14 22:47:38 - [MESSAGE][WARNING] - [SELF-HEALING] Failed to find element with id 'Object Repository/Page_AI Calendar Detailed month view January 2022/a_Upcoming events'. Try using Self-healing.

2022-01-14 22:47:38 - [MESSAGE][WARNING] - [SELF-HEALING] The current locator of test object 'Object Repository/Page_AI Calendar Detailed month view January 2022/a_Upcoming events' was broken. Propose an alternative one: '//a[contains(text(),'Upcoming events')]'.

2022-01-14 22:47:38 - [MESSAGE][PASSED] - Object: 'Object Repository/Page_AI Calendar Detailed month view January 2022/a_Upcoming events' is clicked on

2022-01-14 22:47:38 - [TEST_STEP][PASSED] - verifyElementVisible(findTestObject("Object Repository/Page_AI Calendar Detailed month view January 2022/h3_event one")): Object 'Object Repository/Page_AI Calendar Detailed month view January 2022/h3_event one' is visible

2022-01-14 22:47:39 - [MESSAGE][PASSED] - Object 'Object Repository/Page_AI Calendar Detailed month view January 2022/h3_event one' is visible

2022-01-14 22:47:39 - [TEST_STEP][PASSED] - closeBrowser(): Browser is closed

2022-01-14 22:47:39 - [MESSAGE][PASSED] - Browser is closed]]></system-out>
         <system-err><![CDATA[]]></system-err>
      </testcase>
      <testcase name="Test Cases/16_thêm lịch cho 1 course với tiêu đề rỗng" time="19.809" classname="Test Cases/16_thêm lịch cho 1 course với tiêu đề rỗng" status="PASSED">
         <system-out><![CDATA[2022-01-14 22:47:39 - [TEST_CASE][PASSED] - Test Cases/16_thêm lịch cho 1 course với tiêu đề rỗng: Test Cases/16_thêm lịch cho 1 course với tiêu đề rỗng

2022-01-14 22:47:40 - [TEST_STEP][PASSED] - openBrowser(""): Browser is opened with url: ''

2022-01-14 22:47:40 - [MESSAGE][INFO] - Starting 'Chrome' driver

2022-01-14 22:47:40 - [MESSAGE][INFO] - Action delay is set to 0 milliseconds

2022-01-14 22:47:41 - [MESSAGE][PASSED] - Browser is opened with url: ''

2022-01-14 22:47:41 - [TEST_STEP][PASSED] - navigateToUrl("http://localhost/"): Navigate to 'http://localhost/' successfully

2022-01-14 22:47:41 - [MESSAGE][PASSED] - Navigate to 'http://localhost/' successfully

2022-01-14 22:47:41 - [TEST_STEP][PASSED] - click(findTestObject("Object Repository/Page_HCMUS/a_Nhp mn tr tu nhn to")): Object: 'Object Repository/Page_HCMUS/a_Nhp mn tr tu nhn to' is clicked on

2022-01-14 22:47:42 - [MESSAGE][PASSED] - Object: 'Object Repository/Page_HCMUS/a_Nhp mn tr tu nhn to' is clicked on

2022-01-14 22:47:42 - [TEST_STEP][PASSED] - setText(findTestObject("Object Repository/Page_HCMUS Log in to the site/input_Username_username"), "admin"): Text 'admin' is set on object 'Object Repository/Page_HCMUS Log in to the site/input_Username_username'

2022-01-14 22:47:43 - [MESSAGE][PASSED] - Text 'admin' is set on object 'Object Repository/Page_HCMUS Log in to the site/input_Username_username'

2022-01-14 22:47:43 - [TEST_STEP][PASSED] - setEncryptedText(findTestObject("Object Repository/Page_HCMUS Log in to the site/input_Password_password"), "5MU2PI2jvJCK/lBTYOwt6g=="): Text ****** has been set on object 'Object Repository/Page_HCMUS Log in to the site/input_Password_password'

2022-01-14 22:47:43 - [MESSAGE][PASSED] - Text ****** has been set on object 'Object Repository/Page_HCMUS Log in to the site/input_Password_password'

2022-01-14 22:47:43 - [TEST_STEP][PASSED] - click(findTestObject("Object Repository/Page_HCMUS Log in to the site/button_Log in")): Object: 'Object Repository/Page_HCMUS Log in to the site/button_Log in' is clicked on

2022-01-14 22:47:44 - [MESSAGE][PASSED] - Object: 'Object Repository/Page_HCMUS Log in to the site/button_Log in' is clicked on

2022-01-14 22:47:44 - [TEST_STEP][PASSED] - click(findTestObject("Object Repository/Page_Course Nhp mn tr tu nhn to/span_Calendar")): Object: 'Object Repository/Page_Course Nhp mn tr tu nhn to/span_Calendar' is clicked on

2022-01-14 22:47:45 - [MESSAGE][PASSED] - Object: 'Object Repository/Page_Course Nhp mn tr tu nhn to/span_Calendar' is clicked on

2022-01-14 22:47:45 - [TEST_STEP][PASSED] - click(findTestObject("Object Repository/Page_AI Calendar Detailed month view January 2022/div_No events, Saturday, 22 January        _e72aa9")): Object: 'Object Repository/Page_AI Calendar Detailed month view January 2022/div_No events, Saturday, 22 January        _e72aa9' is clicked on

2022-01-14 22:47:51 - [MESSAGE][INFO] - Unable to find the element located by 'By.xpath: //table[@id='month-detailed-61ddc50941d6161ddc508d29a316']/tbody/tr[4]/td[6]/div'. Please recheck the objects properties to make sure the desired element is located. 

2022-01-14 22:47:51 - [MESSAGE][WARNING] - [SELF-HEALING] Failed to find element with id 'Object Repository/Page_AI Calendar Detailed month view January 2022/div_No events, Saturday, 22 January        _e72aa9'. Try using Self-healing.

2022-01-14 22:47:51 - [MESSAGE][WARNING] - [SELF-HEALING] The current locator of test object 'Object Repository/Page_AI Calendar Detailed month view January 2022/div_No events, Saturday, 22 January        _e72aa9' was broken. Propose an alternative one: '(.//*[normalize-space(text()) and normalize-space(.)='No events, Friday, 21 January'])[2]/following::div[1]'.

2022-01-14 22:47:52 - [MESSAGE][PASSED] - Object: 'Object Repository/Page_AI Calendar Detailed month view January 2022/div_No events, Saturday, 22 January        _e72aa9' is clicked on

2022-01-14 22:47:52 - [TEST_STEP][PASSED] - click(findTestObject("Object Repository/Page_AI Calendar Detailed month view January 2022/button_Save")): Object: 'Object Repository/Page_AI Calendar Detailed month view January 2022/button_Save' is clicked on

2022-01-14 22:47:58 - [MESSAGE][INFO] - Unable to find the element located by 'By.xpath: //button[@id='yui_3_17_2_1_1642117081098_1464']'. Please recheck the objects properties to make sure the desired element is located. 

2022-01-14 22:47:58 - [MESSAGE][WARNING] - [SELF-HEALING] Failed to find element with id 'Object Repository/Page_AI Calendar Detailed month view January 2022/button_Save'. Try using Self-healing.

2022-01-14 22:47:58 - [MESSAGE][WARNING] - [SELF-HEALING] The current locator of test object 'Object Repository/Page_AI Calendar Detailed month view January 2022/button_Save' was broken. Propose an alternative one: '(.//*[normalize-space(text()) and normalize-space(.)='Repeat weekly, creating altogether'])[1]/following::button[1]'.

2022-01-14 22:47:58 - [MESSAGE][PASSED] - Object: 'Object Repository/Page_AI Calendar Detailed month view January 2022/button_Save' is clicked on

2022-01-14 22:47:58 - [TEST_STEP][PASSED] - verifyElementVisible(findTestObject("Object Repository/Page_AI Calendar Detailed month view January 2022/div_- Required")): Object 'Object Repository/Page_AI Calendar Detailed month view January 2022/div_- Required' is visible

2022-01-14 22:47:58 - [MESSAGE][PASSED] - Object 'Object Repository/Page_AI Calendar Detailed month view January 2022/div_- Required' is visible

2022-01-14 22:47:58 - [TEST_STEP][PASSED] - verifyElementVisible(findTestObject("Object Repository/Page_AI Calendar Detailed month view January 2022/input_Event title_name")): Object 'Object Repository/Page_AI Calendar Detailed month view January 2022/input_Event title_name' is visible

2022-01-14 22:47:59 - [MESSAGE][PASSED] - Object 'Object Repository/Page_AI Calendar Detailed month view January 2022/input_Event title_name' is visible

2022-01-14 22:47:59 - [TEST_STEP][PASSED] - closeBrowser(): Browser is closed

2022-01-14 22:47:59 - [MESSAGE][PASSED] - Browser is closed]]></system-out>
         <system-err><![CDATA[]]></system-err>
      </testcase>
      <testcase name="Test Cases/17_xem điểm của 1 course" time="15.314" classname="Test Cases/17_xem điểm của 1 course" status="PASSED">
         <system-out><![CDATA[2022-01-14 22:47:59 - [TEST_CASE][PASSED] - Test Cases/17_xem điểm của 1 course: Test Cases/17_xem điểm của 1 course

2022-01-14 22:48:00 - [TEST_STEP][PASSED] - openBrowser(""): Browser is opened with url: ''

2022-01-14 22:48:00 - [MESSAGE][INFO] - Starting 'Chrome' driver

2022-01-14 22:48:00 - [MESSAGE][INFO] - Action delay is set to 0 milliseconds

2022-01-14 22:48:01 - [MESSAGE][PASSED] - Browser is opened with url: ''

2022-01-14 22:48:01 - [TEST_STEP][PASSED] - navigateToUrl("http://localhost/"): Navigate to 'http://localhost/' successfully

2022-01-14 22:48:01 - [MESSAGE][PASSED] - Navigate to 'http://localhost/' successfully

2022-01-14 22:48:01 - [TEST_STEP][PASSED] - click(findTestObject("Object Repository/Page_HCMUS/a_Log in")): Object: 'Object Repository/Page_HCMUS/a_Log in' is clicked on

2022-01-14 22:48:02 - [MESSAGE][PASSED] - Object: 'Object Repository/Page_HCMUS/a_Log in' is clicked on

2022-01-14 22:48:02 - [TEST_STEP][PASSED] - setText(findTestObject("Object Repository/Page_HCMUS Log in to the site/input_Username_username"), "admin"): Text 'admin' is set on object 'Object Repository/Page_HCMUS Log in to the site/input_Username_username'

2022-01-14 22:48:03 - [MESSAGE][PASSED] - Text 'admin' is set on object 'Object Repository/Page_HCMUS Log in to the site/input_Username_username'

2022-01-14 22:48:03 - [TEST_STEP][PASSED] - setEncryptedText(findTestObject("Object Repository/Page_HCMUS Log in to the site/input_Password_password"), "5MU2PI2jvJCK/lBTYOwt6g=="): Text ****** has been set on object 'Object Repository/Page_HCMUS Log in to the site/input_Password_password'

2022-01-14 22:48:03 - [MESSAGE][PASSED] - Text ****** has been set on object 'Object Repository/Page_HCMUS Log in to the site/input_Password_password'

2022-01-14 22:48:03 - [TEST_STEP][PASSED] - click(findTestObject("Object Repository/Page_HCMUS Log in to the site/button_Log in")): Object: 'Object Repository/Page_HCMUS Log in to the site/button_Log in' is clicked on

2022-01-14 22:48:04 - [MESSAGE][PASSED] - Object: 'Object Repository/Page_HCMUS Log in to the site/button_Log in' is clicked on

2022-01-14 22:48:04 - [TEST_STEP][PASSED] - click(findTestObject("Object Repository/Page_Dashboard/span_Site home")): Object: 'Object Repository/Page_Dashboard/span_Site home' is clicked on

2022-01-14 22:48:05 - [MESSAGE][PASSED] - Object: 'Object Repository/Page_Dashboard/span_Site home' is clicked on

2022-01-14 22:48:05 - [TEST_STEP][PASSED] - click(findTestObject("Object Repository/Page_HCMUS/a_Nhp mn tr tu nhn to")): Object: 'Object Repository/Page_HCMUS/a_Nhp mn tr tu nhn to' is clicked on

2022-01-14 22:48:06 - [MESSAGE][PASSED] - Object: 'Object Repository/Page_HCMUS/a_Nhp mn tr tu nhn to' is clicked on

2022-01-14 22:48:06 - [TEST_STEP][PASSED] - click(findTestObject("Object Repository/Page_Course Nhp mn tr tu nhn to/span_Grades")): Object: 'Object Repository/Page_Course Nhp mn tr tu nhn to/span_Grades' is clicked on

2022-01-14 22:48:07 - [MESSAGE][PASSED] - Object: 'Object Repository/Page_Course Nhp mn tr tu nhn to/span_Grades' is clicked on

2022-01-14 22:48:07 - [TEST_STEP][PASSED] - verifyElementVisible(findTestObject("Object Repository/Page_Grades View/span_Course total")): Object 'Object Repository/Page_Grades View/span_Course total' is visible

2022-01-14 22:48:08 - [MESSAGE][PASSED] - Object 'Object Repository/Page_Grades View/span_Course total' is visible

2022-01-14 22:48:08 - [TEST_STEP][PASSED] - verifyElementVisible(findTestObject("Object Repository/Page_Grades View/th_Overall average")): Object 'Object Repository/Page_Grades View/th_Overall average' is visible

2022-01-14 22:48:14 - [MESSAGE][INFO] - Unable to find the element located by 'By.xpath: //tr[@id='yui_3_17_2_1_1641924129250_86']/th'. Please recheck the objects properties to make sure the desired element is located. 

2022-01-14 22:48:14 - [MESSAGE][WARNING] - [SELF-HEALING] Failed to find element with id 'Object Repository/Page_Grades View/th_Overall average'. Try using Self-healing.

2022-01-14 22:48:14 - [MESSAGE][WARNING] - [SELF-HEALING] The current locator of test object 'Object Repository/Page_Grades View/th_Overall average' was broken. Propose an alternative one: '(.//*[normalize-space(text()) and normalize-space(.)='-'])[10]/following::th[1]'.

2022-01-14 22:48:14 - [MESSAGE][PASSED] - Object 'Object Repository/Page_Grades View/th_Overall average' is visible

2022-01-14 22:48:14 - [TEST_STEP][PASSED] - closeBrowser(): Browser is closed

2022-01-14 22:48:15 - [MESSAGE][PASSED] - Browser is closed]]></system-out>
         <system-err><![CDATA[]]></system-err>
      </testcase>
      <testcase name="Test Cases/18_Giáo viên thêm quiz với thời gian đóng ở quá khứ" time="108.453" classname="Test Cases/18_Giáo viên thêm quiz với thời gian đóng ở quá khứ" status="PASSED">
         <system-out><![CDATA[2022-01-14 22:48:15 - [TEST_CASE][PASSED] - Test Cases/18_Giáo viên thêm quiz với thời gian đóng ở quá khứ: Test Cases/18_Giáo viên thêm quiz với thời gian đóng ở quá khứ

2022-01-14 22:48:15 - [TEST_STEP][PASSED] - openBrowser(""): Browser is opened with url: ''

2022-01-14 22:48:15 - [MESSAGE][INFO] - Starting 'Chrome' driver

2022-01-14 22:48:15 - [MESSAGE][INFO] - Action delay is set to 0 milliseconds

2022-01-14 22:48:16 - [MESSAGE][PASSED] - Browser is opened with url: ''

2022-01-14 22:48:16 - [TEST_STEP][PASSED] - navigateToUrl("http://localhost/"): Navigate to 'http://localhost/' successfully

2022-01-14 22:48:16 - [MESSAGE][PASSED] - Navigate to 'http://localhost/' successfully

2022-01-14 22:48:16 - [TEST_STEP][PASSED] - click(findTestObject("Object Repository/Page_HCMUS/a_Nhp mn tr tu nhn to")): Object: 'Object Repository/Page_HCMUS/a_Nhp mn tr tu nhn to' is clicked on

2022-01-14 22:48:17 - [MESSAGE][PASSED] - Object: 'Object Repository/Page_HCMUS/a_Nhp mn tr tu nhn to' is clicked on

2022-01-14 22:48:17 - [TEST_STEP][PASSED] - setText(findTestObject("Object Repository/Page_HCMUS Log in to the site/input_Username_username"), "teacher1"): Text 'teacher1' is set on object 'Object Repository/Page_HCMUS Log in to the site/input_Username_username'

2022-01-14 22:48:18 - [MESSAGE][PASSED] - Text 'teacher1' is set on object 'Object Repository/Page_HCMUS Log in to the site/input_Username_username'

2022-01-14 22:48:18 - [TEST_STEP][PASSED] - setEncryptedText(findTestObject("Object Repository/Page_HCMUS Log in to the site/input_Password_password"), "iKb8CrY6A/iqm08K47hQLA=="): Text ****** has been set on object 'Object Repository/Page_HCMUS Log in to the site/input_Password_password'

2022-01-14 22:48:18 - [MESSAGE][PASSED] - Text ****** has been set on object 'Object Repository/Page_HCMUS Log in to the site/input_Password_password'

2022-01-14 22:48:18 - [TEST_STEP][PASSED] - click(findTestObject("Object Repository/Page_HCMUS Log in to the site/button_Log in")): Object: 'Object Repository/Page_HCMUS Log in to the site/button_Log in' is clicked on

2022-01-14 22:48:19 - [MESSAGE][PASSED] - Object: 'Object Repository/Page_HCMUS Log in to the site/button_Log in' is clicked on

2022-01-14 22:48:19 - [TEST_STEP][PASSED] - click(findTestObject("Object Repository/Page_Course Nhp mn tr tu nhn to/button_End tour"), OPTIONAL): Unable to click on object 'Object Repository/Page_Course Nhp mn tr tu nhn to/button_End tour' (Root cause: com.kms.katalon.core.exception.StepFailedException: Unable to click on object 'Object Repository/Page_Course Nhp mn tr tu nhn to/button_End tour'
	at com.kms.katalon.core.webui.keyword.internal.WebUIKeywordMain.stepFailed(WebUIKeywordMain.groovy:64)
	at com.kms.katalon.core.webui.keyword.internal.WebUIKeywordMain.runKeyword(WebUIKeywordMain.groovy:26)
	at com.kms.katalon.core.webui.keyword.builtin.ClickKeyword.click(ClickKeyword.groovy:74)
	at com.kms.katalon.core.webui.keyword.builtin.ClickKeyword.execute(ClickKeyword.groovy:40)
	at com.kms.katalon.core.keyword.internal.KeywordExecutor.executeKeywordForPlatform(KeywordExecutor.groovy:74)
	at com.kms.katalon.core.webui.keyword.WebUiBuiltInKeywords.click(WebUiBuiltInKeywords.groovy:608)
	at com.kms.katalon.core.webui.keyword.WebUiBuiltInKeywords$click$8.call(Unknown Source)
	at 18_Giáo viên thêm quiz với thời gian đóng ở quá khứ.run(18_Giáo viên thêm quiz với thời gian đóng ở quá khứ:32)
	at com.kms.katalon.core.main.ScriptEngine.run(ScriptEngine.java:194)
	at com.kms.katalon.core.main.ScriptEngine.runScriptAsRawText(ScriptEngine.java:119)
	at com.kms.katalon.core.main.TestCaseExecutor.runScript(TestCaseExecutor.java:442)
	at com.kms.katalon.core.main.TestCaseExecutor.doExecute(TestCaseExecutor.java:433)
	at com.kms.katalon.core.main.TestCaseExecutor.processExecutionPhase(TestCaseExecutor.java:412)
	at com.kms.katalon.core.main.TestCaseExecutor.accessMainPhase(TestCaseExecutor.java:404)
	at com.kms.katalon.core.main.TestCaseExecutor.execute(TestCaseExecutor.java:281)
	at com.kms.katalon.core.main.TestSuiteExecutor.accessTestCaseMainPhase(TestSuiteExecutor.java:202)
	at com.kms.katalon.core.main.TestSuiteExecutor.accessTestSuiteMainPhase(TestSuiteExecutor.java:164)
	at com.kms.katalon.core.main.TestSuiteExecutor.execute(TestSuiteExecutor.java:105)
	at com.kms.katalon.core.main.TestCaseMain.startTestSuite(TestCaseMain.java:181)
	at com.kms.katalon.core.main.TestCaseMain$startTestSuite$0.call(Unknown Source)
	at TempTestSuite1642174516033.run(TempTestSuite1642174516033.groovy:36)
Caused by: com.kms.katalon.core.webui.exception.WebElementNotFoundException: Web element with id: 'Object Repository/Page_Course Nhp mn tr tu nhn to/button_End tour' located by '//span[@id='tour-step-tool_usertours_4_2_1620109487-0']/div/div/div[4]/button[3]' not found
	at com.kms.katalon.core.webui.common.WebUiCommonHelper.findWebElement(WebUiCommonHelper.java:1368)
	at com.kms.katalon.core.webui.keyword.internal.WebUIAbstractKeyword.findWebElement(WebUIAbstractKeyword.groovy:27)
	at com.kms.katalon.core.webui.keyword.builtin.ClickKeyword$_click_closure1.doCall(ClickKeyword.groovy:65)
	at com.kms.katalon.core.webui.keyword.builtin.ClickKeyword$_click_closure1.call(ClickKeyword.groovy)
	at com.kms.katalon.core.webui.keyword.internal.WebUIKeywordMain.runKeyword(WebUIKeywordMain.groovy:20)
	at com.kms.katalon.core.webui.keyword.builtin.ClickKeyword.click(ClickKeyword.groovy:74)
	at com.kms.katalon.core.webui.keyword.builtin.ClickKeyword.execute(ClickKeyword.groovy:40)
	at com.kms.katalon.core.keyword.internal.KeywordExecutor.executeKeywordForPlatform(KeywordExecutor.groovy:74)
	at com.kms.katalon.core.webui.keyword.WebUiBuiltInKeywords.click(WebUiBuiltInKeywords.groovy:608)
	at com.kms.katalon.core.webui.keyword.WebUiBuiltInKeywords$click$8.call(Unknown Source)
	at Script1641964778859.run(Script1641964778859.groovy:32)
	... 13 more
)

2022-01-14 22:48:25 - [MESSAGE][INFO] - Unable to find the element located by 'By.xpath: //span[@id='tour-step-tool_usertours_4_2_1620109487-0']/div/div/div[4]/button[3]'. Please recheck the objects properties to make sure the desired element is located. 

2022-01-14 22:48:25 - [MESSAGE][WARNING] - [SELF-HEALING] Failed to find element with id 'Object Repository/Page_Course Nhp mn tr tu nhn to/button_End tour'. Try using Self-healing.

2022-01-14 22:48:26 - [MESSAGE][INFO] - Unable to find the element located by 'By.xpath: (.//*[normalize-space(text()) and normalize-space(.)='Next'])[1]/following::button[1]'. Please recheck the objects properties to make sure the desired element is located. 

2022-01-14 22:48:27 - [MESSAGE][INFO] - [SELF-HEALING] Failed Locator: '//span[@id='tour-step-tool_usertours_4_2_1620109487-0']/div/div/div[4]/button[3]'.

2022-01-14 22:48:27 - [MESSAGE][INFO] - [SELF-HEALING] Failed Locator: '(.//*[normalize-space(text()) and normalize-space(.)='Next'])[1]/following::button[1]'.

2022-01-14 22:48:27 - [MESSAGE][INFO] - [SELF-HEALING] Failed Locator: '(.//*[normalize-space(text()) and normalize-space(.)='Previous'])[1]/following::button[2]'.

2022-01-14 22:48:27 - [MESSAGE][INFO] - [SELF-HEALING] Failed Locator: '//*/text()[normalize-space(.)='End tour']/parent::*'.

2022-01-14 22:48:28 - [MESSAGE][INFO] - [SELF-HEALING] Failed Locator: '//div[4]/button[3]'.

2022-01-14 22:48:28 - [MESSAGE][INFO] - [SELF-HEALING] Failed Locator: '//span[@id='tour-step-tool_usertours_8_2_1620109487-0']/div/div/div[4]/button[3]'.

2022-01-14 22:48:28 - [MESSAGE][INFO] - [SELF-HEALING] Failed Locator: '//span[@id='tour-step-tool_usertours_16_1_1620109487-0']/div/div/div[4]/button[3]'.

2022-01-14 22:48:29 - [MESSAGE][INFO] - Unable to find the element located by 'By.xpath: //*[(text() = ' End tour ' or . = ' End tour ')]'. Please recheck the objects properties to make sure the desired element is located. 

2022-01-14 22:48:30 - [MESSAGE][INFO] - Unable to find the element located by 'By.cssSelector: '. Please recheck the objects properties to make sure the desired element is located. 

2022-01-14 22:48:31 - [MESSAGE][WARNING] - Unable to click on object 'Object Repository/Page_Course Nhp mn tr tu nhn to/button_End tour' (Root cause: com.kms.katalon.core.exception.StepFailedException: Unable to click on object 'Object Repository/Page_Course Nhp mn tr tu nhn to/button_End tour'
	at com.kms.katalon.core.webui.keyword.internal.WebUIKeywordMain.stepFailed(WebUIKeywordMain.groovy:64)
	at com.kms.katalon.core.webui.keyword.internal.WebUIKeywordMain.runKeyword(WebUIKeywordMain.groovy:26)
	at com.kms.katalon.core.webui.keyword.builtin.ClickKeyword.click(ClickKeyword.groovy:74)
	at com.kms.katalon.core.webui.keyword.builtin.ClickKeyword.execute(ClickKeyword.groovy:40)
	at com.kms.katalon.core.keyword.internal.KeywordExecutor.executeKeywordForPlatform(KeywordExecutor.groovy:74)
	at com.kms.katalon.core.webui.keyword.WebUiBuiltInKeywords.click(WebUiBuiltInKeywords.groovy:608)
	at com.kms.katalon.core.webui.keyword.WebUiBuiltInKeywords$click$8.call(Unknown Source)
	at 18_Giáo viên thêm quiz với thời gian đóng ở quá khứ.run(18_Giáo viên thêm quiz với thời gian đóng ở quá khứ:32)
	at com.kms.katalon.core.main.ScriptEngine.run(ScriptEngine.java:194)
	at com.kms.katalon.core.main.ScriptEngine.runScriptAsRawText(ScriptEngine.java:119)
	at com.kms.katalon.core.main.TestCaseExecutor.runScript(TestCaseExecutor.java:442)
	at com.kms.katalon.core.main.TestCaseExecutor.doExecute(TestCaseExecutor.java:433)
	at com.kms.katalon.core.main.TestCaseExecutor.processExecutionPhase(TestCaseExecutor.java:412)
	at com.kms.katalon.core.main.TestCaseExecutor.accessMainPhase(TestCaseExecutor.java:404)
	at com.kms.katalon.core.main.TestCaseExecutor.execute(TestCaseExecutor.java:281)
	at com.kms.katalon.core.main.TestSuiteExecutor.accessTestCaseMainPhase(TestSuiteExecutor.java:202)
	at com.kms.katalon.core.main.TestSuiteExecutor.accessTestSuiteMainPhase(TestSuiteExecutor.java:164)
	at com.kms.katalon.core.main.TestSuiteExecutor.execute(TestSuiteExecutor.java:105)
	at com.kms.katalon.core.main.TestCaseMain.startTestSuite(TestCaseMain.java:181)
	at com.kms.katalon.core.main.TestCaseMain$startTestSuite$0.call(Unknown Source)
	at TempTestSuite1642174516033.run(TempTestSuite1642174516033.groovy:36)
Caused by: com.kms.katalon.core.webui.exception.WebElementNotFoundException: Web element with id: 'Object Repository/Page_Course Nhp mn tr tu nhn to/button_End tour' located by '//span[@id='tour-step-tool_usertours_4_2_1620109487-0']/div/div/div[4]/button[3]' not found
	at com.kms.katalon.core.webui.common.WebUiCommonHelper.findWebElement(WebUiCommonHelper.java:1368)
	at com.kms.katalon.core.webui.keyword.internal.WebUIAbstractKeyword.findWebElement(WebUIAbstractKeyword.groovy:27)
	at com.kms.katalon.core.webui.keyword.builtin.ClickKeyword$_click_closure1.doCall(ClickKeyword.groovy:65)
	at com.kms.katalon.core.webui.keyword.builtin.ClickKeyword$_click_closure1.call(ClickKeyword.groovy)
	at com.kms.katalon.core.webui.keyword.internal.WebUIKeywordMain.runKeyword(WebUIKeywordMain.groovy:20)
	at com.kms.katalon.core.webui.keyword.builtin.ClickKeyword.click(ClickKeyword.groovy:74)
	at com.kms.katalon.core.webui.keyword.builtin.ClickKeyword.execute(ClickKeyword.groovy:40)
	at com.kms.katalon.core.keyword.internal.KeywordExecutor.executeKeywordForPlatform(KeywordExecutor.groovy:74)
	at com.kms.katalon.core.webui.keyword.WebUiBuiltInKeywords.click(WebUiBuiltInKeywords.groovy:608)
	at com.kms.katalon.core.webui.keyword.WebUiBuiltInKeywords$click$8.call(Unknown Source)
	at Script1641964778859.run(Script1641964778859.groovy:32)
	... 13 more
)
[[ATTACHMENT|D:\\nam 3\\nhap mon CNPM\\bonus project\\Test-Automation-SE-Bonus\\Reports\\20220114_223516\\Run all test cases\\20220114_223516\\1642175310846.png]]

2022-01-14 22:48:31 - [TEST_STEP][PASSED] - click(findTestObject("Object Repository/Page_Course Nhp mn tr tu nhn to/button_Turn editing on")): Object: 'Object Repository/Page_Course Nhp mn tr tu nhn to/button_Turn editing on' is clicked on

2022-01-14 22:48:37 - [MESSAGE][INFO] - Unable to find the element located by 'By.xpath: //button[@id='single_button61deb918b38a91']'. Please recheck the objects properties to make sure the desired element is located. 

2022-01-14 22:48:37 - [MESSAGE][WARNING] - [SELF-HEALING] Failed to find element with id 'Object Repository/Page_Course Nhp mn tr tu nhn to/button_Turn editing on'. Try using Self-healing.

2022-01-14 22:48:37 - [MESSAGE][WARNING] - [SELF-HEALING] The current locator of test object 'Object Repository/Page_Course Nhp mn tr tu nhn to/button_Turn editing on' was broken. Propose an alternative one: '(.//*[normalize-space(text()) and normalize-space(.)='AI'])[2]/following::button[1]'.

2022-01-14 22:48:37 - [MESSAGE][PASSED] - Object: 'Object Repository/Page_Course Nhp mn tr tu nhn to/button_Turn editing on' is clicked on

2022-01-14 22:48:37 - [TEST_STEP][PASSED] - click(findTestObject("Object Repository/Page_Course Nhp mn tr tu nhn to/span_Add an activity or resource")): Object: 'Object Repository/Page_Course Nhp mn tr tu nhn to/span_Add an activity or resource' is clicked on

2022-01-14 22:48:44 - [MESSAGE][INFO] - Unable to find the element located by 'By.xpath: //span[@id='yui_3_17_2_1_1641986354069_794']'. Please recheck the objects properties to make sure the desired element is located. 

2022-01-14 22:48:44 - [MESSAGE][WARNING] - [SELF-HEALING] Failed to find element with id 'Object Repository/Page_Course Nhp mn tr tu nhn to/span_Add an activity or resource'. Try using Self-healing.

2022-01-14 22:48:44 - [MESSAGE][WARNING] - [SELF-HEALING] The current locator of test object 'Object Repository/Page_Course Nhp mn tr tu nhn to/span_Add an activity or resource' was broken. Propose an alternative one: '(.//*[normalize-space(text()) and normalize-space(.)='Add file(s) here'])[1]/following::span[1]'.

2022-01-14 22:48:44 - [MESSAGE][PASSED] - Object: 'Object Repository/Page_Course Nhp mn tr tu nhn to/span_Add an activity or resource' is clicked on

2022-01-14 22:48:44 - [TEST_STEP][PASSED] - click(findTestObject("Object Repository/Page_Course Nhp mn tr tu nhn to/div_Information about the Page activity_opt_6f2bd7")): Object: 'Object Repository/Page_Course Nhp mn tr tu nhn to/div_Information about the Page activity_opt_6f2bd7' is clicked on

2022-01-14 22:48:50 - [MESSAGE][INFO] - Unable to find the element located by 'By.xpath: //div[@id='all-5']/div/div[17]/div/a/div'. Please recheck the objects properties to make sure the desired element is located. 

2022-01-14 22:48:50 - [MESSAGE][WARNING] - [SELF-HEALING] Failed to find element with id 'Object Repository/Page_Course Nhp mn tr tu nhn to/div_Information about the Page activity_opt_6f2bd7'. Try using Self-healing.

2022-01-14 22:48:50 - [MESSAGE][WARNING] - [SELF-HEALING] The current locator of test object 'Object Repository/Page_Course Nhp mn tr tu nhn to/div_Information about the Page activity_opt_6f2bd7' was broken. Propose an alternative one: '(.//*[normalize-space(text()) and normalize-space(.)='Information about the Page activity'])[1]/following::div[3]'.

2022-01-14 22:48:51 - [MESSAGE][PASSED] - Object: 'Object Repository/Page_Course Nhp mn tr tu nhn to/div_Information about the Page activity_opt_6f2bd7' is clicked on

2022-01-14 22:48:51 - [TEST_STEP][PASSED] - setText(findTestObject("Object Repository/Page_Editing Quiz/input_Name_name"), "Quiz 1"): Text 'Quiz 1' is set on object 'Object Repository/Page_Editing Quiz/input_Name_name'

2022-01-14 22:48:52 - [MESSAGE][PASSED] - Text 'Quiz 1' is set on object 'Object Repository/Page_Editing Quiz/input_Name_name'

2022-01-14 22:48:52 - [TEST_STEP][PASSED] - click(findTestObject("Object Repository/Page_Editing Quiz/a_Timing")): Object: 'Object Repository/Page_Editing Quiz/a_Timing' is clicked on

2022-01-14 22:48:59 - [MESSAGE][INFO] - Unable to find the element located by 'By.xpath: //a[@id='yui_3_17_2_1_1641965323483_67']'. Please recheck the objects properties to make sure the desired element is located. 

2022-01-14 22:48:59 - [MESSAGE][WARNING] - [SELF-HEALING] Failed to find element with id 'Object Repository/Page_Editing Quiz/a_Timing'. Try using Self-healing.

2022-01-14 22:48:59 - [MESSAGE][WARNING] - [SELF-HEALING] The current locator of test object 'Object Repository/Page_Editing Quiz/a_Timing' was broken. Propose an alternative one: '//a[contains(text(),'Timing')]'.

2022-01-14 22:48:59 - [MESSAGE][PASSED] - Object: 'Object Repository/Page_Editing Quiz/a_Timing' is clicked on

2022-01-14 22:48:59 - [TEST_STEP][PASSED] - click(findTestObject("Object Repository/Page_Editing Quiz/input_Enable_timecloseenabled")): Object: 'Object Repository/Page_Editing Quiz/input_Enable_timecloseenabled' is clicked on

2022-01-14 22:49:00 - [MESSAGE][PASSED] - Object: 'Object Repository/Page_Editing Quiz/input_Enable_timecloseenabled' is clicked on

2022-01-14 22:49:00 - [TEST_STEP][PASSED] - selectOptionByValue(findTestObject("Object Repository/Page_Editing Quiz/select_1900        1901        1902        _6405c9"), "2021", true): All options with value '2021' are selected in object 'Object Repository/Page_Editing Quiz/select_1900        1901        1902        _6405c9'  using regular expression

2022-01-14 22:49:02 - [MESSAGE][PASSED] - All options with value '2021' are selected in object 'Object Repository/Page_Editing Quiz/select_1900        1901        1902        _6405c9'  using regular expression

2022-01-14 22:49:02 - [TEST_STEP][PASSED] - click(findTestObject("Object Repository/Page_Editing Quiz/input_Upon activity completion_submitbutton")): Object: 'Object Repository/Page_Editing Quiz/input_Upon activity completion_submitbutton' is clicked on

2022-01-14 22:49:03 - [MESSAGE][PASSED] - Object: 'Object Repository/Page_Editing Quiz/input_Upon activity completion_submitbutton' is clicked on

2022-01-14 22:49:03 - [TEST_STEP][PASSED] - click(findTestObject("Object Repository/Page_AI Quiz 1/button_End tour"), OPTIONAL): Object: 'Object Repository/Page_AI Quiz 1/button_End tour' is clicked on

2022-01-14 22:49:10 - [MESSAGE][INFO] - Unable to find the element located by 'By.xpath: //span[@id='tour-step-tool_usertours_16_3_1620110287-0']/div/div/div[4]/button[3]'. Please recheck the objects properties to make sure the desired element is located. 

2022-01-14 22:49:10 - [MESSAGE][WARNING] - [SELF-HEALING] Failed to find element with id 'Object Repository/Page_AI Quiz 1/button_End tour'. Try using Self-healing.

2022-01-14 22:49:10 - [MESSAGE][WARNING] - [SELF-HEALING] The current locator of test object 'Object Repository/Page_AI Quiz 1/button_End tour' was broken. Propose an alternative one: '(.//*[normalize-space(text()) and normalize-space(.)='Next'])[1]/following::button[1]'.

2022-01-14 22:49:10 - [MESSAGE][PASSED] - Object: 'Object Repository/Page_AI Quiz 1/button_End tour' is clicked on

2022-01-14 22:49:10 - [TEST_STEP][PASSED] - click(findTestObject("Object Repository/Page_AI Quiz 1/button_Edit quiz")): Object: 'Object Repository/Page_AI Quiz 1/button_Edit quiz' is clicked on

2022-01-14 22:49:16 - [MESSAGE][INFO] - Unable to find the element located by 'By.xpath: //button[@id='single_button61de659eb5b0561']'. Please recheck the objects properties to make sure the desired element is located. 

2022-01-14 22:49:16 - [MESSAGE][WARNING] - [SELF-HEALING] Failed to find element with id 'Object Repository/Page_AI Quiz 1/button_Edit quiz'. Try using Self-healing.

2022-01-14 22:49:16 - [MESSAGE][WARNING] - [SELF-HEALING] The current locator of test object 'Object Repository/Page_AI Quiz 1/button_Edit quiz' was broken. Propose an alternative one: '//section[@id='region-main']/div[2]/div[3]/div/div/div[2]/form/button'.

2022-01-14 22:49:17 - [MESSAGE][PASSED] - Object: 'Object Repository/Page_AI Quiz 1/button_Edit quiz' is clicked on

2022-01-14 22:49:17 - [TEST_STEP][PASSED] - click(findTestObject("Object Repository/Page_Editing quiz Quiz 1/span_Add")): Object: 'Object Repository/Page_Editing quiz Quiz 1/span_Add' is clicked on

2022-01-14 22:49:23 - [MESSAGE][INFO] - Unable to find the element located by 'By.xpath: //span[@id='yui_3_17_2_1_1641964968088_388']'. Please recheck the objects properties to make sure the desired element is located. 

2022-01-14 22:49:23 - [MESSAGE][WARNING] - [SELF-HEALING] Failed to find element with id 'Object Repository/Page_Editing quiz Quiz 1/span_Add'. Try using Self-healing.

2022-01-14 22:49:23 - [MESSAGE][WARNING] - [SELF-HEALING] The current locator of test object 'Object Repository/Page_Editing quiz Quiz 1/span_Add' was broken. Propose an alternative one: '//a[@id='action-menu-toggle-3']/span'.

2022-01-14 22:49:23 - [MESSAGE][PASSED] - Object: 'Object Repository/Page_Editing quiz Quiz 1/span_Add' is clicked on

2022-01-14 22:49:23 - [TEST_STEP][PASSED] - click(findTestObject("Object Repository/Page_Editing quiz Quiz 1/span_a new question")): Object: 'Object Repository/Page_Editing quiz Quiz 1/span_a new question' is clicked on

2022-01-14 22:49:24 - [MESSAGE][PASSED] - Object: 'Object Repository/Page_Editing quiz Quiz 1/span_a new question' is clicked on

2022-01-14 22:49:24 - [TEST_STEP][PASSED] - click(findTestObject("Object Repository/Page_Editing quiz Quiz 1/span_TrueFalse")): Object: 'Object Repository/Page_Editing quiz Quiz 1/span_TrueFalse' is clicked on

2022-01-14 22:49:30 - [MESSAGE][INFO] - Unable to find the element located by 'By.xpath: //span[@id='yui_3_17_2_1_1641964968088_673']'. Please recheck the objects properties to make sure the desired element is located. 

2022-01-14 22:49:30 - [MESSAGE][WARNING] - [SELF-HEALING] Failed to find element with id 'Object Repository/Page_Editing quiz Quiz 1/span_TrueFalse'. Try using Self-healing.

2022-01-14 22:49:30 - [MESSAGE][WARNING] - [SELF-HEALING] The current locator of test object 'Object Repository/Page_Editing quiz Quiz 1/span_TrueFalse' was broken. Propose an alternative one: '(.//*[normalize-space(text()) and normalize-space(.)='Multiple choice'])[1]/following::span[3]'.

2022-01-14 22:49:30 - [MESSAGE][PASSED] - Object: 'Object Repository/Page_Editing quiz Quiz 1/span_TrueFalse' is clicked on

2022-01-14 22:49:30 - [TEST_STEP][PASSED] - click(findTestObject("Object Repository/Page_Editing quiz Quiz 1/input_Description_submitbutton")): Object: 'Object Repository/Page_Editing quiz Quiz 1/input_Description_submitbutton' is clicked on

2022-01-14 22:49:37 - [MESSAGE][INFO] - Unable to find the element located by 'By.xpath: //input[@id='yui_3_17_2_1_1641964968088_681']'. Please recheck the objects properties to make sure the desired element is located. 

2022-01-14 22:49:37 - [MESSAGE][WARNING] - [SELF-HEALING] Failed to find element with id 'Object Repository/Page_Editing quiz Quiz 1/input_Description_submitbutton'. Try using Self-healing.

2022-01-14 22:49:37 - [MESSAGE][WARNING] - [SELF-HEALING] The current locator of test object 'Object Repository/Page_Editing quiz Quiz 1/input_Description_submitbutton' was broken. Propose an alternative one: '//div[3]/input'.

2022-01-14 22:49:38 - [MESSAGE][PASSED] - Object: 'Object Repository/Page_Editing quiz Quiz 1/input_Description_submitbutton' is clicked on

2022-01-14 22:49:38 - [TEST_STEP][PASSED] - setText(findTestObject("Object Repository/Page_Editing a TrueFalse question/input_Question name_name"), "Cau 1"): Text 'Cau 1' is set on object 'Object Repository/Page_Editing a TrueFalse question/input_Question name_name'

2022-01-14 22:49:39 - [MESSAGE][PASSED] - Text 'Cau 1' is set on object 'Object Repository/Page_Editing a TrueFalse question/input_Question name_name'

2022-01-14 22:49:39 - [TEST_STEP][PASSED] - setText(findTestObject("Object Repository/Page_Editing a TrueFalse question/div_Dung hay sai"), "Dung hay sai"): Text 'Dung hay sai' is set on object 'Object Repository/Page_Editing a TrueFalse question/div_Dung hay sai'

2022-01-14 22:49:40 - [MESSAGE][PASSED] - Text 'Dung hay sai' is set on object 'Object Repository/Page_Editing a TrueFalse question/div_Dung hay sai'

2022-01-14 22:49:40 - [TEST_STEP][PASSED] - setText(findTestObject("Object Repository/Page_Editing a TrueFalse question/input_ID number_idnumber"), "1"): Text '1' is set on object 'Object Repository/Page_Editing a TrueFalse question/input_ID number_idnumber'

2022-01-14 22:49:41 - [MESSAGE][PASSED] - Text '1' is set on object 'Object Repository/Page_Editing a TrueFalse question/input_ID number_idnumber'

2022-01-14 22:49:41 - [TEST_STEP][PASSED] - click(findTestObject("Object Repository/Page_Editing a TrueFalse question/input__submitbutton")): Object: 'Object Repository/Page_Editing a TrueFalse question/input__submitbutton' is clicked on

2022-01-14 22:49:42 - [MESSAGE][PASSED] - Object: 'Object Repository/Page_Editing a TrueFalse question/input__submitbutton' is clicked on

2022-01-14 22:49:42 - [TEST_STEP][PASSED] - click(findTestObject("Object Repository/Page_Editing quiz Quiz 1/a_Teacher Hubbard")): Object: 'Object Repository/Page_Editing quiz Quiz 1/a_Teacher Hubbard' is clicked on

2022-01-14 22:49:43 - [MESSAGE][PASSED] - Object: 'Object Repository/Page_Editing quiz Quiz 1/a_Teacher Hubbard' is clicked on

2022-01-14 22:49:43 - [TEST_STEP][PASSED] - click(findTestObject("Object Repository/Page_Editing quiz Quiz 1/span_Log out")): Object: 'Object Repository/Page_Editing quiz Quiz 1/span_Log out' is clicked on

2022-01-14 22:49:43 - [MESSAGE][PASSED] - Object: 'Object Repository/Page_Editing quiz Quiz 1/span_Log out' is clicked on

2022-01-14 22:49:43 - [TEST_STEP][PASSED] - click(findTestObject("Object Repository/Page_HCMUS/a_Nhp mn tr tu nhn to")): Object: 'Object Repository/Page_HCMUS/a_Nhp mn tr tu nhn to' is clicked on

2022-01-14 22:49:44 - [MESSAGE][PASSED] - Object: 'Object Repository/Page_HCMUS/a_Nhp mn tr tu nhn to' is clicked on

2022-01-14 22:49:44 - [TEST_STEP][PASSED] - setText(findTestObject("Object Repository/Page_HCMUS Log in to the site/input_Username_username"), "student1"): Text 'student1' is set on object 'Object Repository/Page_HCMUS Log in to the site/input_Username_username'

2022-01-14 22:49:45 - [MESSAGE][PASSED] - Text 'student1' is set on object 'Object Repository/Page_HCMUS Log in to the site/input_Username_username'

2022-01-14 22:49:45 - [TEST_STEP][PASSED] - setEncryptedText(findTestObject("Object Repository/Page_HCMUS Log in to the site/input_Password_password"), "xsue+lrReh6nSDZIylEEKg=="): Text ****** has been set on object 'Object Repository/Page_HCMUS Log in to the site/input_Password_password'

2022-01-14 22:49:45 - [MESSAGE][PASSED] - Text ****** has been set on object 'Object Repository/Page_HCMUS Log in to the site/input_Password_password'

2022-01-14 22:49:45 - [TEST_STEP][PASSED] - click(findTestObject("Object Repository/Page_HCMUS Log in to the site/button_Log in")): Object: 'Object Repository/Page_HCMUS Log in to the site/button_Log in' is clicked on

2022-01-14 22:49:46 - [MESSAGE][PASSED] - Object: 'Object Repository/Page_HCMUS Log in to the site/button_Log in' is clicked on

2022-01-14 22:49:46 - [TEST_STEP][PASSED] - click(findTestObject("Object Repository/Page_Course Nhp mn tr tu nhn to/button_End tour"), OPTIONAL): Object: 'Object Repository/Page_Course Nhp mn tr tu nhn to/button_End tour' is clicked on

2022-01-14 22:49:48 - [MESSAGE][PASSED] - Object: 'Object Repository/Page_Course Nhp mn tr tu nhn to/button_End tour' is clicked on

2022-01-14 22:49:48 - [TEST_STEP][PASSED] - click(findTestObject("Object Repository/Page_Course Nhp mn tr tu nhn to/span_Quiz 1")): Object: 'Object Repository/Page_Course Nhp mn tr tu nhn to/span_Quiz 1' is clicked on

2022-01-14 22:49:49 - [MESSAGE][PASSED] - Object: 'Object Repository/Page_Course Nhp mn tr tu nhn to/span_Quiz 1' is clicked on

2022-01-14 22:49:49 - [TEST_STEP][PASSED] - click(findTestObject("Object Repository/Page_AI Quiz 1/button_End tour"), OPTIONAL): Object: 'Object Repository/Page_AI Quiz 1/button_End tour' is clicked on

2022-01-14 22:49:55 - [MESSAGE][INFO] - Unable to find the element located by 'By.xpath: //span[@id='tour-step-tool_usertours_16_3_1620110287-0']/div/div/div[4]/button[3]'. Please recheck the objects properties to make sure the desired element is located. 

2022-01-14 22:49:55 - [MESSAGE][WARNING] - [SELF-HEALING] Failed to find element with id 'Object Repository/Page_AI Quiz 1/button_End tour'. Try using Self-healing.

2022-01-14 22:49:55 - [MESSAGE][WARNING] - [SELF-HEALING] The current locator of test object 'Object Repository/Page_AI Quiz 1/button_End tour' was broken. Propose an alternative one: '(.//*[normalize-space(text()) and normalize-space(.)='Next'])[1]/following::button[1]'.

2022-01-14 22:49:55 - [MESSAGE][PASSED] - Object: 'Object Repository/Page_AI Quiz 1/button_End tour' is clicked on

2022-01-14 22:49:55 - [TEST_STEP][PASSED] - verifyElementText(findTestObject("Object Repository/Page_AI Quiz 1/h2_Quiz 1"), "Quiz 1"): Actual text and expected text of test object 'Object Repository/Page_AI Quiz 1/h2_Quiz 1' are matched.

2022-01-14 22:49:56 - [MESSAGE][PASSED] - Actual text and expected text of test object 'Object Repository/Page_AI Quiz 1/h2_Quiz 1' are matched.

2022-01-14 22:49:56 - [TEST_STEP][PASSED] - verifyElementVisible(findTestObject("Object Repository/Page_AI Quiz 1/button_Back to the course")): Object 'Object Repository/Page_AI Quiz 1/button_Back to the course' is visible

2022-01-14 22:50:02 - [MESSAGE][INFO] - Unable to find the element located by 'By.xpath: //button[@id='single_button61de65eb0b6d614']'. Please recheck the objects properties to make sure the desired element is located. 

2022-01-14 22:50:02 - [MESSAGE][WARNING] - [SELF-HEALING] Failed to find element with id 'Object Repository/Page_AI Quiz 1/button_Back to the course'. Try using Self-healing.

2022-01-14 22:50:02 - [MESSAGE][WARNING] - [SELF-HEALING] The current locator of test object 'Object Repository/Page_AI Quiz 1/button_Back to the course' was broken. Propose an alternative one: '//section[@id='region-main']/div/div[3]/div/form/button'.

2022-01-14 22:50:02 - [MESSAGE][PASSED] - Object 'Object Repository/Page_AI Quiz 1/button_Back to the course' is visible

2022-01-14 22:50:02 - [TEST_STEP][PASSED] - closeBrowser(): Browser is closed

2022-01-14 22:50:03 - [MESSAGE][PASSED] - Browser is closed]]></system-out>
         <system-err><![CDATA[]]></system-err>
      </testcase>
      <testcase name="Test Cases/19_Giáo viên thêm quiz với thông tin chính xác" time="30.757" classname="Test Cases/19_Giáo viên thêm quiz với thông tin chính xác" status="PASSED">
         <system-out><![CDATA[2022-01-14 22:50:03 - [TEST_CASE][PASSED] - Test Cases/19_Giáo viên thêm quiz với thông tin chính xác: Test Cases/19_Giáo viên thêm quiz với thông tin chính xác

2022-01-14 22:50:03 - [TEST_STEP][PASSED] - openBrowser(""): Browser is opened with url: ''

2022-01-14 22:50:03 - [MESSAGE][INFO] - Starting 'Chrome' driver

2022-01-14 22:50:03 - [MESSAGE][INFO] - Action delay is set to 0 milliseconds

2022-01-14 22:50:05 - [MESSAGE][PASSED] - Browser is opened with url: ''

2022-01-14 22:50:05 - [TEST_STEP][PASSED] - navigateToUrl("http://localhost/"): Navigate to 'http://localhost/' successfully

2022-01-14 22:50:05 - [MESSAGE][PASSED] - Navigate to 'http://localhost/' successfully

2022-01-14 22:50:05 - [TEST_STEP][PASSED] - click(findTestObject("Object Repository/Page_HCMUS/a_Nhp mn tr tu nhn to")): Object: 'Object Repository/Page_HCMUS/a_Nhp mn tr tu nhn to' is clicked on

2022-01-14 22:50:06 - [MESSAGE][PASSED] - Object: 'Object Repository/Page_HCMUS/a_Nhp mn tr tu nhn to' is clicked on

2022-01-14 22:50:06 - [TEST_STEP][PASSED] - setText(findTestObject("Object Repository/Page_HCMUS Log in to the site/input_Username_username"), "teacher1"): Text 'teacher1' is set on object 'Object Repository/Page_HCMUS Log in to the site/input_Username_username'

2022-01-14 22:50:07 - [MESSAGE][PASSED] - Text 'teacher1' is set on object 'Object Repository/Page_HCMUS Log in to the site/input_Username_username'

2022-01-14 22:50:07 - [TEST_STEP][PASSED] - setEncryptedText(findTestObject("Object Repository/Page_HCMUS Log in to the site/input_Password_password"), "iKb8CrY6A/iqm08K47hQLA=="): Text ****** has been set on object 'Object Repository/Page_HCMUS Log in to the site/input_Password_password'

2022-01-14 22:50:07 - [MESSAGE][PASSED] - Text ****** has been set on object 'Object Repository/Page_HCMUS Log in to the site/input_Password_password'

2022-01-14 22:50:07 - [TEST_STEP][PASSED] - click(findTestObject("Object Repository/Page_HCMUS Log in to the site/button_Log in")): Object: 'Object Repository/Page_HCMUS Log in to the site/button_Log in' is clicked on

2022-01-14 22:50:08 - [MESSAGE][PASSED] - Object: 'Object Repository/Page_HCMUS Log in to the site/button_Log in' is clicked on

2022-01-14 22:50:08 - [TEST_STEP][PASSED] - click(findTestObject("Object Repository/Page_Course Nhp mn tr tu nhn to/button_End tour"), OPTIONAL): Object: 'Object Repository/Page_Course Nhp mn tr tu nhn to/button_End tour' is clicked on

2022-01-14 22:50:14 - [MESSAGE][INFO] - Unable to find the element located by 'By.xpath: //span[@id='tour-step-tool_usertours_4_2_1620109487-0']/div/div/div[4]/button[3]'. Please recheck the objects properties to make sure the desired element is located. 

2022-01-14 22:50:14 - [MESSAGE][WARNING] - [SELF-HEALING] Failed to find element with id 'Object Repository/Page_Course Nhp mn tr tu nhn to/button_End tour'. Try using Self-healing.

2022-01-14 22:50:14 - [MESSAGE][WARNING] - [SELF-HEALING] The current locator of test object 'Object Repository/Page_Course Nhp mn tr tu nhn to/button_End tour' was broken. Propose an alternative one: '(.//*[normalize-space(text()) and normalize-space(.)='Next'])[1]/following::button[1]'.

2022-01-14 22:50:14 - [MESSAGE][PASSED] - Object: 'Object Repository/Page_Course Nhp mn tr tu nhn to/button_End tour' is clicked on

2022-01-14 22:50:14 - [TEST_STEP][PASSED] - click(findTestObject("Object Repository/Page_Course Nhp mn tr tu nhn to/button_Turn editing on")): Object: 'Object Repository/Page_Course Nhp mn tr tu nhn to/button_Turn editing on' is clicked on

2022-01-14 22:50:21 - [MESSAGE][INFO] - Unable to find the element located by 'By.xpath: //button[@id='single_button61deb918b38a91']'. Please recheck the objects properties to make sure the desired element is located. 

2022-01-14 22:50:21 - [MESSAGE][WARNING] - [SELF-HEALING] Failed to find element with id 'Object Repository/Page_Course Nhp mn tr tu nhn to/button_Turn editing on'. Try using Self-healing.

2022-01-14 22:50:21 - [MESSAGE][WARNING] - [SELF-HEALING] The current locator of test object 'Object Repository/Page_Course Nhp mn tr tu nhn to/button_Turn editing on' was broken. Propose an alternative one: '(.//*[normalize-space(text()) and normalize-space(.)='AI'])[2]/following::button[1]'.

2022-01-14 22:50:21 - [MESSAGE][PASSED] - Object: 'Object Repository/Page_Course Nhp mn tr tu nhn to/button_Turn editing on' is clicked on

2022-01-14 22:50:21 - [TEST_STEP][PASSED] - click(findTestObject("Object Repository/Page_Course Nhp mn tr tu nhn to/span_Add an activity or resource")): Object: 'Object Repository/Page_Course Nhp mn tr tu nhn to/span_Add an activity or resource' is clicked on

2022-01-14 22:50:27 - [MESSAGE][INFO] - Unable to find the element located by 'By.xpath: //span[@id='yui_3_17_2_1_1641986354069_794']'. Please recheck the objects properties to make sure the desired element is located. 

2022-01-14 22:50:27 - [MESSAGE][WARNING] - [SELF-HEALING] Failed to find element with id 'Object Repository/Page_Course Nhp mn tr tu nhn to/span_Add an activity or resource'. Try using Self-healing.

2022-01-14 22:50:28 - [MESSAGE][WARNING] - [SELF-HEALING] The current locator of test object 'Object Repository/Page_Course Nhp mn tr tu nhn to/span_Add an activity or resource' was broken. Propose an alternative one: '(.//*[normalize-space(text()) and normalize-space(.)='Add file(s) here'])[1]/following::span[1]'.

2022-01-14 22:50:28 - [MESSAGE][PASSED] - Object: 'Object Repository/Page_Course Nhp mn tr tu nhn to/span_Add an activity or resource' is clicked on

2022-01-14 22:50:28 - [TEST_STEP][PASSED] - click(findTestObject("Object Repository/Page_Course Nhp mn tr tu nhn to/div_Information about the Page activity_opt_6f2bd7")): Object: 'Object Repository/Page_Course Nhp mn tr tu nhn to/div_Information about the Page activity_opt_6f2bd7' is clicked on

2022-01-14 22:50:30 - [MESSAGE][PASSED] - Object: 'Object Repository/Page_Course Nhp mn tr tu nhn to/div_Information about the Page activity_opt_6f2bd7' is clicked on

2022-01-14 22:50:30 - [TEST_STEP][PASSED] - setText(findTestObject("Object Repository/Page_Editing Quiz/input_Name_name"), "Quiz 2"): Text 'Quiz 2' is set on object 'Object Repository/Page_Editing Quiz/input_Name_name'

2022-01-14 22:50:31 - [MESSAGE][PASSED] - Text 'Quiz 2' is set on object 'Object Repository/Page_Editing Quiz/input_Name_name'

2022-01-14 22:50:31 - [TEST_STEP][PASSED] - click(findTestObject("Object Repository/Page_Editing Quiz/input_Upon activity completion_submitbutton")): Object: 'Object Repository/Page_Editing Quiz/input_Upon activity completion_submitbutton' is clicked on

2022-01-14 22:50:32 - [MESSAGE][PASSED] - Object: 'Object Repository/Page_Editing Quiz/input_Upon activity completion_submitbutton' is clicked on

2022-01-14 22:50:32 - [TEST_STEP][PASSED] - verifyElementText(findTestObject("Object Repository/Page_AI Quiz 2/h2_Quiz 2"), "Quiz 2"): Actual text and expected text of test object 'Object Repository/Page_AI Quiz 2/h2_Quiz 2' are matched.

2022-01-14 22:50:33 - [MESSAGE][PASSED] - Actual text and expected text of test object 'Object Repository/Page_AI Quiz 2/h2_Quiz 2' are matched.

2022-01-14 22:50:33 - [TEST_STEP][PASSED] - verifyElementText(findTestObject("Object Repository/Page_AI Quiz 2/div_No questions have been added yet"), "No questions have been added yet"): Actual text and expected text of test object 'Object Repository/Page_AI Quiz 2/div_No questions have been added yet' are matched.

2022-01-14 22:50:33 - [MESSAGE][PASSED] - Actual text and expected text of test object 'Object Repository/Page_AI Quiz 2/div_No questions have been added yet' are matched.

2022-01-14 22:50:33 - [TEST_STEP][PASSED] - closeBrowser(): Browser is closed

2022-01-14 22:50:34 - [MESSAGE][PASSED] - Browser is closed]]></system-out>
         <system-err><![CDATA[]]></system-err>
      </testcase>
      <testcase name="Test Cases/20_Giáo viên thêm câu hỏi cho quiz" time="51.868" classname="Test Cases/20_Giáo viên thêm câu hỏi cho quiz" status="PASSED">
         <system-out><![CDATA[2022-01-14 22:50:34 - [TEST_CASE][PASSED] - Test Cases/20_Giáo viên thêm câu hỏi cho quiz: Test Cases/20_Giáo viên thêm câu hỏi cho quiz

2022-01-14 22:50:34 - [TEST_STEP][PASSED] - openBrowser(""): Browser is opened with url: ''

2022-01-14 22:50:34 - [MESSAGE][INFO] - Starting 'Chrome' driver

2022-01-14 22:50:34 - [MESSAGE][INFO] - Action delay is set to 0 milliseconds

2022-01-14 22:50:35 - [MESSAGE][PASSED] - Browser is opened with url: ''

2022-01-14 22:50:35 - [TEST_STEP][PASSED] - navigateToUrl("http://localhost/"): Navigate to 'http://localhost/' successfully

2022-01-14 22:50:36 - [MESSAGE][PASSED] - Navigate to 'http://localhost/' successfully

2022-01-14 22:50:36 - [TEST_STEP][PASSED] - click(findTestObject("Object Repository/Page_HCMUS/a_Nhp mn tr tu nhn to")): Object: 'Object Repository/Page_HCMUS/a_Nhp mn tr tu nhn to' is clicked on

2022-01-14 22:50:36 - [MESSAGE][PASSED] - Object: 'Object Repository/Page_HCMUS/a_Nhp mn tr tu nhn to' is clicked on

2022-01-14 22:50:36 - [TEST_STEP][PASSED] - setText(findTestObject("Object Repository/Page_HCMUS Log in to the site/input_Username_username"), "teacher1"): Text 'teacher1' is set on object 'Object Repository/Page_HCMUS Log in to the site/input_Username_username'

2022-01-14 22:50:37 - [MESSAGE][PASSED] - Text 'teacher1' is set on object 'Object Repository/Page_HCMUS Log in to the site/input_Username_username'

2022-01-14 22:50:37 - [TEST_STEP][PASSED] - setEncryptedText(findTestObject("Object Repository/Page_HCMUS Log in to the site/input_Password_password"), "iKb8CrY6A/iqm08K47hQLA=="): Text ****** has been set on object 'Object Repository/Page_HCMUS Log in to the site/input_Password_password'

2022-01-14 22:50:38 - [MESSAGE][PASSED] - Text ****** has been set on object 'Object Repository/Page_HCMUS Log in to the site/input_Password_password'

2022-01-14 22:50:38 - [TEST_STEP][PASSED] - click(findTestObject("Object Repository/Page_HCMUS Log in to the site/button_Log in")): Object: 'Object Repository/Page_HCMUS Log in to the site/button_Log in' is clicked on

2022-01-14 22:50:38 - [MESSAGE][PASSED] - Object: 'Object Repository/Page_HCMUS Log in to the site/button_Log in' is clicked on

2022-01-14 22:50:38 - [TEST_STEP][PASSED] - click(findTestObject("Object Repository/Page_Course Nhp mn tr tu nhn to/span_Quiz 2")): Object: 'Object Repository/Page_Course Nhp mn tr tu nhn to/span_Quiz 2' is clicked on

2022-01-14 22:50:40 - [MESSAGE][PASSED] - Object: 'Object Repository/Page_Course Nhp mn tr tu nhn to/span_Quiz 2' is clicked on

2022-01-14 22:50:40 - [TEST_STEP][PASSED] - click(findTestObject("Object Repository/Page_AI Quiz 2/button_Edit quiz")): Object: 'Object Repository/Page_AI Quiz 2/button_Edit quiz' is clicked on

2022-01-14 22:50:46 - [MESSAGE][INFO] - Unable to find the element located by 'By.xpath: //button[@id='single_button61de67c826ede61']'. Please recheck the objects properties to make sure the desired element is located. 

2022-01-14 22:50:46 - [MESSAGE][WARNING] - [SELF-HEALING] Failed to find element with id 'Object Repository/Page_AI Quiz 2/button_Edit quiz'. Try using Self-healing.

2022-01-14 22:50:46 - [MESSAGE][WARNING] - [SELF-HEALING] The current locator of test object 'Object Repository/Page_AI Quiz 2/button_Edit quiz' was broken. Propose an alternative one: '//section[@id='region-main']/div[2]/div[3]/div/div/div[2]/form/button'.

2022-01-14 22:50:47 - [MESSAGE][PASSED] - Object: 'Object Repository/Page_AI Quiz 2/button_Edit quiz' is clicked on

2022-01-14 22:50:47 - [TEST_STEP][PASSED] - click(findTestObject("Object Repository/Page_Editing quiz Quiz 2/span_Add")): Object: 'Object Repository/Page_Editing quiz Quiz 2/span_Add' is clicked on

2022-01-14 22:50:53 - [MESSAGE][INFO] - Unable to find the element located by 'By.xpath: //span[@id='yui_3_17_2_1_1641965514536_286']'. Please recheck the objects properties to make sure the desired element is located. 

2022-01-14 22:50:53 - [MESSAGE][WARNING] - [SELF-HEALING] Failed to find element with id 'Object Repository/Page_Editing quiz Quiz 2/span_Add'. Try using Self-healing.

2022-01-14 22:50:53 - [MESSAGE][WARNING] - [SELF-HEALING] The current locator of test object 'Object Repository/Page_Editing quiz Quiz 2/span_Add' was broken. Propose an alternative one: '//a[@id='action-menu-toggle-3']/span'.

2022-01-14 22:50:53 - [MESSAGE][PASSED] - Object: 'Object Repository/Page_Editing quiz Quiz 2/span_Add' is clicked on

2022-01-14 22:50:53 - [TEST_STEP][PASSED] - click(findTestObject("Object Repository/Page_Editing quiz Quiz 2/span_a new question")): Object: 'Object Repository/Page_Editing quiz Quiz 2/span_a new question' is clicked on

2022-01-14 22:50:54 - [MESSAGE][PASSED] - Object: 'Object Repository/Page_Editing quiz Quiz 2/span_a new question' is clicked on

2022-01-14 22:50:54 - [TEST_STEP][PASSED] - click(findTestObject("Object Repository/Page_Editing quiz Quiz 2/input_Multiple choice_qtype")): Object: 'Object Repository/Page_Editing quiz Quiz 2/input_Multiple choice_qtype' is clicked on

2022-01-14 22:50:54 - [MESSAGE][PASSED] - Object: 'Object Repository/Page_Editing quiz Quiz 2/input_Multiple choice_qtype' is clicked on

2022-01-14 22:50:54 - [TEST_STEP][PASSED] - click(findTestObject("Object Repository/Page_Editing quiz Quiz 2/input_Description_submitbutton")): Object: 'Object Repository/Page_Editing quiz Quiz 2/input_Description_submitbutton' is clicked on

2022-01-14 22:51:00 - [MESSAGE][INFO] - Unable to find the element located by 'By.xpath: //input[@id='yui_3_17_2_1_1641965514536_581']'. Please recheck the objects properties to make sure the desired element is located. 

2022-01-14 22:51:00 - [MESSAGE][WARNING] - [SELF-HEALING] Failed to find element with id 'Object Repository/Page_Editing quiz Quiz 2/input_Description_submitbutton'. Try using Self-healing.

2022-01-14 22:51:01 - [MESSAGE][WARNING] - [SELF-HEALING] The current locator of test object 'Object Repository/Page_Editing quiz Quiz 2/input_Description_submitbutton' was broken. Propose an alternative one: '//div[3]/input'.

2022-01-14 22:51:02 - [MESSAGE][PASSED] - Object: 'Object Repository/Page_Editing quiz Quiz 2/input_Description_submitbutton' is clicked on

2022-01-14 22:51:02 - [TEST_STEP][PASSED] - setText(findTestObject("Object Repository/Page_Editing a TrueFalse question/input_Question name_name"), "Cau 1"): Text 'Cau 1' is set on object 'Object Repository/Page_Editing a TrueFalse question/input_Question name_name'

2022-01-14 22:51:03 - [MESSAGE][PASSED] - Text 'Cau 1' is set on object 'Object Repository/Page_Editing a TrueFalse question/input_Question name_name'

2022-01-14 22:51:03 - [TEST_STEP][PASSED] - setText(findTestObject("Object Repository/Page_Editing a TrueFalse question/div_Dung hay sai"), "Dung hay sai"): Text 'Dung hay sai' is set on object 'Object Repository/Page_Editing a TrueFalse question/div_Dung hay sai'

2022-01-14 22:51:04 - [MESSAGE][PASSED] - Text 'Dung hay sai' is set on object 'Object Repository/Page_Editing a TrueFalse question/div_Dung hay sai'

2022-01-14 22:51:04 - [TEST_STEP][PASSED] - selectOptionByValue(findTestObject("Object Repository/Page_Editing a TrueFalse question/select_False            True"), "1", true): All options with value '1' are selected in object 'Object Repository/Page_Editing a TrueFalse question/select_False            True'  using regular expression

2022-01-14 22:51:05 - [MESSAGE][PASSED] - All options with value '1' are selected in object 'Object Repository/Page_Editing a TrueFalse question/select_False            True'  using regular expression

2022-01-14 22:51:05 - [TEST_STEP][PASSED] - click(findTestObject("Object Repository/Page_Editing a TrueFalse question/input__submitbutton")): Object: 'Object Repository/Page_Editing a TrueFalse question/input__submitbutton' is clicked on

2022-01-14 22:51:06 - [MESSAGE][PASSED] - Object: 'Object Repository/Page_Editing a TrueFalse question/input__submitbutton' is clicked on

2022-01-14 22:51:06 - [TEST_STEP][PASSED] - verifyElementVisible(findTestObject("Object Repository/Page_Editing quiz Quiz 2/div_Cau 1 Dung hay sai")): Object 'Object Repository/Page_Editing quiz Quiz 2/div_Cau 1 Dung hay sai' is visible

2022-01-14 22:51:12 - [MESSAGE][INFO] - Unable to find the element located by 'By.xpath: //div[@id='yui_3_17_2_1_1641965566236_337']'. Please recheck the objects properties to make sure the desired element is located. 

2022-01-14 22:51:12 - [MESSAGE][WARNING] - [SELF-HEALING] Failed to find element with id 'Object Repository/Page_Editing quiz Quiz 2/div_Cau 1 Dung hay sai'. Try using Self-healing.

2022-01-14 22:51:12 - [MESSAGE][WARNING] - [SELF-HEALING] The current locator of test object 'Object Repository/Page_Editing quiz Quiz 2/div_Cau 1 Dung hay sai' was broken. Propose an alternative one: '(.//*[normalize-space(text()) and normalize-space(.)='Question'])[1]/following::div[2]'.

2022-01-14 22:51:12 - [MESSAGE][PASSED] - Object 'Object Repository/Page_Editing quiz Quiz 2/div_Cau 1 Dung hay sai' is visible

2022-01-14 22:51:12 - [TEST_STEP][PASSED] - verifyElementText(findTestObject("Object Repository/Page_Editing quiz Quiz 2/h2_Editing quiz Quiz 2"), "Editing quiz: Quiz 2"): Actual text and expected text of test object 'Object Repository/Page_Editing quiz Quiz 2/h2_Editing quiz Quiz 2' are matched.

2022-01-14 22:51:18 - [MESSAGE][INFO] - Unable to find the element located by 'By.xpath: //h2[@id='yui_3_17_2_1_1641965566236_351']'. Please recheck the objects properties to make sure the desired element is located. 

2022-01-14 22:51:18 - [MESSAGE][WARNING] - [SELF-HEALING] Failed to find element with id 'Object Repository/Page_Editing quiz Quiz 2/h2_Editing quiz Quiz 2'. Try using Self-healing.

2022-01-14 22:51:19 - [MESSAGE][WARNING] - [SELF-HEALING] The current locator of test object 'Object Repository/Page_Editing quiz Quiz 2/h2_Editing quiz Quiz 2' was broken. Propose an alternative one: '(.//*[normalize-space(text()) and normalize-space(.)='Edit quiz'])[1]/following::h2[1]'.

2022-01-14 22:51:19 - [MESSAGE][PASSED] - Actual text and expected text of test object 'Object Repository/Page_Editing quiz Quiz 2/h2_Editing quiz Quiz 2' are matched.

2022-01-14 22:51:19 - [TEST_STEP][PASSED] - verifyElementText(findTestObject("Object Repository/Page_Editing quiz Quiz 2/div_Cau 1 Dung hay sai"), "Cau 1 Dung hay sai"): Actual text and expected text of test object 'Object Repository/Page_Editing quiz Quiz 2/div_Cau 1 Dung hay sai' are matched.

2022-01-14 22:51:25 - [MESSAGE][INFO] - Unable to find the element located by 'By.xpath: //div[@id='yui_3_17_2_1_1641965566236_337']'. Please recheck the objects properties to make sure the desired element is located. 

2022-01-14 22:51:25 - [MESSAGE][WARNING] - [SELF-HEALING] Failed to find element with id 'Object Repository/Page_Editing quiz Quiz 2/div_Cau 1 Dung hay sai'. Try using Self-healing.

2022-01-14 22:51:25 - [MESSAGE][WARNING] - [SELF-HEALING] The current locator of test object 'Object Repository/Page_Editing quiz Quiz 2/div_Cau 1 Dung hay sai' was broken. Propose an alternative one: '(.//*[normalize-space(text()) and normalize-space(.)='Question'])[1]/following::div[2]'.

2022-01-14 22:51:25 - [MESSAGE][PASSED] - Actual text and expected text of test object 'Object Repository/Page_Editing quiz Quiz 2/div_Cau 1 Dung hay sai' are matched.

2022-01-14 22:51:25 - [TEST_STEP][PASSED] - closeBrowser(): Browser is closed

2022-01-14 22:51:26 - [MESSAGE][PASSED] - Browser is closed]]></system-out>
         <system-err><![CDATA[]]></system-err>
      </testcase>
      <testcase name="Test Cases/21_Giáo viên thêm survey" time="24.925" classname="Test Cases/21_Giáo viên thêm survey" status="PASSED">
         <system-out><![CDATA[2022-01-14 22:51:26 - [TEST_CASE][PASSED] - Test Cases/21_Giáo viên thêm survey: Test Cases/21_Giáo viên thêm survey

2022-01-14 22:51:26 - [TEST_STEP][PASSED] - openBrowser(""): Browser is opened with url: ''

2022-01-14 22:51:26 - [MESSAGE][INFO] - Starting 'Chrome' driver

2022-01-14 22:51:26 - [MESSAGE][INFO] - Action delay is set to 0 milliseconds

2022-01-14 22:51:27 - [MESSAGE][PASSED] - Browser is opened with url: ''

2022-01-14 22:51:27 - [TEST_STEP][PASSED] - navigateToUrl("http://localhost/"): Navigate to 'http://localhost/' successfully

2022-01-14 22:51:28 - [MESSAGE][PASSED] - Navigate to 'http://localhost/' successfully

2022-01-14 22:51:28 - [TEST_STEP][PASSED] - click(findTestObject("Object Repository/Page_HCMUS/a_Nhp mn tr tu nhn to")): Object: 'Object Repository/Page_HCMUS/a_Nhp mn tr tu nhn to' is clicked on

2022-01-14 22:51:28 - [MESSAGE][PASSED] - Object: 'Object Repository/Page_HCMUS/a_Nhp mn tr tu nhn to' is clicked on

2022-01-14 22:51:28 - [TEST_STEP][PASSED] - setText(findTestObject("Object Repository/Page_HCMUS Log in to the site/input_Username_username"), "teacher1"): Text 'teacher1' is set on object 'Object Repository/Page_HCMUS Log in to the site/input_Username_username'

2022-01-14 22:51:29 - [MESSAGE][PASSED] - Text 'teacher1' is set on object 'Object Repository/Page_HCMUS Log in to the site/input_Username_username'

2022-01-14 22:51:29 - [TEST_STEP][PASSED] - setEncryptedText(findTestObject("Object Repository/Page_HCMUS Log in to the site/input_Password_password"), "iKb8CrY6A/iqm08K47hQLA=="): Text ****** has been set on object 'Object Repository/Page_HCMUS Log in to the site/input_Password_password'

2022-01-14 22:51:29 - [MESSAGE][PASSED] - Text ****** has been set on object 'Object Repository/Page_HCMUS Log in to the site/input_Password_password'

2022-01-14 22:51:29 - [TEST_STEP][PASSED] - click(findTestObject("Object Repository/Page_HCMUS Log in to the site/button_Log in")): Object: 'Object Repository/Page_HCMUS Log in to the site/button_Log in' is clicked on

2022-01-14 22:51:30 - [MESSAGE][PASSED] - Object: 'Object Repository/Page_HCMUS Log in to the site/button_Log in' is clicked on

2022-01-14 22:51:30 - [TEST_STEP][PASSED] - click(findTestObject("Object Repository/Page_Course Nhp mn tr tu nhn to/button_Turn editing on")): Object: 'Object Repository/Page_Course Nhp mn tr tu nhn to/button_Turn editing on' is clicked on

2022-01-14 22:51:36 - [MESSAGE][INFO] - Unable to find the element located by 'By.xpath: //button[@id='single_button61deb918b38a91']'. Please recheck the objects properties to make sure the desired element is located. 

2022-01-14 22:51:36 - [MESSAGE][WARNING] - [SELF-HEALING] Failed to find element with id 'Object Repository/Page_Course Nhp mn tr tu nhn to/button_Turn editing on'. Try using Self-healing.

2022-01-14 22:51:37 - [MESSAGE][WARNING] - [SELF-HEALING] The current locator of test object 'Object Repository/Page_Course Nhp mn tr tu nhn to/button_Turn editing on' was broken. Propose an alternative one: '(.//*[normalize-space(text()) and normalize-space(.)='AI'])[2]/following::button[1]'.

2022-01-14 22:51:37 - [MESSAGE][PASSED] - Object: 'Object Repository/Page_Course Nhp mn tr tu nhn to/button_Turn editing on' is clicked on

2022-01-14 22:51:37 - [TEST_STEP][PASSED] - click(findTestObject("Object Repository/Page_Course Nhp mn tr tu nhn to/span_Add an activity or resource")): Object: 'Object Repository/Page_Course Nhp mn tr tu nhn to/span_Add an activity or resource' is clicked on

2022-01-14 22:51:43 - [MESSAGE][INFO] - Unable to find the element located by 'By.xpath: //span[@id='yui_3_17_2_1_1641986354069_794']'. Please recheck the objects properties to make sure the desired element is located. 

2022-01-14 22:51:43 - [MESSAGE][WARNING] - [SELF-HEALING] Failed to find element with id 'Object Repository/Page_Course Nhp mn tr tu nhn to/span_Add an activity or resource'. Try using Self-healing.

2022-01-14 22:51:43 - [MESSAGE][WARNING] - [SELF-HEALING] The current locator of test object 'Object Repository/Page_Course Nhp mn tr tu nhn to/span_Add an activity or resource' was broken. Propose an alternative one: '(.//*[normalize-space(text()) and normalize-space(.)='Add file(s) here'])[1]/following::span[1]'.

2022-01-14 22:51:44 - [MESSAGE][PASSED] - Object: 'Object Repository/Page_Course Nhp mn tr tu nhn to/span_Add an activity or resource' is clicked on

2022-01-14 22:51:44 - [TEST_STEP][PASSED] - click(findTestObject("Object Repository/Page_Course Nhp mn tr tu nhn to/div_Information about the SCORM package act_c8e698")): Object: 'Object Repository/Page_Course Nhp mn tr tu nhn to/div_Information about the SCORM package act_c8e698' is clicked on

2022-01-14 22:51:46 - [MESSAGE][PASSED] - Object: 'Object Repository/Page_Course Nhp mn tr tu nhn to/div_Information about the SCORM package act_c8e698' is clicked on

2022-01-14 22:51:46 - [TEST_STEP][PASSED] - setText(findTestObject("Object Repository/Page_Editing Survey/input_Name_name"), "Survey 1"): Text 'Survey 1' is set on object 'Object Repository/Page_Editing Survey/input_Name_name'

2022-01-14 22:51:47 - [MESSAGE][PASSED] - Text 'Survey 1' is set on object 'Object Repository/Page_Editing Survey/input_Name_name'

2022-01-14 22:51:47 - [TEST_STEP][PASSED] - selectOptionByValue(findTestObject("Object Repository/Page_Editing Survey/select_Choose.            ATTLS (20 item ve_6ae139"), "5", true): All options with value '5' are selected in object 'Object Repository/Page_Editing Survey/select_Choose.            ATTLS (20 item ve_6ae139'  using regular expression

2022-01-14 22:51:48 - [MESSAGE][PASSED] - All options with value '5' are selected in object 'Object Repository/Page_Editing Survey/select_Choose.            ATTLS (20 item ve_6ae139'  using regular expression

2022-01-14 22:51:48 - [TEST_STEP][PASSED] - click(findTestObject("Object Repository/Page_Editing Survey/input_Upon activity completion_submitbutton")): Object: 'Object Repository/Page_Editing Survey/input_Upon activity completion_submitbutton' is clicked on

2022-01-14 22:51:49 - [MESSAGE][PASSED] - Object: 'Object Repository/Page_Editing Survey/input_Upon activity completion_submitbutton' is clicked on

2022-01-14 22:51:49 - [TEST_STEP][PASSED] - verifyElementText(findTestObject("Object Repository/Page_Survey 1/h2_Survey 1"), "Survey 1"): Actual text and expected text of test object 'Object Repository/Page_Survey 1/h2_Survey 1' are matched.

2022-01-14 22:51:50 - [MESSAGE][PASSED] - Actual text and expected text of test object 'Object Repository/Page_Survey 1/h2_Survey 1' are matched.

2022-01-14 22:51:50 - [TEST_STEP][PASSED] - closeBrowser(): Browser is closed

2022-01-14 22:51:51 - [MESSAGE][PASSED] - Browser is closed]]></system-out>
         <system-err><![CDATA[]]></system-err>
      </testcase>
      <testcase name="Test Cases/22_Giáo viên thêm forum" time="31.394" classname="Test Cases/22_Giáo viên thêm forum" status="PASSED">
         <system-out><![CDATA[2022-01-14 22:51:51 - [TEST_CASE][PASSED] - Test Cases/22_Giáo viên thêm forum: Test Cases/22_Giáo viên thêm forum

2022-01-14 22:51:51 - [TEST_STEP][PASSED] - openBrowser(""): Browser is opened with url: ''

2022-01-14 22:51:51 - [MESSAGE][INFO] - Starting 'Chrome' driver

2022-01-14 22:51:51 - [MESSAGE][INFO] - Action delay is set to 0 milliseconds

2022-01-14 22:51:52 - [MESSAGE][PASSED] - Browser is opened with url: ''

2022-01-14 22:51:52 - [TEST_STEP][PASSED] - navigateToUrl("http://localhost/"): Navigate to 'http://localhost/' successfully

2022-01-14 22:51:53 - [MESSAGE][PASSED] - Navigate to 'http://localhost/' successfully

2022-01-14 22:51:53 - [TEST_STEP][PASSED] - click(findTestObject("Object Repository/Page_HCMUS/a_Nhp mn tr tu nhn to")): Object: 'Object Repository/Page_HCMUS/a_Nhp mn tr tu nhn to' is clicked on

2022-01-14 22:51:53 - [MESSAGE][PASSED] - Object: 'Object Repository/Page_HCMUS/a_Nhp mn tr tu nhn to' is clicked on

2022-01-14 22:51:53 - [TEST_STEP][PASSED] - setText(findTestObject("Object Repository/Page_HCMUS Log in to the site/input_Username_username"), "teacher1"): Text 'teacher1' is set on object 'Object Repository/Page_HCMUS Log in to the site/input_Username_username'

2022-01-14 22:51:54 - [MESSAGE][PASSED] - Text 'teacher1' is set on object 'Object Repository/Page_HCMUS Log in to the site/input_Username_username'

2022-01-14 22:51:54 - [TEST_STEP][PASSED] - setEncryptedText(findTestObject("Object Repository/Page_HCMUS Log in to the site/input_Password_password"), "iKb8CrY6A/iqm08K47hQLA=="): Text ****** has been set on object 'Object Repository/Page_HCMUS Log in to the site/input_Password_password'

2022-01-14 22:51:55 - [MESSAGE][PASSED] - Text ****** has been set on object 'Object Repository/Page_HCMUS Log in to the site/input_Password_password'

2022-01-14 22:51:55 - [TEST_STEP][PASSED] - click(findTestObject("Object Repository/Page_HCMUS Log in to the site/button_Log in")): Object: 'Object Repository/Page_HCMUS Log in to the site/button_Log in' is clicked on

2022-01-14 22:51:56 - [MESSAGE][PASSED] - Object: 'Object Repository/Page_HCMUS Log in to the site/button_Log in' is clicked on

2022-01-14 22:51:56 - [TEST_STEP][PASSED] - click(findTestObject("Object Repository/Page_Course Nhp mn tr tu nhn to/button_Turn editing on")): Object: 'Object Repository/Page_Course Nhp mn tr tu nhn to/button_Turn editing on' is clicked on

2022-01-14 22:52:02 - [MESSAGE][INFO] - Unable to find the element located by 'By.xpath: //button[@id='single_button61deb918b38a91']'. Please recheck the objects properties to make sure the desired element is located. 

2022-01-14 22:52:02 - [MESSAGE][WARNING] - [SELF-HEALING] Failed to find element with id 'Object Repository/Page_Course Nhp mn tr tu nhn to/button_Turn editing on'. Try using Self-healing.

2022-01-14 22:52:02 - [MESSAGE][WARNING] - [SELF-HEALING] The current locator of test object 'Object Repository/Page_Course Nhp mn tr tu nhn to/button_Turn editing on' was broken. Propose an alternative one: '(.//*[normalize-space(text()) and normalize-space(.)='AI'])[2]/following::button[1]'.

2022-01-14 22:52:03 - [MESSAGE][PASSED] - Object: 'Object Repository/Page_Course Nhp mn tr tu nhn to/button_Turn editing on' is clicked on

2022-01-14 22:52:03 - [TEST_STEP][PASSED] - click(findTestObject("Object Repository/Page_Course Nhp mn tr tu nhn to/button_Add an activity or resource")): Object: 'Object Repository/Page_Course Nhp mn tr tu nhn to/button_Add an activity or resource' is clicked on

2022-01-14 22:52:09 - [MESSAGE][INFO] - Unable to find the element located by 'By.xpath: //button[@id='yui_3_17_2_1_1641966172544_704']'. Please recheck the objects properties to make sure the desired element is located. 

2022-01-14 22:52:09 - [MESSAGE][WARNING] - [SELF-HEALING] Failed to find element with id 'Object Repository/Page_Course Nhp mn tr tu nhn to/button_Add an activity or resource'. Try using Self-healing.

2022-01-14 22:52:09 - [MESSAGE][WARNING] - [SELF-HEALING] The current locator of test object 'Object Repository/Page_Course Nhp mn tr tu nhn to/button_Add an activity or resource' was broken. Propose an alternative one: '(.//*[normalize-space(text()) and normalize-space(.)='Add file(s) here'])[1]/following::button[1]'.

2022-01-14 22:52:09 - [MESSAGE][PASSED] - Object: 'Object Repository/Page_Course Nhp mn tr tu nhn to/button_Add an activity or resource' is clicked on

2022-01-14 22:52:09 - [TEST_STEP][PASSED] - click(findTestObject("Object Repository/Page_Course Nhp mn tr tu nhn to/div_Information about the Folder activity_o_1fd216")): Object: 'Object Repository/Page_Course Nhp mn tr tu nhn to/div_Information about the Folder activity_o_1fd216' is clicked on

2022-01-14 22:52:11 - [MESSAGE][PASSED] - Object: 'Object Repository/Page_Course Nhp mn tr tu nhn to/div_Information about the Folder activity_o_1fd216' is clicked on

2022-01-14 22:52:11 - [TEST_STEP][PASSED] - setText(findTestObject("Object Repository/Page_Editing Forum/input_Forum name_name"), "Forum 1"): Text 'Forum 1' is set on object 'Object Repository/Page_Editing Forum/input_Forum name_name'

2022-01-14 22:52:13 - [MESSAGE][PASSED] - Text 'Forum 1' is set on object 'Object Repository/Page_Editing Forum/input_Forum name_name'

2022-01-14 22:52:13 - [TEST_STEP][PASSED] - click(findTestObject("Object Repository/Page_Editing Forum/input_Upon activity completion_submitbutton")): Object: 'Object Repository/Page_Editing Forum/input_Upon activity completion_submitbutton' is clicked on

2022-01-14 22:52:14 - [MESSAGE][PASSED] - Object: 'Object Repository/Page_Editing Forum/input_Upon activity completion_submitbutton' is clicked on

2022-01-14 22:52:14 - [TEST_STEP][PASSED] - verifyElementText(findTestObject("Object Repository/Page_Forum 1/h2_Forum 1"), "Forum 1"): Actual text and expected text of test object 'Object Repository/Page_Forum 1/h2_Forum 1' are matched.

2022-01-14 22:52:15 - [MESSAGE][PASSED] - Actual text and expected text of test object 'Object Repository/Page_Forum 1/h2_Forum 1' are matched.

2022-01-14 22:52:15 - [TEST_STEP][PASSED] - verifyElementText(findTestObject("Object Repository/Page_Forum 1/div_(There are no discussion topics yet in _507a86"), "(There are no discussion topics yet in this forum)"): Actual text and expected text of test object 'Object Repository/Page_Forum 1/div_(There are no discussion topics yet in _507a86' are matched.

2022-01-14 22:52:21 - [MESSAGE][INFO] - Unable to find the element located by 'By.xpath: //div[@id='discussion-list-61de6a6c978e061de6a6c4d7df57']/div[3]'. Please recheck the objects properties to make sure the desired element is located. 

2022-01-14 22:52:21 - [MESSAGE][WARNING] - [SELF-HEALING] Failed to find element with id 'Object Repository/Page_Forum 1/div_(There are no discussion topics yet in _507a86'. Try using Self-healing.

2022-01-14 22:52:21 - [MESSAGE][WARNING] - [SELF-HEALING] The current locator of test object 'Object Repository/Page_Forum 1/div_(There are no discussion topics yet in _507a86' was broken. Propose an alternative one: '(.//*[normalize-space(text()) and normalize-space(.)='Cancel'])[1]/following::div[6]'.

2022-01-14 22:52:21 - [MESSAGE][PASSED] - Actual text and expected text of test object 'Object Repository/Page_Forum 1/div_(There are no discussion topics yet in _507a86' are matched.

2022-01-14 22:52:21 - [TEST_STEP][PASSED] - closeBrowser(): Browser is closed

2022-01-14 22:52:22 - [MESSAGE][PASSED] - Browser is closed]]></system-out>
         <system-err><![CDATA[]]></system-err>
      </testcase>
      <testcase name="Test Cases/23_Giáo viên thêm url" time="25.458" classname="Test Cases/23_Giáo viên thêm url" status="PASSED">
         <system-out><![CDATA[2022-01-14 22:52:22 - [TEST_CASE][PASSED] - Test Cases/23_Giáo viên thêm url: Test Cases/23_Giáo viên thêm url

2022-01-14 22:52:22 - [TEST_STEP][PASSED] - openBrowser(""): Browser is opened with url: ''

2022-01-14 22:52:22 - [MESSAGE][INFO] - Starting 'Chrome' driver

2022-01-14 22:52:22 - [MESSAGE][INFO] - Action delay is set to 0 milliseconds

2022-01-14 22:52:23 - [MESSAGE][PASSED] - Browser is opened with url: ''

2022-01-14 22:52:23 - [TEST_STEP][PASSED] - navigateToUrl("http://localhost/"): Navigate to 'http://localhost/' successfully

2022-01-14 22:52:24 - [MESSAGE][PASSED] - Navigate to 'http://localhost/' successfully

2022-01-14 22:52:24 - [TEST_STEP][PASSED] - click(findTestObject("Object Repository/Page_HCMUS/a_Nhp mn tr tu nhn to")): Object: 'Object Repository/Page_HCMUS/a_Nhp mn tr tu nhn to' is clicked on

2022-01-14 22:52:25 - [MESSAGE][PASSED] - Object: 'Object Repository/Page_HCMUS/a_Nhp mn tr tu nhn to' is clicked on

2022-01-14 22:52:25 - [TEST_STEP][PASSED] - setText(findTestObject("Object Repository/Page_HCMUS Log in to the site/input_Username_username"), "teacher1"): Text 'teacher1' is set on object 'Object Repository/Page_HCMUS Log in to the site/input_Username_username'

2022-01-14 22:52:26 - [MESSAGE][PASSED] - Text 'teacher1' is set on object 'Object Repository/Page_HCMUS Log in to the site/input_Username_username'

2022-01-14 22:52:26 - [TEST_STEP][PASSED] - setEncryptedText(findTestObject("Object Repository/Page_HCMUS Log in to the site/input_Password_password"), "iKb8CrY6A/iqm08K47hQLA=="): Text ****** has been set on object 'Object Repository/Page_HCMUS Log in to the site/input_Password_password'

2022-01-14 22:52:26 - [MESSAGE][PASSED] - Text ****** has been set on object 'Object Repository/Page_HCMUS Log in to the site/input_Password_password'

2022-01-14 22:52:26 - [TEST_STEP][PASSED] - click(findTestObject("Object Repository/Page_HCMUS Log in to the site/button_Log in")): Object: 'Object Repository/Page_HCMUS Log in to the site/button_Log in' is clicked on

2022-01-14 22:52:27 - [MESSAGE][PASSED] - Object: 'Object Repository/Page_HCMUS Log in to the site/button_Log in' is clicked on

2022-01-14 22:52:27 - [TEST_STEP][PASSED] - click(findTestObject("Object Repository/Page_Course Nhp mn tr tu nhn to/button_Turn editing on")): Object: 'Object Repository/Page_Course Nhp mn tr tu nhn to/button_Turn editing on' is clicked on

2022-01-14 22:52:33 - [MESSAGE][INFO] - Unable to find the element located by 'By.xpath: //button[@id='single_button61deb918b38a91']'. Please recheck the objects properties to make sure the desired element is located. 

2022-01-14 22:52:33 - [MESSAGE][WARNING] - [SELF-HEALING] Failed to find element with id 'Object Repository/Page_Course Nhp mn tr tu nhn to/button_Turn editing on'. Try using Self-healing.

2022-01-14 22:52:33 - [MESSAGE][WARNING] - [SELF-HEALING] The current locator of test object 'Object Repository/Page_Course Nhp mn tr tu nhn to/button_Turn editing on' was broken. Propose an alternative one: '(.//*[normalize-space(text()) and normalize-space(.)='AI'])[2]/following::button[1]'.

2022-01-14 22:52:34 - [MESSAGE][PASSED] - Object: 'Object Repository/Page_Course Nhp mn tr tu nhn to/button_Turn editing on' is clicked on

2022-01-14 22:52:34 - [TEST_STEP][PASSED] - click(findTestObject("Object Repository/Page_Course Nhp mn tr tu nhn to/span_Add an activity or resource")): Object: 'Object Repository/Page_Course Nhp mn tr tu nhn to/span_Add an activity or resource' is clicked on

2022-01-14 22:52:40 - [MESSAGE][INFO] - Unable to find the element located by 'By.xpath: //span[@id='yui_3_17_2_1_1641986354069_794']'. Please recheck the objects properties to make sure the desired element is located. 

2022-01-14 22:52:40 - [MESSAGE][WARNING] - [SELF-HEALING] Failed to find element with id 'Object Repository/Page_Course Nhp mn tr tu nhn to/span_Add an activity or resource'. Try using Self-healing.

2022-01-14 22:52:40 - [MESSAGE][WARNING] - [SELF-HEALING] The current locator of test object 'Object Repository/Page_Course Nhp mn tr tu nhn to/span_Add an activity or resource' was broken. Propose an alternative one: '(.//*[normalize-space(text()) and normalize-space(.)='Add file(s) here'])[1]/following::span[1]'.

2022-01-14 22:52:40 - [MESSAGE][PASSED] - Object: 'Object Repository/Page_Course Nhp mn tr tu nhn to/span_Add an activity or resource' is clicked on

2022-01-14 22:52:40 - [TEST_STEP][PASSED] - click(findTestObject("Object Repository/Page_Course Nhp mn tr tu nhn to/div_Information about the Survey activity_o_92b696")): Object: 'Object Repository/Page_Course Nhp mn tr tu nhn to/div_Information about the Survey activity_o_92b696' is clicked on

2022-01-14 22:52:42 - [MESSAGE][PASSED] - Object: 'Object Repository/Page_Course Nhp mn tr tu nhn to/div_Information about the Survey activity_o_92b696' is clicked on

2022-01-14 22:52:42 - [TEST_STEP][PASSED] - setText(findTestObject("Object Repository/Page_Editing URL/input_Name_name"), "Youtube"): Text 'Youtube' is set on object 'Object Repository/Page_Editing URL/input_Name_name'

2022-01-14 22:52:44 - [MESSAGE][PASSED] - Text 'Youtube' is set on object 'Object Repository/Page_Editing URL/input_Name_name'

2022-01-14 22:52:44 - [TEST_STEP][PASSED] - setText(findTestObject("Object Repository/Page_Editing URL/input_External URL_externalurl"), "https://www.youtube.com"): Text 'https://www.youtube.com' is set on object 'Object Repository/Page_Editing URL/input_External URL_externalurl'

2022-01-14 22:52:44 - [MESSAGE][PASSED] - Text 'https://www.youtube.com' is set on object 'Object Repository/Page_Editing URL/input_External URL_externalurl'

2022-01-14 22:52:44 - [TEST_STEP][PASSED] - click(findTestObject("Object Repository/Page_Editing URL/input_Upon activity completion_submitbutton")): Object: 'Object Repository/Page_Editing URL/input_Upon activity completion_submitbutton' is clicked on

2022-01-14 22:52:46 - [MESSAGE][PASSED] - Object: 'Object Repository/Page_Editing URL/input_Upon activity completion_submitbutton' is clicked on

2022-01-14 22:52:46 - [TEST_STEP][PASSED] - verifyElementText(findTestObject("Object Repository/Page_AI Youtube/h2_Youtube"), "Youtube"): Actual text and expected text of test object 'Object Repository/Page_AI Youtube/h2_Youtube' are matched.

2022-01-14 22:52:46 - [MESSAGE][PASSED] - Actual text and expected text of test object 'Object Repository/Page_AI Youtube/h2_Youtube' are matched.

2022-01-14 22:52:46 - [TEST_STEP][PASSED] - verifyElementText(findTestObject("Object Repository/Page_AI Youtube/div_Click httpswww.youtube.com link to open_9d6cf4"), "Click https://www.youtube.com link to open resource."): Actual text and expected text of test object 'Object Repository/Page_AI Youtube/div_Click httpswww.youtube.com link to open_9d6cf4' are matched.

2022-01-14 22:52:47 - [MESSAGE][PASSED] - Actual text and expected text of test object 'Object Repository/Page_AI Youtube/div_Click httpswww.youtube.com link to open_9d6cf4' are matched.

2022-01-14 22:52:47 - [TEST_STEP][PASSED] - closeBrowser(): Browser is closed

2022-01-14 22:52:47 - [MESSAGE][PASSED] - Browser is closed]]></system-out>
         <system-err><![CDATA[]]></system-err>
      </testcase>
      <testcase name="Test Cases/24_Sinh viên làm quiz" time="48.925" classname="Test Cases/24_Sinh viên làm quiz" status="PASSED">
         <system-out><![CDATA[2022-01-14 22:53:07 - [TEST_CASE][PASSED] - Test Cases/24_Sinh viên làm quiz: Test Cases/24_Sinh viên làm quiz

2022-01-14 22:53:07 - [TEST_STEP][PASSED] - openBrowser(""): Browser is opened with url: ''

2022-01-14 22:53:07 - [MESSAGE][WARNING] - A browser is already opened. Closing browser and opening a new one

2022-01-14 22:53:08 - [MESSAGE][INFO] - Starting 'Chrome' driver

2022-01-14 22:53:08 - [MESSAGE][INFO] - Action delay is set to 0 milliseconds

2022-01-14 22:53:09 - [MESSAGE][PASSED] - Browser is opened with url: ''

2022-01-14 22:53:09 - [TEST_STEP][PASSED] - navigateToUrl("http://localhost/"): Navigate to 'http://localhost/' successfully

2022-01-14 22:53:10 - [MESSAGE][PASSED] - Navigate to 'http://localhost/' successfully

2022-01-14 22:53:10 - [TEST_STEP][PASSED] - click(findTestObject("Object Repository/Page_HCMUS/a_Nhp mn tr tu nhn to")): Object: 'Object Repository/Page_HCMUS/a_Nhp mn tr tu nhn to' is clicked on

2022-01-14 22:53:10 - [MESSAGE][PASSED] - Object: 'Object Repository/Page_HCMUS/a_Nhp mn tr tu nhn to' is clicked on

2022-01-14 22:53:10 - [TEST_STEP][PASSED] - setText(findTestObject("Object Repository/Page_HCMUS Log in to the site/input_Username_username"), "student3"): Text 'student3' is set on object 'Object Repository/Page_HCMUS Log in to the site/input_Username_username'

2022-01-14 22:53:11 - [MESSAGE][PASSED] - Text 'student3' is set on object 'Object Repository/Page_HCMUS Log in to the site/input_Username_username'

2022-01-14 22:53:11 - [TEST_STEP][PASSED] - setEncryptedText(findTestObject("Object Repository/Page_HCMUS Log in to the site/input_Password_password"), "xsue+lrReh7u7aVNaHEoWw=="): Text ****** has been set on object 'Object Repository/Page_HCMUS Log in to the site/input_Password_password'

2022-01-14 22:53:12 - [MESSAGE][PASSED] - Text ****** has been set on object 'Object Repository/Page_HCMUS Log in to the site/input_Password_password'

2022-01-14 22:53:12 - [TEST_STEP][PASSED] - click(findTestObject("Object Repository/Page_HCMUS Log in to the site/button_Log in")): Object: 'Object Repository/Page_HCMUS Log in to the site/button_Log in' is clicked on

2022-01-14 22:53:13 - [MESSAGE][PASSED] - Object: 'Object Repository/Page_HCMUS Log in to the site/button_Log in' is clicked on

2022-01-14 22:53:13 - [TEST_STEP][PASSED] - click(findTestObject("Object Repository/Page_Course Nhp mn tr tu nhn to/button_End tour"), OPTIONAL): Unable to click on object 'Object Repository/Page_Course Nhp mn tr tu nhn to/button_End tour' (Root cause: com.kms.katalon.core.exception.StepFailedException: Unable to click on object 'Object Repository/Page_Course Nhp mn tr tu nhn to/button_End tour'
	at com.kms.katalon.core.webui.keyword.internal.WebUIKeywordMain.stepFailed(WebUIKeywordMain.groovy:64)
	at com.kms.katalon.core.webui.keyword.internal.WebUIKeywordMain.runKeyword(WebUIKeywordMain.groovy:26)
	at com.kms.katalon.core.webui.keyword.builtin.ClickKeyword.click(ClickKeyword.groovy:74)
	at com.kms.katalon.core.webui.keyword.builtin.ClickKeyword.execute(ClickKeyword.groovy:40)
	at com.kms.katalon.core.keyword.internal.KeywordExecutor.executeKeywordForPlatform(KeywordExecutor.groovy:74)
	at com.kms.katalon.core.webui.keyword.WebUiBuiltInKeywords.click(WebUiBuiltInKeywords.groovy:608)
	at com.kms.katalon.core.webui.keyword.WebUiBuiltInKeywords$click$8.call(Unknown Source)
	at 24_Sinh viên làm quiz.run(24_Sinh viên làm quiz:32)
	at com.kms.katalon.core.main.ScriptEngine.run(ScriptEngine.java:194)
	at com.kms.katalon.core.main.ScriptEngine.runScriptAsRawText(ScriptEngine.java:119)
	at com.kms.katalon.core.main.TestCaseExecutor.runScript(TestCaseExecutor.java:442)
	at com.kms.katalon.core.main.TestCaseExecutor.doExecute(TestCaseExecutor.java:433)
	at com.kms.katalon.core.main.TestCaseExecutor.processExecutionPhase(TestCaseExecutor.java:412)
	at com.kms.katalon.core.main.TestCaseExecutor.accessMainPhase(TestCaseExecutor.java:404)
	at com.kms.katalon.core.main.TestCaseExecutor.execute(TestCaseExecutor.java:281)
	at com.kms.katalon.core.main.TestCaseExecutor.execute(TestCaseExecutor.java:363)
	at com.kms.katalon.core.main.TestSuiteExecutor.accessTestCaseMainPhase(TestSuiteExecutor.java:202)
	at com.kms.katalon.core.main.TestSuiteExecutor.accessTestSuiteMainPhase(TestSuiteExecutor.java:164)
	at com.kms.katalon.core.main.TestSuiteExecutor.execute(TestSuiteExecutor.java:105)
	at com.kms.katalon.core.main.TestCaseMain.startTestSuite(TestCaseMain.java:181)
	at com.kms.katalon.core.main.TestCaseMain$startTestSuite$0.call(Unknown Source)
	at TempTestSuite1642174516033.run(TempTestSuite1642174516033.groovy:36)
Caused by: com.kms.katalon.core.webui.exception.WebElementNotFoundException: Web element with id: 'Object Repository/Page_Course Nhp mn tr tu nhn to/button_End tour' located by '//span[@id='tour-step-tool_usertours_4_2_1620109487-0']/div/div/div[4]/button[3]' not found
	at com.kms.katalon.core.webui.common.WebUiCommonHelper.findWebElement(WebUiCommonHelper.java:1368)
	at com.kms.katalon.core.webui.keyword.internal.WebUIAbstractKeyword.findWebElement(WebUIAbstractKeyword.groovy:27)
	at com.kms.katalon.core.webui.keyword.builtin.ClickKeyword$_click_closure1.doCall(ClickKeyword.groovy:65)
	at com.kms.katalon.core.webui.keyword.builtin.ClickKeyword$_click_closure1.call(ClickKeyword.groovy)
	at com.kms.katalon.core.webui.keyword.internal.WebUIKeywordMain.runKeyword(WebUIKeywordMain.groovy:20)
	at com.kms.katalon.core.webui.keyword.builtin.ClickKeyword.click(ClickKeyword.groovy:74)
	at com.kms.katalon.core.webui.keyword.builtin.ClickKeyword.execute(ClickKeyword.groovy:40)
	at com.kms.katalon.core.keyword.internal.KeywordExecutor.executeKeywordForPlatform(KeywordExecutor.groovy:74)
	at com.kms.katalon.core.webui.keyword.WebUiBuiltInKeywords.click(WebUiBuiltInKeywords.groovy:608)
	at com.kms.katalon.core.webui.keyword.WebUiBuiltInKeywords$click$8.call(Unknown Source)
	at Script1641966415165.run(Script1641966415165.groovy:32)
	... 14 more
)

2022-01-14 22:53:19 - [MESSAGE][INFO] - Unable to find the element located by 'By.xpath: //span[@id='tour-step-tool_usertours_4_2_1620109487-0']/div/div/div[4]/button[3]'. Please recheck the objects properties to make sure the desired element is located. 

2022-01-14 22:53:19 - [MESSAGE][WARNING] - [SELF-HEALING] Failed to find element with id 'Object Repository/Page_Course Nhp mn tr tu nhn to/button_End tour'. Try using Self-healing.

2022-01-14 22:53:20 - [MESSAGE][INFO] - Unable to find the element located by 'By.xpath: (.//*[normalize-space(text()) and normalize-space(.)='Next'])[1]/following::button[1]'. Please recheck the objects properties to make sure the desired element is located. 

2022-01-14 22:53:20 - [MESSAGE][INFO] - [SELF-HEALING] Failed Locator: '//span[@id='tour-step-tool_usertours_4_2_1620109487-0']/div/div/div[4]/button[3]'.

2022-01-14 22:53:21 - [MESSAGE][INFO] - [SELF-HEALING] Failed Locator: '(.//*[normalize-space(text()) and normalize-space(.)='Next'])[1]/following::button[1]'.

2022-01-14 22:53:21 - [MESSAGE][INFO] - [SELF-HEALING] Failed Locator: '(.//*[normalize-space(text()) and normalize-space(.)='Previous'])[1]/following::button[2]'.

2022-01-14 22:53:21 - [MESSAGE][INFO] - [SELF-HEALING] Failed Locator: '//*/text()[normalize-space(.)='End tour']/parent::*'.

2022-01-14 22:53:21 - [MESSAGE][INFO] - [SELF-HEALING] Failed Locator: '//div[4]/button[3]'.

2022-01-14 22:53:21 - [MESSAGE][INFO] - [SELF-HEALING] Failed Locator: '//span[@id='tour-step-tool_usertours_8_2_1620109487-0']/div/div/div[4]/button[3]'.

2022-01-14 22:53:22 - [MESSAGE][INFO] - [SELF-HEALING] Failed Locator: '//span[@id='tour-step-tool_usertours_16_1_1620109487-0']/div/div/div[4]/button[3]'.

2022-01-14 22:53:23 - [MESSAGE][INFO] - Unable to find the element located by 'By.xpath: //*[(text() = ' End tour ' or . = ' End tour ')]'. Please recheck the objects properties to make sure the desired element is located. 

2022-01-14 22:53:24 - [MESSAGE][INFO] - Unable to find the element located by 'By.cssSelector: '. Please recheck the objects properties to make sure the desired element is located. 

2022-01-14 22:53:24 - [MESSAGE][WARNING] - Unable to click on object 'Object Repository/Page_Course Nhp mn tr tu nhn to/button_End tour' (Root cause: com.kms.katalon.core.exception.StepFailedException: Unable to click on object 'Object Repository/Page_Course Nhp mn tr tu nhn to/button_End tour'
	at com.kms.katalon.core.webui.keyword.internal.WebUIKeywordMain.stepFailed(WebUIKeywordMain.groovy:64)
	at com.kms.katalon.core.webui.keyword.internal.WebUIKeywordMain.runKeyword(WebUIKeywordMain.groovy:26)
	at com.kms.katalon.core.webui.keyword.builtin.ClickKeyword.click(ClickKeyword.groovy:74)
	at com.kms.katalon.core.webui.keyword.builtin.ClickKeyword.execute(ClickKeyword.groovy:40)
	at com.kms.katalon.core.keyword.internal.KeywordExecutor.executeKeywordForPlatform(KeywordExecutor.groovy:74)
	at com.kms.katalon.core.webui.keyword.WebUiBuiltInKeywords.click(WebUiBuiltInKeywords.groovy:608)
	at com.kms.katalon.core.webui.keyword.WebUiBuiltInKeywords$click$8.call(Unknown Source)
	at 24_Sinh viên làm quiz.run(24_Sinh viên làm quiz:32)
	at com.kms.katalon.core.main.ScriptEngine.run(ScriptEngine.java:194)
	at com.kms.katalon.core.main.ScriptEngine.runScriptAsRawText(ScriptEngine.java:119)
	at com.kms.katalon.core.main.TestCaseExecutor.runScript(TestCaseExecutor.java:442)
	at com.kms.katalon.core.main.TestCaseExecutor.doExecute(TestCaseExecutor.java:433)
	at com.kms.katalon.core.main.TestCaseExecutor.processExecutionPhase(TestCaseExecutor.java:412)
	at com.kms.katalon.core.main.TestCaseExecutor.accessMainPhase(TestCaseExecutor.java:404)
	at com.kms.katalon.core.main.TestCaseExecutor.execute(TestCaseExecutor.java:281)
	at com.kms.katalon.core.main.TestCaseExecutor.execute(TestCaseExecutor.java:363)
	at com.kms.katalon.core.main.TestSuiteExecutor.accessTestCaseMainPhase(TestSuiteExecutor.java:202)
	at com.kms.katalon.core.main.TestSuiteExecutor.accessTestSuiteMainPhase(TestSuiteExecutor.java:164)
	at com.kms.katalon.core.main.TestSuiteExecutor.execute(TestSuiteExecutor.java:105)
	at com.kms.katalon.core.main.TestCaseMain.startTestSuite(TestCaseMain.java:181)
	at com.kms.katalon.core.main.TestCaseMain$startTestSuite$0.call(Unknown Source)
	at TempTestSuite1642174516033.run(TempTestSuite1642174516033.groovy:36)
Caused by: com.kms.katalon.core.webui.exception.WebElementNotFoundException: Web element with id: 'Object Repository/Page_Course Nhp mn tr tu nhn to/button_End tour' located by '//span[@id='tour-step-tool_usertours_4_2_1620109487-0']/div/div/div[4]/button[3]' not found
	at com.kms.katalon.core.webui.common.WebUiCommonHelper.findWebElement(WebUiCommonHelper.java:1368)
	at com.kms.katalon.core.webui.keyword.internal.WebUIAbstractKeyword.findWebElement(WebUIAbstractKeyword.groovy:27)
	at com.kms.katalon.core.webui.keyword.builtin.ClickKeyword$_click_closure1.doCall(ClickKeyword.groovy:65)
	at com.kms.katalon.core.webui.keyword.builtin.ClickKeyword$_click_closure1.call(ClickKeyword.groovy)
	at com.kms.katalon.core.webui.keyword.internal.WebUIKeywordMain.runKeyword(WebUIKeywordMain.groovy:20)
	at com.kms.katalon.core.webui.keyword.builtin.ClickKeyword.click(ClickKeyword.groovy:74)
	at com.kms.katalon.core.webui.keyword.builtin.ClickKeyword.execute(ClickKeyword.groovy:40)
	at com.kms.katalon.core.keyword.internal.KeywordExecutor.executeKeywordForPlatform(KeywordExecutor.groovy:74)
	at com.kms.katalon.core.webui.keyword.WebUiBuiltInKeywords.click(WebUiBuiltInKeywords.groovy:608)
	at com.kms.katalon.core.webui.keyword.WebUiBuiltInKeywords$click$8.call(Unknown Source)
	at Script1641966415165.run(Script1641966415165.groovy:32)
	... 14 more
)
[[ATTACHMENT|D:\\nam 3\\nhap mon CNPM\\bonus project\\Test-Automation-SE-Bonus\\Reports\\20220114_223516\\Run all test cases\\20220114_223516\\1642175604402.png]]

2022-01-14 22:53:24 - [TEST_STEP][PASSED] - click(findTestObject("Object Repository/Page_Course Nhp mn tr tu nhn to/span_Quiz 2")): Object: 'Object Repository/Page_Course Nhp mn tr tu nhn to/span_Quiz 2' is clicked on

2022-01-14 22:53:25 - [MESSAGE][PASSED] - Object: 'Object Repository/Page_Course Nhp mn tr tu nhn to/span_Quiz 2' is clicked on

2022-01-14 22:53:25 - [TEST_STEP][PASSED] - click(findTestObject("Object Repository/Page_AI Quiz 2/button_End tour"), OPTIONAL): Object: 'Object Repository/Page_AI Quiz 2/button_End tour' is clicked on

2022-01-14 22:53:31 - [MESSAGE][INFO] - Unable to find the element located by 'By.xpath: //span[@id='tour-step-tool_usertours_8_4_1620110287-0']/div/div/div[4]/button[3]'. Please recheck the objects properties to make sure the desired element is located. 

2022-01-14 22:53:31 - [MESSAGE][WARNING] - [SELF-HEALING] Failed to find element with id 'Object Repository/Page_AI Quiz 2/button_End tour'. Try using Self-healing.

2022-01-14 22:53:31 - [MESSAGE][WARNING] - [SELF-HEALING] The current locator of test object 'Object Repository/Page_AI Quiz 2/button_End tour' was broken. Propose an alternative one: '(.//*[normalize-space(text()) and normalize-space(.)='Next'])[1]/following::button[1]'.

2022-01-14 22:53:31 - [MESSAGE][PASSED] - Object: 'Object Repository/Page_AI Quiz 2/button_End tour' is clicked on

2022-01-14 22:53:31 - [TEST_STEP][PASSED] - click(findTestObject("Object Repository/Page_AI Quiz 2/button_Attempt quiz now")): Object: 'Object Repository/Page_AI Quiz 2/button_Attempt quiz now' is clicked on

2022-01-14 22:53:38 - [MESSAGE][INFO] - Unable to find the element located by 'By.xpath: //button[@id='single_button61de6b93988a714']'. Please recheck the objects properties to make sure the desired element is located. 

2022-01-14 22:53:38 - [MESSAGE][WARNING] - [SELF-HEALING] Failed to find element with id 'Object Repository/Page_AI Quiz 2/button_Attempt quiz now'. Try using Self-healing.

2022-01-14 22:53:38 - [MESSAGE][WARNING] - [SELF-HEALING] The current locator of test object 'Object Repository/Page_AI Quiz 2/button_Attempt quiz now' was broken. Propose an alternative one: '//section[@id='region-main']/div/div[3]/div/form/button'.

2022-01-14 22:53:38 - [MESSAGE][PASSED] - Object: 'Object Repository/Page_AI Quiz 2/button_Attempt quiz now' is clicked on

2022-01-14 22:53:38 - [TEST_STEP][PASSED] - click(findTestObject("Object Repository/Page_Quiz 2/input_Select one_q11_answer")): Object: 'Object Repository/Page_Quiz 2/input_Select one_q11_answer' is clicked on

2022-01-14 22:53:39 - [MESSAGE][PASSED] - Object: 'Object Repository/Page_Quiz 2/input_Select one_q11_answer' is clicked on

2022-01-14 22:53:39 - [TEST_STEP][PASSED] - click(findTestObject("Object Repository/Page_Quiz 2/input_False_next")): Object: 'Object Repository/Page_Quiz 2/input_False_next' is clicked on

2022-01-14 22:53:40 - [MESSAGE][PASSED] - Object: 'Object Repository/Page_Quiz 2/input_False_next' is clicked on

2022-01-14 22:53:40 - [TEST_STEP][PASSED] - click(findTestObject("Object Repository/Page_Quiz 2 Attempt summary/button_Submit all and finish")): Object: 'Object Repository/Page_Quiz 2 Attempt summary/button_Submit all and finish' is clicked on

2022-01-14 22:53:46 - [MESSAGE][INFO] - Unable to find the element located by 'By.xpath: //button[@id='single_button61de6b9d8f37b16']'. Please recheck the objects properties to make sure the desired element is located. 

2022-01-14 22:53:46 - [MESSAGE][WARNING] - [SELF-HEALING] Failed to find element with id 'Object Repository/Page_Quiz 2 Attempt summary/button_Submit all and finish'. Try using Self-healing.

2022-01-14 22:53:47 - [MESSAGE][WARNING] - [SELF-HEALING] The current locator of test object 'Object Repository/Page_Quiz 2 Attempt summary/button_Submit all and finish' was broken. Propose an alternative one: '//section[@id='region-main']/div/div[3]/div/div/form/button'.

2022-01-14 22:53:47 - [MESSAGE][PASSED] - Object: 'Object Repository/Page_Quiz 2 Attempt summary/button_Submit all and finish' is clicked on

2022-01-14 22:53:47 - [TEST_STEP][PASSED] - click(findTestObject("Object Repository/Page_Quiz 2 Attempt summary/input_Once you submit, you will no longer b_274dde")): Object: 'Object Repository/Page_Quiz 2 Attempt summary/input_Once you submit, you will no longer b_274dde' is clicked on

2022-01-14 22:53:53 - [MESSAGE][INFO] - Unable to find the element located by 'By.xpath: //input[@id='id_yuiconfirmyes-yui_3_17_2_2_1641966493760_8']'. Please recheck the objects properties to make sure the desired element is located. 

2022-01-14 22:53:53 - [MESSAGE][WARNING] - [SELF-HEALING] Failed to find element with id 'Object Repository/Page_Quiz 2 Attempt summary/input_Once you submit, you will no longer b_274dde'. Try using Self-healing.

2022-01-14 22:53:53 - [MESSAGE][WARNING] - [SELF-HEALING] The current locator of test object 'Object Repository/Page_Quiz 2 Attempt summary/input_Once you submit, you will no longer b_274dde' was broken. Propose an alternative one: '//div/div[2]/input'.

2022-01-14 22:53:54 - [MESSAGE][PASSED] - Object: 'Object Repository/Page_Quiz 2 Attempt summary/input_Once you submit, you will no longer b_274dde' is clicked on

2022-01-14 22:53:54 - [TEST_STEP][PASSED] - verifyElementText(findTestObject("Object Repository/Page_Quiz 2 Attempt review/td_Finished"), "Finished"): Actual text and expected text of test object 'Object Repository/Page_Quiz 2 Attempt review/td_Finished' are matched.

2022-01-14 22:53:54 - [MESSAGE][PASSED] - Actual text and expected text of test object 'Object Repository/Page_Quiz 2 Attempt review/td_Finished' are matched.

2022-01-14 22:53:54 - [TEST_STEP][PASSED] - click(findTestObject("Object Repository/Page_Quiz 2 Attempt review/a_Finish review")): Object: 'Object Repository/Page_Quiz 2 Attempt review/a_Finish review' is clicked on

2022-01-14 22:53:55 - [MESSAGE][PASSED] - Object: 'Object Repository/Page_Quiz 2 Attempt review/a_Finish review' is clicked on

2022-01-14 22:53:55 - [TEST_STEP][PASSED] - verifyElementText(findTestObject("Object Repository/Page_AI Quiz 2/td_1"), "1"): Actual text and expected text of test object 'Object Repository/Page_AI Quiz 2/td_1' are matched.

2022-01-14 22:53:56 - [MESSAGE][PASSED] - Actual text and expected text of test object 'Object Repository/Page_AI Quiz 2/td_1' are matched.

2022-01-14 22:53:56 - [TEST_STEP][PASSED] - closeBrowser(): Browser is closed

2022-01-14 22:53:56 - [MESSAGE][PASSED] - Browser is closed]]></system-out>
         <system-err><![CDATA[]]></system-err>
      </testcase>
      <testcase name="Test Cases/25_Giáo viên xem điểm quiz" time="15.668" classname="Test Cases/25_Giáo viên xem điểm quiz" status="PASSED">
         <system-out><![CDATA[2022-01-14 22:53:56 - [TEST_CASE][PASSED] - Test Cases/25_Giáo viên xem điểm quiz: Test Cases/25_Giáo viên xem điểm quiz

2022-01-14 22:53:57 - [TEST_STEP][PASSED] - openBrowser(""): Browser is opened with url: ''

2022-01-14 22:53:57 - [MESSAGE][INFO] - Starting 'Chrome' driver

2022-01-14 22:53:57 - [MESSAGE][INFO] - Action delay is set to 0 milliseconds

2022-01-14 22:53:58 - [MESSAGE][PASSED] - Browser is opened with url: ''

2022-01-14 22:53:58 - [TEST_STEP][PASSED] - navigateToUrl("http://localhost/"): Navigate to 'http://localhost/' successfully

2022-01-14 22:53:58 - [MESSAGE][PASSED] - Navigate to 'http://localhost/' successfully

2022-01-14 22:53:58 - [TEST_STEP][PASSED] - click(findTestObject("Object Repository/Page_HCMUS/a_Nhp mn tr tu nhn to")): Object: 'Object Repository/Page_HCMUS/a_Nhp mn tr tu nhn to' is clicked on

2022-01-14 22:53:59 - [MESSAGE][PASSED] - Object: 'Object Repository/Page_HCMUS/a_Nhp mn tr tu nhn to' is clicked on

2022-01-14 22:53:59 - [TEST_STEP][PASSED] - setText(findTestObject("Object Repository/Page_HCMUS Log in to the site/input_Username_username"), "teacher1"): Text 'teacher1' is set on object 'Object Repository/Page_HCMUS Log in to the site/input_Username_username'

2022-01-14 22:54:00 - [MESSAGE][PASSED] - Text 'teacher1' is set on object 'Object Repository/Page_HCMUS Log in to the site/input_Username_username'

2022-01-14 22:54:00 - [TEST_STEP][PASSED] - setEncryptedText(findTestObject("Object Repository/Page_HCMUS Log in to the site/input_Password_password"), "iKb8CrY6A/iqm08K47hQLA=="): Text ****** has been set on object 'Object Repository/Page_HCMUS Log in to the site/input_Password_password'

2022-01-14 22:54:00 - [MESSAGE][PASSED] - Text ****** has been set on object 'Object Repository/Page_HCMUS Log in to the site/input_Password_password'

2022-01-14 22:54:00 - [TEST_STEP][PASSED] - click(findTestObject("Object Repository/Page_HCMUS Log in to the site/button_Log in")): Object: 'Object Repository/Page_HCMUS Log in to the site/button_Log in' is clicked on

2022-01-14 22:54:01 - [MESSAGE][PASSED] - Object: 'Object Repository/Page_HCMUS Log in to the site/button_Log in' is clicked on

2022-01-14 22:54:01 - [TEST_STEP][PASSED] - click(findTestObject("Object Repository/Page_Course Nhp mn tr tu nhn to/span_Quiz 2")): Object: 'Object Repository/Page_Course Nhp mn tr tu nhn to/span_Quiz 2' is clicked on

2022-01-14 22:54:03 - [MESSAGE][PASSED] - Object: 'Object Repository/Page_Course Nhp mn tr tu nhn to/span_Quiz 2' is clicked on

2022-01-14 22:54:03 - [TEST_STEP][PASSED] - click(findTestObject("Object Repository/Page_AI Quiz 2/a_Quiz 2_action-menu-toggle-3")): Object: 'Object Repository/Page_AI Quiz 2/a_Quiz 2_action-menu-toggle-3' is clicked on

2022-01-14 22:54:04 - [MESSAGE][PASSED] - Object: 'Object Repository/Page_AI Quiz 2/a_Quiz 2_action-menu-toggle-3' is clicked on

2022-01-14 22:54:04 - [TEST_STEP][PASSED] - click(findTestObject("Object Repository/Page_AI Quiz 2/a_Grades")): Object: 'Object Repository/Page_AI Quiz 2/a_Grades' is clicked on

2022-01-14 22:54:10 - [MESSAGE][INFO] - Unable to find the element located by 'By.xpath: //a[@id='action_link61de6c5a5e0cd42']'. Please recheck the objects properties to make sure the desired element is located. 

2022-01-14 22:54:10 - [MESSAGE][WARNING] - [SELF-HEALING] Failed to find element with id 'Object Repository/Page_AI Quiz 2/a_Grades'. Try using Self-healing.

2022-01-14 22:54:10 - [MESSAGE][WARNING] - [SELF-HEALING] The current locator of test object 'Object Repository/Page_AI Quiz 2/a_Grades' was broken. Propose an alternative one: '//div[@id='action-menu-3-menu']/div[7]/a'.

2022-01-14 22:54:11 - [MESSAGE][PASSED] - Object: 'Object Repository/Page_AI Quiz 2/a_Grades' is clicked on

2022-01-14 22:54:11 - [TEST_STEP][PASSED] - verifyElementText(findTestObject("Object Repository/Page_Quiz 2/td_Overall average"), "Overall average"): Actual text and expected text of test object 'Object Repository/Page_Quiz 2/td_Overall average' are matched.

2022-01-14 22:54:11 - [MESSAGE][PASSED] - Actual text and expected text of test object 'Object Repository/Page_Quiz 2/td_Overall average' are matched.

2022-01-14 22:54:11 - [TEST_STEP][PASSED] - closeBrowser(): Browser is closed

2022-01-14 22:54:12 - [MESSAGE][PASSED] - Browser is closed]]></system-out>
         <system-err><![CDATA[]]></system-err>
      </testcase>
      <testcase name="Test Cases/26_Sinh viên mở đề tài thảo luận không có tiêu đề" time="27.016" classname="Test Cases/26_Sinh viên mở đề tài thảo luận không có tiêu đề" status="FAILED">
         <failure type="FAILED" message="Test Cases/26_Sinh viên mở đề tài thảo luận không có tiêu đề FAILED.
Reason:
com.kms.katalon.core.exception.StepFailedException: Unable to set text '&lt;p dir=&quot;ltr&quot; style=&quot;text-align: left;&quot;>Xin chao cac ban&lt;/p>' of object 'Object Repository/Page_Forum 1/div_Xin chao cac ban'
	at com.kms.katalon.core.webui.keyword.internal.WebUIKeywordMain.stepFailed(WebUIKeywordMain.groovy:64)
	at com.kms.katalon.core.webui.keyword.internal.WebUIKeywordMain.runKeyword(WebUIKeywordMain.groovy:26)
	at com.kms.katalon.core.webui.keyword.builtin.SetTextKeyword.setText(SetTextKeyword.groovy:66)
	at com.kms.katalon.core.webui.keyword.builtin.SetTextKeyword.execute(SetTextKeyword.groovy:37)
	at com.kms.katalon.core.keyword.internal.KeywordExecutor.executeKeywordForPlatform(KeywordExecutor.groovy:74)
	at com.kms.katalon.core.webui.keyword.WebUiBuiltInKeywords.setText(WebUiBuiltInKeywords.groovy:980)
	at com.kms.katalon.core.webui.keyword.WebUiBuiltInKeywords$setText$2.call(Unknown Source)
	at 26_Sinh viên mở đề tài thảo luận không có tiêu đề.run(26_Sinh viên mở đề tài thảo luận không có tiêu đề:36)
	at com.kms.katalon.core.main.ScriptEngine.run(ScriptEngine.java:194)
	at com.kms.katalon.core.main.ScriptEngine.runScriptAsRawText(ScriptEngine.java:119)
	at com.kms.katalon.core.main.TestCaseExecutor.runScript(TestCaseExecutor.java:442)
	at com.kms.katalon.core.main.TestCaseExecutor.doExecute(TestCaseExecutor.java:433)
	at com.kms.katalon.core.main.TestCaseExecutor.processExecutionPhase(TestCaseExecutor.java:412)
	at com.kms.katalon.core.main.TestCaseExecutor.accessMainPhase(TestCaseExecutor.java:404)
	at com.kms.katalon.core.main.TestCaseExecutor.execute(TestCaseExecutor.java:281)
	at com.kms.katalon.core.main.TestCaseExecutor.execute(TestCaseExecutor.java:363)
	at com.kms.katalon.core.main.TestCaseExecutor.execute(TestCaseExecutor.java:363)
	at com.kms.katalon.core.main.TestCaseExecutor.execute(TestCaseExecutor.java:363)
	at com.kms.katalon.core.main.TestSuiteExecutor.accessTestCaseMainPhase(TestSuiteExecutor.java:202)
	at com.kms.katalon.core.main.TestSuiteExecutor.accessTestSuiteMainPhase(TestSuiteExecutor.java:164)
	at com.kms.katalon.core.main.TestSuiteExecutor.execute(TestSuiteExecutor.java:105)
	at com.kms.katalon.core.main.TestCaseMain.startTestSuite(TestCaseMain.java:181)
	at com.kms.katalon.core.main.TestCaseMain$startTestSuite$0.call(Unknown Source)
	at TempTestSuite1642174516033.run(TempTestSuite1642174516033.groovy:36)
Caused by: com.kms.katalon.core.webui.exception.WebElementNotFoundException: Web element with id: 'Object Repository/Page_Forum 1/div_Xin chao cac ban' located by '//div[@id='id_messageeditable']' not found
	at com.kms.katalon.core.webui.common.WebUiCommonHelper.findWebElement(WebUiCommonHelper.java:1368)
	at com.kms.katalon.core.webui.keyword.internal.WebUIAbstractKeyword.findWebElement(WebUIAbstractKeyword.groovy:27)
	at com.kms.katalon.core.webui.keyword.internal.WebUIAbstractKeyword.findWebElement(WebUIAbstractKeyword.groovy:26)
	at com.kms.katalon.core.webui.keyword.builtin.SetTextKeyword$_setText_closure1.doCall(SetTextKeyword.groovy:51)
	at com.kms.katalon.core.webui.keyword.builtin.SetTextKeyword$_setText_closure1.call(SetTextKeyword.groovy)
	at com.kms.katalon.core.webui.keyword.internal.WebUIKeywordMain.runKeyword(WebUIKeywordMain.groovy:20)
	... 22 more
"/>
         <system-out><![CDATA[2022-01-14 22:55:34 - [TEST_CASE][FAILED] - Test Cases/26_Sinh viên mở đề tài thảo luận không có tiêu đề: Test Cases/26_Sinh viên mở đề tài thảo luận không có tiêu đề FAILED.
Reason:
com.kms.katalon.core.exception.StepFailedException: Unable to set text '<p dir="ltr" style="text-align: left;">Xin chao cac ban</p>' of object 'Object Repository/Page_Forum 1/div_Xin chao cac ban'
	at com.kms.katalon.core.webui.keyword.internal.WebUIKeywordMain.stepFailed(WebUIKeywordMain.groovy:64)
	at com.kms.katalon.core.webui.keyword.internal.WebUIKeywordMain.runKeyword(WebUIKeywordMain.groovy:26)
	at com.kms.katalon.core.webui.keyword.builtin.SetTextKeyword.setText(SetTextKeyword.groovy:66)
	at com.kms.katalon.core.webui.keyword.builtin.SetTextKeyword.execute(SetTextKeyword.groovy:37)
	at com.kms.katalon.core.keyword.internal.KeywordExecutor.executeKeywordForPlatform(KeywordExecutor.groovy:74)
	at com.kms.katalon.core.webui.keyword.WebUiBuiltInKeywords.setText(WebUiBuiltInKeywords.groovy:980)
	at com.kms.katalon.core.webui.keyword.WebUiBuiltInKeywords$setText$2.call(Unknown Source)
	at 26_Sinh viên mở đề tài thảo luận không có tiêu đề.run(26_Sinh viên mở đề tài thảo luận không có tiêu đề:36)
	at com.kms.katalon.core.main.ScriptEngine.run(ScriptEngine.java:194)
	at com.kms.katalon.core.main.ScriptEngine.runScriptAsRawText(ScriptEngine.java:119)
	at com.kms.katalon.core.main.TestCaseExecutor.runScript(TestCaseExecutor.java:442)
	at com.kms.katalon.core.main.TestCaseExecutor.doExecute(TestCaseExecutor.java:433)
	at com.kms.katalon.core.main.TestCaseExecutor.processExecutionPhase(TestCaseExecutor.java:412)
	at com.kms.katalon.core.main.TestCaseExecutor.accessMainPhase(TestCaseExecutor.java:404)
	at com.kms.katalon.core.main.TestCaseExecutor.execute(TestCaseExecutor.java:281)
	at com.kms.katalon.core.main.TestCaseExecutor.execute(TestCaseExecutor.java:363)
	at com.kms.katalon.core.main.TestCaseExecutor.execute(TestCaseExecutor.java:363)
	at com.kms.katalon.core.main.TestCaseExecutor.execute(TestCaseExecutor.java:363)
	at com.kms.katalon.core.main.TestSuiteExecutor.accessTestCaseMainPhase(TestSuiteExecutor.java:202)
	at com.kms.katalon.core.main.TestSuiteExecutor.accessTestSuiteMainPhase(TestSuiteExecutor.java:164)
	at com.kms.katalon.core.main.TestSuiteExecutor.execute(TestSuiteExecutor.java:105)
	at com.kms.katalon.core.main.TestCaseMain.startTestSuite(TestCaseMain.java:181)
	at com.kms.katalon.core.main.TestCaseMain$startTestSuite$0.call(Unknown Source)
	at TempTestSuite1642174516033.run(TempTestSuite1642174516033.groovy:36)
Caused by: com.kms.katalon.core.webui.exception.WebElementNotFoundException: Web element with id: 'Object Repository/Page_Forum 1/div_Xin chao cac ban' located by '//div[@id='id_messageeditable']' not found
	at com.kms.katalon.core.webui.common.WebUiCommonHelper.findWebElement(WebUiCommonHelper.java:1368)
	at com.kms.katalon.core.webui.keyword.internal.WebUIAbstractKeyword.findWebElement(WebUIAbstractKeyword.groovy:27)
	at com.kms.katalon.core.webui.keyword.internal.WebUIAbstractKeyword.findWebElement(WebUIAbstractKeyword.groovy:26)
	at com.kms.katalon.core.webui.keyword.builtin.SetTextKeyword$_setText_closure1.doCall(SetTextKeyword.groovy:51)
	at com.kms.katalon.core.webui.keyword.builtin.SetTextKeyword$_setText_closure1.call(SetTextKeyword.groovy)
	at com.kms.katalon.core.webui.keyword.internal.WebUIKeywordMain.runKeyword(WebUIKeywordMain.groovy:20)
	... 22 more


2022-01-14 22:55:34 - [TEST_STEP][PASSED] - openBrowser(""): Browser is opened with url: ''

2022-01-14 22:55:34 - [MESSAGE][WARNING] - A browser is already opened. Closing browser and opening a new one

2022-01-14 22:55:34 - [MESSAGE][INFO] - Starting 'Chrome' driver

2022-01-14 22:55:34 - [MESSAGE][INFO] - Action delay is set to 0 milliseconds

2022-01-14 22:55:35 - [MESSAGE][PASSED] - Browser is opened with url: ''

2022-01-14 22:55:35 - [TEST_STEP][PASSED] - navigateToUrl("http://localhost/"): Navigate to 'http://localhost/' successfully

2022-01-14 22:55:36 - [MESSAGE][PASSED] - Navigate to 'http://localhost/' successfully

2022-01-14 22:55:36 - [TEST_STEP][PASSED] - click(findTestObject("Object Repository/Page_HCMUS/a_Nhp mn tr tu nhn to")): Object: 'Object Repository/Page_HCMUS/a_Nhp mn tr tu nhn to' is clicked on

2022-01-14 22:55:37 - [MESSAGE][PASSED] - Object: 'Object Repository/Page_HCMUS/a_Nhp mn tr tu nhn to' is clicked on

2022-01-14 22:55:37 - [TEST_STEP][PASSED] - setText(findTestObject("Object Repository/Page_HCMUS Log in to the site/input_Username_username"), "student3"): Text 'student3' is set on object 'Object Repository/Page_HCMUS Log in to the site/input_Username_username'

2022-01-14 22:55:37 - [MESSAGE][PASSED] - Text 'student3' is set on object 'Object Repository/Page_HCMUS Log in to the site/input_Username_username'

2022-01-14 22:55:37 - [TEST_STEP][PASSED] - setEncryptedText(findTestObject("Object Repository/Page_HCMUS Log in to the site/input_Password_password"), "xsue+lrReh7u7aVNaHEoWw=="): Text ****** has been set on object 'Object Repository/Page_HCMUS Log in to the site/input_Password_password'

2022-01-14 22:55:38 - [MESSAGE][PASSED] - Text ****** has been set on object 'Object Repository/Page_HCMUS Log in to the site/input_Password_password'

2022-01-14 22:55:38 - [TEST_STEP][PASSED] - click(findTestObject("Object Repository/Page_HCMUS Log in to the site/button_Log in")): Object: 'Object Repository/Page_HCMUS Log in to the site/button_Log in' is clicked on

2022-01-14 22:55:39 - [MESSAGE][PASSED] - Object: 'Object Repository/Page_HCMUS Log in to the site/button_Log in' is clicked on

2022-01-14 22:55:39 - [TEST_STEP][PASSED] - click(findTestObject("Object Repository/Page_Course Nhp mn tr tu nhn to/span_Forum 1")): Object: 'Object Repository/Page_Course Nhp mn tr tu nhn to/span_Forum 1' is clicked on

2022-01-14 22:55:39 - [MESSAGE][PASSED] - Object: 'Object Repository/Page_Course Nhp mn tr tu nhn to/span_Forum 1' is clicked on

2022-01-14 22:55:39 - [TEST_STEP][PASSED] - click(findTestObject("Object Repository/Page_Forum 1/a_Add a new discussion topic")): Object: 'Object Repository/Page_Forum 1/a_Add a new discussion topic' is clicked on

2022-01-14 22:55:46 - [MESSAGE][INFO] - Unable to find the element located by 'By.xpath: //a[@id='yui_3_17_2_1_1641967105117_488']'. Please recheck the objects properties to make sure the desired element is located. 

2022-01-14 22:55:46 - [MESSAGE][WARNING] - [SELF-HEALING] Failed to find element with id 'Object Repository/Page_Forum 1/a_Add a new discussion topic'. Try using Self-healing.

2022-01-14 22:55:46 - [MESSAGE][WARNING] - [SELF-HEALING] The current locator of test object 'Object Repository/Page_Forum 1/a_Add a new discussion topic' was broken. Propose an alternative one: '(.//*[normalize-space(text()) and normalize-space(.)='Mark as done'])[1]/following::a[1]'.

2022-01-14 22:55:50 - [MESSAGE][PASSED] - Object: 'Object Repository/Page_Forum 1/a_Add a new discussion topic' is clicked on

2022-01-14 22:55:50 - [TEST_STEP][FAILED] - setText(findTestObject("Object Repository/Page_Forum 1/div_Xin chao cac ban"), "<p dir="ltr" style="text-align: left;">Xin chao cac ban</p>"): Unable to set text '<p dir="ltr" style="text-align: left;">Xin chao cac ban</p>' of object 'Object Repository/Page_Forum 1/div_Xin chao cac ban' (Root cause: com.kms.katalon.core.exception.StepFailedException: Unable to set text '<p dir="ltr" style="text-align: left;">Xin chao cac ban</p>' of object 'Object Repository/Page_Forum 1/div_Xin chao cac ban'
	at com.kms.katalon.core.webui.keyword.internal.WebUIKeywordMain.stepFailed(WebUIKeywordMain.groovy:64)
	at com.kms.katalon.core.webui.keyword.internal.WebUIKeywordMain.runKeyword(WebUIKeywordMain.groovy:26)
	at com.kms.katalon.core.webui.keyword.builtin.SetTextKeyword.setText(SetTextKeyword.groovy:66)
	at com.kms.katalon.core.webui.keyword.builtin.SetTextKeyword.execute(SetTextKeyword.groovy:37)
	at com.kms.katalon.core.keyword.internal.KeywordExecutor.executeKeywordForPlatform(KeywordExecutor.groovy:74)
	at com.kms.katalon.core.webui.keyword.WebUiBuiltInKeywords.setText(WebUiBuiltInKeywords.groovy:980)
	at com.kms.katalon.core.webui.keyword.WebUiBuiltInKeywords$setText$2.call(Unknown Source)
	at 26_Sinh viên mở đề tài thảo luận không có tiêu đề.run(26_Sinh viên mở đề tài thảo luận không có tiêu đề:36)
	at com.kms.katalon.core.main.ScriptEngine.run(ScriptEngine.java:194)
	at com.kms.katalon.core.main.ScriptEngine.runScriptAsRawText(ScriptEngine.java:119)
	at com.kms.katalon.core.main.TestCaseExecutor.runScript(TestCaseExecutor.java:442)
	at com.kms.katalon.core.main.TestCaseExecutor.doExecute(TestCaseExecutor.java:433)
	at com.kms.katalon.core.main.TestCaseExecutor.processExecutionPhase(TestCaseExecutor.java:412)
	at com.kms.katalon.core.main.TestCaseExecutor.accessMainPhase(TestCaseExecutor.java:404)
	at com.kms.katalon.core.main.TestCaseExecutor.execute(TestCaseExecutor.java:281)
	at com.kms.katalon.core.main.TestCaseExecutor.execute(TestCaseExecutor.java:363)
	at com.kms.katalon.core.main.TestCaseExecutor.execute(TestCaseExecutor.java:363)
	at com.kms.katalon.core.main.TestCaseExecutor.execute(TestCaseExecutor.java:363)
	at com.kms.katalon.core.main.TestSuiteExecutor.accessTestCaseMainPhase(TestSuiteExecutor.java:202)
	at com.kms.katalon.core.main.TestSuiteExecutor.accessTestSuiteMainPhase(TestSuiteExecutor.java:164)
	at com.kms.katalon.core.main.TestSuiteExecutor.execute(TestSuiteExecutor.java:105)
	at com.kms.katalon.core.main.TestCaseMain.startTestSuite(TestCaseMain.java:181)
	at com.kms.katalon.core.main.TestCaseMain$startTestSuite$0.call(Unknown Source)
	at TempTestSuite1642174516033.run(TempTestSuite1642174516033.groovy:36)
Caused by: com.kms.katalon.core.webui.exception.WebElementNotFoundException: Web element with id: 'Object Repository/Page_Forum 1/div_Xin chao cac ban' located by '//div[@id='id_messageeditable']' not found
	at com.kms.katalon.core.webui.common.WebUiCommonHelper.findWebElement(WebUiCommonHelper.java:1368)
	at com.kms.katalon.core.webui.keyword.internal.WebUIAbstractKeyword.findWebElement(WebUIAbstractKeyword.groovy:27)
	at com.kms.katalon.core.webui.keyword.internal.WebUIAbstractKeyword.findWebElement(WebUIAbstractKeyword.groovy:26)
	at com.kms.katalon.core.webui.keyword.builtin.SetTextKeyword$_setText_closure1.doCall(SetTextKeyword.groovy:51)
	at com.kms.katalon.core.webui.keyword.builtin.SetTextKeyword$_setText_closure1.call(SetTextKeyword.groovy)
	at com.kms.katalon.core.webui.keyword.internal.WebUIKeywordMain.runKeyword(WebUIKeywordMain.groovy:20)
	at com.kms.katalon.core.webui.keyword.builtin.SetTextKeyword.setText(SetTextKeyword.groovy:66)
	at com.kms.katalon.core.webui.keyword.builtin.SetTextKeyword.execute(SetTextKeyword.groovy:37)
	at com.kms.katalon.core.keyword.internal.KeywordExecutor.executeKeywordForPlatform(KeywordExecutor.groovy:74)
	at com.kms.katalon.core.webui.keyword.WebUiBuiltInKeywords.setText(WebUiBuiltInKeywords.groovy:980)
	at com.kms.katalon.core.webui.keyword.WebUiBuiltInKeywords$setText$2.call(Unknown Source)
	at Script1641966780402.run(Script1641966780402.groovy:36)
	... 16 more
)

2022-01-14 22:55:57 - [MESSAGE][INFO] - Unable to find the element located by 'By.xpath: //div[@id='id_messageeditable']'. Please recheck the objects properties to make sure the desired element is located. 

2022-01-14 22:55:57 - [MESSAGE][WARNING] - [SELF-HEALING] Failed to find element with id 'Object Repository/Page_Forum 1/div_Xin chao cac ban'. Try using Self-healing.

2022-01-14 22:55:57 - [MESSAGE][INFO] - [SELF-HEALING] Failed Locator: '//div[@id='id_messageeditable']'.

2022-01-14 22:55:57 - [MESSAGE][INFO] - [SELF-HEALING] Failed Locator: '//div[@id='yui_3_17_2_1_1641967105117_506']/div'.

2022-01-14 22:55:57 - [MESSAGE][INFO] - [SELF-HEALING] Failed Locator: '(.//*[normalize-space(text()) and normalize-space(.)='Message'])[1]/following::div[21]'.

2022-01-14 22:55:58 - [MESSAGE][INFO] - [SELF-HEALING] Failed Locator: '(.//*[normalize-space(text()) and normalize-space(.)='Subject'])[1]/following::div[27]'.

2022-01-14 22:55:58 - [MESSAGE][INFO] - [SELF-HEALING] Working Locator: '(.//*[normalize-space(text()) and normalize-space(.)='Cancel'])[1]/preceding::div[7]'.

2022-01-14 22:55:58 - [MESSAGE][ERROR] - [SELF-HEALING] Cannot save screenshot to: D:\nam 3\nhap mon CNPM\bonus project\Test-Automation-SE-Bonus\Reports\Self-healing, reason: unknown error: unhandled inspector error: {"code":-32000,"message":"Cannot take screenshot with 0 width."}
  (Session info: chrome=97.0.4692.71)
Build info: version: '3.141.59', revision: 'e82be7d358', time: '2018-11-14T08:25:53'
System info: host: 'ADMIN', ip: '192.168.1.148', os.name: 'Windows 10', os.arch: 'amd64', os.version: '10.0', java.version: '1.8.0_282'
Driver info: com.kms.katalon.selenium.driver.CChromeDriver
Capabilities {acceptInsecureCerts: false, browserName: chrome, browserVersion: 97.0.4692.71, chrome: {chromedriverVersion: 97.0.4692.71 (adefa7837d02a..., userDataDir: C:\Users\Admin\AppData\Loca...}, goog:chromeOptions: {debuggerAddress: localhost:53428}, javascriptEnabled: true, networkConnectionEnabled: false, pageLoadStrategy: normal, platform: WINDOWS, platformName: WINDOWS, proxy: Proxy(), setWindowRect: true, strictFileInteractability: false, timeouts: {implicit: 0, pageLoad: 300000, script: 30000}, unhandledPromptBehavior: dismiss and notify, webauthn:extension:credBlob: true, webauthn:extension:largeBlob: true, webauthn:virtualAuthenticators: true}
Session ID: 5d2e56b12e3da39c37948c6ffd89701e.

2022-01-14 22:55:58 - [MESSAGE][ERROR] - [SELF-HEALING] Cannot save screenshot to: D:\nam 3\nhap mon CNPM\bonus project\Test-Automation-SE-Bonus\Reports\Self-healing, reason: unknown error: unhandled inspector error: {"code":-32000,"message":"Cannot take screenshot with 0 width."}
  (Session info: chrome=97.0.4692.71)
Build info: version: '3.141.59', revision: 'e82be7d358', time: '2018-11-14T08:25:53'
System info: host: 'ADMIN', ip: '192.168.1.148', os.name: 'Windows 10', os.arch: 'amd64', os.version: '10.0', java.version: '1.8.0_282'
Driver info: com.kms.katalon.selenium.driver.CChromeDriver
Capabilities {acceptInsecureCerts: false, browserName: chrome, browserVersion: 97.0.4692.71, chrome: {chromedriverVersion: 97.0.4692.71 (adefa7837d02a..., userDataDir: C:\Users\Admin\AppData\Loca...}, goog:chromeOptions: {debuggerAddress: localhost:53428}, javascriptEnabled: true, networkConnectionEnabled: false, pageLoadStrategy: normal, platform: WINDOWS, platformName: WINDOWS, proxy: Proxy(), setWindowRect: true, strictFileInteractability: false, timeouts: {implicit: 0, pageLoad: 300000, script: 30000}, unhandledPromptBehavior: dismiss and notify, webauthn:extension:credBlob: true, webauthn:extension:largeBlob: true, webauthn:virtualAuthenticators: true}
Session ID: 5d2e56b12e3da39c37948c6ffd89701e.

2022-01-14 22:55:58 - [MESSAGE][WARNING] - [SELF-HEALING] 'other' is different type of Path

2022-01-14 22:55:59 - [MESSAGE][INFO] - Unable to find the element located by 'By.xpath: //*[@id = 'id_messageeditable' and (text() = 'Xin chao cac ban' or . = 'Xin chao cac ban')]'. Please recheck the objects properties to make sure the desired element is located. 

2022-01-14 22:56:00 - [MESSAGE][INFO] - Unable to find the element located by 'By.cssSelector: #id_messageeditable'. Please recheck the objects properties to make sure the desired element is located. 

2022-01-14 22:56:01 - [MESSAGE][FAILED] - Unable to set text '<p dir="ltr" style="text-align: left;">Xin chao cac ban</p>' of object 'Object Repository/Page_Forum 1/div_Xin chao cac ban' (Root cause: com.kms.katalon.core.exception.StepFailedException: Unable to set text '<p dir="ltr" style="text-align: left;">Xin chao cac ban</p>' of object 'Object Repository/Page_Forum 1/div_Xin chao cac ban'
	at com.kms.katalon.core.webui.keyword.internal.WebUIKeywordMain.stepFailed(WebUIKeywordMain.groovy:64)
	at com.kms.katalon.core.webui.keyword.internal.WebUIKeywordMain.runKeyword(WebUIKeywordMain.groovy:26)
	at com.kms.katalon.core.webui.keyword.builtin.SetTextKeyword.setText(SetTextKeyword.groovy:66)
	at com.kms.katalon.core.webui.keyword.builtin.SetTextKeyword.execute(SetTextKeyword.groovy:37)
	at com.kms.katalon.core.keyword.internal.KeywordExecutor.executeKeywordForPlatform(KeywordExecutor.groovy:74)
	at com.kms.katalon.core.webui.keyword.WebUiBuiltInKeywords.setText(WebUiBuiltInKeywords.groovy:980)
	at com.kms.katalon.core.webui.keyword.WebUiBuiltInKeywords$setText$2.call(Unknown Source)
	at 26_Sinh viên mở đề tài thảo luận không có tiêu đề.run(26_Sinh viên mở đề tài thảo luận không có tiêu đề:36)
	at com.kms.katalon.core.main.ScriptEngine.run(ScriptEngine.java:194)
	at com.kms.katalon.core.main.ScriptEngine.runScriptAsRawText(ScriptEngine.java:119)
	at com.kms.katalon.core.main.TestCaseExecutor.runScript(TestCaseExecutor.java:442)
	at com.kms.katalon.core.main.TestCaseExecutor.doExecute(TestCaseExecutor.java:433)
	at com.kms.katalon.core.main.TestCaseExecutor.processExecutionPhase(TestCaseExecutor.java:412)
	at com.kms.katalon.core.main.TestCaseExecutor.accessMainPhase(TestCaseExecutor.java:404)
	at com.kms.katalon.core.main.TestCaseExecutor.execute(TestCaseExecutor.java:281)
	at com.kms.katalon.core.main.TestCaseExecutor.execute(TestCaseExecutor.java:363)
	at com.kms.katalon.core.main.TestCaseExecutor.execute(TestCaseExecutor.java:363)
	at com.kms.katalon.core.main.TestCaseExecutor.execute(TestCaseExecutor.java:363)
	at com.kms.katalon.core.main.TestSuiteExecutor.accessTestCaseMainPhase(TestSuiteExecutor.java:202)
	at com.kms.katalon.core.main.TestSuiteExecutor.accessTestSuiteMainPhase(TestSuiteExecutor.java:164)
	at com.kms.katalon.core.main.TestSuiteExecutor.execute(TestSuiteExecutor.java:105)
	at com.kms.katalon.core.main.TestCaseMain.startTestSuite(TestCaseMain.java:181)
	at com.kms.katalon.core.main.TestCaseMain$startTestSuite$0.call(Unknown Source)
	at TempTestSuite1642174516033.run(TempTestSuite1642174516033.groovy:36)
Caused by: com.kms.katalon.core.webui.exception.WebElementNotFoundException: Web element with id: 'Object Repository/Page_Forum 1/div_Xin chao cac ban' located by '//div[@id='id_messageeditable']' not found
	at com.kms.katalon.core.webui.common.WebUiCommonHelper.findWebElement(WebUiCommonHelper.java:1368)
	at com.kms.katalon.core.webui.keyword.internal.WebUIAbstractKeyword.findWebElement(WebUIAbstractKeyword.groovy:27)
	at com.kms.katalon.core.webui.keyword.internal.WebUIAbstractKeyword.findWebElement(WebUIAbstractKeyword.groovy:26)
	at com.kms.katalon.core.webui.keyword.builtin.SetTextKeyword$_setText_closure1.doCall(SetTextKeyword.groovy:51)
	at com.kms.katalon.core.webui.keyword.builtin.SetTextKeyword$_setText_closure1.call(SetTextKeyword.groovy)
	at com.kms.katalon.core.webui.keyword.internal.WebUIKeywordMain.runKeyword(WebUIKeywordMain.groovy:20)
	at com.kms.katalon.core.webui.keyword.builtin.SetTextKeyword.setText(SetTextKeyword.groovy:66)
	at com.kms.katalon.core.webui.keyword.builtin.SetTextKeyword.execute(SetTextKeyword.groovy:37)
	at com.kms.katalon.core.keyword.internal.KeywordExecutor.executeKeywordForPlatform(KeywordExecutor.groovy:74)
	at com.kms.katalon.core.webui.keyword.WebUiBuiltInKeywords.setText(WebUiBuiltInKeywords.groovy:980)
	at com.kms.katalon.core.webui.keyword.WebUiBuiltInKeywords$setText$2.call(Unknown Source)
	at Script1641966780402.run(Script1641966780402.groovy:36)
	... 16 more
)
[[ATTACHMENT|D:\\nam 3\\nhap mon CNPM\\bonus project\\Test-Automation-SE-Bonus\\Reports\\20220114_223516\\Run all test cases\\20220114_223516\\1642175760644.png]]]]></system-out>
         <system-err><![CDATA[2022-01-14 22:55:34 - [TEST_CASE][FAILED] - Test Cases/26_Sinh viên mở đề tài thảo luận không có tiêu đề: Test Cases/26_Sinh viên mở đề tài thảo luận không có tiêu đề FAILED.
Reason:
com.kms.katalon.core.exception.StepFailedException: Unable to set text '<p dir="ltr" style="text-align: left;">Xin chao cac ban</p>' of object 'Object Repository/Page_Forum 1/div_Xin chao cac ban'
	at com.kms.katalon.core.webui.keyword.internal.WebUIKeywordMain.stepFailed(WebUIKeywordMain.groovy:64)
	at com.kms.katalon.core.webui.keyword.internal.WebUIKeywordMain.runKeyword(WebUIKeywordMain.groovy:26)
	at com.kms.katalon.core.webui.keyword.builtin.SetTextKeyword.setText(SetTextKeyword.groovy:66)
	at com.kms.katalon.core.webui.keyword.builtin.SetTextKeyword.execute(SetTextKeyword.groovy:37)
	at com.kms.katalon.core.keyword.internal.KeywordExecutor.executeKeywordForPlatform(KeywordExecutor.groovy:74)
	at com.kms.katalon.core.webui.keyword.WebUiBuiltInKeywords.setText(WebUiBuiltInKeywords.groovy:980)
	at com.kms.katalon.core.webui.keyword.WebUiBuiltInKeywords$setText$2.call(Unknown Source)
	at 26_Sinh viên mở đề tài thảo luận không có tiêu đề.run(26_Sinh viên mở đề tài thảo luận không có tiêu đề:36)
	at com.kms.katalon.core.main.ScriptEngine.run(ScriptEngine.java:194)
	at com.kms.katalon.core.main.ScriptEngine.runScriptAsRawText(ScriptEngine.java:119)
	at com.kms.katalon.core.main.TestCaseExecutor.runScript(TestCaseExecutor.java:442)
	at com.kms.katalon.core.main.TestCaseExecutor.doExecute(TestCaseExecutor.java:433)
	at com.kms.katalon.core.main.TestCaseExecutor.processExecutionPhase(TestCaseExecutor.java:412)
	at com.kms.katalon.core.main.TestCaseExecutor.accessMainPhase(TestCaseExecutor.java:404)
	at com.kms.katalon.core.main.TestCaseExecutor.execute(TestCaseExecutor.java:281)
	at com.kms.katalon.core.main.TestCaseExecutor.execute(TestCaseExecutor.java:363)
	at com.kms.katalon.core.main.TestCaseExecutor.execute(TestCaseExecutor.java:363)
	at com.kms.katalon.core.main.TestCaseExecutor.execute(TestCaseExecutor.java:363)
	at com.kms.katalon.core.main.TestSuiteExecutor.accessTestCaseMainPhase(TestSuiteExecutor.java:202)
	at com.kms.katalon.core.main.TestSuiteExecutor.accessTestSuiteMainPhase(TestSuiteExecutor.java:164)
	at com.kms.katalon.core.main.TestSuiteExecutor.execute(TestSuiteExecutor.java:105)
	at com.kms.katalon.core.main.TestCaseMain.startTestSuite(TestCaseMain.java:181)
	at com.kms.katalon.core.main.TestCaseMain$startTestSuite$0.call(Unknown Source)
	at TempTestSuite1642174516033.run(TempTestSuite1642174516033.groovy:36)
Caused by: com.kms.katalon.core.webui.exception.WebElementNotFoundException: Web element with id: 'Object Repository/Page_Forum 1/div_Xin chao cac ban' located by '//div[@id='id_messageeditable']' not found
	at com.kms.katalon.core.webui.common.WebUiCommonHelper.findWebElement(WebUiCommonHelper.java:1368)
	at com.kms.katalon.core.webui.keyword.internal.WebUIAbstractKeyword.findWebElement(WebUIAbstractKeyword.groovy:27)
	at com.kms.katalon.core.webui.keyword.internal.WebUIAbstractKeyword.findWebElement(WebUIAbstractKeyword.groovy:26)
	at com.kms.katalon.core.webui.keyword.builtin.SetTextKeyword$_setText_closure1.doCall(SetTextKeyword.groovy:51)
	at com.kms.katalon.core.webui.keyword.builtin.SetTextKeyword$_setText_closure1.call(SetTextKeyword.groovy)
	at com.kms.katalon.core.webui.keyword.internal.WebUIKeywordMain.runKeyword(WebUIKeywordMain.groovy:20)
	... 22 more]]></system-err>
      </testcase>
      <testcase name="Test Cases/27_Sinh viên mở một đề tài thảo luận với thông tin chính xác" time="28.509" classname="Test Cases/27_Sinh viên mở một đề tài thảo luận với thông tin chính xác" status="FAILED">
         <failure type="FAILED" message="Test Cases/27_Sinh viên mở một đề tài thảo luận với thông tin chính xác FAILED.
Reason:
com.kms.katalon.core.exception.StepFailedException: Unable to set text 'Topic 1' of object 'Object Repository/Page_Forum 1/input_Subject_subject'
	at com.kms.katalon.core.webui.keyword.internal.WebUIKeywordMain.stepFailed(WebUIKeywordMain.groovy:64)
	at com.kms.katalon.core.webui.keyword.internal.WebUIKeywordMain.runKeyword(WebUIKeywordMain.groovy:26)
	at com.kms.katalon.core.webui.keyword.builtin.SetTextKeyword.setText(SetTextKeyword.groovy:66)
	at com.kms.katalon.core.webui.keyword.builtin.SetTextKeyword.execute(SetTextKeyword.groovy:37)
	at com.kms.katalon.core.keyword.internal.KeywordExecutor.executeKeywordForPlatform(KeywordExecutor.groovy:74)
	at com.kms.katalon.core.webui.keyword.WebUiBuiltInKeywords.setText(WebUiBuiltInKeywords.groovy:980)
	at com.kms.katalon.core.webui.keyword.WebUiBuiltInKeywords$setText$2.call(Unknown Source)
	at 27_Sinh viên mở một đề tài thảo luận với thông tin chính xác.run(27_Sinh viên mở một đề tài thảo luận với thông tin chính xác:36)
	at com.kms.katalon.core.main.ScriptEngine.run(ScriptEngine.java:194)
	at com.kms.katalon.core.main.ScriptEngine.runScriptAsRawText(ScriptEngine.java:119)
	at com.kms.katalon.core.main.TestCaseExecutor.runScript(TestCaseExecutor.java:442)
	at com.kms.katalon.core.main.TestCaseExecutor.doExecute(TestCaseExecutor.java:433)
	at com.kms.katalon.core.main.TestCaseExecutor.processExecutionPhase(TestCaseExecutor.java:412)
	at com.kms.katalon.core.main.TestCaseExecutor.accessMainPhase(TestCaseExecutor.java:404)
	at com.kms.katalon.core.main.TestCaseExecutor.execute(TestCaseExecutor.java:281)
	at com.kms.katalon.core.main.TestCaseExecutor.execute(TestCaseExecutor.java:363)
	at com.kms.katalon.core.main.TestCaseExecutor.execute(TestCaseExecutor.java:363)
	at com.kms.katalon.core.main.TestCaseExecutor.execute(TestCaseExecutor.java:363)
	at com.kms.katalon.core.main.TestSuiteExecutor.accessTestCaseMainPhase(TestSuiteExecutor.java:202)
	at com.kms.katalon.core.main.TestSuiteExecutor.accessTestSuiteMainPhase(TestSuiteExecutor.java:164)
	at com.kms.katalon.core.main.TestSuiteExecutor.execute(TestSuiteExecutor.java:105)
	at com.kms.katalon.core.main.TestCaseMain.startTestSuite(TestCaseMain.java:181)
	at com.kms.katalon.core.main.TestCaseMain$startTestSuite$0.call(Unknown Source)
	at TempTestSuite1642174516033.run(TempTestSuite1642174516033.groovy:36)
Caused by: com.kms.katalon.core.webui.exception.WebElementNotFoundException: Web element with id: 'Object Repository/Page_Forum 1/input_Subject_subject' located by '//input[@id='id_subject']' not found
	at com.kms.katalon.core.webui.common.WebUiCommonHelper.findWebElement(WebUiCommonHelper.java:1368)
	at com.kms.katalon.core.webui.keyword.internal.WebUIAbstractKeyword.findWebElement(WebUIAbstractKeyword.groovy:27)
	at com.kms.katalon.core.webui.keyword.internal.WebUIAbstractKeyword.findWebElement(WebUIAbstractKeyword.groovy:26)
	at com.kms.katalon.core.webui.keyword.builtin.SetTextKeyword$_setText_closure1.doCall(SetTextKeyword.groovy:51)
	at com.kms.katalon.core.webui.keyword.builtin.SetTextKeyword$_setText_closure1.call(SetTextKeyword.groovy)
	at com.kms.katalon.core.webui.keyword.internal.WebUIKeywordMain.runKeyword(WebUIKeywordMain.groovy:20)
	... 22 more
"/>
         <system-out><![CDATA[2022-01-14 22:57:27 - [TEST_CASE][FAILED] - Test Cases/27_Sinh viên mở một đề tài thảo luận với thông tin chính xác: Test Cases/27_Sinh viên mở một đề tài thảo luận với thông tin chính xác FAILED.
Reason:
com.kms.katalon.core.exception.StepFailedException: Unable to set text 'Topic 1' of object 'Object Repository/Page_Forum 1/input_Subject_subject'
	at com.kms.katalon.core.webui.keyword.internal.WebUIKeywordMain.stepFailed(WebUIKeywordMain.groovy:64)
	at com.kms.katalon.core.webui.keyword.internal.WebUIKeywordMain.runKeyword(WebUIKeywordMain.groovy:26)
	at com.kms.katalon.core.webui.keyword.builtin.SetTextKeyword.setText(SetTextKeyword.groovy:66)
	at com.kms.katalon.core.webui.keyword.builtin.SetTextKeyword.execute(SetTextKeyword.groovy:37)
	at com.kms.katalon.core.keyword.internal.KeywordExecutor.executeKeywordForPlatform(KeywordExecutor.groovy:74)
	at com.kms.katalon.core.webui.keyword.WebUiBuiltInKeywords.setText(WebUiBuiltInKeywords.groovy:980)
	at com.kms.katalon.core.webui.keyword.WebUiBuiltInKeywords$setText$2.call(Unknown Source)
	at 27_Sinh viên mở một đề tài thảo luận với thông tin chính xác.run(27_Sinh viên mở một đề tài thảo luận với thông tin chính xác:36)
	at com.kms.katalon.core.main.ScriptEngine.run(ScriptEngine.java:194)
	at com.kms.katalon.core.main.ScriptEngine.runScriptAsRawText(ScriptEngine.java:119)
	at com.kms.katalon.core.main.TestCaseExecutor.runScript(TestCaseExecutor.java:442)
	at com.kms.katalon.core.main.TestCaseExecutor.doExecute(TestCaseExecutor.java:433)
	at com.kms.katalon.core.main.TestCaseExecutor.processExecutionPhase(TestCaseExecutor.java:412)
	at com.kms.katalon.core.main.TestCaseExecutor.accessMainPhase(TestCaseExecutor.java:404)
	at com.kms.katalon.core.main.TestCaseExecutor.execute(TestCaseExecutor.java:281)
	at com.kms.katalon.core.main.TestCaseExecutor.execute(TestCaseExecutor.java:363)
	at com.kms.katalon.core.main.TestCaseExecutor.execute(TestCaseExecutor.java:363)
	at com.kms.katalon.core.main.TestCaseExecutor.execute(TestCaseExecutor.java:363)
	at com.kms.katalon.core.main.TestSuiteExecutor.accessTestCaseMainPhase(TestSuiteExecutor.java:202)
	at com.kms.katalon.core.main.TestSuiteExecutor.accessTestSuiteMainPhase(TestSuiteExecutor.java:164)
	at com.kms.katalon.core.main.TestSuiteExecutor.execute(TestSuiteExecutor.java:105)
	at com.kms.katalon.core.main.TestCaseMain.startTestSuite(TestCaseMain.java:181)
	at com.kms.katalon.core.main.TestCaseMain$startTestSuite$0.call(Unknown Source)
	at TempTestSuite1642174516033.run(TempTestSuite1642174516033.groovy:36)
Caused by: com.kms.katalon.core.webui.exception.WebElementNotFoundException: Web element with id: 'Object Repository/Page_Forum 1/input_Subject_subject' located by '//input[@id='id_subject']' not found
	at com.kms.katalon.core.webui.common.WebUiCommonHelper.findWebElement(WebUiCommonHelper.java:1368)
	at com.kms.katalon.core.webui.keyword.internal.WebUIAbstractKeyword.findWebElement(WebUIAbstractKeyword.groovy:27)
	at com.kms.katalon.core.webui.keyword.internal.WebUIAbstractKeyword.findWebElement(WebUIAbstractKeyword.groovy:26)
	at com.kms.katalon.core.webui.keyword.builtin.SetTextKeyword$_setText_closure1.doCall(SetTextKeyword.groovy:51)
	at com.kms.katalon.core.webui.keyword.builtin.SetTextKeyword$_setText_closure1.call(SetTextKeyword.groovy)
	at com.kms.katalon.core.webui.keyword.internal.WebUIKeywordMain.runKeyword(WebUIKeywordMain.groovy:20)
	... 22 more


2022-01-14 22:57:27 - [TEST_STEP][PASSED] - openBrowser(""): Browser is opened with url: ''

2022-01-14 22:57:27 - [MESSAGE][WARNING] - A browser is already opened. Closing browser and opening a new one

2022-01-14 22:57:28 - [MESSAGE][INFO] - Starting 'Chrome' driver

2022-01-14 22:57:28 - [MESSAGE][INFO] - Action delay is set to 0 milliseconds

2022-01-14 22:57:29 - [MESSAGE][PASSED] - Browser is opened with url: ''

2022-01-14 22:57:29 - [TEST_STEP][PASSED] - navigateToUrl("http://localhost/"): Navigate to 'http://localhost/' successfully

2022-01-14 22:57:30 - [MESSAGE][PASSED] - Navigate to 'http://localhost/' successfully

2022-01-14 22:57:30 - [TEST_STEP][PASSED] - click(findTestObject("Object Repository/Page_HCMUS/a_Nhp mn tr tu nhn to")): Object: 'Object Repository/Page_HCMUS/a_Nhp mn tr tu nhn to' is clicked on

2022-01-14 22:57:31 - [MESSAGE][PASSED] - Object: 'Object Repository/Page_HCMUS/a_Nhp mn tr tu nhn to' is clicked on

2022-01-14 22:57:31 - [TEST_STEP][PASSED] - setText(findTestObject("Object Repository/Page_HCMUS Log in to the site/input_Username_username"), "student3"): Text 'student3' is set on object 'Object Repository/Page_HCMUS Log in to the site/input_Username_username'

2022-01-14 22:57:32 - [MESSAGE][PASSED] - Text 'student3' is set on object 'Object Repository/Page_HCMUS Log in to the site/input_Username_username'

2022-01-14 22:57:32 - [TEST_STEP][PASSED] - setEncryptedText(findTestObject("Object Repository/Page_HCMUS Log in to the site/input_Password_password"), "xsue+lrReh7u7aVNaHEoWw=="): Text ****** has been set on object 'Object Repository/Page_HCMUS Log in to the site/input_Password_password'

2022-01-14 22:57:32 - [MESSAGE][PASSED] - Text ****** has been set on object 'Object Repository/Page_HCMUS Log in to the site/input_Password_password'

2022-01-14 22:57:32 - [TEST_STEP][PASSED] - click(findTestObject("Object Repository/Page_HCMUS Log in to the site/button_Log in")): Object: 'Object Repository/Page_HCMUS Log in to the site/button_Log in' is clicked on

2022-01-14 22:57:33 - [MESSAGE][PASSED] - Object: 'Object Repository/Page_HCMUS Log in to the site/button_Log in' is clicked on

2022-01-14 22:57:33 - [TEST_STEP][PASSED] - click(findTestObject("Object Repository/Page_Course Nhp mn tr tu nhn to/span_Forum 1")): Object: 'Object Repository/Page_Course Nhp mn tr tu nhn to/span_Forum 1' is clicked on

2022-01-14 22:57:34 - [MESSAGE][PASSED] - Object: 'Object Repository/Page_Course Nhp mn tr tu nhn to/span_Forum 1' is clicked on

2022-01-14 22:57:34 - [TEST_STEP][PASSED] - click(findTestObject("Object Repository/Page_Forum 1/a_Add a new discussion topic")): Object: 'Object Repository/Page_Forum 1/a_Add a new discussion topic' is clicked on

2022-01-14 22:57:41 - [MESSAGE][INFO] - Unable to find the element located by 'By.xpath: //a[@id='yui_3_17_2_1_1641967105117_488']'. Please recheck the objects properties to make sure the desired element is located. 

2022-01-14 22:57:41 - [MESSAGE][WARNING] - [SELF-HEALING] Failed to find element with id 'Object Repository/Page_Forum 1/a_Add a new discussion topic'. Try using Self-healing.

2022-01-14 22:57:41 - [MESSAGE][WARNING] - [SELF-HEALING] The current locator of test object 'Object Repository/Page_Forum 1/a_Add a new discussion topic' was broken. Propose an alternative one: '(.//*[normalize-space(text()) and normalize-space(.)='Mark as done'])[1]/following::a[1]'.

2022-01-14 22:57:45 - [MESSAGE][PASSED] - Object: 'Object Repository/Page_Forum 1/a_Add a new discussion topic' is clicked on

2022-01-14 22:57:45 - [TEST_STEP][FAILED] - setText(findTestObject("Object Repository/Page_Forum 1/input_Subject_subject"), "Topic 1"): Unable to set text 'Topic 1' of object 'Object Repository/Page_Forum 1/input_Subject_subject' (Root cause: com.kms.katalon.core.exception.StepFailedException: Unable to set text 'Topic 1' of object 'Object Repository/Page_Forum 1/input_Subject_subject'
	at com.kms.katalon.core.webui.keyword.internal.WebUIKeywordMain.stepFailed(WebUIKeywordMain.groovy:64)
	at com.kms.katalon.core.webui.keyword.internal.WebUIKeywordMain.runKeyword(WebUIKeywordMain.groovy:26)
	at com.kms.katalon.core.webui.keyword.builtin.SetTextKeyword.setText(SetTextKeyword.groovy:66)
	at com.kms.katalon.core.webui.keyword.builtin.SetTextKeyword.execute(SetTextKeyword.groovy:37)
	at com.kms.katalon.core.keyword.internal.KeywordExecutor.executeKeywordForPlatform(KeywordExecutor.groovy:74)
	at com.kms.katalon.core.webui.keyword.WebUiBuiltInKeywords.setText(WebUiBuiltInKeywords.groovy:980)
	at com.kms.katalon.core.webui.keyword.WebUiBuiltInKeywords$setText$2.call(Unknown Source)
	at 27_Sinh viên mở một đề tài thảo luận với thông tin chính xác.run(27_Sinh viên mở một đề tài thảo luận với thông tin chính xác:36)
	at com.kms.katalon.core.main.ScriptEngine.run(ScriptEngine.java:194)
	at com.kms.katalon.core.main.ScriptEngine.runScriptAsRawText(ScriptEngine.java:119)
	at com.kms.katalon.core.main.TestCaseExecutor.runScript(TestCaseExecutor.java:442)
	at com.kms.katalon.core.main.TestCaseExecutor.doExecute(TestCaseExecutor.java:433)
	at com.kms.katalon.core.main.TestCaseExecutor.processExecutionPhase(TestCaseExecutor.java:412)
	at com.kms.katalon.core.main.TestCaseExecutor.accessMainPhase(TestCaseExecutor.java:404)
	at com.kms.katalon.core.main.TestCaseExecutor.execute(TestCaseExecutor.java:281)
	at com.kms.katalon.core.main.TestCaseExecutor.execute(TestCaseExecutor.java:363)
	at com.kms.katalon.core.main.TestCaseExecutor.execute(TestCaseExecutor.java:363)
	at com.kms.katalon.core.main.TestCaseExecutor.execute(TestCaseExecutor.java:363)
	at com.kms.katalon.core.main.TestSuiteExecutor.accessTestCaseMainPhase(TestSuiteExecutor.java:202)
	at com.kms.katalon.core.main.TestSuiteExecutor.accessTestSuiteMainPhase(TestSuiteExecutor.java:164)
	at com.kms.katalon.core.main.TestSuiteExecutor.execute(TestSuiteExecutor.java:105)
	at com.kms.katalon.core.main.TestCaseMain.startTestSuite(TestCaseMain.java:181)
	at com.kms.katalon.core.main.TestCaseMain$startTestSuite$0.call(Unknown Source)
	at TempTestSuite1642174516033.run(TempTestSuite1642174516033.groovy:36)
Caused by: com.kms.katalon.core.webui.exception.WebElementNotFoundException: Web element with id: 'Object Repository/Page_Forum 1/input_Subject_subject' located by '//input[@id='id_subject']' not found
	at com.kms.katalon.core.webui.common.WebUiCommonHelper.findWebElement(WebUiCommonHelper.java:1368)
	at com.kms.katalon.core.webui.keyword.internal.WebUIAbstractKeyword.findWebElement(WebUIAbstractKeyword.groovy:27)
	at com.kms.katalon.core.webui.keyword.internal.WebUIAbstractKeyword.findWebElement(WebUIAbstractKeyword.groovy:26)
	at com.kms.katalon.core.webui.keyword.builtin.SetTextKeyword$_setText_closure1.doCall(SetTextKeyword.groovy:51)
	at com.kms.katalon.core.webui.keyword.builtin.SetTextKeyword$_setText_closure1.call(SetTextKeyword.groovy)
	at com.kms.katalon.core.webui.keyword.internal.WebUIKeywordMain.runKeyword(WebUIKeywordMain.groovy:20)
	at com.kms.katalon.core.webui.keyword.builtin.SetTextKeyword.setText(SetTextKeyword.groovy:66)
	at com.kms.katalon.core.webui.keyword.builtin.SetTextKeyword.execute(SetTextKeyword.groovy:37)
	at com.kms.katalon.core.keyword.internal.KeywordExecutor.executeKeywordForPlatform(KeywordExecutor.groovy:74)
	at com.kms.katalon.core.webui.keyword.WebUiBuiltInKeywords.setText(WebUiBuiltInKeywords.groovy:980)
	at com.kms.katalon.core.webui.keyword.WebUiBuiltInKeywords$setText$2.call(Unknown Source)
	at Script1641966932043.run(Script1641966932043.groovy:36)
	... 16 more
)

2022-01-14 22:57:51 - [MESSAGE][INFO] - Unable to find the element located by 'By.xpath: //input[@id='id_subject']'. Please recheck the objects properties to make sure the desired element is located. 

2022-01-14 22:57:51 - [MESSAGE][WARNING] - [SELF-HEALING] Failed to find element with id 'Object Repository/Page_Forum 1/input_Subject_subject'. Try using Self-healing.

2022-01-14 22:57:51 - [MESSAGE][INFO] - [SELF-HEALING] Failed Locator: '//input[@id='id_subject']'.

2022-01-14 22:57:52 - [MESSAGE][INFO] - [SELF-HEALING] Failed Locator: '//div[@id='yui_3_17_2_1_1641967105117_498']/input'.

2022-01-14 22:57:52 - [MESSAGE][INFO] - [SELF-HEALING] Failed Locator: '//div[2]/input'.

2022-01-14 22:57:52 - [MESSAGE][INFO] - [SELF-HEALING] Failed Locator: '//div[@id='yui_3_17_2_1_1641966980267_497']/input'.

2022-01-14 22:57:52 - [MESSAGE][INFO] - [SELF-HEALING] Failed Locator: '//input[@id='id_subject']'.

2022-01-14 22:57:53 - [MESSAGE][INFO] - [SELF-HEALING] Failed Locator: '//div[@id='yui_3_17_2_1_1641967105117_498']/input'.

2022-01-14 22:57:53 - [MESSAGE][INFO] - [SELF-HEALING] Failed Locator: '//div[2]/input'.

2022-01-14 22:57:53 - [MESSAGE][INFO] - [SELF-HEALING] Failed Locator: '//div[@id='yui_3_17_2_1_1641966980267_497']/input'.

2022-01-14 22:57:54 - [MESSAGE][INFO] - Unable to find the element located by 'By.xpath: //*[@type = 'text' and @name = 'subject' and @id = 'id_subject']'. Please recheck the objects properties to make sure the desired element is located. 

2022-01-14 22:57:55 - [MESSAGE][INFO] - Unable to find the element located by 'By.cssSelector: #id_subject'. Please recheck the objects properties to make sure the desired element is located. 

2022-01-14 22:57:56 - [MESSAGE][FAILED] - Unable to set text 'Topic 1' of object 'Object Repository/Page_Forum 1/input_Subject_subject' (Root cause: com.kms.katalon.core.exception.StepFailedException: Unable to set text 'Topic 1' of object 'Object Repository/Page_Forum 1/input_Subject_subject'
	at com.kms.katalon.core.webui.keyword.internal.WebUIKeywordMain.stepFailed(WebUIKeywordMain.groovy:64)
	at com.kms.katalon.core.webui.keyword.internal.WebUIKeywordMain.runKeyword(WebUIKeywordMain.groovy:26)
	at com.kms.katalon.core.webui.keyword.builtin.SetTextKeyword.setText(SetTextKeyword.groovy:66)
	at com.kms.katalon.core.webui.keyword.builtin.SetTextKeyword.execute(SetTextKeyword.groovy:37)
	at com.kms.katalon.core.keyword.internal.KeywordExecutor.executeKeywordForPlatform(KeywordExecutor.groovy:74)
	at com.kms.katalon.core.webui.keyword.WebUiBuiltInKeywords.setText(WebUiBuiltInKeywords.groovy:980)
	at com.kms.katalon.core.webui.keyword.WebUiBuiltInKeywords$setText$2.call(Unknown Source)
	at 27_Sinh viên mở một đề tài thảo luận với thông tin chính xác.run(27_Sinh viên mở một đề tài thảo luận với thông tin chính xác:36)
	at com.kms.katalon.core.main.ScriptEngine.run(ScriptEngine.java:194)
	at com.kms.katalon.core.main.ScriptEngine.runScriptAsRawText(ScriptEngine.java:119)
	at com.kms.katalon.core.main.TestCaseExecutor.runScript(TestCaseExecutor.java:442)
	at com.kms.katalon.core.main.TestCaseExecutor.doExecute(TestCaseExecutor.java:433)
	at com.kms.katalon.core.main.TestCaseExecutor.processExecutionPhase(TestCaseExecutor.java:412)
	at com.kms.katalon.core.main.TestCaseExecutor.accessMainPhase(TestCaseExecutor.java:404)
	at com.kms.katalon.core.main.TestCaseExecutor.execute(TestCaseExecutor.java:281)
	at com.kms.katalon.core.main.TestCaseExecutor.execute(TestCaseExecutor.java:363)
	at com.kms.katalon.core.main.TestCaseExecutor.execute(TestCaseExecutor.java:363)
	at com.kms.katalon.core.main.TestCaseExecutor.execute(TestCaseExecutor.java:363)
	at com.kms.katalon.core.main.TestSuiteExecutor.accessTestCaseMainPhase(TestSuiteExecutor.java:202)
	at com.kms.katalon.core.main.TestSuiteExecutor.accessTestSuiteMainPhase(TestSuiteExecutor.java:164)
	at com.kms.katalon.core.main.TestSuiteExecutor.execute(TestSuiteExecutor.java:105)
	at com.kms.katalon.core.main.TestCaseMain.startTestSuite(TestCaseMain.java:181)
	at com.kms.katalon.core.main.TestCaseMain$startTestSuite$0.call(Unknown Source)
	at TempTestSuite1642174516033.run(TempTestSuite1642174516033.groovy:36)
Caused by: com.kms.katalon.core.webui.exception.WebElementNotFoundException: Web element with id: 'Object Repository/Page_Forum 1/input_Subject_subject' located by '//input[@id='id_subject']' not found
	at com.kms.katalon.core.webui.common.WebUiCommonHelper.findWebElement(WebUiCommonHelper.java:1368)
	at com.kms.katalon.core.webui.keyword.internal.WebUIAbstractKeyword.findWebElement(WebUIAbstractKeyword.groovy:27)
	at com.kms.katalon.core.webui.keyword.internal.WebUIAbstractKeyword.findWebElement(WebUIAbstractKeyword.groovy:26)
	at com.kms.katalon.core.webui.keyword.builtin.SetTextKeyword$_setText_closure1.doCall(SetTextKeyword.groovy:51)
	at com.kms.katalon.core.webui.keyword.builtin.SetTextKeyword$_setText_closure1.call(SetTextKeyword.groovy)
	at com.kms.katalon.core.webui.keyword.internal.WebUIKeywordMain.runKeyword(WebUIKeywordMain.groovy:20)
	at com.kms.katalon.core.webui.keyword.builtin.SetTextKeyword.setText(SetTextKeyword.groovy:66)
	at com.kms.katalon.core.webui.keyword.builtin.SetTextKeyword.execute(SetTextKeyword.groovy:37)
	at com.kms.katalon.core.keyword.internal.KeywordExecutor.executeKeywordForPlatform(KeywordExecutor.groovy:74)
	at com.kms.katalon.core.webui.keyword.WebUiBuiltInKeywords.setText(WebUiBuiltInKeywords.groovy:980)
	at com.kms.katalon.core.webui.keyword.WebUiBuiltInKeywords$setText$2.call(Unknown Source)
	at Script1641966932043.run(Script1641966932043.groovy:36)
	... 16 more
)
[[ATTACHMENT|D:\\nam 3\\nhap mon CNPM\\bonus project\\Test-Automation-SE-Bonus\\Reports\\20220114_223516\\Run all test cases\\20220114_223516\\1642175875669.png]]]]></system-out>
         <system-err><![CDATA[2022-01-14 22:57:27 - [TEST_CASE][FAILED] - Test Cases/27_Sinh viên mở một đề tài thảo luận với thông tin chính xác: Test Cases/27_Sinh viên mở một đề tài thảo luận với thông tin chính xác FAILED.
Reason:
com.kms.katalon.core.exception.StepFailedException: Unable to set text 'Topic 1' of object 'Object Repository/Page_Forum 1/input_Subject_subject'
	at com.kms.katalon.core.webui.keyword.internal.WebUIKeywordMain.stepFailed(WebUIKeywordMain.groovy:64)
	at com.kms.katalon.core.webui.keyword.internal.WebUIKeywordMain.runKeyword(WebUIKeywordMain.groovy:26)
	at com.kms.katalon.core.webui.keyword.builtin.SetTextKeyword.setText(SetTextKeyword.groovy:66)
	at com.kms.katalon.core.webui.keyword.builtin.SetTextKeyword.execute(SetTextKeyword.groovy:37)
	at com.kms.katalon.core.keyword.internal.KeywordExecutor.executeKeywordForPlatform(KeywordExecutor.groovy:74)
	at com.kms.katalon.core.webui.keyword.WebUiBuiltInKeywords.setText(WebUiBuiltInKeywords.groovy:980)
	at com.kms.katalon.core.webui.keyword.WebUiBuiltInKeywords$setText$2.call(Unknown Source)
	at 27_Sinh viên mở một đề tài thảo luận với thông tin chính xác.run(27_Sinh viên mở một đề tài thảo luận với thông tin chính xác:36)
	at com.kms.katalon.core.main.ScriptEngine.run(ScriptEngine.java:194)
	at com.kms.katalon.core.main.ScriptEngine.runScriptAsRawText(ScriptEngine.java:119)
	at com.kms.katalon.core.main.TestCaseExecutor.runScript(TestCaseExecutor.java:442)
	at com.kms.katalon.core.main.TestCaseExecutor.doExecute(TestCaseExecutor.java:433)
	at com.kms.katalon.core.main.TestCaseExecutor.processExecutionPhase(TestCaseExecutor.java:412)
	at com.kms.katalon.core.main.TestCaseExecutor.accessMainPhase(TestCaseExecutor.java:404)
	at com.kms.katalon.core.main.TestCaseExecutor.execute(TestCaseExecutor.java:281)
	at com.kms.katalon.core.main.TestCaseExecutor.execute(TestCaseExecutor.java:363)
	at com.kms.katalon.core.main.TestCaseExecutor.execute(TestCaseExecutor.java:363)
	at com.kms.katalon.core.main.TestCaseExecutor.execute(TestCaseExecutor.java:363)
	at com.kms.katalon.core.main.TestSuiteExecutor.accessTestCaseMainPhase(TestSuiteExecutor.java:202)
	at com.kms.katalon.core.main.TestSuiteExecutor.accessTestSuiteMainPhase(TestSuiteExecutor.java:164)
	at com.kms.katalon.core.main.TestSuiteExecutor.execute(TestSuiteExecutor.java:105)
	at com.kms.katalon.core.main.TestCaseMain.startTestSuite(TestCaseMain.java:181)
	at com.kms.katalon.core.main.TestCaseMain$startTestSuite$0.call(Unknown Source)
	at TempTestSuite1642174516033.run(TempTestSuite1642174516033.groovy:36)
Caused by: com.kms.katalon.core.webui.exception.WebElementNotFoundException: Web element with id: 'Object Repository/Page_Forum 1/input_Subject_subject' located by '//input[@id='id_subject']' not found
	at com.kms.katalon.core.webui.common.WebUiCommonHelper.findWebElement(WebUiCommonHelper.java:1368)
	at com.kms.katalon.core.webui.keyword.internal.WebUIAbstractKeyword.findWebElement(WebUIAbstractKeyword.groovy:27)
	at com.kms.katalon.core.webui.keyword.internal.WebUIAbstractKeyword.findWebElement(WebUIAbstractKeyword.groovy:26)
	at com.kms.katalon.core.webui.keyword.builtin.SetTextKeyword$_setText_closure1.doCall(SetTextKeyword.groovy:51)
	at com.kms.katalon.core.webui.keyword.builtin.SetTextKeyword$_setText_closure1.call(SetTextKeyword.groovy)
	at com.kms.katalon.core.webui.keyword.internal.WebUIKeywordMain.runKeyword(WebUIKeywordMain.groovy:20)
	... 22 more]]></system-err>
      </testcase>
      <testcase name="Test Cases/28_Giáo viên tạo assignment với giới hạn từ là số âm" time="47.79" classname="Test Cases/28_Giáo viên tạo assignment với giới hạn từ là số âm" status="PASSED">
         <system-out><![CDATA[2022-01-14 22:57:56 - [TEST_CASE][PASSED] - Test Cases/28_Giáo viên tạo assignment với giới hạn từ là số âm: Test Cases/28_Giáo viên tạo assignment với giới hạn từ là số âm

2022-01-14 22:57:56 - [TEST_STEP][PASSED] - openBrowser(""): Browser is opened with url: ''

2022-01-14 22:57:56 - [MESSAGE][WARNING] - A browser is already opened. Closing browser and opening a new one

2022-01-14 22:57:57 - [MESSAGE][INFO] - Starting 'Chrome' driver

2022-01-14 22:57:57 - [MESSAGE][INFO] - Action delay is set to 0 milliseconds

2022-01-14 22:57:58 - [MESSAGE][PASSED] - Browser is opened with url: ''

2022-01-14 22:57:58 - [TEST_STEP][PASSED] - navigateToUrl("http://localhost/"): Navigate to 'http://localhost/' successfully

2022-01-14 22:57:58 - [MESSAGE][PASSED] - Navigate to 'http://localhost/' successfully

2022-01-14 22:57:58 - [TEST_STEP][PASSED] - click(findTestObject("Object Repository/Page_HCMUS/a_Nhp mn tr tu nhn to")): Object: 'Object Repository/Page_HCMUS/a_Nhp mn tr tu nhn to' is clicked on

2022-01-14 22:57:59 - [MESSAGE][PASSED] - Object: 'Object Repository/Page_HCMUS/a_Nhp mn tr tu nhn to' is clicked on

2022-01-14 22:57:59 - [TEST_STEP][PASSED] - setText(findTestObject("Object Repository/Page_HCMUS Log in to the site/input_Username_username"), "teacher1"): Text 'teacher1' is set on object 'Object Repository/Page_HCMUS Log in to the site/input_Username_username'

2022-01-14 22:58:00 - [MESSAGE][PASSED] - Text 'teacher1' is set on object 'Object Repository/Page_HCMUS Log in to the site/input_Username_username'

2022-01-14 22:58:00 - [TEST_STEP][PASSED] - setEncryptedText(findTestObject("Object Repository/Page_HCMUS Log in to the site/input_Password_password"), "iKb8CrY6A/iqm08K47hQLA=="): Text ****** has been set on object 'Object Repository/Page_HCMUS Log in to the site/input_Password_password'

2022-01-14 22:58:00 - [MESSAGE][PASSED] - Text ****** has been set on object 'Object Repository/Page_HCMUS Log in to the site/input_Password_password'

2022-01-14 22:58:00 - [TEST_STEP][PASSED] - click(findTestObject("Object Repository/Page_HCMUS Log in to the site/button_Log in")): Object: 'Object Repository/Page_HCMUS Log in to the site/button_Log in' is clicked on

2022-01-14 22:58:01 - [MESSAGE][PASSED] - Object: 'Object Repository/Page_HCMUS Log in to the site/button_Log in' is clicked on

2022-01-14 22:58:01 - [TEST_STEP][PASSED] - click(findTestObject("Object Repository/Page_Course Nhp mn tr tu nhn to/button_Turn editing on")): Object: 'Object Repository/Page_Course Nhp mn tr tu nhn to/button_Turn editing on' is clicked on

2022-01-14 22:58:07 - [MESSAGE][INFO] - Unable to find the element located by 'By.xpath: //button[@id='single_button61deb918b38a91']'. Please recheck the objects properties to make sure the desired element is located. 

2022-01-14 22:58:07 - [MESSAGE][WARNING] - [SELF-HEALING] Failed to find element with id 'Object Repository/Page_Course Nhp mn tr tu nhn to/button_Turn editing on'. Try using Self-healing.

2022-01-14 22:58:07 - [MESSAGE][WARNING] - [SELF-HEALING] The current locator of test object 'Object Repository/Page_Course Nhp mn tr tu nhn to/button_Turn editing on' was broken. Propose an alternative one: '(.//*[normalize-space(text()) and normalize-space(.)='AI'])[2]/following::button[1]'.

2022-01-14 22:58:08 - [MESSAGE][PASSED] - Object: 'Object Repository/Page_Course Nhp mn tr tu nhn to/button_Turn editing on' is clicked on

2022-01-14 22:58:08 - [TEST_STEP][PASSED] - click(findTestObject("Object Repository/Page_Course Nhp mn tr tu nhn to/span_Add an activity or resource")): Object: 'Object Repository/Page_Course Nhp mn tr tu nhn to/span_Add an activity or resource' is clicked on

2022-01-14 22:58:14 - [MESSAGE][INFO] - Unable to find the element located by 'By.xpath: //span[@id='yui_3_17_2_1_1641986354069_794']'. Please recheck the objects properties to make sure the desired element is located. 

2022-01-14 22:58:14 - [MESSAGE][WARNING] - [SELF-HEALING] Failed to find element with id 'Object Repository/Page_Course Nhp mn tr tu nhn to/span_Add an activity or resource'. Try using Self-healing.

2022-01-14 22:58:14 - [MESSAGE][WARNING] - [SELF-HEALING] The current locator of test object 'Object Repository/Page_Course Nhp mn tr tu nhn to/span_Add an activity or resource' was broken. Propose an alternative one: '(.//*[normalize-space(text()) and normalize-space(.)='Add file(s) here'])[1]/following::span[1]'.

2022-01-14 22:58:14 - [MESSAGE][PASSED] - Object: 'Object Repository/Page_Course Nhp mn tr tu nhn to/span_Add an activity or resource' is clicked on

2022-01-14 22:58:14 - [TEST_STEP][PASSED] - click(findTestObject("Object Repository/Page_Course Nhp mn tr tu nhn to/div_Recommended_optionicon mt-2 mb-1 icon-s_bba414")): Object: 'Object Repository/Page_Course Nhp mn tr tu nhn to/div_Recommended_optionicon mt-2 mb-1 icon-s_bba414' is clicked on

2022-01-14 22:58:17 - [MESSAGE][PASSED] - Object: 'Object Repository/Page_Course Nhp mn tr tu nhn to/div_Recommended_optionicon mt-2 mb-1 icon-s_bba414' is clicked on

2022-01-14 22:58:17 - [TEST_STEP][PASSED] - setText(findTestObject("Object Repository/Page_Editing Assignment/input_Assignment name_name"), "Assignment 1"): Text 'Assignment 1' is set on object 'Object Repository/Page_Editing Assignment/input_Assignment name_name'

2022-01-14 22:58:18 - [MESSAGE][PASSED] - Text 'Assignment 1' is set on object 'Object Repository/Page_Editing Assignment/input_Assignment name_name'

2022-01-14 22:58:18 - [TEST_STEP][PASSED] - click(findTestObject("Object Repository/Page_Editing Assignment/input_Online text_assignsubmission_onlinete_900d47")): Object: 'Object Repository/Page_Editing Assignment/input_Online text_assignsubmission_onlinete_900d47' is clicked on

2022-01-14 22:58:18 - [MESSAGE][PASSED] - Object: 'Object Repository/Page_Editing Assignment/input_Online text_assignsubmission_onlinete_900d47' is clicked on

2022-01-14 22:58:18 - [TEST_STEP][PASSED] - click(findTestObject("Object Repository/Page_Editing Assignment/input_File submissions_assignsubmission_fil_19d1d4")): Object: 'Object Repository/Page_Editing Assignment/input_File submissions_assignsubmission_fil_19d1d4' is clicked on

2022-01-14 22:58:19 - [MESSAGE][PASSED] - Object: 'Object Repository/Page_Editing Assignment/input_File submissions_assignsubmission_fil_19d1d4' is clicked on

2022-01-14 22:58:19 - [TEST_STEP][PASSED] - click(findTestObject("Object Repository/Page_Editing Assignment/input_Enable_assignsubmission_onlinetext_wo_0d4c71")): Object: 'Object Repository/Page_Editing Assignment/input_Enable_assignsubmission_onlinetext_wo_0d4c71' is clicked on

2022-01-14 22:58:19 - [MESSAGE][PASSED] - Object: 'Object Repository/Page_Editing Assignment/input_Enable_assignsubmission_onlinetext_wo_0d4c71' is clicked on

2022-01-14 22:58:19 - [TEST_STEP][PASSED] - setText(findTestObject("Object Repository/Page_Editing Assignment/input_Word limit_assignsubmission_onlinetex_3b42b9"), "-10"): Text '-10' is set on object 'Object Repository/Page_Editing Assignment/input_Word limit_assignsubmission_onlinetex_3b42b9'

2022-01-14 22:58:20 - [MESSAGE][PASSED] - Text '-10' is set on object 'Object Repository/Page_Editing Assignment/input_Word limit_assignsubmission_onlinetex_3b42b9'

2022-01-14 22:58:20 - [TEST_STEP][PASSED] - click(findTestObject("Object Repository/Page_Editing Assignment/input_Upon activity completion_submitbutton")): Object: 'Object Repository/Page_Editing Assignment/input_Upon activity completion_submitbutton' is clicked on

2022-01-14 22:58:21 - [MESSAGE][PASSED] - Object: 'Object Repository/Page_Editing Assignment/input_Upon activity completion_submitbutton' is clicked on

2022-01-14 22:58:21 - [TEST_STEP][PASSED] - verifyElementText(findTestObject("Object Repository/Page_AI Assignment 1/h2_Assignment 1"), "Assignment 1"): Actual text and expected text of test object 'Object Repository/Page_AI Assignment 1/h2_Assignment 1' are matched.

2022-01-14 22:58:22 - [MESSAGE][PASSED] - Actual text and expected text of test object 'Object Repository/Page_AI Assignment 1/h2_Assignment 1' are matched.

2022-01-14 22:58:22 - [TEST_STEP][PASSED] - click(findTestObject("Object Repository/Page_AI Assignment 1/a_Teacher Hubbard")): Object: 'Object Repository/Page_AI Assignment 1/a_Teacher Hubbard' is clicked on

2022-01-14 22:58:22 - [MESSAGE][PASSED] - Object: 'Object Repository/Page_AI Assignment 1/a_Teacher Hubbard' is clicked on

2022-01-14 22:58:22 - [TEST_STEP][PASSED] - click(findTestObject("Object Repository/Page_AI Assignment 1/span_Log out")): Object: 'Object Repository/Page_AI Assignment 1/span_Log out' is clicked on

2022-01-14 22:58:23 - [MESSAGE][PASSED] - Object: 'Object Repository/Page_AI Assignment 1/span_Log out' is clicked on

2022-01-14 22:58:23 - [TEST_STEP][PASSED] - click(findTestObject("Object Repository/Page_HCMUS/a_Nhp mn tr tu nhn to")): Object: 'Object Repository/Page_HCMUS/a_Nhp mn tr tu nhn to' is clicked on

2022-01-14 22:58:24 - [MESSAGE][PASSED] - Object: 'Object Repository/Page_HCMUS/a_Nhp mn tr tu nhn to' is clicked on

2022-01-14 22:58:24 - [TEST_STEP][PASSED] - setText(findTestObject("Object Repository/Page_HCMUS Log in to the site/input_Username_username"), "student3"): Text 'student3' is set on object 'Object Repository/Page_HCMUS Log in to the site/input_Username_username'

2022-01-14 22:58:25 - [MESSAGE][PASSED] - Text 'student3' is set on object 'Object Repository/Page_HCMUS Log in to the site/input_Username_username'

2022-01-14 22:58:25 - [TEST_STEP][PASSED] - setEncryptedText(findTestObject("Object Repository/Page_HCMUS Log in to the site/input_Password_password"), "xsue+lrReh7u7aVNaHEoWw=="): Text ****** has been set on object 'Object Repository/Page_HCMUS Log in to the site/input_Password_password'

2022-01-14 22:58:25 - [MESSAGE][PASSED] - Text ****** has been set on object 'Object Repository/Page_HCMUS Log in to the site/input_Password_password'

2022-01-14 22:58:25 - [TEST_STEP][PASSED] - click(findTestObject("Object Repository/Page_HCMUS Log in to the site/button_Log in")): Object: 'Object Repository/Page_HCMUS Log in to the site/button_Log in' is clicked on

2022-01-14 22:58:26 - [MESSAGE][PASSED] - Object: 'Object Repository/Page_HCMUS Log in to the site/button_Log in' is clicked on

2022-01-14 22:58:26 - [TEST_STEP][PASSED] - click(findTestObject("Object Repository/Page_Course Nhp mn tr tu nhn to/span_Assignment 1")): Object: 'Object Repository/Page_Course Nhp mn tr tu nhn to/span_Assignment 1' is clicked on

2022-01-14 22:58:32 - [MESSAGE][INFO] - Unable to find the element located by 'By.xpath: //li[@id='module-8']/div/div/div[2]/div/a/span'. Please recheck the objects properties to make sure the desired element is located. 

2022-01-14 22:58:32 - [MESSAGE][WARNING] - [SELF-HEALING] Failed to find element with id 'Object Repository/Page_Course Nhp mn tr tu nhn to/span_Assignment 1'. Try using Self-healing.

2022-01-14 22:58:32 - [MESSAGE][WARNING] - [SELF-HEALING] The current locator of test object 'Object Repository/Page_Course Nhp mn tr tu nhn to/span_Assignment 1' was broken. Propose an alternative one: '(.//*[normalize-space(text()) and normalize-space(.)='Mark as done'])[5]/following::span[1]'.

2022-01-14 22:58:33 - [MESSAGE][PASSED] - Object: 'Object Repository/Page_Course Nhp mn tr tu nhn to/span_Assignment 1' is clicked on

2022-01-14 22:58:33 - [TEST_STEP][PASSED] - click(findTestObject("Object Repository/Page_AI Assignment 1/button_Add submission")): Object: 'Object Repository/Page_AI Assignment 1/button_Add submission' is clicked on

2022-01-14 22:58:39 - [MESSAGE][INFO] - Unable to find the element located by 'By.xpath: //button[@id='single_button61de70822d66415']'. Please recheck the objects properties to make sure the desired element is located. 

2022-01-14 22:58:39 - [MESSAGE][WARNING] - [SELF-HEALING] Failed to find element with id 'Object Repository/Page_AI Assignment 1/button_Add submission'. Try using Self-healing.

2022-01-14 22:58:39 - [MESSAGE][WARNING] - [SELF-HEALING] The current locator of test object 'Object Repository/Page_AI Assignment 1/button_Add submission' was broken. Propose an alternative one: '//section[@id='region-main']/div/div[3]/div[2]/div/form/button'.

2022-01-14 22:58:40 - [MESSAGE][PASSED] - Object: 'Object Repository/Page_AI Assignment 1/button_Add submission' is clicked on

2022-01-14 22:58:40 - [TEST_STEP][PASSED] - setText(findTestObject("Object Repository/Page_AI Assignment 1 - Edit submission/div_Hello"), "Hello"): Text 'Hello' is set on object 'Object Repository/Page_AI Assignment 1 - Edit submission/div_Hello'

2022-01-14 22:58:41 - [MESSAGE][PASSED] - Text 'Hello' is set on object 'Object Repository/Page_AI Assignment 1 - Edit submission/div_Hello'

2022-01-14 22:58:41 - [TEST_STEP][PASSED] - click(findTestObject("Object Repository/Page_AI Assignment 1 - Edit submission/input_Online text_submitbutton")): Object: 'Object Repository/Page_AI Assignment 1 - Edit submission/input_Online text_submitbutton' is clicked on

2022-01-14 22:58:42 - [MESSAGE][PASSED] - Object: 'Object Repository/Page_AI Assignment 1 - Edit submission/input_Online text_submitbutton' is clicked on

2022-01-14 22:58:42 - [TEST_STEP][PASSED] - verifyElementText(findTestObject("Object Repository/Page_AI Assignment 1 - Edit submission/span_The word limit for this assignment is _018888"), "The word limit for this assignment is -10 words and you are attempting to submit 1 words. Please review your submission and try again."): Actual text and expected text of test object 'Object Repository/Page_AI Assignment 1 - Edit submission/span_The word limit for this assignment is _018888' are matched.

2022-01-14 22:58:43 - [MESSAGE][PASSED] - Actual text and expected text of test object 'Object Repository/Page_AI Assignment 1 - Edit submission/span_The word limit for this assignment is _018888' are matched.

2022-01-14 22:58:43 - [TEST_STEP][PASSED] - closeBrowser(): Browser is closed

2022-01-14 22:58:43 - [MESSAGE][PASSED] - Browser is closed]]></system-out>
         <system-err><![CDATA[]]></system-err>
      </testcase>
      <testcase name="Test Cases/29_Giáo viên tạo assignment với các thông tin chính xác" time="25.76" classname="Test Cases/29_Giáo viên tạo assignment với các thông tin chính xác" status="PASSED">
         <system-out><![CDATA[2022-01-14 22:58:43 - [TEST_CASE][PASSED] - Test Cases/29_Giáo viên tạo assignment với các thông tin chính xác: Test Cases/29_Giáo viên tạo assignment với các thông tin chính xác

2022-01-14 22:58:44 - [TEST_STEP][PASSED] - openBrowser(""): Browser is opened with url: ''

2022-01-14 22:58:44 - [MESSAGE][INFO] - Starting 'Chrome' driver

2022-01-14 22:58:44 - [MESSAGE][INFO] - Action delay is set to 0 milliseconds

2022-01-14 22:58:45 - [MESSAGE][PASSED] - Browser is opened with url: ''

2022-01-14 22:58:45 - [TEST_STEP][PASSED] - navigateToUrl("http://localhost/"): Navigate to 'http://localhost/' successfully

2022-01-14 22:58:45 - [MESSAGE][PASSED] - Navigate to 'http://localhost/' successfully

2022-01-14 22:58:45 - [TEST_STEP][PASSED] - click(findTestObject("Object Repository/Page_HCMUS/a_Nhp mn tr tu nhn to")): Object: 'Object Repository/Page_HCMUS/a_Nhp mn tr tu nhn to' is clicked on

2022-01-14 22:58:46 - [MESSAGE][PASSED] - Object: 'Object Repository/Page_HCMUS/a_Nhp mn tr tu nhn to' is clicked on

2022-01-14 22:58:46 - [TEST_STEP][PASSED] - setText(findTestObject("Object Repository/Page_HCMUS Log in to the site/input_Username_username"), "teacher1"): Text 'teacher1' is set on object 'Object Repository/Page_HCMUS Log in to the site/input_Username_username'

2022-01-14 22:58:47 - [MESSAGE][PASSED] - Text 'teacher1' is set on object 'Object Repository/Page_HCMUS Log in to the site/input_Username_username'

2022-01-14 22:58:47 - [TEST_STEP][PASSED] - setEncryptedText(findTestObject("Object Repository/Page_HCMUS Log in to the site/input_Password_password"), "iKb8CrY6A/iqm08K47hQLA=="): Text ****** has been set on object 'Object Repository/Page_HCMUS Log in to the site/input_Password_password'

2022-01-14 22:58:47 - [MESSAGE][PASSED] - Text ****** has been set on object 'Object Repository/Page_HCMUS Log in to the site/input_Password_password'

2022-01-14 22:58:47 - [TEST_STEP][PASSED] - click(findTestObject("Object Repository/Page_HCMUS Log in to the site/button_Log in")): Object: 'Object Repository/Page_HCMUS Log in to the site/button_Log in' is clicked on

2022-01-14 22:58:48 - [MESSAGE][PASSED] - Object: 'Object Repository/Page_HCMUS Log in to the site/button_Log in' is clicked on

2022-01-14 22:58:48 - [TEST_STEP][PASSED] - click(findTestObject("Object Repository/Page_Course Nhp mn tr tu nhn to/button_Turn editing on")): Object: 'Object Repository/Page_Course Nhp mn tr tu nhn to/button_Turn editing on' is clicked on

2022-01-14 22:58:54 - [MESSAGE][INFO] - Unable to find the element located by 'By.xpath: //button[@id='single_button61deb918b38a91']'. Please recheck the objects properties to make sure the desired element is located. 

2022-01-14 22:58:54 - [MESSAGE][WARNING] - [SELF-HEALING] Failed to find element with id 'Object Repository/Page_Course Nhp mn tr tu nhn to/button_Turn editing on'. Try using Self-healing.

2022-01-14 22:58:55 - [MESSAGE][WARNING] - [SELF-HEALING] The current locator of test object 'Object Repository/Page_Course Nhp mn tr tu nhn to/button_Turn editing on' was broken. Propose an alternative one: '(.//*[normalize-space(text()) and normalize-space(.)='AI'])[2]/following::button[1]'.

2022-01-14 22:58:55 - [MESSAGE][PASSED] - Object: 'Object Repository/Page_Course Nhp mn tr tu nhn to/button_Turn editing on' is clicked on

2022-01-14 22:58:55 - [TEST_STEP][PASSED] - click(findTestObject("Object Repository/Page_Course Nhp mn tr tu nhn to/span_Add an activity or resource")): Object: 'Object Repository/Page_Course Nhp mn tr tu nhn to/span_Add an activity or resource' is clicked on

2022-01-14 22:59:01 - [MESSAGE][INFO] - Unable to find the element located by 'By.xpath: //span[@id='yui_3_17_2_1_1641986354069_794']'. Please recheck the objects properties to make sure the desired element is located. 

2022-01-14 22:59:01 - [MESSAGE][WARNING] - [SELF-HEALING] Failed to find element with id 'Object Repository/Page_Course Nhp mn tr tu nhn to/span_Add an activity or resource'. Try using Self-healing.

2022-01-14 22:59:01 - [MESSAGE][WARNING] - [SELF-HEALING] The current locator of test object 'Object Repository/Page_Course Nhp mn tr tu nhn to/span_Add an activity or resource' was broken. Propose an alternative one: '(.//*[normalize-space(text()) and normalize-space(.)='Add file(s) here'])[1]/following::span[1]'.

2022-01-14 22:59:02 - [MESSAGE][PASSED] - Object: 'Object Repository/Page_Course Nhp mn tr tu nhn to/span_Add an activity or resource' is clicked on

2022-01-14 22:59:02 - [TEST_STEP][PASSED] - click(findTestObject("Object Repository/Page_Course Nhp mn tr tu nhn to/div_Recommended_optionicon mt-2 mb-1 icon-s_bba414")): Object: 'Object Repository/Page_Course Nhp mn tr tu nhn to/div_Recommended_optionicon mt-2 mb-1 icon-s_bba414' is clicked on

2022-01-14 22:59:04 - [MESSAGE][PASSED] - Object: 'Object Repository/Page_Course Nhp mn tr tu nhn to/div_Recommended_optionicon mt-2 mb-1 icon-s_bba414' is clicked on

2022-01-14 22:59:04 - [TEST_STEP][PASSED] - setText(findTestObject("Object Repository/Page_Editing Assignment/input_Assignment name_name"), "Assignment 2"): Text 'Assignment 2' is set on object 'Object Repository/Page_Editing Assignment/input_Assignment name_name'

2022-01-14 22:59:05 - [MESSAGE][PASSED] - Text 'Assignment 2' is set on object 'Object Repository/Page_Editing Assignment/input_Assignment name_name'

2022-01-14 22:59:05 - [TEST_STEP][PASSED] - click(findTestObject("Object Repository/Page_Editing Assignment/input_Online text_assignsubmission_onlinete_900d47")): Object: 'Object Repository/Page_Editing Assignment/input_Online text_assignsubmission_onlinete_900d47' is clicked on

2022-01-14 22:59:05 - [MESSAGE][PASSED] - Object: 'Object Repository/Page_Editing Assignment/input_Online text_assignsubmission_onlinete_900d47' is clicked on

2022-01-14 22:59:05 - [TEST_STEP][PASSED] - click(findTestObject("Object Repository/Page_Editing Assignment/input_File submissions_assignsubmission_fil_19d1d4")): Object: 'Object Repository/Page_Editing Assignment/input_File submissions_assignsubmission_fil_19d1d4' is clicked on

2022-01-14 22:59:06 - [MESSAGE][PASSED] - Object: 'Object Repository/Page_Editing Assignment/input_File submissions_assignsubmission_fil_19d1d4' is clicked on

2022-01-14 22:59:06 - [TEST_STEP][PASSED] - click(findTestObject("Object Repository/Page_Editing Assignment/input_Enable_assignsubmission_onlinetext_wo_0d4c71")): Object: 'Object Repository/Page_Editing Assignment/input_Enable_assignsubmission_onlinetext_wo_0d4c71' is clicked on

2022-01-14 22:59:06 - [MESSAGE][PASSED] - Object: 'Object Repository/Page_Editing Assignment/input_Enable_assignsubmission_onlinetext_wo_0d4c71' is clicked on

2022-01-14 22:59:06 - [TEST_STEP][PASSED] - setText(findTestObject("Object Repository/Page_Editing Assignment/input_Word limit_assignsubmission_onlinetex_3b42b9"), "150"): Text '150' is set on object 'Object Repository/Page_Editing Assignment/input_Word limit_assignsubmission_onlinetex_3b42b9'

2022-01-14 22:59:07 - [MESSAGE][PASSED] - Text '150' is set on object 'Object Repository/Page_Editing Assignment/input_Word limit_assignsubmission_onlinetex_3b42b9'

2022-01-14 22:59:07 - [TEST_STEP][PASSED] - click(findTestObject("Object Repository/Page_Editing Assignment/input_Upon activity completion_submitbutton")): Object: 'Object Repository/Page_Editing Assignment/input_Upon activity completion_submitbutton' is clicked on

2022-01-14 22:59:08 - [MESSAGE][PASSED] - Object: 'Object Repository/Page_Editing Assignment/input_Upon activity completion_submitbutton' is clicked on

2022-01-14 22:59:08 - [TEST_STEP][PASSED] - verifyElementText(findTestObject("Object Repository/Page_AI Assignment 2/h2_Assignment 2"), "Assignment 2"): Actual text and expected text of test object 'Object Repository/Page_AI Assignment 2/h2_Assignment 2' are matched.

2022-01-14 22:59:09 - [MESSAGE][PASSED] - Actual text and expected text of test object 'Object Repository/Page_AI Assignment 2/h2_Assignment 2' are matched.

2022-01-14 22:59:09 - [TEST_STEP][PASSED] - closeBrowser(): Browser is closed

2022-01-14 22:59:09 - [MESSAGE][PASSED] - Browser is closed]]></system-out>
         <system-err><![CDATA[]]></system-err>
      </testcase>
      <testcase name="Test Cases/30_Giáo viên tạo announcement thêm thiếu message" time="15.488" classname="Test Cases/30_Giáo viên tạo announcement thêm thiếu message" status="PASSED">
         <system-out><![CDATA[2022-01-14 22:59:09 - [TEST_CASE][PASSED] - Test Cases/30_Giáo viên tạo announcement thêm thiếu message: Test Cases/30_Giáo viên tạo announcement thêm thiếu message

2022-01-14 22:59:10 - [TEST_STEP][PASSED] - openBrowser(""): Browser is opened with url: ''

2022-01-14 22:59:10 - [MESSAGE][INFO] - Starting 'Chrome' driver

2022-01-14 22:59:10 - [MESSAGE][INFO] - Action delay is set to 0 milliseconds

2022-01-14 22:59:11 - [MESSAGE][PASSED] - Browser is opened with url: ''

2022-01-14 22:59:11 - [TEST_STEP][PASSED] - navigateToUrl("http://localhost/"): Navigate to 'http://localhost/' successfully

2022-01-14 22:59:11 - [MESSAGE][PASSED] - Navigate to 'http://localhost/' successfully

2022-01-14 22:59:11 - [TEST_STEP][PASSED] - click(findTestObject("Object Repository/Page_HCMUS/a_Nhp mn tr tu nhn to")): Object: 'Object Repository/Page_HCMUS/a_Nhp mn tr tu nhn to' is clicked on

2022-01-14 22:59:12 - [MESSAGE][PASSED] - Object: 'Object Repository/Page_HCMUS/a_Nhp mn tr tu nhn to' is clicked on

2022-01-14 22:59:12 - [TEST_STEP][PASSED] - setText(findTestObject("Object Repository/Page_HCMUS Log in to the site/input_Username_username"), "teacher1"): Text 'teacher1' is set on object 'Object Repository/Page_HCMUS Log in to the site/input_Username_username'

2022-01-14 22:59:13 - [MESSAGE][PASSED] - Text 'teacher1' is set on object 'Object Repository/Page_HCMUS Log in to the site/input_Username_username'

2022-01-14 22:59:13 - [TEST_STEP][PASSED] - setEncryptedText(findTestObject("Object Repository/Page_HCMUS Log in to the site/input_Password_password"), "iKb8CrY6A/iqm08K47hQLA=="): Text ****** has been set on object 'Object Repository/Page_HCMUS Log in to the site/input_Password_password'

2022-01-14 22:59:13 - [MESSAGE][PASSED] - Text ****** has been set on object 'Object Repository/Page_HCMUS Log in to the site/input_Password_password'

2022-01-14 22:59:13 - [TEST_STEP][PASSED] - click(findTestObject("Object Repository/Page_HCMUS Log in to the site/button_Log in")): Object: 'Object Repository/Page_HCMUS Log in to the site/button_Log in' is clicked on

2022-01-14 22:59:14 - [MESSAGE][PASSED] - Object: 'Object Repository/Page_HCMUS Log in to the site/button_Log in' is clicked on

2022-01-14 22:59:14 - [TEST_STEP][PASSED] - click(findTestObject("Object Repository/Page_Course Nhp mn tr tu nhn to/span_Announcements Forum")): Object: 'Object Repository/Page_Course Nhp mn tr tu nhn to/span_Announcements Forum' is clicked on

2022-01-14 22:59:16 - [MESSAGE][PASSED] - Object: 'Object Repository/Page_Course Nhp mn tr tu nhn to/span_Announcements Forum' is clicked on

2022-01-14 22:59:16 - [TEST_STEP][PASSED] - click(findTestObject("Object Repository/Page_Announcements/a_Add a new topic")): Object: 'Object Repository/Page_Announcements/a_Add a new topic' is clicked on

2022-01-14 22:59:22 - [MESSAGE][INFO] - Unable to find the element located by 'By.xpath: //a[@id='yui_3_17_2_1_1641968238123_489']'. Please recheck the objects properties to make sure the desired element is located. 

2022-01-14 22:59:22 - [MESSAGE][WARNING] - [SELF-HEALING] Failed to find element with id 'Object Repository/Page_Announcements/a_Add a new topic'. Try using Self-healing.

2022-01-14 22:59:22 - [MESSAGE][WARNING] - [SELF-HEALING] The current locator of test object 'Object Repository/Page_Announcements/a_Add a new topic' was broken. Propose an alternative one: '//a[contains(text(),'Add a new topic')]'.

2022-01-14 22:59:22 - [MESSAGE][PASSED] - Object: 'Object Repository/Page_Announcements/a_Add a new topic' is clicked on

2022-01-14 22:59:22 - [TEST_STEP][PASSED] - setText(findTestObject("Object Repository/Page_Announcements/input_Subject_subject"), "Thong bao 1"): Text 'Thong bao 1' is set on object 'Object Repository/Page_Announcements/input_Subject_subject'

2022-01-14 22:59:23 - [MESSAGE][PASSED] - Text 'Thong bao 1' is set on object 'Object Repository/Page_Announcements/input_Subject_subject'

2022-01-14 22:59:23 - [TEST_STEP][PASSED] - click(findTestObject("Object Repository/Page_Announcements/input_Message_submitbutton")): Object: 'Object Repository/Page_Announcements/input_Message_submitbutton' is clicked on

2022-01-14 22:59:24 - [MESSAGE][PASSED] - Object: 'Object Repository/Page_Announcements/input_Message_submitbutton' is clicked on

2022-01-14 22:59:24 - [TEST_STEP][PASSED] - verifyElementText(findTestObject("Object Repository/Page_Announcements/div_- Required"), "- Required"): Actual text and expected text of test object 'Object Repository/Page_Announcements/div_- Required' are matched.

2022-01-14 22:59:24 - [MESSAGE][PASSED] - Actual text and expected text of test object 'Object Repository/Page_Announcements/div_- Required' are matched.

2022-01-14 22:59:24 - [TEST_STEP][PASSED] - closeBrowser(): Browser is closed

2022-01-14 22:59:25 - [MESSAGE][PASSED] - Browser is closed]]></system-out>
         <system-err><![CDATA[]]></system-err>
      </testcase>
      <testcase name="Test Cases/31_Giáo viên tạo annoucement với thông tin đầy đủ" time="24.794" classname="Test Cases/31_Giáo viên tạo annoucement với thông tin đầy đủ" status="FAILED">
         <failure type="FAILED" message="Test Cases/31_Giáo viên tạo annoucement với thông tin đầy đủ FAILED.
Reason:
com.kms.katalon.core.exception.StepFailedException: Verify element text of test object 'Object Repository/Page_Announcements/p_Your post was successfully added' FAILED.
	at com.kms.katalon.core.webui.keyword.internal.WebUIKeywordMain.stepFailed(WebUIKeywordMain.groovy:64)
	at com.kms.katalon.core.webui.keyword.internal.WebUIKeywordMain.runKeyword(WebUIKeywordMain.groovy:26)
	at com.kms.katalon.core.webui.keyword.builtin.VerifyElementTextKeyword.verifyElementText(VerifyElementTextKeyword.groovy:72)
	at com.kms.katalon.core.webui.keyword.builtin.VerifyElementTextKeyword.execute(VerifyElementTextKeyword.groovy:40)
	at com.kms.katalon.core.keyword.internal.KeywordExecutor.executeKeywordForPlatform(KeywordExecutor.groovy:74)
	at com.kms.katalon.core.webui.keyword.WebUiBuiltInKeywords.verifyElementText(WebUiBuiltInKeywords.groovy:4749)
	at com.kms.katalon.core.webui.keyword.WebUiBuiltInKeywords$verifyElementText$7.call(Unknown Source)
	at 31_Giáo viên tạo annoucement với thông tin đầy đủ.run(31_Giáo viên tạo annoucement với thông tin đầy đủ:42)
	at com.kms.katalon.core.main.ScriptEngine.run(ScriptEngine.java:194)
	at com.kms.katalon.core.main.ScriptEngine.runScriptAsRawText(ScriptEngine.java:119)
	at com.kms.katalon.core.main.TestCaseExecutor.runScript(TestCaseExecutor.java:442)
	at com.kms.katalon.core.main.TestCaseExecutor.doExecute(TestCaseExecutor.java:433)
	at com.kms.katalon.core.main.TestCaseExecutor.processExecutionPhase(TestCaseExecutor.java:412)
	at com.kms.katalon.core.main.TestCaseExecutor.accessMainPhase(TestCaseExecutor.java:404)
	at com.kms.katalon.core.main.TestCaseExecutor.execute(TestCaseExecutor.java:281)
	at com.kms.katalon.core.main.TestCaseExecutor.execute(TestCaseExecutor.java:363)
	at com.kms.katalon.core.main.TestCaseExecutor.execute(TestCaseExecutor.java:363)
	at com.kms.katalon.core.main.TestCaseExecutor.execute(TestCaseExecutor.java:363)
	at com.kms.katalon.core.main.TestSuiteExecutor.accessTestCaseMainPhase(TestSuiteExecutor.java:202)
	at com.kms.katalon.core.main.TestSuiteExecutor.accessTestSuiteMainPhase(TestSuiteExecutor.java:164)
	at com.kms.katalon.core.main.TestSuiteExecutor.execute(TestSuiteExecutor.java:105)
	at com.kms.katalon.core.main.TestCaseMain.startTestSuite(TestCaseMain.java:181)
	at com.kms.katalon.core.main.TestCaseMain$startTestSuite$0.call(Unknown Source)
	at TempTestSuite1642174516033.run(TempTestSuite1642174516033.groovy:36)
Caused by: com.kms.katalon.core.exception.StepFailedException: com.kms.katalon.core.webui.exception.WebElementNotFoundException: Web element with id: 'Object Repository/Page_Announcements/p_Your post was successfully added' located by '//span[@id='user-notifications']/div/p' not found
	at com.kms.katalon.core.webui.keyword.internal.WebUIKeywordMain.stepFailed(WebUIKeywordMain.groovy:64)
	at com.kms.katalon.core.webui.keyword.builtin.VerifyElementTextKeyword$_verifyElementText_closure1.doCall(VerifyElementTextKeyword.groovy:64)
	at com.kms.katalon.core.webui.keyword.builtin.VerifyElementTextKeyword$_verifyElementText_closure1.call(VerifyElementTextKeyword.groovy)
	at com.kms.katalon.core.webui.keyword.internal.WebUIKeywordMain.runKeyword(WebUIKeywordMain.groovy:20)
	... 22 more
"/>
         <system-out><![CDATA[2022-01-14 23:00:38 - [TEST_CASE][FAILED] - Test Cases/31_Giáo viên tạo annoucement với thông tin đầy đủ: Test Cases/31_Giáo viên tạo annoucement với thông tin đầy đủ FAILED.
Reason:
com.kms.katalon.core.exception.StepFailedException: Verify element text of test object 'Object Repository/Page_Announcements/p_Your post was successfully added' FAILED.
	at com.kms.katalon.core.webui.keyword.internal.WebUIKeywordMain.stepFailed(WebUIKeywordMain.groovy:64)
	at com.kms.katalon.core.webui.keyword.internal.WebUIKeywordMain.runKeyword(WebUIKeywordMain.groovy:26)
	at com.kms.katalon.core.webui.keyword.builtin.VerifyElementTextKeyword.verifyElementText(VerifyElementTextKeyword.groovy:72)
	at com.kms.katalon.core.webui.keyword.builtin.VerifyElementTextKeyword.execute(VerifyElementTextKeyword.groovy:40)
	at com.kms.katalon.core.keyword.internal.KeywordExecutor.executeKeywordForPlatform(KeywordExecutor.groovy:74)
	at com.kms.katalon.core.webui.keyword.WebUiBuiltInKeywords.verifyElementText(WebUiBuiltInKeywords.groovy:4749)
	at com.kms.katalon.core.webui.keyword.WebUiBuiltInKeywords$verifyElementText$7.call(Unknown Source)
	at 31_Giáo viên tạo annoucement với thông tin đầy đủ.run(31_Giáo viên tạo annoucement với thông tin đầy đủ:42)
	at com.kms.katalon.core.main.ScriptEngine.run(ScriptEngine.java:194)
	at com.kms.katalon.core.main.ScriptEngine.runScriptAsRawText(ScriptEngine.java:119)
	at com.kms.katalon.core.main.TestCaseExecutor.runScript(TestCaseExecutor.java:442)
	at com.kms.katalon.core.main.TestCaseExecutor.doExecute(TestCaseExecutor.java:433)
	at com.kms.katalon.core.main.TestCaseExecutor.processExecutionPhase(TestCaseExecutor.java:412)
	at com.kms.katalon.core.main.TestCaseExecutor.accessMainPhase(TestCaseExecutor.java:404)
	at com.kms.katalon.core.main.TestCaseExecutor.execute(TestCaseExecutor.java:281)
	at com.kms.katalon.core.main.TestCaseExecutor.execute(TestCaseExecutor.java:363)
	at com.kms.katalon.core.main.TestCaseExecutor.execute(TestCaseExecutor.java:363)
	at com.kms.katalon.core.main.TestCaseExecutor.execute(TestCaseExecutor.java:363)
	at com.kms.katalon.core.main.TestSuiteExecutor.accessTestCaseMainPhase(TestSuiteExecutor.java:202)
	at com.kms.katalon.core.main.TestSuiteExecutor.accessTestSuiteMainPhase(TestSuiteExecutor.java:164)
	at com.kms.katalon.core.main.TestSuiteExecutor.execute(TestSuiteExecutor.java:105)
	at com.kms.katalon.core.main.TestCaseMain.startTestSuite(TestCaseMain.java:181)
	at com.kms.katalon.core.main.TestCaseMain$startTestSuite$0.call(Unknown Source)
	at TempTestSuite1642174516033.run(TempTestSuite1642174516033.groovy:36)
Caused by: com.kms.katalon.core.exception.StepFailedException: com.kms.katalon.core.webui.exception.WebElementNotFoundException: Web element with id: 'Object Repository/Page_Announcements/p_Your post was successfully added' located by '//span[@id='user-notifications']/div/p' not found
	at com.kms.katalon.core.webui.keyword.internal.WebUIKeywordMain.stepFailed(WebUIKeywordMain.groovy:64)
	at com.kms.katalon.core.webui.keyword.builtin.VerifyElementTextKeyword$_verifyElementText_closure1.doCall(VerifyElementTextKeyword.groovy:64)
	at com.kms.katalon.core.webui.keyword.builtin.VerifyElementTextKeyword$_verifyElementText_closure1.call(VerifyElementTextKeyword.groovy)
	at com.kms.katalon.core.webui.keyword.internal.WebUIKeywordMain.runKeyword(WebUIKeywordMain.groovy:20)
	... 22 more


2022-01-14 23:00:38 - [TEST_STEP][PASSED] - openBrowser(""): Browser is opened with url: ''

2022-01-14 23:00:38 - [MESSAGE][WARNING] - A browser is already opened. Closing browser and opening a new one

2022-01-14 23:00:38 - [MESSAGE][INFO] - Starting 'Chrome' driver

2022-01-14 23:00:38 - [MESSAGE][INFO] - Action delay is set to 0 milliseconds

2022-01-14 23:00:39 - [MESSAGE][PASSED] - Browser is opened with url: ''

2022-01-14 23:00:39 - [TEST_STEP][PASSED] - navigateToUrl("http://localhost/"): Navigate to 'http://localhost/' successfully

2022-01-14 23:00:40 - [MESSAGE][PASSED] - Navigate to 'http://localhost/' successfully

2022-01-14 23:00:40 - [TEST_STEP][PASSED] - click(findTestObject("Object Repository/Page_HCMUS/a_Nhp mn tr tu nhn to")): Object: 'Object Repository/Page_HCMUS/a_Nhp mn tr tu nhn to' is clicked on

2022-01-14 23:00:40 - [MESSAGE][PASSED] - Object: 'Object Repository/Page_HCMUS/a_Nhp mn tr tu nhn to' is clicked on

2022-01-14 23:00:40 - [TEST_STEP][PASSED] - setText(findTestObject("Object Repository/Page_HCMUS Log in to the site/input_Username_username"), "teacher1"): Text 'teacher1' is set on object 'Object Repository/Page_HCMUS Log in to the site/input_Username_username'

2022-01-14 23:00:41 - [MESSAGE][PASSED] - Text 'teacher1' is set on object 'Object Repository/Page_HCMUS Log in to the site/input_Username_username'

2022-01-14 23:00:41 - [TEST_STEP][PASSED] - setEncryptedText(findTestObject("Object Repository/Page_HCMUS Log in to the site/input_Password_password"), "iKb8CrY6A/iqm08K47hQLA=="): Text ****** has been set on object 'Object Repository/Page_HCMUS Log in to the site/input_Password_password'

2022-01-14 23:00:42 - [MESSAGE][PASSED] - Text ****** has been set on object 'Object Repository/Page_HCMUS Log in to the site/input_Password_password'

2022-01-14 23:00:42 - [TEST_STEP][PASSED] - click(findTestObject("Object Repository/Page_HCMUS Log in to the site/button_Log in")): Object: 'Object Repository/Page_HCMUS Log in to the site/button_Log in' is clicked on

2022-01-14 23:00:43 - [MESSAGE][PASSED] - Object: 'Object Repository/Page_HCMUS Log in to the site/button_Log in' is clicked on

2022-01-14 23:00:43 - [TEST_STEP][PASSED] - click(findTestObject("Object Repository/Page_Course Nhp mn tr tu nhn to/span_Announcements Forum")): Object: 'Object Repository/Page_Course Nhp mn tr tu nhn to/span_Announcements Forum' is clicked on

2022-01-14 23:00:45 - [MESSAGE][PASSED] - Object: 'Object Repository/Page_Course Nhp mn tr tu nhn to/span_Announcements Forum' is clicked on

2022-01-14 23:00:45 - [TEST_STEP][PASSED] - click(findTestObject("Object Repository/Page_Announcements/a_Add a new topic")): Object: 'Object Repository/Page_Announcements/a_Add a new topic' is clicked on

2022-01-14 23:00:51 - [MESSAGE][INFO] - Unable to find the element located by 'By.xpath: //a[@id='yui_3_17_2_1_1641968238123_489']'. Please recheck the objects properties to make sure the desired element is located. 

2022-01-14 23:00:51 - [MESSAGE][WARNING] - [SELF-HEALING] Failed to find element with id 'Object Repository/Page_Announcements/a_Add a new topic'. Try using Self-healing.

2022-01-14 23:00:51 - [MESSAGE][WARNING] - [SELF-HEALING] The current locator of test object 'Object Repository/Page_Announcements/a_Add a new topic' was broken. Propose an alternative one: '//a[contains(text(),'Add a new topic')]'.

2022-01-14 23:00:51 - [MESSAGE][PASSED] - Object: 'Object Repository/Page_Announcements/a_Add a new topic' is clicked on

2022-01-14 23:00:51 - [TEST_STEP][PASSED] - setText(findTestObject("Object Repository/Page_Announcements/input_Subject_subject"), "Thong bao 1"): Text 'Thong bao 1' is set on object 'Object Repository/Page_Announcements/input_Subject_subject'

2022-01-14 23:00:52 - [MESSAGE][PASSED] - Text 'Thong bao 1' is set on object 'Object Repository/Page_Announcements/input_Subject_subject'

2022-01-14 23:00:52 - [TEST_STEP][PASSED] - setText(findTestObject("Object Repository/Page_Announcements/div_Noi dung thong bao"), "Noi dung thong bao"): Text 'Noi dung thong bao' is set on object 'Object Repository/Page_Announcements/div_Noi dung thong bao'

2022-01-14 23:00:53 - [MESSAGE][PASSED] - Text 'Noi dung thong bao' is set on object 'Object Repository/Page_Announcements/div_Noi dung thong bao'

2022-01-14 23:00:53 - [TEST_STEP][PASSED] - click(findTestObject("Object Repository/Page_Announcements/input_Message_submitbutton")): Object: 'Object Repository/Page_Announcements/input_Message_submitbutton' is clicked on

2022-01-14 23:00:54 - [MESSAGE][PASSED] - Object: 'Object Repository/Page_Announcements/input_Message_submitbutton' is clicked on

2022-01-14 23:00:54 - [TEST_STEP][FAILED] - verifyElementText(findTestObject("Object Repository/Page_Announcements/p_Your post was successfully added"), "Your post was successfully added."): Verify element text of test object 'Object Repository/Page_Announcements/p_Your post was successfully added' FAILED. (Root cause: com.kms.katalon.core.exception.StepFailedException: Verify element text of test object 'Object Repository/Page_Announcements/p_Your post was successfully added' FAILED.
	at com.kms.katalon.core.webui.keyword.internal.WebUIKeywordMain.stepFailed(WebUIKeywordMain.groovy:64)
	at com.kms.katalon.core.webui.keyword.internal.WebUIKeywordMain.runKeyword(WebUIKeywordMain.groovy:26)
	at com.kms.katalon.core.webui.keyword.builtin.VerifyElementTextKeyword.verifyElementText(VerifyElementTextKeyword.groovy:72)
	at com.kms.katalon.core.webui.keyword.builtin.VerifyElementTextKeyword.execute(VerifyElementTextKeyword.groovy:40)
	at com.kms.katalon.core.keyword.internal.KeywordExecutor.executeKeywordForPlatform(KeywordExecutor.groovy:74)
	at com.kms.katalon.core.webui.keyword.WebUiBuiltInKeywords.verifyElementText(WebUiBuiltInKeywords.groovy:4749)
	at com.kms.katalon.core.webui.keyword.WebUiBuiltInKeywords$verifyElementText$7.call(Unknown Source)
	at 31_Giáo viên tạo annoucement với thông tin đầy đủ.run(31_Giáo viên tạo annoucement với thông tin đầy đủ:42)
	at com.kms.katalon.core.main.ScriptEngine.run(ScriptEngine.java:194)
	at com.kms.katalon.core.main.ScriptEngine.runScriptAsRawText(ScriptEngine.java:119)
	at com.kms.katalon.core.main.TestCaseExecutor.runScript(TestCaseExecutor.java:442)
	at com.kms.katalon.core.main.TestCaseExecutor.doExecute(TestCaseExecutor.java:433)
	at com.kms.katalon.core.main.TestCaseExecutor.processExecutionPhase(TestCaseExecutor.java:412)
	at com.kms.katalon.core.main.TestCaseExecutor.accessMainPhase(TestCaseExecutor.java:404)
	at com.kms.katalon.core.main.TestCaseExecutor.execute(TestCaseExecutor.java:281)
	at com.kms.katalon.core.main.TestCaseExecutor.execute(TestCaseExecutor.java:363)
	at com.kms.katalon.core.main.TestCaseExecutor.execute(TestCaseExecutor.java:363)
	at com.kms.katalon.core.main.TestCaseExecutor.execute(TestCaseExecutor.java:363)
	at com.kms.katalon.core.main.TestSuiteExecutor.accessTestCaseMainPhase(TestSuiteExecutor.java:202)
	at com.kms.katalon.core.main.TestSuiteExecutor.accessTestSuiteMainPhase(TestSuiteExecutor.java:164)
	at com.kms.katalon.core.main.TestSuiteExecutor.execute(TestSuiteExecutor.java:105)
	at com.kms.katalon.core.main.TestCaseMain.startTestSuite(TestCaseMain.java:181)
	at com.kms.katalon.core.main.TestCaseMain$startTestSuite$0.call(Unknown Source)
	at TempTestSuite1642174516033.run(TempTestSuite1642174516033.groovy:36)
Caused by: com.kms.katalon.core.exception.StepFailedException: com.kms.katalon.core.webui.exception.WebElementNotFoundException: Web element with id: 'Object Repository/Page_Announcements/p_Your post was successfully added' located by '//span[@id='user-notifications']/div/p' not found
	at com.kms.katalon.core.webui.keyword.internal.WebUIKeywordMain.stepFailed(WebUIKeywordMain.groovy:64)
	at com.kms.katalon.core.webui.keyword.builtin.VerifyElementTextKeyword$_verifyElementText_closure1.doCall(VerifyElementTextKeyword.groovy:64)
	at com.kms.katalon.core.webui.keyword.builtin.VerifyElementTextKeyword$_verifyElementText_closure1.call(VerifyElementTextKeyword.groovy)
	at com.kms.katalon.core.webui.keyword.internal.WebUIKeywordMain.runKeyword(WebUIKeywordMain.groovy:20)
	... 22 more
)

2022-01-14 23:01:00 - [MESSAGE][INFO] - Unable to find the element located by 'By.xpath: //span[@id='user-notifications']/div/p'. Please recheck the objects properties to make sure the desired element is located. 

2022-01-14 23:01:00 - [MESSAGE][WARNING] - [SELF-HEALING] Failed to find element with id 'Object Repository/Page_Announcements/p_Your post was successfully added'. Try using Self-healing.

2022-01-14 23:01:00 - [MESSAGE][INFO] - [SELF-HEALING] Failed Locator: '//span[@id='user-notifications']/div/p'.

2022-01-14 23:01:01 - [MESSAGE][INFO] - [SELF-HEALING] Working Locator: '(.//*[normalize-space(text()) and normalize-space(.)='×'])[1]/following::p[1]'.

2022-01-14 23:01:01 - [MESSAGE][ERROR] - [SELF-HEALING] Cannot save screenshot to: D:\nam 3\nhap mon CNPM\bonus project\Test-Automation-SE-Bonus\Reports\Self-healing, reason: unknown error: unhandled inspector error: {"code":-32000,"message":"Cannot take screenshot with 0 width."}
  (Session info: chrome=97.0.4692.71)
Build info: version: '3.141.59', revision: 'e82be7d358', time: '2018-11-14T08:25:53'
System info: host: 'ADMIN', ip: '192.168.1.148', os.name: 'Windows 10', os.arch: 'amd64', os.version: '10.0', java.version: '1.8.0_282'
Driver info: com.kms.katalon.selenium.driver.CChromeDriver
Capabilities {acceptInsecureCerts: false, browserName: chrome, browserVersion: 97.0.4692.71, chrome: {chromedriverVersion: 97.0.4692.71 (adefa7837d02a..., userDataDir: C:\Users\Admin\AppData\Loca...}, goog:chromeOptions: {debuggerAddress: localhost:60392}, javascriptEnabled: true, networkConnectionEnabled: false, pageLoadStrategy: normal, platform: WINDOWS, platformName: WINDOWS, proxy: Proxy(), setWindowRect: true, strictFileInteractability: false, timeouts: {implicit: 0, pageLoad: 300000, script: 30000}, unhandledPromptBehavior: dismiss and notify, webauthn:extension:credBlob: true, webauthn:extension:largeBlob: true, webauthn:virtualAuthenticators: true}
Session ID: b18697169d4a8b5fe5e26c4147772d92.

2022-01-14 23:01:01 - [MESSAGE][ERROR] - [SELF-HEALING] Cannot save screenshot to: D:\nam 3\nhap mon CNPM\bonus project\Test-Automation-SE-Bonus\Reports\Self-healing, reason: unknown error: unhandled inspector error: {"code":-32000,"message":"Cannot take screenshot with 0 width."}
  (Session info: chrome=97.0.4692.71)
Build info: version: '3.141.59', revision: 'e82be7d358', time: '2018-11-14T08:25:53'
System info: host: 'ADMIN', ip: '192.168.1.148', os.name: 'Windows 10', os.arch: 'amd64', os.version: '10.0', java.version: '1.8.0_282'
Driver info: com.kms.katalon.selenium.driver.CChromeDriver
Capabilities {acceptInsecureCerts: false, browserName: chrome, browserVersion: 97.0.4692.71, chrome: {chromedriverVersion: 97.0.4692.71 (adefa7837d02a..., userDataDir: C:\Users\Admin\AppData\Loca...}, goog:chromeOptions: {debuggerAddress: localhost:60392}, javascriptEnabled: true, networkConnectionEnabled: false, pageLoadStrategy: normal, platform: WINDOWS, platformName: WINDOWS, proxy: Proxy(), setWindowRect: true, strictFileInteractability: false, timeouts: {implicit: 0, pageLoad: 300000, script: 30000}, unhandledPromptBehavior: dismiss and notify, webauthn:extension:credBlob: true, webauthn:extension:largeBlob: true, webauthn:virtualAuthenticators: true}
Session ID: b18697169d4a8b5fe5e26c4147772d92.

2022-01-14 23:01:01 - [MESSAGE][WARNING] - [SELF-HEALING] 'other' is different type of Path

2022-01-14 23:01:02 - [MESSAGE][INFO] - Unable to find the element located by 'By.xpath: //*[(text() = 'Your post was successfully added.' or . = 'Your post was successfully added.')]'. Please recheck the objects properties to make sure the desired element is located. 

2022-01-14 23:01:02 - [MESSAGE][ERROR] - [SELF-HEALING] Cannot save screenshot to: D:\nam 3\nhap mon CNPM\bonus project\Test-Automation-SE-Bonus\Reports\Self-healing, reason: unknown error: unhandled inspector error: {"code":-32000,"message":"Cannot take screenshot with 0 width."}
  (Session info: chrome=97.0.4692.71)
Build info: version: '3.141.59', revision: 'e82be7d358', time: '2018-11-14T08:25:53'
System info: host: 'ADMIN', ip: '192.168.1.148', os.name: 'Windows 10', os.arch: 'amd64', os.version: '10.0', java.version: '1.8.0_282'
Driver info: com.kms.katalon.selenium.driver.CChromeDriver
Capabilities {acceptInsecureCerts: false, browserName: chrome, browserVersion: 97.0.4692.71, chrome: {chromedriverVersion: 97.0.4692.71 (adefa7837d02a..., userDataDir: C:\Users\Admin\AppData\Loca...}, goog:chromeOptions: {debuggerAddress: localhost:60392}, javascriptEnabled: true, networkConnectionEnabled: false, pageLoadStrategy: normal, platform: WINDOWS, platformName: WINDOWS, proxy: Proxy(), setWindowRect: true, strictFileInteractability: false, timeouts: {implicit: 0, pageLoad: 300000, script: 30000}, unhandledPromptBehavior: dismiss and notify, webauthn:extension:credBlob: true, webauthn:extension:largeBlob: true, webauthn:virtualAuthenticators: true}
Session ID: b18697169d4a8b5fe5e26c4147772d92.

2022-01-14 23:01:02 - [MESSAGE][WARNING] - [SELF-HEALING] 'other' is different type of Path

2022-01-14 23:01:02 - [MESSAGE][FAILED] - com.kms.katalon.core.webui.exception.WebElementNotFoundException: Web element with id: 'Object Repository/Page_Announcements/p_Your post was successfully added' located by '//span[@id='user-notifications']/div/p' not found (Root cause: com.kms.katalon.core.exception.StepFailedException: com.kms.katalon.core.webui.exception.WebElementNotFoundException: Web element with id: 'Object Repository/Page_Announcements/p_Your post was successfully added' located by '//span[@id='user-notifications']/div/p' not found
	at com.kms.katalon.core.webui.keyword.internal.WebUIKeywordMain.stepFailed(WebUIKeywordMain.groovy:64)
	at com.kms.katalon.core.webui.keyword.builtin.VerifyElementTextKeyword$_verifyElementText_closure1.doCall(VerifyElementTextKeyword.groovy:64)
	at com.kms.katalon.core.webui.keyword.builtin.VerifyElementTextKeyword$_verifyElementText_closure1.call(VerifyElementTextKeyword.groovy)
	at com.kms.katalon.core.webui.keyword.internal.WebUIKeywordMain.runKeyword(WebUIKeywordMain.groovy:20)
	at com.kms.katalon.core.webui.keyword.builtin.VerifyElementTextKeyword.verifyElementText(VerifyElementTextKeyword.groovy:72)
	at com.kms.katalon.core.webui.keyword.builtin.VerifyElementTextKeyword.execute(VerifyElementTextKeyword.groovy:40)
	at com.kms.katalon.core.keyword.internal.KeywordExecutor.executeKeywordForPlatform(KeywordExecutor.groovy:74)
	at com.kms.katalon.core.webui.keyword.WebUiBuiltInKeywords.verifyElementText(WebUiBuiltInKeywords.groovy:4749)
	at com.kms.katalon.core.webui.keyword.WebUiBuiltInKeywords$verifyElementText$7.call(Unknown Source)
	at 31_Giáo viên tạo annoucement với thông tin đầy đủ.run(31_Giáo viên tạo annoucement với thông tin đầy đủ:42)
	at com.kms.katalon.core.main.ScriptEngine.run(ScriptEngine.java:194)
	at com.kms.katalon.core.main.ScriptEngine.runScriptAsRawText(ScriptEngine.java:119)
	at com.kms.katalon.core.main.TestCaseExecutor.runScript(TestCaseExecutor.java:442)
	at com.kms.katalon.core.main.TestCaseExecutor.doExecute(TestCaseExecutor.java:433)
	at com.kms.katalon.core.main.TestCaseExecutor.processExecutionPhase(TestCaseExecutor.java:412)
	at com.kms.katalon.core.main.TestCaseExecutor.accessMainPhase(TestCaseExecutor.java:404)
	at com.kms.katalon.core.main.TestCaseExecutor.execute(TestCaseExecutor.java:281)
	at com.kms.katalon.core.main.TestCaseExecutor.execute(TestCaseExecutor.java:363)
	at com.kms.katalon.core.main.TestCaseExecutor.execute(TestCaseExecutor.java:363)
	at com.kms.katalon.core.main.TestCaseExecutor.execute(TestCaseExecutor.java:363)
	at com.kms.katalon.core.main.TestSuiteExecutor.accessTestCaseMainPhase(TestSuiteExecutor.java:202)
	at com.kms.katalon.core.main.TestSuiteExecutor.accessTestSuiteMainPhase(TestSuiteExecutor.java:164)
	at com.kms.katalon.core.main.TestSuiteExecutor.execute(TestSuiteExecutor.java:105)
	at com.kms.katalon.core.main.TestCaseMain.startTestSuite(TestCaseMain.java:181)
	at com.kms.katalon.core.main.TestCaseMain$startTestSuite$0.call(Unknown Source)
	at TempTestSuite1642174516033.run(TempTestSuite1642174516033.groovy:36)
)
[[ATTACHMENT|D:\\nam 3\\nhap mon CNPM\\bonus project\\Test-Automation-SE-Bonus\\Reports\\20220114_223516\\Run all test cases\\20220114_223516\\1642176062607.png]]

2022-01-14 23:01:02 - [MESSAGE][FAILED] - Verify element text of test object 'Object Repository/Page_Announcements/p_Your post was successfully added' FAILED. (Root cause: com.kms.katalon.core.exception.StepFailedException: Verify element text of test object 'Object Repository/Page_Announcements/p_Your post was successfully added' FAILED.
	at com.kms.katalon.core.webui.keyword.internal.WebUIKeywordMain.stepFailed(WebUIKeywordMain.groovy:64)
	at com.kms.katalon.core.webui.keyword.internal.WebUIKeywordMain.runKeyword(WebUIKeywordMain.groovy:26)
	at com.kms.katalon.core.webui.keyword.builtin.VerifyElementTextKeyword.verifyElementText(VerifyElementTextKeyword.groovy:72)
	at com.kms.katalon.core.webui.keyword.builtin.VerifyElementTextKeyword.execute(VerifyElementTextKeyword.groovy:40)
	at com.kms.katalon.core.keyword.internal.KeywordExecutor.executeKeywordForPlatform(KeywordExecutor.groovy:74)
	at com.kms.katalon.core.webui.keyword.WebUiBuiltInKeywords.verifyElementText(WebUiBuiltInKeywords.groovy:4749)
	at com.kms.katalon.core.webui.keyword.WebUiBuiltInKeywords$verifyElementText$7.call(Unknown Source)
	at 31_Giáo viên tạo annoucement với thông tin đầy đủ.run(31_Giáo viên tạo annoucement với thông tin đầy đủ:42)
	at com.kms.katalon.core.main.ScriptEngine.run(ScriptEngine.java:194)
	at com.kms.katalon.core.main.ScriptEngine.runScriptAsRawText(ScriptEngine.java:119)
	at com.kms.katalon.core.main.TestCaseExecutor.runScript(TestCaseExecutor.java:442)
	at com.kms.katalon.core.main.TestCaseExecutor.doExecute(TestCaseExecutor.java:433)
	at com.kms.katalon.core.main.TestCaseExecutor.processExecutionPhase(TestCaseExecutor.java:412)
	at com.kms.katalon.core.main.TestCaseExecutor.accessMainPhase(TestCaseExecutor.java:404)
	at com.kms.katalon.core.main.TestCaseExecutor.execute(TestCaseExecutor.java:281)
	at com.kms.katalon.core.main.TestCaseExecutor.execute(TestCaseExecutor.java:363)
	at com.kms.katalon.core.main.TestCaseExecutor.execute(TestCaseExecutor.java:363)
	at com.kms.katalon.core.main.TestCaseExecutor.execute(TestCaseExecutor.java:363)
	at com.kms.katalon.core.main.TestSuiteExecutor.accessTestCaseMainPhase(TestSuiteExecutor.java:202)
	at com.kms.katalon.core.main.TestSuiteExecutor.accessTestSuiteMainPhase(TestSuiteExecutor.java:164)
	at com.kms.katalon.core.main.TestSuiteExecutor.execute(TestSuiteExecutor.java:105)
	at com.kms.katalon.core.main.TestCaseMain.startTestSuite(TestCaseMain.java:181)
	at com.kms.katalon.core.main.TestCaseMain$startTestSuite$0.call(Unknown Source)
	at TempTestSuite1642174516033.run(TempTestSuite1642174516033.groovy:36)
Caused by: com.kms.katalon.core.exception.StepFailedException: com.kms.katalon.core.webui.exception.WebElementNotFoundException: Web element with id: 'Object Repository/Page_Announcements/p_Your post was successfully added' located by '//span[@id='user-notifications']/div/p' not found
	at com.kms.katalon.core.webui.keyword.internal.WebUIKeywordMain.stepFailed(WebUIKeywordMain.groovy:64)
	at com.kms.katalon.core.webui.keyword.builtin.VerifyElementTextKeyword$_verifyElementText_closure1.doCall(VerifyElementTextKeyword.groovy:64)
	at com.kms.katalon.core.webui.keyword.builtin.VerifyElementTextKeyword$_verifyElementText_closure1.call(VerifyElementTextKeyword.groovy)
	at com.kms.katalon.core.webui.keyword.internal.WebUIKeywordMain.runKeyword(WebUIKeywordMain.groovy:20)
	... 22 more
)
[[ATTACHMENT|D:\\nam 3\\nhap mon CNPM\\bonus project\\Test-Automation-SE-Bonus\\Reports\\20220114_223516\\Run all test cases\\20220114_223516\\1642176062727.png]]]]></system-out>
         <system-err><![CDATA[2022-01-14 23:00:38 - [TEST_CASE][FAILED] - Test Cases/31_Giáo viên tạo annoucement với thông tin đầy đủ: Test Cases/31_Giáo viên tạo annoucement với thông tin đầy đủ FAILED.
Reason:
com.kms.katalon.core.exception.StepFailedException: Verify element text of test object 'Object Repository/Page_Announcements/p_Your post was successfully added' FAILED.
	at com.kms.katalon.core.webui.keyword.internal.WebUIKeywordMain.stepFailed(WebUIKeywordMain.groovy:64)
	at com.kms.katalon.core.webui.keyword.internal.WebUIKeywordMain.runKeyword(WebUIKeywordMain.groovy:26)
	at com.kms.katalon.core.webui.keyword.builtin.VerifyElementTextKeyword.verifyElementText(VerifyElementTextKeyword.groovy:72)
	at com.kms.katalon.core.webui.keyword.builtin.VerifyElementTextKeyword.execute(VerifyElementTextKeyword.groovy:40)
	at com.kms.katalon.core.keyword.internal.KeywordExecutor.executeKeywordForPlatform(KeywordExecutor.groovy:74)
	at com.kms.katalon.core.webui.keyword.WebUiBuiltInKeywords.verifyElementText(WebUiBuiltInKeywords.groovy:4749)
	at com.kms.katalon.core.webui.keyword.WebUiBuiltInKeywords$verifyElementText$7.call(Unknown Source)
	at 31_Giáo viên tạo annoucement với thông tin đầy đủ.run(31_Giáo viên tạo annoucement với thông tin đầy đủ:42)
	at com.kms.katalon.core.main.ScriptEngine.run(ScriptEngine.java:194)
	at com.kms.katalon.core.main.ScriptEngine.runScriptAsRawText(ScriptEngine.java:119)
	at com.kms.katalon.core.main.TestCaseExecutor.runScript(TestCaseExecutor.java:442)
	at com.kms.katalon.core.main.TestCaseExecutor.doExecute(TestCaseExecutor.java:433)
	at com.kms.katalon.core.main.TestCaseExecutor.processExecutionPhase(TestCaseExecutor.java:412)
	at com.kms.katalon.core.main.TestCaseExecutor.accessMainPhase(TestCaseExecutor.java:404)
	at com.kms.katalon.core.main.TestCaseExecutor.execute(TestCaseExecutor.java:281)
	at com.kms.katalon.core.main.TestCaseExecutor.execute(TestCaseExecutor.java:363)
	at com.kms.katalon.core.main.TestCaseExecutor.execute(TestCaseExecutor.java:363)
	at com.kms.katalon.core.main.TestCaseExecutor.execute(TestCaseExecutor.java:363)
	at com.kms.katalon.core.main.TestSuiteExecutor.accessTestCaseMainPhase(TestSuiteExecutor.java:202)
	at com.kms.katalon.core.main.TestSuiteExecutor.accessTestSuiteMainPhase(TestSuiteExecutor.java:164)
	at com.kms.katalon.core.main.TestSuiteExecutor.execute(TestSuiteExecutor.java:105)
	at com.kms.katalon.core.main.TestCaseMain.startTestSuite(TestCaseMain.java:181)
	at com.kms.katalon.core.main.TestCaseMain$startTestSuite$0.call(Unknown Source)
	at TempTestSuite1642174516033.run(TempTestSuite1642174516033.groovy:36)
Caused by: com.kms.katalon.core.exception.StepFailedException: com.kms.katalon.core.webui.exception.WebElementNotFoundException: Web element with id: 'Object Repository/Page_Announcements/p_Your post was successfully added' located by '//span[@id='user-notifications']/div/p' not found
	at com.kms.katalon.core.webui.keyword.internal.WebUIKeywordMain.stepFailed(WebUIKeywordMain.groovy:64)
	at com.kms.katalon.core.webui.keyword.builtin.VerifyElementTextKeyword$_verifyElementText_closure1.doCall(VerifyElementTextKeyword.groovy:64)
	at com.kms.katalon.core.webui.keyword.builtin.VerifyElementTextKeyword$_verifyElementText_closure1.call(VerifyElementTextKeyword.groovy)
	at com.kms.katalon.core.webui.keyword.internal.WebUIKeywordMain.runKeyword(WebUIKeywordMain.groovy:20)
	... 22 more]]></system-err>
      </testcase>
      <testcase name="Test Cases/32_Sinh viên nộp bài rỗng" time="22.78" classname="Test Cases/32_Sinh viên nộp bài rỗng" status="PASSED">
         <system-out><![CDATA[2022-01-14 23:01:02 - [TEST_CASE][PASSED] - Test Cases/32_Sinh viên nộp bài rỗng: Test Cases/32_Sinh viên nộp bài rỗng

2022-01-14 23:01:03 - [TEST_STEP][PASSED] - openBrowser(""): Browser is opened with url: ''

2022-01-14 23:01:03 - [MESSAGE][WARNING] - A browser is already opened. Closing browser and opening a new one

2022-01-14 23:01:04 - [MESSAGE][INFO] - Starting 'Chrome' driver

2022-01-14 23:01:04 - [MESSAGE][INFO] - Action delay is set to 0 milliseconds

2022-01-14 23:01:05 - [MESSAGE][PASSED] - Browser is opened with url: ''

2022-01-14 23:01:05 - [TEST_STEP][PASSED] - navigateToUrl("http://localhost/"): Navigate to 'http://localhost/' successfully

2022-01-14 23:01:05 - [MESSAGE][PASSED] - Navigate to 'http://localhost/' successfully

2022-01-14 23:01:05 - [TEST_STEP][PASSED] - click(findTestObject("Object Repository/Page_HCMUS/a_Nhp mn tr tu nhn to")): Object: 'Object Repository/Page_HCMUS/a_Nhp mn tr tu nhn to' is clicked on

2022-01-14 23:01:06 - [MESSAGE][PASSED] - Object: 'Object Repository/Page_HCMUS/a_Nhp mn tr tu nhn to' is clicked on

2022-01-14 23:01:06 - [TEST_STEP][PASSED] - setText(findTestObject("Object Repository/Page_HCMUS Log in to the site/input_Username_username"), "student3"): Text 'student3' is set on object 'Object Repository/Page_HCMUS Log in to the site/input_Username_username'

2022-01-14 23:01:07 - [MESSAGE][PASSED] - Text 'student3' is set on object 'Object Repository/Page_HCMUS Log in to the site/input_Username_username'

2022-01-14 23:01:07 - [TEST_STEP][PASSED] - setEncryptedText(findTestObject("Object Repository/Page_HCMUS Log in to the site/input_Password_password"), "xsue+lrReh7u7aVNaHEoWw=="): Text ****** has been set on object 'Object Repository/Page_HCMUS Log in to the site/input_Password_password'

2022-01-14 23:01:07 - [MESSAGE][PASSED] - Text ****** has been set on object 'Object Repository/Page_HCMUS Log in to the site/input_Password_password'

2022-01-14 23:01:07 - [TEST_STEP][PASSED] - click(findTestObject("Object Repository/Page_HCMUS Log in to the site/button_Log in")): Object: 'Object Repository/Page_HCMUS Log in to the site/button_Log in' is clicked on

2022-01-14 23:01:08 - [MESSAGE][PASSED] - Object: 'Object Repository/Page_HCMUS Log in to the site/button_Log in' is clicked on

2022-01-14 23:01:08 - [TEST_STEP][PASSED] - click(findTestObject("Object Repository/Page_Course Nhp mn tr tu nhn to/span_Assignment 2")): Object: 'Object Repository/Page_Course Nhp mn tr tu nhn to/span_Assignment 2' is clicked on

2022-01-14 23:01:14 - [MESSAGE][INFO] - Unable to find the element located by 'By.xpath: //li[@id='module-11']/div/div/div[2]/div/a/span'. Please recheck the objects properties to make sure the desired element is located. 

2022-01-14 23:01:14 - [MESSAGE][WARNING] - [SELF-HEALING] Failed to find element with id 'Object Repository/Page_Course Nhp mn tr tu nhn to/span_Assignment 2'. Try using Self-healing.

2022-01-14 23:01:15 - [MESSAGE][WARNING] - [SELF-HEALING] The current locator of test object 'Object Repository/Page_Course Nhp mn tr tu nhn to/span_Assignment 2' was broken. Propose an alternative one: '(.//*[normalize-space(text()) and normalize-space(.)='Mark as done'])[5]/following::span[1]'.

2022-01-14 23:01:15 - [MESSAGE][PASSED] - Object: 'Object Repository/Page_Course Nhp mn tr tu nhn to/span_Assignment 2' is clicked on

2022-01-14 23:01:15 - [TEST_STEP][PASSED] - click(findTestObject("Object Repository/Page_AI Assignment 2/button_Add submission")): Object: 'Object Repository/Page_AI Assignment 2/button_Add submission' is clicked on

2022-01-14 23:01:21 - [MESSAGE][INFO] - Unable to find the element located by 'By.xpath: //button[@id='single_button61deb702b8d2215']'. Please recheck the objects properties to make sure the desired element is located. 

2022-01-14 23:01:21 - [MESSAGE][WARNING] - [SELF-HEALING] Failed to find element with id 'Object Repository/Page_AI Assignment 2/button_Add submission'. Try using Self-healing.

2022-01-14 23:01:22 - [MESSAGE][WARNING] - [SELF-HEALING] The current locator of test object 'Object Repository/Page_AI Assignment 2/button_Add submission' was broken. Propose an alternative one: '//section[@id='region-main']/div/div[3]/div[2]/div/form/button'.

2022-01-14 23:01:22 - [MESSAGE][PASSED] - Object: 'Object Repository/Page_AI Assignment 2/button_Add submission' is clicked on

2022-01-14 23:01:22 - [TEST_STEP][PASSED] - click(findTestObject("Object Repository/Page_AI Assignment 2 - Edit submission/input_Online text_submitbutton")): Object: 'Object Repository/Page_AI Assignment 2 - Edit submission/input_Online text_submitbutton' is clicked on

2022-01-14 23:01:24 - [MESSAGE][PASSED] - Object: 'Object Repository/Page_AI Assignment 2 - Edit submission/input_Online text_submitbutton' is clicked on

2022-01-14 23:01:24 - [TEST_STEP][PASSED] - verifyElementVisible(findTestObject("Object Repository/Page_AI Assignment 2 - Edit submission/div_Nothing was submitted")): Object 'Object Repository/Page_AI Assignment 2 - Edit submission/div_Nothing was submitted' is visible

2022-01-14 23:01:25 - [MESSAGE][PASSED] - Object 'Object Repository/Page_AI Assignment 2 - Edit submission/div_Nothing was submitted' is visible

2022-01-14 23:01:25 - [TEST_STEP][PASSED] - closeBrowser(): Browser is closed

2022-01-14 23:01:25 - [MESSAGE][PASSED] - Browser is closed]]></system-out>
         <system-err><![CDATA[]]></system-err>
      </testcase>
      <testcase name="Test Cases/33_Sinh viên nộp bài đúng hạn" time="32.034" classname="Test Cases/33_Sinh viên nộp bài đúng hạn" status="FAILED">
         <failure type="FAILED" message="Test Cases/33_Sinh viên nộp bài đúng hạn FAILED.
Reason:
com.kms.katalon.core.exception.StepFailedException: Verify element text of test object 'Object Repository/Page_AI Assignment 2/td_Submitted for grading' FAILED.
	at com.kms.katalon.core.webui.keyword.internal.WebUIKeywordMain.stepFailed(WebUIKeywordMain.groovy:64)
	at com.kms.katalon.core.webui.keyword.internal.WebUIKeywordMain.runKeyword(WebUIKeywordMain.groovy:26)
	at com.kms.katalon.core.webui.keyword.builtin.VerifyElementTextKeyword.verifyElementText(VerifyElementTextKeyword.groovy:72)
	at com.kms.katalon.core.webui.keyword.builtin.VerifyElementTextKeyword.execute(VerifyElementTextKeyword.groovy:40)
	at com.kms.katalon.core.keyword.internal.KeywordExecutor.executeKeywordForPlatform(KeywordExecutor.groovy:74)
	at com.kms.katalon.core.webui.keyword.WebUiBuiltInKeywords.verifyElementText(WebUiBuiltInKeywords.groovy:4749)
	at com.kms.katalon.core.webui.keyword.WebUiBuiltInKeywords$verifyElementText$7.call(Unknown Source)
	at 33_Sinh viên nộp bài đúng hạn.run(33_Sinh viên nộp bài đúng hạn:40)
	at com.kms.katalon.core.main.ScriptEngine.run(ScriptEngine.java:194)
	at com.kms.katalon.core.main.ScriptEngine.runScriptAsRawText(ScriptEngine.java:119)
	at com.kms.katalon.core.main.TestCaseExecutor.runScript(TestCaseExecutor.java:442)
	at com.kms.katalon.core.main.TestCaseExecutor.doExecute(TestCaseExecutor.java:433)
	at com.kms.katalon.core.main.TestCaseExecutor.processExecutionPhase(TestCaseExecutor.java:412)
	at com.kms.katalon.core.main.TestCaseExecutor.accessMainPhase(TestCaseExecutor.java:404)
	at com.kms.katalon.core.main.TestCaseExecutor.execute(TestCaseExecutor.java:281)
	at com.kms.katalon.core.main.TestCaseExecutor.execute(TestCaseExecutor.java:363)
	at com.kms.katalon.core.main.TestCaseExecutor.execute(TestCaseExecutor.java:363)
	at com.kms.katalon.core.main.TestCaseExecutor.execute(TestCaseExecutor.java:363)
	at com.kms.katalon.core.main.TestSuiteExecutor.accessTestCaseMainPhase(TestSuiteExecutor.java:202)
	at com.kms.katalon.core.main.TestSuiteExecutor.accessTestSuiteMainPhase(TestSuiteExecutor.java:164)
	at com.kms.katalon.core.main.TestSuiteExecutor.execute(TestSuiteExecutor.java:105)
	at com.kms.katalon.core.main.TestCaseMain.startTestSuite(TestCaseMain.java:181)
	at com.kms.katalon.core.main.TestCaseMain$startTestSuite$0.call(Unknown Source)
	at TempTestSuite1642174516033.run(TempTestSuite1642174516033.groovy:36)
Caused by: com.kms.katalon.core.exception.StepFailedException: com.kms.katalon.core.webui.exception.WebElementNotFoundException: Web element with id: 'Object Repository/Page_AI Assignment 2/td_Submitted for grading' located by '//section[@id='region-main']/div/div[3]/div/table/tbody/tr/td' not found
	at com.kms.katalon.core.webui.keyword.internal.WebUIKeywordMain.stepFailed(WebUIKeywordMain.groovy:64)
	at com.kms.katalon.core.webui.keyword.builtin.VerifyElementTextKeyword$_verifyElementText_closure1.doCall(VerifyElementTextKeyword.groovy:64)
	at com.kms.katalon.core.webui.keyword.builtin.VerifyElementTextKeyword$_verifyElementText_closure1.call(VerifyElementTextKeyword.groovy)
	at com.kms.katalon.core.webui.keyword.internal.WebUIKeywordMain.runKeyword(WebUIKeywordMain.groovy:20)
	... 22 more
"/>
         <system-out><![CDATA[2022-01-14 23:03:00 - [TEST_CASE][FAILED] - Test Cases/33_Sinh viên nộp bài đúng hạn: Test Cases/33_Sinh viên nộp bài đúng hạn FAILED.
Reason:
com.kms.katalon.core.exception.StepFailedException: Verify element text of test object 'Object Repository/Page_AI Assignment 2/td_Submitted for grading' FAILED.
	at com.kms.katalon.core.webui.keyword.internal.WebUIKeywordMain.stepFailed(WebUIKeywordMain.groovy:64)
	at com.kms.katalon.core.webui.keyword.internal.WebUIKeywordMain.runKeyword(WebUIKeywordMain.groovy:26)
	at com.kms.katalon.core.webui.keyword.builtin.VerifyElementTextKeyword.verifyElementText(VerifyElementTextKeyword.groovy:72)
	at com.kms.katalon.core.webui.keyword.builtin.VerifyElementTextKeyword.execute(VerifyElementTextKeyword.groovy:40)
	at com.kms.katalon.core.keyword.internal.KeywordExecutor.executeKeywordForPlatform(KeywordExecutor.groovy:74)
	at com.kms.katalon.core.webui.keyword.WebUiBuiltInKeywords.verifyElementText(WebUiBuiltInKeywords.groovy:4749)
	at com.kms.katalon.core.webui.keyword.WebUiBuiltInKeywords$verifyElementText$7.call(Unknown Source)
	at 33_Sinh viên nộp bài đúng hạn.run(33_Sinh viên nộp bài đúng hạn:40)
	at com.kms.katalon.core.main.ScriptEngine.run(ScriptEngine.java:194)
	at com.kms.katalon.core.main.ScriptEngine.runScriptAsRawText(ScriptEngine.java:119)
	at com.kms.katalon.core.main.TestCaseExecutor.runScript(TestCaseExecutor.java:442)
	at com.kms.katalon.core.main.TestCaseExecutor.doExecute(TestCaseExecutor.java:433)
	at com.kms.katalon.core.main.TestCaseExecutor.processExecutionPhase(TestCaseExecutor.java:412)
	at com.kms.katalon.core.main.TestCaseExecutor.accessMainPhase(TestCaseExecutor.java:404)
	at com.kms.katalon.core.main.TestCaseExecutor.execute(TestCaseExecutor.java:281)
	at com.kms.katalon.core.main.TestCaseExecutor.execute(TestCaseExecutor.java:363)
	at com.kms.katalon.core.main.TestCaseExecutor.execute(TestCaseExecutor.java:363)
	at com.kms.katalon.core.main.TestCaseExecutor.execute(TestCaseExecutor.java:363)
	at com.kms.katalon.core.main.TestSuiteExecutor.accessTestCaseMainPhase(TestSuiteExecutor.java:202)
	at com.kms.katalon.core.main.TestSuiteExecutor.accessTestSuiteMainPhase(TestSuiteExecutor.java:164)
	at com.kms.katalon.core.main.TestSuiteExecutor.execute(TestSuiteExecutor.java:105)
	at com.kms.katalon.core.main.TestCaseMain.startTestSuite(TestCaseMain.java:181)
	at com.kms.katalon.core.main.TestCaseMain$startTestSuite$0.call(Unknown Source)
	at TempTestSuite1642174516033.run(TempTestSuite1642174516033.groovy:36)
Caused by: com.kms.katalon.core.exception.StepFailedException: com.kms.katalon.core.webui.exception.WebElementNotFoundException: Web element with id: 'Object Repository/Page_AI Assignment 2/td_Submitted for grading' located by '//section[@id='region-main']/div/div[3]/div/table/tbody/tr/td' not found
	at com.kms.katalon.core.webui.keyword.internal.WebUIKeywordMain.stepFailed(WebUIKeywordMain.groovy:64)
	at com.kms.katalon.core.webui.keyword.builtin.VerifyElementTextKeyword$_verifyElementText_closure1.doCall(VerifyElementTextKeyword.groovy:64)
	at com.kms.katalon.core.webui.keyword.builtin.VerifyElementTextKeyword$_verifyElementText_closure1.call(VerifyElementTextKeyword.groovy)
	at com.kms.katalon.core.webui.keyword.internal.WebUIKeywordMain.runKeyword(WebUIKeywordMain.groovy:20)
	... 22 more


2022-01-14 23:03:00 - [TEST_STEP][PASSED] - openBrowser(""): Browser is opened with url: ''

2022-01-14 23:03:00 - [MESSAGE][WARNING] - A browser is already opened. Closing browser and opening a new one

2022-01-14 23:03:01 - [MESSAGE][INFO] - Starting 'Chrome' driver

2022-01-14 23:03:01 - [MESSAGE][INFO] - Action delay is set to 0 milliseconds

2022-01-14 23:03:02 - [MESSAGE][PASSED] - Browser is opened with url: ''

2022-01-14 23:03:02 - [TEST_STEP][PASSED] - navigateToUrl("http://localhost/"): Navigate to 'http://localhost/' successfully

2022-01-14 23:03:03 - [MESSAGE][PASSED] - Navigate to 'http://localhost/' successfully

2022-01-14 23:03:03 - [TEST_STEP][PASSED] - click(findTestObject("Object Repository/Page_HCMUS/a_Nhp mn tr tu nhn to")): Object: 'Object Repository/Page_HCMUS/a_Nhp mn tr tu nhn to' is clicked on

2022-01-14 23:03:03 - [MESSAGE][PASSED] - Object: 'Object Repository/Page_HCMUS/a_Nhp mn tr tu nhn to' is clicked on

2022-01-14 23:03:03 - [TEST_STEP][PASSED] - setText(findTestObject("Object Repository/Page_HCMUS Log in to the site/input_Username_username"), "student3"): Text 'student3' is set on object 'Object Repository/Page_HCMUS Log in to the site/input_Username_username'

2022-01-14 23:03:04 - [MESSAGE][PASSED] - Text 'student3' is set on object 'Object Repository/Page_HCMUS Log in to the site/input_Username_username'

2022-01-14 23:03:04 - [TEST_STEP][PASSED] - setEncryptedText(findTestObject("Object Repository/Page_HCMUS Log in to the site/input_Password_password"), "xsue+lrReh7u7aVNaHEoWw=="): Text ****** has been set on object 'Object Repository/Page_HCMUS Log in to the site/input_Password_password'

2022-01-14 23:03:05 - [MESSAGE][PASSED] - Text ****** has been set on object 'Object Repository/Page_HCMUS Log in to the site/input_Password_password'

2022-01-14 23:03:05 - [TEST_STEP][PASSED] - click(findTestObject("Object Repository/Page_HCMUS Log in to the site/button_Log in")): Object: 'Object Repository/Page_HCMUS Log in to the site/button_Log in' is clicked on

2022-01-14 23:03:05 - [MESSAGE][PASSED] - Object: 'Object Repository/Page_HCMUS Log in to the site/button_Log in' is clicked on

2022-01-14 23:03:05 - [TEST_STEP][PASSED] - click(findTestObject("Object Repository/Page_Course Nhp mn tr tu nhn to/span_Assignment 2")): Object: 'Object Repository/Page_Course Nhp mn tr tu nhn to/span_Assignment 2' is clicked on

2022-01-14 23:03:12 - [MESSAGE][INFO] - Unable to find the element located by 'By.xpath: //li[@id='module-11']/div/div/div[2]/div/a/span'. Please recheck the objects properties to make sure the desired element is located. 

2022-01-14 23:03:12 - [MESSAGE][WARNING] - [SELF-HEALING] Failed to find element with id 'Object Repository/Page_Course Nhp mn tr tu nhn to/span_Assignment 2'. Try using Self-healing.

2022-01-14 23:03:12 - [MESSAGE][WARNING] - [SELF-HEALING] The current locator of test object 'Object Repository/Page_Course Nhp mn tr tu nhn to/span_Assignment 2' was broken. Propose an alternative one: '(.//*[normalize-space(text()) and normalize-space(.)='Mark as done'])[5]/following::span[1]'.

2022-01-14 23:03:12 - [MESSAGE][PASSED] - Object: 'Object Repository/Page_Course Nhp mn tr tu nhn to/span_Assignment 2' is clicked on

2022-01-14 23:03:12 - [TEST_STEP][PASSED] - click(findTestObject("Object Repository/Page_AI Assignment 2/button_Add submission")): Object: 'Object Repository/Page_AI Assignment 2/button_Add submission' is clicked on

2022-01-14 23:03:19 - [MESSAGE][INFO] - Unable to find the element located by 'By.xpath: //button[@id='single_button61deb702b8d2215']'. Please recheck the objects properties to make sure the desired element is located. 

2022-01-14 23:03:19 - [MESSAGE][WARNING] - [SELF-HEALING] Failed to find element with id 'Object Repository/Page_AI Assignment 2/button_Add submission'. Try using Self-healing.

2022-01-14 23:03:19 - [MESSAGE][WARNING] - [SELF-HEALING] The current locator of test object 'Object Repository/Page_AI Assignment 2/button_Add submission' was broken. Propose an alternative one: '//section[@id='region-main']/div/div[3]/div[2]/div/form/button'.

2022-01-14 23:03:20 - [MESSAGE][PASSED] - Object: 'Object Repository/Page_AI Assignment 2/button_Add submission' is clicked on

2022-01-14 23:03:20 - [TEST_STEP][PASSED] - setText(findTestObject("Object Repository/Page_AI Assignment 2 - Edit submission/div_Noi dung bai nop"), "Noi dung bai nop"): Text 'Noi dung bai nop' is set on object 'Object Repository/Page_AI Assignment 2 - Edit submission/div_Noi dung bai nop'

2022-01-14 23:03:21 - [MESSAGE][PASSED] - Text 'Noi dung bai nop' is set on object 'Object Repository/Page_AI Assignment 2 - Edit submission/div_Noi dung bai nop'

2022-01-14 23:03:21 - [TEST_STEP][PASSED] - click(findTestObject("Object Repository/Page_AI Assignment 2 - Edit submission/input_Online text_submitbutton")): Object: 'Object Repository/Page_AI Assignment 2 - Edit submission/input_Online text_submitbutton' is clicked on

2022-01-14 23:03:22 - [MESSAGE][PASSED] - Object: 'Object Repository/Page_AI Assignment 2 - Edit submission/input_Online text_submitbutton' is clicked on

2022-01-14 23:03:22 - [TEST_STEP][FAILED] - verifyElementText(findTestObject("Object Repository/Page_AI Assignment 2/td_Submitted for grading"), "Submitted for grading"): Verify element text of test object 'Object Repository/Page_AI Assignment 2/td_Submitted for grading' FAILED. (Root cause: com.kms.katalon.core.exception.StepFailedException: Verify element text of test object 'Object Repository/Page_AI Assignment 2/td_Submitted for grading' FAILED.
	at com.kms.katalon.core.webui.keyword.internal.WebUIKeywordMain.stepFailed(WebUIKeywordMain.groovy:64)
	at com.kms.katalon.core.webui.keyword.internal.WebUIKeywordMain.runKeyword(WebUIKeywordMain.groovy:26)
	at com.kms.katalon.core.webui.keyword.builtin.VerifyElementTextKeyword.verifyElementText(VerifyElementTextKeyword.groovy:72)
	at com.kms.katalon.core.webui.keyword.builtin.VerifyElementTextKeyword.execute(VerifyElementTextKeyword.groovy:40)
	at com.kms.katalon.core.keyword.internal.KeywordExecutor.executeKeywordForPlatform(KeywordExecutor.groovy:74)
	at com.kms.katalon.core.webui.keyword.WebUiBuiltInKeywords.verifyElementText(WebUiBuiltInKeywords.groovy:4749)
	at com.kms.katalon.core.webui.keyword.WebUiBuiltInKeywords$verifyElementText$7.call(Unknown Source)
	at 33_Sinh viên nộp bài đúng hạn.run(33_Sinh viên nộp bài đúng hạn:40)
	at com.kms.katalon.core.main.ScriptEngine.run(ScriptEngine.java:194)
	at com.kms.katalon.core.main.ScriptEngine.runScriptAsRawText(ScriptEngine.java:119)
	at com.kms.katalon.core.main.TestCaseExecutor.runScript(TestCaseExecutor.java:442)
	at com.kms.katalon.core.main.TestCaseExecutor.doExecute(TestCaseExecutor.java:433)
	at com.kms.katalon.core.main.TestCaseExecutor.processExecutionPhase(TestCaseExecutor.java:412)
	at com.kms.katalon.core.main.TestCaseExecutor.accessMainPhase(TestCaseExecutor.java:404)
	at com.kms.katalon.core.main.TestCaseExecutor.execute(TestCaseExecutor.java:281)
	at com.kms.katalon.core.main.TestCaseExecutor.execute(TestCaseExecutor.java:363)
	at com.kms.katalon.core.main.TestCaseExecutor.execute(TestCaseExecutor.java:363)
	at com.kms.katalon.core.main.TestCaseExecutor.execute(TestCaseExecutor.java:363)
	at com.kms.katalon.core.main.TestSuiteExecutor.accessTestCaseMainPhase(TestSuiteExecutor.java:202)
	at com.kms.katalon.core.main.TestSuiteExecutor.accessTestSuiteMainPhase(TestSuiteExecutor.java:164)
	at com.kms.katalon.core.main.TestSuiteExecutor.execute(TestSuiteExecutor.java:105)
	at com.kms.katalon.core.main.TestCaseMain.startTestSuite(TestCaseMain.java:181)
	at com.kms.katalon.core.main.TestCaseMain$startTestSuite$0.call(Unknown Source)
	at TempTestSuite1642174516033.run(TempTestSuite1642174516033.groovy:36)
Caused by: com.kms.katalon.core.exception.StepFailedException: com.kms.katalon.core.webui.exception.WebElementNotFoundException: Web element with id: 'Object Repository/Page_AI Assignment 2/td_Submitted for grading' located by '//section[@id='region-main']/div/div[3]/div/table/tbody/tr/td' not found
	at com.kms.katalon.core.webui.keyword.internal.WebUIKeywordMain.stepFailed(WebUIKeywordMain.groovy:64)
	at com.kms.katalon.core.webui.keyword.builtin.VerifyElementTextKeyword$_verifyElementText_closure1.doCall(VerifyElementTextKeyword.groovy:64)
	at com.kms.katalon.core.webui.keyword.builtin.VerifyElementTextKeyword$_verifyElementText_closure1.call(VerifyElementTextKeyword.groovy)
	at com.kms.katalon.core.webui.keyword.internal.WebUIKeywordMain.runKeyword(WebUIKeywordMain.groovy:20)
	... 22 more
)

2022-01-14 23:03:28 - [MESSAGE][INFO] - Unable to find the element located by 'By.xpath: //section[@id='region-main']/div/div[3]/div/table/tbody/tr/td'. Please recheck the objects properties to make sure the desired element is located. 

2022-01-14 23:03:28 - [MESSAGE][WARNING] - [SELF-HEALING] Failed to find element with id 'Object Repository/Page_AI Assignment 2/td_Submitted for grading'. Try using Self-healing.

2022-01-14 23:03:28 - [MESSAGE][INFO] - [SELF-HEALING] Failed Locator: '//section[@id='region-main']/div/div[3]/div/table/tbody/tr/td'.

2022-01-14 23:03:29 - [MESSAGE][INFO] - [SELF-HEALING] Failed Locator: '(.//*[normalize-space(text()) and normalize-space(.)='Submission status'])[2]/following::td[1]'.

2022-01-14 23:03:29 - [MESSAGE][INFO] - [SELF-HEALING] Failed Locator: '(.//*[normalize-space(text()) and normalize-space(.)='Submission status'])[1]/following::td[1]'.

2022-01-14 23:03:29 - [MESSAGE][INFO] - [SELF-HEALING] Failed Locator: '(.//*[normalize-space(text()) and normalize-space(.)='Grading status'])[1]/preceding::td[1]'.

2022-01-14 23:03:29 - [MESSAGE][INFO] - [SELF-HEALING] Failed Locator: '(.//*[normalize-space(text()) and normalize-space(.)='Not graded'])[1]/preceding::td[1]'.

2022-01-14 23:03:30 - [MESSAGE][INFO] - [SELF-HEALING] Failed Locator: '//*/text()[normalize-space(.)='Submitted for grading']/parent::*'.

2022-01-14 23:03:30 - [MESSAGE][INFO] - [SELF-HEALING] Failed Locator: '//td'.

2022-01-14 23:03:31 - [MESSAGE][INFO] - Unable to find the element located by 'By.xpath: //*[(text() = 'Submitted for grading' or . = 'Submitted for grading')]'. Please recheck the objects properties to make sure the desired element is located. 

2022-01-14 23:03:32 - [MESSAGE][INFO] - Unable to find the element located by 'By.cssSelector: td.submissionstatussubmitted.cell.c1.lastcol'. Please recheck the objects properties to make sure the desired element is located. 

2022-01-14 23:03:32 - [MESSAGE][FAILED] - com.kms.katalon.core.webui.exception.WebElementNotFoundException: Web element with id: 'Object Repository/Page_AI Assignment 2/td_Submitted for grading' located by '//section[@id='region-main']/div/div[3]/div/table/tbody/tr/td' not found (Root cause: com.kms.katalon.core.exception.StepFailedException: com.kms.katalon.core.webui.exception.WebElementNotFoundException: Web element with id: 'Object Repository/Page_AI Assignment 2/td_Submitted for grading' located by '//section[@id='region-main']/div/div[3]/div/table/tbody/tr/td' not found
	at com.kms.katalon.core.webui.keyword.internal.WebUIKeywordMain.stepFailed(WebUIKeywordMain.groovy:64)
	at com.kms.katalon.core.webui.keyword.builtin.VerifyElementTextKeyword$_verifyElementText_closure1.doCall(VerifyElementTextKeyword.groovy:64)
	at com.kms.katalon.core.webui.keyword.builtin.VerifyElementTextKeyword$_verifyElementText_closure1.call(VerifyElementTextKeyword.groovy)
	at com.kms.katalon.core.webui.keyword.internal.WebUIKeywordMain.runKeyword(WebUIKeywordMain.groovy:20)
	at com.kms.katalon.core.webui.keyword.builtin.VerifyElementTextKeyword.verifyElementText(VerifyElementTextKeyword.groovy:72)
	at com.kms.katalon.core.webui.keyword.builtin.VerifyElementTextKeyword.execute(VerifyElementTextKeyword.groovy:40)
	at com.kms.katalon.core.keyword.internal.KeywordExecutor.executeKeywordForPlatform(KeywordExecutor.groovy:74)
	at com.kms.katalon.core.webui.keyword.WebUiBuiltInKeywords.verifyElementText(WebUiBuiltInKeywords.groovy:4749)
	at com.kms.katalon.core.webui.keyword.WebUiBuiltInKeywords$verifyElementText$7.call(Unknown Source)
	at 33_Sinh viên nộp bài đúng hạn.run(33_Sinh viên nộp bài đúng hạn:40)
	at com.kms.katalon.core.main.ScriptEngine.run(ScriptEngine.java:194)
	at com.kms.katalon.core.main.ScriptEngine.runScriptAsRawText(ScriptEngine.java:119)
	at com.kms.katalon.core.main.TestCaseExecutor.runScript(TestCaseExecutor.java:442)
	at com.kms.katalon.core.main.TestCaseExecutor.doExecute(TestCaseExecutor.java:433)
	at com.kms.katalon.core.main.TestCaseExecutor.processExecutionPhase(TestCaseExecutor.java:412)
	at com.kms.katalon.core.main.TestCaseExecutor.accessMainPhase(TestCaseExecutor.java:404)
	at com.kms.katalon.core.main.TestCaseExecutor.execute(TestCaseExecutor.java:281)
	at com.kms.katalon.core.main.TestCaseExecutor.execute(TestCaseExecutor.java:363)
	at com.kms.katalon.core.main.TestCaseExecutor.execute(TestCaseExecutor.java:363)
	at com.kms.katalon.core.main.TestCaseExecutor.execute(TestCaseExecutor.java:363)
	at com.kms.katalon.core.main.TestSuiteExecutor.accessTestCaseMainPhase(TestSuiteExecutor.java:202)
	at com.kms.katalon.core.main.TestSuiteExecutor.accessTestSuiteMainPhase(TestSuiteExecutor.java:164)
	at com.kms.katalon.core.main.TestSuiteExecutor.execute(TestSuiteExecutor.java:105)
	at com.kms.katalon.core.main.TestCaseMain.startTestSuite(TestCaseMain.java:181)
	at com.kms.katalon.core.main.TestCaseMain$startTestSuite$0.call(Unknown Source)
	at TempTestSuite1642174516033.run(TempTestSuite1642174516033.groovy:36)
)
[[ATTACHMENT|D:\\nam 3\\nhap mon CNPM\\bonus project\\Test-Automation-SE-Bonus\\Reports\\20220114_223516\\Run all test cases\\20220114_223516\\1642176212487.png]]

2022-01-14 23:03:32 - [MESSAGE][FAILED] - Verify element text of test object 'Object Repository/Page_AI Assignment 2/td_Submitted for grading' FAILED. (Root cause: com.kms.katalon.core.exception.StepFailedException: Verify element text of test object 'Object Repository/Page_AI Assignment 2/td_Submitted for grading' FAILED.
	at com.kms.katalon.core.webui.keyword.internal.WebUIKeywordMain.stepFailed(WebUIKeywordMain.groovy:64)
	at com.kms.katalon.core.webui.keyword.internal.WebUIKeywordMain.runKeyword(WebUIKeywordMain.groovy:26)
	at com.kms.katalon.core.webui.keyword.builtin.VerifyElementTextKeyword.verifyElementText(VerifyElementTextKeyword.groovy:72)
	at com.kms.katalon.core.webui.keyword.builtin.VerifyElementTextKeyword.execute(VerifyElementTextKeyword.groovy:40)
	at com.kms.katalon.core.keyword.internal.KeywordExecutor.executeKeywordForPlatform(KeywordExecutor.groovy:74)
	at com.kms.katalon.core.webui.keyword.WebUiBuiltInKeywords.verifyElementText(WebUiBuiltInKeywords.groovy:4749)
	at com.kms.katalon.core.webui.keyword.WebUiBuiltInKeywords$verifyElementText$7.call(Unknown Source)
	at 33_Sinh viên nộp bài đúng hạn.run(33_Sinh viên nộp bài đúng hạn:40)
	at com.kms.katalon.core.main.ScriptEngine.run(ScriptEngine.java:194)
	at com.kms.katalon.core.main.ScriptEngine.runScriptAsRawText(ScriptEngine.java:119)
	at com.kms.katalon.core.main.TestCaseExecutor.runScript(TestCaseExecutor.java:442)
	at com.kms.katalon.core.main.TestCaseExecutor.doExecute(TestCaseExecutor.java:433)
	at com.kms.katalon.core.main.TestCaseExecutor.processExecutionPhase(TestCaseExecutor.java:412)
	at com.kms.katalon.core.main.TestCaseExecutor.accessMainPhase(TestCaseExecutor.java:404)
	at com.kms.katalon.core.main.TestCaseExecutor.execute(TestCaseExecutor.java:281)
	at com.kms.katalon.core.main.TestCaseExecutor.execute(TestCaseExecutor.java:363)
	at com.kms.katalon.core.main.TestCaseExecutor.execute(TestCaseExecutor.java:363)
	at com.kms.katalon.core.main.TestCaseExecutor.execute(TestCaseExecutor.java:363)
	at com.kms.katalon.core.main.TestSuiteExecutor.accessTestCaseMainPhase(TestSuiteExecutor.java:202)
	at com.kms.katalon.core.main.TestSuiteExecutor.accessTestSuiteMainPhase(TestSuiteExecutor.java:164)
	at com.kms.katalon.core.main.TestSuiteExecutor.execute(TestSuiteExecutor.java:105)
	at com.kms.katalon.core.main.TestCaseMain.startTestSuite(TestCaseMain.java:181)
	at com.kms.katalon.core.main.TestCaseMain$startTestSuite$0.call(Unknown Source)
	at TempTestSuite1642174516033.run(TempTestSuite1642174516033.groovy:36)
Caused by: com.kms.katalon.core.exception.StepFailedException: com.kms.katalon.core.webui.exception.WebElementNotFoundException: Web element with id: 'Object Repository/Page_AI Assignment 2/td_Submitted for grading' located by '//section[@id='region-main']/div/div[3]/div/table/tbody/tr/td' not found
	at com.kms.katalon.core.webui.keyword.internal.WebUIKeywordMain.stepFailed(WebUIKeywordMain.groovy:64)
	at com.kms.katalon.core.webui.keyword.builtin.VerifyElementTextKeyword$_verifyElementText_closure1.doCall(VerifyElementTextKeyword.groovy:64)
	at com.kms.katalon.core.webui.keyword.builtin.VerifyElementTextKeyword$_verifyElementText_closure1.call(VerifyElementTextKeyword.groovy)
	at com.kms.katalon.core.webui.keyword.internal.WebUIKeywordMain.runKeyword(WebUIKeywordMain.groovy:20)
	... 22 more
)
[[ATTACHMENT|D:\\nam 3\\nhap mon CNPM\\bonus project\\Test-Automation-SE-Bonus\\Reports\\20220114_223516\\Run all test cases\\20220114_223516\\1642176212609.png]]]]></system-out>
         <system-err><![CDATA[2022-01-14 23:03:00 - [TEST_CASE][FAILED] - Test Cases/33_Sinh viên nộp bài đúng hạn: Test Cases/33_Sinh viên nộp bài đúng hạn FAILED.
Reason:
com.kms.katalon.core.exception.StepFailedException: Verify element text of test object 'Object Repository/Page_AI Assignment 2/td_Submitted for grading' FAILED.
	at com.kms.katalon.core.webui.keyword.internal.WebUIKeywordMain.stepFailed(WebUIKeywordMain.groovy:64)
	at com.kms.katalon.core.webui.keyword.internal.WebUIKeywordMain.runKeyword(WebUIKeywordMain.groovy:26)
	at com.kms.katalon.core.webui.keyword.builtin.VerifyElementTextKeyword.verifyElementText(VerifyElementTextKeyword.groovy:72)
	at com.kms.katalon.core.webui.keyword.builtin.VerifyElementTextKeyword.execute(VerifyElementTextKeyword.groovy:40)
	at com.kms.katalon.core.keyword.internal.KeywordExecutor.executeKeywordForPlatform(KeywordExecutor.groovy:74)
	at com.kms.katalon.core.webui.keyword.WebUiBuiltInKeywords.verifyElementText(WebUiBuiltInKeywords.groovy:4749)
	at com.kms.katalon.core.webui.keyword.WebUiBuiltInKeywords$verifyElementText$7.call(Unknown Source)
	at 33_Sinh viên nộp bài đúng hạn.run(33_Sinh viên nộp bài đúng hạn:40)
	at com.kms.katalon.core.main.ScriptEngine.run(ScriptEngine.java:194)
	at com.kms.katalon.core.main.ScriptEngine.runScriptAsRawText(ScriptEngine.java:119)
	at com.kms.katalon.core.main.TestCaseExecutor.runScript(TestCaseExecutor.java:442)
	at com.kms.katalon.core.main.TestCaseExecutor.doExecute(TestCaseExecutor.java:433)
	at com.kms.katalon.core.main.TestCaseExecutor.processExecutionPhase(TestCaseExecutor.java:412)
	at com.kms.katalon.core.main.TestCaseExecutor.accessMainPhase(TestCaseExecutor.java:404)
	at com.kms.katalon.core.main.TestCaseExecutor.execute(TestCaseExecutor.java:281)
	at com.kms.katalon.core.main.TestCaseExecutor.execute(TestCaseExecutor.java:363)
	at com.kms.katalon.core.main.TestCaseExecutor.execute(TestCaseExecutor.java:363)
	at com.kms.katalon.core.main.TestCaseExecutor.execute(TestCaseExecutor.java:363)
	at com.kms.katalon.core.main.TestSuiteExecutor.accessTestCaseMainPhase(TestSuiteExecutor.java:202)
	at com.kms.katalon.core.main.TestSuiteExecutor.accessTestSuiteMainPhase(TestSuiteExecutor.java:164)
	at com.kms.katalon.core.main.TestSuiteExecutor.execute(TestSuiteExecutor.java:105)
	at com.kms.katalon.core.main.TestCaseMain.startTestSuite(TestCaseMain.java:181)
	at com.kms.katalon.core.main.TestCaseMain$startTestSuite$0.call(Unknown Source)
	at TempTestSuite1642174516033.run(TempTestSuite1642174516033.groovy:36)
Caused by: com.kms.katalon.core.exception.StepFailedException: com.kms.katalon.core.webui.exception.WebElementNotFoundException: Web element with id: 'Object Repository/Page_AI Assignment 2/td_Submitted for grading' located by '//section[@id='region-main']/div/div[3]/div/table/tbody/tr/td' not found
	at com.kms.katalon.core.webui.keyword.internal.WebUIKeywordMain.stepFailed(WebUIKeywordMain.groovy:64)
	at com.kms.katalon.core.webui.keyword.builtin.VerifyElementTextKeyword$_verifyElementText_closure1.doCall(VerifyElementTextKeyword.groovy:64)
	at com.kms.katalon.core.webui.keyword.builtin.VerifyElementTextKeyword$_verifyElementText_closure1.call(VerifyElementTextKeyword.groovy)
	at com.kms.katalon.core.webui.keyword.internal.WebUIKeywordMain.runKeyword(WebUIKeywordMain.groovy:20)
	... 22 more]]></system-err>
      </testcase>
      <testcase name="Test Cases/34_Sinh viên gửi lời mời kết bạn" time="15.314" classname="Test Cases/34_Sinh viên gửi lời mời kết bạn" status="PASSED">
         <system-out><![CDATA[2022-01-14 23:03:32 - [TEST_CASE][PASSED] - Test Cases/34_Sinh viên gửi lời mời kết bạn: Test Cases/34_Sinh viên gửi lời mời kết bạn

2022-01-14 23:03:33 - [TEST_STEP][PASSED] - openBrowser(""): Browser is opened with url: ''

2022-01-14 23:03:33 - [MESSAGE][WARNING] - A browser is already opened. Closing browser and opening a new one

2022-01-14 23:03:33 - [MESSAGE][INFO] - Starting 'Chrome' driver

2022-01-14 23:03:33 - [MESSAGE][INFO] - Action delay is set to 0 milliseconds

2022-01-14 23:03:34 - [MESSAGE][PASSED] - Browser is opened with url: ''

2022-01-14 23:03:34 - [TEST_STEP][PASSED] - navigateToUrl("http://localhost/"): Navigate to 'http://localhost/' successfully

2022-01-14 23:03:35 - [MESSAGE][PASSED] - Navigate to 'http://localhost/' successfully

2022-01-14 23:03:35 - [TEST_STEP][PASSED] - click(findTestObject("Object Repository/Page_HCMUS/a_Nhp mn tr tu nhn to")): Object: 'Object Repository/Page_HCMUS/a_Nhp mn tr tu nhn to' is clicked on

2022-01-14 23:03:36 - [MESSAGE][PASSED] - Object: 'Object Repository/Page_HCMUS/a_Nhp mn tr tu nhn to' is clicked on

2022-01-14 23:03:36 - [TEST_STEP][PASSED] - setText(findTestObject("Object Repository/Page_HCMUS Log in to the site/input_Username_username"), "student3"): Text 'student3' is set on object 'Object Repository/Page_HCMUS Log in to the site/input_Username_username'

2022-01-14 23:03:36 - [MESSAGE][PASSED] - Text 'student3' is set on object 'Object Repository/Page_HCMUS Log in to the site/input_Username_username'

2022-01-14 23:03:36 - [TEST_STEP][PASSED] - setEncryptedText(findTestObject("Object Repository/Page_HCMUS Log in to the site/input_Password_password"), "xsue+lrReh7u7aVNaHEoWw=="): Text ****** has been set on object 'Object Repository/Page_HCMUS Log in to the site/input_Password_password'

2022-01-14 23:03:37 - [MESSAGE][PASSED] - Text ****** has been set on object 'Object Repository/Page_HCMUS Log in to the site/input_Password_password'

2022-01-14 23:03:37 - [TEST_STEP][PASSED] - click(findTestObject("Object Repository/Page_HCMUS Log in to the site/button_Log in")): Object: 'Object Repository/Page_HCMUS Log in to the site/button_Log in' is clicked on

2022-01-14 23:03:38 - [MESSAGE][PASSED] - Object: 'Object Repository/Page_HCMUS Log in to the site/button_Log in' is clicked on

2022-01-14 23:03:38 - [TEST_STEP][PASSED] - click(findTestObject("Object Repository/Page_Course Nhp mn tr tu nhn to/span_Participants")): Object: 'Object Repository/Page_Course Nhp mn tr tu nhn to/span_Participants' is clicked on

2022-01-14 23:03:39 - [MESSAGE][PASSED] - Object: 'Object Repository/Page_Course Nhp mn tr tu nhn to/span_Participants' is clicked on

2022-01-14 23:03:39 - [TEST_STEP][PASSED] - click(findTestObject("Object Repository/Page_AI Participants/a_Student Tremblay")): Object: 'Object Repository/Page_AI Participants/a_Student Tremblay' is clicked on

2022-01-14 23:03:40 - [MESSAGE][PASSED] - Object: 'Object Repository/Page_AI Participants/a_Student Tremblay' is clicked on

2022-01-14 23:03:40 - [TEST_STEP][PASSED] - click(findTestObject("Object Repository/Page_Nhp mn tr tu nhn to Personal profile S_718f45/span_Add to contacts")): Object: 'Object Repository/Page_Nhp mn tr tu nhn to Personal profile S_718f45/span_Add to contacts' is clicked on

2022-01-14 23:03:41 - [MESSAGE][PASSED] - Object: 'Object Repository/Page_Nhp mn tr tu nhn to Personal profile S_718f45/span_Add to contacts' is clicked on

2022-01-14 23:03:41 - [TEST_STEP][PASSED] - verifyElementText(findTestObject("Object Repository/Page_Nhp mn tr tu nhn to Personal profile S_718f45/span_Remove from contacts"), "Remove from contacts"): Actual text and expected text of test object 'Object Repository/Page_Nhp mn tr tu nhn to Personal profile S_718f45/span_Remove from contacts' are matched.

2022-01-14 23:03:47 - [MESSAGE][INFO] - Unable to find the element located by 'By.xpath: //span[@id='yui_3_17_2_1_1641968678670_37']/span'. Please recheck the objects properties to make sure the desired element is located. 

2022-01-14 23:03:47 - [MESSAGE][WARNING] - [SELF-HEALING] Failed to find element with id 'Object Repository/Page_Nhp mn tr tu nhn to Personal profile S_718f45/span_Remove from contacts'. Try using Self-healing.

2022-01-14 23:03:47 - [MESSAGE][WARNING] - [SELF-HEALING] The current locator of test object 'Object Repository/Page_Nhp mn tr tu nhn to Personal profile S_718f45/span_Remove from contacts' was broken. Propose an alternative one: '(.//*[normalize-space(text()) and normalize-space(.)='Message'])[1]/following::span[3]'.

2022-01-14 23:03:47 - [MESSAGE][PASSED] - Actual text and expected text of test object 'Object Repository/Page_Nhp mn tr tu nhn to Personal profile S_718f45/span_Remove from contacts' are matched.

2022-01-14 23:03:47 - [TEST_STEP][PASSED] - closeBrowser(): Browser is closed

2022-01-14 23:03:48 - [MESSAGE][PASSED] - Browser is closed]]></system-out>
         <system-err><![CDATA[]]></system-err>
      </testcase>
      <testcase name="Test Cases/35_Sinh viên chấp nhận lời mời kết bạn" time="45.224" classname="Test Cases/35_Sinh viên chấp nhận lời mời kết bạn" status="PASSED">
         <system-out><![CDATA[2022-01-14 23:03:48 - [TEST_CASE][PASSED] - Test Cases/35_Sinh viên chấp nhận lời mời kết bạn: Test Cases/35_Sinh viên chấp nhận lời mời kết bạn

2022-01-14 23:03:48 - [TEST_STEP][PASSED] - openBrowser(""): Browser is opened with url: ''

2022-01-14 23:03:48 - [MESSAGE][INFO] - Starting 'Chrome' driver

2022-01-14 23:03:48 - [MESSAGE][INFO] - Action delay is set to 0 milliseconds

2022-01-14 23:03:49 - [MESSAGE][PASSED] - Browser is opened with url: ''

2022-01-14 23:03:49 - [TEST_STEP][PASSED] - navigateToUrl("http://localhost/"): Navigate to 'http://localhost/' successfully

2022-01-14 23:03:49 - [MESSAGE][PASSED] - Navigate to 'http://localhost/' successfully

2022-01-14 23:03:49 - [TEST_STEP][PASSED] - click(findTestObject("Object Repository/Page_HCMUS/a_Log in")): Object: 'Object Repository/Page_HCMUS/a_Log in' is clicked on

2022-01-14 23:03:50 - [MESSAGE][PASSED] - Object: 'Object Repository/Page_HCMUS/a_Log in' is clicked on

2022-01-14 23:03:50 - [TEST_STEP][PASSED] - setText(findTestObject("Object Repository/Page_HCMUS Log in to the site/input_Username_username"), "student4"): Text 'student4' is set on object 'Object Repository/Page_HCMUS Log in to the site/input_Username_username'

2022-01-14 23:03:51 - [MESSAGE][PASSED] - Text 'student4' is set on object 'Object Repository/Page_HCMUS Log in to the site/input_Username_username'

2022-01-14 23:03:51 - [TEST_STEP][PASSED] - setEncryptedText(findTestObject("Object Repository/Page_HCMUS Log in to the site/input_Password_password"), "xsue+lrReh4ZVHWELaqxDw=="): Text ****** has been set on object 'Object Repository/Page_HCMUS Log in to the site/input_Password_password'

2022-01-14 23:03:51 - [MESSAGE][PASSED] - Text ****** has been set on object 'Object Repository/Page_HCMUS Log in to the site/input_Password_password'

2022-01-14 23:03:51 - [TEST_STEP][PASSED] - click(findTestObject("Object Repository/Page_HCMUS Log in to the site/button_Log in")): Object: 'Object Repository/Page_HCMUS Log in to the site/button_Log in' is clicked on

2022-01-14 23:03:52 - [MESSAGE][PASSED] - Object: 'Object Repository/Page_HCMUS Log in to the site/button_Log in' is clicked on

2022-01-14 23:03:52 - [TEST_STEP][PASSED] - click(findTestObject("Object Repository/Page_Dashboard/i_See all_icon fa fa-comment fa-fw")): Object: 'Object Repository/Page_Dashboard/i_See all_icon fa fa-comment fa-fw' is clicked on

2022-01-14 23:03:59 - [MESSAGE][INFO] - Unable to find the element located by 'By.xpath: //a[@id='message-drawer-toggle-61de75556871461de7555228969']/i'. Please recheck the objects properties to make sure the desired element is located. 

2022-01-14 23:03:59 - [MESSAGE][WARNING] - [SELF-HEALING] Failed to find element with id 'Object Repository/Page_Dashboard/i_See all_icon fa fa-comment fa-fw'. Try using Self-healing.

2022-01-14 23:03:59 - [MESSAGE][WARNING] - [SELF-HEALING] The current locator of test object 'Object Repository/Page_Dashboard/i_See all_icon fa fa-comment fa-fw' was broken. Propose an alternative one: '//div[2]/a/i'.

2022-01-14 23:03:59 - [MESSAGE][PASSED] - Object: 'Object Repository/Page_Dashboard/i_See all_icon fa fa-comment fa-fw' is clicked on

2022-01-14 23:03:59 - [TEST_STEP][PASSED] - click(findTestObject("Object Repository/Page_Dashboard/a_Contacts                                 _4239a2")): Object: 'Object Repository/Page_Dashboard/a_Contacts                                 _4239a2' is clicked on

2022-01-14 23:04:05 - [MESSAGE][INFO] - Unable to find the element located by 'By.xpath: //div[@id='message-drawer-61de74972abc661de7496b721d18']/div[2]/div[3]/div[2]/a'. Please recheck the objects properties to make sure the desired element is located. 

2022-01-14 23:04:05 - [MESSAGE][WARNING] - [SELF-HEALING] Failed to find element with id 'Object Repository/Page_Dashboard/a_Contacts                                 _4239a2'. Try using Self-healing.

2022-01-14 23:04:06 - [MESSAGE][WARNING] - [SELF-HEALING] The current locator of test object 'Object Repository/Page_Dashboard/a_Contacts                                 _4239a2' was broken. Propose an alternative one: '(.//*[normalize-space(text()) and normalize-space(.)='Contacts'])[1]/following::a[3]'.

2022-01-14 23:04:06 - [MESSAGE][PASSED] - Object: 'Object Repository/Page_Dashboard/a_Contacts                                 _4239a2' is clicked on

2022-01-14 23:04:06 - [TEST_STEP][PASSED] - click(findTestObject("Object Repository/Page_Dashboard/a_Requests                                 _76dac8")): Object: 'Object Repository/Page_Dashboard/a_Requests                                 _76dac8' is clicked on

2022-01-14 23:04:12 - [MESSAGE][INFO] - Unable to find the element located by 'By.xpath: '. Please recheck the objects properties to make sure the desired element is located. 

2022-01-14 23:04:12 - [MESSAGE][WARNING] - [SELF-HEALING] Failed to find element with id 'Object Repository/Page_Dashboard/a_Requests                                 _76dac8'. Try using Self-healing.

2022-01-14 23:04:12 - [MESSAGE][WARNING] - [SELF-HEALING] The current locator of test object 'Object Repository/Page_Dashboard/a_Requests                                 _76dac8' was broken. Propose an alternative one: '(.//*[normalize-space(text()) and normalize-space(.)='Contacts'])[2]/following::a[1]'.

2022-01-14 23:04:12 - [MESSAGE][PASSED] - Object: 'Object Repository/Page_Dashboard/a_Requests                                 _76dac8' is clicked on

2022-01-14 23:04:12 - [TEST_STEP][PASSED] - click(findTestObject("Object Repository/Page_Dashboard/p_Would like to contact you")): Object: 'Object Repository/Page_Dashboard/p_Would like to contact you' is clicked on

2022-01-14 23:04:18 - [MESSAGE][INFO] - Unable to find the element located by 'By.xpath: //div[@id='requests-tab-panel-61de74972abc661de7496b721d18']/div[2]/a/div/p'. Please recheck the objects properties to make sure the desired element is located. 

2022-01-14 23:04:18 - [MESSAGE][WARNING] - [SELF-HEALING] Failed to find element with id 'Object Repository/Page_Dashboard/p_Would like to contact you'. Try using Self-healing.

2022-01-14 23:04:18 - [MESSAGE][WARNING] - [SELF-HEALING] The current locator of test object 'Object Repository/Page_Dashboard/p_Would like to contact you' was broken. Propose an alternative one: '(.//*[normalize-space(text()) and normalize-space(.)='Student Walston'])[2]/following::p[1]'.

2022-01-14 23:04:19 - [MESSAGE][PASSED] - Object: 'Object Repository/Page_Dashboard/p_Would like to contact you' is clicked on

2022-01-14 23:04:19 - [TEST_STEP][PASSED] - click(findTestObject("Object Repository/Page_Dashboard/span_Accept and add to contacts")): Object: 'Object Repository/Page_Dashboard/span_Accept and add to contacts' is clicked on

2022-01-14 23:04:25 - [MESSAGE][INFO] - Unable to find the element located by 'By.xpath: //div[@id='yui_3_17_2_1_1641968791226_197']/div[3]/div/div[2]/div/button[8]/span'. Please recheck the objects properties to make sure the desired element is located. 

2022-01-14 23:04:25 - [MESSAGE][WARNING] - [SELF-HEALING] Failed to find element with id 'Object Repository/Page_Dashboard/span_Accept and add to contacts'. Try using Self-healing.

2022-01-14 23:04:25 - [MESSAGE][WARNING] - [SELF-HEALING] The current locator of test object 'Object Repository/Page_Dashboard/span_Accept and add to contacts' was broken. Propose an alternative one: '(.//*[normalize-space(text()) and normalize-space(.)='Send contact request'])[1]/following::span[3]'.

2022-01-14 23:04:25 - [MESSAGE][PASSED] - Object: 'Object Repository/Page_Dashboard/span_Accept and add to contacts' is clicked on

2022-01-14 23:04:25 - [TEST_STEP][PASSED] - click(findTestObject("Object Repository/Page_Dashboard/strong_Student Walston")): Object: 'Object Repository/Page_Dashboard/strong_Student Walston' is clicked on

2022-01-14 23:04:31 - [MESSAGE][INFO] - Unable to find the element located by 'By.xpath: //div[@id='yui_3_17_2_1_1641968791226_245']/div[2]/a/div[2]/div/strong'. Please recheck the objects properties to make sure the desired element is located. 

2022-01-14 23:04:31 - [MESSAGE][WARNING] - [SELF-HEALING] Failed to find element with id 'Object Repository/Page_Dashboard/strong_Student Walston'. Try using Self-healing.

2022-01-14 23:04:31 - [MESSAGE][WARNING] - [SELF-HEALING] The current locator of test object 'Object Repository/Page_Dashboard/strong_Student Walston' was broken. Propose an alternative one: '(.//*[normalize-space(text()) and normalize-space(.)='Contacts'])[1]/following::strong[1]'.

2022-01-14 23:04:32 - [MESSAGE][PASSED] - Object: 'Object Repository/Page_Dashboard/strong_Student Walston' is clicked on

2022-01-14 23:04:32 - [TEST_STEP][PASSED] - verifyElementText(findTestObject("Object Repository/Page_Dashboard/button_Remove from contacts"), "Remove from contacts"): Actual text and expected text of test object 'Object Repository/Page_Dashboard/button_Remove from contacts' are matched.

2022-01-14 23:04:32 - [MESSAGE][PASSED] - Actual text and expected text of test object 'Object Repository/Page_Dashboard/button_Remove from contacts' are matched.

2022-01-14 23:04:32 - [TEST_STEP][PASSED] - closeBrowser(): Browser is closed

2022-01-14 23:04:33 - [MESSAGE][PASSED] - Browser is closed]]></system-out>
         <system-err><![CDATA[]]></system-err>
      </testcase>
      <testcase name="Test Cases/37_Sinh viên xem event trên lịch" time="8.138" classname="Test Cases/37_Sinh viên xem event trên lịch" status="PASSED">
         <system-out><![CDATA[2022-01-14 23:04:33 - [TEST_CASE][PASSED] - Test Cases/37_Sinh viên xem event trên lịch: Test Cases/37_Sinh viên xem event trên lịch

2022-01-14 23:04:33 - [TEST_STEP][PASSED] - openBrowser(""): Browser is opened with url: ''

2022-01-14 23:04:33 - [MESSAGE][INFO] - Starting 'Chrome' driver

2022-01-14 23:04:33 - [MESSAGE][INFO] - Action delay is set to 0 milliseconds

2022-01-14 23:04:34 - [MESSAGE][PASSED] - Browser is opened with url: ''

2022-01-14 23:04:34 - [TEST_STEP][PASSED] - navigateToUrl("http://localhost/"): Navigate to 'http://localhost/' successfully

2022-01-14 23:04:35 - [MESSAGE][PASSED] - Navigate to 'http://localhost/' successfully

2022-01-14 23:04:35 - [TEST_STEP][PASSED] - click(findTestObject("Object Repository/Page_HCMUS/a_Log in")): Object: 'Object Repository/Page_HCMUS/a_Log in' is clicked on

2022-01-14 23:04:35 - [MESSAGE][PASSED] - Object: 'Object Repository/Page_HCMUS/a_Log in' is clicked on

2022-01-14 23:04:35 - [TEST_STEP][PASSED] - setText(findTestObject("Object Repository/Page_HCMUS Log in to the site/input_Username_username"), "student1"): Text 'student1' is set on object 'Object Repository/Page_HCMUS Log in to the site/input_Username_username'

2022-01-14 23:04:36 - [MESSAGE][PASSED] - Text 'student1' is set on object 'Object Repository/Page_HCMUS Log in to the site/input_Username_username'

2022-01-14 23:04:36 - [TEST_STEP][PASSED] - setEncryptedText(findTestObject("Object Repository/Page_HCMUS Log in to the site/input_Password_password"), "xsue+lrReh6nSDZIylEEKg=="): Text ****** has been set on object 'Object Repository/Page_HCMUS Log in to the site/input_Password_password'

2022-01-14 23:04:37 - [MESSAGE][PASSED] - Text ****** has been set on object 'Object Repository/Page_HCMUS Log in to the site/input_Password_password'

2022-01-14 23:04:37 - [TEST_STEP][PASSED] - click(findTestObject("Object Repository/Page_HCMUS Log in to the site/button_Log in")): Object: 'Object Repository/Page_HCMUS Log in to the site/button_Log in' is clicked on

2022-01-14 23:04:38 - [MESSAGE][PASSED] - Object: 'Object Repository/Page_HCMUS Log in to the site/button_Log in' is clicked on

2022-01-14 23:04:38 - [TEST_STEP][PASSED] - click(findTestObject("Object Repository/Page_Dashboard/span_Calendar")): Object: 'Object Repository/Page_Dashboard/span_Calendar' is clicked on

2022-01-14 23:04:40 - [MESSAGE][PASSED] - Object: 'Object Repository/Page_Dashboard/span_Calendar' is clicked on

2022-01-14 23:04:40 - [TEST_STEP][PASSED] - verifyElementVisible(findTestObject("Object Repository/Page_KHTN Calendar Detailed month view Janu_a46fbf/section_Month                              _0f1fe9")): Object 'Object Repository/Page_KHTN Calendar Detailed month view Janu_a46fbf/section_Month                              _0f1fe9' is visible

2022-01-14 23:04:40 - [MESSAGE][PASSED] - Object 'Object Repository/Page_KHTN Calendar Detailed month view Janu_a46fbf/section_Month                              _0f1fe9' is visible

2022-01-14 23:04:40 - [TEST_STEP][PASSED] - closeBrowser(): Browser is closed

2022-01-14 23:04:41 - [MESSAGE][PASSED] - Browser is closed]]></system-out>
         <system-err><![CDATA[]]></system-err>
      </testcase>
      <testcase name="Test Cases/36_Sinh viên nhắn tin cho nhau" time="80.753" classname="Test Cases/36_Sinh viên nhắn tin cho nhau" status="PASSED">
         <system-out><![CDATA[2022-01-14 23:04:41 - [TEST_CASE][PASSED] - Test Cases/36_Sinh viên nhắn tin cho nhau: Test Cases/36_Sinh viên nhắn tin cho nhau

2022-01-14 23:04:41 - [TEST_STEP][PASSED] - openBrowser(""): Browser is opened with url: ''

2022-01-14 23:04:41 - [MESSAGE][INFO] - Starting 'Chrome' driver

2022-01-14 23:04:41 - [MESSAGE][INFO] - Action delay is set to 0 milliseconds

2022-01-14 23:04:42 - [MESSAGE][PASSED] - Browser is opened with url: ''

2022-01-14 23:04:42 - [TEST_STEP][PASSED] - navigateToUrl("http://localhost/"): Navigate to 'http://localhost/' successfully

2022-01-14 23:04:43 - [MESSAGE][PASSED] - Navigate to 'http://localhost/' successfully

2022-01-14 23:04:43 - [TEST_STEP][PASSED] - click(findTestObject("Object Repository/Page_HCMUS/a_Log in")): Object: 'Object Repository/Page_HCMUS/a_Log in' is clicked on

2022-01-14 23:04:44 - [MESSAGE][PASSED] - Object: 'Object Repository/Page_HCMUS/a_Log in' is clicked on

2022-01-14 23:04:44 - [TEST_STEP][PASSED] - setText(findTestObject("Object Repository/Page_HCMUS Log in to the site/input_Username_username"), "student3"): Text 'student3' is set on object 'Object Repository/Page_HCMUS Log in to the site/input_Username_username'

2022-01-14 23:04:44 - [MESSAGE][PASSED] - Text 'student3' is set on object 'Object Repository/Page_HCMUS Log in to the site/input_Username_username'

2022-01-14 23:04:44 - [TEST_STEP][PASSED] - setEncryptedText(findTestObject("Object Repository/Page_HCMUS Log in to the site/input_Password_password"), "xsue+lrReh7u7aVNaHEoWw=="): Text ****** has been set on object 'Object Repository/Page_HCMUS Log in to the site/input_Password_password'

2022-01-14 23:04:45 - [MESSAGE][PASSED] - Text ****** has been set on object 'Object Repository/Page_HCMUS Log in to the site/input_Password_password'

2022-01-14 23:04:45 - [TEST_STEP][PASSED] - click(findTestObject("Object Repository/Page_HCMUS Log in to the site/button_Log in")): Object: 'Object Repository/Page_HCMUS Log in to the site/button_Log in' is clicked on

2022-01-14 23:04:46 - [MESSAGE][PASSED] - Object: 'Object Repository/Page_HCMUS Log in to the site/button_Log in' is clicked on

2022-01-14 23:04:46 - [TEST_STEP][PASSED] - click(findTestObject("Object Repository/Page_Dashboard/i_See all_icon fa fa-comment fa-fw")): Object: 'Object Repository/Page_Dashboard/i_See all_icon fa fa-comment fa-fw' is clicked on

2022-01-14 23:04:52 - [MESSAGE][INFO] - Unable to find the element located by 'By.xpath: //a[@id='message-drawer-toggle-61de75556871461de7555228969']/i'. Please recheck the objects properties to make sure the desired element is located. 

2022-01-14 23:04:52 - [MESSAGE][WARNING] - [SELF-HEALING] Failed to find element with id 'Object Repository/Page_Dashboard/i_See all_icon fa fa-comment fa-fw'. Try using Self-healing.

2022-01-14 23:04:52 - [MESSAGE][WARNING] - [SELF-HEALING] The current locator of test object 'Object Repository/Page_Dashboard/i_See all_icon fa fa-comment fa-fw' was broken. Propose an alternative one: '//div[2]/a/i'.

2022-01-14 23:04:52 - [MESSAGE][PASSED] - Object: 'Object Repository/Page_Dashboard/i_See all_icon fa fa-comment fa-fw' is clicked on

2022-01-14 23:04:52 - [TEST_STEP][PASSED] - click(findTestObject("Object Repository/Page_Dashboard/a_Contacts                                 _f6a0b6")): Object: 'Object Repository/Page_Dashboard/a_Contacts                                 _f6a0b6' is clicked on

2022-01-14 23:04:59 - [MESSAGE][INFO] - Unable to find the element located by 'By.xpath: //div[@id='message-drawer-61de75556c03661de75552289618']/div[2]/div[3]/div[2]/a'. Please recheck the objects properties to make sure the desired element is located. 

2022-01-14 23:04:59 - [MESSAGE][WARNING] - [SELF-HEALING] Failed to find element with id 'Object Repository/Page_Dashboard/a_Contacts                                 _f6a0b6'. Try using Self-healing.

2022-01-14 23:04:59 - [MESSAGE][WARNING] - [SELF-HEALING] The current locator of test object 'Object Repository/Page_Dashboard/a_Contacts                                 _f6a0b6' was broken. Propose an alternative one: '(.//*[normalize-space(text()) and normalize-space(.)='Contacts'])[1]/following::a[3]'.

2022-01-14 23:04:59 - [MESSAGE][PASSED] - Object: 'Object Repository/Page_Dashboard/a_Contacts                                 _f6a0b6' is clicked on

2022-01-14 23:04:59 - [TEST_STEP][PASSED] - click(findTestObject("Object Repository/Page_Dashboard/h6_Student Tremblay")): Object: 'Object Repository/Page_Dashboard/h6_Student Tremblay' is clicked on

2022-01-14 23:05:05 - [MESSAGE][INFO] - Unable to find the element located by 'By.xpath: //div[@id='contacts-tab-panel-61de75556c03661de75552289618']/div[2]/a/h6'. Please recheck the objects properties to make sure the desired element is located. 

2022-01-14 23:05:05 - [MESSAGE][WARNING] - [SELF-HEALING] Failed to find element with id 'Object Repository/Page_Dashboard/h6_Student Tremblay'. Try using Self-healing.

2022-01-14 23:05:05 - [MESSAGE][WARNING] - [SELF-HEALING] The current locator of test object 'Object Repository/Page_Dashboard/h6_Student Tremblay' was broken. Propose an alternative one: '(.//*[normalize-space(text()) and normalize-space(.)='No contacts'])[1]/following::h6[1]'.

2022-01-14 23:05:06 - [MESSAGE][PASSED] - Object: 'Object Repository/Page_Dashboard/h6_Student Tremblay' is clicked on

2022-01-14 23:05:06 - [TEST_STEP][PASSED] - setText(findTestObject("Object Repository/Page_Dashboard/textarea_Use enter to send_yui_3_17_2_1_164_c7019d"), "Xin chao ban"): Text 'Xin chao ban' is set on object 'Object Repository/Page_Dashboard/textarea_Use enter to send_yui_3_17_2_1_164_c7019d'

2022-01-14 23:05:12 - [MESSAGE][INFO] - Unable to find the element located by 'By.xpath: //textarea[@id='yui_3_17_2_1_1641968981501_212']'. Please recheck the objects properties to make sure the desired element is located. 

2022-01-14 23:05:12 - [MESSAGE][WARNING] - [SELF-HEALING] Failed to find element with id 'Object Repository/Page_Dashboard/textarea_Use enter to send_yui_3_17_2_1_164_c7019d'. Try using Self-healing.

2022-01-14 23:05:12 - [MESSAGE][WARNING] - [SELF-HEALING] The current locator of test object 'Object Repository/Page_Dashboard/textarea_Use enter to send_yui_3_17_2_1_164_c7019d' was broken. Propose an alternative one: '//textarea'.

2022-01-14 23:05:18 - [MESSAGE][INFO] - Unable to find the element located by 'By.xpath: //textarea[@id='yui_3_17_2_1_1641968981501_212']'. Please recheck the objects properties to make sure the desired element is located. 

2022-01-14 23:05:18 - [MESSAGE][WARNING] - [SELF-HEALING] Failed to find element with id 'Object Repository/Page_Dashboard/textarea_Use enter to send_yui_3_17_2_1_164_c7019d'. Try using Self-healing.

2022-01-14 23:05:18 - [MESSAGE][WARNING] - [SELF-HEALING] The current locator of test object 'Object Repository/Page_Dashboard/textarea_Use enter to send_yui_3_17_2_1_164_c7019d' was broken. Propose an alternative one: '//textarea'.

2022-01-14 23:05:18 - [MESSAGE][PASSED] - Text 'Xin chao ban' is set on object 'Object Repository/Page_Dashboard/textarea_Use enter to send_yui_3_17_2_1_164_c7019d'

2022-01-14 23:05:18 - [TEST_STEP][PASSED] - click(findTestObject("Object Repository/Page_Dashboard/button_Use enter to send_btn btn-link btn-i_5cb4c7")): Object: 'Object Repository/Page_Dashboard/button_Use enter to send_btn btn-link btn-i_5cb4c7' is clicked on

2022-01-14 23:05:25 - [MESSAGE][INFO] - Unable to find the element located by 'By.xpath: //div[@id='yui_3_17_2_1_1641968981501_213']/div/button'. Please recheck the objects properties to make sure the desired element is located. 

2022-01-14 23:05:25 - [MESSAGE][WARNING] - [SELF-HEALING] Failed to find element with id 'Object Repository/Page_Dashboard/button_Use enter to send_btn btn-link btn-i_5cb4c7'. Try using Self-healing.

2022-01-14 23:05:25 - [MESSAGE][WARNING] - [SELF-HEALING] The current locator of test object 'Object Repository/Page_Dashboard/button_Use enter to send_btn btn-link btn-i_5cb4c7' was broken. Propose an alternative one: 'button.btn.btn-link.btn-icon.icon-size-3.ml-1.mt-auto'.

2022-01-14 23:05:25 - [MESSAGE][PASSED] - Object: 'Object Repository/Page_Dashboard/button_Use enter to send_btn btn-link btn-i_5cb4c7' is clicked on

2022-01-14 23:05:25 - [TEST_STEP][PASSED] - verifyElementText(findTestObject("Object Repository/Page_Dashboard/p_Xin chao ban"), "Xin chao ban"): Actual text and expected text of test object 'Object Repository/Page_Dashboard/p_Xin chao ban' are matched.

2022-01-14 23:05:31 - [MESSAGE][INFO] - Unable to find the element located by 'By.xpath: //div[@id='yui_3_17_2_1_1641968981501_197']/div[3]/div/div/div[4]/div/div/div[3]/p'. Please recheck the objects properties to make sure the desired element is located. 

2022-01-14 23:05:31 - [MESSAGE][WARNING] - [SELF-HEALING] Failed to find element with id 'Object Repository/Page_Dashboard/p_Xin chao ban'. Try using Self-healing.

2022-01-14 23:05:31 - [MESSAGE][WARNING] - [SELF-HEALING] The current locator of test object 'Object Repository/Page_Dashboard/p_Xin chao ban' was broken. Propose an alternative one: '(.//*[normalize-space(text()) and normalize-space(.)='Retry'])[1]/following::p[1]'.

2022-01-14 23:05:31 - [MESSAGE][PASSED] - Actual text and expected text of test object 'Object Repository/Page_Dashboard/p_Xin chao ban' are matched.

2022-01-14 23:05:31 - [TEST_STEP][PASSED] - click(findTestObject("Object Repository/Page_Dashboard/a_Student Walston")): Object: 'Object Repository/Page_Dashboard/a_Student Walston' is clicked on

2022-01-14 23:05:32 - [MESSAGE][PASSED] - Object: 'Object Repository/Page_Dashboard/a_Student Walston' is clicked on

2022-01-14 23:05:32 - [TEST_STEP][PASSED] - click(findTestObject("Object Repository/Page_Dashboard/a_Log out")): Object: 'Object Repository/Page_Dashboard/a_Log out' is clicked on

2022-01-14 23:05:32 - [MESSAGE][PASSED] - Object: 'Object Repository/Page_Dashboard/a_Log out' is clicked on

2022-01-14 23:05:32 - [TEST_STEP][PASSED] - click(findTestObject("Object Repository/Page_HCMUS/a_Log in")): Object: 'Object Repository/Page_HCMUS/a_Log in' is clicked on

2022-01-14 23:05:33 - [MESSAGE][PASSED] - Object: 'Object Repository/Page_HCMUS/a_Log in' is clicked on

2022-01-14 23:05:33 - [TEST_STEP][PASSED] - setText(findTestObject("Object Repository/Page_HCMUS Log in to the site/input_Username_username"), "student4"): Text 'student4' is set on object 'Object Repository/Page_HCMUS Log in to the site/input_Username_username'

2022-01-14 23:05:34 - [MESSAGE][PASSED] - Text 'student4' is set on object 'Object Repository/Page_HCMUS Log in to the site/input_Username_username'

2022-01-14 23:05:34 - [TEST_STEP][PASSED] - setEncryptedText(findTestObject("Object Repository/Page_HCMUS Log in to the site/input_Password_password"), "xsue+lrReh4ZVHWELaqxDw=="): Text ****** has been set on object 'Object Repository/Page_HCMUS Log in to the site/input_Password_password'

2022-01-14 23:05:34 - [MESSAGE][PASSED] - Text ****** has been set on object 'Object Repository/Page_HCMUS Log in to the site/input_Password_password'

2022-01-14 23:05:34 - [TEST_STEP][PASSED] - click(findTestObject("Object Repository/Page_HCMUS Log in to the site/button_Log in")): Object: 'Object Repository/Page_HCMUS Log in to the site/button_Log in' is clicked on

2022-01-14 23:05:35 - [MESSAGE][PASSED] - Object: 'Object Repository/Page_HCMUS Log in to the site/button_Log in' is clicked on

2022-01-14 23:05:35 - [TEST_STEP][PASSED] - click(findTestObject("Object Repository/Page_Dashboard/i_See all_icon fa fa-comment fa-fw")): Object: 'Object Repository/Page_Dashboard/i_See all_icon fa fa-comment fa-fw' is clicked on

2022-01-14 23:05:41 - [MESSAGE][INFO] - Unable to find the element located by 'By.xpath: //a[@id='message-drawer-toggle-61de75556871461de7555228969']/i'. Please recheck the objects properties to make sure the desired element is located. 

2022-01-14 23:05:41 - [MESSAGE][WARNING] - [SELF-HEALING] Failed to find element with id 'Object Repository/Page_Dashboard/i_See all_icon fa fa-comment fa-fw'. Try using Self-healing.

2022-01-14 23:05:42 - [MESSAGE][WARNING] - [SELF-HEALING] The current locator of test object 'Object Repository/Page_Dashboard/i_See all_icon fa fa-comment fa-fw' was broken. Propose an alternative one: '//div[2]/a/i'.

2022-01-14 23:05:42 - [MESSAGE][PASSED] - Object: 'Object Repository/Page_Dashboard/i_See all_icon fa fa-comment fa-fw' is clicked on

2022-01-14 23:05:42 - [TEST_STEP][PASSED] - click(findTestObject("Object Repository/Page_Dashboard/p_Xin chao ban_1")): Object: 'Object Repository/Page_Dashboard/p_Xin chao ban_1' is clicked on

2022-01-14 23:05:48 - [MESSAGE][INFO] - Unable to find the element located by 'By.xpath: //div[@id='view-overview-messages-target-61de757f8a46761de757f3cf1018']/div[2]/a/div/p'. Please recheck the objects properties to make sure the desired element is located. 

2022-01-14 23:05:48 - [MESSAGE][WARNING] - [SELF-HEALING] Failed to find element with id 'Object Repository/Page_Dashboard/p_Xin chao ban_1'. Try using Self-healing.

2022-01-14 23:05:48 - [MESSAGE][WARNING] - [SELF-HEALING] The current locator of test object 'Object Repository/Page_Dashboard/p_Xin chao ban_1' was broken. Propose an alternative one: '(.//*[normalize-space(text()) and normalize-space(.)='Student Walston'])[2]/following::p[1]'.

2022-01-14 23:05:48 - [MESSAGE][PASSED] - Object: 'Object Repository/Page_Dashboard/p_Xin chao ban_1' is clicked on

2022-01-14 23:05:48 - [TEST_STEP][PASSED] - verifyElementText(findTestObject("Object Repository/Page_Dashboard/h6_Student Walston"), "Student Walston"): Actual text and expected text of test object 'Object Repository/Page_Dashboard/h6_Student Walston' are matched.

2022-01-14 23:05:54 - [MESSAGE][INFO] - Unable to find the element located by 'By.xpath: //div[@id='yui_3_17_2_1_1641969023631_197']/div[3]/div/div/div[4]/div/div/div[2]/div[2]/h6'. Please recheck the objects properties to make sure the desired element is located. 

2022-01-14 23:05:54 - [MESSAGE][WARNING] - [SELF-HEALING] Failed to find element with id 'Object Repository/Page_Dashboard/h6_Student Walston'. Try using Self-healing.

2022-01-14 23:05:55 - [MESSAGE][WARNING] - [SELF-HEALING] The current locator of test object 'Object Repository/Page_Dashboard/h6_Student Walston' was broken. Propose an alternative one: '(.//*[normalize-space(text()) and normalize-space(.)='No contact requests'])[1]/following::h6[2]'.

2022-01-14 23:05:55 - [MESSAGE][PASSED] - Actual text and expected text of test object 'Object Repository/Page_Dashboard/h6_Student Walston' are matched.

2022-01-14 23:05:55 - [TEST_STEP][PASSED] - verifyElementText(findTestObject("Object Repository/Page_Dashboard/p_Xin chao ban"), "Xin chao ban"): Actual text and expected text of test object 'Object Repository/Page_Dashboard/p_Xin chao ban' are matched.

2022-01-14 23:06:01 - [MESSAGE][INFO] - Unable to find the element located by 'By.xpath: //div[@id='yui_3_17_2_1_1641968981501_197']/div[3]/div/div/div[4]/div/div/div[3]/p'. Please recheck the objects properties to make sure the desired element is located. 

2022-01-14 23:06:01 - [MESSAGE][WARNING] - [SELF-HEALING] Failed to find element with id 'Object Repository/Page_Dashboard/p_Xin chao ban'. Try using Self-healing.

2022-01-14 23:06:01 - [MESSAGE][WARNING] - [SELF-HEALING] The current locator of test object 'Object Repository/Page_Dashboard/p_Xin chao ban' was broken. Propose an alternative one: '(.//*[normalize-space(text()) and normalize-space(.)='Retry'])[1]/following::p[1]'.

2022-01-14 23:06:01 - [MESSAGE][PASSED] - Actual text and expected text of test object 'Object Repository/Page_Dashboard/p_Xin chao ban' are matched.

2022-01-14 23:06:01 - [TEST_STEP][PASSED] - closeBrowser(): Browser is closed

2022-01-14 23:06:02 - [MESSAGE][PASSED] - Browser is closed]]></system-out>
         <system-err><![CDATA[]]></system-err>
      </testcase>
      <testcase name="Test Cases/38_Giáo viên thêm một thư mục vào môn học" time="25.846" classname="Test Cases/38_Giáo viên thêm một thư mục vào môn học" status="PASSED">
         <system-out><![CDATA[2022-01-14 23:06:02 - [TEST_CASE][PASSED] - Test Cases/38_Giáo viên thêm một thư mục vào môn học: Test Cases/38_Giáo viên thêm một thư mục vào môn học

2022-01-14 23:06:02 - [TEST_STEP][PASSED] - openBrowser(""): Browser is opened with url: ''

2022-01-14 23:06:02 - [MESSAGE][INFO] - Starting 'Chrome' driver

2022-01-14 23:06:02 - [MESSAGE][INFO] - Action delay is set to 0 milliseconds

2022-01-14 23:06:03 - [MESSAGE][PASSED] - Browser is opened with url: ''

2022-01-14 23:06:03 - [TEST_STEP][PASSED] - navigateToUrl("http://localhost/"): Navigate to 'http://localhost/' successfully

2022-01-14 23:06:04 - [MESSAGE][PASSED] - Navigate to 'http://localhost/' successfully

2022-01-14 23:06:04 - [TEST_STEP][PASSED] - click(findTestObject("Object Repository/Page_HCMUS/a_Log in")): Object: 'Object Repository/Page_HCMUS/a_Log in' is clicked on

2022-01-14 23:06:04 - [MESSAGE][PASSED] - Object: 'Object Repository/Page_HCMUS/a_Log in' is clicked on

2022-01-14 23:06:04 - [TEST_STEP][PASSED] - setText(findTestObject("Object Repository/Page_HCMUS Log in to the site/input_Username_username"), "teacher1"): Text 'teacher1' is set on object 'Object Repository/Page_HCMUS Log in to the site/input_Username_username'

2022-01-14 23:06:05 - [MESSAGE][PASSED] - Text 'teacher1' is set on object 'Object Repository/Page_HCMUS Log in to the site/input_Username_username'

2022-01-14 23:06:05 - [TEST_STEP][PASSED] - setEncryptedText(findTestObject("Object Repository/Page_HCMUS Log in to the site/input_Password_password"), "iKb8CrY6A/iqm08K47hQLA=="): Text ****** has been set on object 'Object Repository/Page_HCMUS Log in to the site/input_Password_password'

2022-01-14 23:06:06 - [MESSAGE][PASSED] - Text ****** has been set on object 'Object Repository/Page_HCMUS Log in to the site/input_Password_password'

2022-01-14 23:06:06 - [TEST_STEP][PASSED] - click(findTestObject("Object Repository/Page_HCMUS Log in to the site/button_Log in")): Object: 'Object Repository/Page_HCMUS Log in to the site/button_Log in' is clicked on

2022-01-14 23:06:07 - [MESSAGE][PASSED] - Object: 'Object Repository/Page_HCMUS Log in to the site/button_Log in' is clicked on

2022-01-14 23:06:07 - [TEST_STEP][PASSED] - click(findTestObject("Object Repository/Page_Dashboard/span_Site home")): Object: 'Object Repository/Page_Dashboard/span_Site home' is clicked on

2022-01-14 23:06:08 - [MESSAGE][PASSED] - Object: 'Object Repository/Page_Dashboard/span_Site home' is clicked on

2022-01-14 23:06:08 - [TEST_STEP][PASSED] - click(findTestObject("Object Repository/Page_HCMUS/a_Nhp mn tr tu nhn to")): Object: 'Object Repository/Page_HCMUS/a_Nhp mn tr tu nhn to' is clicked on

2022-01-14 23:06:09 - [MESSAGE][PASSED] - Object: 'Object Repository/Page_HCMUS/a_Nhp mn tr tu nhn to' is clicked on

2022-01-14 23:06:09 - [TEST_STEP][PASSED] - click(findTestObject("Object Repository/Page_Course Nhp mn tr tu nhn to/button_Turn editing on")): Object: 'Object Repository/Page_Course Nhp mn tr tu nhn to/button_Turn editing on' is clicked on

2022-01-14 23:06:15 - [MESSAGE][INFO] - Unable to find the element located by 'By.xpath: //button[@id='single_button61deb918b38a91']'. Please recheck the objects properties to make sure the desired element is located. 

2022-01-14 23:06:15 - [MESSAGE][WARNING] - [SELF-HEALING] Failed to find element with id 'Object Repository/Page_Course Nhp mn tr tu nhn to/button_Turn editing on'. Try using Self-healing.

2022-01-14 23:06:15 - [MESSAGE][WARNING] - [SELF-HEALING] The current locator of test object 'Object Repository/Page_Course Nhp mn tr tu nhn to/button_Turn editing on' was broken. Propose an alternative one: '(.//*[normalize-space(text()) and normalize-space(.)='AI'])[2]/following::button[1]'.

2022-01-14 23:06:16 - [MESSAGE][PASSED] - Object: 'Object Repository/Page_Course Nhp mn tr tu nhn to/button_Turn editing on' is clicked on

2022-01-14 23:06:16 - [TEST_STEP][PASSED] - click(findTestObject("Object Repository/Page_Course Nhp mn tr tu nhn to/span_Add an activity or resource")): Object: 'Object Repository/Page_Course Nhp mn tr tu nhn to/span_Add an activity or resource' is clicked on

2022-01-14 23:06:22 - [MESSAGE][INFO] - Unable to find the element located by 'By.xpath: //span[@id='yui_3_17_2_1_1641986354069_794']'. Please recheck the objects properties to make sure the desired element is located. 

2022-01-14 23:06:22 - [MESSAGE][WARNING] - [SELF-HEALING] Failed to find element with id 'Object Repository/Page_Course Nhp mn tr tu nhn to/span_Add an activity or resource'. Try using Self-healing.

2022-01-14 23:06:22 - [MESSAGE][WARNING] - [SELF-HEALING] The current locator of test object 'Object Repository/Page_Course Nhp mn tr tu nhn to/span_Add an activity or resource' was broken. Propose an alternative one: '(.//*[normalize-space(text()) and normalize-space(.)='Add file(s) here'])[1]/following::span[1]'.

2022-01-14 23:06:22 - [MESSAGE][PASSED] - Object: 'Object Repository/Page_Course Nhp mn tr tu nhn to/span_Add an activity or resource' is clicked on

2022-01-14 23:06:22 - [TEST_STEP][PASSED] - click(findTestObject("Object Repository/Page_Course Nhp mn tr tu nhn to/div_Folder")): Object: 'Object Repository/Page_Course Nhp mn tr tu nhn to/div_Folder' is clicked on

2022-01-14 23:06:24 - [MESSAGE][PASSED] - Object: 'Object Repository/Page_Course Nhp mn tr tu nhn to/div_Folder' is clicked on

2022-01-14 23:06:24 - [TEST_STEP][PASSED] - setText(findTestObject("Object Repository/Page_Editing Folder/input_Name_name"), "Documents"): Text 'Documents' is set on object 'Object Repository/Page_Editing Folder/input_Name_name'

2022-01-14 23:06:25 - [MESSAGE][PASSED] - Text 'Documents' is set on object 'Object Repository/Page_Editing Folder/input_Name_name'

2022-01-14 23:06:25 - [TEST_STEP][PASSED] - click(findTestObject("Object Repository/Page_Editing Folder/input_Upon activity completion_submitbutton")): Object: 'Object Repository/Page_Editing Folder/input_Upon activity completion_submitbutton' is clicked on

2022-01-14 23:06:26 - [MESSAGE][PASSED] - Object: 'Object Repository/Page_Editing Folder/input_Upon activity completion_submitbutton' is clicked on

2022-01-14 23:06:26 - [TEST_STEP][PASSED] - verifyElementText(findTestObject("Object Repository/Page_AI Documents/h2_Documents"), "Documents"): Actual text and expected text of test object 'Object Repository/Page_AI Documents/h2_Documents' are matched.

2022-01-14 23:06:27 - [MESSAGE][PASSED] - Actual text and expected text of test object 'Object Repository/Page_AI Documents/h2_Documents' are matched.

2022-01-14 23:06:27 - [TEST_STEP][PASSED] - closeBrowser(): Browser is closed

2022-01-14 23:06:28 - [MESSAGE][PASSED] - Browser is closed]]></system-out>
         <system-err><![CDATA[]]></system-err>
      </testcase>
      <testcase name="Test Cases/39_Giáo viên pin một discussion trong forum" time="36.93" classname="Test Cases/39_Giáo viên pin một discussion trong forum" status="FAILED">
         <failure type="FAILED" message="Test Cases/39_Giáo viên pin một discussion trong forum FAILED.
Reason:
com.kms.katalon.core.exception.StepFailedException: Unable to click on object 'Object Repository/Page_Forum 1/i_Subscribe to this discussion_icon fa fa-e_f628f6'
	at com.kms.katalon.core.webui.keyword.internal.WebUIKeywordMain.stepFailed(WebUIKeywordMain.groovy:64)
	at com.kms.katalon.core.webui.keyword.internal.WebUIKeywordMain.runKeyword(WebUIKeywordMain.groovy:26)
	at com.kms.katalon.core.webui.keyword.builtin.ClickKeyword.click(ClickKeyword.groovy:74)
	at com.kms.katalon.core.webui.keyword.builtin.ClickKeyword.execute(ClickKeyword.groovy:40)
	at com.kms.katalon.core.keyword.internal.KeywordExecutor.executeKeywordForPlatform(KeywordExecutor.groovy:74)
	at com.kms.katalon.core.webui.keyword.WebUiBuiltInKeywords.click(WebUiBuiltInKeywords.groovy:620)
	at com.kms.katalon.core.webui.keyword.WebUiBuiltInKeywords$click$1.call(Unknown Source)
	at 39_Giáo viên pin một discussion trong forum.run(39_Giáo viên pin một discussion trong forum:38)
	at com.kms.katalon.core.main.ScriptEngine.run(ScriptEngine.java:194)
	at com.kms.katalon.core.main.ScriptEngine.runScriptAsRawText(ScriptEngine.java:119)
	at com.kms.katalon.core.main.TestCaseExecutor.runScript(TestCaseExecutor.java:442)
	at com.kms.katalon.core.main.TestCaseExecutor.doExecute(TestCaseExecutor.java:433)
	at com.kms.katalon.core.main.TestCaseExecutor.processExecutionPhase(TestCaseExecutor.java:412)
	at com.kms.katalon.core.main.TestCaseExecutor.accessMainPhase(TestCaseExecutor.java:404)
	at com.kms.katalon.core.main.TestCaseExecutor.execute(TestCaseExecutor.java:281)
	at com.kms.katalon.core.main.TestCaseExecutor.execute(TestCaseExecutor.java:363)
	at com.kms.katalon.core.main.TestCaseExecutor.execute(TestCaseExecutor.java:363)
	at com.kms.katalon.core.main.TestCaseExecutor.execute(TestCaseExecutor.java:363)
	at com.kms.katalon.core.main.TestSuiteExecutor.accessTestCaseMainPhase(TestSuiteExecutor.java:202)
	at com.kms.katalon.core.main.TestSuiteExecutor.accessTestSuiteMainPhase(TestSuiteExecutor.java:164)
	at com.kms.katalon.core.main.TestSuiteExecutor.execute(TestSuiteExecutor.java:105)
	at com.kms.katalon.core.main.TestCaseMain.startTestSuite(TestCaseMain.java:181)
	at com.kms.katalon.core.main.TestCaseMain$startTestSuite$0.call(Unknown Source)
	at TempTestSuite1642174516033.run(TempTestSuite1642174516033.groovy:36)
Caused by: com.kms.katalon.core.webui.exception.WebElementNotFoundException: Web element with id: 'Object Repository/Page_Forum 1/i_Subscribe to this discussion_icon fa fa-e_f628f6' located by '//a[@id='yui_3_17_2_1_1641986967470_501']/i' not found
	at com.kms.katalon.core.webui.common.WebUiCommonHelper.findWebElement(WebUiCommonHelper.java:1368)
	at com.kms.katalon.core.webui.keyword.internal.WebUIAbstractKeyword.findWebElement(WebUIAbstractKeyword.groovy:27)
	at com.kms.katalon.core.webui.keyword.builtin.ClickKeyword$_click_closure1.doCall(ClickKeyword.groovy:65)
	at com.kms.katalon.core.webui.keyword.builtin.ClickKeyword$_click_closure1.call(ClickKeyword.groovy)
	at com.kms.katalon.core.webui.keyword.internal.WebUIKeywordMain.runKeyword(WebUIKeywordMain.groovy:20)
	... 22 more
"/>
         <system-out><![CDATA[2022-01-14 23:08:06 - [TEST_CASE][FAILED] - Test Cases/39_Giáo viên pin một discussion trong forum: Test Cases/39_Giáo viên pin một discussion trong forum FAILED.
Reason:
com.kms.katalon.core.exception.StepFailedException: Unable to click on object 'Object Repository/Page_Forum 1/i_Subscribe to this discussion_icon fa fa-e_f628f6'
	at com.kms.katalon.core.webui.keyword.internal.WebUIKeywordMain.stepFailed(WebUIKeywordMain.groovy:64)
	at com.kms.katalon.core.webui.keyword.internal.WebUIKeywordMain.runKeyword(WebUIKeywordMain.groovy:26)
	at com.kms.katalon.core.webui.keyword.builtin.ClickKeyword.click(ClickKeyword.groovy:74)
	at com.kms.katalon.core.webui.keyword.builtin.ClickKeyword.execute(ClickKeyword.groovy:40)
	at com.kms.katalon.core.keyword.internal.KeywordExecutor.executeKeywordForPlatform(KeywordExecutor.groovy:74)
	at com.kms.katalon.core.webui.keyword.WebUiBuiltInKeywords.click(WebUiBuiltInKeywords.groovy:620)
	at com.kms.katalon.core.webui.keyword.WebUiBuiltInKeywords$click$1.call(Unknown Source)
	at 39_Giáo viên pin một discussion trong forum.run(39_Giáo viên pin một discussion trong forum:38)
	at com.kms.katalon.core.main.ScriptEngine.run(ScriptEngine.java:194)
	at com.kms.katalon.core.main.ScriptEngine.runScriptAsRawText(ScriptEngine.java:119)
	at com.kms.katalon.core.main.TestCaseExecutor.runScript(TestCaseExecutor.java:442)
	at com.kms.katalon.core.main.TestCaseExecutor.doExecute(TestCaseExecutor.java:433)
	at com.kms.katalon.core.main.TestCaseExecutor.processExecutionPhase(TestCaseExecutor.java:412)
	at com.kms.katalon.core.main.TestCaseExecutor.accessMainPhase(TestCaseExecutor.java:404)
	at com.kms.katalon.core.main.TestCaseExecutor.execute(TestCaseExecutor.java:281)
	at com.kms.katalon.core.main.TestCaseExecutor.execute(TestCaseExecutor.java:363)
	at com.kms.katalon.core.main.TestCaseExecutor.execute(TestCaseExecutor.java:363)
	at com.kms.katalon.core.main.TestCaseExecutor.execute(TestCaseExecutor.java:363)
	at com.kms.katalon.core.main.TestSuiteExecutor.accessTestCaseMainPhase(TestSuiteExecutor.java:202)
	at com.kms.katalon.core.main.TestSuiteExecutor.accessTestSuiteMainPhase(TestSuiteExecutor.java:164)
	at com.kms.katalon.core.main.TestSuiteExecutor.execute(TestSuiteExecutor.java:105)
	at com.kms.katalon.core.main.TestCaseMain.startTestSuite(TestCaseMain.java:181)
	at com.kms.katalon.core.main.TestCaseMain$startTestSuite$0.call(Unknown Source)
	at TempTestSuite1642174516033.run(TempTestSuite1642174516033.groovy:36)
Caused by: com.kms.katalon.core.webui.exception.WebElementNotFoundException: Web element with id: 'Object Repository/Page_Forum 1/i_Subscribe to this discussion_icon fa fa-e_f628f6' located by '//a[@id='yui_3_17_2_1_1641986967470_501']/i' not found
	at com.kms.katalon.core.webui.common.WebUiCommonHelper.findWebElement(WebUiCommonHelper.java:1368)
	at com.kms.katalon.core.webui.keyword.internal.WebUIAbstractKeyword.findWebElement(WebUIAbstractKeyword.groovy:27)
	at com.kms.katalon.core.webui.keyword.builtin.ClickKeyword$_click_closure1.doCall(ClickKeyword.groovy:65)
	at com.kms.katalon.core.webui.keyword.builtin.ClickKeyword$_click_closure1.call(ClickKeyword.groovy)
	at com.kms.katalon.core.webui.keyword.internal.WebUIKeywordMain.runKeyword(WebUIKeywordMain.groovy:20)
	... 22 more


2022-01-14 23:08:06 - [TEST_STEP][PASSED] - openBrowser(""): Browser is opened with url: ''

2022-01-14 23:08:06 - [MESSAGE][WARNING] - A browser is already opened. Closing browser and opening a new one

2022-01-14 23:08:06 - [MESSAGE][INFO] - Starting 'Chrome' driver

2022-01-14 23:08:06 - [MESSAGE][INFO] - Action delay is set to 0 milliseconds

2022-01-14 23:08:08 - [MESSAGE][PASSED] - Browser is opened with url: ''

2022-01-14 23:08:08 - [TEST_STEP][PASSED] - navigateToUrl("http://localhost/"): Navigate to 'http://localhost/' successfully

2022-01-14 23:08:08 - [MESSAGE][PASSED] - Navigate to 'http://localhost/' successfully

2022-01-14 23:08:08 - [TEST_STEP][PASSED] - click(findTestObject("Object Repository/Page_HCMUS/a_Log in")): Object: 'Object Repository/Page_HCMUS/a_Log in' is clicked on

2022-01-14 23:08:09 - [MESSAGE][PASSED] - Object: 'Object Repository/Page_HCMUS/a_Log in' is clicked on

2022-01-14 23:08:09 - [TEST_STEP][PASSED] - setText(findTestObject("Object Repository/Page_HCMUS Log in to the site/input_Username_username"), "teacher1"): Text 'teacher1' is set on object 'Object Repository/Page_HCMUS Log in to the site/input_Username_username'

2022-01-14 23:08:11 - [MESSAGE][PASSED] - Text 'teacher1' is set on object 'Object Repository/Page_HCMUS Log in to the site/input_Username_username'

2022-01-14 23:08:11 - [TEST_STEP][PASSED] - setEncryptedText(findTestObject("Object Repository/Page_HCMUS Log in to the site/input_Password_password"), "iKb8CrY6A/iqm08K47hQLA=="): Text ****** has been set on object 'Object Repository/Page_HCMUS Log in to the site/input_Password_password'

2022-01-14 23:08:14 - [MESSAGE][PASSED] - Text ****** has been set on object 'Object Repository/Page_HCMUS Log in to the site/input_Password_password'

2022-01-14 23:08:14 - [TEST_STEP][PASSED] - click(findTestObject("Object Repository/Page_HCMUS Log in to the site/button_Log in")): Object: 'Object Repository/Page_HCMUS Log in to the site/button_Log in' is clicked on

2022-01-14 23:08:16 - [MESSAGE][PASSED] - Object: 'Object Repository/Page_HCMUS Log in to the site/button_Log in' is clicked on

2022-01-14 23:08:16 - [TEST_STEP][PASSED] - click(findTestObject("Object Repository/Page_Dashboard/span_Site home")): Object: 'Object Repository/Page_Dashboard/span_Site home' is clicked on

2022-01-14 23:08:20 - [MESSAGE][PASSED] - Object: 'Object Repository/Page_Dashboard/span_Site home' is clicked on

2022-01-14 23:08:20 - [TEST_STEP][PASSED] - click(findTestObject("Object Repository/Page_HCMUS/a_Nhp mn tr tu nhn to")): Object: 'Object Repository/Page_HCMUS/a_Nhp mn tr tu nhn to' is clicked on

2022-01-14 23:08:23 - [MESSAGE][PASSED] - Object: 'Object Repository/Page_HCMUS/a_Nhp mn tr tu nhn to' is clicked on

2022-01-14 23:08:23 - [TEST_STEP][PASSED] - click(findTestObject("Object Repository/Page_Course Nhp mn tr tu nhn to/span_Forum 1")): Object: 'Object Repository/Page_Course Nhp mn tr tu nhn to/span_Forum 1' is clicked on

2022-01-14 23:08:26 - [MESSAGE][PASSED] - Object: 'Object Repository/Page_Course Nhp mn tr tu nhn to/span_Forum 1' is clicked on

2022-01-14 23:08:26 - [TEST_STEP][FAILED] - click(findTestObject("Object Repository/Page_Forum 1/i_Subscribe to this discussion_icon fa fa-e_f628f6")): Unable to click on object 'Object Repository/Page_Forum 1/i_Subscribe to this discussion_icon fa fa-e_f628f6' (Root cause: com.kms.katalon.core.exception.StepFailedException: Unable to click on object 'Object Repository/Page_Forum 1/i_Subscribe to this discussion_icon fa fa-e_f628f6'
	at com.kms.katalon.core.webui.keyword.internal.WebUIKeywordMain.stepFailed(WebUIKeywordMain.groovy:64)
	at com.kms.katalon.core.webui.keyword.internal.WebUIKeywordMain.runKeyword(WebUIKeywordMain.groovy:26)
	at com.kms.katalon.core.webui.keyword.builtin.ClickKeyword.click(ClickKeyword.groovy:74)
	at com.kms.katalon.core.webui.keyword.builtin.ClickKeyword.execute(ClickKeyword.groovy:40)
	at com.kms.katalon.core.keyword.internal.KeywordExecutor.executeKeywordForPlatform(KeywordExecutor.groovy:74)
	at com.kms.katalon.core.webui.keyword.WebUiBuiltInKeywords.click(WebUiBuiltInKeywords.groovy:620)
	at com.kms.katalon.core.webui.keyword.WebUiBuiltInKeywords$click$1.call(Unknown Source)
	at 39_Giáo viên pin một discussion trong forum.run(39_Giáo viên pin một discussion trong forum:38)
	at com.kms.katalon.core.main.ScriptEngine.run(ScriptEngine.java:194)
	at com.kms.katalon.core.main.ScriptEngine.runScriptAsRawText(ScriptEngine.java:119)
	at com.kms.katalon.core.main.TestCaseExecutor.runScript(TestCaseExecutor.java:442)
	at com.kms.katalon.core.main.TestCaseExecutor.doExecute(TestCaseExecutor.java:433)
	at com.kms.katalon.core.main.TestCaseExecutor.processExecutionPhase(TestCaseExecutor.java:412)
	at com.kms.katalon.core.main.TestCaseExecutor.accessMainPhase(TestCaseExecutor.java:404)
	at com.kms.katalon.core.main.TestCaseExecutor.execute(TestCaseExecutor.java:281)
	at com.kms.katalon.core.main.TestCaseExecutor.execute(TestCaseExecutor.java:363)
	at com.kms.katalon.core.main.TestCaseExecutor.execute(TestCaseExecutor.java:363)
	at com.kms.katalon.core.main.TestCaseExecutor.execute(TestCaseExecutor.java:363)
	at com.kms.katalon.core.main.TestSuiteExecutor.accessTestCaseMainPhase(TestSuiteExecutor.java:202)
	at com.kms.katalon.core.main.TestSuiteExecutor.accessTestSuiteMainPhase(TestSuiteExecutor.java:164)
	at com.kms.katalon.core.main.TestSuiteExecutor.execute(TestSuiteExecutor.java:105)
	at com.kms.katalon.core.main.TestCaseMain.startTestSuite(TestCaseMain.java:181)
	at com.kms.katalon.core.main.TestCaseMain$startTestSuite$0.call(Unknown Source)
	at TempTestSuite1642174516033.run(TempTestSuite1642174516033.groovy:36)
Caused by: com.kms.katalon.core.webui.exception.WebElementNotFoundException: Web element with id: 'Object Repository/Page_Forum 1/i_Subscribe to this discussion_icon fa fa-e_f628f6' located by '//a[@id='yui_3_17_2_1_1641986967470_501']/i' not found
	at com.kms.katalon.core.webui.common.WebUiCommonHelper.findWebElement(WebUiCommonHelper.java:1368)
	at com.kms.katalon.core.webui.keyword.internal.WebUIAbstractKeyword.findWebElement(WebUIAbstractKeyword.groovy:27)
	at com.kms.katalon.core.webui.keyword.builtin.ClickKeyword$_click_closure1.doCall(ClickKeyword.groovy:65)
	at com.kms.katalon.core.webui.keyword.builtin.ClickKeyword$_click_closure1.call(ClickKeyword.groovy)
	at com.kms.katalon.core.webui.keyword.internal.WebUIKeywordMain.runKeyword(WebUIKeywordMain.groovy:20)
	at com.kms.katalon.core.webui.keyword.builtin.ClickKeyword.click(ClickKeyword.groovy:74)
	at com.kms.katalon.core.webui.keyword.builtin.ClickKeyword.execute(ClickKeyword.groovy:40)
	at com.kms.katalon.core.keyword.internal.KeywordExecutor.executeKeywordForPlatform(KeywordExecutor.groovy:74)
	at com.kms.katalon.core.webui.keyword.WebUiBuiltInKeywords.click(WebUiBuiltInKeywords.groovy:620)
	at com.kms.katalon.core.webui.keyword.WebUiBuiltInKeywords$click$1.call(Unknown Source)
	at Script1641986436339.run(Script1641986436339.groovy:38)
	... 16 more
)

2022-01-14 23:08:32 - [MESSAGE][INFO] - Unable to find the element located by 'By.xpath: //a[@id='yui_3_17_2_1_1641986967470_501']/i'. Please recheck the objects properties to make sure the desired element is located. 

2022-01-14 23:08:32 - [MESSAGE][WARNING] - [SELF-HEALING] Failed to find element with id 'Object Repository/Page_Forum 1/i_Subscribe to this discussion_icon fa fa-e_f628f6'. Try using Self-healing.

2022-01-14 23:08:34 - [MESSAGE][INFO] - [SELF-HEALING] Failed Locator: '//a[@id='yui_3_17_2_1_1641986967470_501']/i'.

2022-01-14 23:08:36 - [MESSAGE][INFO] - [SELF-HEALING] Failed Locator: '//td[6]/div/div/div/a/i'.

2022-01-14 23:08:38 - [MESSAGE][INFO] - [SELF-HEALING] Failed Locator: '//a[@id='yui_3_17_2_1_1641986468256_501']/i'.

2022-01-14 23:08:41 - [MESSAGE][INFO] - Unable to find the element located by 'By.xpath: id("yui_3_17_2_1_1641986967470_501")/i[@class="icon fa fa-ellipsis-v fa-fw"]'. Please recheck the objects properties to make sure the desired element is located. 

2022-01-14 23:08:42 - [MESSAGE][INFO] - Unable to find the element located by 'By.cssSelector: '. Please recheck the objects properties to make sure the desired element is located. 

2022-01-14 23:08:43 - [MESSAGE][FAILED] - Unable to click on object 'Object Repository/Page_Forum 1/i_Subscribe to this discussion_icon fa fa-e_f628f6' (Root cause: com.kms.katalon.core.exception.StepFailedException: Unable to click on object 'Object Repository/Page_Forum 1/i_Subscribe to this discussion_icon fa fa-e_f628f6'
	at com.kms.katalon.core.webui.keyword.internal.WebUIKeywordMain.stepFailed(WebUIKeywordMain.groovy:64)
	at com.kms.katalon.core.webui.keyword.internal.WebUIKeywordMain.runKeyword(WebUIKeywordMain.groovy:26)
	at com.kms.katalon.core.webui.keyword.builtin.ClickKeyword.click(ClickKeyword.groovy:74)
	at com.kms.katalon.core.webui.keyword.builtin.ClickKeyword.execute(ClickKeyword.groovy:40)
	at com.kms.katalon.core.keyword.internal.KeywordExecutor.executeKeywordForPlatform(KeywordExecutor.groovy:74)
	at com.kms.katalon.core.webui.keyword.WebUiBuiltInKeywords.click(WebUiBuiltInKeywords.groovy:620)
	at com.kms.katalon.core.webui.keyword.WebUiBuiltInKeywords$click$1.call(Unknown Source)
	at 39_Giáo viên pin một discussion trong forum.run(39_Giáo viên pin một discussion trong forum:38)
	at com.kms.katalon.core.main.ScriptEngine.run(ScriptEngine.java:194)
	at com.kms.katalon.core.main.ScriptEngine.runScriptAsRawText(ScriptEngine.java:119)
	at com.kms.katalon.core.main.TestCaseExecutor.runScript(TestCaseExecutor.java:442)
	at com.kms.katalon.core.main.TestCaseExecutor.doExecute(TestCaseExecutor.java:433)
	at com.kms.katalon.core.main.TestCaseExecutor.processExecutionPhase(TestCaseExecutor.java:412)
	at com.kms.katalon.core.main.TestCaseExecutor.accessMainPhase(TestCaseExecutor.java:404)
	at com.kms.katalon.core.main.TestCaseExecutor.execute(TestCaseExecutor.java:281)
	at com.kms.katalon.core.main.TestCaseExecutor.execute(TestCaseExecutor.java:363)
	at com.kms.katalon.core.main.TestCaseExecutor.execute(TestCaseExecutor.java:363)
	at com.kms.katalon.core.main.TestCaseExecutor.execute(TestCaseExecutor.java:363)
	at com.kms.katalon.core.main.TestSuiteExecutor.accessTestCaseMainPhase(TestSuiteExecutor.java:202)
	at com.kms.katalon.core.main.TestSuiteExecutor.accessTestSuiteMainPhase(TestSuiteExecutor.java:164)
	at com.kms.katalon.core.main.TestSuiteExecutor.execute(TestSuiteExecutor.java:105)
	at com.kms.katalon.core.main.TestCaseMain.startTestSuite(TestCaseMain.java:181)
	at com.kms.katalon.core.main.TestCaseMain$startTestSuite$0.call(Unknown Source)
	at TempTestSuite1642174516033.run(TempTestSuite1642174516033.groovy:36)
Caused by: com.kms.katalon.core.webui.exception.WebElementNotFoundException: Web element with id: 'Object Repository/Page_Forum 1/i_Subscribe to this discussion_icon fa fa-e_f628f6' located by '//a[@id='yui_3_17_2_1_1641986967470_501']/i' not found
	at com.kms.katalon.core.webui.common.WebUiCommonHelper.findWebElement(WebUiCommonHelper.java:1368)
	at com.kms.katalon.core.webui.keyword.internal.WebUIAbstractKeyword.findWebElement(WebUIAbstractKeyword.groovy:27)
	at com.kms.katalon.core.webui.keyword.builtin.ClickKeyword$_click_closure1.doCall(ClickKeyword.groovy:65)
	at com.kms.katalon.core.webui.keyword.builtin.ClickKeyword$_click_closure1.call(ClickKeyword.groovy)
	at com.kms.katalon.core.webui.keyword.internal.WebUIKeywordMain.runKeyword(WebUIKeywordMain.groovy:20)
	at com.kms.katalon.core.webui.keyword.builtin.ClickKeyword.click(ClickKeyword.groovy:74)
	at com.kms.katalon.core.webui.keyword.builtin.ClickKeyword.execute(ClickKeyword.groovy:40)
	at com.kms.katalon.core.keyword.internal.KeywordExecutor.executeKeywordForPlatform(KeywordExecutor.groovy:74)
	at com.kms.katalon.core.webui.keyword.WebUiBuiltInKeywords.click(WebUiBuiltInKeywords.groovy:620)
	at com.kms.katalon.core.webui.keyword.WebUiBuiltInKeywords$click$1.call(Unknown Source)
	at Script1641986436339.run(Script1641986436339.groovy:38)
	... 16 more
)
[[ATTACHMENT|D:\\nam 3\\nhap mon CNPM\\bonus project\\Test-Automation-SE-Bonus\\Reports\\20220114_223516\\Run all test cases\\20220114_223516\\1642176522977.png]]]]></system-out>
         <system-err><![CDATA[2022-01-14 23:08:06 - [TEST_CASE][FAILED] - Test Cases/39_Giáo viên pin một discussion trong forum: Test Cases/39_Giáo viên pin một discussion trong forum FAILED.
Reason:
com.kms.katalon.core.exception.StepFailedException: Unable to click on object 'Object Repository/Page_Forum 1/i_Subscribe to this discussion_icon fa fa-e_f628f6'
	at com.kms.katalon.core.webui.keyword.internal.WebUIKeywordMain.stepFailed(WebUIKeywordMain.groovy:64)
	at com.kms.katalon.core.webui.keyword.internal.WebUIKeywordMain.runKeyword(WebUIKeywordMain.groovy:26)
	at com.kms.katalon.core.webui.keyword.builtin.ClickKeyword.click(ClickKeyword.groovy:74)
	at com.kms.katalon.core.webui.keyword.builtin.ClickKeyword.execute(ClickKeyword.groovy:40)
	at com.kms.katalon.core.keyword.internal.KeywordExecutor.executeKeywordForPlatform(KeywordExecutor.groovy:74)
	at com.kms.katalon.core.webui.keyword.WebUiBuiltInKeywords.click(WebUiBuiltInKeywords.groovy:620)
	at com.kms.katalon.core.webui.keyword.WebUiBuiltInKeywords$click$1.call(Unknown Source)
	at 39_Giáo viên pin một discussion trong forum.run(39_Giáo viên pin một discussion trong forum:38)
	at com.kms.katalon.core.main.ScriptEngine.run(ScriptEngine.java:194)
	at com.kms.katalon.core.main.ScriptEngine.runScriptAsRawText(ScriptEngine.java:119)
	at com.kms.katalon.core.main.TestCaseExecutor.runScript(TestCaseExecutor.java:442)
	at com.kms.katalon.core.main.TestCaseExecutor.doExecute(TestCaseExecutor.java:433)
	at com.kms.katalon.core.main.TestCaseExecutor.processExecutionPhase(TestCaseExecutor.java:412)
	at com.kms.katalon.core.main.TestCaseExecutor.accessMainPhase(TestCaseExecutor.java:404)
	at com.kms.katalon.core.main.TestCaseExecutor.execute(TestCaseExecutor.java:281)
	at com.kms.katalon.core.main.TestCaseExecutor.execute(TestCaseExecutor.java:363)
	at com.kms.katalon.core.main.TestCaseExecutor.execute(TestCaseExecutor.java:363)
	at com.kms.katalon.core.main.TestCaseExecutor.execute(TestCaseExecutor.java:363)
	at com.kms.katalon.core.main.TestSuiteExecutor.accessTestCaseMainPhase(TestSuiteExecutor.java:202)
	at com.kms.katalon.core.main.TestSuiteExecutor.accessTestSuiteMainPhase(TestSuiteExecutor.java:164)
	at com.kms.katalon.core.main.TestSuiteExecutor.execute(TestSuiteExecutor.java:105)
	at com.kms.katalon.core.main.TestCaseMain.startTestSuite(TestCaseMain.java:181)
	at com.kms.katalon.core.main.TestCaseMain$startTestSuite$0.call(Unknown Source)
	at TempTestSuite1642174516033.run(TempTestSuite1642174516033.groovy:36)
Caused by: com.kms.katalon.core.webui.exception.WebElementNotFoundException: Web element with id: 'Object Repository/Page_Forum 1/i_Subscribe to this discussion_icon fa fa-e_f628f6' located by '//a[@id='yui_3_17_2_1_1641986967470_501']/i' not found
	at com.kms.katalon.core.webui.common.WebUiCommonHelper.findWebElement(WebUiCommonHelper.java:1368)
	at com.kms.katalon.core.webui.keyword.internal.WebUIAbstractKeyword.findWebElement(WebUIAbstractKeyword.groovy:27)
	at com.kms.katalon.core.webui.keyword.builtin.ClickKeyword$_click_closure1.doCall(ClickKeyword.groovy:65)
	at com.kms.katalon.core.webui.keyword.builtin.ClickKeyword$_click_closure1.call(ClickKeyword.groovy)
	at com.kms.katalon.core.webui.keyword.internal.WebUIKeywordMain.runKeyword(WebUIKeywordMain.groovy:20)
	... 22 more]]></system-err>
      </testcase>
      <testcase name="Test Cases/40_Admin thêm danh mục với tên trống" time="12.633" classname="Test Cases/40_Admin thêm danh mục với tên trống" status="PASSED">
         <system-out><![CDATA[2022-01-14 23:08:43 - [TEST_CASE][PASSED] - Test Cases/40_Admin thêm danh mục với tên trống: Test Cases/40_Admin thêm danh mục với tên trống

2022-01-14 23:08:43 - [TEST_STEP][PASSED] - openBrowser(""): Browser is opened with url: ''

2022-01-14 23:08:43 - [MESSAGE][WARNING] - A browser is already opened. Closing browser and opening a new one

2022-01-14 23:08:44 - [MESSAGE][INFO] - Starting 'Chrome' driver

2022-01-14 23:08:44 - [MESSAGE][INFO] - Action delay is set to 0 milliseconds

2022-01-14 23:08:45 - [MESSAGE][PASSED] - Browser is opened with url: ''

2022-01-14 23:08:45 - [TEST_STEP][PASSED] - navigateToUrl("http://localhost/"): Navigate to 'http://localhost/' successfully

2022-01-14 23:08:45 - [MESSAGE][PASSED] - Navigate to 'http://localhost/' successfully

2022-01-14 23:08:45 - [TEST_STEP][PASSED] - click(findTestObject("Object Repository/Page_HCMUS/a_Log in")): Object: 'Object Repository/Page_HCMUS/a_Log in' is clicked on

2022-01-14 23:08:46 - [MESSAGE][PASSED] - Object: 'Object Repository/Page_HCMUS/a_Log in' is clicked on

2022-01-14 23:08:46 - [TEST_STEP][PASSED] - setText(findTestObject("Object Repository/Page_HCMUS Log in to the site/input_Username_username"), "admin"): Text 'admin' is set on object 'Object Repository/Page_HCMUS Log in to the site/input_Username_username'

2022-01-14 23:08:47 - [MESSAGE][PASSED] - Text 'admin' is set on object 'Object Repository/Page_HCMUS Log in to the site/input_Username_username'

2022-01-14 23:08:47 - [TEST_STEP][PASSED] - setEncryptedText(findTestObject("Object Repository/Page_HCMUS Log in to the site/input_Password_password"), "5MU2PI2jvJCK/lBTYOwt6g=="): Text ****** has been set on object 'Object Repository/Page_HCMUS Log in to the site/input_Password_password'

2022-01-14 23:08:47 - [MESSAGE][PASSED] - Text ****** has been set on object 'Object Repository/Page_HCMUS Log in to the site/input_Password_password'

2022-01-14 23:08:47 - [TEST_STEP][PASSED] - click(findTestObject("Object Repository/Page_HCMUS Log in to the site/button_Log in")): Object: 'Object Repository/Page_HCMUS Log in to the site/button_Log in' is clicked on

2022-01-14 23:08:49 - [MESSAGE][PASSED] - Object: 'Object Repository/Page_HCMUS Log in to the site/button_Log in' is clicked on

2022-01-14 23:08:49 - [TEST_STEP][PASSED] - click(findTestObject("Object Repository/Page_Dashboard/span_Site administration")): Object: 'Object Repository/Page_Dashboard/span_Site administration' is clicked on

2022-01-14 23:08:51 - [MESSAGE][PASSED] - Object: 'Object Repository/Page_Dashboard/span_Site administration' is clicked on

2022-01-14 23:08:51 - [TEST_STEP][PASSED] - click(findTestObject("Object Repository/Page_KHTN Administration Search/a_Courses")): Object: 'Object Repository/Page_KHTN Administration Search/a_Courses' is clicked on

2022-01-14 23:08:51 - [MESSAGE][PASSED] - Object: 'Object Repository/Page_KHTN Administration Search/a_Courses' is clicked on

2022-01-14 23:08:51 - [TEST_STEP][PASSED] - click(findTestObject("Object Repository/Page_KHTN Administration Search/a_Add a category")): Object: 'Object Repository/Page_KHTN Administration Search/a_Add a category' is clicked on

2022-01-14 23:08:52 - [MESSAGE][PASSED] - Object: 'Object Repository/Page_KHTN Administration Search/a_Add a category' is clicked on

2022-01-14 23:08:52 - [TEST_STEP][PASSED] - click(findTestObject("Object Repository/Page_KHTN Add new category/input_Description_submitbutton")): Object: 'Object Repository/Page_KHTN Add new category/input_Description_submitbutton' is clicked on

2022-01-14 23:08:54 - [MESSAGE][PASSED] - Object: 'Object Repository/Page_KHTN Add new category/input_Description_submitbutton' is clicked on

2022-01-14 23:08:54 - [TEST_STEP][PASSED] - verifyElementText(findTestObject("Object Repository/Page_KHTN Add new category/div_Required"), "Required"): Actual text and expected text of test object 'Object Repository/Page_KHTN Add new category/div_Required' are matched.

2022-01-14 23:08:55 - [MESSAGE][PASSED] - Actual text and expected text of test object 'Object Repository/Page_KHTN Add new category/div_Required' are matched.

2022-01-14 23:08:55 - [TEST_STEP][PASSED] - closeBrowser(): Browser is closed

2022-01-14 23:08:55 - [MESSAGE][PASSED] - Browser is closed]]></system-out>
         <system-err><![CDATA[]]></system-err>
      </testcase>
      <testcase name="Test Cases/41_Admin thêm danh mục với thông tin chính xác" time="11.847" classname="Test Cases/41_Admin thêm danh mục với thông tin chính xác" status="PASSED">
         <system-out><![CDATA[2022-01-14 23:08:55 - [TEST_CASE][PASSED] - Test Cases/41_Admin thêm danh mục với thông tin chính xác: Test Cases/41_Admin thêm danh mục với thông tin chính xác

2022-01-14 23:08:56 - [TEST_STEP][PASSED] - openBrowser(""): Browser is opened with url: ''

2022-01-14 23:08:56 - [MESSAGE][INFO] - Starting 'Chrome' driver

2022-01-14 23:08:56 - [MESSAGE][INFO] - Action delay is set to 0 milliseconds

2022-01-14 23:08:57 - [MESSAGE][PASSED] - Browser is opened with url: ''

2022-01-14 23:08:57 - [TEST_STEP][PASSED] - navigateToUrl("http://localhost/"): Navigate to 'http://localhost/' successfully

2022-01-14 23:08:57 - [MESSAGE][PASSED] - Navigate to 'http://localhost/' successfully

2022-01-14 23:08:57 - [TEST_STEP][PASSED] - click(findTestObject("Object Repository/Page_HCMUS/a_Log in")): Object: 'Object Repository/Page_HCMUS/a_Log in' is clicked on

2022-01-14 23:08:58 - [MESSAGE][PASSED] - Object: 'Object Repository/Page_HCMUS/a_Log in' is clicked on

2022-01-14 23:08:58 - [TEST_STEP][PASSED] - setText(findTestObject("Object Repository/Page_HCMUS Log in to the site/input_Username_username"), "admin"): Text 'admin' is set on object 'Object Repository/Page_HCMUS Log in to the site/input_Username_username'

2022-01-14 23:08:59 - [MESSAGE][PASSED] - Text 'admin' is set on object 'Object Repository/Page_HCMUS Log in to the site/input_Username_username'

2022-01-14 23:08:59 - [TEST_STEP][PASSED] - setEncryptedText(findTestObject("Object Repository/Page_HCMUS Log in to the site/input_Password_password"), "5MU2PI2jvJCK/lBTYOwt6g=="): Text ****** has been set on object 'Object Repository/Page_HCMUS Log in to the site/input_Password_password'

2022-01-14 23:08:59 - [MESSAGE][PASSED] - Text ****** has been set on object 'Object Repository/Page_HCMUS Log in to the site/input_Password_password'

2022-01-14 23:08:59 - [TEST_STEP][PASSED] - click(findTestObject("Object Repository/Page_HCMUS Log in to the site/button_Log in")): Object: 'Object Repository/Page_HCMUS Log in to the site/button_Log in' is clicked on

2022-01-14 23:09:00 - [MESSAGE][PASSED] - Object: 'Object Repository/Page_HCMUS Log in to the site/button_Log in' is clicked on

2022-01-14 23:09:00 - [TEST_STEP][PASSED] - click(findTestObject("Object Repository/Page_Dashboard/span_Site administration")): Object: 'Object Repository/Page_Dashboard/span_Site administration' is clicked on

2022-01-14 23:09:02 - [MESSAGE][PASSED] - Object: 'Object Repository/Page_Dashboard/span_Site administration' is clicked on

2022-01-14 23:09:02 - [TEST_STEP][PASSED] - click(findTestObject("Object Repository/Page_KHTN Administration Search/a_Courses")): Object: 'Object Repository/Page_KHTN Administration Search/a_Courses' is clicked on

2022-01-14 23:09:02 - [MESSAGE][PASSED] - Object: 'Object Repository/Page_KHTN Administration Search/a_Courses' is clicked on

2022-01-14 23:09:02 - [TEST_STEP][PASSED] - click(findTestObject("Object Repository/Page_KHTN Administration Search/a_Add a category")): Object: 'Object Repository/Page_KHTN Administration Search/a_Add a category' is clicked on

2022-01-14 23:09:04 - [MESSAGE][PASSED] - Object: 'Object Repository/Page_KHTN Administration Search/a_Add a category' is clicked on

2022-01-14 23:09:04 - [TEST_STEP][PASSED] - setText(findTestObject("Object Repository/Page_KHTN Add new category/input_Category name_name"), "IT"): Text 'IT' is set on object 'Object Repository/Page_KHTN Add new category/input_Category name_name'

2022-01-14 23:09:05 - [MESSAGE][PASSED] - Text 'IT' is set on object 'Object Repository/Page_KHTN Add new category/input_Category name_name'

2022-01-14 23:09:05 - [TEST_STEP][PASSED] - click(findTestObject("Object Repository/Page_KHTN Add new category/input_Description_submitbutton")): Object: 'Object Repository/Page_KHTN Add new category/input_Description_submitbutton' is clicked on

2022-01-14 23:09:06 - [MESSAGE][PASSED] - Object: 'Object Repository/Page_KHTN Add new category/input_Description_submitbutton' is clicked on

2022-01-14 23:09:06 - [TEST_STEP][PASSED] - verifyElementText(findTestObject("Object Repository/Page_Course and category management/a_IT"), "IT"): Actual text and expected text of test object 'Object Repository/Page_Course and category management/a_IT' are matched.

2022-01-14 23:09:07 - [MESSAGE][PASSED] - Actual text and expected text of test object 'Object Repository/Page_Course and category management/a_IT' are matched.

2022-01-14 23:09:07 - [TEST_STEP][PASSED] - closeBrowser(): Browser is closed

2022-01-14 23:09:07 - [MESSAGE][PASSED] - Browser is closed]]></system-out>
         <system-err><![CDATA[]]></system-err>
      </testcase>
      <testcase name="Test Cases/42_Sinh viên trả lời một cuộc thảo luận trong diễn đàn" time="40.695" classname="Test Cases/42_Sinh viên trả lời một cuộc thảo luận trong diễn đàn" status="FAILED">
         <failure type="FAILED" message="Test Cases/42_Sinh viên trả lời một cuộc thảo luận trong diễn đàn FAILED.
Reason:
com.kms.katalon.core.exception.StepFailedException: Unable to click on object 'Object Repository/Page_Forum 1/a_Topic 1'
	at com.kms.katalon.core.webui.keyword.internal.WebUIKeywordMain.stepFailed(WebUIKeywordMain.groovy:64)
	at com.kms.katalon.core.webui.keyword.internal.WebUIKeywordMain.runKeyword(WebUIKeywordMain.groovy:26)
	at com.kms.katalon.core.webui.keyword.builtin.ClickKeyword.click(ClickKeyword.groovy:74)
	at com.kms.katalon.core.webui.keyword.builtin.ClickKeyword.execute(ClickKeyword.groovy:40)
	at com.kms.katalon.core.keyword.internal.KeywordExecutor.executeKeywordForPlatform(KeywordExecutor.groovy:74)
	at com.kms.katalon.core.webui.keyword.WebUiBuiltInKeywords.click(WebUiBuiltInKeywords.groovy:620)
	at com.kms.katalon.core.webui.keyword.WebUiBuiltInKeywords$click$1.call(Unknown Source)
	at 42_Sinh viên trả lời một cuộc thảo luận trong diễn đàn.run(42_Sinh viên trả lời một cuộc thảo luận trong diễn đàn:42)
	at com.kms.katalon.core.main.ScriptEngine.run(ScriptEngine.java:194)
	at com.kms.katalon.core.main.ScriptEngine.runScriptAsRawText(ScriptEngine.java:119)
	at com.kms.katalon.core.main.TestCaseExecutor.runScript(TestCaseExecutor.java:442)
	at com.kms.katalon.core.main.TestCaseExecutor.doExecute(TestCaseExecutor.java:433)
	at com.kms.katalon.core.main.TestCaseExecutor.processExecutionPhase(TestCaseExecutor.java:412)
	at com.kms.katalon.core.main.TestCaseExecutor.accessMainPhase(TestCaseExecutor.java:404)
	at com.kms.katalon.core.main.TestCaseExecutor.execute(TestCaseExecutor.java:281)
	at com.kms.katalon.core.main.TestCaseExecutor.execute(TestCaseExecutor.java:363)
	at com.kms.katalon.core.main.TestCaseExecutor.execute(TestCaseExecutor.java:363)
	at com.kms.katalon.core.main.TestCaseExecutor.execute(TestCaseExecutor.java:363)
	at com.kms.katalon.core.main.TestSuiteExecutor.accessTestCaseMainPhase(TestSuiteExecutor.java:202)
	at com.kms.katalon.core.main.TestSuiteExecutor.accessTestSuiteMainPhase(TestSuiteExecutor.java:164)
	at com.kms.katalon.core.main.TestSuiteExecutor.execute(TestSuiteExecutor.java:105)
	at com.kms.katalon.core.main.TestCaseMain.startTestSuite(TestCaseMain.java:181)
	at com.kms.katalon.core.main.TestCaseMain$startTestSuite$0.call(Unknown Source)
	at TempTestSuite1642174516033.run(TempTestSuite1642174516033.groovy:36)
Caused by: com.kms.katalon.core.webui.exception.WebElementNotFoundException: Web element with id: 'Object Repository/Page_Forum 1/a_Topic 1' located by '//a[@id='yui_3_17_2_1_1641988371525_492']' not found
	at com.kms.katalon.core.webui.common.WebUiCommonHelper.findWebElement(WebUiCommonHelper.java:1368)
	at com.kms.katalon.core.webui.keyword.internal.WebUIAbstractKeyword.findWebElement(WebUIAbstractKeyword.groovy:27)
	at com.kms.katalon.core.webui.keyword.builtin.ClickKeyword$_click_closure1.doCall(ClickKeyword.groovy:65)
	at com.kms.katalon.core.webui.keyword.builtin.ClickKeyword$_click_closure1.call(ClickKeyword.groovy)
	at com.kms.katalon.core.webui.keyword.internal.WebUIKeywordMain.runKeyword(WebUIKeywordMain.groovy:20)
	... 22 more
"/>
         <system-out><![CDATA[2022-01-14 23:10:47 - [TEST_CASE][FAILED] - Test Cases/42_Sinh viên trả lời một cuộc thảo luận trong diễn đàn: Test Cases/42_Sinh viên trả lời một cuộc thảo luận trong diễn đàn FAILED.
Reason:
com.kms.katalon.core.exception.StepFailedException: Unable to click on object 'Object Repository/Page_Forum 1/a_Topic 1'
	at com.kms.katalon.core.webui.keyword.internal.WebUIKeywordMain.stepFailed(WebUIKeywordMain.groovy:64)
	at com.kms.katalon.core.webui.keyword.internal.WebUIKeywordMain.runKeyword(WebUIKeywordMain.groovy:26)
	at com.kms.katalon.core.webui.keyword.builtin.ClickKeyword.click(ClickKeyword.groovy:74)
	at com.kms.katalon.core.webui.keyword.builtin.ClickKeyword.execute(ClickKeyword.groovy:40)
	at com.kms.katalon.core.keyword.internal.KeywordExecutor.executeKeywordForPlatform(KeywordExecutor.groovy:74)
	at com.kms.katalon.core.webui.keyword.WebUiBuiltInKeywords.click(WebUiBuiltInKeywords.groovy:620)
	at com.kms.katalon.core.webui.keyword.WebUiBuiltInKeywords$click$1.call(Unknown Source)
	at 42_Sinh viên trả lời một cuộc thảo luận trong diễn đàn.run(42_Sinh viên trả lời một cuộc thảo luận trong diễn đàn:42)
	at com.kms.katalon.core.main.ScriptEngine.run(ScriptEngine.java:194)
	at com.kms.katalon.core.main.ScriptEngine.runScriptAsRawText(ScriptEngine.java:119)
	at com.kms.katalon.core.main.TestCaseExecutor.runScript(TestCaseExecutor.java:442)
	at com.kms.katalon.core.main.TestCaseExecutor.doExecute(TestCaseExecutor.java:433)
	at com.kms.katalon.core.main.TestCaseExecutor.processExecutionPhase(TestCaseExecutor.java:412)
	at com.kms.katalon.core.main.TestCaseExecutor.accessMainPhase(TestCaseExecutor.java:404)
	at com.kms.katalon.core.main.TestCaseExecutor.execute(TestCaseExecutor.java:281)
	at com.kms.katalon.core.main.TestCaseExecutor.execute(TestCaseExecutor.java:363)
	at com.kms.katalon.core.main.TestCaseExecutor.execute(TestCaseExecutor.java:363)
	at com.kms.katalon.core.main.TestCaseExecutor.execute(TestCaseExecutor.java:363)
	at com.kms.katalon.core.main.TestSuiteExecutor.accessTestCaseMainPhase(TestSuiteExecutor.java:202)
	at com.kms.katalon.core.main.TestSuiteExecutor.accessTestSuiteMainPhase(TestSuiteExecutor.java:164)
	at com.kms.katalon.core.main.TestSuiteExecutor.execute(TestSuiteExecutor.java:105)
	at com.kms.katalon.core.main.TestCaseMain.startTestSuite(TestCaseMain.java:181)
	at com.kms.katalon.core.main.TestCaseMain$startTestSuite$0.call(Unknown Source)
	at TempTestSuite1642174516033.run(TempTestSuite1642174516033.groovy:36)
Caused by: com.kms.katalon.core.webui.exception.WebElementNotFoundException: Web element with id: 'Object Repository/Page_Forum 1/a_Topic 1' located by '//a[@id='yui_3_17_2_1_1641988371525_492']' not found
	at com.kms.katalon.core.webui.common.WebUiCommonHelper.findWebElement(WebUiCommonHelper.java:1368)
	at com.kms.katalon.core.webui.keyword.internal.WebUIAbstractKeyword.findWebElement(WebUIAbstractKeyword.groovy:27)
	at com.kms.katalon.core.webui.keyword.builtin.ClickKeyword$_click_closure1.doCall(ClickKeyword.groovy:65)
	at com.kms.katalon.core.webui.keyword.builtin.ClickKeyword$_click_closure1.call(ClickKeyword.groovy)
	at com.kms.katalon.core.webui.keyword.internal.WebUIKeywordMain.runKeyword(WebUIKeywordMain.groovy:20)
	... 22 more


2022-01-14 23:10:47 - [TEST_STEP][PASSED] - openBrowser(""): Browser is opened with url: ''

2022-01-14 23:10:47 - [MESSAGE][WARNING] - A browser is already opened. Closing browser and opening a new one

2022-01-14 23:10:48 - [MESSAGE][INFO] - Starting 'Chrome' driver

2022-01-14 23:10:48 - [MESSAGE][INFO] - Action delay is set to 0 milliseconds

2022-01-14 23:10:49 - [MESSAGE][PASSED] - Browser is opened with url: ''

2022-01-14 23:10:49 - [TEST_STEP][PASSED] - navigateToUrl("http://localhost/"): Navigate to 'http://localhost/' successfully

2022-01-14 23:10:50 - [MESSAGE][PASSED] - Navigate to 'http://localhost/' successfully

2022-01-14 23:10:50 - [TEST_STEP][PASSED] - click(findTestObject("Object Repository/Page_HCMUS/a_Log in")): Object: 'Object Repository/Page_HCMUS/a_Log in' is clicked on

2022-01-14 23:10:50 - [MESSAGE][PASSED] - Object: 'Object Repository/Page_HCMUS/a_Log in' is clicked on

2022-01-14 23:10:50 - [TEST_STEP][PASSED] - setText(findTestObject("Object Repository/Page_HCMUS Log in to the site/input_Username_username"), "student2"): Text 'student2' is set on object 'Object Repository/Page_HCMUS Log in to the site/input_Username_username'

2022-01-14 23:10:51 - [MESSAGE][PASSED] - Text 'student2' is set on object 'Object Repository/Page_HCMUS Log in to the site/input_Username_username'

2022-01-14 23:10:51 - [TEST_STEP][PASSED] - setEncryptedText(findTestObject("Object Repository/Page_HCMUS Log in to the site/input_Password_password"), "xsue+lrReh4l5AYY/zkcYA=="): Text ****** has been set on object 'Object Repository/Page_HCMUS Log in to the site/input_Password_password'

2022-01-14 23:10:51 - [MESSAGE][PASSED] - Text ****** has been set on object 'Object Repository/Page_HCMUS Log in to the site/input_Password_password'

2022-01-14 23:10:51 - [TEST_STEP][PASSED] - click(findTestObject("Object Repository/Page_HCMUS Log in to the site/button_Log in")): Object: 'Object Repository/Page_HCMUS Log in to the site/button_Log in' is clicked on

2022-01-14 23:10:52 - [MESSAGE][PASSED] - Object: 'Object Repository/Page_HCMUS Log in to the site/button_Log in' is clicked on

2022-01-14 23:10:52 - [TEST_STEP][PASSED] - click(findTestObject("Object Repository/Page_Dashboard/span_Site home")): Object: 'Object Repository/Page_Dashboard/span_Site home' is clicked on

2022-01-14 23:10:54 - [MESSAGE][PASSED] - Object: 'Object Repository/Page_Dashboard/span_Site home' is clicked on

2022-01-14 23:10:54 - [TEST_STEP][PASSED] - click(findTestObject("Object Repository/Page_HCMUS/a_Nhp mn tr tu nhn to")): Object: 'Object Repository/Page_HCMUS/a_Nhp mn tr tu nhn to' is clicked on

2022-01-14 23:10:55 - [MESSAGE][PASSED] - Object: 'Object Repository/Page_HCMUS/a_Nhp mn tr tu nhn to' is clicked on

2022-01-14 23:10:55 - [TEST_STEP][PASSED] - click(findTestObject("Object Repository/Page_Course Nhp mn tr tu nhn to/button_End tour"), OPTIONAL): Unable to click on object 'Object Repository/Page_Course Nhp mn tr tu nhn to/button_End tour' (Root cause: com.kms.katalon.core.exception.StepFailedException: Unable to click on object 'Object Repository/Page_Course Nhp mn tr tu nhn to/button_End tour'
	at com.kms.katalon.core.webui.keyword.internal.WebUIKeywordMain.stepFailed(WebUIKeywordMain.groovy:64)
	at com.kms.katalon.core.webui.keyword.internal.WebUIKeywordMain.runKeyword(WebUIKeywordMain.groovy:26)
	at com.kms.katalon.core.webui.keyword.builtin.ClickKeyword.click(ClickKeyword.groovy:74)
	at com.kms.katalon.core.webui.keyword.builtin.ClickKeyword.execute(ClickKeyword.groovy:40)
	at com.kms.katalon.core.keyword.internal.KeywordExecutor.executeKeywordForPlatform(KeywordExecutor.groovy:74)
	at com.kms.katalon.core.webui.keyword.WebUiBuiltInKeywords.click(WebUiBuiltInKeywords.groovy:608)
	at com.kms.katalon.core.webui.keyword.WebUiBuiltInKeywords$click$8.call(Unknown Source)
	at 42_Sinh viên trả lời một cuộc thảo luận trong diễn đàn.run(42_Sinh viên trả lời một cuộc thảo luận trong diễn đàn:36)
	at com.kms.katalon.core.main.ScriptEngine.run(ScriptEngine.java:194)
	at com.kms.katalon.core.main.ScriptEngine.runScriptAsRawText(ScriptEngine.java:119)
	at com.kms.katalon.core.main.TestCaseExecutor.runScript(TestCaseExecutor.java:442)
	at com.kms.katalon.core.main.TestCaseExecutor.doExecute(TestCaseExecutor.java:433)
	at com.kms.katalon.core.main.TestCaseExecutor.processExecutionPhase(TestCaseExecutor.java:412)
	at com.kms.katalon.core.main.TestCaseExecutor.accessMainPhase(TestCaseExecutor.java:404)
	at com.kms.katalon.core.main.TestCaseExecutor.execute(TestCaseExecutor.java:281)
	at com.kms.katalon.core.main.TestCaseExecutor.execute(TestCaseExecutor.java:363)
	at com.kms.katalon.core.main.TestCaseExecutor.execute(TestCaseExecutor.java:363)
	at com.kms.katalon.core.main.TestCaseExecutor.execute(TestCaseExecutor.java:363)
	at com.kms.katalon.core.main.TestSuiteExecutor.accessTestCaseMainPhase(TestSuiteExecutor.java:202)
	at com.kms.katalon.core.main.TestSuiteExecutor.accessTestSuiteMainPhase(TestSuiteExecutor.java:164)
	at com.kms.katalon.core.main.TestSuiteExecutor.execute(TestSuiteExecutor.java:105)
	at com.kms.katalon.core.main.TestCaseMain.startTestSuite(TestCaseMain.java:181)
	at com.kms.katalon.core.main.TestCaseMain$startTestSuite$0.call(Unknown Source)
	at TempTestSuite1642174516033.run(TempTestSuite1642174516033.groovy:36)
Caused by: com.kms.katalon.core.webui.exception.WebElementNotFoundException: Web element with id: 'Object Repository/Page_Course Nhp mn tr tu nhn to/button_End tour' located by '//span[@id='tour-step-tool_usertours_4_2_1620109487-0']/div/div/div[4]/button[3]' not found
	at com.kms.katalon.core.webui.common.WebUiCommonHelper.findWebElement(WebUiCommonHelper.java:1368)
	at com.kms.katalon.core.webui.keyword.internal.WebUIAbstractKeyword.findWebElement(WebUIAbstractKeyword.groovy:27)
	at com.kms.katalon.core.webui.keyword.builtin.ClickKeyword$_click_closure1.doCall(ClickKeyword.groovy:65)
	at com.kms.katalon.core.webui.keyword.builtin.ClickKeyword$_click_closure1.call(ClickKeyword.groovy)
	at com.kms.katalon.core.webui.keyword.internal.WebUIKeywordMain.runKeyword(WebUIKeywordMain.groovy:20)
	at com.kms.katalon.core.webui.keyword.builtin.ClickKeyword.click(ClickKeyword.groovy:74)
	at com.kms.katalon.core.webui.keyword.builtin.ClickKeyword.execute(ClickKeyword.groovy:40)
	at com.kms.katalon.core.keyword.internal.KeywordExecutor.executeKeywordForPlatform(KeywordExecutor.groovy:74)
	at com.kms.katalon.core.webui.keyword.WebUiBuiltInKeywords.click(WebUiBuiltInKeywords.groovy:608)
	at com.kms.katalon.core.webui.keyword.WebUiBuiltInKeywords$click$8.call(Unknown Source)
	at Script1641988433761.run(Script1641988433761.groovy:36)
	... 16 more
)

2022-01-14 23:11:01 - [MESSAGE][INFO] - Unable to find the element located by 'By.xpath: //span[@id='tour-step-tool_usertours_4_2_1620109487-0']/div/div/div[4]/button[3]'. Please recheck the objects properties to make sure the desired element is located. 

2022-01-14 23:11:01 - [MESSAGE][WARNING] - [SELF-HEALING] Failed to find element with id 'Object Repository/Page_Course Nhp mn tr tu nhn to/button_End tour'. Try using Self-healing.

2022-01-14 23:11:02 - [MESSAGE][INFO] - Unable to find the element located by 'By.xpath: (.//*[normalize-space(text()) and normalize-space(.)='Next'])[1]/following::button[1]'. Please recheck the objects properties to make sure the desired element is located. 

2022-01-14 23:11:02 - [MESSAGE][INFO] - [SELF-HEALING] Failed Locator: '//span[@id='tour-step-tool_usertours_4_2_1620109487-0']/div/div/div[4]/button[3]'.

2022-01-14 23:11:02 - [MESSAGE][INFO] - [SELF-HEALING] Failed Locator: '(.//*[normalize-space(text()) and normalize-space(.)='Next'])[1]/following::button[1]'.

2022-01-14 23:11:03 - [MESSAGE][INFO] - [SELF-HEALING] Failed Locator: '(.//*[normalize-space(text()) and normalize-space(.)='Previous'])[1]/following::button[2]'.

2022-01-14 23:11:03 - [MESSAGE][INFO] - [SELF-HEALING] Failed Locator: '//*/text()[normalize-space(.)='End tour']/parent::*'.

2022-01-14 23:11:03 - [MESSAGE][INFO] - [SELF-HEALING] Failed Locator: '//div[4]/button[3]'.

2022-01-14 23:11:03 - [MESSAGE][INFO] - [SELF-HEALING] Failed Locator: '//span[@id='tour-step-tool_usertours_8_2_1620109487-0']/div/div/div[4]/button[3]'.

2022-01-14 23:11:03 - [MESSAGE][INFO] - [SELF-HEALING] Failed Locator: '//span[@id='tour-step-tool_usertours_16_1_1620109487-0']/div/div/div[4]/button[3]'.

2022-01-14 23:11:05 - [MESSAGE][INFO] - Unable to find the element located by 'By.xpath: //*[(text() = ' End tour ' or . = ' End tour ')]'. Please recheck the objects properties to make sure the desired element is located. 

2022-01-14 23:11:06 - [MESSAGE][INFO] - Unable to find the element located by 'By.cssSelector: '. Please recheck the objects properties to make sure the desired element is located. 

2022-01-14 23:11:06 - [MESSAGE][WARNING] - Unable to click on object 'Object Repository/Page_Course Nhp mn tr tu nhn to/button_End tour' (Root cause: com.kms.katalon.core.exception.StepFailedException: Unable to click on object 'Object Repository/Page_Course Nhp mn tr tu nhn to/button_End tour'
	at com.kms.katalon.core.webui.keyword.internal.WebUIKeywordMain.stepFailed(WebUIKeywordMain.groovy:64)
	at com.kms.katalon.core.webui.keyword.internal.WebUIKeywordMain.runKeyword(WebUIKeywordMain.groovy:26)
	at com.kms.katalon.core.webui.keyword.builtin.ClickKeyword.click(ClickKeyword.groovy:74)
	at com.kms.katalon.core.webui.keyword.builtin.ClickKeyword.execute(ClickKeyword.groovy:40)
	at com.kms.katalon.core.keyword.internal.KeywordExecutor.executeKeywordForPlatform(KeywordExecutor.groovy:74)
	at com.kms.katalon.core.webui.keyword.WebUiBuiltInKeywords.click(WebUiBuiltInKeywords.groovy:608)
	at com.kms.katalon.core.webui.keyword.WebUiBuiltInKeywords$click$8.call(Unknown Source)
	at 42_Sinh viên trả lời một cuộc thảo luận trong diễn đàn.run(42_Sinh viên trả lời một cuộc thảo luận trong diễn đàn:36)
	at com.kms.katalon.core.main.ScriptEngine.run(ScriptEngine.java:194)
	at com.kms.katalon.core.main.ScriptEngine.runScriptAsRawText(ScriptEngine.java:119)
	at com.kms.katalon.core.main.TestCaseExecutor.runScript(TestCaseExecutor.java:442)
	at com.kms.katalon.core.main.TestCaseExecutor.doExecute(TestCaseExecutor.java:433)
	at com.kms.katalon.core.main.TestCaseExecutor.processExecutionPhase(TestCaseExecutor.java:412)
	at com.kms.katalon.core.main.TestCaseExecutor.accessMainPhase(TestCaseExecutor.java:404)
	at com.kms.katalon.core.main.TestCaseExecutor.execute(TestCaseExecutor.java:281)
	at com.kms.katalon.core.main.TestCaseExecutor.execute(TestCaseExecutor.java:363)
	at com.kms.katalon.core.main.TestCaseExecutor.execute(TestCaseExecutor.java:363)
	at com.kms.katalon.core.main.TestCaseExecutor.execute(TestCaseExecutor.java:363)
	at com.kms.katalon.core.main.TestSuiteExecutor.accessTestCaseMainPhase(TestSuiteExecutor.java:202)
	at com.kms.katalon.core.main.TestSuiteExecutor.accessTestSuiteMainPhase(TestSuiteExecutor.java:164)
	at com.kms.katalon.core.main.TestSuiteExecutor.execute(TestSuiteExecutor.java:105)
	at com.kms.katalon.core.main.TestCaseMain.startTestSuite(TestCaseMain.java:181)
	at com.kms.katalon.core.main.TestCaseMain$startTestSuite$0.call(Unknown Source)
	at TempTestSuite1642174516033.run(TempTestSuite1642174516033.groovy:36)
Caused by: com.kms.katalon.core.webui.exception.WebElementNotFoundException: Web element with id: 'Object Repository/Page_Course Nhp mn tr tu nhn to/button_End tour' located by '//span[@id='tour-step-tool_usertours_4_2_1620109487-0']/div/div/div[4]/button[3]' not found
	at com.kms.katalon.core.webui.common.WebUiCommonHelper.findWebElement(WebUiCommonHelper.java:1368)
	at com.kms.katalon.core.webui.keyword.internal.WebUIAbstractKeyword.findWebElement(WebUIAbstractKeyword.groovy:27)
	at com.kms.katalon.core.webui.keyword.builtin.ClickKeyword$_click_closure1.doCall(ClickKeyword.groovy:65)
	at com.kms.katalon.core.webui.keyword.builtin.ClickKeyword$_click_closure1.call(ClickKeyword.groovy)
	at com.kms.katalon.core.webui.keyword.internal.WebUIKeywordMain.runKeyword(WebUIKeywordMain.groovy:20)
	at com.kms.katalon.core.webui.keyword.builtin.ClickKeyword.click(ClickKeyword.groovy:74)
	at com.kms.katalon.core.webui.keyword.builtin.ClickKeyword.execute(ClickKeyword.groovy:40)
	at com.kms.katalon.core.keyword.internal.KeywordExecutor.executeKeywordForPlatform(KeywordExecutor.groovy:74)
	at com.kms.katalon.core.webui.keyword.WebUiBuiltInKeywords.click(WebUiBuiltInKeywords.groovy:608)
	at com.kms.katalon.core.webui.keyword.WebUiBuiltInKeywords$click$8.call(Unknown Source)
	at Script1641988433761.run(Script1641988433761.groovy:36)
	... 16 more
)
[[ATTACHMENT|D:\\nam 3\\nhap mon CNPM\\bonus project\\Test-Automation-SE-Bonus\\Reports\\20220114_223516\\Run all test cases\\20220114_223516\\1642176666216.png]]

2022-01-14 23:11:06 - [TEST_STEP][PASSED] - click(findTestObject("Object Repository/Page_Course Nhp mn tr tu nhn to/span_Forum 1")): Object: 'Object Repository/Page_Course Nhp mn tr tu nhn to/span_Forum 1' is clicked on

2022-01-14 23:11:06 - [MESSAGE][PASSED] - Object: 'Object Repository/Page_Course Nhp mn tr tu nhn to/span_Forum 1' is clicked on

2022-01-14 23:11:06 - [TEST_STEP][PASSED] - click(findTestObject("Object Repository/Page_Forum 1/button_End tour"), OPTIONAL): Unable to click on object 'Object Repository/Page_Forum 1/button_End tour' (Root cause: com.kms.katalon.core.exception.StepFailedException: Unable to click on object 'Object Repository/Page_Forum 1/button_End tour'
	at com.kms.katalon.core.webui.keyword.internal.WebUIKeywordMain.stepFailed(WebUIKeywordMain.groovy:64)
	at com.kms.katalon.core.webui.keyword.internal.WebUIKeywordMain.runKeyword(WebUIKeywordMain.groovy:26)
	at com.kms.katalon.core.webui.keyword.builtin.ClickKeyword.click(ClickKeyword.groovy:74)
	at com.kms.katalon.core.webui.keyword.builtin.ClickKeyword.execute(ClickKeyword.groovy:40)
	at com.kms.katalon.core.keyword.internal.KeywordExecutor.executeKeywordForPlatform(KeywordExecutor.groovy:74)
	at com.kms.katalon.core.webui.keyword.WebUiBuiltInKeywords.click(WebUiBuiltInKeywords.groovy:608)
	at com.kms.katalon.core.webui.keyword.WebUiBuiltInKeywords$click$8.call(Unknown Source)
	at 42_Sinh viên trả lời một cuộc thảo luận trong diễn đàn.run(42_Sinh viên trả lời một cuộc thảo luận trong diễn đàn:40)
	at com.kms.katalon.core.main.ScriptEngine.run(ScriptEngine.java:194)
	at com.kms.katalon.core.main.ScriptEngine.runScriptAsRawText(ScriptEngine.java:119)
	at com.kms.katalon.core.main.TestCaseExecutor.runScript(TestCaseExecutor.java:442)
	at com.kms.katalon.core.main.TestCaseExecutor.doExecute(TestCaseExecutor.java:433)
	at com.kms.katalon.core.main.TestCaseExecutor.processExecutionPhase(TestCaseExecutor.java:412)
	at com.kms.katalon.core.main.TestCaseExecutor.accessMainPhase(TestCaseExecutor.java:404)
	at com.kms.katalon.core.main.TestCaseExecutor.execute(TestCaseExecutor.java:281)
	at com.kms.katalon.core.main.TestCaseExecutor.execute(TestCaseExecutor.java:363)
	at com.kms.katalon.core.main.TestCaseExecutor.execute(TestCaseExecutor.java:363)
	at com.kms.katalon.core.main.TestCaseExecutor.execute(TestCaseExecutor.java:363)
	at com.kms.katalon.core.main.TestSuiteExecutor.accessTestCaseMainPhase(TestSuiteExecutor.java:202)
	at com.kms.katalon.core.main.TestSuiteExecutor.accessTestSuiteMainPhase(TestSuiteExecutor.java:164)
	at com.kms.katalon.core.main.TestSuiteExecutor.execute(TestSuiteExecutor.java:105)
	at com.kms.katalon.core.main.TestCaseMain.startTestSuite(TestCaseMain.java:181)
	at com.kms.katalon.core.main.TestCaseMain$startTestSuite$0.call(Unknown Source)
	at TempTestSuite1642174516033.run(TempTestSuite1642174516033.groovy:36)
Caused by: com.kms.katalon.core.webui.exception.WebElementNotFoundException: Web element with id: 'Object Repository/Page_Forum 1/button_End tour' located by '//button[@id='yui_3_17_2_1_1641988309066_485']' not found
	at com.kms.katalon.core.webui.common.WebUiCommonHelper.findWebElement(WebUiCommonHelper.java:1368)
	at com.kms.katalon.core.webui.keyword.internal.WebUIAbstractKeyword.findWebElement(WebUIAbstractKeyword.groovy:27)
	at com.kms.katalon.core.webui.keyword.builtin.ClickKeyword$_click_closure1.doCall(ClickKeyword.groovy:65)
	at com.kms.katalon.core.webui.keyword.builtin.ClickKeyword$_click_closure1.call(ClickKeyword.groovy)
	at com.kms.katalon.core.webui.keyword.internal.WebUIKeywordMain.runKeyword(WebUIKeywordMain.groovy:20)
	at com.kms.katalon.core.webui.keyword.builtin.ClickKeyword.click(ClickKeyword.groovy:74)
	at com.kms.katalon.core.webui.keyword.builtin.ClickKeyword.execute(ClickKeyword.groovy:40)
	at com.kms.katalon.core.keyword.internal.KeywordExecutor.executeKeywordForPlatform(KeywordExecutor.groovy:74)
	at com.kms.katalon.core.webui.keyword.WebUiBuiltInKeywords.click(WebUiBuiltInKeywords.groovy:608)
	at com.kms.katalon.core.webui.keyword.WebUiBuiltInKeywords$click$8.call(Unknown Source)
	at Script1641988433761.run(Script1641988433761.groovy:40)
	... 16 more
)

2022-01-14 23:11:13 - [MESSAGE][INFO] - Unable to find the element located by 'By.xpath: //button[@id='yui_3_17_2_1_1641988309066_485']'. Please recheck the objects properties to make sure the desired element is located. 

2022-01-14 23:11:13 - [MESSAGE][WARNING] - [SELF-HEALING] Failed to find element with id 'Object Repository/Page_Forum 1/button_End tour'. Try using Self-healing.

2022-01-14 23:11:14 - [MESSAGE][INFO] - Unable to find the element located by 'By.xpath: (.//*[normalize-space(text()) and normalize-space(.)='Next'])[1]/following::button[1]'. Please recheck the objects properties to make sure the desired element is located. 

2022-01-14 23:11:14 - [MESSAGE][INFO] - [SELF-HEALING] Failed Locator: '//button[@id='yui_3_17_2_1_1641988309066_485']'.

2022-01-14 23:11:14 - [MESSAGE][INFO] - [SELF-HEALING] Failed Locator: '//div[@id='yui_3_17_2_1_1641988309066_486']/button[3]'.

2022-01-14 23:11:14 - [MESSAGE][INFO] - [SELF-HEALING] Failed Locator: '(.//*[normalize-space(text()) and normalize-space(.)='Next'])[1]/following::button[1]'.

2022-01-14 23:11:15 - [MESSAGE][INFO] - [SELF-HEALING] Failed Locator: '(.//*[normalize-space(text()) and normalize-space(.)='Previous'])[1]/following::button[2]'.

2022-01-14 23:11:15 - [MESSAGE][INFO] - [SELF-HEALING] Failed Locator: '//*/text()[normalize-space(.)='End tour']/parent::*'.

2022-01-14 23:11:15 - [MESSAGE][INFO] - [SELF-HEALING] Failed Locator: '//div[4]/button[3]'.

2022-01-14 23:11:16 - [MESSAGE][INFO] - Unable to find the element located by 'By.xpath: //*[@id = 'yui_3_17_2_1_1641988309066_485' and (text() = ' End tour ' or . = ' End tour ')]'. Please recheck the objects properties to make sure the desired element is located. 

2022-01-14 23:11:17 - [MESSAGE][INFO] - Unable to find the element located by 'By.cssSelector: #yui_3_17_2_1_1641988309066_485'. Please recheck the objects properties to make sure the desired element is located. 

2022-01-14 23:11:17 - [MESSAGE][WARNING] - Unable to click on object 'Object Repository/Page_Forum 1/button_End tour' (Root cause: com.kms.katalon.core.exception.StepFailedException: Unable to click on object 'Object Repository/Page_Forum 1/button_End tour'
	at com.kms.katalon.core.webui.keyword.internal.WebUIKeywordMain.stepFailed(WebUIKeywordMain.groovy:64)
	at com.kms.katalon.core.webui.keyword.internal.WebUIKeywordMain.runKeyword(WebUIKeywordMain.groovy:26)
	at com.kms.katalon.core.webui.keyword.builtin.ClickKeyword.click(ClickKeyword.groovy:74)
	at com.kms.katalon.core.webui.keyword.builtin.ClickKeyword.execute(ClickKeyword.groovy:40)
	at com.kms.katalon.core.keyword.internal.KeywordExecutor.executeKeywordForPlatform(KeywordExecutor.groovy:74)
	at com.kms.katalon.core.webui.keyword.WebUiBuiltInKeywords.click(WebUiBuiltInKeywords.groovy:608)
	at com.kms.katalon.core.webui.keyword.WebUiBuiltInKeywords$click$8.call(Unknown Source)
	at 42_Sinh viên trả lời một cuộc thảo luận trong diễn đàn.run(42_Sinh viên trả lời một cuộc thảo luận trong diễn đàn:40)
	at com.kms.katalon.core.main.ScriptEngine.run(ScriptEngine.java:194)
	at com.kms.katalon.core.main.ScriptEngine.runScriptAsRawText(ScriptEngine.java:119)
	at com.kms.katalon.core.main.TestCaseExecutor.runScript(TestCaseExecutor.java:442)
	at com.kms.katalon.core.main.TestCaseExecutor.doExecute(TestCaseExecutor.java:433)
	at com.kms.katalon.core.main.TestCaseExecutor.processExecutionPhase(TestCaseExecutor.java:412)
	at com.kms.katalon.core.main.TestCaseExecutor.accessMainPhase(TestCaseExecutor.java:404)
	at com.kms.katalon.core.main.TestCaseExecutor.execute(TestCaseExecutor.java:281)
	at com.kms.katalon.core.main.TestCaseExecutor.execute(TestCaseExecutor.java:363)
	at com.kms.katalon.core.main.TestCaseExecutor.execute(TestCaseExecutor.java:363)
	at com.kms.katalon.core.main.TestCaseExecutor.execute(TestCaseExecutor.java:363)
	at com.kms.katalon.core.main.TestSuiteExecutor.accessTestCaseMainPhase(TestSuiteExecutor.java:202)
	at com.kms.katalon.core.main.TestSuiteExecutor.accessTestSuiteMainPhase(TestSuiteExecutor.java:164)
	at com.kms.katalon.core.main.TestSuiteExecutor.execute(TestSuiteExecutor.java:105)
	at com.kms.katalon.core.main.TestCaseMain.startTestSuite(TestCaseMain.java:181)
	at com.kms.katalon.core.main.TestCaseMain$startTestSuite$0.call(Unknown Source)
	at TempTestSuite1642174516033.run(TempTestSuite1642174516033.groovy:36)
Caused by: com.kms.katalon.core.webui.exception.WebElementNotFoundException: Web element with id: 'Object Repository/Page_Forum 1/button_End tour' located by '//button[@id='yui_3_17_2_1_1641988309066_485']' not found
	at com.kms.katalon.core.webui.common.WebUiCommonHelper.findWebElement(WebUiCommonHelper.java:1368)
	at com.kms.katalon.core.webui.keyword.internal.WebUIAbstractKeyword.findWebElement(WebUIAbstractKeyword.groovy:27)
	at com.kms.katalon.core.webui.keyword.builtin.ClickKeyword$_click_closure1.doCall(ClickKeyword.groovy:65)
	at com.kms.katalon.core.webui.keyword.builtin.ClickKeyword$_click_closure1.call(ClickKeyword.groovy)
	at com.kms.katalon.core.webui.keyword.internal.WebUIKeywordMain.runKeyword(WebUIKeywordMain.groovy:20)
	at com.kms.katalon.core.webui.keyword.builtin.ClickKeyword.click(ClickKeyword.groovy:74)
	at com.kms.katalon.core.webui.keyword.builtin.ClickKeyword.execute(ClickKeyword.groovy:40)
	at com.kms.katalon.core.keyword.internal.KeywordExecutor.executeKeywordForPlatform(KeywordExecutor.groovy:74)
	at com.kms.katalon.core.webui.keyword.WebUiBuiltInKeywords.click(WebUiBuiltInKeywords.groovy:608)
	at com.kms.katalon.core.webui.keyword.WebUiBuiltInKeywords$click$8.call(Unknown Source)
	at Script1641988433761.run(Script1641988433761.groovy:40)
	... 16 more
)
[[ATTACHMENT|D:\\nam 3\\nhap mon CNPM\\bonus project\\Test-Automation-SE-Bonus\\Reports\\20220114_223516\\Run all test cases\\20220114_223516\\1642176677751.png]]

2022-01-14 23:11:17 - [TEST_STEP][FAILED] - click(findTestObject("Object Repository/Page_Forum 1/a_Topic 1")): Unable to click on object 'Object Repository/Page_Forum 1/a_Topic 1' (Root cause: com.kms.katalon.core.exception.StepFailedException: Unable to click on object 'Object Repository/Page_Forum 1/a_Topic 1'
	at com.kms.katalon.core.webui.keyword.internal.WebUIKeywordMain.stepFailed(WebUIKeywordMain.groovy:64)
	at com.kms.katalon.core.webui.keyword.internal.WebUIKeywordMain.runKeyword(WebUIKeywordMain.groovy:26)
	at com.kms.katalon.core.webui.keyword.builtin.ClickKeyword.click(ClickKeyword.groovy:74)
	at com.kms.katalon.core.webui.keyword.builtin.ClickKeyword.execute(ClickKeyword.groovy:40)
	at com.kms.katalon.core.keyword.internal.KeywordExecutor.executeKeywordForPlatform(KeywordExecutor.groovy:74)
	at com.kms.katalon.core.webui.keyword.WebUiBuiltInKeywords.click(WebUiBuiltInKeywords.groovy:620)
	at com.kms.katalon.core.webui.keyword.WebUiBuiltInKeywords$click$1.call(Unknown Source)
	at 42_Sinh viên trả lời một cuộc thảo luận trong diễn đàn.run(42_Sinh viên trả lời một cuộc thảo luận trong diễn đàn:42)
	at com.kms.katalon.core.main.ScriptEngine.run(ScriptEngine.java:194)
	at com.kms.katalon.core.main.ScriptEngine.runScriptAsRawText(ScriptEngine.java:119)
	at com.kms.katalon.core.main.TestCaseExecutor.runScript(TestCaseExecutor.java:442)
	at com.kms.katalon.core.main.TestCaseExecutor.doExecute(TestCaseExecutor.java:433)
	at com.kms.katalon.core.main.TestCaseExecutor.processExecutionPhase(TestCaseExecutor.java:412)
	at com.kms.katalon.core.main.TestCaseExecutor.accessMainPhase(TestCaseExecutor.java:404)
	at com.kms.katalon.core.main.TestCaseExecutor.execute(TestCaseExecutor.java:281)
	at com.kms.katalon.core.main.TestCaseExecutor.execute(TestCaseExecutor.java:363)
	at com.kms.katalon.core.main.TestCaseExecutor.execute(TestCaseExecutor.java:363)
	at com.kms.katalon.core.main.TestCaseExecutor.execute(TestCaseExecutor.java:363)
	at com.kms.katalon.core.main.TestSuiteExecutor.accessTestCaseMainPhase(TestSuiteExecutor.java:202)
	at com.kms.katalon.core.main.TestSuiteExecutor.accessTestSuiteMainPhase(TestSuiteExecutor.java:164)
	at com.kms.katalon.core.main.TestSuiteExecutor.execute(TestSuiteExecutor.java:105)
	at com.kms.katalon.core.main.TestCaseMain.startTestSuite(TestCaseMain.java:181)
	at com.kms.katalon.core.main.TestCaseMain$startTestSuite$0.call(Unknown Source)
	at TempTestSuite1642174516033.run(TempTestSuite1642174516033.groovy:36)
Caused by: com.kms.katalon.core.webui.exception.WebElementNotFoundException: Web element with id: 'Object Repository/Page_Forum 1/a_Topic 1' located by '//a[@id='yui_3_17_2_1_1641988371525_492']' not found
	at com.kms.katalon.core.webui.common.WebUiCommonHelper.findWebElement(WebUiCommonHelper.java:1368)
	at com.kms.katalon.core.webui.keyword.internal.WebUIAbstractKeyword.findWebElement(WebUIAbstractKeyword.groovy:27)
	at com.kms.katalon.core.webui.keyword.builtin.ClickKeyword$_click_closure1.doCall(ClickKeyword.groovy:65)
	at com.kms.katalon.core.webui.keyword.builtin.ClickKeyword$_click_closure1.call(ClickKeyword.groovy)
	at com.kms.katalon.core.webui.keyword.internal.WebUIKeywordMain.runKeyword(WebUIKeywordMain.groovy:20)
	at com.kms.katalon.core.webui.keyword.builtin.ClickKeyword.click(ClickKeyword.groovy:74)
	at com.kms.katalon.core.webui.keyword.builtin.ClickKeyword.execute(ClickKeyword.groovy:40)
	at com.kms.katalon.core.keyword.internal.KeywordExecutor.executeKeywordForPlatform(KeywordExecutor.groovy:74)
	at com.kms.katalon.core.webui.keyword.WebUiBuiltInKeywords.click(WebUiBuiltInKeywords.groovy:620)
	at com.kms.katalon.core.webui.keyword.WebUiBuiltInKeywords$click$1.call(Unknown Source)
	at Script1641988433761.run(Script1641988433761.groovy:42)
	... 16 more
)

2022-01-14 23:11:24 - [MESSAGE][INFO] - Unable to find the element located by 'By.xpath: //a[@id='yui_3_17_2_1_1641988371525_492']'. Please recheck the objects properties to make sure the desired element is located. 

2022-01-14 23:11:24 - [MESSAGE][WARNING] - [SELF-HEALING] Failed to find element with id 'Object Repository/Page_Forum 1/a_Topic 1'. Try using Self-healing.

2022-01-14 23:11:24 - [MESSAGE][INFO] - [SELF-HEALING] Failed Locator: '//a[@id='yui_3_17_2_1_1641988371525_492']'.

2022-01-14 23:11:24 - [MESSAGE][INFO] - [SELF-HEALING] Failed Locator: '//div[@id='yui_3_17_2_1_1641988371525_493']/a'.

2022-01-14 23:11:24 - [MESSAGE][INFO] - [SELF-HEALING] Failed Locator: '//a[contains(text(),'Topic 1')]'.

2022-01-14 23:11:25 - [MESSAGE][INFO] - [SELF-HEALING] Failed Locator: '(.//*[normalize-space(text()) and normalize-space(.)='Actions'])[1]/following::a[1]'.

2022-01-14 23:11:25 - [MESSAGE][INFO] - [SELF-HEALING] Failed Locator: '(.//*[normalize-space(text()) and normalize-space(.)='Subscribe'])[1]/following::a[1]'.

2022-01-14 23:11:25 - [MESSAGE][INFO] - [SELF-HEALING] Failed Locator: '(.//*[normalize-space(text()) and normalize-space(.)='Locked'])[1]/preceding::a[1]'.

2022-01-14 23:11:25 - [MESSAGE][INFO] - [SELF-HEALING] Failed Locator: '(.//*[normalize-space(text()) and normalize-space(.)='Student Walston'])[1]/preceding::a[1]'.

2022-01-14 23:11:25 - [MESSAGE][INFO] - [SELF-HEALING] Failed Locator: '//a[@href='http://localhost/mod/forum/discuss.php?d=4']'.

2022-01-14 23:11:26 - [MESSAGE][INFO] - [SELF-HEALING] Failed Locator: '//th/div/a'.

2022-01-14 23:11:27 - [MESSAGE][INFO] - Unable to find the element located by 'By.xpath: //*[@href = 'http://localhost/mod/forum/discuss.php?d=4' and @title = 'Topic 1' and @id = 'yui_3_17_2_1_1641988371525_492' and (text() = '
                                        Topic 1
                                    ' or . = '
                                        Topic 1
                                    ')]'. Please recheck the objects properties to make sure the desired element is located. 

2022-01-14 23:11:28 - [MESSAGE][INFO] - Unable to find the element located by 'By.cssSelector: #yui_3_17_2_1_1641988371525_492'. Please recheck the objects properties to make sure the desired element is located. 

2022-01-14 23:11:28 - [MESSAGE][FAILED] - Unable to click on object 'Object Repository/Page_Forum 1/a_Topic 1' (Root cause: com.kms.katalon.core.exception.StepFailedException: Unable to click on object 'Object Repository/Page_Forum 1/a_Topic 1'
	at com.kms.katalon.core.webui.keyword.internal.WebUIKeywordMain.stepFailed(WebUIKeywordMain.groovy:64)
	at com.kms.katalon.core.webui.keyword.internal.WebUIKeywordMain.runKeyword(WebUIKeywordMain.groovy:26)
	at com.kms.katalon.core.webui.keyword.builtin.ClickKeyword.click(ClickKeyword.groovy:74)
	at com.kms.katalon.core.webui.keyword.builtin.ClickKeyword.execute(ClickKeyword.groovy:40)
	at com.kms.katalon.core.keyword.internal.KeywordExecutor.executeKeywordForPlatform(KeywordExecutor.groovy:74)
	at com.kms.katalon.core.webui.keyword.WebUiBuiltInKeywords.click(WebUiBuiltInKeywords.groovy:620)
	at com.kms.katalon.core.webui.keyword.WebUiBuiltInKeywords$click$1.call(Unknown Source)
	at 42_Sinh viên trả lời một cuộc thảo luận trong diễn đàn.run(42_Sinh viên trả lời một cuộc thảo luận trong diễn đàn:42)
	at com.kms.katalon.core.main.ScriptEngine.run(ScriptEngine.java:194)
	at com.kms.katalon.core.main.ScriptEngine.runScriptAsRawText(ScriptEngine.java:119)
	at com.kms.katalon.core.main.TestCaseExecutor.runScript(TestCaseExecutor.java:442)
	at com.kms.katalon.core.main.TestCaseExecutor.doExecute(TestCaseExecutor.java:433)
	at com.kms.katalon.core.main.TestCaseExecutor.processExecutionPhase(TestCaseExecutor.java:412)
	at com.kms.katalon.core.main.TestCaseExecutor.accessMainPhase(TestCaseExecutor.java:404)
	at com.kms.katalon.core.main.TestCaseExecutor.execute(TestCaseExecutor.java:281)
	at com.kms.katalon.core.main.TestCaseExecutor.execute(TestCaseExecutor.java:363)
	at com.kms.katalon.core.main.TestCaseExecutor.execute(TestCaseExecutor.java:363)
	at com.kms.katalon.core.main.TestCaseExecutor.execute(TestCaseExecutor.java:363)
	at com.kms.katalon.core.main.TestSuiteExecutor.accessTestCaseMainPhase(TestSuiteExecutor.java:202)
	at com.kms.katalon.core.main.TestSuiteExecutor.accessTestSuiteMainPhase(TestSuiteExecutor.java:164)
	at com.kms.katalon.core.main.TestSuiteExecutor.execute(TestSuiteExecutor.java:105)
	at com.kms.katalon.core.main.TestCaseMain.startTestSuite(TestCaseMain.java:181)
	at com.kms.katalon.core.main.TestCaseMain$startTestSuite$0.call(Unknown Source)
	at TempTestSuite1642174516033.run(TempTestSuite1642174516033.groovy:36)
Caused by: com.kms.katalon.core.webui.exception.WebElementNotFoundException: Web element with id: 'Object Repository/Page_Forum 1/a_Topic 1' located by '//a[@id='yui_3_17_2_1_1641988371525_492']' not found
	at com.kms.katalon.core.webui.common.WebUiCommonHelper.findWebElement(WebUiCommonHelper.java:1368)
	at com.kms.katalon.core.webui.keyword.internal.WebUIAbstractKeyword.findWebElement(WebUIAbstractKeyword.groovy:27)
	at com.kms.katalon.core.webui.keyword.builtin.ClickKeyword$_click_closure1.doCall(ClickKeyword.groovy:65)
	at com.kms.katalon.core.webui.keyword.builtin.ClickKeyword$_click_closure1.call(ClickKeyword.groovy)
	at com.kms.katalon.core.webui.keyword.internal.WebUIKeywordMain.runKeyword(WebUIKeywordMain.groovy:20)
	at com.kms.katalon.core.webui.keyword.builtin.ClickKeyword.click(ClickKeyword.groovy:74)
	at com.kms.katalon.core.webui.keyword.builtin.ClickKeyword.execute(ClickKeyword.groovy:40)
	at com.kms.katalon.core.keyword.internal.KeywordExecutor.executeKeywordForPlatform(KeywordExecutor.groovy:74)
	at com.kms.katalon.core.webui.keyword.WebUiBuiltInKeywords.click(WebUiBuiltInKeywords.groovy:620)
	at com.kms.katalon.core.webui.keyword.WebUiBuiltInKeywords$click$1.call(Unknown Source)
	at Script1641988433761.run(Script1641988433761.groovy:42)
	... 16 more
)
[[ATTACHMENT|D:\\nam 3\\nhap mon CNPM\\bonus project\\Test-Automation-SE-Bonus\\Reports\\20220114_223516\\Run all test cases\\20220114_223516\\1642176688451.png]]]]></system-out>
         <system-err><![CDATA[2022-01-14 23:10:47 - [TEST_CASE][FAILED] - Test Cases/42_Sinh viên trả lời một cuộc thảo luận trong diễn đàn: Test Cases/42_Sinh viên trả lời một cuộc thảo luận trong diễn đàn FAILED.
Reason:
com.kms.katalon.core.exception.StepFailedException: Unable to click on object 'Object Repository/Page_Forum 1/a_Topic 1'
	at com.kms.katalon.core.webui.keyword.internal.WebUIKeywordMain.stepFailed(WebUIKeywordMain.groovy:64)
	at com.kms.katalon.core.webui.keyword.internal.WebUIKeywordMain.runKeyword(WebUIKeywordMain.groovy:26)
	at com.kms.katalon.core.webui.keyword.builtin.ClickKeyword.click(ClickKeyword.groovy:74)
	at com.kms.katalon.core.webui.keyword.builtin.ClickKeyword.execute(ClickKeyword.groovy:40)
	at com.kms.katalon.core.keyword.internal.KeywordExecutor.executeKeywordForPlatform(KeywordExecutor.groovy:74)
	at com.kms.katalon.core.webui.keyword.WebUiBuiltInKeywords.click(WebUiBuiltInKeywords.groovy:620)
	at com.kms.katalon.core.webui.keyword.WebUiBuiltInKeywords$click$1.call(Unknown Source)
	at 42_Sinh viên trả lời một cuộc thảo luận trong diễn đàn.run(42_Sinh viên trả lời một cuộc thảo luận trong diễn đàn:42)
	at com.kms.katalon.core.main.ScriptEngine.run(ScriptEngine.java:194)
	at com.kms.katalon.core.main.ScriptEngine.runScriptAsRawText(ScriptEngine.java:119)
	at com.kms.katalon.core.main.TestCaseExecutor.runScript(TestCaseExecutor.java:442)
	at com.kms.katalon.core.main.TestCaseExecutor.doExecute(TestCaseExecutor.java:433)
	at com.kms.katalon.core.main.TestCaseExecutor.processExecutionPhase(TestCaseExecutor.java:412)
	at com.kms.katalon.core.main.TestCaseExecutor.accessMainPhase(TestCaseExecutor.java:404)
	at com.kms.katalon.core.main.TestCaseExecutor.execute(TestCaseExecutor.java:281)
	at com.kms.katalon.core.main.TestCaseExecutor.execute(TestCaseExecutor.java:363)
	at com.kms.katalon.core.main.TestCaseExecutor.execute(TestCaseExecutor.java:363)
	at com.kms.katalon.core.main.TestCaseExecutor.execute(TestCaseExecutor.java:363)
	at com.kms.katalon.core.main.TestSuiteExecutor.accessTestCaseMainPhase(TestSuiteExecutor.java:202)
	at com.kms.katalon.core.main.TestSuiteExecutor.accessTestSuiteMainPhase(TestSuiteExecutor.java:164)
	at com.kms.katalon.core.main.TestSuiteExecutor.execute(TestSuiteExecutor.java:105)
	at com.kms.katalon.core.main.TestCaseMain.startTestSuite(TestCaseMain.java:181)
	at com.kms.katalon.core.main.TestCaseMain$startTestSuite$0.call(Unknown Source)
	at TempTestSuite1642174516033.run(TempTestSuite1642174516033.groovy:36)
Caused by: com.kms.katalon.core.webui.exception.WebElementNotFoundException: Web element with id: 'Object Repository/Page_Forum 1/a_Topic 1' located by '//a[@id='yui_3_17_2_1_1641988371525_492']' not found
	at com.kms.katalon.core.webui.common.WebUiCommonHelper.findWebElement(WebUiCommonHelper.java:1368)
	at com.kms.katalon.core.webui.keyword.internal.WebUIAbstractKeyword.findWebElement(WebUIAbstractKeyword.groovy:27)
	at com.kms.katalon.core.webui.keyword.builtin.ClickKeyword$_click_closure1.doCall(ClickKeyword.groovy:65)
	at com.kms.katalon.core.webui.keyword.builtin.ClickKeyword$_click_closure1.call(ClickKeyword.groovy)
	at com.kms.katalon.core.webui.keyword.internal.WebUIKeywordMain.runKeyword(WebUIKeywordMain.groovy:20)
	... 22 more]]></system-err>
      </testcase>
      <testcase name="Test Cases/43_Giáo viên backup forum môn học" time="27.227" classname="Test Cases/43_Giáo viên backup forum môn học" status="FAILED">
         <failure type="FAILED" message="Test Cases/43_Giáo viên backup forum môn học FAILED.
Reason:
com.kms.katalon.core.exception.StepFailedException: Unable to click on object 'Object Repository/Page_Backup activity Forum 1/button_Continue'
	at com.kms.katalon.core.webui.keyword.internal.WebUIKeywordMain.stepFailed(WebUIKeywordMain.groovy:64)
	at com.kms.katalon.core.webui.keyword.internal.WebUIKeywordMain.runKeyword(WebUIKeywordMain.groovy:26)
	at com.kms.katalon.core.webui.keyword.builtin.ClickKeyword.click(ClickKeyword.groovy:74)
	at com.kms.katalon.core.webui.keyword.builtin.ClickKeyword.execute(ClickKeyword.groovy:40)
	at com.kms.katalon.core.keyword.internal.KeywordExecutor.executeKeywordForPlatform(KeywordExecutor.groovy:74)
	at com.kms.katalon.core.webui.keyword.WebUiBuiltInKeywords.click(WebUiBuiltInKeywords.groovy:620)
	at com.kms.katalon.core.webui.keyword.WebUiBuiltInKeywords$click$1.call(Unknown Source)
	at 43_Giáo viên backup forum môn học.run(43_Giáo viên backup forum môn học:46)
	at com.kms.katalon.core.main.ScriptEngine.run(ScriptEngine.java:194)
	at com.kms.katalon.core.main.ScriptEngine.runScriptAsRawText(ScriptEngine.java:119)
	at com.kms.katalon.core.main.TestCaseExecutor.runScript(TestCaseExecutor.java:442)
	at com.kms.katalon.core.main.TestCaseExecutor.doExecute(TestCaseExecutor.java:433)
	at com.kms.katalon.core.main.TestCaseExecutor.processExecutionPhase(TestCaseExecutor.java:412)
	at com.kms.katalon.core.main.TestCaseExecutor.accessMainPhase(TestCaseExecutor.java:404)
	at com.kms.katalon.core.main.TestCaseExecutor.execute(TestCaseExecutor.java:281)
	at com.kms.katalon.core.main.TestCaseExecutor.execute(TestCaseExecutor.java:363)
	at com.kms.katalon.core.main.TestCaseExecutor.execute(TestCaseExecutor.java:363)
	at com.kms.katalon.core.main.TestCaseExecutor.execute(TestCaseExecutor.java:363)
	at com.kms.katalon.core.main.TestSuiteExecutor.accessTestCaseMainPhase(TestSuiteExecutor.java:202)
	at com.kms.katalon.core.main.TestSuiteExecutor.accessTestSuiteMainPhase(TestSuiteExecutor.java:164)
	at com.kms.katalon.core.main.TestSuiteExecutor.execute(TestSuiteExecutor.java:105)
	at com.kms.katalon.core.main.TestCaseMain.startTestSuite(TestCaseMain.java:181)
	at com.kms.katalon.core.main.TestCaseMain$startTestSuite$0.call(Unknown Source)
	at TempTestSuite1642174516033.run(TempTestSuite1642174516033.groovy:36)
Caused by: com.kms.katalon.core.webui.exception.WebElementNotFoundException: Web element with id: 'Object Repository/Page_Backup activity Forum 1/button_Continue' located by '//button[@id='single_button61debc7e2875f15']' not found
	at com.kms.katalon.core.webui.common.WebUiCommonHelper.findWebElement(WebUiCommonHelper.java:1368)
	at com.kms.katalon.core.webui.keyword.internal.WebUIAbstractKeyword.findWebElement(WebUIAbstractKeyword.groovy:27)
	at com.kms.katalon.core.webui.keyword.builtin.ClickKeyword$_click_closure1.doCall(ClickKeyword.groovy:65)
	at com.kms.katalon.core.webui.keyword.builtin.ClickKeyword$_click_closure1.call(ClickKeyword.groovy)
	at com.kms.katalon.core.webui.keyword.internal.WebUIKeywordMain.runKeyword(WebUIKeywordMain.groovy:20)
	... 22 more
"/>
         <system-out><![CDATA[2022-01-14 23:12:51 - [TEST_CASE][FAILED] - Test Cases/43_Giáo viên backup forum môn học: Test Cases/43_Giáo viên backup forum môn học FAILED.
Reason:
com.kms.katalon.core.exception.StepFailedException: Unable to click on object 'Object Repository/Page_Backup activity Forum 1/button_Continue'
	at com.kms.katalon.core.webui.keyword.internal.WebUIKeywordMain.stepFailed(WebUIKeywordMain.groovy:64)
	at com.kms.katalon.core.webui.keyword.internal.WebUIKeywordMain.runKeyword(WebUIKeywordMain.groovy:26)
	at com.kms.katalon.core.webui.keyword.builtin.ClickKeyword.click(ClickKeyword.groovy:74)
	at com.kms.katalon.core.webui.keyword.builtin.ClickKeyword.execute(ClickKeyword.groovy:40)
	at com.kms.katalon.core.keyword.internal.KeywordExecutor.executeKeywordForPlatform(KeywordExecutor.groovy:74)
	at com.kms.katalon.core.webui.keyword.WebUiBuiltInKeywords.click(WebUiBuiltInKeywords.groovy:620)
	at com.kms.katalon.core.webui.keyword.WebUiBuiltInKeywords$click$1.call(Unknown Source)
	at 43_Giáo viên backup forum môn học.run(43_Giáo viên backup forum môn học:46)
	at com.kms.katalon.core.main.ScriptEngine.run(ScriptEngine.java:194)
	at com.kms.katalon.core.main.ScriptEngine.runScriptAsRawText(ScriptEngine.java:119)
	at com.kms.katalon.core.main.TestCaseExecutor.runScript(TestCaseExecutor.java:442)
	at com.kms.katalon.core.main.TestCaseExecutor.doExecute(TestCaseExecutor.java:433)
	at com.kms.katalon.core.main.TestCaseExecutor.processExecutionPhase(TestCaseExecutor.java:412)
	at com.kms.katalon.core.main.TestCaseExecutor.accessMainPhase(TestCaseExecutor.java:404)
	at com.kms.katalon.core.main.TestCaseExecutor.execute(TestCaseExecutor.java:281)
	at com.kms.katalon.core.main.TestCaseExecutor.execute(TestCaseExecutor.java:363)
	at com.kms.katalon.core.main.TestCaseExecutor.execute(TestCaseExecutor.java:363)
	at com.kms.katalon.core.main.TestCaseExecutor.execute(TestCaseExecutor.java:363)
	at com.kms.katalon.core.main.TestSuiteExecutor.accessTestCaseMainPhase(TestSuiteExecutor.java:202)
	at com.kms.katalon.core.main.TestSuiteExecutor.accessTestSuiteMainPhase(TestSuiteExecutor.java:164)
	at com.kms.katalon.core.main.TestSuiteExecutor.execute(TestSuiteExecutor.java:105)
	at com.kms.katalon.core.main.TestCaseMain.startTestSuite(TestCaseMain.java:181)
	at com.kms.katalon.core.main.TestCaseMain$startTestSuite$0.call(Unknown Source)
	at TempTestSuite1642174516033.run(TempTestSuite1642174516033.groovy:36)
Caused by: com.kms.katalon.core.webui.exception.WebElementNotFoundException: Web element with id: 'Object Repository/Page_Backup activity Forum 1/button_Continue' located by '//button[@id='single_button61debc7e2875f15']' not found
	at com.kms.katalon.core.webui.common.WebUiCommonHelper.findWebElement(WebUiCommonHelper.java:1368)
	at com.kms.katalon.core.webui.keyword.internal.WebUIAbstractKeyword.findWebElement(WebUIAbstractKeyword.groovy:27)
	at com.kms.katalon.core.webui.keyword.builtin.ClickKeyword$_click_closure1.doCall(ClickKeyword.groovy:65)
	at com.kms.katalon.core.webui.keyword.builtin.ClickKeyword$_click_closure1.call(ClickKeyword.groovy)
	at com.kms.katalon.core.webui.keyword.internal.WebUIKeywordMain.runKeyword(WebUIKeywordMain.groovy:20)
	... 22 more


2022-01-14 23:12:51 - [TEST_STEP][PASSED] - openBrowser(""): Browser is opened with url: ''

2022-01-14 23:12:51 - [MESSAGE][WARNING] - A browser is already opened. Closing browser and opening a new one

2022-01-14 23:12:51 - [MESSAGE][INFO] - Starting 'Chrome' driver

2022-01-14 23:12:51 - [MESSAGE][INFO] - Action delay is set to 0 milliseconds

2022-01-14 23:12:52 - [MESSAGE][PASSED] - Browser is opened with url: ''

2022-01-14 23:12:52 - [TEST_STEP][PASSED] - navigateToUrl("http://localhost/"): Navigate to 'http://localhost/' successfully

2022-01-14 23:12:53 - [MESSAGE][PASSED] - Navigate to 'http://localhost/' successfully

2022-01-14 23:12:53 - [TEST_STEP][PASSED] - click(findTestObject("Object Repository/Page_HCMUS/a_Log in")): Object: 'Object Repository/Page_HCMUS/a_Log in' is clicked on

2022-01-14 23:12:54 - [MESSAGE][PASSED] - Object: 'Object Repository/Page_HCMUS/a_Log in' is clicked on

2022-01-14 23:12:54 - [TEST_STEP][PASSED] - setText(findTestObject("Object Repository/Page_HCMUS Log in to the site/input_Username_username"), "teacher1"): Text 'teacher1' is set on object 'Object Repository/Page_HCMUS Log in to the site/input_Username_username'

2022-01-14 23:12:54 - [MESSAGE][PASSED] - Text 'teacher1' is set on object 'Object Repository/Page_HCMUS Log in to the site/input_Username_username'

2022-01-14 23:12:54 - [TEST_STEP][PASSED] - setEncryptedText(findTestObject("Object Repository/Page_HCMUS Log in to the site/input_Password_password"), "iKb8CrY6A/iqm08K47hQLA=="): Text ****** has been set on object 'Object Repository/Page_HCMUS Log in to the site/input_Password_password'

2022-01-14 23:12:55 - [MESSAGE][PASSED] - Text ****** has been set on object 'Object Repository/Page_HCMUS Log in to the site/input_Password_password'

2022-01-14 23:12:55 - [TEST_STEP][PASSED] - click(findTestObject("Object Repository/Page_HCMUS Log in to the site/button_Log in")): Object: 'Object Repository/Page_HCMUS Log in to the site/button_Log in' is clicked on

2022-01-14 23:12:56 - [MESSAGE][PASSED] - Object: 'Object Repository/Page_HCMUS Log in to the site/button_Log in' is clicked on

2022-01-14 23:12:56 - [TEST_STEP][PASSED] - click(findTestObject("Object Repository/Page_Dashboard/span_Site home")): Object: 'Object Repository/Page_Dashboard/span_Site home' is clicked on

2022-01-14 23:12:58 - [MESSAGE][PASSED] - Object: 'Object Repository/Page_Dashboard/span_Site home' is clicked on

2022-01-14 23:12:58 - [TEST_STEP][PASSED] - click(findTestObject("Object Repository/Page_HCMUS/a_Nhp mn tr tu nhn to")): Object: 'Object Repository/Page_HCMUS/a_Nhp mn tr tu nhn to' is clicked on

2022-01-14 23:12:59 - [MESSAGE][PASSED] - Object: 'Object Repository/Page_HCMUS/a_Nhp mn tr tu nhn to' is clicked on

2022-01-14 23:12:59 - [TEST_STEP][PASSED] - click(findTestObject("Object Repository/Page_Course Nhp mn tr tu nhn to/span_Forum 1")): Object: 'Object Repository/Page_Course Nhp mn tr tu nhn to/span_Forum 1' is clicked on

2022-01-14 23:13:00 - [MESSAGE][PASSED] - Object: 'Object Repository/Page_Course Nhp mn tr tu nhn to/span_Forum 1' is clicked on

2022-01-14 23:13:00 - [TEST_STEP][PASSED] - click(findTestObject("Object Repository/Page_Forum 1/a_Search forums_action-menu-toggle-3")): Object: 'Object Repository/Page_Forum 1/a_Search forums_action-menu-toggle-3' is clicked on

2022-01-14 23:13:00 - [MESSAGE][PASSED] - Object: 'Object Repository/Page_Forum 1/a_Search forums_action-menu-toggle-3' is clicked on

2022-01-14 23:13:00 - [TEST_STEP][PASSED] - click(findTestObject("Object Repository/Page_Forum 1/a_Backup")): Object: 'Object Repository/Page_Forum 1/a_Backup' is clicked on

2022-01-14 23:13:06 - [MESSAGE][INFO] - Unable to find the element located by 'By.xpath: //a[@id='action_link61debc6f6f9b140']'. Please recheck the objects properties to make sure the desired element is located. 

2022-01-14 23:13:06 - [MESSAGE][WARNING] - [SELF-HEALING] Failed to find element with id 'Object Repository/Page_Forum 1/a_Backup'. Try using Self-healing.

2022-01-14 23:13:07 - [MESSAGE][WARNING] - [SELF-HEALING] The current locator of test object 'Object Repository/Page_Forum 1/a_Backup' was broken. Propose an alternative one: '//a[contains(text(),'Backup')]'.

2022-01-14 23:13:07 - [MESSAGE][PASSED] - Object: 'Object Repository/Page_Forum 1/a_Backup' is clicked on

2022-01-14 23:13:07 - [TEST_STEP][PASSED] - click(findTestObject("Object Repository/Page_Backup activity Forum 1/input_Include legacy course files_oneclickbackup")): Object: 'Object Repository/Page_Backup activity Forum 1/input_Include legacy course files_oneclickbackup' is clicked on

2022-01-14 23:13:08 - [MESSAGE][PASSED] - Object: 'Object Repository/Page_Backup activity Forum 1/input_Include legacy course files_oneclickbackup' is clicked on

2022-01-14 23:13:08 - [TEST_STEP][PASSED] - verifyElementVisible(findTestObject("Object Repository/Page_Backup activity Forum 1/div_The backup file was successfully created")): Object 'Object Repository/Page_Backup activity Forum 1/div_The backup file was successfully created' is visible

2022-01-14 23:13:08 - [MESSAGE][PASSED] - Object 'Object Repository/Page_Backup activity Forum 1/div_The backup file was successfully created' is visible

2022-01-14 23:13:08 - [TEST_STEP][FAILED] - click(findTestObject("Object Repository/Page_Backup activity Forum 1/button_Continue")): Unable to click on object 'Object Repository/Page_Backup activity Forum 1/button_Continue' (Root cause: com.kms.katalon.core.exception.StepFailedException: Unable to click on object 'Object Repository/Page_Backup activity Forum 1/button_Continue'
	at com.kms.katalon.core.webui.keyword.internal.WebUIKeywordMain.stepFailed(WebUIKeywordMain.groovy:64)
	at com.kms.katalon.core.webui.keyword.internal.WebUIKeywordMain.runKeyword(WebUIKeywordMain.groovy:26)
	at com.kms.katalon.core.webui.keyword.builtin.ClickKeyword.click(ClickKeyword.groovy:74)
	at com.kms.katalon.core.webui.keyword.builtin.ClickKeyword.execute(ClickKeyword.groovy:40)
	at com.kms.katalon.core.keyword.internal.KeywordExecutor.executeKeywordForPlatform(KeywordExecutor.groovy:74)
	at com.kms.katalon.core.webui.keyword.WebUiBuiltInKeywords.click(WebUiBuiltInKeywords.groovy:620)
	at com.kms.katalon.core.webui.keyword.WebUiBuiltInKeywords$click$1.call(Unknown Source)
	at 43_Giáo viên backup forum môn học.run(43_Giáo viên backup forum môn học:46)
	at com.kms.katalon.core.main.ScriptEngine.run(ScriptEngine.java:194)
	at com.kms.katalon.core.main.ScriptEngine.runScriptAsRawText(ScriptEngine.java:119)
	at com.kms.katalon.core.main.TestCaseExecutor.runScript(TestCaseExecutor.java:442)
	at com.kms.katalon.core.main.TestCaseExecutor.doExecute(TestCaseExecutor.java:433)
	at com.kms.katalon.core.main.TestCaseExecutor.processExecutionPhase(TestCaseExecutor.java:412)
	at com.kms.katalon.core.main.TestCaseExecutor.accessMainPhase(TestCaseExecutor.java:404)
	at com.kms.katalon.core.main.TestCaseExecutor.execute(TestCaseExecutor.java:281)
	at com.kms.katalon.core.main.TestCaseExecutor.execute(TestCaseExecutor.java:363)
	at com.kms.katalon.core.main.TestCaseExecutor.execute(TestCaseExecutor.java:363)
	at com.kms.katalon.core.main.TestCaseExecutor.execute(TestCaseExecutor.java:363)
	at com.kms.katalon.core.main.TestSuiteExecutor.accessTestCaseMainPhase(TestSuiteExecutor.java:202)
	at com.kms.katalon.core.main.TestSuiteExecutor.accessTestSuiteMainPhase(TestSuiteExecutor.java:164)
	at com.kms.katalon.core.main.TestSuiteExecutor.execute(TestSuiteExecutor.java:105)
	at com.kms.katalon.core.main.TestCaseMain.startTestSuite(TestCaseMain.java:181)
	at com.kms.katalon.core.main.TestCaseMain$startTestSuite$0.call(Unknown Source)
	at TempTestSuite1642174516033.run(TempTestSuite1642174516033.groovy:36)
Caused by: com.kms.katalon.core.webui.exception.WebElementNotFoundException: Web element with id: 'Object Repository/Page_Backup activity Forum 1/button_Continue' located by '//button[@id='single_button61debc7e2875f15']' not found
	at com.kms.katalon.core.webui.common.WebUiCommonHelper.findWebElement(WebUiCommonHelper.java:1368)
	at com.kms.katalon.core.webui.keyword.internal.WebUIAbstractKeyword.findWebElement(WebUIAbstractKeyword.groovy:27)
	at com.kms.katalon.core.webui.keyword.builtin.ClickKeyword$_click_closure1.doCall(ClickKeyword.groovy:65)
	at com.kms.katalon.core.webui.keyword.builtin.ClickKeyword$_click_closure1.call(ClickKeyword.groovy)
	at com.kms.katalon.core.webui.keyword.internal.WebUIKeywordMain.runKeyword(WebUIKeywordMain.groovy:20)
	at com.kms.katalon.core.webui.keyword.builtin.ClickKeyword.click(ClickKeyword.groovy:74)
	at com.kms.katalon.core.webui.keyword.builtin.ClickKeyword.execute(ClickKeyword.groovy:40)
	at com.kms.katalon.core.keyword.internal.KeywordExecutor.executeKeywordForPlatform(KeywordExecutor.groovy:74)
	at com.kms.katalon.core.webui.keyword.WebUiBuiltInKeywords.click(WebUiBuiltInKeywords.groovy:620)
	at com.kms.katalon.core.webui.keyword.WebUiBuiltInKeywords$click$1.call(Unknown Source)
	at Script1641987133759.run(Script1641987133759.groovy:46)
	... 16 more
)

2022-01-14 23:13:15 - [MESSAGE][INFO] - Unable to find the element located by 'By.xpath: //button[@id='single_button61debc7e2875f15']'. Please recheck the objects properties to make sure the desired element is located. 

2022-01-14 23:13:15 - [MESSAGE][WARNING] - [SELF-HEALING] Failed to find element with id 'Object Repository/Page_Backup activity Forum 1/button_Continue'. Try using Self-healing.

2022-01-14 23:13:15 - [MESSAGE][INFO] - [SELF-HEALING] Failed Locator: '//button[@id='single_button61debc7e2875f15']'.

2022-01-14 23:13:15 - [MESSAGE][INFO] - [SELF-HEALING] Failed Locator: '//section[@id='region-main']/div/div[3]/div[2]/form/button'.

2022-01-14 23:13:15 - [MESSAGE][INFO] - [SELF-HEALING] Working Locator: '(.//*[normalize-space(text()) and normalize-space(.)='×'])[1]/following::button[1]'.

2022-01-14 23:13:15 - [MESSAGE][ERROR] - [SELF-HEALING] Cannot save screenshot to: D:\nam 3\nhap mon CNPM\bonus project\Test-Automation-SE-Bonus\Reports\Self-healing, reason: unknown error: unhandled inspector error: {"code":-32000,"message":"Cannot take screenshot with 0 width."}
  (Session info: chrome=97.0.4692.71)
Build info: version: '3.141.59', revision: 'e82be7d358', time: '2018-11-14T08:25:53'
System info: host: 'ADMIN', ip: '192.168.1.148', os.name: 'Windows 10', os.arch: 'amd64', os.version: '10.0', java.version: '1.8.0_282'
Driver info: com.kms.katalon.selenium.driver.CChromeDriver
Capabilities {acceptInsecureCerts: false, browserName: chrome, browserVersion: 97.0.4692.71, chrome: {chromedriverVersion: 97.0.4692.71 (adefa7837d02a..., userDataDir: C:\Users\Admin\AppData\Loca...}, goog:chromeOptions: {debuggerAddress: localhost:62170}, javascriptEnabled: true, networkConnectionEnabled: false, pageLoadStrategy: normal, platform: WINDOWS, platformName: WINDOWS, proxy: Proxy(), setWindowRect: true, strictFileInteractability: false, timeouts: {implicit: 0, pageLoad: 300000, script: 30000}, unhandledPromptBehavior: dismiss and notify, webauthn:extension:credBlob: true, webauthn:extension:largeBlob: true, webauthn:virtualAuthenticators: true}
Session ID: 5cf6552bdd9119d7b91cc297bffaab0f.

2022-01-14 23:13:15 - [MESSAGE][ERROR] - [SELF-HEALING] Cannot save screenshot to: D:\nam 3\nhap mon CNPM\bonus project\Test-Automation-SE-Bonus\Reports\Self-healing, reason: unknown error: unhandled inspector error: {"code":-32000,"message":"Cannot take screenshot with 0 width."}
  (Session info: chrome=97.0.4692.71)
Build info: version: '3.141.59', revision: 'e82be7d358', time: '2018-11-14T08:25:53'
System info: host: 'ADMIN', ip: '192.168.1.148', os.name: 'Windows 10', os.arch: 'amd64', os.version: '10.0', java.version: '1.8.0_282'
Driver info: com.kms.katalon.selenium.driver.CChromeDriver
Capabilities {acceptInsecureCerts: false, browserName: chrome, browserVersion: 97.0.4692.71, chrome: {chromedriverVersion: 97.0.4692.71 (adefa7837d02a..., userDataDir: C:\Users\Admin\AppData\Loca...}, goog:chromeOptions: {debuggerAddress: localhost:62170}, javascriptEnabled: true, networkConnectionEnabled: false, pageLoadStrategy: normal, platform: WINDOWS, platformName: WINDOWS, proxy: Proxy(), setWindowRect: true, strictFileInteractability: false, timeouts: {implicit: 0, pageLoad: 300000, script: 30000}, unhandledPromptBehavior: dismiss and notify, webauthn:extension:credBlob: true, webauthn:extension:largeBlob: true, webauthn:virtualAuthenticators: true}
Session ID: 5cf6552bdd9119d7b91cc297bffaab0f.

2022-01-14 23:13:15 - [MESSAGE][WARNING] - [SELF-HEALING] 'other' is different type of Path

2022-01-14 23:13:17 - [MESSAGE][INFO] - Unable to find the element located by 'By.xpath: //*[@type = 'submit' and @id = 'single_button61debc7e2875f15' and (text() = 'Continue' or . = 'Continue')]'. Please recheck the objects properties to make sure the desired element is located. 

2022-01-14 23:13:18 - [MESSAGE][INFO] - Unable to find the element located by 'By.cssSelector: #single_button61debc7e2875f15'. Please recheck the objects properties to make sure the desired element is located. 

2022-01-14 23:13:18 - [MESSAGE][FAILED] - Unable to click on object 'Object Repository/Page_Backup activity Forum 1/button_Continue' (Root cause: com.kms.katalon.core.exception.StepFailedException: Unable to click on object 'Object Repository/Page_Backup activity Forum 1/button_Continue'
	at com.kms.katalon.core.webui.keyword.internal.WebUIKeywordMain.stepFailed(WebUIKeywordMain.groovy:64)
	at com.kms.katalon.core.webui.keyword.internal.WebUIKeywordMain.runKeyword(WebUIKeywordMain.groovy:26)
	at com.kms.katalon.core.webui.keyword.builtin.ClickKeyword.click(ClickKeyword.groovy:74)
	at com.kms.katalon.core.webui.keyword.builtin.ClickKeyword.execute(ClickKeyword.groovy:40)
	at com.kms.katalon.core.keyword.internal.KeywordExecutor.executeKeywordForPlatform(KeywordExecutor.groovy:74)
	at com.kms.katalon.core.webui.keyword.WebUiBuiltInKeywords.click(WebUiBuiltInKeywords.groovy:620)
	at com.kms.katalon.core.webui.keyword.WebUiBuiltInKeywords$click$1.call(Unknown Source)
	at 43_Giáo viên backup forum môn học.run(43_Giáo viên backup forum môn học:46)
	at com.kms.katalon.core.main.ScriptEngine.run(ScriptEngine.java:194)
	at com.kms.katalon.core.main.ScriptEngine.runScriptAsRawText(ScriptEngine.java:119)
	at com.kms.katalon.core.main.TestCaseExecutor.runScript(TestCaseExecutor.java:442)
	at com.kms.katalon.core.main.TestCaseExecutor.doExecute(TestCaseExecutor.java:433)
	at com.kms.katalon.core.main.TestCaseExecutor.processExecutionPhase(TestCaseExecutor.java:412)
	at com.kms.katalon.core.main.TestCaseExecutor.accessMainPhase(TestCaseExecutor.java:404)
	at com.kms.katalon.core.main.TestCaseExecutor.execute(TestCaseExecutor.java:281)
	at com.kms.katalon.core.main.TestCaseExecutor.execute(TestCaseExecutor.java:363)
	at com.kms.katalon.core.main.TestCaseExecutor.execute(TestCaseExecutor.java:363)
	at com.kms.katalon.core.main.TestCaseExecutor.execute(TestCaseExecutor.java:363)
	at com.kms.katalon.core.main.TestSuiteExecutor.accessTestCaseMainPhase(TestSuiteExecutor.java:202)
	at com.kms.katalon.core.main.TestSuiteExecutor.accessTestSuiteMainPhase(TestSuiteExecutor.java:164)
	at com.kms.katalon.core.main.TestSuiteExecutor.execute(TestSuiteExecutor.java:105)
	at com.kms.katalon.core.main.TestCaseMain.startTestSuite(TestCaseMain.java:181)
	at com.kms.katalon.core.main.TestCaseMain$startTestSuite$0.call(Unknown Source)
	at TempTestSuite1642174516033.run(TempTestSuite1642174516033.groovy:36)
Caused by: com.kms.katalon.core.webui.exception.WebElementNotFoundException: Web element with id: 'Object Repository/Page_Backup activity Forum 1/button_Continue' located by '//button[@id='single_button61debc7e2875f15']' not found
	at com.kms.katalon.core.webui.common.WebUiCommonHelper.findWebElement(WebUiCommonHelper.java:1368)
	at com.kms.katalon.core.webui.keyword.internal.WebUIAbstractKeyword.findWebElement(WebUIAbstractKeyword.groovy:27)
	at com.kms.katalon.core.webui.keyword.builtin.ClickKeyword$_click_closure1.doCall(ClickKeyword.groovy:65)
	at com.kms.katalon.core.webui.keyword.builtin.ClickKeyword$_click_closure1.call(ClickKeyword.groovy)
	at com.kms.katalon.core.webui.keyword.internal.WebUIKeywordMain.runKeyword(WebUIKeywordMain.groovy:20)
	at com.kms.katalon.core.webui.keyword.builtin.ClickKeyword.click(ClickKeyword.groovy:74)
	at com.kms.katalon.core.webui.keyword.builtin.ClickKeyword.execute(ClickKeyword.groovy:40)
	at com.kms.katalon.core.keyword.internal.KeywordExecutor.executeKeywordForPlatform(KeywordExecutor.groovy:74)
	at com.kms.katalon.core.webui.keyword.WebUiBuiltInKeywords.click(WebUiBuiltInKeywords.groovy:620)
	at com.kms.katalon.core.webui.keyword.WebUiBuiltInKeywords$click$1.call(Unknown Source)
	at Script1641987133759.run(Script1641987133759.groovy:46)
	... 16 more
)
[[ATTACHMENT|D:\\nam 3\\nhap mon CNPM\\bonus project\\Test-Automation-SE-Bonus\\Reports\\20220114_223516\\Run all test cases\\20220114_223516\\1642176798130.png]]]]></system-out>
         <system-err><![CDATA[2022-01-14 23:12:51 - [TEST_CASE][FAILED] - Test Cases/43_Giáo viên backup forum môn học: Test Cases/43_Giáo viên backup forum môn học FAILED.
Reason:
com.kms.katalon.core.exception.StepFailedException: Unable to click on object 'Object Repository/Page_Backup activity Forum 1/button_Continue'
	at com.kms.katalon.core.webui.keyword.internal.WebUIKeywordMain.stepFailed(WebUIKeywordMain.groovy:64)
	at com.kms.katalon.core.webui.keyword.internal.WebUIKeywordMain.runKeyword(WebUIKeywordMain.groovy:26)
	at com.kms.katalon.core.webui.keyword.builtin.ClickKeyword.click(ClickKeyword.groovy:74)
	at com.kms.katalon.core.webui.keyword.builtin.ClickKeyword.execute(ClickKeyword.groovy:40)
	at com.kms.katalon.core.keyword.internal.KeywordExecutor.executeKeywordForPlatform(KeywordExecutor.groovy:74)
	at com.kms.katalon.core.webui.keyword.WebUiBuiltInKeywords.click(WebUiBuiltInKeywords.groovy:620)
	at com.kms.katalon.core.webui.keyword.WebUiBuiltInKeywords$click$1.call(Unknown Source)
	at 43_Giáo viên backup forum môn học.run(43_Giáo viên backup forum môn học:46)
	at com.kms.katalon.core.main.ScriptEngine.run(ScriptEngine.java:194)
	at com.kms.katalon.core.main.ScriptEngine.runScriptAsRawText(ScriptEngine.java:119)
	at com.kms.katalon.core.main.TestCaseExecutor.runScript(TestCaseExecutor.java:442)
	at com.kms.katalon.core.main.TestCaseExecutor.doExecute(TestCaseExecutor.java:433)
	at com.kms.katalon.core.main.TestCaseExecutor.processExecutionPhase(TestCaseExecutor.java:412)
	at com.kms.katalon.core.main.TestCaseExecutor.accessMainPhase(TestCaseExecutor.java:404)
	at com.kms.katalon.core.main.TestCaseExecutor.execute(TestCaseExecutor.java:281)
	at com.kms.katalon.core.main.TestCaseExecutor.execute(TestCaseExecutor.java:363)
	at com.kms.katalon.core.main.TestCaseExecutor.execute(TestCaseExecutor.java:363)
	at com.kms.katalon.core.main.TestCaseExecutor.execute(TestCaseExecutor.java:363)
	at com.kms.katalon.core.main.TestSuiteExecutor.accessTestCaseMainPhase(TestSuiteExecutor.java:202)
	at com.kms.katalon.core.main.TestSuiteExecutor.accessTestSuiteMainPhase(TestSuiteExecutor.java:164)
	at com.kms.katalon.core.main.TestSuiteExecutor.execute(TestSuiteExecutor.java:105)
	at com.kms.katalon.core.main.TestCaseMain.startTestSuite(TestCaseMain.java:181)
	at com.kms.katalon.core.main.TestCaseMain$startTestSuite$0.call(Unknown Source)
	at TempTestSuite1642174516033.run(TempTestSuite1642174516033.groovy:36)
Caused by: com.kms.katalon.core.webui.exception.WebElementNotFoundException: Web element with id: 'Object Repository/Page_Backup activity Forum 1/button_Continue' located by '//button[@id='single_button61debc7e2875f15']' not found
	at com.kms.katalon.core.webui.common.WebUiCommonHelper.findWebElement(WebUiCommonHelper.java:1368)
	at com.kms.katalon.core.webui.keyword.internal.WebUIAbstractKeyword.findWebElement(WebUIAbstractKeyword.groovy:27)
	at com.kms.katalon.core.webui.keyword.builtin.ClickKeyword$_click_closure1.doCall(ClickKeyword.groovy:65)
	at com.kms.katalon.core.webui.keyword.builtin.ClickKeyword$_click_closure1.call(ClickKeyword.groovy)
	at com.kms.katalon.core.webui.keyword.internal.WebUIKeywordMain.runKeyword(WebUIKeywordMain.groovy:20)
	... 22 more]]></system-err>
      </testcase>
      <testcase name="Test Cases/44_Giáo viên restore forum môn học" time="36.241" classname="Test Cases/44_Giáo viên restore forum môn học" status="FAILED">
         <failure type="FAILED" message="Test Cases/44_Giáo viên restore forum môn học FAILED.
Reason:
com.kms.katalon.core.exception.StepFailedException: Unable to click on object 'Object Repository/Page_AI Restore/button_Continue_1'
	at com.kms.katalon.core.webui.keyword.internal.WebUIKeywordMain.stepFailed(WebUIKeywordMain.groovy:64)
	at com.kms.katalon.core.webui.keyword.internal.WebUIKeywordMain.runKeyword(WebUIKeywordMain.groovy:26)
	at com.kms.katalon.core.webui.keyword.builtin.ClickKeyword.click(ClickKeyword.groovy:74)
	at com.kms.katalon.core.webui.keyword.builtin.ClickKeyword.execute(ClickKeyword.groovy:40)
	at com.kms.katalon.core.keyword.internal.KeywordExecutor.executeKeywordForPlatform(KeywordExecutor.groovy:74)
	at com.kms.katalon.core.webui.keyword.WebUiBuiltInKeywords.click(WebUiBuiltInKeywords.groovy:620)
	at com.kms.katalon.core.webui.keyword.WebUiBuiltInKeywords$click$1.call(Unknown Source)
	at 44_Giáo viên restore forum môn học.run(44_Giáo viên restore forum môn học:56)
	at com.kms.katalon.core.main.ScriptEngine.run(ScriptEngine.java:194)
	at com.kms.katalon.core.main.ScriptEngine.runScriptAsRawText(ScriptEngine.java:119)
	at com.kms.katalon.core.main.TestCaseExecutor.runScript(TestCaseExecutor.java:442)
	at com.kms.katalon.core.main.TestCaseExecutor.doExecute(TestCaseExecutor.java:433)
	at com.kms.katalon.core.main.TestCaseExecutor.processExecutionPhase(TestCaseExecutor.java:412)
	at com.kms.katalon.core.main.TestCaseExecutor.accessMainPhase(TestCaseExecutor.java:404)
	at com.kms.katalon.core.main.TestCaseExecutor.execute(TestCaseExecutor.java:281)
	at com.kms.katalon.core.main.TestCaseExecutor.execute(TestCaseExecutor.java:363)
	at com.kms.katalon.core.main.TestCaseExecutor.execute(TestCaseExecutor.java:363)
	at com.kms.katalon.core.main.TestCaseExecutor.execute(TestCaseExecutor.java:363)
	at com.kms.katalon.core.main.TestSuiteExecutor.accessTestCaseMainPhase(TestSuiteExecutor.java:202)
	at com.kms.katalon.core.main.TestSuiteExecutor.accessTestSuiteMainPhase(TestSuiteExecutor.java:164)
	at com.kms.katalon.core.main.TestSuiteExecutor.execute(TestSuiteExecutor.java:105)
	at com.kms.katalon.core.main.TestCaseMain.startTestSuite(TestCaseMain.java:181)
	at com.kms.katalon.core.main.TestCaseMain$startTestSuite$0.call(Unknown Source)
	at TempTestSuite1642174516033.run(TempTestSuite1642174516033.groovy:36)
Caused by: com.kms.katalon.core.webui.exception.WebElementNotFoundException: Web element with id: 'Object Repository/Page_AI Restore/button_Continue_1' located by '//button[@id='single_button61debd808e03d14']' not found
	at com.kms.katalon.core.webui.common.WebUiCommonHelper.findWebElement(WebUiCommonHelper.java:1368)
	at com.kms.katalon.core.webui.keyword.internal.WebUIAbstractKeyword.findWebElement(WebUIAbstractKeyword.groovy:27)
	at com.kms.katalon.core.webui.keyword.builtin.ClickKeyword$_click_closure1.doCall(ClickKeyword.groovy:65)
	at com.kms.katalon.core.webui.keyword.builtin.ClickKeyword$_click_closure1.call(ClickKeyword.groovy)
	at com.kms.katalon.core.webui.keyword.internal.WebUIKeywordMain.runKeyword(WebUIKeywordMain.groovy:20)
	... 22 more
"/>
         <system-out><![CDATA[2022-01-14 23:15:10 - [TEST_CASE][FAILED] - Test Cases/44_Giáo viên restore forum môn học: Test Cases/44_Giáo viên restore forum môn học FAILED.
Reason:
com.kms.katalon.core.exception.StepFailedException: Unable to click on object 'Object Repository/Page_AI Restore/button_Continue_1'
	at com.kms.katalon.core.webui.keyword.internal.WebUIKeywordMain.stepFailed(WebUIKeywordMain.groovy:64)
	at com.kms.katalon.core.webui.keyword.internal.WebUIKeywordMain.runKeyword(WebUIKeywordMain.groovy:26)
	at com.kms.katalon.core.webui.keyword.builtin.ClickKeyword.click(ClickKeyword.groovy:74)
	at com.kms.katalon.core.webui.keyword.builtin.ClickKeyword.execute(ClickKeyword.groovy:40)
	at com.kms.katalon.core.keyword.internal.KeywordExecutor.executeKeywordForPlatform(KeywordExecutor.groovy:74)
	at com.kms.katalon.core.webui.keyword.WebUiBuiltInKeywords.click(WebUiBuiltInKeywords.groovy:620)
	at com.kms.katalon.core.webui.keyword.WebUiBuiltInKeywords$click$1.call(Unknown Source)
	at 44_Giáo viên restore forum môn học.run(44_Giáo viên restore forum môn học:56)
	at com.kms.katalon.core.main.ScriptEngine.run(ScriptEngine.java:194)
	at com.kms.katalon.core.main.ScriptEngine.runScriptAsRawText(ScriptEngine.java:119)
	at com.kms.katalon.core.main.TestCaseExecutor.runScript(TestCaseExecutor.java:442)
	at com.kms.katalon.core.main.TestCaseExecutor.doExecute(TestCaseExecutor.java:433)
	at com.kms.katalon.core.main.TestCaseExecutor.processExecutionPhase(TestCaseExecutor.java:412)
	at com.kms.katalon.core.main.TestCaseExecutor.accessMainPhase(TestCaseExecutor.java:404)
	at com.kms.katalon.core.main.TestCaseExecutor.execute(TestCaseExecutor.java:281)
	at com.kms.katalon.core.main.TestCaseExecutor.execute(TestCaseExecutor.java:363)
	at com.kms.katalon.core.main.TestCaseExecutor.execute(TestCaseExecutor.java:363)
	at com.kms.katalon.core.main.TestCaseExecutor.execute(TestCaseExecutor.java:363)
	at com.kms.katalon.core.main.TestSuiteExecutor.accessTestCaseMainPhase(TestSuiteExecutor.java:202)
	at com.kms.katalon.core.main.TestSuiteExecutor.accessTestSuiteMainPhase(TestSuiteExecutor.java:164)
	at com.kms.katalon.core.main.TestSuiteExecutor.execute(TestSuiteExecutor.java:105)
	at com.kms.katalon.core.main.TestCaseMain.startTestSuite(TestCaseMain.java:181)
	at com.kms.katalon.core.main.TestCaseMain$startTestSuite$0.call(Unknown Source)
	at TempTestSuite1642174516033.run(TempTestSuite1642174516033.groovy:36)
Caused by: com.kms.katalon.core.webui.exception.WebElementNotFoundException: Web element with id: 'Object Repository/Page_AI Restore/button_Continue_1' located by '//button[@id='single_button61debd808e03d14']' not found
	at com.kms.katalon.core.webui.common.WebUiCommonHelper.findWebElement(WebUiCommonHelper.java:1368)
	at com.kms.katalon.core.webui.keyword.internal.WebUIAbstractKeyword.findWebElement(WebUIAbstractKeyword.groovy:27)
	at com.kms.katalon.core.webui.keyword.builtin.ClickKeyword$_click_closure1.doCall(ClickKeyword.groovy:65)
	at com.kms.katalon.core.webui.keyword.builtin.ClickKeyword$_click_closure1.call(ClickKeyword.groovy)
	at com.kms.katalon.core.webui.keyword.internal.WebUIKeywordMain.runKeyword(WebUIKeywordMain.groovy:20)
	... 22 more


2022-01-14 23:15:10 - [TEST_STEP][PASSED] - openBrowser(""): Browser is opened with url: ''

2022-01-14 23:15:10 - [MESSAGE][WARNING] - A browser is already opened. Closing browser and opening a new one

2022-01-14 23:15:10 - [MESSAGE][INFO] - Starting 'Chrome' driver

2022-01-14 23:15:10 - [MESSAGE][INFO] - Action delay is set to 0 milliseconds

2022-01-14 23:15:11 - [MESSAGE][PASSED] - Browser is opened with url: ''

2022-01-14 23:15:11 - [TEST_STEP][PASSED] - navigateToUrl("http://localhost/"): Navigate to 'http://localhost/' successfully

2022-01-14 23:15:12 - [MESSAGE][PASSED] - Navigate to 'http://localhost/' successfully

2022-01-14 23:15:12 - [TEST_STEP][PASSED] - click(findTestObject("Object Repository/Page_HCMUS/a_Log in")): Object: 'Object Repository/Page_HCMUS/a_Log in' is clicked on

2022-01-14 23:15:13 - [MESSAGE][PASSED] - Object: 'Object Repository/Page_HCMUS/a_Log in' is clicked on

2022-01-14 23:15:13 - [TEST_STEP][PASSED] - setText(findTestObject("Object Repository/Page_HCMUS Log in to the site/input_Username_username"), "teacher1"): Text 'teacher1' is set on object 'Object Repository/Page_HCMUS Log in to the site/input_Username_username'

2022-01-14 23:15:13 - [MESSAGE][PASSED] - Text 'teacher1' is set on object 'Object Repository/Page_HCMUS Log in to the site/input_Username_username'

2022-01-14 23:15:13 - [TEST_STEP][PASSED] - setEncryptedText(findTestObject("Object Repository/Page_HCMUS Log in to the site/input_Password_password"), "iKb8CrY6A/iqm08K47hQLA=="): Text ****** has been set on object 'Object Repository/Page_HCMUS Log in to the site/input_Password_password'

2022-01-14 23:15:14 - [MESSAGE][PASSED] - Text ****** has been set on object 'Object Repository/Page_HCMUS Log in to the site/input_Password_password'

2022-01-14 23:15:14 - [TEST_STEP][PASSED] - click(findTestObject("Object Repository/Page_HCMUS Log in to the site/button_Log in")): Object: 'Object Repository/Page_HCMUS Log in to the site/button_Log in' is clicked on

2022-01-14 23:15:15 - [MESSAGE][PASSED] - Object: 'Object Repository/Page_HCMUS Log in to the site/button_Log in' is clicked on

2022-01-14 23:15:15 - [TEST_STEP][PASSED] - click(findTestObject("Object Repository/Page_Dashboard/span_Site home")): Object: 'Object Repository/Page_Dashboard/span_Site home' is clicked on

2022-01-14 23:15:16 - [MESSAGE][PASSED] - Object: 'Object Repository/Page_Dashboard/span_Site home' is clicked on

2022-01-14 23:15:16 - [TEST_STEP][PASSED] - click(findTestObject("Object Repository/Page_HCMUS/a_Nhp mn tr tu nhn to")): Object: 'Object Repository/Page_HCMUS/a_Nhp mn tr tu nhn to' is clicked on

2022-01-14 23:15:17 - [MESSAGE][PASSED] - Object: 'Object Repository/Page_HCMUS/a_Nhp mn tr tu nhn to' is clicked on

2022-01-14 23:15:17 - [TEST_STEP][PASSED] - click(findTestObject("Object Repository/Page_Course Nhp mn tr tu nhn to/a_Nhp mn tr tu nhn to_action-menu-toggle-2")): Object: 'Object Repository/Page_Course Nhp mn tr tu nhn to/a_Nhp mn tr tu nhn to_action-menu-toggle-2' is clicked on

2022-01-14 23:15:18 - [MESSAGE][PASSED] - Object: 'Object Repository/Page_Course Nhp mn tr tu nhn to/a_Nhp mn tr tu nhn to_action-menu-toggle-2' is clicked on

2022-01-14 23:15:18 - [TEST_STEP][PASSED] - click(findTestObject("Object Repository/Page_Course Nhp mn tr tu nhn to/a_Restore_1")): Object: 'Object Repository/Page_Course Nhp mn tr tu nhn to/a_Restore_1' is clicked on

2022-01-14 23:15:24 - [MESSAGE][INFO] - Unable to find the element located by 'By.xpath: //a[@id='action_link61debd57e7d4719']'. Please recheck the objects properties to make sure the desired element is located. 

2022-01-14 23:15:24 - [MESSAGE][WARNING] - [SELF-HEALING] Failed to find element with id 'Object Repository/Page_Course Nhp mn tr tu nhn to/a_Restore_1'. Try using Self-healing.

2022-01-14 23:15:24 - [MESSAGE][WARNING] - [SELF-HEALING] The current locator of test object 'Object Repository/Page_Course Nhp mn tr tu nhn to/a_Restore_1' was broken. Propose an alternative one: '//div[@id='action-menu-2-menu']/div[6]/a'.

2022-01-14 23:15:25 - [MESSAGE][PASSED] - Object: 'Object Repository/Page_Course Nhp mn tr tu nhn to/a_Restore_1' is clicked on

2022-01-14 23:15:25 - [TEST_STEP][PASSED] - click(findTestObject("Object Repository/Page_Course Nhp mn tr tu nhn to/a_Restore_1_2")): Object: 'Object Repository/Page_Course Nhp mn tr tu nhn to/a_Restore_1_2' is clicked on

2022-01-14 23:15:25 - [MESSAGE][PASSED] - Object: 'Object Repository/Page_Course Nhp mn tr tu nhn to/a_Restore_1_2' is clicked on

2022-01-14 23:15:25 - [TEST_STEP][PASSED] - click(findTestObject("Object Repository/Page_AI Restore/button_Continue")): Object: 'Object Repository/Page_AI Restore/button_Continue' is clicked on

2022-01-14 23:15:32 - [MESSAGE][INFO] - Unable to find the element located by 'By.xpath: //button[@id='single_button61debd62bdb0b14']'. Please recheck the objects properties to make sure the desired element is located. 

2022-01-14 23:15:32 - [MESSAGE][WARNING] - [SELF-HEALING] Failed to find element with id 'Object Repository/Page_AI Restore/button_Continue'. Try using Self-healing.

2022-01-14 23:15:32 - [MESSAGE][WARNING] - [SELF-HEALING] The current locator of test object 'Object Repository/Page_AI Restore/button_Continue' was broken. Propose an alternative one: '//section[@id='region-main']/div/div[2]/div[3]/form/button'.

2022-01-14 23:15:32 - [MESSAGE][PASSED] - Object: 'Object Repository/Page_AI Restore/button_Continue' is clicked on

2022-01-14 23:15:32 - [TEST_STEP][PASSED] - click(findTestObject("Object Repository/Page_AI Restore/input_Course full name_targetid")): Object: 'Object Repository/Page_AI Restore/input_Course full name_targetid' is clicked on

2022-01-14 23:15:33 - [MESSAGE][PASSED] - Object: 'Object Repository/Page_AI Restore/input_Course full name_targetid' is clicked on

2022-01-14 23:15:33 - [TEST_STEP][PASSED] - click(findTestObject("Object Repository/Page_AI Restore/input_Search courses_btn btn-primary")): Object: 'Object Repository/Page_AI Restore/input_Search courses_btn btn-primary' is clicked on

2022-01-14 23:15:34 - [MESSAGE][PASSED] - Object: 'Object Repository/Page_AI Restore/input_Search courses_btn btn-primary' is clicked on

2022-01-14 23:15:34 - [TEST_STEP][PASSED] - click(findTestObject("Object Repository/Page_AI Restore/input_Include legacy course files_submitbutton")): Object: 'Object Repository/Page_AI Restore/input_Include legacy course files_submitbutton' is clicked on

2022-01-14 23:15:34 - [MESSAGE][PASSED] - Object: 'Object Repository/Page_AI Restore/input_Include legacy course files_submitbutton' is clicked on

2022-01-14 23:15:34 - [TEST_STEP][PASSED] - click(findTestObject("Object Repository/Page_AI Restore/input_Include legacy course files_submitbutton")): Object: 'Object Repository/Page_AI Restore/input_Include legacy course files_submitbutton' is clicked on

2022-01-14 23:15:35 - [MESSAGE][PASSED] - Object: 'Object Repository/Page_AI Restore/input_Include legacy course files_submitbutton' is clicked on

2022-01-14 23:15:35 - [TEST_STEP][PASSED] - click(findTestObject("Object Repository/Page_AI Restore/input_Include legacy course files_submitbutton")): Object: 'Object Repository/Page_AI Restore/input_Include legacy course files_submitbutton' is clicked on

2022-01-14 23:15:36 - [MESSAGE][PASSED] - Object: 'Object Repository/Page_AI Restore/input_Include legacy course files_submitbutton' is clicked on

2022-01-14 23:15:36 - [TEST_STEP][PASSED] - verifyElementVisible(findTestObject("Object Repository/Page_AI Restore/div_The course was restored successfully, c_90f1d8")): Object 'Object Repository/Page_AI Restore/div_The course was restored successfully, c_90f1d8' is visible

2022-01-14 23:15:37 - [MESSAGE][PASSED] - Object 'Object Repository/Page_AI Restore/div_The course was restored successfully, c_90f1d8' is visible

2022-01-14 23:15:37 - [TEST_STEP][FAILED] - click(findTestObject("Object Repository/Page_AI Restore/button_Continue_1")): Unable to click on object 'Object Repository/Page_AI Restore/button_Continue_1' (Root cause: com.kms.katalon.core.exception.StepFailedException: Unable to click on object 'Object Repository/Page_AI Restore/button_Continue_1'
	at com.kms.katalon.core.webui.keyword.internal.WebUIKeywordMain.stepFailed(WebUIKeywordMain.groovy:64)
	at com.kms.katalon.core.webui.keyword.internal.WebUIKeywordMain.runKeyword(WebUIKeywordMain.groovy:26)
	at com.kms.katalon.core.webui.keyword.builtin.ClickKeyword.click(ClickKeyword.groovy:74)
	at com.kms.katalon.core.webui.keyword.builtin.ClickKeyword.execute(ClickKeyword.groovy:40)
	at com.kms.katalon.core.keyword.internal.KeywordExecutor.executeKeywordForPlatform(KeywordExecutor.groovy:74)
	at com.kms.katalon.core.webui.keyword.WebUiBuiltInKeywords.click(WebUiBuiltInKeywords.groovy:620)
	at com.kms.katalon.core.webui.keyword.WebUiBuiltInKeywords$click$1.call(Unknown Source)
	at 44_Giáo viên restore forum môn học.run(44_Giáo viên restore forum môn học:56)
	at com.kms.katalon.core.main.ScriptEngine.run(ScriptEngine.java:194)
	at com.kms.katalon.core.main.ScriptEngine.runScriptAsRawText(ScriptEngine.java:119)
	at com.kms.katalon.core.main.TestCaseExecutor.runScript(TestCaseExecutor.java:442)
	at com.kms.katalon.core.main.TestCaseExecutor.doExecute(TestCaseExecutor.java:433)
	at com.kms.katalon.core.main.TestCaseExecutor.processExecutionPhase(TestCaseExecutor.java:412)
	at com.kms.katalon.core.main.TestCaseExecutor.accessMainPhase(TestCaseExecutor.java:404)
	at com.kms.katalon.core.main.TestCaseExecutor.execute(TestCaseExecutor.java:281)
	at com.kms.katalon.core.main.TestCaseExecutor.execute(TestCaseExecutor.java:363)
	at com.kms.katalon.core.main.TestCaseExecutor.execute(TestCaseExecutor.java:363)
	at com.kms.katalon.core.main.TestCaseExecutor.execute(TestCaseExecutor.java:363)
	at com.kms.katalon.core.main.TestSuiteExecutor.accessTestCaseMainPhase(TestSuiteExecutor.java:202)
	at com.kms.katalon.core.main.TestSuiteExecutor.accessTestSuiteMainPhase(TestSuiteExecutor.java:164)
	at com.kms.katalon.core.main.TestSuiteExecutor.execute(TestSuiteExecutor.java:105)
	at com.kms.katalon.core.main.TestCaseMain.startTestSuite(TestCaseMain.java:181)
	at com.kms.katalon.core.main.TestCaseMain$startTestSuite$0.call(Unknown Source)
	at TempTestSuite1642174516033.run(TempTestSuite1642174516033.groovy:36)
Caused by: com.kms.katalon.core.webui.exception.WebElementNotFoundException: Web element with id: 'Object Repository/Page_AI Restore/button_Continue_1' located by '//button[@id='single_button61debd808e03d14']' not found
	at com.kms.katalon.core.webui.common.WebUiCommonHelper.findWebElement(WebUiCommonHelper.java:1368)
	at com.kms.katalon.core.webui.keyword.internal.WebUIAbstractKeyword.findWebElement(WebUIAbstractKeyword.groovy:27)
	at com.kms.katalon.core.webui.keyword.builtin.ClickKeyword$_click_closure1.doCall(ClickKeyword.groovy:65)
	at com.kms.katalon.core.webui.keyword.builtin.ClickKeyword$_click_closure1.call(ClickKeyword.groovy)
	at com.kms.katalon.core.webui.keyword.internal.WebUIKeywordMain.runKeyword(WebUIKeywordMain.groovy:20)
	at com.kms.katalon.core.webui.keyword.builtin.ClickKeyword.click(ClickKeyword.groovy:74)
	at com.kms.katalon.core.webui.keyword.builtin.ClickKeyword.execute(ClickKeyword.groovy:40)
	at com.kms.katalon.core.keyword.internal.KeywordExecutor.executeKeywordForPlatform(KeywordExecutor.groovy:74)
	at com.kms.katalon.core.webui.keyword.WebUiBuiltInKeywords.click(WebUiBuiltInKeywords.groovy:620)
	at com.kms.katalon.core.webui.keyword.WebUiBuiltInKeywords$click$1.call(Unknown Source)
	at Script1641987357201.run(Script1641987357201.groovy:56)
	... 16 more
)

2022-01-14 23:15:43 - [MESSAGE][INFO] - Unable to find the element located by 'By.xpath: //button[@id='single_button61debd808e03d14']'. Please recheck the objects properties to make sure the desired element is located. 

2022-01-14 23:15:43 - [MESSAGE][WARNING] - [SELF-HEALING] Failed to find element with id 'Object Repository/Page_AI Restore/button_Continue_1'. Try using Self-healing.

2022-01-14 23:15:43 - [MESSAGE][INFO] - [SELF-HEALING] Failed Locator: '//button[@id='single_button61debd808e03d14']'.

2022-01-14 23:15:43 - [MESSAGE][INFO] - [SELF-HEALING] Failed Locator: '//section[@id='region-main']/div/div[3]/div[2]/form/button'.

2022-01-14 23:15:44 - [MESSAGE][INFO] - [SELF-HEALING] Working Locator: '(.//*[normalize-space(text()) and normalize-space(.)='×'])[1]/following::button[1]'.

2022-01-14 23:15:44 - [MESSAGE][ERROR] - [SELF-HEALING] Cannot save screenshot to: D:\nam 3\nhap mon CNPM\bonus project\Test-Automation-SE-Bonus\Reports\Self-healing, reason: unknown error: unhandled inspector error: {"code":-32000,"message":"Cannot take screenshot with 0 width."}
  (Session info: chrome=97.0.4692.71)
Build info: version: '3.141.59', revision: 'e82be7d358', time: '2018-11-14T08:25:53'
System info: host: 'ADMIN', ip: '192.168.1.148', os.name: 'Windows 10', os.arch: 'amd64', os.version: '10.0', java.version: '1.8.0_282'
Driver info: com.kms.katalon.selenium.driver.CChromeDriver
Capabilities {acceptInsecureCerts: false, browserName: chrome, browserVersion: 97.0.4692.71, chrome: {chromedriverVersion: 97.0.4692.71 (adefa7837d02a..., userDataDir: C:\Users\Admin\AppData\Loca...}, goog:chromeOptions: {debuggerAddress: localhost:62547}, javascriptEnabled: true, networkConnectionEnabled: false, pageLoadStrategy: normal, platform: WINDOWS, platformName: WINDOWS, proxy: Proxy(), setWindowRect: true, strictFileInteractability: false, timeouts: {implicit: 0, pageLoad: 300000, script: 30000}, unhandledPromptBehavior: dismiss and notify, webauthn:extension:credBlob: true, webauthn:extension:largeBlob: true, webauthn:virtualAuthenticators: true}
Session ID: f2cecc838f3c8c400d302d6be855bc41.

2022-01-14 23:15:44 - [MESSAGE][ERROR] - [SELF-HEALING] Cannot save screenshot to: D:\nam 3\nhap mon CNPM\bonus project\Test-Automation-SE-Bonus\Reports\Self-healing, reason: unknown error: unhandled inspector error: {"code":-32000,"message":"Cannot take screenshot with 0 width."}
  (Session info: chrome=97.0.4692.71)
Build info: version: '3.141.59', revision: 'e82be7d358', time: '2018-11-14T08:25:53'
System info: host: 'ADMIN', ip: '192.168.1.148', os.name: 'Windows 10', os.arch: 'amd64', os.version: '10.0', java.version: '1.8.0_282'
Driver info: com.kms.katalon.selenium.driver.CChromeDriver
Capabilities {acceptInsecureCerts: false, browserName: chrome, browserVersion: 97.0.4692.71, chrome: {chromedriverVersion: 97.0.4692.71 (adefa7837d02a..., userDataDir: C:\Users\Admin\AppData\Loca...}, goog:chromeOptions: {debuggerAddress: localhost:62547}, javascriptEnabled: true, networkConnectionEnabled: false, pageLoadStrategy: normal, platform: WINDOWS, platformName: WINDOWS, proxy: Proxy(), setWindowRect: true, strictFileInteractability: false, timeouts: {implicit: 0, pageLoad: 300000, script: 30000}, unhandledPromptBehavior: dismiss and notify, webauthn:extension:credBlob: true, webauthn:extension:largeBlob: true, webauthn:virtualAuthenticators: true}
Session ID: f2cecc838f3c8c400d302d6be855bc41.

2022-01-14 23:15:44 - [MESSAGE][WARNING] - [SELF-HEALING] 'other' is different type of Path

2022-01-14 23:15:45 - [MESSAGE][INFO] - Unable to find the element located by 'By.xpath: //*[@type = 'submit' and @id = 'single_button61debd808e03d14' and (text() = 'Continue' or . = 'Continue')]'. Please recheck the objects properties to make sure the desired element is located. 

2022-01-14 23:15:46 - [MESSAGE][INFO] - Unable to find the element located by 'By.cssSelector: #single_button61debd808e03d14'. Please recheck the objects properties to make sure the desired element is located. 

2022-01-14 23:15:46 - [MESSAGE][FAILED] - Unable to click on object 'Object Repository/Page_AI Restore/button_Continue_1' (Root cause: com.kms.katalon.core.exception.StepFailedException: Unable to click on object 'Object Repository/Page_AI Restore/button_Continue_1'
	at com.kms.katalon.core.webui.keyword.internal.WebUIKeywordMain.stepFailed(WebUIKeywordMain.groovy:64)
	at com.kms.katalon.core.webui.keyword.internal.WebUIKeywordMain.runKeyword(WebUIKeywordMain.groovy:26)
	at com.kms.katalon.core.webui.keyword.builtin.ClickKeyword.click(ClickKeyword.groovy:74)
	at com.kms.katalon.core.webui.keyword.builtin.ClickKeyword.execute(ClickKeyword.groovy:40)
	at com.kms.katalon.core.keyword.internal.KeywordExecutor.executeKeywordForPlatform(KeywordExecutor.groovy:74)
	at com.kms.katalon.core.webui.keyword.WebUiBuiltInKeywords.click(WebUiBuiltInKeywords.groovy:620)
	at com.kms.katalon.core.webui.keyword.WebUiBuiltInKeywords$click$1.call(Unknown Source)
	at 44_Giáo viên restore forum môn học.run(44_Giáo viên restore forum môn học:56)
	at com.kms.katalon.core.main.ScriptEngine.run(ScriptEngine.java:194)
	at com.kms.katalon.core.main.ScriptEngine.runScriptAsRawText(ScriptEngine.java:119)
	at com.kms.katalon.core.main.TestCaseExecutor.runScript(TestCaseExecutor.java:442)
	at com.kms.katalon.core.main.TestCaseExecutor.doExecute(TestCaseExecutor.java:433)
	at com.kms.katalon.core.main.TestCaseExecutor.processExecutionPhase(TestCaseExecutor.java:412)
	at com.kms.katalon.core.main.TestCaseExecutor.accessMainPhase(TestCaseExecutor.java:404)
	at com.kms.katalon.core.main.TestCaseExecutor.execute(TestCaseExecutor.java:281)
	at com.kms.katalon.core.main.TestCaseExecutor.execute(TestCaseExecutor.java:363)
	at com.kms.katalon.core.main.TestCaseExecutor.execute(TestCaseExecutor.java:363)
	at com.kms.katalon.core.main.TestCaseExecutor.execute(TestCaseExecutor.java:363)
	at com.kms.katalon.core.main.TestSuiteExecutor.accessTestCaseMainPhase(TestSuiteExecutor.java:202)
	at com.kms.katalon.core.main.TestSuiteExecutor.accessTestSuiteMainPhase(TestSuiteExecutor.java:164)
	at com.kms.katalon.core.main.TestSuiteExecutor.execute(TestSuiteExecutor.java:105)
	at com.kms.katalon.core.main.TestCaseMain.startTestSuite(TestCaseMain.java:181)
	at com.kms.katalon.core.main.TestCaseMain$startTestSuite$0.call(Unknown Source)
	at TempTestSuite1642174516033.run(TempTestSuite1642174516033.groovy:36)
Caused by: com.kms.katalon.core.webui.exception.WebElementNotFoundException: Web element with id: 'Object Repository/Page_AI Restore/button_Continue_1' located by '//button[@id='single_button61debd808e03d14']' not found
	at com.kms.katalon.core.webui.common.WebUiCommonHelper.findWebElement(WebUiCommonHelper.java:1368)
	at com.kms.katalon.core.webui.keyword.internal.WebUIAbstractKeyword.findWebElement(WebUIAbstractKeyword.groovy:27)
	at com.kms.katalon.core.webui.keyword.builtin.ClickKeyword$_click_closure1.doCall(ClickKeyword.groovy:65)
	at com.kms.katalon.core.webui.keyword.builtin.ClickKeyword$_click_closure1.call(ClickKeyword.groovy)
	at com.kms.katalon.core.webui.keyword.internal.WebUIKeywordMain.runKeyword(WebUIKeywordMain.groovy:20)
	at com.kms.katalon.core.webui.keyword.builtin.ClickKeyword.click(ClickKeyword.groovy:74)
	at com.kms.katalon.core.webui.keyword.builtin.ClickKeyword.execute(ClickKeyword.groovy:40)
	at com.kms.katalon.core.keyword.internal.KeywordExecutor.executeKeywordForPlatform(KeywordExecutor.groovy:74)
	at com.kms.katalon.core.webui.keyword.WebUiBuiltInKeywords.click(WebUiBuiltInKeywords.groovy:620)
	at com.kms.katalon.core.webui.keyword.WebUiBuiltInKeywords$click$1.call(Unknown Source)
	at Script1641987357201.run(Script1641987357201.groovy:56)
	... 16 more
)
[[ATTACHMENT|D:\\nam 3\\nhap mon CNPM\\bonus project\\Test-Automation-SE-Bonus\\Reports\\20220114_223516\\Run all test cases\\20220114_223516\\1642176946311.png]]]]></system-out>
         <system-err><![CDATA[2022-01-14 23:15:10 - [TEST_CASE][FAILED] - Test Cases/44_Giáo viên restore forum môn học: Test Cases/44_Giáo viên restore forum môn học FAILED.
Reason:
com.kms.katalon.core.exception.StepFailedException: Unable to click on object 'Object Repository/Page_AI Restore/button_Continue_1'
	at com.kms.katalon.core.webui.keyword.internal.WebUIKeywordMain.stepFailed(WebUIKeywordMain.groovy:64)
	at com.kms.katalon.core.webui.keyword.internal.WebUIKeywordMain.runKeyword(WebUIKeywordMain.groovy:26)
	at com.kms.katalon.core.webui.keyword.builtin.ClickKeyword.click(ClickKeyword.groovy:74)
	at com.kms.katalon.core.webui.keyword.builtin.ClickKeyword.execute(ClickKeyword.groovy:40)
	at com.kms.katalon.core.keyword.internal.KeywordExecutor.executeKeywordForPlatform(KeywordExecutor.groovy:74)
	at com.kms.katalon.core.webui.keyword.WebUiBuiltInKeywords.click(WebUiBuiltInKeywords.groovy:620)
	at com.kms.katalon.core.webui.keyword.WebUiBuiltInKeywords$click$1.call(Unknown Source)
	at 44_Giáo viên restore forum môn học.run(44_Giáo viên restore forum môn học:56)
	at com.kms.katalon.core.main.ScriptEngine.run(ScriptEngine.java:194)
	at com.kms.katalon.core.main.ScriptEngine.runScriptAsRawText(ScriptEngine.java:119)
	at com.kms.katalon.core.main.TestCaseExecutor.runScript(TestCaseExecutor.java:442)
	at com.kms.katalon.core.main.TestCaseExecutor.doExecute(TestCaseExecutor.java:433)
	at com.kms.katalon.core.main.TestCaseExecutor.processExecutionPhase(TestCaseExecutor.java:412)
	at com.kms.katalon.core.main.TestCaseExecutor.accessMainPhase(TestCaseExecutor.java:404)
	at com.kms.katalon.core.main.TestCaseExecutor.execute(TestCaseExecutor.java:281)
	at com.kms.katalon.core.main.TestCaseExecutor.execute(TestCaseExecutor.java:363)
	at com.kms.katalon.core.main.TestCaseExecutor.execute(TestCaseExecutor.java:363)
	at com.kms.katalon.core.main.TestCaseExecutor.execute(TestCaseExecutor.java:363)
	at com.kms.katalon.core.main.TestSuiteExecutor.accessTestCaseMainPhase(TestSuiteExecutor.java:202)
	at com.kms.katalon.core.main.TestSuiteExecutor.accessTestSuiteMainPhase(TestSuiteExecutor.java:164)
	at com.kms.katalon.core.main.TestSuiteExecutor.execute(TestSuiteExecutor.java:105)
	at com.kms.katalon.core.main.TestCaseMain.startTestSuite(TestCaseMain.java:181)
	at com.kms.katalon.core.main.TestCaseMain$startTestSuite$0.call(Unknown Source)
	at TempTestSuite1642174516033.run(TempTestSuite1642174516033.groovy:36)
Caused by: com.kms.katalon.core.webui.exception.WebElementNotFoundException: Web element with id: 'Object Repository/Page_AI Restore/button_Continue_1' located by '//button[@id='single_button61debd808e03d14']' not found
	at com.kms.katalon.core.webui.common.WebUiCommonHelper.findWebElement(WebUiCommonHelper.java:1368)
	at com.kms.katalon.core.webui.keyword.internal.WebUIAbstractKeyword.findWebElement(WebUIAbstractKeyword.groovy:27)
	at com.kms.katalon.core.webui.keyword.builtin.ClickKeyword$_click_closure1.doCall(ClickKeyword.groovy:65)
	at com.kms.katalon.core.webui.keyword.builtin.ClickKeyword$_click_closure1.call(ClickKeyword.groovy)
	at com.kms.katalon.core.webui.keyword.internal.WebUIKeywordMain.runKeyword(WebUIKeywordMain.groovy:20)
	... 22 more]]></system-err>
      </testcase>
      <testcase name="Test Cases/45_Admin chỉnh sửa thông tin của một user" time="34.435" classname="Test Cases/45_Admin chỉnh sửa thông tin của một user" status="FAILED">
         <failure type="FAILED" message="Test Cases/45_Admin chỉnh sửa thông tin của một user FAILED.
Reason:
com.kms.katalon.core.exception.StepFailedException: Unable to verify object 'Object Repository/Page_KHTN Administration Users Accounts Bro_45ce40/div_Changes saved' is visible
	at com.kms.katalon.core.webui.keyword.internal.WebUIKeywordMain.stepFailed(WebUIKeywordMain.groovy:64)
	at com.kms.katalon.core.webui.keyword.internal.WebUIKeywordMain.runKeyword(WebUIKeywordMain.groovy:26)
	at com.kms.katalon.core.webui.keyword.builtin.VerifyElementVisibleKeyword.verifyElementVisible(VerifyElementVisibleKeyword.groovy:97)
	at com.kms.katalon.core.webui.keyword.builtin.VerifyElementVisibleKeyword.execute(VerifyElementVisibleKeyword.groovy:67)
	at com.kms.katalon.core.keyword.internal.KeywordExecutor.executeKeywordForPlatform(KeywordExecutor.groovy:74)
	at com.kms.katalon.core.webui.keyword.WebUiBuiltInKeywords.verifyElementVisible(WebUiBuiltInKeywords.groovy:376)
	at com.kms.katalon.core.webui.keyword.WebUiBuiltInKeywords$verifyElementVisible$4.call(Unknown Source)
	at 45_Admin chỉnh sửa thông tin của một user.run(45_Admin chỉnh sửa thông tin của một user:46)
	at com.kms.katalon.core.main.ScriptEngine.run(ScriptEngine.java:194)
	at com.kms.katalon.core.main.ScriptEngine.runScriptAsRawText(ScriptEngine.java:119)
	at com.kms.katalon.core.main.TestCaseExecutor.runScript(TestCaseExecutor.java:442)
	at com.kms.katalon.core.main.TestCaseExecutor.doExecute(TestCaseExecutor.java:433)
	at com.kms.katalon.core.main.TestCaseExecutor.processExecutionPhase(TestCaseExecutor.java:412)
	at com.kms.katalon.core.main.TestCaseExecutor.accessMainPhase(TestCaseExecutor.java:404)
	at com.kms.katalon.core.main.TestCaseExecutor.execute(TestCaseExecutor.java:281)
	at com.kms.katalon.core.main.TestCaseExecutor.execute(TestCaseExecutor.java:363)
	at com.kms.katalon.core.main.TestCaseExecutor.execute(TestCaseExecutor.java:363)
	at com.kms.katalon.core.main.TestCaseExecutor.execute(TestCaseExecutor.java:363)
	at com.kms.katalon.core.main.TestSuiteExecutor.accessTestCaseMainPhase(TestSuiteExecutor.java:202)
	at com.kms.katalon.core.main.TestSuiteExecutor.accessTestSuiteMainPhase(TestSuiteExecutor.java:164)
	at com.kms.katalon.core.main.TestSuiteExecutor.execute(TestSuiteExecutor.java:105)
	at com.kms.katalon.core.main.TestCaseMain.startTestSuite(TestCaseMain.java:181)
	at com.kms.katalon.core.main.TestCaseMain$startTestSuite$0.call(Unknown Source)
	at TempTestSuite1642174516033.run(TempTestSuite1642174516033.groovy:36)
Caused by: com.kms.katalon.core.exception.StepFailedException: Web element with id: 'Object Repository/Page_KHTN Administration Users Accounts Bro_45ce40/div_Changes saved' located by '//span[@id='user-notifications']/div' not found
	at com.kms.katalon.core.webui.keyword.internal.WebUIKeywordMain.stepFailed(WebUIKeywordMain.groovy:64)
	at com.kms.katalon.core.webui.keyword.builtin.VerifyElementVisibleKeyword$_verifyElementVisible_closure1.doCall(VerifyElementVisibleKeyword.groovy:89)
	at com.kms.katalon.core.webui.keyword.builtin.VerifyElementVisibleKeyword$_verifyElementVisible_closure1.call(VerifyElementVisibleKeyword.groovy)
	at com.kms.katalon.core.webui.keyword.internal.WebUIKeywordMain.runKeyword(WebUIKeywordMain.groovy:20)
	... 22 more
"/>
         <system-out><![CDATA[2022-01-14 23:17:31 - [TEST_CASE][FAILED] - Test Cases/45_Admin chỉnh sửa thông tin của một user: Test Cases/45_Admin chỉnh sửa thông tin của một user FAILED.
Reason:
com.kms.katalon.core.exception.StepFailedException: Unable to verify object 'Object Repository/Page_KHTN Administration Users Accounts Bro_45ce40/div_Changes saved' is visible
	at com.kms.katalon.core.webui.keyword.internal.WebUIKeywordMain.stepFailed(WebUIKeywordMain.groovy:64)
	at com.kms.katalon.core.webui.keyword.internal.WebUIKeywordMain.runKeyword(WebUIKeywordMain.groovy:26)
	at com.kms.katalon.core.webui.keyword.builtin.VerifyElementVisibleKeyword.verifyElementVisible(VerifyElementVisibleKeyword.groovy:97)
	at com.kms.katalon.core.webui.keyword.builtin.VerifyElementVisibleKeyword.execute(VerifyElementVisibleKeyword.groovy:67)
	at com.kms.katalon.core.keyword.internal.KeywordExecutor.executeKeywordForPlatform(KeywordExecutor.groovy:74)
	at com.kms.katalon.core.webui.keyword.WebUiBuiltInKeywords.verifyElementVisible(WebUiBuiltInKeywords.groovy:376)
	at com.kms.katalon.core.webui.keyword.WebUiBuiltInKeywords$verifyElementVisible$4.call(Unknown Source)
	at 45_Admin chỉnh sửa thông tin của một user.run(45_Admin chỉnh sửa thông tin của một user:46)
	at com.kms.katalon.core.main.ScriptEngine.run(ScriptEngine.java:194)
	at com.kms.katalon.core.main.ScriptEngine.runScriptAsRawText(ScriptEngine.java:119)
	at com.kms.katalon.core.main.TestCaseExecutor.runScript(TestCaseExecutor.java:442)
	at com.kms.katalon.core.main.TestCaseExecutor.doExecute(TestCaseExecutor.java:433)
	at com.kms.katalon.core.main.TestCaseExecutor.processExecutionPhase(TestCaseExecutor.java:412)
	at com.kms.katalon.core.main.TestCaseExecutor.accessMainPhase(TestCaseExecutor.java:404)
	at com.kms.katalon.core.main.TestCaseExecutor.execute(TestCaseExecutor.java:281)
	at com.kms.katalon.core.main.TestCaseExecutor.execute(TestCaseExecutor.java:363)
	at com.kms.katalon.core.main.TestCaseExecutor.execute(TestCaseExecutor.java:363)
	at com.kms.katalon.core.main.TestCaseExecutor.execute(TestCaseExecutor.java:363)
	at com.kms.katalon.core.main.TestSuiteExecutor.accessTestCaseMainPhase(TestSuiteExecutor.java:202)
	at com.kms.katalon.core.main.TestSuiteExecutor.accessTestSuiteMainPhase(TestSuiteExecutor.java:164)
	at com.kms.katalon.core.main.TestSuiteExecutor.execute(TestSuiteExecutor.java:105)
	at com.kms.katalon.core.main.TestCaseMain.startTestSuite(TestCaseMain.java:181)
	at com.kms.katalon.core.main.TestCaseMain$startTestSuite$0.call(Unknown Source)
	at TempTestSuite1642174516033.run(TempTestSuite1642174516033.groovy:36)
Caused by: com.kms.katalon.core.exception.StepFailedException: Web element with id: 'Object Repository/Page_KHTN Administration Users Accounts Bro_45ce40/div_Changes saved' located by '//span[@id='user-notifications']/div' not found
	at com.kms.katalon.core.webui.keyword.internal.WebUIKeywordMain.stepFailed(WebUIKeywordMain.groovy:64)
	at com.kms.katalon.core.webui.keyword.builtin.VerifyElementVisibleKeyword$_verifyElementVisible_closure1.doCall(VerifyElementVisibleKeyword.groovy:89)
	at com.kms.katalon.core.webui.keyword.builtin.VerifyElementVisibleKeyword$_verifyElementVisible_closure1.call(VerifyElementVisibleKeyword.groovy)
	at com.kms.katalon.core.webui.keyword.internal.WebUIKeywordMain.runKeyword(WebUIKeywordMain.groovy:20)
	... 22 more


2022-01-14 23:17:31 - [TEST_STEP][PASSED] - openBrowser(""): Browser is opened with url: ''

2022-01-14 23:17:31 - [MESSAGE][WARNING] - A browser is already opened. Closing browser and opening a new one

2022-01-14 23:17:31 - [MESSAGE][INFO] - Starting 'Chrome' driver

2022-01-14 23:17:31 - [MESSAGE][INFO] - Action delay is set to 0 milliseconds

2022-01-14 23:17:32 - [MESSAGE][PASSED] - Browser is opened with url: ''

2022-01-14 23:17:32 - [TEST_STEP][PASSED] - navigateToUrl("http://localhost/"): Navigate to 'http://localhost/' successfully

2022-01-14 23:17:33 - [MESSAGE][PASSED] - Navigate to 'http://localhost/' successfully

2022-01-14 23:17:33 - [TEST_STEP][PASSED] - click(findTestObject("Object Repository/Page_HCMUS/a_Log in")): Object: 'Object Repository/Page_HCMUS/a_Log in' is clicked on

2022-01-14 23:17:34 - [MESSAGE][PASSED] - Object: 'Object Repository/Page_HCMUS/a_Log in' is clicked on

2022-01-14 23:17:34 - [TEST_STEP][PASSED] - setText(findTestObject("Object Repository/Page_HCMUS Log in to the site/input_Username_username"), "admin"): Text 'admin' is set on object 'Object Repository/Page_HCMUS Log in to the site/input_Username_username'

2022-01-14 23:17:34 - [MESSAGE][PASSED] - Text 'admin' is set on object 'Object Repository/Page_HCMUS Log in to the site/input_Username_username'

2022-01-14 23:17:34 - [TEST_STEP][PASSED] - setEncryptedText(findTestObject("Object Repository/Page_HCMUS Log in to the site/input_Password_password"), "5MU2PI2jvJCK/lBTYOwt6g=="): Text ****** has been set on object 'Object Repository/Page_HCMUS Log in to the site/input_Password_password'

2022-01-14 23:17:35 - [MESSAGE][PASSED] - Text ****** has been set on object 'Object Repository/Page_HCMUS Log in to the site/input_Password_password'

2022-01-14 23:17:35 - [TEST_STEP][PASSED] - click(findTestObject("Object Repository/Page_HCMUS Log in to the site/button_Log in")): Object: 'Object Repository/Page_HCMUS Log in to the site/button_Log in' is clicked on

2022-01-14 23:17:36 - [MESSAGE][PASSED] - Object: 'Object Repository/Page_HCMUS Log in to the site/button_Log in' is clicked on

2022-01-14 23:17:36 - [TEST_STEP][PASSED] - click(findTestObject("Object Repository/Page_Course Nhp mn tr tu nhn to/span_Site administration")): Object: 'Object Repository/Page_Course Nhp mn tr tu nhn to/span_Site administration' is clicked on

2022-01-14 23:17:42 - [MESSAGE][INFO] - Unable to find the element located by 'By.xpath: //div[@id='nav-drawer']/nav[3]/ul/li/a/div/div/span[2]'. Please recheck the objects properties to make sure the desired element is located. 

2022-01-14 23:17:42 - [MESSAGE][WARNING] - [SELF-HEALING] Failed to find element with id 'Object Repository/Page_Course Nhp mn tr tu nhn to/span_Site administration'. Try using Self-healing.

2022-01-14 23:17:42 - [MESSAGE][WARNING] - [SELF-HEALING] The current locator of test object 'Object Repository/Page_Course Nhp mn tr tu nhn to/span_Site administration' was broken. Propose an alternative one: '(.//*[normalize-space(text()) and normalize-space(.)='Content bank'])[1]/following::span[2]'.

2022-01-14 23:17:43 - [MESSAGE][PASSED] - Object: 'Object Repository/Page_Course Nhp mn tr tu nhn to/span_Site administration' is clicked on

2022-01-14 23:17:43 - [TEST_STEP][PASSED] - click(findTestObject("Object Repository/Page_KHTN Administration Search/a_Users")): Object: 'Object Repository/Page_KHTN Administration Search/a_Users' is clicked on

2022-01-14 23:17:43 - [MESSAGE][PASSED] - Object: 'Object Repository/Page_KHTN Administration Search/a_Users' is clicked on

2022-01-14 23:17:43 - [TEST_STEP][PASSED] - click(findTestObject("Object Repository/Page_KHTN Administration Search/a_Browse list of users")): Object: 'Object Repository/Page_KHTN Administration Search/a_Browse list of users' is clicked on

2022-01-14 23:17:44 - [MESSAGE][PASSED] - Object: 'Object Repository/Page_KHTN Administration Search/a_Browse list of users' is clicked on

2022-01-14 23:17:44 - [TEST_STEP][PASSED] - click(findTestObject("Object Repository/Page_KHTN Administration Users Accounts Bro_45ce40/i_s1example.com_icon fa fa-cog fa-fw")): Object: 'Object Repository/Page_KHTN Administration Users Accounts Bro_45ce40/i_s1example.com_icon fa fa-cog fa-fw' is clicked on

2022-01-14 23:17:51 - [MESSAGE][INFO] - Unable to find the element located by 'By.xpath: //a[@id='yui_3_17_2_1_1641987635853_555']/i'. Please recheck the objects properties to make sure the desired element is located. 

2022-01-14 23:17:51 - [MESSAGE][WARNING] - [SELF-HEALING] Failed to find element with id 'Object Repository/Page_KHTN Administration Users Accounts Bro_45ce40/i_s1example.com_icon fa fa-cog fa-fw'. Try using Self-healing.

2022-01-14 23:17:51 - [MESSAGE][WARNING] - [SELF-HEALING] The current locator of test object 'Object Repository/Page_KHTN Administration Users Accounts Bro_45ce40/i_s1example.com_icon fa fa-cog fa-fw' was broken. Propose an alternative one: '//td[6]/a[3]/i'.

2022-01-14 23:17:52 - [MESSAGE][PASSED] - Object: 'Object Repository/Page_KHTN Administration Users Accounts Bro_45ce40/i_s1example.com_icon fa fa-cog fa-fw' is clicked on

2022-01-14 23:17:52 - [TEST_STEP][PASSED] - click(findTestObject("Object Repository/Page_KHTN Edit profile - Student Waldrop/div_Email address")): Object: 'Object Repository/Page_KHTN Edit profile - Student Waldrop/div_Email address' is clicked on

2022-01-14 23:17:53 - [MESSAGE][PASSED] - Object: 'Object Repository/Page_KHTN Edit profile - Student Waldrop/div_Email address' is clicked on

2022-01-14 23:17:53 - [TEST_STEP][PASSED] - setText(findTestObject("Object Repository/Page_KHTN Edit profile - Student Waldrop/input_Email address_email"), "email_changed@example.com"): Text 'email_changed@example.com' is set on object 'Object Repository/Page_KHTN Edit profile - Student Waldrop/input_Email address_email'

2022-01-14 23:17:54 - [MESSAGE][PASSED] - Text 'email_changed@example.com' is set on object 'Object Repository/Page_KHTN Edit profile - Student Waldrop/input_Email address_email'

2022-01-14 23:17:54 - [TEST_STEP][PASSED] - click(findTestObject("Object Repository/Page_KHTN Edit profile - Student Waldrop/input_Address_submitbutton")): Object: 'Object Repository/Page_KHTN Edit profile - Student Waldrop/input_Address_submitbutton' is clicked on

2022-01-14 23:17:54 - [MESSAGE][PASSED] - Object: 'Object Repository/Page_KHTN Edit profile - Student Waldrop/input_Address_submitbutton' is clicked on

2022-01-14 23:17:54 - [TEST_STEP][FAILED] - verifyElementVisible(findTestObject("Object Repository/Page_KHTN Administration Users Accounts Bro_45ce40/div_Changes saved")): Unable to verify object 'Object Repository/Page_KHTN Administration Users Accounts Bro_45ce40/div_Changes saved' is visible (Root cause: com.kms.katalon.core.exception.StepFailedException: Unable to verify object 'Object Repository/Page_KHTN Administration Users Accounts Bro_45ce40/div_Changes saved' is visible
	at com.kms.katalon.core.webui.keyword.internal.WebUIKeywordMain.stepFailed(WebUIKeywordMain.groovy:64)
	at com.kms.katalon.core.webui.keyword.internal.WebUIKeywordMain.runKeyword(WebUIKeywordMain.groovy:26)
	at com.kms.katalon.core.webui.keyword.builtin.VerifyElementVisibleKeyword.verifyElementVisible(VerifyElementVisibleKeyword.groovy:97)
	at com.kms.katalon.core.webui.keyword.builtin.VerifyElementVisibleKeyword.execute(VerifyElementVisibleKeyword.groovy:67)
	at com.kms.katalon.core.keyword.internal.KeywordExecutor.executeKeywordForPlatform(KeywordExecutor.groovy:74)
	at com.kms.katalon.core.webui.keyword.WebUiBuiltInKeywords.verifyElementVisible(WebUiBuiltInKeywords.groovy:376)
	at com.kms.katalon.core.webui.keyword.WebUiBuiltInKeywords$verifyElementVisible$4.call(Unknown Source)
	at 45_Admin chỉnh sửa thông tin của một user.run(45_Admin chỉnh sửa thông tin của một user:46)
	at com.kms.katalon.core.main.ScriptEngine.run(ScriptEngine.java:194)
	at com.kms.katalon.core.main.ScriptEngine.runScriptAsRawText(ScriptEngine.java:119)
	at com.kms.katalon.core.main.TestCaseExecutor.runScript(TestCaseExecutor.java:442)
	at com.kms.katalon.core.main.TestCaseExecutor.doExecute(TestCaseExecutor.java:433)
	at com.kms.katalon.core.main.TestCaseExecutor.processExecutionPhase(TestCaseExecutor.java:412)
	at com.kms.katalon.core.main.TestCaseExecutor.accessMainPhase(TestCaseExecutor.java:404)
	at com.kms.katalon.core.main.TestCaseExecutor.execute(TestCaseExecutor.java:281)
	at com.kms.katalon.core.main.TestCaseExecutor.execute(TestCaseExecutor.java:363)
	at com.kms.katalon.core.main.TestCaseExecutor.execute(TestCaseExecutor.java:363)
	at com.kms.katalon.core.main.TestCaseExecutor.execute(TestCaseExecutor.java:363)
	at com.kms.katalon.core.main.TestSuiteExecutor.accessTestCaseMainPhase(TestSuiteExecutor.java:202)
	at com.kms.katalon.core.main.TestSuiteExecutor.accessTestSuiteMainPhase(TestSuiteExecutor.java:164)
	at com.kms.katalon.core.main.TestSuiteExecutor.execute(TestSuiteExecutor.java:105)
	at com.kms.katalon.core.main.TestCaseMain.startTestSuite(TestCaseMain.java:181)
	at com.kms.katalon.core.main.TestCaseMain$startTestSuite$0.call(Unknown Source)
	at TempTestSuite1642174516033.run(TempTestSuite1642174516033.groovy:36)
Caused by: com.kms.katalon.core.exception.StepFailedException: Web element with id: 'Object Repository/Page_KHTN Administration Users Accounts Bro_45ce40/div_Changes saved' located by '//span[@id='user-notifications']/div' not found
	at com.kms.katalon.core.webui.keyword.internal.WebUIKeywordMain.stepFailed(WebUIKeywordMain.groovy:64)
	at com.kms.katalon.core.webui.keyword.builtin.VerifyElementVisibleKeyword$_verifyElementVisible_closure1.doCall(VerifyElementVisibleKeyword.groovy:89)
	at com.kms.katalon.core.webui.keyword.builtin.VerifyElementVisibleKeyword$_verifyElementVisible_closure1.call(VerifyElementVisibleKeyword.groovy)
	at com.kms.katalon.core.webui.keyword.internal.WebUIKeywordMain.runKeyword(WebUIKeywordMain.groovy:20)
	... 22 more
)

2022-01-14 23:18:00 - [MESSAGE][INFO] - Unable to find the element located by 'By.xpath: //span[@id='user-notifications']/div'. Please recheck the objects properties to make sure the desired element is located. 

2022-01-14 23:18:00 - [MESSAGE][WARNING] - [SELF-HEALING] Failed to find element with id 'Object Repository/Page_KHTN Administration Users Accounts Bro_45ce40/div_Changes saved'. Try using Self-healing.

2022-01-14 23:18:01 - [MESSAGE][INFO] - Unable to find the element located by 'By.xpath: (.//*[normalize-space(text()) and normalize-space(.)='Blocks editing on'])[1]/following::div[4]'. Please recheck the objects properties to make sure the desired element is located. 

2022-01-14 23:18:02 - [MESSAGE][INFO] - [SELF-HEALING] Failed Locator: '//span[@id='user-notifications']/div'.

2022-01-14 23:18:02 - [MESSAGE][INFO] - [SELF-HEALING] Failed Locator: '(.//*[normalize-space(text()) and normalize-space(.)='Blocks editing on'])[1]/following::div[4]'.

2022-01-14 23:18:02 - [MESSAGE][INFO] - [SELF-HEALING] Failed Locator: '(.//*[normalize-space(text()) and normalize-space(.)='Browse list of users'])[1]/following::div[6]'.

2022-01-14 23:18:02 - [MESSAGE][INFO] - [SELF-HEALING] Failed Locator: '(.//*[normalize-space(text()) and normalize-space(.)='User full name'])[2]/preceding::div[4]'.

2022-01-14 23:18:02 - [MESSAGE][INFO] - [SELF-HEALING] Failed Locator: '//*/text()[normalize-space(.)='Changes saved']/parent::*'.

2022-01-14 23:18:03 - [MESSAGE][INFO] - [SELF-HEALING] Failed Locator: '//span/div'.

2022-01-14 23:18:04 - [MESSAGE][INFO] - Unable to find the element located by 'By.xpath: //*[(text() = '
    ×
    Changes saved
 ' or . = '
    ×
    Changes saved
 ')]'. Please recheck the objects properties to make sure the desired element is located. 

2022-01-14 23:18:05 - [MESSAGE][INFO] - Unable to find the element located by 'By.cssSelector: '. Please recheck the objects properties to make sure the desired element is located. 

2022-01-14 23:18:05 - [MESSAGE][FAILED] - Web element with id: 'Object Repository/Page_KHTN Administration Users Accounts Bro_45ce40/div_Changes saved' located by '//span[@id='user-notifications']/div' not found (Root cause: com.kms.katalon.core.exception.StepFailedException: Web element with id: 'Object Repository/Page_KHTN Administration Users Accounts Bro_45ce40/div_Changes saved' located by '//span[@id='user-notifications']/div' not found
	at com.kms.katalon.core.webui.keyword.internal.WebUIKeywordMain.stepFailed(WebUIKeywordMain.groovy:64)
	at com.kms.katalon.core.webui.keyword.builtin.VerifyElementVisibleKeyword$_verifyElementVisible_closure1.doCall(VerifyElementVisibleKeyword.groovy:89)
	at com.kms.katalon.core.webui.keyword.builtin.VerifyElementVisibleKeyword$_verifyElementVisible_closure1.call(VerifyElementVisibleKeyword.groovy)
	at com.kms.katalon.core.webui.keyword.internal.WebUIKeywordMain.runKeyword(WebUIKeywordMain.groovy:20)
	at com.kms.katalon.core.webui.keyword.builtin.VerifyElementVisibleKeyword.verifyElementVisible(VerifyElementVisibleKeyword.groovy:97)
	at com.kms.katalon.core.webui.keyword.builtin.VerifyElementVisibleKeyword.execute(VerifyElementVisibleKeyword.groovy:67)
	at com.kms.katalon.core.keyword.internal.KeywordExecutor.executeKeywordForPlatform(KeywordExecutor.groovy:74)
	at com.kms.katalon.core.webui.keyword.WebUiBuiltInKeywords.verifyElementVisible(WebUiBuiltInKeywords.groovy:376)
	at com.kms.katalon.core.webui.keyword.WebUiBuiltInKeywords$verifyElementVisible$4.call(Unknown Source)
	at 45_Admin chỉnh sửa thông tin của một user.run(45_Admin chỉnh sửa thông tin của một user:46)
	at com.kms.katalon.core.main.ScriptEngine.run(ScriptEngine.java:194)
	at com.kms.katalon.core.main.ScriptEngine.runScriptAsRawText(ScriptEngine.java:119)
	at com.kms.katalon.core.main.TestCaseExecutor.runScript(TestCaseExecutor.java:442)
	at com.kms.katalon.core.main.TestCaseExecutor.doExecute(TestCaseExecutor.java:433)
	at com.kms.katalon.core.main.TestCaseExecutor.processExecutionPhase(TestCaseExecutor.java:412)
	at com.kms.katalon.core.main.TestCaseExecutor.accessMainPhase(TestCaseExecutor.java:404)
	at com.kms.katalon.core.main.TestCaseExecutor.execute(TestCaseExecutor.java:281)
	at com.kms.katalon.core.main.TestCaseExecutor.execute(TestCaseExecutor.java:363)
	at com.kms.katalon.core.main.TestCaseExecutor.execute(TestCaseExecutor.java:363)
	at com.kms.katalon.core.main.TestCaseExecutor.execute(TestCaseExecutor.java:363)
	at com.kms.katalon.core.main.TestSuiteExecutor.accessTestCaseMainPhase(TestSuiteExecutor.java:202)
	at com.kms.katalon.core.main.TestSuiteExecutor.accessTestSuiteMainPhase(TestSuiteExecutor.java:164)
	at com.kms.katalon.core.main.TestSuiteExecutor.execute(TestSuiteExecutor.java:105)
	at com.kms.katalon.core.main.TestCaseMain.startTestSuite(TestCaseMain.java:181)
	at com.kms.katalon.core.main.TestCaseMain$startTestSuite$0.call(Unknown Source)
	at TempTestSuite1642174516033.run(TempTestSuite1642174516033.groovy:36)
)
[[ATTACHMENT|D:\\nam 3\\nhap mon CNPM\\bonus project\\Test-Automation-SE-Bonus\\Reports\\20220114_223516\\Run all test cases\\20220114_223516\\1642177085426.png]]

2022-01-14 23:18:05 - [MESSAGE][FAILED] - Unable to verify object 'Object Repository/Page_KHTN Administration Users Accounts Bro_45ce40/div_Changes saved' is visible (Root cause: com.kms.katalon.core.exception.StepFailedException: Unable to verify object 'Object Repository/Page_KHTN Administration Users Accounts Bro_45ce40/div_Changes saved' is visible
	at com.kms.katalon.core.webui.keyword.internal.WebUIKeywordMain.stepFailed(WebUIKeywordMain.groovy:64)
	at com.kms.katalon.core.webui.keyword.internal.WebUIKeywordMain.runKeyword(WebUIKeywordMain.groovy:26)
	at com.kms.katalon.core.webui.keyword.builtin.VerifyElementVisibleKeyword.verifyElementVisible(VerifyElementVisibleKeyword.groovy:97)
	at com.kms.katalon.core.webui.keyword.builtin.VerifyElementVisibleKeyword.execute(VerifyElementVisibleKeyword.groovy:67)
	at com.kms.katalon.core.keyword.internal.KeywordExecutor.executeKeywordForPlatform(KeywordExecutor.groovy:74)
	at com.kms.katalon.core.webui.keyword.WebUiBuiltInKeywords.verifyElementVisible(WebUiBuiltInKeywords.groovy:376)
	at com.kms.katalon.core.webui.keyword.WebUiBuiltInKeywords$verifyElementVisible$4.call(Unknown Source)
	at 45_Admin chỉnh sửa thông tin của một user.run(45_Admin chỉnh sửa thông tin của một user:46)
	at com.kms.katalon.core.main.ScriptEngine.run(ScriptEngine.java:194)
	at com.kms.katalon.core.main.ScriptEngine.runScriptAsRawText(ScriptEngine.java:119)
	at com.kms.katalon.core.main.TestCaseExecutor.runScript(TestCaseExecutor.java:442)
	at com.kms.katalon.core.main.TestCaseExecutor.doExecute(TestCaseExecutor.java:433)
	at com.kms.katalon.core.main.TestCaseExecutor.processExecutionPhase(TestCaseExecutor.java:412)
	at com.kms.katalon.core.main.TestCaseExecutor.accessMainPhase(TestCaseExecutor.java:404)
	at com.kms.katalon.core.main.TestCaseExecutor.execute(TestCaseExecutor.java:281)
	at com.kms.katalon.core.main.TestCaseExecutor.execute(TestCaseExecutor.java:363)
	at com.kms.katalon.core.main.TestCaseExecutor.execute(TestCaseExecutor.java:363)
	at com.kms.katalon.core.main.TestCaseExecutor.execute(TestCaseExecutor.java:363)
	at com.kms.katalon.core.main.TestSuiteExecutor.accessTestCaseMainPhase(TestSuiteExecutor.java:202)
	at com.kms.katalon.core.main.TestSuiteExecutor.accessTestSuiteMainPhase(TestSuiteExecutor.java:164)
	at com.kms.katalon.core.main.TestSuiteExecutor.execute(TestSuiteExecutor.java:105)
	at com.kms.katalon.core.main.TestCaseMain.startTestSuite(TestCaseMain.java:181)
	at com.kms.katalon.core.main.TestCaseMain$startTestSuite$0.call(Unknown Source)
	at TempTestSuite1642174516033.run(TempTestSuite1642174516033.groovy:36)
Caused by: com.kms.katalon.core.exception.StepFailedException: Web element with id: 'Object Repository/Page_KHTN Administration Users Accounts Bro_45ce40/div_Changes saved' located by '//span[@id='user-notifications']/div' not found
	at com.kms.katalon.core.webui.keyword.internal.WebUIKeywordMain.stepFailed(WebUIKeywordMain.groovy:64)
	at com.kms.katalon.core.webui.keyword.builtin.VerifyElementVisibleKeyword$_verifyElementVisible_closure1.doCall(VerifyElementVisibleKeyword.groovy:89)
	at com.kms.katalon.core.webui.keyword.builtin.VerifyElementVisibleKeyword$_verifyElementVisible_closure1.call(VerifyElementVisibleKeyword.groovy)
	at com.kms.katalon.core.webui.keyword.internal.WebUIKeywordMain.runKeyword(WebUIKeywordMain.groovy:20)
	... 22 more
)
[[ATTACHMENT|D:\\nam 3\\nhap mon CNPM\\bonus project\\Test-Automation-SE-Bonus\\Reports\\20220114_223516\\Run all test cases\\20220114_223516\\1642177085546.png]]]]></system-out>
         <system-err><![CDATA[2022-01-14 23:17:31 - [TEST_CASE][FAILED] - Test Cases/45_Admin chỉnh sửa thông tin của một user: Test Cases/45_Admin chỉnh sửa thông tin của một user FAILED.
Reason:
com.kms.katalon.core.exception.StepFailedException: Unable to verify object 'Object Repository/Page_KHTN Administration Users Accounts Bro_45ce40/div_Changes saved' is visible
	at com.kms.katalon.core.webui.keyword.internal.WebUIKeywordMain.stepFailed(WebUIKeywordMain.groovy:64)
	at com.kms.katalon.core.webui.keyword.internal.WebUIKeywordMain.runKeyword(WebUIKeywordMain.groovy:26)
	at com.kms.katalon.core.webui.keyword.builtin.VerifyElementVisibleKeyword.verifyElementVisible(VerifyElementVisibleKeyword.groovy:97)
	at com.kms.katalon.core.webui.keyword.builtin.VerifyElementVisibleKeyword.execute(VerifyElementVisibleKeyword.groovy:67)
	at com.kms.katalon.core.keyword.internal.KeywordExecutor.executeKeywordForPlatform(KeywordExecutor.groovy:74)
	at com.kms.katalon.core.webui.keyword.WebUiBuiltInKeywords.verifyElementVisible(WebUiBuiltInKeywords.groovy:376)
	at com.kms.katalon.core.webui.keyword.WebUiBuiltInKeywords$verifyElementVisible$4.call(Unknown Source)
	at 45_Admin chỉnh sửa thông tin của một user.run(45_Admin chỉnh sửa thông tin của một user:46)
	at com.kms.katalon.core.main.ScriptEngine.run(ScriptEngine.java:194)
	at com.kms.katalon.core.main.ScriptEngine.runScriptAsRawText(ScriptEngine.java:119)
	at com.kms.katalon.core.main.TestCaseExecutor.runScript(TestCaseExecutor.java:442)
	at com.kms.katalon.core.main.TestCaseExecutor.doExecute(TestCaseExecutor.java:433)
	at com.kms.katalon.core.main.TestCaseExecutor.processExecutionPhase(TestCaseExecutor.java:412)
	at com.kms.katalon.core.main.TestCaseExecutor.accessMainPhase(TestCaseExecutor.java:404)
	at com.kms.katalon.core.main.TestCaseExecutor.execute(TestCaseExecutor.java:281)
	at com.kms.katalon.core.main.TestCaseExecutor.execute(TestCaseExecutor.java:363)
	at com.kms.katalon.core.main.TestCaseExecutor.execute(TestCaseExecutor.java:363)
	at com.kms.katalon.core.main.TestCaseExecutor.execute(TestCaseExecutor.java:363)
	at com.kms.katalon.core.main.TestSuiteExecutor.accessTestCaseMainPhase(TestSuiteExecutor.java:202)
	at com.kms.katalon.core.main.TestSuiteExecutor.accessTestSuiteMainPhase(TestSuiteExecutor.java:164)
	at com.kms.katalon.core.main.TestSuiteExecutor.execute(TestSuiteExecutor.java:105)
	at com.kms.katalon.core.main.TestCaseMain.startTestSuite(TestCaseMain.java:181)
	at com.kms.katalon.core.main.TestCaseMain$startTestSuite$0.call(Unknown Source)
	at TempTestSuite1642174516033.run(TempTestSuite1642174516033.groovy:36)
Caused by: com.kms.katalon.core.exception.StepFailedException: Web element with id: 'Object Repository/Page_KHTN Administration Users Accounts Bro_45ce40/div_Changes saved' located by '//span[@id='user-notifications']/div' not found
	at com.kms.katalon.core.webui.keyword.internal.WebUIKeywordMain.stepFailed(WebUIKeywordMain.groovy:64)
	at com.kms.katalon.core.webui.keyword.builtin.VerifyElementVisibleKeyword$_verifyElementVisible_closure1.doCall(VerifyElementVisibleKeyword.groovy:89)
	at com.kms.katalon.core.webui.keyword.builtin.VerifyElementVisibleKeyword$_verifyElementVisible_closure1.call(VerifyElementVisibleKeyword.groovy)
	at com.kms.katalon.core.webui.keyword.internal.WebUIKeywordMain.runKeyword(WebUIKeywordMain.groovy:20)
	... 22 more]]></system-err>
      </testcase>
      <testcase name="Test Cases/46_Sinh viên xem profile của người khác trong cùng khoá học" time="11.248" classname="Test Cases/46_Sinh viên xem profile của người khác trong cùng khoá học" status="PASSED">
         <system-out><![CDATA[2022-01-14 23:18:05 - [TEST_CASE][PASSED] - Test Cases/46_Sinh viên xem profile của người khác trong cùng khoá học: Test Cases/46_Sinh viên xem profile của người khác trong cùng khoá học

2022-01-14 23:18:05 - [TEST_STEP][PASSED] - openBrowser(""): Browser is opened with url: ''

2022-01-14 23:18:05 - [MESSAGE][WARNING] - A browser is already opened. Closing browser and opening a new one

2022-01-14 23:18:06 - [MESSAGE][INFO] - Starting 'Chrome' driver

2022-01-14 23:18:06 - [MESSAGE][INFO] - Action delay is set to 0 milliseconds

2022-01-14 23:18:07 - [MESSAGE][PASSED] - Browser is opened with url: ''

2022-01-14 23:18:07 - [TEST_STEP][PASSED] - navigateToUrl("http://localhost/"): Navigate to 'http://localhost/' successfully

2022-01-14 23:18:08 - [MESSAGE][PASSED] - Navigate to 'http://localhost/' successfully

2022-01-14 23:18:08 - [TEST_STEP][PASSED] - click(findTestObject("Object Repository/Page_HCMUS/a_Log in")): Object: 'Object Repository/Page_HCMUS/a_Log in' is clicked on

2022-01-14 23:18:08 - [MESSAGE][PASSED] - Object: 'Object Repository/Page_HCMUS/a_Log in' is clicked on

2022-01-14 23:18:08 - [TEST_STEP][PASSED] - setText(findTestObject("Object Repository/Page_HCMUS Log in to the site/input_Username_username"), "student1"): Text 'student1' is set on object 'Object Repository/Page_HCMUS Log in to the site/input_Username_username'

2022-01-14 23:18:09 - [MESSAGE][PASSED] - Text 'student1' is set on object 'Object Repository/Page_HCMUS Log in to the site/input_Username_username'

2022-01-14 23:18:09 - [TEST_STEP][PASSED] - setEncryptedText(findTestObject("Object Repository/Page_HCMUS Log in to the site/input_Password_password"), "xsue+lrReh6nSDZIylEEKg=="): Text ****** has been set on object 'Object Repository/Page_HCMUS Log in to the site/input_Password_password'

2022-01-14 23:18:09 - [MESSAGE][PASSED] - Text ****** has been set on object 'Object Repository/Page_HCMUS Log in to the site/input_Password_password'

2022-01-14 23:18:09 - [TEST_STEP][PASSED] - click(findTestObject("Object Repository/Page_HCMUS Log in to the site/button_Log in")): Object: 'Object Repository/Page_HCMUS Log in to the site/button_Log in' is clicked on

2022-01-14 23:18:11 - [MESSAGE][PASSED] - Object: 'Object Repository/Page_HCMUS Log in to the site/button_Log in' is clicked on

2022-01-14 23:18:11 - [TEST_STEP][PASSED] - click(findTestObject("Object Repository/Page_Dashboard/span_Site home")): Object: 'Object Repository/Page_Dashboard/span_Site home' is clicked on

2022-01-14 23:18:12 - [MESSAGE][PASSED] - Object: 'Object Repository/Page_Dashboard/span_Site home' is clicked on

2022-01-14 23:18:12 - [TEST_STEP][PASSED] - click(findTestObject("Object Repository/Page_HCMUS/a_Nhp mn tr tu nhn to")): Object: 'Object Repository/Page_HCMUS/a_Nhp mn tr tu nhn to' is clicked on

2022-01-14 23:18:13 - [MESSAGE][PASSED] - Object: 'Object Repository/Page_HCMUS/a_Nhp mn tr tu nhn to' is clicked on

2022-01-14 23:18:13 - [TEST_STEP][PASSED] - click(findTestObject("Object Repository/Page_Course Nhp mn tr tu nhn to/span_Participants")): Object: 'Object Repository/Page_Course Nhp mn tr tu nhn to/span_Participants' is clicked on

2022-01-14 23:18:14 - [MESSAGE][PASSED] - Object: 'Object Repository/Page_Course Nhp mn tr tu nhn to/span_Participants' is clicked on

2022-01-14 23:18:14 - [TEST_STEP][PASSED] - click(findTestObject("Object Repository/Page_AI Participants/a_Student Branch")): Object: 'Object Repository/Page_AI Participants/a_Student Branch' is clicked on

2022-01-14 23:18:15 - [MESSAGE][PASSED] - Object: 'Object Repository/Page_AI Participants/a_Student Branch' is clicked on

2022-01-14 23:18:15 - [TEST_STEP][PASSED] - verifyElementText(findTestObject("Object Repository/Page_Nhp mn tr tu nhn to Personal profile S_802039/h2_Student Branch"), "Student Branch"): Actual text and expected text of test object 'Object Repository/Page_Nhp mn tr tu nhn to Personal profile S_802039/h2_Student Branch' are matched.

2022-01-14 23:18:16 - [MESSAGE][PASSED] - Actual text and expected text of test object 'Object Repository/Page_Nhp mn tr tu nhn to Personal profile S_802039/h2_Student Branch' are matched.

2022-01-14 23:18:16 - [TEST_STEP][PASSED] - verifyElementText(findTestObject("Object Repository/Page_Nhp mn tr tu nhn to Personal profile S_802039/a_s9example.com"), "s9@example.com"): Actual text and expected text of test object 'Object Repository/Page_Nhp mn tr tu nhn to Personal profile S_802039/a_s9example.com' are matched.

2022-01-14 23:18:16 - [MESSAGE][PASSED] - Actual text and expected text of test object 'Object Repository/Page_Nhp mn tr tu nhn to Personal profile S_802039/a_s9example.com' are matched.

2022-01-14 23:18:16 - [TEST_STEP][PASSED] - closeBrowser(): Browser is closed

2022-01-14 23:18:16 - [MESSAGE][PASSED] - Browser is closed]]></system-out>
         <system-err><![CDATA[]]></system-err>
      </testcase>
      <testcase name="Test Cases/47_Sinh viên trả lời khảo sát trong môn học" time="20.728" classname="Test Cases/47_Sinh viên trả lời khảo sát trong môn học" status="PASSED">
         <system-out><![CDATA[2022-01-14 23:18:16 - [TEST_CASE][PASSED] - Test Cases/47_Sinh viên trả lời khảo sát trong môn học: Test Cases/47_Sinh viên trả lời khảo sát trong môn học

2022-01-14 23:18:17 - [TEST_STEP][PASSED] - openBrowser(""): Browser is opened with url: ''

2022-01-14 23:18:17 - [MESSAGE][INFO] - Starting 'Chrome' driver

2022-01-14 23:18:17 - [MESSAGE][INFO] - Action delay is set to 0 milliseconds

2022-01-14 23:18:18 - [MESSAGE][PASSED] - Browser is opened with url: ''

2022-01-14 23:18:18 - [TEST_STEP][PASSED] - navigateToUrl("http://localhost/"): Navigate to 'http://localhost/' successfully

2022-01-14 23:18:18 - [MESSAGE][PASSED] - Navigate to 'http://localhost/' successfully

2022-01-14 23:18:18 - [TEST_STEP][PASSED] - click(findTestObject("Object Repository/Page_HCMUS/a_Log in")): Object: 'Object Repository/Page_HCMUS/a_Log in' is clicked on

2022-01-14 23:18:19 - [MESSAGE][PASSED] - Object: 'Object Repository/Page_HCMUS/a_Log in' is clicked on

2022-01-14 23:18:19 - [TEST_STEP][PASSED] - setText(findTestObject("Object Repository/Page_HCMUS Log in to the site/input_Username_username"), "student1"): Text 'student1' is set on object 'Object Repository/Page_HCMUS Log in to the site/input_Username_username'

2022-01-14 23:18:20 - [MESSAGE][PASSED] - Text 'student1' is set on object 'Object Repository/Page_HCMUS Log in to the site/input_Username_username'

2022-01-14 23:18:20 - [TEST_STEP][PASSED] - setEncryptedText(findTestObject("Object Repository/Page_HCMUS Log in to the site/input_Password_password"), "xsue+lrReh6nSDZIylEEKg=="): Text ****** has been set on object 'Object Repository/Page_HCMUS Log in to the site/input_Password_password'

2022-01-14 23:18:20 - [MESSAGE][PASSED] - Text ****** has been set on object 'Object Repository/Page_HCMUS Log in to the site/input_Password_password'

2022-01-14 23:18:20 - [TEST_STEP][PASSED] - click(findTestObject("Object Repository/Page_HCMUS Log in to the site/button_Log in")): Object: 'Object Repository/Page_HCMUS Log in to the site/button_Log in' is clicked on

2022-01-14 23:18:21 - [MESSAGE][PASSED] - Object: 'Object Repository/Page_HCMUS Log in to the site/button_Log in' is clicked on

2022-01-14 23:18:21 - [TEST_STEP][PASSED] - click(findTestObject("Object Repository/Page_Dashboard/span_Site home")): Object: 'Object Repository/Page_Dashboard/span_Site home' is clicked on

2022-01-14 23:18:23 - [MESSAGE][PASSED] - Object: 'Object Repository/Page_Dashboard/span_Site home' is clicked on

2022-01-14 23:18:23 - [TEST_STEP][PASSED] - click(findTestObject("Object Repository/Page_HCMUS/a_Nhp mn tr tu nhn to")): Object: 'Object Repository/Page_HCMUS/a_Nhp mn tr tu nhn to' is clicked on

2022-01-14 23:18:24 - [MESSAGE][PASSED] - Object: 'Object Repository/Page_HCMUS/a_Nhp mn tr tu nhn to' is clicked on

2022-01-14 23:18:24 - [TEST_STEP][PASSED] - click(findTestObject("Object Repository/Page_Course Nhp mn tr tu nhn to/span_Survey 1")): Object: 'Object Repository/Page_Course Nhp mn tr tu nhn to/span_Survey 1' is clicked on

2022-01-14 23:18:25 - [MESSAGE][PASSED] - Object: 'Object Repository/Page_Course Nhp mn tr tu nhn to/span_Survey 1' is clicked on

2022-01-14 23:18:25 - [TEST_STEP][PASSED] - setText(findTestObject("Object Repository/Page_Survey 1/textarea_At what moment in class were you m_f5425c"), "A"): Text 'A' is set on object 'Object Repository/Page_Survey 1/textarea_At what moment in class were you m_f5425c'

2022-01-14 23:18:26 - [MESSAGE][PASSED] - Text 'A' is set on object 'Object Repository/Page_Survey 1/textarea_At what moment in class were you m_f5425c'

2022-01-14 23:18:26 - [TEST_STEP][PASSED] - setText(findTestObject("Object Repository/Page_Survey 1/textarea_At what moment in class were you m_a98c70"), "B"): Text 'B' is set on object 'Object Repository/Page_Survey 1/textarea_At what moment in class were you m_a98c70'

2022-01-14 23:18:26 - [MESSAGE][PASSED] - Text 'B' is set on object 'Object Repository/Page_Survey 1/textarea_At what moment in class were you m_a98c70'

2022-01-14 23:18:26 - [TEST_STEP][PASSED] - setText(findTestObject("Object Repository/Page_Survey 1/textarea_What action from anyone in the for_4db313"), "C"): Text 'C' is set on object 'Object Repository/Page_Survey 1/textarea_What action from anyone in the for_4db313'

2022-01-14 23:18:27 - [MESSAGE][PASSED] - Text 'C' is set on object 'Object Repository/Page_Survey 1/textarea_What action from anyone in the for_4db313'

2022-01-14 23:18:27 - [TEST_STEP][PASSED] - setText(findTestObject("Object Repository/Page_Survey 1/textarea_What action from anyone in the for_b7ee52"), "D"): Text 'D' is set on object 'Object Repository/Page_Survey 1/textarea_What action from anyone in the for_b7ee52'

2022-01-14 23:18:28 - [MESSAGE][PASSED] - Text 'D' is set on object 'Object Repository/Page_Survey 1/textarea_What action from anyone in the for_b7ee52'

2022-01-14 23:18:28 - [TEST_STEP][PASSED] - setText(findTestObject("Object Repository/Page_Survey 1/textarea_What event surprised you most_q73"), "E"): Text 'E' is set on object 'Object Repository/Page_Survey 1/textarea_What event surprised you most_q73'

2022-01-14 23:18:28 - [MESSAGE][PASSED] - Text 'E' is set on object 'Object Repository/Page_Survey 1/textarea_What event surprised you most_q73'

2022-01-14 23:18:28 - [TEST_STEP][PASSED] - click(findTestObject("Object Repository/Page_Survey 1/input_What event surprised you most_btn btn_1c5d04")): Object: 'Object Repository/Page_Survey 1/input_What event surprised you most_btn btn_1c5d04' is clicked on

2022-01-14 23:18:29 - [MESSAGE][PASSED] - Object: 'Object Repository/Page_Survey 1/input_What event surprised you most_btn btn_1c5d04' is clicked on

2022-01-14 23:18:29 - [TEST_STEP][PASSED] - verifyElementText(findTestObject("Object Repository/Page_Survey saved/div_Thanks for answering this survey, Student"), "Thanks for answering this survey, Student"): Actual text and expected text of test object 'Object Repository/Page_Survey saved/div_Thanks for answering this survey, Student' are matched.

2022-01-14 23:18:29 - [MESSAGE][PASSED] - Actual text and expected text of test object 'Object Repository/Page_Survey saved/div_Thanks for answering this survey, Student' are matched.

2022-01-14 23:18:29 - [TEST_STEP][PASSED] - click(findTestObject("Object Repository/Page_Survey saved/button_Continue")): Object: 'Object Repository/Page_Survey saved/button_Continue' is clicked on

2022-01-14 23:18:35 - [MESSAGE][INFO] - Unable to find the element located by 'By.xpath: //button[@id='single_button61debfc263a3314']'. Please recheck the objects properties to make sure the desired element is located. 

2022-01-14 23:18:36 - [MESSAGE][WARNING] - [SELF-HEALING] Failed to find element with id 'Object Repository/Page_Survey saved/button_Continue'. Try using Self-healing.

2022-01-14 23:18:36 - [MESSAGE][INFO] - [SELF-HEALING] Failed Locator: '//button[@id='single_button61debfc263a3314']'.

2022-01-14 23:18:36 - [MESSAGE][INFO] - [SELF-HEALING] Working Locator: '//section[@id='region-main']/div/div[2]/form/button'.

2022-01-14 23:18:36 - [MESSAGE][INFO] - [SELF-HEALING] Screenshot: D:/nam 3/nhap mon CNPM/bonus project/Test-Automation-SE-Bonus/Reports/Self-healing/Object Repository/Page_Survey saved/button_Continue_idRelative.png

2022-01-14 23:18:36 - [MESSAGE][WARNING] - [SELF-HEALING] The current locator of test object 'Object Repository/Page_Survey saved/button_Continue' was broken. Propose an alternative one: '//section[@id='region-main']/div/div[2]/form/button'.

2022-01-14 23:18:37 - [MESSAGE][PASSED] - Object: 'Object Repository/Page_Survey saved/button_Continue' is clicked on

2022-01-14 23:18:37 - [TEST_STEP][PASSED] - closeBrowser(): Browser is closed

2022-01-14 23:18:37 - [MESSAGE][PASSED] - Browser is closed]]></system-out>
         <system-err><![CDATA[]]></system-err>
      </testcase>
      <testcase name="Test Cases/48_Sinh viên đánh dấu đã xong một đối tượng trong môn học" time="15.521" classname="Test Cases/48_Sinh viên đánh dấu đã xong một đối tượng trong môn học" status="PASSED">
         <system-out><![CDATA[2022-01-14 23:18:37 - [TEST_CASE][PASSED] - Test Cases/48_Sinh viên đánh dấu đã xong một đối tượng trong môn học: Test Cases/48_Sinh viên đánh dấu đã xong một đối tượng trong môn học

2022-01-14 23:18:37 - [TEST_STEP][PASSED] - openBrowser(""): Browser is opened with url: ''

2022-01-14 23:18:37 - [MESSAGE][INFO] - Starting 'Chrome' driver

2022-01-14 23:18:37 - [MESSAGE][INFO] - Action delay is set to 0 milliseconds

2022-01-14 23:18:39 - [MESSAGE][PASSED] - Browser is opened with url: ''

2022-01-14 23:18:39 - [TEST_STEP][PASSED] - navigateToUrl("http://localhost/"): Navigate to 'http://localhost/' successfully

2022-01-14 23:18:39 - [MESSAGE][PASSED] - Navigate to 'http://localhost/' successfully

2022-01-14 23:18:39 - [TEST_STEP][PASSED] - click(findTestObject("Object Repository/Page_HCMUS/a_Log in")): Object: 'Object Repository/Page_HCMUS/a_Log in' is clicked on

2022-01-14 23:18:40 - [MESSAGE][PASSED] - Object: 'Object Repository/Page_HCMUS/a_Log in' is clicked on

2022-01-14 23:18:40 - [TEST_STEP][PASSED] - setText(findTestObject("Object Repository/Page_HCMUS Log in to the site/input_Username_username"), "student1"): Text 'student1' is set on object 'Object Repository/Page_HCMUS Log in to the site/input_Username_username'

2022-01-14 23:18:40 - [MESSAGE][PASSED] - Text 'student1' is set on object 'Object Repository/Page_HCMUS Log in to the site/input_Username_username'

2022-01-14 23:18:40 - [TEST_STEP][PASSED] - setEncryptedText(findTestObject("Object Repository/Page_HCMUS Log in to the site/input_Password_password"), "xsue+lrReh6nSDZIylEEKg=="): Text ****** has been set on object 'Object Repository/Page_HCMUS Log in to the site/input_Password_password'

2022-01-14 23:18:41 - [MESSAGE][PASSED] - Text ****** has been set on object 'Object Repository/Page_HCMUS Log in to the site/input_Password_password'

2022-01-14 23:18:41 - [TEST_STEP][PASSED] - click(findTestObject("Object Repository/Page_HCMUS Log in to the site/button_Log in")): Object: 'Object Repository/Page_HCMUS Log in to the site/button_Log in' is clicked on

2022-01-14 23:18:42 - [MESSAGE][PASSED] - Object: 'Object Repository/Page_HCMUS Log in to the site/button_Log in' is clicked on

2022-01-14 23:18:42 - [TEST_STEP][PASSED] - click(findTestObject("Object Repository/Page_Dashboard/span_Site home")): Object: 'Object Repository/Page_Dashboard/span_Site home' is clicked on

2022-01-14 23:18:43 - [MESSAGE][PASSED] - Object: 'Object Repository/Page_Dashboard/span_Site home' is clicked on

2022-01-14 23:18:43 - [TEST_STEP][PASSED] - click(findTestObject("Object Repository/Page_HCMUS/a_Nhp mn tr tu nhn to")): Object: 'Object Repository/Page_HCMUS/a_Nhp mn tr tu nhn to' is clicked on

2022-01-14 23:18:44 - [MESSAGE][PASSED] - Object: 'Object Repository/Page_HCMUS/a_Nhp mn tr tu nhn to' is clicked on

2022-01-14 23:18:44 - [TEST_STEP][PASSED] - click(findTestObject("Object Repository/Page_Course Nhp mn tr tu nhn to/button_Mark as done")): Object: 'Object Repository/Page_Course Nhp mn tr tu nhn to/button_Mark as done' is clicked on

2022-01-14 23:18:45 - [MESSAGE][PASSED] - Object: 'Object Repository/Page_Course Nhp mn tr tu nhn to/button_Mark as done' is clicked on

2022-01-14 23:18:45 - [TEST_STEP][PASSED] - verifyElementText(findTestObject("Object Repository/Page_Course Nhp mn tr tu nhn to/button_Done"), "Done"): Actual text and expected text of test object 'Object Repository/Page_Course Nhp mn tr tu nhn to/button_Done' are matched.

2022-01-14 23:18:51 - [MESSAGE][INFO] - Unable to find the element located by 'By.xpath: //button[@id='yui_3_17_2_1_1641988112401_46']'. Please recheck the objects properties to make sure the desired element is located. 

2022-01-14 23:18:51 - [MESSAGE][WARNING] - [SELF-HEALING] Failed to find element with id 'Object Repository/Page_Course Nhp mn tr tu nhn to/button_Done'. Try using Self-healing.

2022-01-14 23:18:51 - [MESSAGE][INFO] - [SELF-HEALING] Failed Locator: '//button[@id='yui_3_17_2_1_1641988112401_46']'.

2022-01-14 23:18:52 - [MESSAGE][INFO] - [SELF-HEALING] Failed Locator: '//div[@id='yui_3_17_2_1_1641988112401_26']/button'.

2022-01-14 23:18:52 - [MESSAGE][INFO] - [SELF-HEALING] Working Locator: '(.//*[normalize-space(text()) and normalize-space(.)='Closed:'])[1]/following::button[1]'.

2022-01-14 23:18:52 - [MESSAGE][INFO] - [SELF-HEALING] Screenshot: D:/nam 3/nhap mon CNPM/bonus project/Test-Automation-SE-Bonus/Reports/Self-healing/Object Repository/Page_Course Nhp mn tr tu nhn to/button_Done_neighbor.png

2022-01-14 23:18:52 - [MESSAGE][WARNING] - [SELF-HEALING] The current locator of test object 'Object Repository/Page_Course Nhp mn tr tu nhn to/button_Done' was broken. Propose an alternative one: '(.//*[normalize-space(text()) and normalize-space(.)='Closed:'])[1]/following::button[1]'.

2022-01-14 23:18:52 - [MESSAGE][PASSED] - Actual text and expected text of test object 'Object Repository/Page_Course Nhp mn tr tu nhn to/button_Done' are matched.

2022-01-14 23:18:52 - [TEST_STEP][PASSED] - closeBrowser(): Browser is closed

2022-01-14 23:18:53 - [MESSAGE][PASSED] - Browser is closed]]></system-out>
         <system-err><![CDATA[]]></system-err>
      </testcase>
      <testcase name="Test Cases/49_Giáo viên lock một discussion trong forum môn học" time="18.963" classname="Test Cases/49_Giáo viên lock một discussion trong forum môn học" status="FAILED">
         <failure type="FAILED" message="Test Cases/49_Giáo viên lock một discussion trong forum môn học FAILED.
Reason:
com.kms.katalon.core.exception.StepFailedException: Unable to click on object 'Object Repository/Page_Forum 1/i_Subscribe to this discussion_icon fa fa-e_f628f6'
	at com.kms.katalon.core.webui.keyword.internal.WebUIKeywordMain.stepFailed(WebUIKeywordMain.groovy:64)
	at com.kms.katalon.core.webui.keyword.internal.WebUIKeywordMain.runKeyword(WebUIKeywordMain.groovy:26)
	at com.kms.katalon.core.webui.keyword.builtin.ClickKeyword.click(ClickKeyword.groovy:74)
	at com.kms.katalon.core.webui.keyword.builtin.ClickKeyword.execute(ClickKeyword.groovy:40)
	at com.kms.katalon.core.keyword.internal.KeywordExecutor.executeKeywordForPlatform(KeywordExecutor.groovy:74)
	at com.kms.katalon.core.webui.keyword.WebUiBuiltInKeywords.click(WebUiBuiltInKeywords.groovy:620)
	at com.kms.katalon.core.webui.keyword.WebUiBuiltInKeywords$click$1.call(Unknown Source)
	at 49_Giáo viên lock một discussion trong forum môn học.run(49_Giáo viên lock một discussion trong forum môn học:38)
	at com.kms.katalon.core.main.ScriptEngine.run(ScriptEngine.java:194)
	at com.kms.katalon.core.main.ScriptEngine.runScriptAsRawText(ScriptEngine.java:119)
	at com.kms.katalon.core.main.TestCaseExecutor.runScript(TestCaseExecutor.java:442)
	at com.kms.katalon.core.main.TestCaseExecutor.doExecute(TestCaseExecutor.java:433)
	at com.kms.katalon.core.main.TestCaseExecutor.processExecutionPhase(TestCaseExecutor.java:412)
	at com.kms.katalon.core.main.TestCaseExecutor.accessMainPhase(TestCaseExecutor.java:404)
	at com.kms.katalon.core.main.TestCaseExecutor.execute(TestCaseExecutor.java:281)
	at com.kms.katalon.core.main.TestCaseExecutor.execute(TestCaseExecutor.java:363)
	at com.kms.katalon.core.main.TestCaseExecutor.execute(TestCaseExecutor.java:363)
	at com.kms.katalon.core.main.TestCaseExecutor.execute(TestCaseExecutor.java:363)
	at com.kms.katalon.core.main.TestSuiteExecutor.accessTestCaseMainPhase(TestSuiteExecutor.java:202)
	at com.kms.katalon.core.main.TestSuiteExecutor.accessTestSuiteMainPhase(TestSuiteExecutor.java:164)
	at com.kms.katalon.core.main.TestSuiteExecutor.execute(TestSuiteExecutor.java:105)
	at com.kms.katalon.core.main.TestCaseMain.startTestSuite(TestCaseMain.java:181)
	at com.kms.katalon.core.main.TestCaseMain$startTestSuite$0.call(Unknown Source)
	at TempTestSuite1642174516033.run(TempTestSuite1642174516033.groovy:36)
Caused by: com.kms.katalon.core.webui.exception.WebElementNotFoundException: Web element with id: 'Object Repository/Page_Forum 1/i_Subscribe to this discussion_icon fa fa-e_f628f6' located by '//a[@id='yui_3_17_2_1_1641986967470_501']/i' not found
	at com.kms.katalon.core.webui.common.WebUiCommonHelper.findWebElement(WebUiCommonHelper.java:1368)
	at com.kms.katalon.core.webui.keyword.internal.WebUIAbstractKeyword.findWebElement(WebUIAbstractKeyword.groovy:27)
	at com.kms.katalon.core.webui.keyword.builtin.ClickKeyword$_click_closure1.doCall(ClickKeyword.groovy:65)
	at com.kms.katalon.core.webui.keyword.builtin.ClickKeyword$_click_closure1.call(ClickKeyword.groovy)
	at com.kms.katalon.core.webui.keyword.internal.WebUIKeywordMain.runKeyword(WebUIKeywordMain.groovy:20)
	... 22 more
"/>
         <system-out><![CDATA[2022-01-14 23:19:48 - [TEST_CASE][FAILED] - Test Cases/49_Giáo viên lock một discussion trong forum môn học: Test Cases/49_Giáo viên lock một discussion trong forum môn học FAILED.
Reason:
com.kms.katalon.core.exception.StepFailedException: Unable to click on object 'Object Repository/Page_Forum 1/i_Subscribe to this discussion_icon fa fa-e_f628f6'
	at com.kms.katalon.core.webui.keyword.internal.WebUIKeywordMain.stepFailed(WebUIKeywordMain.groovy:64)
	at com.kms.katalon.core.webui.keyword.internal.WebUIKeywordMain.runKeyword(WebUIKeywordMain.groovy:26)
	at com.kms.katalon.core.webui.keyword.builtin.ClickKeyword.click(ClickKeyword.groovy:74)
	at com.kms.katalon.core.webui.keyword.builtin.ClickKeyword.execute(ClickKeyword.groovy:40)
	at com.kms.katalon.core.keyword.internal.KeywordExecutor.executeKeywordForPlatform(KeywordExecutor.groovy:74)
	at com.kms.katalon.core.webui.keyword.WebUiBuiltInKeywords.click(WebUiBuiltInKeywords.groovy:620)
	at com.kms.katalon.core.webui.keyword.WebUiBuiltInKeywords$click$1.call(Unknown Source)
	at 49_Giáo viên lock một discussion trong forum môn học.run(49_Giáo viên lock một discussion trong forum môn học:38)
	at com.kms.katalon.core.main.ScriptEngine.run(ScriptEngine.java:194)
	at com.kms.katalon.core.main.ScriptEngine.runScriptAsRawText(ScriptEngine.java:119)
	at com.kms.katalon.core.main.TestCaseExecutor.runScript(TestCaseExecutor.java:442)
	at com.kms.katalon.core.main.TestCaseExecutor.doExecute(TestCaseExecutor.java:433)
	at com.kms.katalon.core.main.TestCaseExecutor.processExecutionPhase(TestCaseExecutor.java:412)
	at com.kms.katalon.core.main.TestCaseExecutor.accessMainPhase(TestCaseExecutor.java:404)
	at com.kms.katalon.core.main.TestCaseExecutor.execute(TestCaseExecutor.java:281)
	at com.kms.katalon.core.main.TestCaseExecutor.execute(TestCaseExecutor.java:363)
	at com.kms.katalon.core.main.TestCaseExecutor.execute(TestCaseExecutor.java:363)
	at com.kms.katalon.core.main.TestCaseExecutor.execute(TestCaseExecutor.java:363)
	at com.kms.katalon.core.main.TestSuiteExecutor.accessTestCaseMainPhase(TestSuiteExecutor.java:202)
	at com.kms.katalon.core.main.TestSuiteExecutor.accessTestSuiteMainPhase(TestSuiteExecutor.java:164)
	at com.kms.katalon.core.main.TestSuiteExecutor.execute(TestSuiteExecutor.java:105)
	at com.kms.katalon.core.main.TestCaseMain.startTestSuite(TestCaseMain.java:181)
	at com.kms.katalon.core.main.TestCaseMain$startTestSuite$0.call(Unknown Source)
	at TempTestSuite1642174516033.run(TempTestSuite1642174516033.groovy:36)
Caused by: com.kms.katalon.core.webui.exception.WebElementNotFoundException: Web element with id: 'Object Repository/Page_Forum 1/i_Subscribe to this discussion_icon fa fa-e_f628f6' located by '//a[@id='yui_3_17_2_1_1641986967470_501']/i' not found
	at com.kms.katalon.core.webui.common.WebUiCommonHelper.findWebElement(WebUiCommonHelper.java:1368)
	at com.kms.katalon.core.webui.keyword.internal.WebUIAbstractKeyword.findWebElement(WebUIAbstractKeyword.groovy:27)
	at com.kms.katalon.core.webui.keyword.builtin.ClickKeyword$_click_closure1.doCall(ClickKeyword.groovy:65)
	at com.kms.katalon.core.webui.keyword.builtin.ClickKeyword$_click_closure1.call(ClickKeyword.groovy)
	at com.kms.katalon.core.webui.keyword.internal.WebUIKeywordMain.runKeyword(WebUIKeywordMain.groovy:20)
	... 22 more


2022-01-14 23:19:48 - [TEST_STEP][PASSED] - openBrowser(""): Browser is opened with url: ''

2022-01-14 23:19:48 - [MESSAGE][WARNING] - A browser is already opened. Closing browser and opening a new one

2022-01-14 23:19:49 - [MESSAGE][INFO] - Starting 'Chrome' driver

2022-01-14 23:19:49 - [MESSAGE][INFO] - Action delay is set to 0 milliseconds

2022-01-14 23:19:50 - [MESSAGE][PASSED] - Browser is opened with url: ''

2022-01-14 23:19:50 - [TEST_STEP][PASSED] - navigateToUrl("http://localhost/"): Navigate to 'http://localhost/' successfully

2022-01-14 23:19:51 - [MESSAGE][PASSED] - Navigate to 'http://localhost/' successfully

2022-01-14 23:19:51 - [TEST_STEP][PASSED] - click(findTestObject("Object Repository/Page_HCMUS/a_Log in")): Object: 'Object Repository/Page_HCMUS/a_Log in' is clicked on

2022-01-14 23:19:51 - [MESSAGE][PASSED] - Object: 'Object Repository/Page_HCMUS/a_Log in' is clicked on

2022-01-14 23:19:51 - [TEST_STEP][PASSED] - setText(findTestObject("Object Repository/Page_HCMUS Log in to the site/input_Username_username"), "teacher1"): Text 'teacher1' is set on object 'Object Repository/Page_HCMUS Log in to the site/input_Username_username'

2022-01-14 23:19:52 - [MESSAGE][PASSED] - Text 'teacher1' is set on object 'Object Repository/Page_HCMUS Log in to the site/input_Username_username'

2022-01-14 23:19:52 - [TEST_STEP][PASSED] - setEncryptedText(findTestObject("Object Repository/Page_HCMUS Log in to the site/input_Password_password"), "iKb8CrY6A/iqm08K47hQLA=="): Text ****** has been set on object 'Object Repository/Page_HCMUS Log in to the site/input_Password_password'

2022-01-14 23:19:52 - [MESSAGE][PASSED] - Text ****** has been set on object 'Object Repository/Page_HCMUS Log in to the site/input_Password_password'

2022-01-14 23:19:52 - [TEST_STEP][PASSED] - click(findTestObject("Object Repository/Page_HCMUS Log in to the site/button_Log in")): Object: 'Object Repository/Page_HCMUS Log in to the site/button_Log in' is clicked on

2022-01-14 23:19:53 - [MESSAGE][PASSED] - Object: 'Object Repository/Page_HCMUS Log in to the site/button_Log in' is clicked on

2022-01-14 23:19:53 - [TEST_STEP][PASSED] - click(findTestObject("Object Repository/Page_Dashboard/span_Site home")): Object: 'Object Repository/Page_Dashboard/span_Site home' is clicked on

2022-01-14 23:19:56 - [MESSAGE][PASSED] - Object: 'Object Repository/Page_Dashboard/span_Site home' is clicked on

2022-01-14 23:19:56 - [TEST_STEP][PASSED] - click(findTestObject("Object Repository/Page_HCMUS/a_Nhp mn tr tu nhn to")): Object: 'Object Repository/Page_HCMUS/a_Nhp mn tr tu nhn to' is clicked on

2022-01-14 23:19:56 - [MESSAGE][PASSED] - Object: 'Object Repository/Page_HCMUS/a_Nhp mn tr tu nhn to' is clicked on

2022-01-14 23:19:56 - [TEST_STEP][PASSED] - click(findTestObject("Object Repository/Page_Course Nhp mn tr tu nhn to/span_Forum 1")): Object: 'Object Repository/Page_Course Nhp mn tr tu nhn to/span_Forum 1' is clicked on

2022-01-14 23:19:58 - [MESSAGE][PASSED] - Object: 'Object Repository/Page_Course Nhp mn tr tu nhn to/span_Forum 1' is clicked on

2022-01-14 23:19:58 - [TEST_STEP][FAILED] - click(findTestObject("Object Repository/Page_Forum 1/i_Subscribe to this discussion_icon fa fa-e_f628f6")): Unable to click on object 'Object Repository/Page_Forum 1/i_Subscribe to this discussion_icon fa fa-e_f628f6' (Root cause: com.kms.katalon.core.exception.StepFailedException: Unable to click on object 'Object Repository/Page_Forum 1/i_Subscribe to this discussion_icon fa fa-e_f628f6'
	at com.kms.katalon.core.webui.keyword.internal.WebUIKeywordMain.stepFailed(WebUIKeywordMain.groovy:64)
	at com.kms.katalon.core.webui.keyword.internal.WebUIKeywordMain.runKeyword(WebUIKeywordMain.groovy:26)
	at com.kms.katalon.core.webui.keyword.builtin.ClickKeyword.click(ClickKeyword.groovy:74)
	at com.kms.katalon.core.webui.keyword.builtin.ClickKeyword.execute(ClickKeyword.groovy:40)
	at com.kms.katalon.core.keyword.internal.KeywordExecutor.executeKeywordForPlatform(KeywordExecutor.groovy:74)
	at com.kms.katalon.core.webui.keyword.WebUiBuiltInKeywords.click(WebUiBuiltInKeywords.groovy:620)
	at com.kms.katalon.core.webui.keyword.WebUiBuiltInKeywords$click$1.call(Unknown Source)
	at 49_Giáo viên lock một discussion trong forum môn học.run(49_Giáo viên lock một discussion trong forum môn học:38)
	at com.kms.katalon.core.main.ScriptEngine.run(ScriptEngine.java:194)
	at com.kms.katalon.core.main.ScriptEngine.runScriptAsRawText(ScriptEngine.java:119)
	at com.kms.katalon.core.main.TestCaseExecutor.runScript(TestCaseExecutor.java:442)
	at com.kms.katalon.core.main.TestCaseExecutor.doExecute(TestCaseExecutor.java:433)
	at com.kms.katalon.core.main.TestCaseExecutor.processExecutionPhase(TestCaseExecutor.java:412)
	at com.kms.katalon.core.main.TestCaseExecutor.accessMainPhase(TestCaseExecutor.java:404)
	at com.kms.katalon.core.main.TestCaseExecutor.execute(TestCaseExecutor.java:281)
	at com.kms.katalon.core.main.TestCaseExecutor.execute(TestCaseExecutor.java:363)
	at com.kms.katalon.core.main.TestCaseExecutor.execute(TestCaseExecutor.java:363)
	at com.kms.katalon.core.main.TestCaseExecutor.execute(TestCaseExecutor.java:363)
	at com.kms.katalon.core.main.TestSuiteExecutor.accessTestCaseMainPhase(TestSuiteExecutor.java:202)
	at com.kms.katalon.core.main.TestSuiteExecutor.accessTestSuiteMainPhase(TestSuiteExecutor.java:164)
	at com.kms.katalon.core.main.TestSuiteExecutor.execute(TestSuiteExecutor.java:105)
	at com.kms.katalon.core.main.TestCaseMain.startTestSuite(TestCaseMain.java:181)
	at com.kms.katalon.core.main.TestCaseMain$startTestSuite$0.call(Unknown Source)
	at TempTestSuite1642174516033.run(TempTestSuite1642174516033.groovy:36)
Caused by: com.kms.katalon.core.webui.exception.WebElementNotFoundException: Web element with id: 'Object Repository/Page_Forum 1/i_Subscribe to this discussion_icon fa fa-e_f628f6' located by '//a[@id='yui_3_17_2_1_1641986967470_501']/i' not found
	at com.kms.katalon.core.webui.common.WebUiCommonHelper.findWebElement(WebUiCommonHelper.java:1368)
	at com.kms.katalon.core.webui.keyword.internal.WebUIAbstractKeyword.findWebElement(WebUIAbstractKeyword.groovy:27)
	at com.kms.katalon.core.webui.keyword.builtin.ClickKeyword$_click_closure1.doCall(ClickKeyword.groovy:65)
	at com.kms.katalon.core.webui.keyword.builtin.ClickKeyword$_click_closure1.call(ClickKeyword.groovy)
	at com.kms.katalon.core.webui.keyword.internal.WebUIKeywordMain.runKeyword(WebUIKeywordMain.groovy:20)
	at com.kms.katalon.core.webui.keyword.builtin.ClickKeyword.click(ClickKeyword.groovy:74)
	at com.kms.katalon.core.webui.keyword.builtin.ClickKeyword.execute(ClickKeyword.groovy:40)
	at com.kms.katalon.core.keyword.internal.KeywordExecutor.executeKeywordForPlatform(KeywordExecutor.groovy:74)
	at com.kms.katalon.core.webui.keyword.WebUiBuiltInKeywords.click(WebUiBuiltInKeywords.groovy:620)
	at com.kms.katalon.core.webui.keyword.WebUiBuiltInKeywords$click$1.call(Unknown Source)
	at Script1641988439967.run(Script1641988439967.groovy:38)
	... 16 more
)

2022-01-14 23:20:04 - [MESSAGE][INFO] - Unable to find the element located by 'By.xpath: //a[@id='yui_3_17_2_1_1641986967470_501']/i'. Please recheck the objects properties to make sure the desired element is located. 

2022-01-14 23:20:04 - [MESSAGE][WARNING] - [SELF-HEALING] Failed to find element with id 'Object Repository/Page_Forum 1/i_Subscribe to this discussion_icon fa fa-e_f628f6'. Try using Self-healing.

2022-01-14 23:20:04 - [MESSAGE][INFO] - [SELF-HEALING] Failed Locator: '//a[@id='yui_3_17_2_1_1641986967470_501']/i'.

2022-01-14 23:20:04 - [MESSAGE][INFO] - [SELF-HEALING] Failed Locator: '//td[6]/div/div/div/a/i'.

2022-01-14 23:20:04 - [MESSAGE][INFO] - [SELF-HEALING] Failed Locator: '//a[@id='yui_3_17_2_1_1641986468256_501']/i'.

2022-01-14 23:20:05 - [MESSAGE][INFO] - [SELF-HEALING] Failed Locator: '//a[@id='yui_3_17_2_1_1641986967470_501']/i'.

2022-01-14 23:20:05 - [MESSAGE][INFO] - [SELF-HEALING] Failed Locator: '//td[6]/div/div/div/a/i'.

2022-01-14 23:20:05 - [MESSAGE][INFO] - [SELF-HEALING] Failed Locator: '//a[@id='yui_3_17_2_1_1641986468256_501']/i'.

2022-01-14 23:20:06 - [MESSAGE][INFO] - Unable to find the element located by 'By.xpath: id("yui_3_17_2_1_1641986967470_501")/i[@class="icon fa fa-ellipsis-v fa-fw"]'. Please recheck the objects properties to make sure the desired element is located. 

2022-01-14 23:20:07 - [MESSAGE][INFO] - Unable to find the element located by 'By.cssSelector: '. Please recheck the objects properties to make sure the desired element is located. 

2022-01-14 23:20:07 - [MESSAGE][FAILED] - Unable to click on object 'Object Repository/Page_Forum 1/i_Subscribe to this discussion_icon fa fa-e_f628f6' (Root cause: com.kms.katalon.core.exception.StepFailedException: Unable to click on object 'Object Repository/Page_Forum 1/i_Subscribe to this discussion_icon fa fa-e_f628f6'
	at com.kms.katalon.core.webui.keyword.internal.WebUIKeywordMain.stepFailed(WebUIKeywordMain.groovy:64)
	at com.kms.katalon.core.webui.keyword.internal.WebUIKeywordMain.runKeyword(WebUIKeywordMain.groovy:26)
	at com.kms.katalon.core.webui.keyword.builtin.ClickKeyword.click(ClickKeyword.groovy:74)
	at com.kms.katalon.core.webui.keyword.builtin.ClickKeyword.execute(ClickKeyword.groovy:40)
	at com.kms.katalon.core.keyword.internal.KeywordExecutor.executeKeywordForPlatform(KeywordExecutor.groovy:74)
	at com.kms.katalon.core.webui.keyword.WebUiBuiltInKeywords.click(WebUiBuiltInKeywords.groovy:620)
	at com.kms.katalon.core.webui.keyword.WebUiBuiltInKeywords$click$1.call(Unknown Source)
	at 49_Giáo viên lock một discussion trong forum môn học.run(49_Giáo viên lock một discussion trong forum môn học:38)
	at com.kms.katalon.core.main.ScriptEngine.run(ScriptEngine.java:194)
	at com.kms.katalon.core.main.ScriptEngine.runScriptAsRawText(ScriptEngine.java:119)
	at com.kms.katalon.core.main.TestCaseExecutor.runScript(TestCaseExecutor.java:442)
	at com.kms.katalon.core.main.TestCaseExecutor.doExecute(TestCaseExecutor.java:433)
	at com.kms.katalon.core.main.TestCaseExecutor.processExecutionPhase(TestCaseExecutor.java:412)
	at com.kms.katalon.core.main.TestCaseExecutor.accessMainPhase(TestCaseExecutor.java:404)
	at com.kms.katalon.core.main.TestCaseExecutor.execute(TestCaseExecutor.java:281)
	at com.kms.katalon.core.main.TestCaseExecutor.execute(TestCaseExecutor.java:363)
	at com.kms.katalon.core.main.TestCaseExecutor.execute(TestCaseExecutor.java:363)
	at com.kms.katalon.core.main.TestCaseExecutor.execute(TestCaseExecutor.java:363)
	at com.kms.katalon.core.main.TestSuiteExecutor.accessTestCaseMainPhase(TestSuiteExecutor.java:202)
	at com.kms.katalon.core.main.TestSuiteExecutor.accessTestSuiteMainPhase(TestSuiteExecutor.java:164)
	at com.kms.katalon.core.main.TestSuiteExecutor.execute(TestSuiteExecutor.java:105)
	at com.kms.katalon.core.main.TestCaseMain.startTestSuite(TestCaseMain.java:181)
	at com.kms.katalon.core.main.TestCaseMain$startTestSuite$0.call(Unknown Source)
	at TempTestSuite1642174516033.run(TempTestSuite1642174516033.groovy:36)
Caused by: com.kms.katalon.core.webui.exception.WebElementNotFoundException: Web element with id: 'Object Repository/Page_Forum 1/i_Subscribe to this discussion_icon fa fa-e_f628f6' located by '//a[@id='yui_3_17_2_1_1641986967470_501']/i' not found
	at com.kms.katalon.core.webui.common.WebUiCommonHelper.findWebElement(WebUiCommonHelper.java:1368)
	at com.kms.katalon.core.webui.keyword.internal.WebUIAbstractKeyword.findWebElement(WebUIAbstractKeyword.groovy:27)
	at com.kms.katalon.core.webui.keyword.builtin.ClickKeyword$_click_closure1.doCall(ClickKeyword.groovy:65)
	at com.kms.katalon.core.webui.keyword.builtin.ClickKeyword$_click_closure1.call(ClickKeyword.groovy)
	at com.kms.katalon.core.webui.keyword.internal.WebUIKeywordMain.runKeyword(WebUIKeywordMain.groovy:20)
	at com.kms.katalon.core.webui.keyword.builtin.ClickKeyword.click(ClickKeyword.groovy:74)
	at com.kms.katalon.core.webui.keyword.builtin.ClickKeyword.execute(ClickKeyword.groovy:40)
	at com.kms.katalon.core.keyword.internal.KeywordExecutor.executeKeywordForPlatform(KeywordExecutor.groovy:74)
	at com.kms.katalon.core.webui.keyword.WebUiBuiltInKeywords.click(WebUiBuiltInKeywords.groovy:620)
	at com.kms.katalon.core.webui.keyword.WebUiBuiltInKeywords$click$1.call(Unknown Source)
	at Script1641988439967.run(Script1641988439967.groovy:38)
	... 16 more
)
[[ATTACHMENT|D:\\nam 3\\nhap mon CNPM\\bonus project\\Test-Automation-SE-Bonus\\Reports\\20220114_223516\\Run all test cases\\20220114_223516\\1642177207701.png]]]]></system-out>
         <system-err><![CDATA[2022-01-14 23:19:48 - [TEST_CASE][FAILED] - Test Cases/49_Giáo viên lock một discussion trong forum môn học: Test Cases/49_Giáo viên lock một discussion trong forum môn học FAILED.
Reason:
com.kms.katalon.core.exception.StepFailedException: Unable to click on object 'Object Repository/Page_Forum 1/i_Subscribe to this discussion_icon fa fa-e_f628f6'
	at com.kms.katalon.core.webui.keyword.internal.WebUIKeywordMain.stepFailed(WebUIKeywordMain.groovy:64)
	at com.kms.katalon.core.webui.keyword.internal.WebUIKeywordMain.runKeyword(WebUIKeywordMain.groovy:26)
	at com.kms.katalon.core.webui.keyword.builtin.ClickKeyword.click(ClickKeyword.groovy:74)
	at com.kms.katalon.core.webui.keyword.builtin.ClickKeyword.execute(ClickKeyword.groovy:40)
	at com.kms.katalon.core.keyword.internal.KeywordExecutor.executeKeywordForPlatform(KeywordExecutor.groovy:74)
	at com.kms.katalon.core.webui.keyword.WebUiBuiltInKeywords.click(WebUiBuiltInKeywords.groovy:620)
	at com.kms.katalon.core.webui.keyword.WebUiBuiltInKeywords$click$1.call(Unknown Source)
	at 49_Giáo viên lock một discussion trong forum môn học.run(49_Giáo viên lock một discussion trong forum môn học:38)
	at com.kms.katalon.core.main.ScriptEngine.run(ScriptEngine.java:194)
	at com.kms.katalon.core.main.ScriptEngine.runScriptAsRawText(ScriptEngine.java:119)
	at com.kms.katalon.core.main.TestCaseExecutor.runScript(TestCaseExecutor.java:442)
	at com.kms.katalon.core.main.TestCaseExecutor.doExecute(TestCaseExecutor.java:433)
	at com.kms.katalon.core.main.TestCaseExecutor.processExecutionPhase(TestCaseExecutor.java:412)
	at com.kms.katalon.core.main.TestCaseExecutor.accessMainPhase(TestCaseExecutor.java:404)
	at com.kms.katalon.core.main.TestCaseExecutor.execute(TestCaseExecutor.java:281)
	at com.kms.katalon.core.main.TestCaseExecutor.execute(TestCaseExecutor.java:363)
	at com.kms.katalon.core.main.TestCaseExecutor.execute(TestCaseExecutor.java:363)
	at com.kms.katalon.core.main.TestCaseExecutor.execute(TestCaseExecutor.java:363)
	at com.kms.katalon.core.main.TestSuiteExecutor.accessTestCaseMainPhase(TestSuiteExecutor.java:202)
	at com.kms.katalon.core.main.TestSuiteExecutor.accessTestSuiteMainPhase(TestSuiteExecutor.java:164)
	at com.kms.katalon.core.main.TestSuiteExecutor.execute(TestSuiteExecutor.java:105)
	at com.kms.katalon.core.main.TestCaseMain.startTestSuite(TestCaseMain.java:181)
	at com.kms.katalon.core.main.TestCaseMain$startTestSuite$0.call(Unknown Source)
	at TempTestSuite1642174516033.run(TempTestSuite1642174516033.groovy:36)
Caused by: com.kms.katalon.core.webui.exception.WebElementNotFoundException: Web element with id: 'Object Repository/Page_Forum 1/i_Subscribe to this discussion_icon fa fa-e_f628f6' located by '//a[@id='yui_3_17_2_1_1641986967470_501']/i' not found
	at com.kms.katalon.core.webui.common.WebUiCommonHelper.findWebElement(WebUiCommonHelper.java:1368)
	at com.kms.katalon.core.webui.keyword.internal.WebUIAbstractKeyword.findWebElement(WebUIAbstractKeyword.groovy:27)
	at com.kms.katalon.core.webui.keyword.builtin.ClickKeyword$_click_closure1.doCall(ClickKeyword.groovy:65)
	at com.kms.katalon.core.webui.keyword.builtin.ClickKeyword$_click_closure1.call(ClickKeyword.groovy)
	at com.kms.katalon.core.webui.keyword.internal.WebUIKeywordMain.runKeyword(WebUIKeywordMain.groovy:20)
	... 22 more]]></system-err>
      </testcase>
      <testcase name="Test Cases/50_Sinh viên chỉnh sửa thông tin cá nhân của mình" time="20.705" classname="Test Cases/50_Sinh viên chỉnh sửa thông tin cá nhân của mình" status="FAILED">
         <failure type="FAILED" message="Test Cases/50_Sinh viên chỉnh sửa thông tin cá nhân của mình FAILED.
Reason:
com.kms.katalon.core.exception.StepFailedException: Unable to verify object 'Object Repository/Page_S Waldrop Public profile/div_Changes saved' is visible
	at com.kms.katalon.core.webui.keyword.internal.WebUIKeywordMain.stepFailed(WebUIKeywordMain.groovy:64)
	at com.kms.katalon.core.webui.keyword.internal.WebUIKeywordMain.runKeyword(WebUIKeywordMain.groovy:26)
	at com.kms.katalon.core.webui.keyword.builtin.VerifyElementVisibleKeyword.verifyElementVisible(VerifyElementVisibleKeyword.groovy:97)
	at com.kms.katalon.core.webui.keyword.builtin.VerifyElementVisibleKeyword.execute(VerifyElementVisibleKeyword.groovy:67)
	at com.kms.katalon.core.keyword.internal.KeywordExecutor.executeKeywordForPlatform(KeywordExecutor.groovy:74)
	at com.kms.katalon.core.webui.keyword.WebUiBuiltInKeywords.verifyElementVisible(WebUiBuiltInKeywords.groovy:376)
	at com.kms.katalon.core.webui.keyword.WebUiBuiltInKeywords$verifyElementVisible$4.call(Unknown Source)
	at 50_Sinh viên chỉnh sửa thông tin cá nhân của mình.run(50_Sinh viên chỉnh sửa thông tin cá nhân của mình:42)
	at com.kms.katalon.core.main.ScriptEngine.run(ScriptEngine.java:194)
	at com.kms.katalon.core.main.ScriptEngine.runScriptAsRawText(ScriptEngine.java:119)
	at com.kms.katalon.core.main.TestCaseExecutor.runScript(TestCaseExecutor.java:442)
	at com.kms.katalon.core.main.TestCaseExecutor.doExecute(TestCaseExecutor.java:433)
	at com.kms.katalon.core.main.TestCaseExecutor.processExecutionPhase(TestCaseExecutor.java:412)
	at com.kms.katalon.core.main.TestCaseExecutor.accessMainPhase(TestCaseExecutor.java:404)
	at com.kms.katalon.core.main.TestCaseExecutor.execute(TestCaseExecutor.java:281)
	at com.kms.katalon.core.main.TestCaseExecutor.execute(TestCaseExecutor.java:363)
	at com.kms.katalon.core.main.TestCaseExecutor.execute(TestCaseExecutor.java:363)
	at com.kms.katalon.core.main.TestCaseExecutor.execute(TestCaseExecutor.java:363)
	at com.kms.katalon.core.main.TestSuiteExecutor.accessTestCaseMainPhase(TestSuiteExecutor.java:202)
	at com.kms.katalon.core.main.TestSuiteExecutor.accessTestSuiteMainPhase(TestSuiteExecutor.java:164)
	at com.kms.katalon.core.main.TestSuiteExecutor.execute(TestSuiteExecutor.java:105)
	at com.kms.katalon.core.main.TestCaseMain.startTestSuite(TestCaseMain.java:181)
	at com.kms.katalon.core.main.TestCaseMain$startTestSuite$0.call(Unknown Source)
	at TempTestSuite1642174516033.run(TempTestSuite1642174516033.groovy:36)
Caused by: com.kms.katalon.core.exception.StepFailedException: Web element with id: 'Object Repository/Page_S Waldrop Public profile/div_Changes saved' located by '//span[@id='user-notifications']/div' not found
	at com.kms.katalon.core.webui.keyword.internal.WebUIKeywordMain.stepFailed(WebUIKeywordMain.groovy:64)
	at com.kms.katalon.core.webui.keyword.builtin.VerifyElementVisibleKeyword$_verifyElementVisible_closure1.doCall(VerifyElementVisibleKeyword.groovy:89)
	at com.kms.katalon.core.webui.keyword.builtin.VerifyElementVisibleKeyword$_verifyElementVisible_closure1.call(VerifyElementVisibleKeyword.groovy)
	at com.kms.katalon.core.webui.keyword.internal.WebUIKeywordMain.runKeyword(WebUIKeywordMain.groovy:20)
	... 22 more
"/>
         <system-out><![CDATA[2022-01-14 23:21:10 - [TEST_CASE][FAILED] - Test Cases/50_Sinh viên chỉnh sửa thông tin cá nhân của mình: Test Cases/50_Sinh viên chỉnh sửa thông tin cá nhân của mình FAILED.
Reason:
com.kms.katalon.core.exception.StepFailedException: Unable to verify object 'Object Repository/Page_S Waldrop Public profile/div_Changes saved' is visible
	at com.kms.katalon.core.webui.keyword.internal.WebUIKeywordMain.stepFailed(WebUIKeywordMain.groovy:64)
	at com.kms.katalon.core.webui.keyword.internal.WebUIKeywordMain.runKeyword(WebUIKeywordMain.groovy:26)
	at com.kms.katalon.core.webui.keyword.builtin.VerifyElementVisibleKeyword.verifyElementVisible(VerifyElementVisibleKeyword.groovy:97)
	at com.kms.katalon.core.webui.keyword.builtin.VerifyElementVisibleKeyword.execute(VerifyElementVisibleKeyword.groovy:67)
	at com.kms.katalon.core.keyword.internal.KeywordExecutor.executeKeywordForPlatform(KeywordExecutor.groovy:74)
	at com.kms.katalon.core.webui.keyword.WebUiBuiltInKeywords.verifyElementVisible(WebUiBuiltInKeywords.groovy:376)
	at com.kms.katalon.core.webui.keyword.WebUiBuiltInKeywords$verifyElementVisible$4.call(Unknown Source)
	at 50_Sinh viên chỉnh sửa thông tin cá nhân của mình.run(50_Sinh viên chỉnh sửa thông tin cá nhân của mình:42)
	at com.kms.katalon.core.main.ScriptEngine.run(ScriptEngine.java:194)
	at com.kms.katalon.core.main.ScriptEngine.runScriptAsRawText(ScriptEngine.java:119)
	at com.kms.katalon.core.main.TestCaseExecutor.runScript(TestCaseExecutor.java:442)
	at com.kms.katalon.core.main.TestCaseExecutor.doExecute(TestCaseExecutor.java:433)
	at com.kms.katalon.core.main.TestCaseExecutor.processExecutionPhase(TestCaseExecutor.java:412)
	at com.kms.katalon.core.main.TestCaseExecutor.accessMainPhase(TestCaseExecutor.java:404)
	at com.kms.katalon.core.main.TestCaseExecutor.execute(TestCaseExecutor.java:281)
	at com.kms.katalon.core.main.TestCaseExecutor.execute(TestCaseExecutor.java:363)
	at com.kms.katalon.core.main.TestCaseExecutor.execute(TestCaseExecutor.java:363)
	at com.kms.katalon.core.main.TestCaseExecutor.execute(TestCaseExecutor.java:363)
	at com.kms.katalon.core.main.TestSuiteExecutor.accessTestCaseMainPhase(TestSuiteExecutor.java:202)
	at com.kms.katalon.core.main.TestSuiteExecutor.accessTestSuiteMainPhase(TestSuiteExecutor.java:164)
	at com.kms.katalon.core.main.TestSuiteExecutor.execute(TestSuiteExecutor.java:105)
	at com.kms.katalon.core.main.TestCaseMain.startTestSuite(TestCaseMain.java:181)
	at com.kms.katalon.core.main.TestCaseMain$startTestSuite$0.call(Unknown Source)
	at TempTestSuite1642174516033.run(TempTestSuite1642174516033.groovy:36)
Caused by: com.kms.katalon.core.exception.StepFailedException: Web element with id: 'Object Repository/Page_S Waldrop Public profile/div_Changes saved' located by '//span[@id='user-notifications']/div' not found
	at com.kms.katalon.core.webui.keyword.internal.WebUIKeywordMain.stepFailed(WebUIKeywordMain.groovy:64)
	at com.kms.katalon.core.webui.keyword.builtin.VerifyElementVisibleKeyword$_verifyElementVisible_closure1.doCall(VerifyElementVisibleKeyword.groovy:89)
	at com.kms.katalon.core.webui.keyword.builtin.VerifyElementVisibleKeyword$_verifyElementVisible_closure1.call(VerifyElementVisibleKeyword.groovy)
	at com.kms.katalon.core.webui.keyword.internal.WebUIKeywordMain.runKeyword(WebUIKeywordMain.groovy:20)
	... 22 more


2022-01-14 23:21:10 - [TEST_STEP][PASSED] - openBrowser(""): Browser is opened with url: ''

2022-01-14 23:21:10 - [MESSAGE][WARNING] - A browser is already opened. Closing browser and opening a new one

2022-01-14 23:21:10 - [MESSAGE][INFO] - Starting 'Chrome' driver

2022-01-14 23:21:10 - [MESSAGE][INFO] - Action delay is set to 0 milliseconds

2022-01-14 23:21:12 - [MESSAGE][PASSED] - Browser is opened with url: ''

2022-01-14 23:21:12 - [TEST_STEP][PASSED] - navigateToUrl("http://localhost/"): Navigate to 'http://localhost/' successfully

2022-01-14 23:21:12 - [MESSAGE][PASSED] - Navigate to 'http://localhost/' successfully

2022-01-14 23:21:12 - [TEST_STEP][PASSED] - click(findTestObject("Object Repository/Page_HCMUS/a_Log in")): Object: 'Object Repository/Page_HCMUS/a_Log in' is clicked on

2022-01-14 23:21:13 - [MESSAGE][PASSED] - Object: 'Object Repository/Page_HCMUS/a_Log in' is clicked on

2022-01-14 23:21:13 - [TEST_STEP][PASSED] - setText(findTestObject("Object Repository/Page_HCMUS Log in to the site/input_Username_username"), "student1"): Text 'student1' is set on object 'Object Repository/Page_HCMUS Log in to the site/input_Username_username'

2022-01-14 23:21:14 - [MESSAGE][PASSED] - Text 'student1' is set on object 'Object Repository/Page_HCMUS Log in to the site/input_Username_username'

2022-01-14 23:21:14 - [TEST_STEP][PASSED] - setEncryptedText(findTestObject("Object Repository/Page_HCMUS Log in to the site/input_Password_password"), "xsue+lrReh6nSDZIylEEKg=="): Text ****** has been set on object 'Object Repository/Page_HCMUS Log in to the site/input_Password_password'

2022-01-14 23:21:14 - [MESSAGE][PASSED] - Text ****** has been set on object 'Object Repository/Page_HCMUS Log in to the site/input_Password_password'

2022-01-14 23:21:14 - [TEST_STEP][PASSED] - click(findTestObject("Object Repository/Page_HCMUS Log in to the site/button_Log in")): Object: 'Object Repository/Page_HCMUS Log in to the site/button_Log in' is clicked on

2022-01-14 23:21:15 - [MESSAGE][PASSED] - Object: 'Object Repository/Page_HCMUS Log in to the site/button_Log in' is clicked on

2022-01-14 23:21:15 - [TEST_STEP][PASSED] - click(findTestObject("Object Repository/Page_Dashboard/a_Student Waldrop")): Object: 'Object Repository/Page_Dashboard/a_Student Waldrop' is clicked on

2022-01-14 23:21:16 - [MESSAGE][PASSED] - Object: 'Object Repository/Page_Dashboard/a_Student Waldrop' is clicked on

2022-01-14 23:21:16 - [TEST_STEP][PASSED] - click(findTestObject("Object Repository/Page_Dashboard/span_Profile")): Object: 'Object Repository/Page_Dashboard/span_Profile' is clicked on

2022-01-14 23:21:17 - [MESSAGE][PASSED] - Object: 'Object Repository/Page_Dashboard/span_Profile' is clicked on

2022-01-14 23:21:17 - [TEST_STEP][PASSED] - click(findTestObject("Object Repository/Page_Student Waldrop Public profile/a_Edit profile")): Object: 'Object Repository/Page_Student Waldrop Public profile/a_Edit profile' is clicked on

2022-01-14 23:21:19 - [MESSAGE][PASSED] - Object: 'Object Repository/Page_Student Waldrop Public profile/a_Edit profile' is clicked on

2022-01-14 23:21:19 - [TEST_STEP][PASSED] - setText(findTestObject("Object Repository/Page_KHTN Edit profile/input_First name_firstname"), "S"): Text 'S' is set on object 'Object Repository/Page_KHTN Edit profile/input_First name_firstname'

2022-01-14 23:21:20 - [MESSAGE][PASSED] - Text 'S' is set on object 'Object Repository/Page_KHTN Edit profile/input_First name_firstname'

2022-01-14 23:21:20 - [TEST_STEP][PASSED] - click(findTestObject("Object Repository/Page_KHTN Edit profile/input_Address_submitbutton")): Object: 'Object Repository/Page_KHTN Edit profile/input_Address_submitbutton' is clicked on

2022-01-14 23:21:20 - [MESSAGE][PASSED] - Object: 'Object Repository/Page_KHTN Edit profile/input_Address_submitbutton' is clicked on

2022-01-14 23:21:20 - [TEST_STEP][FAILED] - verifyElementVisible(findTestObject("Object Repository/Page_S Waldrop Public profile/div_Changes saved")): Unable to verify object 'Object Repository/Page_S Waldrop Public profile/div_Changes saved' is visible (Root cause: com.kms.katalon.core.exception.StepFailedException: Unable to verify object 'Object Repository/Page_S Waldrop Public profile/div_Changes saved' is visible
	at com.kms.katalon.core.webui.keyword.internal.WebUIKeywordMain.stepFailed(WebUIKeywordMain.groovy:64)
	at com.kms.katalon.core.webui.keyword.internal.WebUIKeywordMain.runKeyword(WebUIKeywordMain.groovy:26)
	at com.kms.katalon.core.webui.keyword.builtin.VerifyElementVisibleKeyword.verifyElementVisible(VerifyElementVisibleKeyword.groovy:97)
	at com.kms.katalon.core.webui.keyword.builtin.VerifyElementVisibleKeyword.execute(VerifyElementVisibleKeyword.groovy:67)
	at com.kms.katalon.core.keyword.internal.KeywordExecutor.executeKeywordForPlatform(KeywordExecutor.groovy:74)
	at com.kms.katalon.core.webui.keyword.WebUiBuiltInKeywords.verifyElementVisible(WebUiBuiltInKeywords.groovy:376)
	at com.kms.katalon.core.webui.keyword.WebUiBuiltInKeywords$verifyElementVisible$4.call(Unknown Source)
	at 50_Sinh viên chỉnh sửa thông tin cá nhân của mình.run(50_Sinh viên chỉnh sửa thông tin cá nhân của mình:42)
	at com.kms.katalon.core.main.ScriptEngine.run(ScriptEngine.java:194)
	at com.kms.katalon.core.main.ScriptEngine.runScriptAsRawText(ScriptEngine.java:119)
	at com.kms.katalon.core.main.TestCaseExecutor.runScript(TestCaseExecutor.java:442)
	at com.kms.katalon.core.main.TestCaseExecutor.doExecute(TestCaseExecutor.java:433)
	at com.kms.katalon.core.main.TestCaseExecutor.processExecutionPhase(TestCaseExecutor.java:412)
	at com.kms.katalon.core.main.TestCaseExecutor.accessMainPhase(TestCaseExecutor.java:404)
	at com.kms.katalon.core.main.TestCaseExecutor.execute(TestCaseExecutor.java:281)
	at com.kms.katalon.core.main.TestCaseExecutor.execute(TestCaseExecutor.java:363)
	at com.kms.katalon.core.main.TestCaseExecutor.execute(TestCaseExecutor.java:363)
	at com.kms.katalon.core.main.TestCaseExecutor.execute(TestCaseExecutor.java:363)
	at com.kms.katalon.core.main.TestSuiteExecutor.accessTestCaseMainPhase(TestSuiteExecutor.java:202)
	at com.kms.katalon.core.main.TestSuiteExecutor.accessTestSuiteMainPhase(TestSuiteExecutor.java:164)
	at com.kms.katalon.core.main.TestSuiteExecutor.execute(TestSuiteExecutor.java:105)
	at com.kms.katalon.core.main.TestCaseMain.startTestSuite(TestCaseMain.java:181)
	at com.kms.katalon.core.main.TestCaseMain$startTestSuite$0.call(Unknown Source)
	at TempTestSuite1642174516033.run(TempTestSuite1642174516033.groovy:36)
Caused by: com.kms.katalon.core.exception.StepFailedException: Web element with id: 'Object Repository/Page_S Waldrop Public profile/div_Changes saved' located by '//span[@id='user-notifications']/div' not found
	at com.kms.katalon.core.webui.keyword.internal.WebUIKeywordMain.stepFailed(WebUIKeywordMain.groovy:64)
	at com.kms.katalon.core.webui.keyword.builtin.VerifyElementVisibleKeyword$_verifyElementVisible_closure1.doCall(VerifyElementVisibleKeyword.groovy:89)
	at com.kms.katalon.core.webui.keyword.builtin.VerifyElementVisibleKeyword$_verifyElementVisible_closure1.call(VerifyElementVisibleKeyword.groovy)
	at com.kms.katalon.core.webui.keyword.internal.WebUIKeywordMain.runKeyword(WebUIKeywordMain.groovy:20)
	... 22 more
)

2022-01-14 23:21:27 - [MESSAGE][INFO] - Unable to find the element located by 'By.xpath: //span[@id='user-notifications']/div'. Please recheck the objects properties to make sure the desired element is located. 

2022-01-14 23:21:27 - [MESSAGE][WARNING] - [SELF-HEALING] Failed to find element with id 'Object Repository/Page_S Waldrop Public profile/div_Changes saved'. Try using Self-healing.

2022-01-14 23:21:27 - [MESSAGE][INFO] - [SELF-HEALING] Failed Locator: '//span[@id='user-notifications']/div'.

2022-01-14 23:21:27 - [MESSAGE][INFO] - [SELF-HEALING] Failed Locator: '(.//*[normalize-space(text()) and normalize-space(.)='Customise this page'])[1]/following::div[4]'.

2022-01-14 23:21:27 - [MESSAGE][INFO] - [SELF-HEALING] Failed Locator: '(.//*[normalize-space(text()) and normalize-space(.)='Reset page to default'])[1]/following::div[5]'.

2022-01-14 23:21:28 - [MESSAGE][INFO] - [SELF-HEALING] Failed Locator: '(.//*[normalize-space(text()) and normalize-space(.)='User details'])[1]/preceding::div[1]'.

2022-01-14 23:21:28 - [MESSAGE][INFO] - [SELF-HEALING] Failed Locator: '//*/text()[normalize-space(.)='Changes saved']/parent::*'.

2022-01-14 23:21:28 - [MESSAGE][INFO] - [SELF-HEALING] Failed Locator: '//span/div'.

2022-01-14 23:21:29 - [MESSAGE][INFO] - Unable to find the element located by 'By.xpath: //*[(text() = '
    ×
    Changes saved
 ' or . = '
    ×
    Changes saved
 ')]'. Please recheck the objects properties to make sure the desired element is located. 

2022-01-14 23:21:30 - [MESSAGE][INFO] - Unable to find the element located by 'By.cssSelector: '. Please recheck the objects properties to make sure the desired element is located. 

2022-01-14 23:21:30 - [MESSAGE][FAILED] - Web element with id: 'Object Repository/Page_S Waldrop Public profile/div_Changes saved' located by '//span[@id='user-notifications']/div' not found (Root cause: com.kms.katalon.core.exception.StepFailedException: Web element with id: 'Object Repository/Page_S Waldrop Public profile/div_Changes saved' located by '//span[@id='user-notifications']/div' not found
	at com.kms.katalon.core.webui.keyword.internal.WebUIKeywordMain.stepFailed(WebUIKeywordMain.groovy:64)
	at com.kms.katalon.core.webui.keyword.builtin.VerifyElementVisibleKeyword$_verifyElementVisible_closure1.doCall(VerifyElementVisibleKeyword.groovy:89)
	at com.kms.katalon.core.webui.keyword.builtin.VerifyElementVisibleKeyword$_verifyElementVisible_closure1.call(VerifyElementVisibleKeyword.groovy)
	at com.kms.katalon.core.webui.keyword.internal.WebUIKeywordMain.runKeyword(WebUIKeywordMain.groovy:20)
	at com.kms.katalon.core.webui.keyword.builtin.VerifyElementVisibleKeyword.verifyElementVisible(VerifyElementVisibleKeyword.groovy:97)
	at com.kms.katalon.core.webui.keyword.builtin.VerifyElementVisibleKeyword.execute(VerifyElementVisibleKeyword.groovy:67)
	at com.kms.katalon.core.keyword.internal.KeywordExecutor.executeKeywordForPlatform(KeywordExecutor.groovy:74)
	at com.kms.katalon.core.webui.keyword.WebUiBuiltInKeywords.verifyElementVisible(WebUiBuiltInKeywords.groovy:376)
	at com.kms.katalon.core.webui.keyword.WebUiBuiltInKeywords$verifyElementVisible$4.call(Unknown Source)
	at 50_Sinh viên chỉnh sửa thông tin cá nhân của mình.run(50_Sinh viên chỉnh sửa thông tin cá nhân của mình:42)
	at com.kms.katalon.core.main.ScriptEngine.run(ScriptEngine.java:194)
	at com.kms.katalon.core.main.ScriptEngine.runScriptAsRawText(ScriptEngine.java:119)
	at com.kms.katalon.core.main.TestCaseExecutor.runScript(TestCaseExecutor.java:442)
	at com.kms.katalon.core.main.TestCaseExecutor.doExecute(TestCaseExecutor.java:433)
	at com.kms.katalon.core.main.TestCaseExecutor.processExecutionPhase(TestCaseExecutor.java:412)
	at com.kms.katalon.core.main.TestCaseExecutor.accessMainPhase(TestCaseExecutor.java:404)
	at com.kms.katalon.core.main.TestCaseExecutor.execute(TestCaseExecutor.java:281)
	at com.kms.katalon.core.main.TestCaseExecutor.execute(TestCaseExecutor.java:363)
	at com.kms.katalon.core.main.TestCaseExecutor.execute(TestCaseExecutor.java:363)
	at com.kms.katalon.core.main.TestCaseExecutor.execute(TestCaseExecutor.java:363)
	at com.kms.katalon.core.main.TestSuiteExecutor.accessTestCaseMainPhase(TestSuiteExecutor.java:202)
	at com.kms.katalon.core.main.TestSuiteExecutor.accessTestSuiteMainPhase(TestSuiteExecutor.java:164)
	at com.kms.katalon.core.main.TestSuiteExecutor.execute(TestSuiteExecutor.java:105)
	at com.kms.katalon.core.main.TestCaseMain.startTestSuite(TestCaseMain.java:181)
	at com.kms.katalon.core.main.TestCaseMain$startTestSuite$0.call(Unknown Source)
	at TempTestSuite1642174516033.run(TempTestSuite1642174516033.groovy:36)
)
[[ATTACHMENT|D:\\nam 3\\nhap mon CNPM\\bonus project\\Test-Automation-SE-Bonus\\Reports\\20220114_223516\\Run all test cases\\20220114_223516\\1642177290793.png]]

2022-01-14 23:21:31 - [MESSAGE][FAILED] - Unable to verify object 'Object Repository/Page_S Waldrop Public profile/div_Changes saved' is visible (Root cause: com.kms.katalon.core.exception.StepFailedException: Unable to verify object 'Object Repository/Page_S Waldrop Public profile/div_Changes saved' is visible
	at com.kms.katalon.core.webui.keyword.internal.WebUIKeywordMain.stepFailed(WebUIKeywordMain.groovy:64)
	at com.kms.katalon.core.webui.keyword.internal.WebUIKeywordMain.runKeyword(WebUIKeywordMain.groovy:26)
	at com.kms.katalon.core.webui.keyword.builtin.VerifyElementVisibleKeyword.verifyElementVisible(VerifyElementVisibleKeyword.groovy:97)
	at com.kms.katalon.core.webui.keyword.builtin.VerifyElementVisibleKeyword.execute(VerifyElementVisibleKeyword.groovy:67)
	at com.kms.katalon.core.keyword.internal.KeywordExecutor.executeKeywordForPlatform(KeywordExecutor.groovy:74)
	at com.kms.katalon.core.webui.keyword.WebUiBuiltInKeywords.verifyElementVisible(WebUiBuiltInKeywords.groovy:376)
	at com.kms.katalon.core.webui.keyword.WebUiBuiltInKeywords$verifyElementVisible$4.call(Unknown Source)
	at 50_Sinh viên chỉnh sửa thông tin cá nhân của mình.run(50_Sinh viên chỉnh sửa thông tin cá nhân của mình:42)
	at com.kms.katalon.core.main.ScriptEngine.run(ScriptEngine.java:194)
	at com.kms.katalon.core.main.ScriptEngine.runScriptAsRawText(ScriptEngine.java:119)
	at com.kms.katalon.core.main.TestCaseExecutor.runScript(TestCaseExecutor.java:442)
	at com.kms.katalon.core.main.TestCaseExecutor.doExecute(TestCaseExecutor.java:433)
	at com.kms.katalon.core.main.TestCaseExecutor.processExecutionPhase(TestCaseExecutor.java:412)
	at com.kms.katalon.core.main.TestCaseExecutor.accessMainPhase(TestCaseExecutor.java:404)
	at com.kms.katalon.core.main.TestCaseExecutor.execute(TestCaseExecutor.java:281)
	at com.kms.katalon.core.main.TestCaseExecutor.execute(TestCaseExecutor.java:363)
	at com.kms.katalon.core.main.TestCaseExecutor.execute(TestCaseExecutor.java:363)
	at com.kms.katalon.core.main.TestCaseExecutor.execute(TestCaseExecutor.java:363)
	at com.kms.katalon.core.main.TestSuiteExecutor.accessTestCaseMainPhase(TestSuiteExecutor.java:202)
	at com.kms.katalon.core.main.TestSuiteExecutor.accessTestSuiteMainPhase(TestSuiteExecutor.java:164)
	at com.kms.katalon.core.main.TestSuiteExecutor.execute(TestSuiteExecutor.java:105)
	at com.kms.katalon.core.main.TestCaseMain.startTestSuite(TestCaseMain.java:181)
	at com.kms.katalon.core.main.TestCaseMain$startTestSuite$0.call(Unknown Source)
	at TempTestSuite1642174516033.run(TempTestSuite1642174516033.groovy:36)
Caused by: com.kms.katalon.core.exception.StepFailedException: Web element with id: 'Object Repository/Page_S Waldrop Public profile/div_Changes saved' located by '//span[@id='user-notifications']/div' not found
	at com.kms.katalon.core.webui.keyword.internal.WebUIKeywordMain.stepFailed(WebUIKeywordMain.groovy:64)
	at com.kms.katalon.core.webui.keyword.builtin.VerifyElementVisibleKeyword$_verifyElementVisible_closure1.doCall(VerifyElementVisibleKeyword.groovy:89)
	at com.kms.katalon.core.webui.keyword.builtin.VerifyElementVisibleKeyword$_verifyElementVisible_closure1.call(VerifyElementVisibleKeyword.groovy)
	at com.kms.katalon.core.webui.keyword.internal.WebUIKeywordMain.runKeyword(WebUIKeywordMain.groovy:20)
	... 22 more
)
[[ATTACHMENT|D:\\nam 3\\nhap mon CNPM\\bonus project\\Test-Automation-SE-Bonus\\Reports\\20220114_223516\\Run all test cases\\20220114_223516\\1642177290920.png]]]]></system-out>
         <system-err><![CDATA[2022-01-14 23:21:10 - [TEST_CASE][FAILED] - Test Cases/50_Sinh viên chỉnh sửa thông tin cá nhân của mình: Test Cases/50_Sinh viên chỉnh sửa thông tin cá nhân của mình FAILED.
Reason:
com.kms.katalon.core.exception.StepFailedException: Unable to verify object 'Object Repository/Page_S Waldrop Public profile/div_Changes saved' is visible
	at com.kms.katalon.core.webui.keyword.internal.WebUIKeywordMain.stepFailed(WebUIKeywordMain.groovy:64)
	at com.kms.katalon.core.webui.keyword.internal.WebUIKeywordMain.runKeyword(WebUIKeywordMain.groovy:26)
	at com.kms.katalon.core.webui.keyword.builtin.VerifyElementVisibleKeyword.verifyElementVisible(VerifyElementVisibleKeyword.groovy:97)
	at com.kms.katalon.core.webui.keyword.builtin.VerifyElementVisibleKeyword.execute(VerifyElementVisibleKeyword.groovy:67)
	at com.kms.katalon.core.keyword.internal.KeywordExecutor.executeKeywordForPlatform(KeywordExecutor.groovy:74)
	at com.kms.katalon.core.webui.keyword.WebUiBuiltInKeywords.verifyElementVisible(WebUiBuiltInKeywords.groovy:376)
	at com.kms.katalon.core.webui.keyword.WebUiBuiltInKeywords$verifyElementVisible$4.call(Unknown Source)
	at 50_Sinh viên chỉnh sửa thông tin cá nhân của mình.run(50_Sinh viên chỉnh sửa thông tin cá nhân của mình:42)
	at com.kms.katalon.core.main.ScriptEngine.run(ScriptEngine.java:194)
	at com.kms.katalon.core.main.ScriptEngine.runScriptAsRawText(ScriptEngine.java:119)
	at com.kms.katalon.core.main.TestCaseExecutor.runScript(TestCaseExecutor.java:442)
	at com.kms.katalon.core.main.TestCaseExecutor.doExecute(TestCaseExecutor.java:433)
	at com.kms.katalon.core.main.TestCaseExecutor.processExecutionPhase(TestCaseExecutor.java:412)
	at com.kms.katalon.core.main.TestCaseExecutor.accessMainPhase(TestCaseExecutor.java:404)
	at com.kms.katalon.core.main.TestCaseExecutor.execute(TestCaseExecutor.java:281)
	at com.kms.katalon.core.main.TestCaseExecutor.execute(TestCaseExecutor.java:363)
	at com.kms.katalon.core.main.TestCaseExecutor.execute(TestCaseExecutor.java:363)
	at com.kms.katalon.core.main.TestCaseExecutor.execute(TestCaseExecutor.java:363)
	at com.kms.katalon.core.main.TestSuiteExecutor.accessTestCaseMainPhase(TestSuiteExecutor.java:202)
	at com.kms.katalon.core.main.TestSuiteExecutor.accessTestSuiteMainPhase(TestSuiteExecutor.java:164)
	at com.kms.katalon.core.main.TestSuiteExecutor.execute(TestSuiteExecutor.java:105)
	at com.kms.katalon.core.main.TestCaseMain.startTestSuite(TestCaseMain.java:181)
	at com.kms.katalon.core.main.TestCaseMain$startTestSuite$0.call(Unknown Source)
	at TempTestSuite1642174516033.run(TempTestSuite1642174516033.groovy:36)
Caused by: com.kms.katalon.core.exception.StepFailedException: Web element with id: 'Object Repository/Page_S Waldrop Public profile/div_Changes saved' located by '//span[@id='user-notifications']/div' not found
	at com.kms.katalon.core.webui.keyword.internal.WebUIKeywordMain.stepFailed(WebUIKeywordMain.groovy:64)
	at com.kms.katalon.core.webui.keyword.builtin.VerifyElementVisibleKeyword$_verifyElementVisible_closure1.doCall(VerifyElementVisibleKeyword.groovy:89)
	at com.kms.katalon.core.webui.keyword.builtin.VerifyElementVisibleKeyword$_verifyElementVisible_closure1.call(VerifyElementVisibleKeyword.groovy)
	at com.kms.katalon.core.webui.keyword.internal.WebUIKeywordMain.runKeyword(WebUIKeywordMain.groovy:20)
	... 22 more]]></system-err>
      </testcase>
      <system-out><![CDATA[2022-01-14 22:35:27 - [TEST_SUITE][FAILED] - Run all test cases: Test Cases/14_tìm kiếm theo vai trò FAILED.
Reason:
com.kms.katalon.core.exception.StepFailedException: Unable to set text 'Teacher' of object 'Object Repository/Page_AI Participants/input_Roles_form_autocomplete_input-1641958602006'
	at com.kms.katalon.core.webui.keyword.internal.WebUIKeywordMain.stepFailed(WebUIKeywordMain.groovy:64)
	at com.kms.katalon.core.webui.keyword.internal.WebUIKeywordMain.runKeyword(WebUIKeywordMain.groovy:26)
	at com.kms.katalon.core.webui.keyword.builtin.SetTextKeyword.setText(SetTextKeyword.groovy:66)
	at com.kms.katalon.core.webui.keyword.builtin.SetTextKeyword.execute(SetTextKeyword.groovy:37)
	at com.kms.katalon.core.keyword.internal.KeywordExecutor.executeKeywordForPlatform(KeywordExecutor.groovy:74)
	at com.kms.katalon.core.webui.keyword.WebUiBuiltInKeywords.setText(WebUiBuiltInKeywords.groovy:980)
	at com.kms.katalon.core.webui.keyword.WebUiBuiltInKeywords$setText$2.call(Unknown Source)
	at 14_tìm kiếm theo vai trò.run(14_tìm kiếm theo vai trò:41)
	at com.kms.katalon.core.main.ScriptEngine.run(ScriptEngine.java:194)
	at com.kms.katalon.core.main.ScriptEngine.runScriptAsRawText(ScriptEngine.java:119)
	at com.kms.katalon.core.main.TestCaseExecutor.runScript(TestCaseExecutor.java:442)
	at com.kms.katalon.core.main.TestCaseExecutor.doExecute(TestCaseExecutor.java:433)
	at com.kms.katalon.core.main.TestCaseExecutor.processExecutionPhase(TestCaseExecutor.java:412)
	at com.kms.katalon.core.main.TestCaseExecutor.accessMainPhase(TestCaseExecutor.java:404)
	at com.kms.katalon.core.main.TestCaseExecutor.execute(TestCaseExecutor.java:281)
	at com.kms.katalon.core.main.TestSuiteExecutor.accessTestCaseMainPhase(TestSuiteExecutor.java:202)
	at com.kms.katalon.core.main.TestSuiteExecutor.accessTestSuiteMainPhase(TestSuiteExecutor.java:164)
	at com.kms.katalon.core.main.TestSuiteExecutor.execute(TestSuiteExecutor.java:105)
	at com.kms.katalon.core.main.TestCaseMain.startTestSuite(TestCaseMain.java:181)
	at com.kms.katalon.core.main.TestCaseMain$startTestSuite$0.call(Unknown Source)
	at TempTestSuite1642174516033.run(TempTestSuite1642174516033.groovy:36)
Caused by: org.openqa.selenium.InvalidElementStateException: invalid element state
  (Session info: chrome=97.0.4692.71)
Build info: version: '3.141.59', revision: 'e82be7d358', time: '2018-11-14T08:25:53'
System info: host: 'ADMIN', ip: '192.168.1.148', os.name: 'Windows 10', os.arch: 'amd64', os.version: '10.0', java.version: '1.8.0_282'
Driver info: com.kms.katalon.selenium.driver.CChromeDriver
Capabilities {acceptInsecureCerts: false, browserName: chrome, browserVersion: 97.0.4692.71, chrome: {chromedriverVersion: 97.0.4692.71 (adefa7837d02a..., userDataDir: C:\Users\Admin\AppData\Loca...}, goog:chromeOptions: {debuggerAddress: localhost:54041}, javascriptEnabled: true, networkConnectionEnabled: false, pageLoadStrategy: normal, platform: WINDOWS, platformName: WINDOWS, proxy: Proxy(), setWindowRect: true, strictFileInteractability: false, timeouts: {implicit: 0, pageLoad: 300000, script: 30000}, unhandledPromptBehavior: dismiss and notify, webauthn:extension:credBlob: true, webauthn:extension:largeBlob: true, webauthn:virtualAuthenticators: true}
Session ID: 95afb6ca5af2fc3dbcfd9baa0e48f1c0
	at org.openqa.selenium.remote.http.W3CHttpResponseCodec.createException(W3CHttpResponseCodec.java:187)
	at org.openqa.selenium.remote.http.W3CHttpResponseCodec.decode(W3CHttpResponseCodec.java:122)
	at org.openqa.selenium.remote.http.W3CHttpResponseCodec.decode(W3CHttpResponseCodec.java:49)
	at org.openqa.selenium.remote.HttpCommandExecutor.execute(HttpCommandExecutor.java:158)
	at org.openqa.selenium.remote.service.DriverCommandExecutor.execute(DriverCommandExecutor.java:83)
	at org.openqa.selenium.remote.RemoteWebDriver.execute(RemoteWebDriver.java:552)
	at com.kms.katalon.selenium.driver.CChromeDriver.execute(CChromeDriver.java:19)
	at org.openqa.selenium.remote.RemoteWebElement.execute(RemoteWebElement.java:285)
	at org.openqa.selenium.remote.RemoteWebElement.clear(RemoteWebElement.java:124)
	at org.openqa.selenium.support.events.EventFiringWebDriver$EventFiringWebElement.lambda$new$0(EventFiringWebDriver.java:404)
	at com.sun.proxy.$Proxy11.clear(Unknown Source)
	at org.openqa.selenium.support.events.EventFiringWebDriver$EventFiringWebElement.clear(EventFiringWebDriver.java:436)
	at com.kms.katalon.core.webui.keyword.builtin.SetTextKeyword$_setText_closure1.doCall(SetTextKeyword.groovy:53)
	at com.kms.katalon.core.webui.keyword.builtin.SetTextKeyword$_setText_closure1.call(SetTextKeyword.groovy)
	at com.kms.katalon.core.webui.keyword.internal.WebUIKeywordMain.runKeyword(WebUIKeywordMain.groovy:20)
	... 19 more]]></system-out>
      <system-err><![CDATA[2022-01-14 22:35:27 - [TEST_SUITE][FAILED] - Run all test cases: Test Cases/14_tìm kiếm theo vai trò FAILED.
Reason:
com.kms.katalon.core.exception.StepFailedException: Unable to set text 'Teacher' of object 'Object Repository/Page_AI Participants/input_Roles_form_autocomplete_input-1641958602006'
	at com.kms.katalon.core.webui.keyword.internal.WebUIKeywordMain.stepFailed(WebUIKeywordMain.groovy:64)
	at com.kms.katalon.core.webui.keyword.internal.WebUIKeywordMain.runKeyword(WebUIKeywordMain.groovy:26)
	at com.kms.katalon.core.webui.keyword.builtin.SetTextKeyword.setText(SetTextKeyword.groovy:66)
	at com.kms.katalon.core.webui.keyword.builtin.SetTextKeyword.execute(SetTextKeyword.groovy:37)
	at com.kms.katalon.core.keyword.internal.KeywordExecutor.executeKeywordForPlatform(KeywordExecutor.groovy:74)
	at com.kms.katalon.core.webui.keyword.WebUiBuiltInKeywords.setText(WebUiBuiltInKeywords.groovy:980)
	at com.kms.katalon.core.webui.keyword.WebUiBuiltInKeywords$setText$2.call(Unknown Source)
	at 14_tìm kiếm theo vai trò.run(14_tìm kiếm theo vai trò:41)
	at com.kms.katalon.core.main.ScriptEngine.run(ScriptEngine.java:194)
	at com.kms.katalon.core.main.ScriptEngine.runScriptAsRawText(ScriptEngine.java:119)
	at com.kms.katalon.core.main.TestCaseExecutor.runScript(TestCaseExecutor.java:442)
	at com.kms.katalon.core.main.TestCaseExecutor.doExecute(TestCaseExecutor.java:433)
	at com.kms.katalon.core.main.TestCaseExecutor.processExecutionPhase(TestCaseExecutor.java:412)
	at com.kms.katalon.core.main.TestCaseExecutor.accessMainPhase(TestCaseExecutor.java:404)
	at com.kms.katalon.core.main.TestCaseExecutor.execute(TestCaseExecutor.java:281)
	at com.kms.katalon.core.main.TestSuiteExecutor.accessTestCaseMainPhase(TestSuiteExecutor.java:202)
	at com.kms.katalon.core.main.TestSuiteExecutor.accessTestSuiteMainPhase(TestSuiteExecutor.java:164)
	at com.kms.katalon.core.main.TestSuiteExecutor.execute(TestSuiteExecutor.java:105)
	at com.kms.katalon.core.main.TestCaseMain.startTestSuite(TestCaseMain.java:181)
	at com.kms.katalon.core.main.TestCaseMain$startTestSuite$0.call(Unknown Source)
	at TempTestSuite1642174516033.run(TempTestSuite1642174516033.groovy:36)
Caused by: org.openqa.selenium.InvalidElementStateException: invalid element state
  (Session info: chrome=97.0.4692.71)
Build info: version: '3.141.59', revision: 'e82be7d358', time: '2018-11-14T08:25:53'
System info: host: 'ADMIN', ip: '192.168.1.148', os.name: 'Windows 10', os.arch: 'amd64', os.version: '10.0', java.version: '1.8.0_282'
Driver info: com.kms.katalon.selenium.driver.CChromeDriver
Capabilities {acceptInsecureCerts: false, browserName: chrome, browserVersion: 97.0.4692.71, chrome: {chromedriverVersion: 97.0.4692.71 (adefa7837d02a..., userDataDir: C:\Users\Admin\AppData\Loca...}, goog:chromeOptions: {debuggerAddress: localhost:54041}, javascriptEnabled: true, networkConnectionEnabled: false, pageLoadStrategy: normal, platform: WINDOWS, platformName: WINDOWS, proxy: Proxy(), setWindowRect: true, strictFileInteractability: false, timeouts: {implicit: 0, pageLoad: 300000, script: 30000}, unhandledPromptBehavior: dismiss and notify, webauthn:extension:credBlob: true, webauthn:extension:largeBlob: true, webauthn:virtualAuthenticators: true}
Session ID: 95afb6ca5af2fc3dbcfd9baa0e48f1c0
	at org.openqa.selenium.remote.http.W3CHttpResponseCodec.createException(W3CHttpResponseCodec.java:187)
	at org.openqa.selenium.remote.http.W3CHttpResponseCodec.decode(W3CHttpResponseCodec.java:122)
	at org.openqa.selenium.remote.http.W3CHttpResponseCodec.decode(W3CHttpResponseCodec.java:49)
	at org.openqa.selenium.remote.HttpCommandExecutor.execute(HttpCommandExecutor.java:158)
	at org.openqa.selenium.remote.service.DriverCommandExecutor.execute(DriverCommandExecutor.java:83)
	at org.openqa.selenium.remote.RemoteWebDriver.execute(RemoteWebDriver.java:552)
	at com.kms.katalon.selenium.driver.CChromeDriver.execute(CChromeDriver.java:19)
	at org.openqa.selenium.remote.RemoteWebElement.execute(RemoteWebElement.java:285)
	at org.openqa.selenium.remote.RemoteWebElement.clear(RemoteWebElement.java:124)
	at org.openqa.selenium.support.events.EventFiringWebDriver$EventFiringWebElement.lambda$new$0(EventFiringWebDriver.java:404)
	at com.sun.proxy.$Proxy11.clear(Unknown Source)
	at org.openqa.selenium.support.events.EventFiringWebDriver$EventFiringWebElement.clear(EventFiringWebDriver.java:436)
	at com.kms.katalon.core.webui.keyword.builtin.SetTextKeyword$_setText_closure1.doCall(SetTextKeyword.groovy:53)
	at com.kms.katalon.core.webui.keyword.builtin.SetTextKeyword$_setText_closure1.call(SetTextKeyword.groovy)
	at com.kms.katalon.core.webui.keyword.internal.WebUIKeywordMain.runKeyword(WebUIKeywordMain.groovy:20)
	... 19 more]]></system-err>
   </testsuite>
</testsuites>
