<?xml version="1.0" encoding="UTF-8"?>
<testsuites name="Run all test cases" time="1935.379" tests="62" failures="4" errors="0">
   <testsuite name="Run all test cases" tests="62" failures="4" errors="0" time="1935.379" skipped="0" timestamp="2022-01-15 16:31:24" hostname="congt - DESKTOP-8K6N713" id="Test Suites/Run all test cases">
      <properties>
         <property name="deviceName" value=""/>
         <property name="devicePlatform" value=""/>
         <property name="logFolder" value="C:\\Users\\congt\\git\\Test-Automation-SE-Bonus\\Reports\\20220115_163115\\Run all test cases\\20220115_163115"/>
         <property name="logFiles" value="C:\\Users\\congt\\git\\Test-Automation-SE-Bonus\\Reports\\20220115_163115\\Run all test cases\\20220115_163115\\execution0.log"/>
         <property name="attachments" value="C:\\Users\\congt\\git\\Test-Automation-SE-Bonus\\Reports\\20220115_163115\\Run all test cases\\20220115_163115\\1642239722047.png, C:\\Users\\congt\\git\\Test-Automation-SE-Bonus\\Reports\\20220115_163115\\Run all test cases\\20220115_163115\\1642239754142.png, C:\\Users\\congt\\git\\Test-Automation-SE-Bonus\\Reports\\20220115_163115\\Run all test cases\\20220115_163115\\1642239786142.png, C:\\Users\\congt\\git\\Test-Automation-SE-Bonus\\Reports\\20220115_163115\\Run all test cases\\20220115_163115\\1642239817903.png, C:\\Users\\congt\\git\\Test-Automation-SE-Bonus\\Reports\\20220115_163115\\Run all test cases\\20220115_163115\\1642239844049.png, C:\\Users\\congt\\git\\Test-Automation-SE-Bonus\\Reports\\20220115_163115\\Run all test cases\\20220115_163115\\1642239869974.png, C:\\Users\\congt\\git\\Test-Automation-SE-Bonus\\Reports\\20220115_163115\\Run all test cases\\20220115_163115\\1642239896162.png, C:\\Users\\congt\\git\\Test-Automation-SE-Bonus\\Reports\\20220115_163115\\Run all test cases\\20220115_163115\\1642239921666.png, C:\\Users\\congt\\git\\Test-Automation-SE-Bonus\\Reports\\20220115_163115\\Run all test cases\\20220115_163115\\1642239955137.png, C:\\Users\\congt\\git\\Test-Automation-SE-Bonus\\Reports\\20220115_163115\\Run all test cases\\20220115_163115\\1642240664432.png, C:\\Users\\congt\\git\\Test-Automation-SE-Bonus\\Reports\\20220115_163115\\Run all test cases\\20220115_163115\\1642240682935.png, C:\\Users\\congt\\git\\Test-Automation-SE-Bonus\\Reports\\20220115_163115\\Run all test cases\\20220115_163115\\1642240703723.png, C:\\Users\\congt\\git\\Test-Automation-SE-Bonus\\Reports\\20220115_163115\\Run all test cases\\20220115_163115\\1642240722678.png, C:\\Users\\congt\\git\\Test-Automation-SE-Bonus\\Reports\\20220115_163115\\Run all test cases\\20220115_163115\\1642240951056.png, C:\\Users\\congt\\git\\Test-Automation-SE-Bonus\\Reports\\20220115_163115\\Run all test cases\\20220115_163115\\1642240969962.png, C:\\Users\\congt\\git\\Test-Automation-SE-Bonus\\Reports\\20220115_163115\\Run all test cases\\20220115_163115\\1642240988375.png, C:\\Users\\congt\\git\\Test-Automation-SE-Bonus\\Reports\\20220115_163115\\Run all test cases\\20220115_163115\\1642241006968.png"/>
         <property name="hostName" value="congt - DESKTOP-8K6N713"/>
         <property name="os" value="Windows 10 64bit"/>
         <property name="katalonVersion" value="8.2.0.208"/>
         <property name="browser" value="Chrome 97.0.4692.71"/>
         <property name="hostAddress" value="192.168.56.102"/>
         <property name="sessionId" value="73502e5c05d29ff6be49d939fd27995e"/>
         <property name="seleniumVersion" value="3.141.59"/>
         <property name="proxyInformation" value="ProxyInformation { proxyOption=NO_PROXY, proxyServerType=HTTP, username=, password=********, proxyServerAddress=, proxyServerPort=0, executionList=&quot;&quot;, isApplyToDesiredCapabilities=true }"/>
         <property name="platform" value="Windows 10"/>
      </properties>
      <testcase name="Test Cases/1_admin đăng nhập thành công" time="13.1" classname="Test Cases/1_admin đăng nhập thành công" status="PASSED">
         <system-out><![CDATA[2022-01-15 16:31:24 - [TEST_CASE][PASSED] - Test Cases/1_admin đăng nhập thành công: Test Cases/1_admin đăng nhập thành công

2022-01-15 16:31:25 - [TEST_STEP][PASSED] - openBrowser(""): Browser is opened with url: ''

2022-01-15 16:31:25 - [MESSAGE][INFO] - Starting 'Chrome' driver

2022-01-15 16:31:25 - [MESSAGE][INFO] - Action delay is set to 0 milliseconds

2022-01-15 16:31:27 - [MESSAGE][PASSED] - Browser is opened with url: ''

2022-01-15 16:31:27 - [TEST_STEP][PASSED] - navigateToUrl("http://localhost/"): Navigate to 'http://localhost/' successfully

2022-01-15 16:31:31 - [MESSAGE][PASSED] - Navigate to 'http://localhost/' successfully

2022-01-15 16:31:31 - [TEST_STEP][PASSED] - click(findTestObject("Object Repository/Page_HCMUS/a_Log in")): Object: 'Object Repository/Page_HCMUS/a_Log in' is clicked on

2022-01-15 16:31:31 - [MESSAGE][PASSED] - Object: 'Object Repository/Page_HCMUS/a_Log in' is clicked on

2022-01-15 16:31:31 - [TEST_STEP][PASSED] - setText(findTestObject("Object Repository/Page_HCMUS Log in to the site/input_Username_username"), "admin"): Text 'admin' is set on object 'Object Repository/Page_HCMUS Log in to the site/input_Username_username'

2022-01-15 16:31:32 - [MESSAGE][PASSED] - Text 'admin' is set on object 'Object Repository/Page_HCMUS Log in to the site/input_Username_username'

2022-01-15 16:31:32 - [TEST_STEP][PASSED] - setEncryptedText(findTestObject("Object Repository/Page_HCMUS Log in to the site/input_Password_password"), "5MU2PI2jvJCK/lBTYOwt6g=="): Text ****** has been set on object 'Object Repository/Page_HCMUS Log in to the site/input_Password_password'

2022-01-15 16:31:33 - [MESSAGE][PASSED] - Text ****** has been set on object 'Object Repository/Page_HCMUS Log in to the site/input_Password_password'

2022-01-15 16:31:33 - [TEST_STEP][PASSED] - click(findTestObject("Object Repository/Page_HCMUS Log in to the site/button_Log in")): Object: 'Object Repository/Page_HCMUS Log in to the site/button_Log in' is clicked on

2022-01-15 16:31:35 - [MESSAGE][PASSED] - Object: 'Object Repository/Page_HCMUS Log in to the site/button_Log in' is clicked on

2022-01-15 16:31:35 - [TEST_STEP][PASSED] - verifyElementVisible(findTestObject("Object Repository/Page_Dashboard/span_Admin User")): Object 'Object Repository/Page_Dashboard/span_Admin User' is visible

2022-01-15 16:31:36 - [MESSAGE][PASSED] - Object 'Object Repository/Page_Dashboard/span_Admin User' is visible

2022-01-15 16:31:36 - [TEST_STEP][PASSED] - closeBrowser(): Browser is closed

2022-01-15 16:31:37 - [MESSAGE][PASSED] - Browser is closed]]></system-out>
         <system-err><![CDATA[]]></system-err>
      </testcase>
      <testcase name="Test Cases/2_admin đăng nhập thất bại" time="12.54" classname="Test Cases/2_admin đăng nhập thất bại" status="PASSED">
         <system-out><![CDATA[2022-01-15 16:31:37 - [TEST_CASE][PASSED] - Test Cases/2_admin đăng nhập thất bại: Test Cases/2_admin đăng nhập thất bại

2022-01-15 16:31:38 - [TEST_STEP][PASSED] - openBrowser(""): Browser is opened with url: ''

2022-01-15 16:31:38 - [MESSAGE][INFO] - Starting 'Chrome' driver

2022-01-15 16:31:38 - [MESSAGE][INFO] - Action delay is set to 0 milliseconds

2022-01-15 16:31:39 - [MESSAGE][PASSED] - Browser is opened with url: ''

2022-01-15 16:31:39 - [TEST_STEP][PASSED] - navigateToUrl("http://localhost/"): Navigate to 'http://localhost/' successfully

2022-01-15 16:31:39 - [MESSAGE][PASSED] - Navigate to 'http://localhost/' successfully

2022-01-15 16:31:39 - [TEST_STEP][PASSED] - click(findTestObject("Object Repository/Page_HCMUS/a_Log in")): Object: 'Object Repository/Page_HCMUS/a_Log in' is clicked on

2022-01-15 16:31:40 - [MESSAGE][PASSED] - Object: 'Object Repository/Page_HCMUS/a_Log in' is clicked on

2022-01-15 16:31:40 - [TEST_STEP][PASSED] - setText(findTestObject("Object Repository/Page_HCMUS Log in to the site/input_Username_username"), "admin1234"): Text 'admin1234' is set on object 'Object Repository/Page_HCMUS Log in to the site/input_Username_username'

2022-01-15 16:31:41 - [MESSAGE][PASSED] - Text 'admin1234' is set on object 'Object Repository/Page_HCMUS Log in to the site/input_Username_username'

2022-01-15 16:31:41 - [TEST_STEP][PASSED] - setEncryptedText(findTestObject("Object Repository/Page_HCMUS Log in to the site/input_Password_password"), "5MU2PI2jvJCK/lBTYOwt6g=="): Text ****** has been set on object 'Object Repository/Page_HCMUS Log in to the site/input_Password_password'

2022-01-15 16:31:41 - [MESSAGE][PASSED] - Text ****** has been set on object 'Object Repository/Page_HCMUS Log in to the site/input_Password_password'

2022-01-15 16:31:41 - [TEST_STEP][PASSED] - click(findTestObject("Object Repository/Page_HCMUS Log in to the site/button_Log in")): Object: 'Object Repository/Page_HCMUS Log in to the site/button_Log in' is clicked on

2022-01-15 16:31:42 - [MESSAGE][PASSED] - Object: 'Object Repository/Page_HCMUS Log in to the site/button_Log in' is clicked on

2022-01-15 16:31:42 - [TEST_STEP][PASSED] - click(findTestObject("Object Repository/Page_HCMUS Log in to the site/div_Invalid login, please try again")): Object: 'Object Repository/Page_HCMUS Log in to the site/div_Invalid login, please try again' is clicked on

2022-01-15 16:31:42 - [MESSAGE][PASSED] - Object: 'Object Repository/Page_HCMUS Log in to the site/div_Invalid login, please try again' is clicked on

2022-01-15 16:31:42 - [TEST_STEP][PASSED] - verifyElementVisible(findTestObject("Object Repository/Page_HCMUS Log in to the site/div_Invalid login, please try again_1")): Object 'Object Repository/Page_HCMUS Log in to the site/div_Invalid login, please try again_1' is visible

2022-01-15 16:31:49 - [MESSAGE][INFO] - Unable to find the element located by 'By.xpath: //div[@id='yui_3_17_2_1_1641916242453_20']'. Please recheck the objects properties to make sure the desired element is located. 

2022-01-15 16:31:49 - [MESSAGE][WARNING] - [SELF-HEALING] Failed to find element with id 'Object Repository/Page_HCMUS Log in to the site/div_Invalid login, please try again_1'. Try using Self-healing.

2022-01-15 16:31:49 - [MESSAGE][WARNING] - [SELF-HEALING] The current locator of test object 'Object Repository/Page_HCMUS Log in to the site/div_Invalid login, please try again_1' was broken. Propose an alternative one: '(.//*[normalize-space(text()) and normalize-space(.)='HCMUS'])[1]/following::div[3]'.

2022-01-15 16:31:49 - [MESSAGE][PASSED] - Object 'Object Repository/Page_HCMUS Log in to the site/div_Invalid login, please try again_1' is visible

2022-01-15 16:31:49 - [TEST_STEP][PASSED] - closeBrowser(): Browser is closed

2022-01-15 16:31:50 - [MESSAGE][PASSED] - Browser is closed]]></system-out>
         <system-err><![CDATA[]]></system-err>
      </testcase>
      <testcase name="Test Cases/3_tạo tài khoản và bắt buộc thay đổi mật khẩu" time="34.822" classname="Test Cases/3_tạo tài khoản và bắt buộc thay đổi mật khẩu" status="PASSED">
         <system-out><![CDATA[2022-01-15 16:31:50 - [TEST_CASE][PASSED] - Test Cases/3_tạo tài khoản và bắt buộc thay đổi mật khẩu: Test Cases/3_tạo tài khoản và bắt buộc thay đổi mật khẩu

2022-01-15 16:31:50 - [TEST_STEP][PASSED] - openBrowser(""): Browser is opened with url: ''

2022-01-15 16:31:50 - [MESSAGE][INFO] - Starting 'Chrome' driver

2022-01-15 16:31:50 - [MESSAGE][INFO] - Action delay is set to 0 milliseconds

2022-01-15 16:31:52 - [MESSAGE][PASSED] - Browser is opened with url: ''

2022-01-15 16:31:52 - [TEST_STEP][PASSED] - navigateToUrl("http://localhost/"): Navigate to 'http://localhost/' successfully

2022-01-15 16:31:52 - [MESSAGE][PASSED] - Navigate to 'http://localhost/' successfully

2022-01-15 16:31:52 - [TEST_STEP][PASSED] - click(findTestObject("Object Repository/Page_HCMUS/a_Log in")): Object: 'Object Repository/Page_HCMUS/a_Log in' is clicked on

2022-01-15 16:31:53 - [MESSAGE][PASSED] - Object: 'Object Repository/Page_HCMUS/a_Log in' is clicked on

2022-01-15 16:31:53 - [TEST_STEP][PASSED] - setText(findTestObject("Object Repository/Page_HCMUS Log in to the site/input_Username_username"), "admin"): Text 'admin' is set on object 'Object Repository/Page_HCMUS Log in to the site/input_Username_username'

2022-01-15 16:31:53 - [MESSAGE][PASSED] - Text 'admin' is set on object 'Object Repository/Page_HCMUS Log in to the site/input_Username_username'

2022-01-15 16:31:53 - [TEST_STEP][PASSED] - setEncryptedText(findTestObject("Object Repository/Page_HCMUS Log in to the site/input_Password_password"), "5MU2PI2jvJCK/lBTYOwt6g=="): Text ****** has been set on object 'Object Repository/Page_HCMUS Log in to the site/input_Password_password'

2022-01-15 16:31:54 - [MESSAGE][PASSED] - Text ****** has been set on object 'Object Repository/Page_HCMUS Log in to the site/input_Password_password'

2022-01-15 16:31:54 - [TEST_STEP][PASSED] - click(findTestObject("Object Repository/Page_HCMUS Log in to the site/button_Log in")): Object: 'Object Repository/Page_HCMUS Log in to the site/button_Log in' is clicked on

2022-01-15 16:31:55 - [MESSAGE][PASSED] - Object: 'Object Repository/Page_HCMUS Log in to the site/button_Log in' is clicked on

2022-01-15 16:31:55 - [TEST_STEP][PASSED] - click(findTestObject("Object Repository/Page_Dashboard/span_Site administration")): Object: 'Object Repository/Page_Dashboard/span_Site administration' is clicked on

2022-01-15 16:31:58 - [MESSAGE][PASSED] - Object: 'Object Repository/Page_Dashboard/span_Site administration' is clicked on

2022-01-15 16:31:58 - [TEST_STEP][PASSED] - click(findTestObject("Object Repository/Page_KHTN Administration Search/a_Users")): Object: 'Object Repository/Page_KHTN Administration Search/a_Users' is clicked on

2022-01-15 16:31:59 - [MESSAGE][PASSED] - Object: 'Object Repository/Page_KHTN Administration Search/a_Users' is clicked on

2022-01-15 16:31:59 - [TEST_STEP][PASSED] - click(findTestObject("Object Repository/Page_KHTN Administration Search/a_Add a new user")): Object: 'Object Repository/Page_KHTN Administration Search/a_Add a new user' is clicked on

2022-01-15 16:32:01 - [MESSAGE][PASSED] - Object: 'Object Repository/Page_KHTN Administration Search/a_Add a new user' is clicked on

2022-01-15 16:32:01 - [TEST_STEP][PASSED] - setText(findTestObject("Object Repository/Page_KHTN Administration Users Accounts Add_aad8ed/input_Username_username"), "student11"): Text 'student11' is set on object 'Object Repository/Page_KHTN Administration Users Accounts Add_aad8ed/input_Username_username'

2022-01-15 16:32:02 - [MESSAGE][PASSED] - Text 'student11' is set on object 'Object Repository/Page_KHTN Administration Users Accounts Add_aad8ed/input_Username_username'

2022-01-15 16:32:02 - [TEST_STEP][PASSED] - click(findTestObject("Object Repository/Page_KHTN Administration Users Accounts Add_aad8ed/em_Click to enter text")): Object: 'Object Repository/Page_KHTN Administration Users Accounts Add_aad8ed/em_Click to enter text' is clicked on

2022-01-15 16:32:02 - [MESSAGE][PASSED] - Object: 'Object Repository/Page_KHTN Administration Users Accounts Add_aad8ed/em_Click to enter text' is clicked on

2022-01-15 16:32:02 - [TEST_STEP][PASSED] - setEncryptedText(findTestObject("Object Repository/Page_KHTN Administration Users Accounts Add_aad8ed/input_New password_newpassword"), "5MU2PI2jvJCK/lBTYOwt6g=="): Text ****** has been set on object 'Object Repository/Page_KHTN Administration Users Accounts Add_aad8ed/input_New password_newpassword'

2022-01-15 16:32:03 - [MESSAGE][PASSED] - Text ****** has been set on object 'Object Repository/Page_KHTN Administration Users Accounts Add_aad8ed/input_New password_newpassword'

2022-01-15 16:32:03 - [TEST_STEP][PASSED] - setText(findTestObject("Object Repository/Page_KHTN Administration Users Accounts Add_aad8ed/input_First name_firstname"), "Student"): Text 'Student' is set on object 'Object Repository/Page_KHTN Administration Users Accounts Add_aad8ed/input_First name_firstname'

2022-01-15 16:32:04 - [MESSAGE][PASSED] - Text 'Student' is set on object 'Object Repository/Page_KHTN Administration Users Accounts Add_aad8ed/input_First name_firstname'

2022-01-15 16:32:04 - [TEST_STEP][PASSED] - setText(findTestObject("Object Repository/Page_KHTN Administration Users Accounts Add_aad8ed/input_Surname_lastname"), "Zack"): Text 'Zack' is set on object 'Object Repository/Page_KHTN Administration Users Accounts Add_aad8ed/input_Surname_lastname'

2022-01-15 16:32:05 - [MESSAGE][PASSED] - Text 'Zack' is set on object 'Object Repository/Page_KHTN Administration Users Accounts Add_aad8ed/input_Surname_lastname'

2022-01-15 16:32:05 - [TEST_STEP][PASSED] - setText(findTestObject("Object Repository/Page_KHTN Administration Users Accounts Add_aad8ed/input_Email address_email"), "s11@example.com"): Text 's11@example.com' is set on object 'Object Repository/Page_KHTN Administration Users Accounts Add_aad8ed/input_Email address_email'

2022-01-15 16:32:06 - [MESSAGE][PASSED] - Text 's11@example.com' is set on object 'Object Repository/Page_KHTN Administration Users Accounts Add_aad8ed/input_Email address_email'

2022-01-15 16:32:06 - [TEST_STEP][PASSED] - click(findTestObject("Object Repository/Page_KHTN Administration Users Accounts Add_aad8ed/input_Press enter to save changes_preferenc_a80a7a")): Object: 'Object Repository/Page_KHTN Administration Users Accounts Add_aad8ed/input_Press enter to save changes_preferenc_a80a7a' is clicked on

2022-01-15 16:32:06 - [MESSAGE][PASSED] - Object: 'Object Repository/Page_KHTN Administration Users Accounts Add_aad8ed/input_Press enter to save changes_preferenc_a80a7a' is clicked on

2022-01-15 16:32:06 - [TEST_STEP][PASSED] - click(findTestObject("Object Repository/Page_KHTN Administration Users Accounts Add_aad8ed/input_Address_submitbutton")): Object: 'Object Repository/Page_KHTN Administration Users Accounts Add_aad8ed/input_Address_submitbutton' is clicked on

2022-01-15 16:32:08 - [MESSAGE][PASSED] - Object: 'Object Repository/Page_KHTN Administration Users Accounts Add_aad8ed/input_Address_submitbutton' is clicked on

2022-01-15 16:32:08 - [TEST_STEP][PASSED] - navigateToUrl("http://localhost/admin/user.php"): Navigate to 'http://localhost/admin/user.php' successfully

2022-01-15 16:32:08 - [MESSAGE][PASSED] - Navigate to 'http://localhost/admin/user.php' successfully

2022-01-15 16:32:08 - [TEST_STEP][PASSED] - verifyElementVisible(findTestObject("Object Repository/Page_KHTN Administration Users Accounts Bro_45ce40/div_Changes saved")): Object 'Object Repository/Page_KHTN Administration Users Accounts Bro_45ce40/div_Changes saved' is visible

2022-01-15 16:32:15 - [MESSAGE][INFO] - Unable to find the element located by 'By.xpath: //span[@id='user-notifications']/div'. Please recheck the objects properties to make sure the desired element is located. 

2022-01-15 16:32:15 - [MESSAGE][WARNING] - [SELF-HEALING] Failed to find element with id 'Object Repository/Page_KHTN Administration Users Accounts Bro_45ce40/div_Changes saved'. Try using Self-healing.

2022-01-15 16:32:15 - [MESSAGE][WARNING] - [SELF-HEALING] The current locator of test object 'Object Repository/Page_KHTN Administration Users Accounts Bro_45ce40/div_Changes saved' was broken. Propose an alternative one: '(.//*[normalize-space(text()) and normalize-space(.)='Blocks editing on'])[1]/following::div[4]'.

2022-01-15 16:32:15 - [MESSAGE][PASSED] - Object 'Object Repository/Page_KHTN Administration Users Accounts Bro_45ce40/div_Changes saved' is visible

2022-01-15 16:32:15 - [TEST_STEP][PASSED] - click(findTestObject("Object Repository/Page_KHTN Administration Users Accounts Bro_45ce40/a_Admin User")): Object: 'Object Repository/Page_KHTN Administration Users Accounts Bro_45ce40/a_Admin User' is clicked on

2022-01-15 16:32:15 - [MESSAGE][PASSED] - Object: 'Object Repository/Page_KHTN Administration Users Accounts Bro_45ce40/a_Admin User' is clicked on

2022-01-15 16:32:15 - [TEST_STEP][PASSED] - click(findTestObject("Object Repository/Page_KHTN Administration Users Accounts Bro_45ce40/a_Log out")): Object: 'Object Repository/Page_KHTN Administration Users Accounts Bro_45ce40/a_Log out' is clicked on

2022-01-15 16:32:16 - [MESSAGE][PASSED] - Object: 'Object Repository/Page_KHTN Administration Users Accounts Bro_45ce40/a_Log out' is clicked on

2022-01-15 16:32:16 - [TEST_STEP][PASSED] - click(findTestObject("Object Repository/Page_HCMUS/a_Log in")): Object: 'Object Repository/Page_HCMUS/a_Log in' is clicked on

2022-01-15 16:32:17 - [MESSAGE][PASSED] - Object: 'Object Repository/Page_HCMUS/a_Log in' is clicked on

2022-01-15 16:32:17 - [TEST_STEP][PASSED] - setText(findTestObject("Object Repository/Page_HCMUS Log in to the site/input_Username_username"), "student11"): Text 'student11' is set on object 'Object Repository/Page_HCMUS Log in to the site/input_Username_username'

2022-01-15 16:32:18 - [MESSAGE][PASSED] - Text 'student11' is set on object 'Object Repository/Page_HCMUS Log in to the site/input_Username_username'

2022-01-15 16:32:18 - [TEST_STEP][PASSED] - setEncryptedText(findTestObject("Object Repository/Page_HCMUS Log in to the site/input_Password_password"), "5MU2PI2jvJCK/lBTYOwt6g=="): Text ****** has been set on object 'Object Repository/Page_HCMUS Log in to the site/input_Password_password'

2022-01-15 16:32:18 - [MESSAGE][PASSED] - Text ****** has been set on object 'Object Repository/Page_HCMUS Log in to the site/input_Password_password'

2022-01-15 16:32:18 - [TEST_STEP][PASSED] - click(findTestObject("Object Repository/Page_HCMUS Log in to the site/button_Log in")): Object: 'Object Repository/Page_HCMUS Log in to the site/button_Log in' is clicked on

2022-01-15 16:32:19 - [MESSAGE][PASSED] - Object: 'Object Repository/Page_HCMUS Log in to the site/button_Log in' is clicked on

2022-01-15 16:32:19 - [TEST_STEP][PASSED] - verifyElementVisible(findTestObject("Object Repository/Page_Change password/div_You must change your password to proceed")): Object 'Object Repository/Page_Change password/div_You must change your password to proceed' is visible

2022-01-15 16:32:20 - [MESSAGE][PASSED] - Object 'Object Repository/Page_Change password/div_You must change your password to proceed' is visible

2022-01-15 16:32:20 - [TEST_STEP][PASSED] - setEncryptedText(findTestObject("Object Repository/Page_Change password/input_Current password_password"), "5MU2PI2jvJCK/lBTYOwt6g=="): Text ****** has been set on object 'Object Repository/Page_Change password/input_Current password_password'

2022-01-15 16:32:20 - [MESSAGE][PASSED] - Text ****** has been set on object 'Object Repository/Page_Change password/input_Current password_password'

2022-01-15 16:32:20 - [TEST_STEP][PASSED] - setEncryptedText(findTestObject("Object Repository/Page_Change password/input_New password_newpassword1"), "xsue+lrReh5yW1Jtmbf0PA=="): Text ****** has been set on object 'Object Repository/Page_Change password/input_New password_newpassword1'

2022-01-15 16:32:21 - [MESSAGE][PASSED] - Text ****** has been set on object 'Object Repository/Page_Change password/input_New password_newpassword1'

2022-01-15 16:32:21 - [TEST_STEP][PASSED] - setEncryptedText(findTestObject("Object Repository/Page_Change password/input_New password (again)_newpassword2"), "xsue+lrReh5yW1Jtmbf0PA=="): Text ****** has been set on object 'Object Repository/Page_Change password/input_New password (again)_newpassword2'

2022-01-15 16:32:21 - [MESSAGE][PASSED] - Text ****** has been set on object 'Object Repository/Page_Change password/input_New password (again)_newpassword2'

2022-01-15 16:32:21 - [TEST_STEP][PASSED] - click(findTestObject("Object Repository/Page_Change password/input_New password (again)_submitbutton")): Object: 'Object Repository/Page_Change password/input_New password (again)_submitbutton' is clicked on

2022-01-15 16:32:22 - [MESSAGE][PASSED] - Object: 'Object Repository/Page_Change password/input_New password (again)_submitbutton' is clicked on

2022-01-15 16:32:23 - [TEST_STEP][PASSED] - verifyElementVisible(findTestObject("Object Repository/Page_Password has been changed/div_Password has been changed")): Object 'Object Repository/Page_Password has been changed/div_Password has been changed' is visible

2022-01-15 16:32:23 - [MESSAGE][PASSED] - Object 'Object Repository/Page_Password has been changed/div_Password has been changed' is visible

2022-01-15 16:32:23 - [TEST_STEP][PASSED] - click(findTestObject("Object Repository/Page_Password has been changed/button_Continue")): Object: 'Object Repository/Page_Password has been changed/button_Continue' is clicked on

2022-01-15 16:32:24 - [MESSAGE][PASSED] - Object: 'Object Repository/Page_Password has been changed/button_Continue' is clicked on

2022-01-15 16:32:24 - [TEST_STEP][PASSED] - closeBrowser(): Browser is closed

2022-01-15 16:32:25 - [MESSAGE][PASSED] - Browser is closed]]></system-out>
         <system-err><![CDATA[]]></system-err>
      </testcase>
      <testcase name="Test Cases/4_tạo tài khoản user với username đã tồn tại" time="18.25" classname="Test Cases/4_tạo tài khoản user với username đã tồn tại" status="PASSED">
         <system-out><![CDATA[2022-01-15 16:32:25 - [TEST_CASE][PASSED] - Test Cases/4_tạo tài khoản user với username đã tồn tại: Test Cases/4_tạo tài khoản user với username đã tồn tại

2022-01-15 16:32:25 - [TEST_STEP][PASSED] - openBrowser(""): Browser is opened with url: ''

2022-01-15 16:32:25 - [MESSAGE][INFO] - Starting 'Chrome' driver

2022-01-15 16:32:25 - [MESSAGE][INFO] - Action delay is set to 0 milliseconds

2022-01-15 16:32:26 - [MESSAGE][PASSED] - Browser is opened with url: ''

2022-01-15 16:32:26 - [TEST_STEP][PASSED] - navigateToUrl("http://localhost/"): Navigate to 'http://localhost/' successfully

2022-01-15 16:32:27 - [MESSAGE][PASSED] - Navigate to 'http://localhost/' successfully

2022-01-15 16:32:27 - [TEST_STEP][PASSED] - click(findTestObject("Object Repository/Page_HCMUS/a_Log in")): Object: 'Object Repository/Page_HCMUS/a_Log in' is clicked on

2022-01-15 16:32:27 - [MESSAGE][PASSED] - Object: 'Object Repository/Page_HCMUS/a_Log in' is clicked on

2022-01-15 16:32:27 - [TEST_STEP][PASSED] - setText(findTestObject("Object Repository/Page_HCMUS Log in to the site/input_Username_username"), "admin"): Text 'admin' is set on object 'Object Repository/Page_HCMUS Log in to the site/input_Username_username'

2022-01-15 16:32:28 - [MESSAGE][PASSED] - Text 'admin' is set on object 'Object Repository/Page_HCMUS Log in to the site/input_Username_username'

2022-01-15 16:32:28 - [TEST_STEP][PASSED] - setEncryptedText(findTestObject("Object Repository/Page_HCMUS Log in to the site/input_Password_password"), "5MU2PI2jvJCK/lBTYOwt6g=="): Text ****** has been set on object 'Object Repository/Page_HCMUS Log in to the site/input_Password_password'

2022-01-15 16:32:29 - [MESSAGE][PASSED] - Text ****** has been set on object 'Object Repository/Page_HCMUS Log in to the site/input_Password_password'

2022-01-15 16:32:29 - [TEST_STEP][PASSED] - click(findTestObject("Object Repository/Page_HCMUS Log in to the site/button_Log in")): Object: 'Object Repository/Page_HCMUS Log in to the site/button_Log in' is clicked on

2022-01-15 16:32:30 - [MESSAGE][PASSED] - Object: 'Object Repository/Page_HCMUS Log in to the site/button_Log in' is clicked on

2022-01-15 16:32:30 - [TEST_STEP][PASSED] - click(findTestObject("Object Repository/Page_Dashboard/span_Site administration")): Object: 'Object Repository/Page_Dashboard/span_Site administration' is clicked on

2022-01-15 16:32:31 - [MESSAGE][PASSED] - Object: 'Object Repository/Page_Dashboard/span_Site administration' is clicked on

2022-01-15 16:32:31 - [TEST_STEP][PASSED] - click(findTestObject("Object Repository/Page_KHTN Administration Search/a_Users")): Object: 'Object Repository/Page_KHTN Administration Search/a_Users' is clicked on

2022-01-15 16:32:32 - [MESSAGE][PASSED] - Object: 'Object Repository/Page_KHTN Administration Search/a_Users' is clicked on

2022-01-15 16:32:32 - [TEST_STEP][PASSED] - click(findTestObject("Object Repository/Page_KHTN Administration Search/a_Add a new user")): Object: 'Object Repository/Page_KHTN Administration Search/a_Add a new user' is clicked on

2022-01-15 16:32:34 - [MESSAGE][PASSED] - Object: 'Object Repository/Page_KHTN Administration Search/a_Add a new user' is clicked on

2022-01-15 16:32:34 - [TEST_STEP][PASSED] - setText(findTestObject("Object Repository/Page_KHTN Administration Users Accounts Add_aad8ed/input_Username_username"), "student11"): Text 'student11' is set on object 'Object Repository/Page_KHTN Administration Users Accounts Add_aad8ed/input_Username_username'

2022-01-15 16:32:35 - [MESSAGE][PASSED] - Text 'student11' is set on object 'Object Repository/Page_KHTN Administration Users Accounts Add_aad8ed/input_Username_username'

2022-01-15 16:32:35 - [TEST_STEP][PASSED] - setText(findTestObject("Object Repository/Page_KHTN Administration Users Accounts Add_aad8ed/input_First name_firstname"), "a"): Text 'a' is set on object 'Object Repository/Page_KHTN Administration Users Accounts Add_aad8ed/input_First name_firstname'

2022-01-15 16:32:36 - [MESSAGE][PASSED] - Text 'a' is set on object 'Object Repository/Page_KHTN Administration Users Accounts Add_aad8ed/input_First name_firstname'

2022-01-15 16:32:36 - [TEST_STEP][PASSED] - setText(findTestObject("Object Repository/Page_KHTN Administration Users Accounts Add_aad8ed/input_Surname_lastname"), "b"): Text 'b' is set on object 'Object Repository/Page_KHTN Administration Users Accounts Add_aad8ed/input_Surname_lastname'

2022-01-15 16:32:37 - [MESSAGE][PASSED] - Text 'b' is set on object 'Object Repository/Page_KHTN Administration Users Accounts Add_aad8ed/input_Surname_lastname'

2022-01-15 16:32:37 - [TEST_STEP][PASSED] - setText(findTestObject("Object Repository/Page_KHTN Administration Users Accounts Add_aad8ed/input_Email address_email"), "a@gmail.com"): Text 'a@gmail.com' is set on object 'Object Repository/Page_KHTN Administration Users Accounts Add_aad8ed/input_Email address_email'

2022-01-15 16:32:38 - [MESSAGE][PASSED] - Text 'a@gmail.com' is set on object 'Object Repository/Page_KHTN Administration Users Accounts Add_aad8ed/input_Email address_email'

2022-01-15 16:32:38 - [TEST_STEP][PASSED] - click(findTestObject("Object Repository/Page_KHTN Administration Users Accounts Add_aad8ed/em_Click to enter text")): Object: 'Object Repository/Page_KHTN Administration Users Accounts Add_aad8ed/em_Click to enter text' is clicked on

2022-01-15 16:32:38 - [MESSAGE][PASSED] - Object: 'Object Repository/Page_KHTN Administration Users Accounts Add_aad8ed/em_Click to enter text' is clicked on

2022-01-15 16:32:38 - [TEST_STEP][PASSED] - setEncryptedText(findTestObject("Object Repository/Page_KHTN Administration Users Accounts Add_aad8ed/input_New password_newpassword"), "8pa5q0hY+sdM2cG6/p2tPQ=="): Text ****** has been set on object 'Object Repository/Page_KHTN Administration Users Accounts Add_aad8ed/input_New password_newpassword'

2022-01-15 16:32:39 - [MESSAGE][PASSED] - Text ****** has been set on object 'Object Repository/Page_KHTN Administration Users Accounts Add_aad8ed/input_New password_newpassword'

2022-01-15 16:32:39 - [TEST_STEP][PASSED] - click(findTestObject("Object Repository/Page_KHTN Administration Users Accounts Add_aad8ed/input_Address_submitbutton")): Object: 'Object Repository/Page_KHTN Administration Users Accounts Add_aad8ed/input_Address_submitbutton' is clicked on

2022-01-15 16:32:40 - [MESSAGE][PASSED] - Object: 'Object Repository/Page_KHTN Administration Users Accounts Add_aad8ed/input_Address_submitbutton' is clicked on

2022-01-15 16:32:40 - [TEST_STEP][PASSED] - verifyElementVisible(findTestObject("Object Repository/Page_KHTN Administration Users Accounts Add_aad8ed/div_This username already exists, choose another")): Object 'Object Repository/Page_KHTN Administration Users Accounts Add_aad8ed/div_This username already exists, choose another' is visible

2022-01-15 16:32:41 - [MESSAGE][PASSED] - Object 'Object Repository/Page_KHTN Administration Users Accounts Add_aad8ed/div_This username already exists, choose another' is visible

2022-01-15 16:32:41 - [TEST_STEP][PASSED] - verifyElementVisible(findTestObject("Object Repository/Page_KHTN Administration Users Accounts Add_aad8ed/div_This username already exists, choose another_1")): Object 'Object Repository/Page_KHTN Administration Users Accounts Add_aad8ed/div_This username already exists, choose another_1' is visible

2022-01-15 16:32:42 - [MESSAGE][PASSED] - Object 'Object Repository/Page_KHTN Administration Users Accounts Add_aad8ed/div_This username already exists, choose another_1' is visible

2022-01-15 16:32:42 - [TEST_STEP][PASSED] - closeBrowser(): Browser is closed

2022-01-15 16:32:43 - [MESSAGE][PASSED] - Browser is closed]]></system-out>
         <system-err><![CDATA[]]></system-err>
      </testcase>
      <testcase name="Test Cases/5_tạo tài khoản với mật khẩu không theo chuẩn" time="18.596" classname="Test Cases/5_tạo tài khoản với mật khẩu không theo chuẩn" status="PASSED">
         <system-out><![CDATA[2022-01-15 16:32:43 - [TEST_CASE][PASSED] - Test Cases/5_tạo tài khoản với mật khẩu không theo chuẩn: Test Cases/5_tạo tài khoản với mật khẩu không theo chuẩn

2022-01-15 16:32:43 - [TEST_STEP][PASSED] - openBrowser(""): Browser is opened with url: ''

2022-01-15 16:32:43 - [MESSAGE][INFO] - Starting 'Chrome' driver

2022-01-15 16:32:43 - [MESSAGE][INFO] - Action delay is set to 0 milliseconds

2022-01-15 16:32:44 - [MESSAGE][PASSED] - Browser is opened with url: ''

2022-01-15 16:32:44 - [TEST_STEP][PASSED] - navigateToUrl("http://localhost/"): Navigate to 'http://localhost/' successfully

2022-01-15 16:32:45 - [MESSAGE][PASSED] - Navigate to 'http://localhost/' successfully

2022-01-15 16:32:45 - [TEST_STEP][PASSED] - click(findTestObject("Object Repository/Page_HCMUS/a_Log in")): Object: 'Object Repository/Page_HCMUS/a_Log in' is clicked on

2022-01-15 16:32:46 - [MESSAGE][PASSED] - Object: 'Object Repository/Page_HCMUS/a_Log in' is clicked on

2022-01-15 16:32:46 - [TEST_STEP][PASSED] - setText(findTestObject("Object Repository/Page_HCMUS Log in to the site/input_Username_username"), "admin"): Text 'admin' is set on object 'Object Repository/Page_HCMUS Log in to the site/input_Username_username'

2022-01-15 16:32:46 - [MESSAGE][PASSED] - Text 'admin' is set on object 'Object Repository/Page_HCMUS Log in to the site/input_Username_username'

2022-01-15 16:32:46 - [TEST_STEP][PASSED] - setEncryptedText(findTestObject("Object Repository/Page_HCMUS Log in to the site/input_Password_password"), "5MU2PI2jvJCK/lBTYOwt6g=="): Text ****** has been set on object 'Object Repository/Page_HCMUS Log in to the site/input_Password_password'

2022-01-15 16:32:47 - [MESSAGE][PASSED] - Text ****** has been set on object 'Object Repository/Page_HCMUS Log in to the site/input_Password_password'

2022-01-15 16:32:47 - [TEST_STEP][PASSED] - click(findTestObject("Object Repository/Page_HCMUS Log in to the site/button_Log in")): Object: 'Object Repository/Page_HCMUS Log in to the site/button_Log in' is clicked on

2022-01-15 16:32:48 - [MESSAGE][PASSED] - Object: 'Object Repository/Page_HCMUS Log in to the site/button_Log in' is clicked on

2022-01-15 16:32:48 - [TEST_STEP][PASSED] - click(findTestObject("Object Repository/Page_Dashboard/span_Site administration")): Object: 'Object Repository/Page_Dashboard/span_Site administration' is clicked on

2022-01-15 16:32:49 - [MESSAGE][PASSED] - Object: 'Object Repository/Page_Dashboard/span_Site administration' is clicked on

2022-01-15 16:32:49 - [TEST_STEP][PASSED] - click(findTestObject("Object Repository/Page_KHTN Administration Search/a_Users")): Object: 'Object Repository/Page_KHTN Administration Search/a_Users' is clicked on

2022-01-15 16:32:50 - [MESSAGE][PASSED] - Object: 'Object Repository/Page_KHTN Administration Search/a_Users' is clicked on

2022-01-15 16:32:50 - [TEST_STEP][PASSED] - click(findTestObject("Object Repository/Page_KHTN Administration Search/a_Add a new user")): Object: 'Object Repository/Page_KHTN Administration Search/a_Add a new user' is clicked on

2022-01-15 16:32:52 - [MESSAGE][PASSED] - Object: 'Object Repository/Page_KHTN Administration Search/a_Add a new user' is clicked on

2022-01-15 16:32:52 - [TEST_STEP][PASSED] - setText(findTestObject("Object Repository/Page_KHTN Administration Users Accounts Add_aad8ed/input_Username_username"), "student2"): Text 'student2' is set on object 'Object Repository/Page_KHTN Administration Users Accounts Add_aad8ed/input_Username_username'

2022-01-15 16:32:53 - [MESSAGE][PASSED] - Text 'student2' is set on object 'Object Repository/Page_KHTN Administration Users Accounts Add_aad8ed/input_Username_username'

2022-01-15 16:32:53 - [TEST_STEP][PASSED] - click(findTestObject("Object Repository/Page_KHTN Administration Users Accounts Add_aad8ed/em_Click to enter text")): Object: 'Object Repository/Page_KHTN Administration Users Accounts Add_aad8ed/em_Click to enter text' is clicked on

2022-01-15 16:32:53 - [MESSAGE][PASSED] - Object: 'Object Repository/Page_KHTN Administration Users Accounts Add_aad8ed/em_Click to enter text' is clicked on

2022-01-15 16:32:53 - [TEST_STEP][PASSED] - setEncryptedText(findTestObject("Object Repository/Page_KHTN Administration Users Accounts Add_aad8ed/input_New password_newpassword"), "J7R4ejOak4Y="): Text ****** has been set on object 'Object Repository/Page_KHTN Administration Users Accounts Add_aad8ed/input_New password_newpassword'

2022-01-15 16:32:54 - [MESSAGE][PASSED] - Text ****** has been set on object 'Object Repository/Page_KHTN Administration Users Accounts Add_aad8ed/input_New password_newpassword'

2022-01-15 16:32:54 - [TEST_STEP][PASSED] - setText(findTestObject("Object Repository/Page_KHTN Administration Users Accounts Add_aad8ed/input_First name_firstname"), "student2"): Text 'student2' is set on object 'Object Repository/Page_KHTN Administration Users Accounts Add_aad8ed/input_First name_firstname'

2022-01-15 16:32:55 - [MESSAGE][PASSED] - Text 'student2' is set on object 'Object Repository/Page_KHTN Administration Users Accounts Add_aad8ed/input_First name_firstname'

2022-01-15 16:32:55 - [TEST_STEP][PASSED] - click(findTestObject("Object Repository/Page_KHTN Administration Users Accounts Add_aad8ed/div_First name")): Object: 'Object Repository/Page_KHTN Administration Users Accounts Add_aad8ed/div_First name' is clicked on

2022-01-15 16:32:55 - [MESSAGE][PASSED] - Object: 'Object Repository/Page_KHTN Administration Users Accounts Add_aad8ed/div_First name' is clicked on

2022-01-15 16:32:55 - [TEST_STEP][PASSED] - setText(findTestObject("Object Repository/Page_KHTN Administration Users Accounts Add_aad8ed/input_First name_firstname"), "Student"): Text 'Student' is set on object 'Object Repository/Page_KHTN Administration Users Accounts Add_aad8ed/input_First name_firstname'

2022-01-15 16:32:56 - [MESSAGE][PASSED] - Text 'Student' is set on object 'Object Repository/Page_KHTN Administration Users Accounts Add_aad8ed/input_First name_firstname'

2022-01-15 16:32:56 - [TEST_STEP][PASSED] - setText(findTestObject("Object Repository/Page_KHTN Administration Users Accounts Add_aad8ed/input_Surname_lastname"), "Epperson"): Text 'Epperson' is set on object 'Object Repository/Page_KHTN Administration Users Accounts Add_aad8ed/input_Surname_lastname'

2022-01-15 16:32:57 - [MESSAGE][PASSED] - Text 'Epperson' is set on object 'Object Repository/Page_KHTN Administration Users Accounts Add_aad8ed/input_Surname_lastname'

2022-01-15 16:32:57 - [TEST_STEP][PASSED] - setText(findTestObject("Object Repository/Page_KHTN Administration Users Accounts Add_aad8ed/input_Email address_email"), "s2@example.com"): Text 's2@example.com' is set on object 'Object Repository/Page_KHTN Administration Users Accounts Add_aad8ed/input_Email address_email'

2022-01-15 16:32:58 - [MESSAGE][PASSED] - Text 's2@example.com' is set on object 'Object Repository/Page_KHTN Administration Users Accounts Add_aad8ed/input_Email address_email'

2022-01-15 16:32:58 - [TEST_STEP][PASSED] - click(findTestObject("Object Repository/Page_KHTN Administration Users Accounts Add_aad8ed/input_Address_submitbutton")): Object: 'Object Repository/Page_KHTN Administration Users Accounts Add_aad8ed/input_Address_submitbutton' is clicked on

2022-01-15 16:32:59 - [MESSAGE][PASSED] - Object: 'Object Repository/Page_KHTN Administration Users Accounts Add_aad8ed/input_Address_submitbutton' is clicked on

2022-01-15 16:32:59 - [TEST_STEP][PASSED] - verifyElementVisible(findTestObject("Object Repository/Page_KHTN Administration Users Accounts Add_aad8ed/div_Passwords must be at least 8 characters long")): Object 'Object Repository/Page_KHTN Administration Users Accounts Add_aad8ed/div_Passwords must be at least 8 characters long' is visible

2022-01-15 16:33:00 - [MESSAGE][PASSED] - Object 'Object Repository/Page_KHTN Administration Users Accounts Add_aad8ed/div_Passwords must be at least 8 characters long' is visible

2022-01-15 16:33:00 - [TEST_STEP][PASSED] - verifyElementVisible(findTestObject("Object Repository/Page_KHTN Administration Users Accounts Add_aad8ed/div_Passwords must have at least 1 digit(s)")): Object 'Object Repository/Page_KHTN Administration Users Accounts Add_aad8ed/div_Passwords must have at least 1 digit(s)' is visible

2022-01-15 16:33:00 - [MESSAGE][PASSED] - Object 'Object Repository/Page_KHTN Administration Users Accounts Add_aad8ed/div_Passwords must have at least 1 digit(s)' is visible

2022-01-15 16:33:00 - [TEST_STEP][PASSED] - verifyElementVisible(findTestObject("Object Repository/Page_KHTN Administration Users Accounts Add_aad8ed/div_Passwords must have at least 1 digit(s)")): Object 'Object Repository/Page_KHTN Administration Users Accounts Add_aad8ed/div_Passwords must have at least 1 digit(s)' is visible

2022-01-15 16:33:00 - [MESSAGE][PASSED] - Object 'Object Repository/Page_KHTN Administration Users Accounts Add_aad8ed/div_Passwords must have at least 1 digit(s)' is visible

2022-01-15 16:33:00 - [TEST_STEP][PASSED] - verifyElementVisible(findTestObject("Object Repository/Page_KHTN Administration Users Accounts Add_aad8ed/div_Passwords must have at least 1 upper ca_8e926f")): Object 'Object Repository/Page_KHTN Administration Users Accounts Add_aad8ed/div_Passwords must have at least 1 upper ca_8e926f' is visible

2022-01-15 16:33:01 - [MESSAGE][PASSED] - Object 'Object Repository/Page_KHTN Administration Users Accounts Add_aad8ed/div_Passwords must have at least 1 upper ca_8e926f' is visible

2022-01-15 16:33:01 - [TEST_STEP][PASSED] - closeBrowser(): Browser is closed

2022-01-15 16:33:01 - [MESSAGE][PASSED] - Browser is closed]]></system-out>
         <system-err><![CDATA[]]></system-err>
      </testcase>
      <testcase name="Test Cases/6_tạo tài khoản thiếu thuộc tính bắt buộc" time="11.81" classname="Test Cases/6_tạo tài khoản thiếu thuộc tính bắt buộc" status="PASSED">
         <system-out><![CDATA[2022-01-15 16:33:01 - [TEST_CASE][PASSED] - Test Cases/6_tạo tài khoản thiếu thuộc tính bắt buộc: Test Cases/6_tạo tài khoản thiếu thuộc tính bắt buộc

2022-01-15 16:33:02 - [TEST_STEP][PASSED] - openBrowser(""): Browser is opened with url: ''

2022-01-15 16:33:02 - [MESSAGE][INFO] - Starting 'Chrome' driver

2022-01-15 16:33:02 - [MESSAGE][INFO] - Action delay is set to 0 milliseconds

2022-01-15 16:33:03 - [MESSAGE][PASSED] - Browser is opened with url: ''

2022-01-15 16:33:03 - [TEST_STEP][PASSED] - navigateToUrl("http://localhost/"): Navigate to 'http://localhost/' successfully

2022-01-15 16:33:03 - [MESSAGE][PASSED] - Navigate to 'http://localhost/' successfully

2022-01-15 16:33:03 - [TEST_STEP][PASSED] - click(findTestObject("Object Repository/Page_HCMUS/a_Log in")): Object: 'Object Repository/Page_HCMUS/a_Log in' is clicked on

2022-01-15 16:33:04 - [MESSAGE][PASSED] - Object: 'Object Repository/Page_HCMUS/a_Log in' is clicked on

2022-01-15 16:33:04 - [TEST_STEP][PASSED] - setText(findTestObject("Object Repository/Page_HCMUS Log in to the site/input_Username_username"), "admin"): Text 'admin' is set on object 'Object Repository/Page_HCMUS Log in to the site/input_Username_username'

2022-01-15 16:33:05 - [MESSAGE][PASSED] - Text 'admin' is set on object 'Object Repository/Page_HCMUS Log in to the site/input_Username_username'

2022-01-15 16:33:05 - [TEST_STEP][PASSED] - setEncryptedText(findTestObject("Object Repository/Page_HCMUS Log in to the site/input_Password_password"), "5MU2PI2jvJCK/lBTYOwt6g=="): Text ****** has been set on object 'Object Repository/Page_HCMUS Log in to the site/input_Password_password'

2022-01-15 16:33:05 - [MESSAGE][PASSED] - Text ****** has been set on object 'Object Repository/Page_HCMUS Log in to the site/input_Password_password'

2022-01-15 16:33:05 - [TEST_STEP][PASSED] - click(findTestObject("Object Repository/Page_HCMUS Log in to the site/button_Log in")): Object: 'Object Repository/Page_HCMUS Log in to the site/button_Log in' is clicked on

2022-01-15 16:33:06 - [MESSAGE][PASSED] - Object: 'Object Repository/Page_HCMUS Log in to the site/button_Log in' is clicked on

2022-01-15 16:33:06 - [TEST_STEP][PASSED] - click(findTestObject("Object Repository/Page_Dashboard/span_Site administration")): Object: 'Object Repository/Page_Dashboard/span_Site administration' is clicked on

2022-01-15 16:33:08 - [MESSAGE][PASSED] - Object: 'Object Repository/Page_Dashboard/span_Site administration' is clicked on

2022-01-15 16:33:08 - [TEST_STEP][PASSED] - click(findTestObject("Object Repository/Page_KHTN Administration Search/a_Users")): Object: 'Object Repository/Page_KHTN Administration Search/a_Users' is clicked on

2022-01-15 16:33:08 - [MESSAGE][PASSED] - Object: 'Object Repository/Page_KHTN Administration Search/a_Users' is clicked on

2022-01-15 16:33:08 - [TEST_STEP][PASSED] - click(findTestObject("Object Repository/Page_KHTN Administration Search/a_Add a new user")): Object: 'Object Repository/Page_KHTN Administration Search/a_Add a new user' is clicked on

2022-01-15 16:33:09 - [MESSAGE][PASSED] - Object: 'Object Repository/Page_KHTN Administration Search/a_Add a new user' is clicked on

2022-01-15 16:33:09 - [TEST_STEP][PASSED] - click(findTestObject("Object Repository/Page_KHTN Administration Users Accounts Add_aad8ed/input_Address_submitbutton")): Object: 'Object Repository/Page_KHTN Administration Users Accounts Add_aad8ed/input_Address_submitbutton' is clicked on

2022-01-15 16:33:11 - [MESSAGE][PASSED] - Object: 'Object Repository/Page_KHTN Administration Users Accounts Add_aad8ed/input_Address_submitbutton' is clicked on

2022-01-15 16:33:11 - [TEST_STEP][PASSED] - verifyElementVisible(findTestObject("Object Repository/Page_KHTN Administration Users Accounts Add_aad8ed/div_- Missing given name")): Object 'Object Repository/Page_KHTN Administration Users Accounts Add_aad8ed/div_- Missing given name' is visible

2022-01-15 16:33:11 - [MESSAGE][PASSED] - Object 'Object Repository/Page_KHTN Administration Users Accounts Add_aad8ed/div_- Missing given name' is visible

2022-01-15 16:33:11 - [TEST_STEP][PASSED] - verifyElementVisible(findTestObject("Object Repository/Page_KHTN Administration Users Accounts Add_aad8ed/div_- Missing surname")): Object 'Object Repository/Page_KHTN Administration Users Accounts Add_aad8ed/div_- Missing surname' is visible

2022-01-15 16:33:11 - [MESSAGE][PASSED] - Object 'Object Repository/Page_KHTN Administration Users Accounts Add_aad8ed/div_- Missing surname' is visible

2022-01-15 16:33:11 - [TEST_STEP][PASSED] - verifyElementVisible(findTestObject("Object Repository/Page_KHTN Administration Users Accounts Add_aad8ed/div_- Required")): Object 'Object Repository/Page_KHTN Administration Users Accounts Add_aad8ed/div_- Required' is visible

2022-01-15 16:33:12 - [MESSAGE][PASSED] - Object 'Object Repository/Page_KHTN Administration Users Accounts Add_aad8ed/div_- Required' is visible

2022-01-15 16:33:12 - [TEST_STEP][PASSED] - verifyElementVisible(findTestObject("Object Repository/Page_KHTN Administration Users Accounts Add_aad8ed/input_Email address_email")): Object 'Object Repository/Page_KHTN Administration Users Accounts Add_aad8ed/input_Email address_email' is visible

2022-01-15 16:33:12 - [MESSAGE][PASSED] - Object 'Object Repository/Page_KHTN Administration Users Accounts Add_aad8ed/input_Email address_email' is visible

2022-01-15 16:33:12 - [TEST_STEP][PASSED] - verifyElementVisible(findTestObject("Object Repository/Page_KHTN Administration Users Accounts Add_aad8ed/div_- Required")): Object 'Object Repository/Page_KHTN Administration Users Accounts Add_aad8ed/div_- Required' is visible

2022-01-15 16:33:13 - [MESSAGE][PASSED] - Object 'Object Repository/Page_KHTN Administration Users Accounts Add_aad8ed/div_- Required' is visible

2022-01-15 16:33:13 - [TEST_STEP][PASSED] - closeBrowser(): Browser is closed

2022-01-15 16:33:13 - [MESSAGE][PASSED] - Browser is closed]]></system-out>
         <system-err><![CDATA[]]></system-err>
      </testcase>
      <testcase name="Test Cases/7_tạo tài khoản user chính xác" time="23.974" classname="Test Cases/7_tạo tài khoản user chính xác" status="PASSED">
         <system-out><![CDATA[2022-01-15 16:33:13 - [TEST_CASE][PASSED] - Test Cases/7_tạo tài khoản user chính xác: Test Cases/7_tạo tài khoản user chính xác

2022-01-15 16:33:14 - [TEST_STEP][PASSED] - openBrowser(""): Browser is opened with url: ''

2022-01-15 16:33:14 - [MESSAGE][INFO] - Starting 'Chrome' driver

2022-01-15 16:33:14 - [MESSAGE][INFO] - Action delay is set to 0 milliseconds

2022-01-15 16:33:16 - [MESSAGE][PASSED] - Browser is opened with url: ''

2022-01-15 16:33:16 - [TEST_STEP][PASSED] - navigateToUrl("http://localhost/"): Navigate to 'http://localhost/' successfully

2022-01-15 16:33:17 - [MESSAGE][PASSED] - Navigate to 'http://localhost/' successfully

2022-01-15 16:33:17 - [TEST_STEP][PASSED] - click(findTestObject("Object Repository/Page_HCMUS/a_Log in")): Object: 'Object Repository/Page_HCMUS/a_Log in' is clicked on

2022-01-15 16:33:17 - [MESSAGE][PASSED] - Object: 'Object Repository/Page_HCMUS/a_Log in' is clicked on

2022-01-15 16:33:17 - [TEST_STEP][PASSED] - setText(findTestObject("Object Repository/Page_HCMUS Log in to the site/input_Username_username"), "admin"): Text 'admin' is set on object 'Object Repository/Page_HCMUS Log in to the site/input_Username_username'

2022-01-15 16:33:18 - [MESSAGE][PASSED] - Text 'admin' is set on object 'Object Repository/Page_HCMUS Log in to the site/input_Username_username'

2022-01-15 16:33:18 - [TEST_STEP][PASSED] - setEncryptedText(findTestObject("Object Repository/Page_HCMUS Log in to the site/input_Password_password"), "5MU2PI2jvJCK/lBTYOwt6g=="): Text ****** has been set on object 'Object Repository/Page_HCMUS Log in to the site/input_Password_password'

2022-01-15 16:33:19 - [MESSAGE][PASSED] - Text ****** has been set on object 'Object Repository/Page_HCMUS Log in to the site/input_Password_password'

2022-01-15 16:33:19 - [TEST_STEP][PASSED] - click(findTestObject("Object Repository/Page_HCMUS Log in to the site/button_Log in")): Object: 'Object Repository/Page_HCMUS Log in to the site/button_Log in' is clicked on

2022-01-15 16:33:20 - [MESSAGE][PASSED] - Object: 'Object Repository/Page_HCMUS Log in to the site/button_Log in' is clicked on

2022-01-15 16:33:20 - [TEST_STEP][PASSED] - click(findTestObject("Object Repository/Page_Dashboard/span_Site administration")): Object: 'Object Repository/Page_Dashboard/span_Site administration' is clicked on

2022-01-15 16:33:21 - [MESSAGE][PASSED] - Object: 'Object Repository/Page_Dashboard/span_Site administration' is clicked on

2022-01-15 16:33:21 - [TEST_STEP][PASSED] - click(findTestObject("Object Repository/Page_KHTN Administration Search/a_Users")): Object: 'Object Repository/Page_KHTN Administration Search/a_Users' is clicked on

2022-01-15 16:33:22 - [MESSAGE][PASSED] - Object: 'Object Repository/Page_KHTN Administration Search/a_Users' is clicked on

2022-01-15 16:33:22 - [TEST_STEP][PASSED] - click(findTestObject("Object Repository/Page_KHTN Administration Search/a_Add a new user")): Object: 'Object Repository/Page_KHTN Administration Search/a_Add a new user' is clicked on

2022-01-15 16:33:23 - [MESSAGE][PASSED] - Object: 'Object Repository/Page_KHTN Administration Search/a_Add a new user' is clicked on

2022-01-15 16:33:23 - [TEST_STEP][PASSED] - setText(findTestObject("Object Repository/Page_KHTN Administration Users Accounts Add_aad8ed/input_Username_username"), username): Text 'student1' is set on object 'Object Repository/Page_KHTN Administration Users Accounts Add_aad8ed/input_Username_username'

2022-01-15 16:33:24 - [MESSAGE][PASSED] - Text 'student1' is set on object 'Object Repository/Page_KHTN Administration Users Accounts Add_aad8ed/input_Username_username'

2022-01-15 16:33:24 - [TEST_STEP][PASSED] - click(findTestObject("Object Repository/Page_KHTN Administration Users Accounts Add_aad8ed/em_Click to enter text")): Object: 'Object Repository/Page_KHTN Administration Users Accounts Add_aad8ed/em_Click to enter text' is clicked on

2022-01-15 16:33:25 - [MESSAGE][PASSED] - Object: 'Object Repository/Page_KHTN Administration Users Accounts Add_aad8ed/em_Click to enter text' is clicked on

2022-01-15 16:33:25 - [TEST_STEP][PASSED] - setText(findTestObject("Object Repository/Page_KHTN Administration Users Accounts Add_aad8ed/input_New password_newpassword"), password): Text 'Mstudent1#' is set on object 'Object Repository/Page_KHTN Administration Users Accounts Add_aad8ed/input_New password_newpassword'

2022-01-15 16:33:26 - [MESSAGE][PASSED] - Text 'Mstudent1#' is set on object 'Object Repository/Page_KHTN Administration Users Accounts Add_aad8ed/input_New password_newpassword'

2022-01-15 16:33:26 - [TEST_STEP][PASSED] - setText(findTestObject("Object Repository/Page_KHTN Administration Users Accounts Add_aad8ed/input_First name_firstname"), firstname): Text 'Student' is set on object 'Object Repository/Page_KHTN Administration Users Accounts Add_aad8ed/input_First name_firstname'

2022-01-15 16:33:26 - [MESSAGE][PASSED] - Text 'Student' is set on object 'Object Repository/Page_KHTN Administration Users Accounts Add_aad8ed/input_First name_firstname'

2022-01-15 16:33:26 - [TEST_STEP][PASSED] - click(findTestObject("Object Repository/Page_KHTN Administration Users Accounts Add_aad8ed/div_Username                               _ccea4b")): Object: 'Object Repository/Page_KHTN Administration Users Accounts Add_aad8ed/div_Username                               _ccea4b' is clicked on

2022-01-15 16:33:27 - [MESSAGE][PASSED] - Object: 'Object Repository/Page_KHTN Administration Users Accounts Add_aad8ed/div_Username                               _ccea4b' is clicked on

2022-01-15 16:33:27 - [TEST_STEP][PASSED] - setText(findTestObject("Object Repository/Page_KHTN Administration Users Accounts Add_aad8ed/input_Surname_lastname"), lastname): Text 'Waldrop' is set on object 'Object Repository/Page_KHTN Administration Users Accounts Add_aad8ed/input_Surname_lastname'

2022-01-15 16:33:28 - [MESSAGE][PASSED] - Text 'Waldrop' is set on object 'Object Repository/Page_KHTN Administration Users Accounts Add_aad8ed/input_Surname_lastname'

2022-01-15 16:33:28 - [TEST_STEP][PASSED] - setText(findTestObject("Object Repository/Page_KHTN Administration Users Accounts Add_aad8ed/input_Email address_email"), email): Text 's1@example.com' is set on object 'Object Repository/Page_KHTN Administration Users Accounts Add_aad8ed/input_Email address_email'

2022-01-15 16:33:29 - [MESSAGE][PASSED] - Text 's1@example.com' is set on object 'Object Repository/Page_KHTN Administration Users Accounts Add_aad8ed/input_Email address_email'

2022-01-15 16:33:29 - [TEST_STEP][PASSED] - click(findTestObject("Object Repository/Page_KHTN Administration Users Accounts Add_aad8ed/input_Address_submitbutton")): Object: 'Object Repository/Page_KHTN Administration Users Accounts Add_aad8ed/input_Address_submitbutton' is clicked on

2022-01-15 16:33:30 - [MESSAGE][PASSED] - Object: 'Object Repository/Page_KHTN Administration Users Accounts Add_aad8ed/input_Address_submitbutton' is clicked on

2022-01-15 16:33:30 - [TEST_STEP][PASSED] - verifyElementVisible(findTestObject("Object Repository/Page_KHTN Administration Users Accounts Bro_45ce40/div_Changes saved")): Object 'Object Repository/Page_KHTN Administration Users Accounts Bro_45ce40/div_Changes saved' is visible

2022-01-15 16:33:31 - [MESSAGE][PASSED] - Object 'Object Repository/Page_KHTN Administration Users Accounts Bro_45ce40/div_Changes saved' is visible

2022-01-15 16:33:31 - [TEST_STEP][PASSED] - verifyElementVisible(findTestObject("Object Repository/Page_KHTN Administration Users Accounts Bro_45ce40/td_s1example.com")): Object 'Object Repository/Page_KHTN Administration Users Accounts Bro_45ce40/td_s1example.com' is visible

2022-01-15 16:33:31 - [MESSAGE][PASSED] - Object 'Object Repository/Page_KHTN Administration Users Accounts Bro_45ce40/td_s1example.com' is visible

2022-01-15 16:33:31 - [TEST_STEP][PASSED] - click(findTestObject("Object Repository/Page_KHTN Administration Users Accounts Bro_45ce40/a_Admin User")): Object: 'Object Repository/Page_KHTN Administration Users Accounts Bro_45ce40/a_Admin User' is clicked on

2022-01-15 16:33:31 - [MESSAGE][PASSED] - Object: 'Object Repository/Page_KHTN Administration Users Accounts Bro_45ce40/a_Admin User' is clicked on

2022-01-15 16:33:31 - [TEST_STEP][PASSED] - click(findTestObject("Object Repository/Page_KHTN Administration Users Accounts Bro_45ce40/span_Log out")): Object: 'Object Repository/Page_KHTN Administration Users Accounts Bro_45ce40/span_Log out' is clicked on

2022-01-15 16:33:32 - [MESSAGE][PASSED] - Object: 'Object Repository/Page_KHTN Administration Users Accounts Bro_45ce40/span_Log out' is clicked on

2022-01-15 16:33:32 - [TEST_STEP][PASSED] - click(findTestObject("Object Repository/Page_HCMUS/a_Log in")): Object: 'Object Repository/Page_HCMUS/a_Log in' is clicked on

2022-01-15 16:33:33 - [MESSAGE][PASSED] - Object: 'Object Repository/Page_HCMUS/a_Log in' is clicked on

2022-01-15 16:33:33 - [TEST_STEP][PASSED] - setText(findTestObject("Object Repository/Page_HCMUS Log in to the site/input_Username_username"), username): Text 'student1' is set on object 'Object Repository/Page_HCMUS Log in to the site/input_Username_username'

2022-01-15 16:33:33 - [MESSAGE][PASSED] - Text 'student1' is set on object 'Object Repository/Page_HCMUS Log in to the site/input_Username_username'

2022-01-15 16:33:33 - [TEST_STEP][PASSED] - setText(findTestObject("Object Repository/Page_HCMUS Log in to the site/input_Password_password"), password): Text 'Mstudent1#' is set on object 'Object Repository/Page_HCMUS Log in to the site/input_Password_password'

2022-01-15 16:33:34 - [MESSAGE][PASSED] - Text 'Mstudent1#' is set on object 'Object Repository/Page_HCMUS Log in to the site/input_Password_password'

2022-01-15 16:33:34 - [TEST_STEP][PASSED] - click(findTestObject("Object Repository/Page_HCMUS Log in to the site/button_Log in")): Object: 'Object Repository/Page_HCMUS Log in to the site/button_Log in' is clicked on

2022-01-15 16:33:35 - [MESSAGE][PASSED] - Object: 'Object Repository/Page_HCMUS Log in to the site/button_Log in' is clicked on

2022-01-15 16:33:35 - [TEST_STEP][PASSED] - verifyElementVisible(findTestObject("Object Repository/Page_Dashboard/span_Student Waldrop")): Object 'Object Repository/Page_Dashboard/span_Student Waldrop' is visible

2022-01-15 16:33:37 - [MESSAGE][PASSED] - Object 'Object Repository/Page_Dashboard/span_Student Waldrop' is visible

2022-01-15 16:33:37 - [TEST_STEP][PASSED] - closeBrowser(): Browser is closed

2022-01-15 16:33:37 - [MESSAGE][PASSED] - Browser is closed]]></system-out>
         <system-err><![CDATA[]]></system-err>
      </testcase>
      <testcase name="Test Cases/7_tạo tài khoản user chính xác" time="22.39" classname="Test Cases/7_tạo tài khoản user chính xác" status="PASSED">
         <system-out><![CDATA[2022-01-15 16:33:38 - [TEST_CASE][PASSED] - Test Cases/7_tạo tài khoản user chính xác: Test Cases/7_tạo tài khoản user chính xác

2022-01-15 16:33:38 - [TEST_STEP][PASSED] - openBrowser(""): Browser is opened with url: ''

2022-01-15 16:33:38 - [MESSAGE][INFO] - Starting 'Chrome' driver

2022-01-15 16:33:38 - [MESSAGE][INFO] - Action delay is set to 0 milliseconds

2022-01-15 16:33:39 - [MESSAGE][PASSED] - Browser is opened with url: ''

2022-01-15 16:33:39 - [TEST_STEP][PASSED] - navigateToUrl("http://localhost/"): Navigate to 'http://localhost/' successfully

2022-01-15 16:33:39 - [MESSAGE][PASSED] - Navigate to 'http://localhost/' successfully

2022-01-15 16:33:39 - [TEST_STEP][PASSED] - click(findTestObject("Object Repository/Page_HCMUS/a_Log in")): Object: 'Object Repository/Page_HCMUS/a_Log in' is clicked on

2022-01-15 16:33:40 - [MESSAGE][PASSED] - Object: 'Object Repository/Page_HCMUS/a_Log in' is clicked on

2022-01-15 16:33:40 - [TEST_STEP][PASSED] - setText(findTestObject("Object Repository/Page_HCMUS Log in to the site/input_Username_username"), "admin"): Text 'admin' is set on object 'Object Repository/Page_HCMUS Log in to the site/input_Username_username'

2022-01-15 16:33:41 - [MESSAGE][PASSED] - Text 'admin' is set on object 'Object Repository/Page_HCMUS Log in to the site/input_Username_username'

2022-01-15 16:33:41 - [TEST_STEP][PASSED] - setEncryptedText(findTestObject("Object Repository/Page_HCMUS Log in to the site/input_Password_password"), "5MU2PI2jvJCK/lBTYOwt6g=="): Text ****** has been set on object 'Object Repository/Page_HCMUS Log in to the site/input_Password_password'

2022-01-15 16:33:41 - [MESSAGE][PASSED] - Text ****** has been set on object 'Object Repository/Page_HCMUS Log in to the site/input_Password_password'

2022-01-15 16:33:41 - [TEST_STEP][PASSED] - click(findTestObject("Object Repository/Page_HCMUS Log in to the site/button_Log in")): Object: 'Object Repository/Page_HCMUS Log in to the site/button_Log in' is clicked on

2022-01-15 16:33:42 - [MESSAGE][PASSED] - Object: 'Object Repository/Page_HCMUS Log in to the site/button_Log in' is clicked on

2022-01-15 16:33:42 - [TEST_STEP][PASSED] - click(findTestObject("Object Repository/Page_Dashboard/span_Site administration")): Object: 'Object Repository/Page_Dashboard/span_Site administration' is clicked on

2022-01-15 16:33:44 - [MESSAGE][PASSED] - Object: 'Object Repository/Page_Dashboard/span_Site administration' is clicked on

2022-01-15 16:33:44 - [TEST_STEP][PASSED] - click(findTestObject("Object Repository/Page_KHTN Administration Search/a_Users")): Object: 'Object Repository/Page_KHTN Administration Search/a_Users' is clicked on

2022-01-15 16:33:44 - [MESSAGE][PASSED] - Object: 'Object Repository/Page_KHTN Administration Search/a_Users' is clicked on

2022-01-15 16:33:44 - [TEST_STEP][PASSED] - click(findTestObject("Object Repository/Page_KHTN Administration Search/a_Add a new user")): Object: 'Object Repository/Page_KHTN Administration Search/a_Add a new user' is clicked on

2022-01-15 16:33:45 - [MESSAGE][PASSED] - Object: 'Object Repository/Page_KHTN Administration Search/a_Add a new user' is clicked on

2022-01-15 16:33:45 - [TEST_STEP][PASSED] - setText(findTestObject("Object Repository/Page_KHTN Administration Users Accounts Add_aad8ed/input_Username_username"), username): Text 'student2' is set on object 'Object Repository/Page_KHTN Administration Users Accounts Add_aad8ed/input_Username_username'

2022-01-15 16:33:47 - [MESSAGE][PASSED] - Text 'student2' is set on object 'Object Repository/Page_KHTN Administration Users Accounts Add_aad8ed/input_Username_username'

2022-01-15 16:33:47 - [TEST_STEP][PASSED] - click(findTestObject("Object Repository/Page_KHTN Administration Users Accounts Add_aad8ed/em_Click to enter text")): Object: 'Object Repository/Page_KHTN Administration Users Accounts Add_aad8ed/em_Click to enter text' is clicked on

2022-01-15 16:33:47 - [MESSAGE][PASSED] - Object: 'Object Repository/Page_KHTN Administration Users Accounts Add_aad8ed/em_Click to enter text' is clicked on

2022-01-15 16:33:47 - [TEST_STEP][PASSED] - setText(findTestObject("Object Repository/Page_KHTN Administration Users Accounts Add_aad8ed/input_New password_newpassword"), password): Text 'Mstudent2#' is set on object 'Object Repository/Page_KHTN Administration Users Accounts Add_aad8ed/input_New password_newpassword'

2022-01-15 16:33:48 - [MESSAGE][PASSED] - Text 'Mstudent2#' is set on object 'Object Repository/Page_KHTN Administration Users Accounts Add_aad8ed/input_New password_newpassword'

2022-01-15 16:33:48 - [TEST_STEP][PASSED] - setText(findTestObject("Object Repository/Page_KHTN Administration Users Accounts Add_aad8ed/input_First name_firstname"), firstname): Text 'Student' is set on object 'Object Repository/Page_KHTN Administration Users Accounts Add_aad8ed/input_First name_firstname'

2022-01-15 16:33:49 - [MESSAGE][PASSED] - Text 'Student' is set on object 'Object Repository/Page_KHTN Administration Users Accounts Add_aad8ed/input_First name_firstname'

2022-01-15 16:33:49 - [TEST_STEP][PASSED] - click(findTestObject("Object Repository/Page_KHTN Administration Users Accounts Add_aad8ed/div_Username                               _ccea4b")): Object: 'Object Repository/Page_KHTN Administration Users Accounts Add_aad8ed/div_Username                               _ccea4b' is clicked on

2022-01-15 16:33:50 - [MESSAGE][PASSED] - Object: 'Object Repository/Page_KHTN Administration Users Accounts Add_aad8ed/div_Username                               _ccea4b' is clicked on

2022-01-15 16:33:50 - [TEST_STEP][PASSED] - setText(findTestObject("Object Repository/Page_KHTN Administration Users Accounts Add_aad8ed/input_Surname_lastname"), lastname): Text 'Epperson' is set on object 'Object Repository/Page_KHTN Administration Users Accounts Add_aad8ed/input_Surname_lastname'

2022-01-15 16:33:51 - [MESSAGE][PASSED] - Text 'Epperson' is set on object 'Object Repository/Page_KHTN Administration Users Accounts Add_aad8ed/input_Surname_lastname'

2022-01-15 16:33:51 - [TEST_STEP][PASSED] - setText(findTestObject("Object Repository/Page_KHTN Administration Users Accounts Add_aad8ed/input_Email address_email"), email): Text 's2@example.com' is set on object 'Object Repository/Page_KHTN Administration Users Accounts Add_aad8ed/input_Email address_email'

2022-01-15 16:33:51 - [MESSAGE][PASSED] - Text 's2@example.com' is set on object 'Object Repository/Page_KHTN Administration Users Accounts Add_aad8ed/input_Email address_email'

2022-01-15 16:33:51 - [TEST_STEP][PASSED] - click(findTestObject("Object Repository/Page_KHTN Administration Users Accounts Add_aad8ed/input_Address_submitbutton")): Object: 'Object Repository/Page_KHTN Administration Users Accounts Add_aad8ed/input_Address_submitbutton' is clicked on

2022-01-15 16:33:53 - [MESSAGE][PASSED] - Object: 'Object Repository/Page_KHTN Administration Users Accounts Add_aad8ed/input_Address_submitbutton' is clicked on

2022-01-15 16:33:53 - [TEST_STEP][PASSED] - verifyElementVisible(findTestObject("Object Repository/Page_KHTN Administration Users Accounts Bro_45ce40/div_Changes saved")): Object 'Object Repository/Page_KHTN Administration Users Accounts Bro_45ce40/div_Changes saved' is visible

2022-01-15 16:33:53 - [MESSAGE][PASSED] - Object 'Object Repository/Page_KHTN Administration Users Accounts Bro_45ce40/div_Changes saved' is visible

2022-01-15 16:33:53 - [TEST_STEP][PASSED] - verifyElementVisible(findTestObject("Object Repository/Page_KHTN Administration Users Accounts Bro_45ce40/td_s1example.com")): Object 'Object Repository/Page_KHTN Administration Users Accounts Bro_45ce40/td_s1example.com' is visible

2022-01-15 16:33:54 - [MESSAGE][PASSED] - Object 'Object Repository/Page_KHTN Administration Users Accounts Bro_45ce40/td_s1example.com' is visible

2022-01-15 16:33:54 - [TEST_STEP][PASSED] - click(findTestObject("Object Repository/Page_KHTN Administration Users Accounts Bro_45ce40/a_Admin User")): Object: 'Object Repository/Page_KHTN Administration Users Accounts Bro_45ce40/a_Admin User' is clicked on

2022-01-15 16:33:54 - [MESSAGE][PASSED] - Object: 'Object Repository/Page_KHTN Administration Users Accounts Bro_45ce40/a_Admin User' is clicked on

2022-01-15 16:33:54 - [TEST_STEP][PASSED] - click(findTestObject("Object Repository/Page_KHTN Administration Users Accounts Bro_45ce40/span_Log out")): Object: 'Object Repository/Page_KHTN Administration Users Accounts Bro_45ce40/span_Log out' is clicked on

2022-01-15 16:33:55 - [MESSAGE][PASSED] - Object: 'Object Repository/Page_KHTN Administration Users Accounts Bro_45ce40/span_Log out' is clicked on

2022-01-15 16:33:55 - [TEST_STEP][PASSED] - click(findTestObject("Object Repository/Page_HCMUS/a_Log in")): Object: 'Object Repository/Page_HCMUS/a_Log in' is clicked on

2022-01-15 16:33:56 - [MESSAGE][PASSED] - Object: 'Object Repository/Page_HCMUS/a_Log in' is clicked on

2022-01-15 16:33:56 - [TEST_STEP][PASSED] - setText(findTestObject("Object Repository/Page_HCMUS Log in to the site/input_Username_username"), username): Text 'student2' is set on object 'Object Repository/Page_HCMUS Log in to the site/input_Username_username'

2022-01-15 16:33:56 - [MESSAGE][PASSED] - Text 'student2' is set on object 'Object Repository/Page_HCMUS Log in to the site/input_Username_username'

2022-01-15 16:33:56 - [TEST_STEP][PASSED] - setText(findTestObject("Object Repository/Page_HCMUS Log in to the site/input_Password_password"), password): Text 'Mstudent2#' is set on object 'Object Repository/Page_HCMUS Log in to the site/input_Password_password'

2022-01-15 16:33:57 - [MESSAGE][PASSED] - Text 'Mstudent2#' is set on object 'Object Repository/Page_HCMUS Log in to the site/input_Password_password'

2022-01-15 16:33:57 - [TEST_STEP][PASSED] - click(findTestObject("Object Repository/Page_HCMUS Log in to the site/button_Log in")): Object: 'Object Repository/Page_HCMUS Log in to the site/button_Log in' is clicked on

2022-01-15 16:33:58 - [MESSAGE][PASSED] - Object: 'Object Repository/Page_HCMUS Log in to the site/button_Log in' is clicked on

2022-01-15 16:33:58 - [TEST_STEP][PASSED] - verifyElementVisible(findTestObject("Object Repository/Page_Dashboard/span_Student Waldrop")): Object 'Object Repository/Page_Dashboard/span_Student Waldrop' is visible

2022-01-15 16:33:59 - [MESSAGE][PASSED] - Object 'Object Repository/Page_Dashboard/span_Student Waldrop' is visible

2022-01-15 16:33:59 - [TEST_STEP][PASSED] - closeBrowser(): Browser is closed

2022-01-15 16:34:00 - [MESSAGE][PASSED] - Browser is closed]]></system-out>
         <system-err><![CDATA[]]></system-err>
      </testcase>
      <testcase name="Test Cases/7_tạo tài khoản user chính xác" time="21.868" classname="Test Cases/7_tạo tài khoản user chính xác" status="PASSED">
         <system-out><![CDATA[2022-01-15 16:34:00 - [TEST_CASE][PASSED] - Test Cases/7_tạo tài khoản user chính xác: Test Cases/7_tạo tài khoản user chính xác

2022-01-15 16:34:00 - [TEST_STEP][PASSED] - openBrowser(""): Browser is opened with url: ''

2022-01-15 16:34:00 - [MESSAGE][INFO] - Starting 'Chrome' driver

2022-01-15 16:34:00 - [MESSAGE][INFO] - Action delay is set to 0 milliseconds

2022-01-15 16:34:01 - [MESSAGE][PASSED] - Browser is opened with url: ''

2022-01-15 16:34:01 - [TEST_STEP][PASSED] - navigateToUrl("http://localhost/"): Navigate to 'http://localhost/' successfully

2022-01-15 16:34:02 - [MESSAGE][PASSED] - Navigate to 'http://localhost/' successfully

2022-01-15 16:34:02 - [TEST_STEP][PASSED] - click(findTestObject("Object Repository/Page_HCMUS/a_Log in")): Object: 'Object Repository/Page_HCMUS/a_Log in' is clicked on

2022-01-15 16:34:02 - [MESSAGE][PASSED] - Object: 'Object Repository/Page_HCMUS/a_Log in' is clicked on

2022-01-15 16:34:02 - [TEST_STEP][PASSED] - setText(findTestObject("Object Repository/Page_HCMUS Log in to the site/input_Username_username"), "admin"): Text 'admin' is set on object 'Object Repository/Page_HCMUS Log in to the site/input_Username_username'

2022-01-15 16:34:03 - [MESSAGE][PASSED] - Text 'admin' is set on object 'Object Repository/Page_HCMUS Log in to the site/input_Username_username'

2022-01-15 16:34:03 - [TEST_STEP][PASSED] - setEncryptedText(findTestObject("Object Repository/Page_HCMUS Log in to the site/input_Password_password"), "5MU2PI2jvJCK/lBTYOwt6g=="): Text ****** has been set on object 'Object Repository/Page_HCMUS Log in to the site/input_Password_password'

2022-01-15 16:34:04 - [MESSAGE][PASSED] - Text ****** has been set on object 'Object Repository/Page_HCMUS Log in to the site/input_Password_password'

2022-01-15 16:34:04 - [TEST_STEP][PASSED] - click(findTestObject("Object Repository/Page_HCMUS Log in to the site/button_Log in")): Object: 'Object Repository/Page_HCMUS Log in to the site/button_Log in' is clicked on

2022-01-15 16:34:05 - [MESSAGE][PASSED] - Object: 'Object Repository/Page_HCMUS Log in to the site/button_Log in' is clicked on

2022-01-15 16:34:05 - [TEST_STEP][PASSED] - click(findTestObject("Object Repository/Page_Dashboard/span_Site administration")): Object: 'Object Repository/Page_Dashboard/span_Site administration' is clicked on

2022-01-15 16:34:06 - [MESSAGE][PASSED] - Object: 'Object Repository/Page_Dashboard/span_Site administration' is clicked on

2022-01-15 16:34:06 - [TEST_STEP][PASSED] - click(findTestObject("Object Repository/Page_KHTN Administration Search/a_Users")): Object: 'Object Repository/Page_KHTN Administration Search/a_Users' is clicked on

2022-01-15 16:34:07 - [MESSAGE][PASSED] - Object: 'Object Repository/Page_KHTN Administration Search/a_Users' is clicked on

2022-01-15 16:34:07 - [TEST_STEP][PASSED] - click(findTestObject("Object Repository/Page_KHTN Administration Search/a_Add a new user")): Object: 'Object Repository/Page_KHTN Administration Search/a_Add a new user' is clicked on

2022-01-15 16:34:08 - [MESSAGE][PASSED] - Object: 'Object Repository/Page_KHTN Administration Search/a_Add a new user' is clicked on

2022-01-15 16:34:08 - [TEST_STEP][PASSED] - setText(findTestObject("Object Repository/Page_KHTN Administration Users Accounts Add_aad8ed/input_Username_username"), username): Text 'student3' is set on object 'Object Repository/Page_KHTN Administration Users Accounts Add_aad8ed/input_Username_username'

2022-01-15 16:34:09 - [MESSAGE][PASSED] - Text 'student3' is set on object 'Object Repository/Page_KHTN Administration Users Accounts Add_aad8ed/input_Username_username'

2022-01-15 16:34:09 - [TEST_STEP][PASSED] - click(findTestObject("Object Repository/Page_KHTN Administration Users Accounts Add_aad8ed/em_Click to enter text")): Object: 'Object Repository/Page_KHTN Administration Users Accounts Add_aad8ed/em_Click to enter text' is clicked on

2022-01-15 16:34:10 - [MESSAGE][PASSED] - Object: 'Object Repository/Page_KHTN Administration Users Accounts Add_aad8ed/em_Click to enter text' is clicked on

2022-01-15 16:34:10 - [TEST_STEP][PASSED] - setText(findTestObject("Object Repository/Page_KHTN Administration Users Accounts Add_aad8ed/input_New password_newpassword"), password): Text 'Mstudent3#' is set on object 'Object Repository/Page_KHTN Administration Users Accounts Add_aad8ed/input_New password_newpassword'

2022-01-15 16:34:10 - [MESSAGE][PASSED] - Text 'Mstudent3#' is set on object 'Object Repository/Page_KHTN Administration Users Accounts Add_aad8ed/input_New password_newpassword'

2022-01-15 16:34:10 - [TEST_STEP][PASSED] - setText(findTestObject("Object Repository/Page_KHTN Administration Users Accounts Add_aad8ed/input_First name_firstname"), firstname): Text 'Student' is set on object 'Object Repository/Page_KHTN Administration Users Accounts Add_aad8ed/input_First name_firstname'

2022-01-15 16:34:11 - [MESSAGE][PASSED] - Text 'Student' is set on object 'Object Repository/Page_KHTN Administration Users Accounts Add_aad8ed/input_First name_firstname'

2022-01-15 16:34:11 - [TEST_STEP][PASSED] - click(findTestObject("Object Repository/Page_KHTN Administration Users Accounts Add_aad8ed/div_Username                               _ccea4b")): Object: 'Object Repository/Page_KHTN Administration Users Accounts Add_aad8ed/div_Username                               _ccea4b' is clicked on

2022-01-15 16:34:12 - [MESSAGE][PASSED] - Object: 'Object Repository/Page_KHTN Administration Users Accounts Add_aad8ed/div_Username                               _ccea4b' is clicked on

2022-01-15 16:34:12 - [TEST_STEP][PASSED] - setText(findTestObject("Object Repository/Page_KHTN Administration Users Accounts Add_aad8ed/input_Surname_lastname"), lastname): Text 'Walston' is set on object 'Object Repository/Page_KHTN Administration Users Accounts Add_aad8ed/input_Surname_lastname'

2022-01-15 16:34:13 - [MESSAGE][PASSED] - Text 'Walston' is set on object 'Object Repository/Page_KHTN Administration Users Accounts Add_aad8ed/input_Surname_lastname'

2022-01-15 16:34:13 - [TEST_STEP][PASSED] - setText(findTestObject("Object Repository/Page_KHTN Administration Users Accounts Add_aad8ed/input_Email address_email"), email): Text 's3@example.com' is set on object 'Object Repository/Page_KHTN Administration Users Accounts Add_aad8ed/input_Email address_email'

2022-01-15 16:34:13 - [MESSAGE][PASSED] - Text 's3@example.com' is set on object 'Object Repository/Page_KHTN Administration Users Accounts Add_aad8ed/input_Email address_email'

2022-01-15 16:34:13 - [TEST_STEP][PASSED] - click(findTestObject("Object Repository/Page_KHTN Administration Users Accounts Add_aad8ed/input_Address_submitbutton")): Object: 'Object Repository/Page_KHTN Administration Users Accounts Add_aad8ed/input_Address_submitbutton' is clicked on

2022-01-15 16:34:15 - [MESSAGE][PASSED] - Object: 'Object Repository/Page_KHTN Administration Users Accounts Add_aad8ed/input_Address_submitbutton' is clicked on

2022-01-15 16:34:15 - [TEST_STEP][PASSED] - verifyElementVisible(findTestObject("Object Repository/Page_KHTN Administration Users Accounts Bro_45ce40/div_Changes saved")): Object 'Object Repository/Page_KHTN Administration Users Accounts Bro_45ce40/div_Changes saved' is visible

2022-01-15 16:34:15 - [MESSAGE][PASSED] - Object 'Object Repository/Page_KHTN Administration Users Accounts Bro_45ce40/div_Changes saved' is visible

2022-01-15 16:34:15 - [TEST_STEP][PASSED] - verifyElementVisible(findTestObject("Object Repository/Page_KHTN Administration Users Accounts Bro_45ce40/td_s1example.com")): Object 'Object Repository/Page_KHTN Administration Users Accounts Bro_45ce40/td_s1example.com' is visible

2022-01-15 16:34:16 - [MESSAGE][PASSED] - Object 'Object Repository/Page_KHTN Administration Users Accounts Bro_45ce40/td_s1example.com' is visible

2022-01-15 16:34:16 - [TEST_STEP][PASSED] - click(findTestObject("Object Repository/Page_KHTN Administration Users Accounts Bro_45ce40/a_Admin User")): Object: 'Object Repository/Page_KHTN Administration Users Accounts Bro_45ce40/a_Admin User' is clicked on

2022-01-15 16:34:16 - [MESSAGE][PASSED] - Object: 'Object Repository/Page_KHTN Administration Users Accounts Bro_45ce40/a_Admin User' is clicked on

2022-01-15 16:34:16 - [TEST_STEP][PASSED] - click(findTestObject("Object Repository/Page_KHTN Administration Users Accounts Bro_45ce40/span_Log out")): Object: 'Object Repository/Page_KHTN Administration Users Accounts Bro_45ce40/span_Log out' is clicked on

2022-01-15 16:34:17 - [MESSAGE][PASSED] - Object: 'Object Repository/Page_KHTN Administration Users Accounts Bro_45ce40/span_Log out' is clicked on

2022-01-15 16:34:17 - [TEST_STEP][PASSED] - click(findTestObject("Object Repository/Page_HCMUS/a_Log in")): Object: 'Object Repository/Page_HCMUS/a_Log in' is clicked on

2022-01-15 16:34:17 - [MESSAGE][PASSED] - Object: 'Object Repository/Page_HCMUS/a_Log in' is clicked on

2022-01-15 16:34:17 - [TEST_STEP][PASSED] - setText(findTestObject("Object Repository/Page_HCMUS Log in to the site/input_Username_username"), username): Text 'student3' is set on object 'Object Repository/Page_HCMUS Log in to the site/input_Username_username'

2022-01-15 16:34:18 - [MESSAGE][PASSED] - Text 'student3' is set on object 'Object Repository/Page_HCMUS Log in to the site/input_Username_username'

2022-01-15 16:34:18 - [TEST_STEP][PASSED] - setText(findTestObject("Object Repository/Page_HCMUS Log in to the site/input_Password_password"), password): Text 'Mstudent3#' is set on object 'Object Repository/Page_HCMUS Log in to the site/input_Password_password'

2022-01-15 16:34:19 - [MESSAGE][PASSED] - Text 'Mstudent3#' is set on object 'Object Repository/Page_HCMUS Log in to the site/input_Password_password'

2022-01-15 16:34:19 - [TEST_STEP][PASSED] - click(findTestObject("Object Repository/Page_HCMUS Log in to the site/button_Log in")): Object: 'Object Repository/Page_HCMUS Log in to the site/button_Log in' is clicked on

2022-01-15 16:34:20 - [MESSAGE][PASSED] - Object: 'Object Repository/Page_HCMUS Log in to the site/button_Log in' is clicked on

2022-01-15 16:34:20 - [TEST_STEP][PASSED] - verifyElementVisible(findTestObject("Object Repository/Page_Dashboard/span_Student Waldrop")): Object 'Object Repository/Page_Dashboard/span_Student Waldrop' is visible

2022-01-15 16:34:21 - [MESSAGE][PASSED] - Object 'Object Repository/Page_Dashboard/span_Student Waldrop' is visible

2022-01-15 16:34:21 - [TEST_STEP][PASSED] - closeBrowser(): Browser is closed

2022-01-15 16:34:22 - [MESSAGE][PASSED] - Browser is closed]]></system-out>
         <system-err><![CDATA[]]></system-err>
      </testcase>
      <testcase name="Test Cases/7_tạo tài khoản user chính xác" time="21.48" classname="Test Cases/7_tạo tài khoản user chính xác" status="PASSED">
         <system-out><![CDATA[2022-01-15 16:34:22 - [TEST_CASE][PASSED] - Test Cases/7_tạo tài khoản user chính xác: Test Cases/7_tạo tài khoản user chính xác

2022-01-15 16:34:22 - [TEST_STEP][PASSED] - openBrowser(""): Browser is opened with url: ''

2022-01-15 16:34:22 - [MESSAGE][INFO] - Starting 'Chrome' driver

2022-01-15 16:34:22 - [MESSAGE][INFO] - Action delay is set to 0 milliseconds

2022-01-15 16:34:23 - [MESSAGE][PASSED] - Browser is opened with url: ''

2022-01-15 16:34:23 - [TEST_STEP][PASSED] - navigateToUrl("http://localhost/"): Navigate to 'http://localhost/' successfully

2022-01-15 16:34:24 - [MESSAGE][PASSED] - Navigate to 'http://localhost/' successfully

2022-01-15 16:34:24 - [TEST_STEP][PASSED] - click(findTestObject("Object Repository/Page_HCMUS/a_Log in")): Object: 'Object Repository/Page_HCMUS/a_Log in' is clicked on

2022-01-15 16:34:24 - [MESSAGE][PASSED] - Object: 'Object Repository/Page_HCMUS/a_Log in' is clicked on

2022-01-15 16:34:24 - [TEST_STEP][PASSED] - setText(findTestObject("Object Repository/Page_HCMUS Log in to the site/input_Username_username"), "admin"): Text 'admin' is set on object 'Object Repository/Page_HCMUS Log in to the site/input_Username_username'

2022-01-15 16:34:25 - [MESSAGE][PASSED] - Text 'admin' is set on object 'Object Repository/Page_HCMUS Log in to the site/input_Username_username'

2022-01-15 16:34:25 - [TEST_STEP][PASSED] - setEncryptedText(findTestObject("Object Repository/Page_HCMUS Log in to the site/input_Password_password"), "5MU2PI2jvJCK/lBTYOwt6g=="): Text ****** has been set on object 'Object Repository/Page_HCMUS Log in to the site/input_Password_password'

2022-01-15 16:34:26 - [MESSAGE][PASSED] - Text ****** has been set on object 'Object Repository/Page_HCMUS Log in to the site/input_Password_password'

2022-01-15 16:34:26 - [TEST_STEP][PASSED] - click(findTestObject("Object Repository/Page_HCMUS Log in to the site/button_Log in")): Object: 'Object Repository/Page_HCMUS Log in to the site/button_Log in' is clicked on

2022-01-15 16:34:26 - [MESSAGE][PASSED] - Object: 'Object Repository/Page_HCMUS Log in to the site/button_Log in' is clicked on

2022-01-15 16:34:26 - [TEST_STEP][PASSED] - click(findTestObject("Object Repository/Page_Dashboard/span_Site administration")): Object: 'Object Repository/Page_Dashboard/span_Site administration' is clicked on

2022-01-15 16:34:28 - [MESSAGE][PASSED] - Object: 'Object Repository/Page_Dashboard/span_Site administration' is clicked on

2022-01-15 16:34:28 - [TEST_STEP][PASSED] - click(findTestObject("Object Repository/Page_KHTN Administration Search/a_Users")): Object: 'Object Repository/Page_KHTN Administration Search/a_Users' is clicked on

2022-01-15 16:34:29 - [MESSAGE][PASSED] - Object: 'Object Repository/Page_KHTN Administration Search/a_Users' is clicked on

2022-01-15 16:34:29 - [TEST_STEP][PASSED] - click(findTestObject("Object Repository/Page_KHTN Administration Search/a_Add a new user")): Object: 'Object Repository/Page_KHTN Administration Search/a_Add a new user' is clicked on

2022-01-15 16:34:30 - [MESSAGE][PASSED] - Object: 'Object Repository/Page_KHTN Administration Search/a_Add a new user' is clicked on

2022-01-15 16:34:30 - [TEST_STEP][PASSED] - setText(findTestObject("Object Repository/Page_KHTN Administration Users Accounts Add_aad8ed/input_Username_username"), username): Text 'student4' is set on object 'Object Repository/Page_KHTN Administration Users Accounts Add_aad8ed/input_Username_username'

2022-01-15 16:34:31 - [MESSAGE][PASSED] - Text 'student4' is set on object 'Object Repository/Page_KHTN Administration Users Accounts Add_aad8ed/input_Username_username'

2022-01-15 16:34:31 - [TEST_STEP][PASSED] - click(findTestObject("Object Repository/Page_KHTN Administration Users Accounts Add_aad8ed/em_Click to enter text")): Object: 'Object Repository/Page_KHTN Administration Users Accounts Add_aad8ed/em_Click to enter text' is clicked on

2022-01-15 16:34:31 - [MESSAGE][PASSED] - Object: 'Object Repository/Page_KHTN Administration Users Accounts Add_aad8ed/em_Click to enter text' is clicked on

2022-01-15 16:34:31 - [TEST_STEP][PASSED] - setText(findTestObject("Object Repository/Page_KHTN Administration Users Accounts Add_aad8ed/input_New password_newpassword"), password): Text 'Mstudent4#' is set on object 'Object Repository/Page_KHTN Administration Users Accounts Add_aad8ed/input_New password_newpassword'

2022-01-15 16:34:32 - [MESSAGE][PASSED] - Text 'Mstudent4#' is set on object 'Object Repository/Page_KHTN Administration Users Accounts Add_aad8ed/input_New password_newpassword'

2022-01-15 16:34:32 - [TEST_STEP][PASSED] - setText(findTestObject("Object Repository/Page_KHTN Administration Users Accounts Add_aad8ed/input_First name_firstname"), firstname): Text 'Student' is set on object 'Object Repository/Page_KHTN Administration Users Accounts Add_aad8ed/input_First name_firstname'

2022-01-15 16:34:33 - [MESSAGE][PASSED] - Text 'Student' is set on object 'Object Repository/Page_KHTN Administration Users Accounts Add_aad8ed/input_First name_firstname'

2022-01-15 16:34:33 - [TEST_STEP][PASSED] - click(findTestObject("Object Repository/Page_KHTN Administration Users Accounts Add_aad8ed/div_Username                               _ccea4b")): Object: 'Object Repository/Page_KHTN Administration Users Accounts Add_aad8ed/div_Username                               _ccea4b' is clicked on

2022-01-15 16:34:34 - [MESSAGE][PASSED] - Object: 'Object Repository/Page_KHTN Administration Users Accounts Add_aad8ed/div_Username                               _ccea4b' is clicked on

2022-01-15 16:34:34 - [TEST_STEP][PASSED] - setText(findTestObject("Object Repository/Page_KHTN Administration Users Accounts Add_aad8ed/input_Surname_lastname"), lastname): Text 'Tremblay' is set on object 'Object Repository/Page_KHTN Administration Users Accounts Add_aad8ed/input_Surname_lastname'

2022-01-15 16:34:35 - [MESSAGE][PASSED] - Text 'Tremblay' is set on object 'Object Repository/Page_KHTN Administration Users Accounts Add_aad8ed/input_Surname_lastname'

2022-01-15 16:34:35 - [TEST_STEP][PASSED] - setText(findTestObject("Object Repository/Page_KHTN Administration Users Accounts Add_aad8ed/input_Email address_email"), email): Text 's4@example.com' is set on object 'Object Repository/Page_KHTN Administration Users Accounts Add_aad8ed/input_Email address_email'

2022-01-15 16:34:35 - [MESSAGE][PASSED] - Text 's4@example.com' is set on object 'Object Repository/Page_KHTN Administration Users Accounts Add_aad8ed/input_Email address_email'

2022-01-15 16:34:35 - [TEST_STEP][PASSED] - click(findTestObject("Object Repository/Page_KHTN Administration Users Accounts Add_aad8ed/input_Address_submitbutton")): Object: 'Object Repository/Page_KHTN Administration Users Accounts Add_aad8ed/input_Address_submitbutton' is clicked on

2022-01-15 16:34:37 - [MESSAGE][PASSED] - Object: 'Object Repository/Page_KHTN Administration Users Accounts Add_aad8ed/input_Address_submitbutton' is clicked on

2022-01-15 16:34:37 - [TEST_STEP][PASSED] - verifyElementVisible(findTestObject("Object Repository/Page_KHTN Administration Users Accounts Bro_45ce40/div_Changes saved")): Object 'Object Repository/Page_KHTN Administration Users Accounts Bro_45ce40/div_Changes saved' is visible

2022-01-15 16:34:37 - [MESSAGE][PASSED] - Object 'Object Repository/Page_KHTN Administration Users Accounts Bro_45ce40/div_Changes saved' is visible

2022-01-15 16:34:37 - [TEST_STEP][PASSED] - verifyElementVisible(findTestObject("Object Repository/Page_KHTN Administration Users Accounts Bro_45ce40/td_s1example.com")): Object 'Object Repository/Page_KHTN Administration Users Accounts Bro_45ce40/td_s1example.com' is visible

2022-01-15 16:34:37 - [MESSAGE][PASSED] - Object 'Object Repository/Page_KHTN Administration Users Accounts Bro_45ce40/td_s1example.com' is visible

2022-01-15 16:34:37 - [TEST_STEP][PASSED] - click(findTestObject("Object Repository/Page_KHTN Administration Users Accounts Bro_45ce40/a_Admin User")): Object: 'Object Repository/Page_KHTN Administration Users Accounts Bro_45ce40/a_Admin User' is clicked on

2022-01-15 16:34:38 - [MESSAGE][PASSED] - Object: 'Object Repository/Page_KHTN Administration Users Accounts Bro_45ce40/a_Admin User' is clicked on

2022-01-15 16:34:38 - [TEST_STEP][PASSED] - click(findTestObject("Object Repository/Page_KHTN Administration Users Accounts Bro_45ce40/span_Log out")): Object: 'Object Repository/Page_KHTN Administration Users Accounts Bro_45ce40/span_Log out' is clicked on

2022-01-15 16:34:39 - [MESSAGE][PASSED] - Object: 'Object Repository/Page_KHTN Administration Users Accounts Bro_45ce40/span_Log out' is clicked on

2022-01-15 16:34:39 - [TEST_STEP][PASSED] - click(findTestObject("Object Repository/Page_HCMUS/a_Log in")): Object: 'Object Repository/Page_HCMUS/a_Log in' is clicked on

2022-01-15 16:34:39 - [MESSAGE][PASSED] - Object: 'Object Repository/Page_HCMUS/a_Log in' is clicked on

2022-01-15 16:34:39 - [TEST_STEP][PASSED] - setText(findTestObject("Object Repository/Page_HCMUS Log in to the site/input_Username_username"), username): Text 'student4' is set on object 'Object Repository/Page_HCMUS Log in to the site/input_Username_username'

2022-01-15 16:34:40 - [MESSAGE][PASSED] - Text 'student4' is set on object 'Object Repository/Page_HCMUS Log in to the site/input_Username_username'

2022-01-15 16:34:40 - [TEST_STEP][PASSED] - setText(findTestObject("Object Repository/Page_HCMUS Log in to the site/input_Password_password"), password): Text 'Mstudent4#' is set on object 'Object Repository/Page_HCMUS Log in to the site/input_Password_password'

2022-01-15 16:34:41 - [MESSAGE][PASSED] - Text 'Mstudent4#' is set on object 'Object Repository/Page_HCMUS Log in to the site/input_Password_password'

2022-01-15 16:34:41 - [TEST_STEP][PASSED] - click(findTestObject("Object Repository/Page_HCMUS Log in to the site/button_Log in")): Object: 'Object Repository/Page_HCMUS Log in to the site/button_Log in' is clicked on

2022-01-15 16:34:41 - [MESSAGE][PASSED] - Object: 'Object Repository/Page_HCMUS Log in to the site/button_Log in' is clicked on

2022-01-15 16:34:41 - [TEST_STEP][PASSED] - verifyElementVisible(findTestObject("Object Repository/Page_Dashboard/span_Student Waldrop")): Object 'Object Repository/Page_Dashboard/span_Student Waldrop' is visible

2022-01-15 16:34:43 - [MESSAGE][PASSED] - Object 'Object Repository/Page_Dashboard/span_Student Waldrop' is visible

2022-01-15 16:34:43 - [TEST_STEP][PASSED] - closeBrowser(): Browser is closed

2022-01-15 16:34:44 - [MESSAGE][PASSED] - Browser is closed]]></system-out>
         <system-err><![CDATA[]]></system-err>
      </testcase>
      <testcase name="Test Cases/7_tạo tài khoản user chính xác" time="32.426" classname="Test Cases/7_tạo tài khoản user chính xác" status="PASSED">
         <system-out><![CDATA[2022-01-15 16:34:44 - [TEST_CASE][PASSED] - Test Cases/7_tạo tài khoản user chính xác: Test Cases/7_tạo tài khoản user chính xác

2022-01-15 16:34:44 - [TEST_STEP][PASSED] - openBrowser(""): Browser is opened with url: ''

2022-01-15 16:34:44 - [MESSAGE][INFO] - Starting 'Chrome' driver

2022-01-15 16:34:44 - [MESSAGE][INFO] - Action delay is set to 0 milliseconds

2022-01-15 16:34:45 - [MESSAGE][PASSED] - Browser is opened with url: ''

2022-01-15 16:34:45 - [TEST_STEP][PASSED] - navigateToUrl("http://localhost/"): Navigate to 'http://localhost/' successfully

2022-01-15 16:34:45 - [MESSAGE][PASSED] - Navigate to 'http://localhost/' successfully

2022-01-15 16:34:45 - [TEST_STEP][PASSED] - click(findTestObject("Object Repository/Page_HCMUS/a_Log in")): Object: 'Object Repository/Page_HCMUS/a_Log in' is clicked on

2022-01-15 16:34:46 - [MESSAGE][PASSED] - Object: 'Object Repository/Page_HCMUS/a_Log in' is clicked on

2022-01-15 16:34:46 - [TEST_STEP][PASSED] - setText(findTestObject("Object Repository/Page_HCMUS Log in to the site/input_Username_username"), "admin"): Text 'admin' is set on object 'Object Repository/Page_HCMUS Log in to the site/input_Username_username'

2022-01-15 16:34:47 - [MESSAGE][PASSED] - Text 'admin' is set on object 'Object Repository/Page_HCMUS Log in to the site/input_Username_username'

2022-01-15 16:34:47 - [TEST_STEP][PASSED] - setEncryptedText(findTestObject("Object Repository/Page_HCMUS Log in to the site/input_Password_password"), "5MU2PI2jvJCK/lBTYOwt6g=="): Text ****** has been set on object 'Object Repository/Page_HCMUS Log in to the site/input_Password_password'

2022-01-15 16:34:47 - [MESSAGE][PASSED] - Text ****** has been set on object 'Object Repository/Page_HCMUS Log in to the site/input_Password_password'

2022-01-15 16:34:47 - [TEST_STEP][PASSED] - click(findTestObject("Object Repository/Page_HCMUS Log in to the site/button_Log in")): Object: 'Object Repository/Page_HCMUS Log in to the site/button_Log in' is clicked on

2022-01-15 16:34:48 - [MESSAGE][PASSED] - Object: 'Object Repository/Page_HCMUS Log in to the site/button_Log in' is clicked on

2022-01-15 16:34:48 - [TEST_STEP][PASSED] - click(findTestObject("Object Repository/Page_Dashboard/span_Site administration")): Object: 'Object Repository/Page_Dashboard/span_Site administration' is clicked on

2022-01-15 16:34:50 - [MESSAGE][PASSED] - Object: 'Object Repository/Page_Dashboard/span_Site administration' is clicked on

2022-01-15 16:34:50 - [TEST_STEP][PASSED] - click(findTestObject("Object Repository/Page_KHTN Administration Search/a_Users")): Object: 'Object Repository/Page_KHTN Administration Search/a_Users' is clicked on

2022-01-15 16:34:50 - [MESSAGE][PASSED] - Object: 'Object Repository/Page_KHTN Administration Search/a_Users' is clicked on

2022-01-15 16:34:50 - [TEST_STEP][PASSED] - click(findTestObject("Object Repository/Page_KHTN Administration Search/a_Add a new user")): Object: 'Object Repository/Page_KHTN Administration Search/a_Add a new user' is clicked on

2022-01-15 16:34:51 - [MESSAGE][PASSED] - Object: 'Object Repository/Page_KHTN Administration Search/a_Add a new user' is clicked on

2022-01-15 16:34:51 - [TEST_STEP][PASSED] - setText(findTestObject("Object Repository/Page_KHTN Administration Users Accounts Add_aad8ed/input_Username_username"), username): Text 'student5' is set on object 'Object Repository/Page_KHTN Administration Users Accounts Add_aad8ed/input_Username_username'

2022-01-15 16:34:53 - [MESSAGE][PASSED] - Text 'student5' is set on object 'Object Repository/Page_KHTN Administration Users Accounts Add_aad8ed/input_Username_username'

2022-01-15 16:34:53 - [TEST_STEP][PASSED] - click(findTestObject("Object Repository/Page_KHTN Administration Users Accounts Add_aad8ed/em_Click to enter text")): Object: 'Object Repository/Page_KHTN Administration Users Accounts Add_aad8ed/em_Click to enter text' is clicked on

2022-01-15 16:34:53 - [MESSAGE][PASSED] - Object: 'Object Repository/Page_KHTN Administration Users Accounts Add_aad8ed/em_Click to enter text' is clicked on

2022-01-15 16:34:53 - [TEST_STEP][PASSED] - setText(findTestObject("Object Repository/Page_KHTN Administration Users Accounts Add_aad8ed/input_New password_newpassword"), password): Text 'Mstudent5#' is set on object 'Object Repository/Page_KHTN Administration Users Accounts Add_aad8ed/input_New password_newpassword'

2022-01-15 16:34:55 - [MESSAGE][PASSED] - Text 'Mstudent5#' is set on object 'Object Repository/Page_KHTN Administration Users Accounts Add_aad8ed/input_New password_newpassword'

2022-01-15 16:34:55 - [TEST_STEP][PASSED] - setText(findTestObject("Object Repository/Page_KHTN Administration Users Accounts Add_aad8ed/input_First name_firstname"), firstname): Text 'Student' is set on object 'Object Repository/Page_KHTN Administration Users Accounts Add_aad8ed/input_First name_firstname'

2022-01-15 16:34:56 - [MESSAGE][PASSED] - Text 'Student' is set on object 'Object Repository/Page_KHTN Administration Users Accounts Add_aad8ed/input_First name_firstname'

2022-01-15 16:34:56 - [TEST_STEP][PASSED] - click(findTestObject("Object Repository/Page_KHTN Administration Users Accounts Add_aad8ed/div_Username                               _ccea4b")): Object: 'Object Repository/Page_KHTN Administration Users Accounts Add_aad8ed/div_Username                               _ccea4b' is clicked on

2022-01-15 16:34:56 - [MESSAGE][PASSED] - Object: 'Object Repository/Page_KHTN Administration Users Accounts Add_aad8ed/div_Username                               _ccea4b' is clicked on

2022-01-15 16:34:56 - [TEST_STEP][PASSED] - setText(findTestObject("Object Repository/Page_KHTN Administration Users Accounts Add_aad8ed/input_Surname_lastname"), lastname): Text 'Weller' is set on object 'Object Repository/Page_KHTN Administration Users Accounts Add_aad8ed/input_Surname_lastname'

2022-01-15 16:34:57 - [MESSAGE][PASSED] - Text 'Weller' is set on object 'Object Repository/Page_KHTN Administration Users Accounts Add_aad8ed/input_Surname_lastname'

2022-01-15 16:34:57 - [TEST_STEP][PASSED] - setText(findTestObject("Object Repository/Page_KHTN Administration Users Accounts Add_aad8ed/input_Email address_email"), email): Text 's5@example.com' is set on object 'Object Repository/Page_KHTN Administration Users Accounts Add_aad8ed/input_Email address_email'

2022-01-15 16:34:58 - [MESSAGE][PASSED] - Text 's5@example.com' is set on object 'Object Repository/Page_KHTN Administration Users Accounts Add_aad8ed/input_Email address_email'

2022-01-15 16:34:58 - [TEST_STEP][PASSED] - click(findTestObject("Object Repository/Page_KHTN Administration Users Accounts Add_aad8ed/input_Address_submitbutton")): Object: 'Object Repository/Page_KHTN Administration Users Accounts Add_aad8ed/input_Address_submitbutton' is clicked on

2022-01-15 16:35:09 - [MESSAGE][PASSED] - Object: 'Object Repository/Page_KHTN Administration Users Accounts Add_aad8ed/input_Address_submitbutton' is clicked on

2022-01-15 16:35:09 - [TEST_STEP][PASSED] - verifyElementVisible(findTestObject("Object Repository/Page_KHTN Administration Users Accounts Bro_45ce40/div_Changes saved")): Object 'Object Repository/Page_KHTN Administration Users Accounts Bro_45ce40/div_Changes saved' is visible

2022-01-15 16:35:09 - [MESSAGE][PASSED] - Object 'Object Repository/Page_KHTN Administration Users Accounts Bro_45ce40/div_Changes saved' is visible

2022-01-15 16:35:09 - [TEST_STEP][PASSED] - verifyElementVisible(findTestObject("Object Repository/Page_KHTN Administration Users Accounts Bro_45ce40/td_s1example.com")): Object 'Object Repository/Page_KHTN Administration Users Accounts Bro_45ce40/td_s1example.com' is visible

2022-01-15 16:35:10 - [MESSAGE][PASSED] - Object 'Object Repository/Page_KHTN Administration Users Accounts Bro_45ce40/td_s1example.com' is visible

2022-01-15 16:35:10 - [TEST_STEP][PASSED] - click(findTestObject("Object Repository/Page_KHTN Administration Users Accounts Bro_45ce40/a_Admin User")): Object: 'Object Repository/Page_KHTN Administration Users Accounts Bro_45ce40/a_Admin User' is clicked on

2022-01-15 16:35:10 - [MESSAGE][PASSED] - Object: 'Object Repository/Page_KHTN Administration Users Accounts Bro_45ce40/a_Admin User' is clicked on

2022-01-15 16:35:10 - [TEST_STEP][PASSED] - click(findTestObject("Object Repository/Page_KHTN Administration Users Accounts Bro_45ce40/span_Log out")): Object: 'Object Repository/Page_KHTN Administration Users Accounts Bro_45ce40/span_Log out' is clicked on

2022-01-15 16:35:11 - [MESSAGE][PASSED] - Object: 'Object Repository/Page_KHTN Administration Users Accounts Bro_45ce40/span_Log out' is clicked on

2022-01-15 16:35:11 - [TEST_STEP][PASSED] - click(findTestObject("Object Repository/Page_HCMUS/a_Log in")): Object: 'Object Repository/Page_HCMUS/a_Log in' is clicked on

2022-01-15 16:35:11 - [MESSAGE][PASSED] - Object: 'Object Repository/Page_HCMUS/a_Log in' is clicked on

2022-01-15 16:35:11 - [TEST_STEP][PASSED] - setText(findTestObject("Object Repository/Page_HCMUS Log in to the site/input_Username_username"), username): Text 'student5' is set on object 'Object Repository/Page_HCMUS Log in to the site/input_Username_username'

2022-01-15 16:35:12 - [MESSAGE][PASSED] - Text 'student5' is set on object 'Object Repository/Page_HCMUS Log in to the site/input_Username_username'

2022-01-15 16:35:12 - [TEST_STEP][PASSED] - setText(findTestObject("Object Repository/Page_HCMUS Log in to the site/input_Password_password"), password): Text 'Mstudent5#' is set on object 'Object Repository/Page_HCMUS Log in to the site/input_Password_password'

2022-01-15 16:35:13 - [MESSAGE][PASSED] - Text 'Mstudent5#' is set on object 'Object Repository/Page_HCMUS Log in to the site/input_Password_password'

2022-01-15 16:35:13 - [TEST_STEP][PASSED] - click(findTestObject("Object Repository/Page_HCMUS Log in to the site/button_Log in")): Object: 'Object Repository/Page_HCMUS Log in to the site/button_Log in' is clicked on

2022-01-15 16:35:14 - [MESSAGE][PASSED] - Object: 'Object Repository/Page_HCMUS Log in to the site/button_Log in' is clicked on

2022-01-15 16:35:14 - [TEST_STEP][PASSED] - verifyElementVisible(findTestObject("Object Repository/Page_Dashboard/span_Student Waldrop")): Object 'Object Repository/Page_Dashboard/span_Student Waldrop' is visible

2022-01-15 16:35:15 - [MESSAGE][PASSED] - Object 'Object Repository/Page_Dashboard/span_Student Waldrop' is visible

2022-01-15 16:35:15 - [TEST_STEP][PASSED] - closeBrowser(): Browser is closed

2022-01-15 16:35:16 - [MESSAGE][PASSED] - Browser is closed]]></system-out>
         <system-err><![CDATA[]]></system-err>
      </testcase>
      <testcase name="Test Cases/7_tạo tài khoản user chính xác" time="21.758" classname="Test Cases/7_tạo tài khoản user chính xác" status="PASSED">
         <system-out><![CDATA[2022-01-15 16:35:16 - [TEST_CASE][PASSED] - Test Cases/7_tạo tài khoản user chính xác: Test Cases/7_tạo tài khoản user chính xác

2022-01-15 16:35:16 - [TEST_STEP][PASSED] - openBrowser(""): Browser is opened with url: ''

2022-01-15 16:35:16 - [MESSAGE][INFO] - Starting 'Chrome' driver

2022-01-15 16:35:16 - [MESSAGE][INFO] - Action delay is set to 0 milliseconds

2022-01-15 16:35:17 - [MESSAGE][PASSED] - Browser is opened with url: ''

2022-01-15 16:35:17 - [TEST_STEP][PASSED] - navigateToUrl("http://localhost/"): Navigate to 'http://localhost/' successfully

2022-01-15 16:35:18 - [MESSAGE][PASSED] - Navigate to 'http://localhost/' successfully

2022-01-15 16:35:18 - [TEST_STEP][PASSED] - click(findTestObject("Object Repository/Page_HCMUS/a_Log in")): Object: 'Object Repository/Page_HCMUS/a_Log in' is clicked on

2022-01-15 16:35:18 - [MESSAGE][PASSED] - Object: 'Object Repository/Page_HCMUS/a_Log in' is clicked on

2022-01-15 16:35:18 - [TEST_STEP][PASSED] - setText(findTestObject("Object Repository/Page_HCMUS Log in to the site/input_Username_username"), "admin"): Text 'admin' is set on object 'Object Repository/Page_HCMUS Log in to the site/input_Username_username'

2022-01-15 16:35:19 - [MESSAGE][PASSED] - Text 'admin' is set on object 'Object Repository/Page_HCMUS Log in to the site/input_Username_username'

2022-01-15 16:35:19 - [TEST_STEP][PASSED] - setEncryptedText(findTestObject("Object Repository/Page_HCMUS Log in to the site/input_Password_password"), "5MU2PI2jvJCK/lBTYOwt6g=="): Text ****** has been set on object 'Object Repository/Page_HCMUS Log in to the site/input_Password_password'

2022-01-15 16:35:20 - [MESSAGE][PASSED] - Text ****** has been set on object 'Object Repository/Page_HCMUS Log in to the site/input_Password_password'

2022-01-15 16:35:20 - [TEST_STEP][PASSED] - click(findTestObject("Object Repository/Page_HCMUS Log in to the site/button_Log in")): Object: 'Object Repository/Page_HCMUS Log in to the site/button_Log in' is clicked on

2022-01-15 16:35:21 - [MESSAGE][PASSED] - Object: 'Object Repository/Page_HCMUS Log in to the site/button_Log in' is clicked on

2022-01-15 16:35:21 - [TEST_STEP][PASSED] - click(findTestObject("Object Repository/Page_Dashboard/span_Site administration")): Object: 'Object Repository/Page_Dashboard/span_Site administration' is clicked on

2022-01-15 16:35:22 - [MESSAGE][PASSED] - Object: 'Object Repository/Page_Dashboard/span_Site administration' is clicked on

2022-01-15 16:35:22 - [TEST_STEP][PASSED] - click(findTestObject("Object Repository/Page_KHTN Administration Search/a_Users")): Object: 'Object Repository/Page_KHTN Administration Search/a_Users' is clicked on

2022-01-15 16:35:23 - [MESSAGE][PASSED] - Object: 'Object Repository/Page_KHTN Administration Search/a_Users' is clicked on

2022-01-15 16:35:23 - [TEST_STEP][PASSED] - click(findTestObject("Object Repository/Page_KHTN Administration Search/a_Add a new user")): Object: 'Object Repository/Page_KHTN Administration Search/a_Add a new user' is clicked on

2022-01-15 16:35:24 - [MESSAGE][PASSED] - Object: 'Object Repository/Page_KHTN Administration Search/a_Add a new user' is clicked on

2022-01-15 16:35:24 - [TEST_STEP][PASSED] - setText(findTestObject("Object Repository/Page_KHTN Administration Users Accounts Add_aad8ed/input_Username_username"), username): Text 'student6' is set on object 'Object Repository/Page_KHTN Administration Users Accounts Add_aad8ed/input_Username_username'

2022-01-15 16:35:25 - [MESSAGE][PASSED] - Text 'student6' is set on object 'Object Repository/Page_KHTN Administration Users Accounts Add_aad8ed/input_Username_username'

2022-01-15 16:35:25 - [TEST_STEP][PASSED] - click(findTestObject("Object Repository/Page_KHTN Administration Users Accounts Add_aad8ed/em_Click to enter text")): Object: 'Object Repository/Page_KHTN Administration Users Accounts Add_aad8ed/em_Click to enter text' is clicked on

2022-01-15 16:35:26 - [MESSAGE][PASSED] - Object: 'Object Repository/Page_KHTN Administration Users Accounts Add_aad8ed/em_Click to enter text' is clicked on

2022-01-15 16:35:26 - [TEST_STEP][PASSED] - setText(findTestObject("Object Repository/Page_KHTN Administration Users Accounts Add_aad8ed/input_New password_newpassword"), password): Text 'Mstudent6#' is set on object 'Object Repository/Page_KHTN Administration Users Accounts Add_aad8ed/input_New password_newpassword'

2022-01-15 16:35:26 - [MESSAGE][PASSED] - Text 'Mstudent6#' is set on object 'Object Repository/Page_KHTN Administration Users Accounts Add_aad8ed/input_New password_newpassword'

2022-01-15 16:35:26 - [TEST_STEP][PASSED] - setText(findTestObject("Object Repository/Page_KHTN Administration Users Accounts Add_aad8ed/input_First name_firstname"), firstname): Text 'Student' is set on object 'Object Repository/Page_KHTN Administration Users Accounts Add_aad8ed/input_First name_firstname'

2022-01-15 16:35:27 - [MESSAGE][PASSED] - Text 'Student' is set on object 'Object Repository/Page_KHTN Administration Users Accounts Add_aad8ed/input_First name_firstname'

2022-01-15 16:35:27 - [TEST_STEP][PASSED] - click(findTestObject("Object Repository/Page_KHTN Administration Users Accounts Add_aad8ed/div_Username                               _ccea4b")): Object: 'Object Repository/Page_KHTN Administration Users Accounts Add_aad8ed/div_Username                               _ccea4b' is clicked on

2022-01-15 16:35:28 - [MESSAGE][PASSED] - Object: 'Object Repository/Page_KHTN Administration Users Accounts Add_aad8ed/div_Username                               _ccea4b' is clicked on

2022-01-15 16:35:28 - [TEST_STEP][PASSED] - setText(findTestObject("Object Repository/Page_KHTN Administration Users Accounts Add_aad8ed/input_Surname_lastname"), lastname): Text 'Haller' is set on object 'Object Repository/Page_KHTN Administration Users Accounts Add_aad8ed/input_Surname_lastname'

2022-01-15 16:35:29 - [MESSAGE][PASSED] - Text 'Haller' is set on object 'Object Repository/Page_KHTN Administration Users Accounts Add_aad8ed/input_Surname_lastname'

2022-01-15 16:35:29 - [TEST_STEP][PASSED] - setText(findTestObject("Object Repository/Page_KHTN Administration Users Accounts Add_aad8ed/input_Email address_email"), email): Text 's6@example.com' is set on object 'Object Repository/Page_KHTN Administration Users Accounts Add_aad8ed/input_Email address_email'

2022-01-15 16:35:30 - [MESSAGE][PASSED] - Text 's6@example.com' is set on object 'Object Repository/Page_KHTN Administration Users Accounts Add_aad8ed/input_Email address_email'

2022-01-15 16:35:30 - [TEST_STEP][PASSED] - click(findTestObject("Object Repository/Page_KHTN Administration Users Accounts Add_aad8ed/input_Address_submitbutton")): Object: 'Object Repository/Page_KHTN Administration Users Accounts Add_aad8ed/input_Address_submitbutton' is clicked on

2022-01-15 16:35:31 - [MESSAGE][PASSED] - Object: 'Object Repository/Page_KHTN Administration Users Accounts Add_aad8ed/input_Address_submitbutton' is clicked on

2022-01-15 16:35:31 - [TEST_STEP][PASSED] - verifyElementVisible(findTestObject("Object Repository/Page_KHTN Administration Users Accounts Bro_45ce40/div_Changes saved")): Object 'Object Repository/Page_KHTN Administration Users Accounts Bro_45ce40/div_Changes saved' is visible

2022-01-15 16:35:31 - [MESSAGE][PASSED] - Object 'Object Repository/Page_KHTN Administration Users Accounts Bro_45ce40/div_Changes saved' is visible

2022-01-15 16:35:31 - [TEST_STEP][PASSED] - verifyElementVisible(findTestObject("Object Repository/Page_KHTN Administration Users Accounts Bro_45ce40/td_s1example.com")): Object 'Object Repository/Page_KHTN Administration Users Accounts Bro_45ce40/td_s1example.com' is visible

2022-01-15 16:35:32 - [MESSAGE][PASSED] - Object 'Object Repository/Page_KHTN Administration Users Accounts Bro_45ce40/td_s1example.com' is visible

2022-01-15 16:35:32 - [TEST_STEP][PASSED] - click(findTestObject("Object Repository/Page_KHTN Administration Users Accounts Bro_45ce40/a_Admin User")): Object: 'Object Repository/Page_KHTN Administration Users Accounts Bro_45ce40/a_Admin User' is clicked on

2022-01-15 16:35:32 - [MESSAGE][PASSED] - Object: 'Object Repository/Page_KHTN Administration Users Accounts Bro_45ce40/a_Admin User' is clicked on

2022-01-15 16:35:32 - [TEST_STEP][PASSED] - click(findTestObject("Object Repository/Page_KHTN Administration Users Accounts Bro_45ce40/span_Log out")): Object: 'Object Repository/Page_KHTN Administration Users Accounts Bro_45ce40/span_Log out' is clicked on

2022-01-15 16:35:33 - [MESSAGE][PASSED] - Object: 'Object Repository/Page_KHTN Administration Users Accounts Bro_45ce40/span_Log out' is clicked on

2022-01-15 16:35:33 - [TEST_STEP][PASSED] - click(findTestObject("Object Repository/Page_HCMUS/a_Log in")): Object: 'Object Repository/Page_HCMUS/a_Log in' is clicked on

2022-01-15 16:35:33 - [MESSAGE][PASSED] - Object: 'Object Repository/Page_HCMUS/a_Log in' is clicked on

2022-01-15 16:35:33 - [TEST_STEP][PASSED] - setText(findTestObject("Object Repository/Page_HCMUS Log in to the site/input_Username_username"), username): Text 'student6' is set on object 'Object Repository/Page_HCMUS Log in to the site/input_Username_username'

2022-01-15 16:35:34 - [MESSAGE][PASSED] - Text 'student6' is set on object 'Object Repository/Page_HCMUS Log in to the site/input_Username_username'

2022-01-15 16:35:34 - [TEST_STEP][PASSED] - setText(findTestObject("Object Repository/Page_HCMUS Log in to the site/input_Password_password"), password): Text 'Mstudent6#' is set on object 'Object Repository/Page_HCMUS Log in to the site/input_Password_password'

2022-01-15 16:35:35 - [MESSAGE][PASSED] - Text 'Mstudent6#' is set on object 'Object Repository/Page_HCMUS Log in to the site/input_Password_password'

2022-01-15 16:35:35 - [TEST_STEP][PASSED] - click(findTestObject("Object Repository/Page_HCMUS Log in to the site/button_Log in")): Object: 'Object Repository/Page_HCMUS Log in to the site/button_Log in' is clicked on

2022-01-15 16:35:36 - [MESSAGE][PASSED] - Object: 'Object Repository/Page_HCMUS Log in to the site/button_Log in' is clicked on

2022-01-15 16:35:36 - [TEST_STEP][PASSED] - verifyElementVisible(findTestObject("Object Repository/Page_Dashboard/span_Student Waldrop")): Object 'Object Repository/Page_Dashboard/span_Student Waldrop' is visible

2022-01-15 16:35:37 - [MESSAGE][PASSED] - Object 'Object Repository/Page_Dashboard/span_Student Waldrop' is visible

2022-01-15 16:35:37 - [TEST_STEP][PASSED] - closeBrowser(): Browser is closed

2022-01-15 16:35:38 - [MESSAGE][PASSED] - Browser is closed]]></system-out>
         <system-err><![CDATA[]]></system-err>
      </testcase>
      <testcase name="Test Cases/7_tạo tài khoản user chính xác" time="21.939" classname="Test Cases/7_tạo tài khoản user chính xác" status="PASSED">
         <system-out><![CDATA[2022-01-15 16:35:38 - [TEST_CASE][PASSED] - Test Cases/7_tạo tài khoản user chính xác: Test Cases/7_tạo tài khoản user chính xác

2022-01-15 16:35:38 - [TEST_STEP][PASSED] - openBrowser(""): Browser is opened with url: ''

2022-01-15 16:35:38 - [MESSAGE][INFO] - Starting 'Chrome' driver

2022-01-15 16:35:38 - [MESSAGE][INFO] - Action delay is set to 0 milliseconds

2022-01-15 16:35:39 - [MESSAGE][PASSED] - Browser is opened with url: ''

2022-01-15 16:35:39 - [TEST_STEP][PASSED] - navigateToUrl("http://localhost/"): Navigate to 'http://localhost/' successfully

2022-01-15 16:35:40 - [MESSAGE][PASSED] - Navigate to 'http://localhost/' successfully

2022-01-15 16:35:40 - [TEST_STEP][PASSED] - click(findTestObject("Object Repository/Page_HCMUS/a_Log in")): Object: 'Object Repository/Page_HCMUS/a_Log in' is clicked on

2022-01-15 16:35:40 - [MESSAGE][PASSED] - Object: 'Object Repository/Page_HCMUS/a_Log in' is clicked on

2022-01-15 16:35:40 - [TEST_STEP][PASSED] - setText(findTestObject("Object Repository/Page_HCMUS Log in to the site/input_Username_username"), "admin"): Text 'admin' is set on object 'Object Repository/Page_HCMUS Log in to the site/input_Username_username'

2022-01-15 16:35:41 - [MESSAGE][PASSED] - Text 'admin' is set on object 'Object Repository/Page_HCMUS Log in to the site/input_Username_username'

2022-01-15 16:35:41 - [TEST_STEP][PASSED] - setEncryptedText(findTestObject("Object Repository/Page_HCMUS Log in to the site/input_Password_password"), "5MU2PI2jvJCK/lBTYOwt6g=="): Text ****** has been set on object 'Object Repository/Page_HCMUS Log in to the site/input_Password_password'

2022-01-15 16:35:42 - [MESSAGE][PASSED] - Text ****** has been set on object 'Object Repository/Page_HCMUS Log in to the site/input_Password_password'

2022-01-15 16:35:42 - [TEST_STEP][PASSED] - click(findTestObject("Object Repository/Page_HCMUS Log in to the site/button_Log in")): Object: 'Object Repository/Page_HCMUS Log in to the site/button_Log in' is clicked on

2022-01-15 16:35:43 - [MESSAGE][PASSED] - Object: 'Object Repository/Page_HCMUS Log in to the site/button_Log in' is clicked on

2022-01-15 16:35:43 - [TEST_STEP][PASSED] - click(findTestObject("Object Repository/Page_Dashboard/span_Site administration")): Object: 'Object Repository/Page_Dashboard/span_Site administration' is clicked on

2022-01-15 16:35:44 - [MESSAGE][PASSED] - Object: 'Object Repository/Page_Dashboard/span_Site administration' is clicked on

2022-01-15 16:35:44 - [TEST_STEP][PASSED] - click(findTestObject("Object Repository/Page_KHTN Administration Search/a_Users")): Object: 'Object Repository/Page_KHTN Administration Search/a_Users' is clicked on

2022-01-15 16:35:45 - [MESSAGE][PASSED] - Object: 'Object Repository/Page_KHTN Administration Search/a_Users' is clicked on

2022-01-15 16:35:45 - [TEST_STEP][PASSED] - click(findTestObject("Object Repository/Page_KHTN Administration Search/a_Add a new user")): Object: 'Object Repository/Page_KHTN Administration Search/a_Add a new user' is clicked on

2022-01-15 16:35:46 - [MESSAGE][PASSED] - Object: 'Object Repository/Page_KHTN Administration Search/a_Add a new user' is clicked on

2022-01-15 16:35:46 - [TEST_STEP][PASSED] - setText(findTestObject("Object Repository/Page_KHTN Administration Users Accounts Add_aad8ed/input_Username_username"), username): Text 'student7' is set on object 'Object Repository/Page_KHTN Administration Users Accounts Add_aad8ed/input_Username_username'

2022-01-15 16:35:47 - [MESSAGE][PASSED] - Text 'student7' is set on object 'Object Repository/Page_KHTN Administration Users Accounts Add_aad8ed/input_Username_username'

2022-01-15 16:35:47 - [TEST_STEP][PASSED] - click(findTestObject("Object Repository/Page_KHTN Administration Users Accounts Add_aad8ed/em_Click to enter text")): Object: 'Object Repository/Page_KHTN Administration Users Accounts Add_aad8ed/em_Click to enter text' is clicked on

2022-01-15 16:35:48 - [MESSAGE][PASSED] - Object: 'Object Repository/Page_KHTN Administration Users Accounts Add_aad8ed/em_Click to enter text' is clicked on

2022-01-15 16:35:48 - [TEST_STEP][PASSED] - setText(findTestObject("Object Repository/Page_KHTN Administration Users Accounts Add_aad8ed/input_New password_newpassword"), password): Text 'Mstudent7#' is set on object 'Object Repository/Page_KHTN Administration Users Accounts Add_aad8ed/input_New password_newpassword'

2022-01-15 16:35:49 - [MESSAGE][PASSED] - Text 'Mstudent7#' is set on object 'Object Repository/Page_KHTN Administration Users Accounts Add_aad8ed/input_New password_newpassword'

2022-01-15 16:35:49 - [TEST_STEP][PASSED] - setText(findTestObject("Object Repository/Page_KHTN Administration Users Accounts Add_aad8ed/input_First name_firstname"), firstname): Text 'Student' is set on object 'Object Repository/Page_KHTN Administration Users Accounts Add_aad8ed/input_First name_firstname'

2022-01-15 16:35:49 - [MESSAGE][PASSED] - Text 'Student' is set on object 'Object Repository/Page_KHTN Administration Users Accounts Add_aad8ed/input_First name_firstname'

2022-01-15 16:35:49 - [TEST_STEP][PASSED] - click(findTestObject("Object Repository/Page_KHTN Administration Users Accounts Add_aad8ed/div_Username                               _ccea4b")): Object: 'Object Repository/Page_KHTN Administration Users Accounts Add_aad8ed/div_Username                               _ccea4b' is clicked on

2022-01-15 16:35:50 - [MESSAGE][PASSED] - Object: 'Object Repository/Page_KHTN Administration Users Accounts Add_aad8ed/div_Username                               _ccea4b' is clicked on

2022-01-15 16:35:50 - [TEST_STEP][PASSED] - setText(findTestObject("Object Repository/Page_KHTN Administration Users Accounts Add_aad8ed/input_Surname_lastname"), lastname): Text 'Venegas' is set on object 'Object Repository/Page_KHTN Administration Users Accounts Add_aad8ed/input_Surname_lastname'

2022-01-15 16:35:51 - [MESSAGE][PASSED] - Text 'Venegas' is set on object 'Object Repository/Page_KHTN Administration Users Accounts Add_aad8ed/input_Surname_lastname'

2022-01-15 16:35:51 - [TEST_STEP][PASSED] - setText(findTestObject("Object Repository/Page_KHTN Administration Users Accounts Add_aad8ed/input_Email address_email"), email): Text 's7@example.com' is set on object 'Object Repository/Page_KHTN Administration Users Accounts Add_aad8ed/input_Email address_email'

2022-01-15 16:35:52 - [MESSAGE][PASSED] - Text 's7@example.com' is set on object 'Object Repository/Page_KHTN Administration Users Accounts Add_aad8ed/input_Email address_email'

2022-01-15 16:35:52 - [TEST_STEP][PASSED] - click(findTestObject("Object Repository/Page_KHTN Administration Users Accounts Add_aad8ed/input_Address_submitbutton")): Object: 'Object Repository/Page_KHTN Administration Users Accounts Add_aad8ed/input_Address_submitbutton' is clicked on

2022-01-15 16:35:53 - [MESSAGE][PASSED] - Object: 'Object Repository/Page_KHTN Administration Users Accounts Add_aad8ed/input_Address_submitbutton' is clicked on

2022-01-15 16:35:53 - [TEST_STEP][PASSED] - verifyElementVisible(findTestObject("Object Repository/Page_KHTN Administration Users Accounts Bro_45ce40/div_Changes saved")): Object 'Object Repository/Page_KHTN Administration Users Accounts Bro_45ce40/div_Changes saved' is visible

2022-01-15 16:35:53 - [MESSAGE][PASSED] - Object 'Object Repository/Page_KHTN Administration Users Accounts Bro_45ce40/div_Changes saved' is visible

2022-01-15 16:35:53 - [TEST_STEP][PASSED] - verifyElementVisible(findTestObject("Object Repository/Page_KHTN Administration Users Accounts Bro_45ce40/td_s1example.com")): Object 'Object Repository/Page_KHTN Administration Users Accounts Bro_45ce40/td_s1example.com' is visible

2022-01-15 16:35:54 - [MESSAGE][PASSED] - Object 'Object Repository/Page_KHTN Administration Users Accounts Bro_45ce40/td_s1example.com' is visible

2022-01-15 16:35:54 - [TEST_STEP][PASSED] - click(findTestObject("Object Repository/Page_KHTN Administration Users Accounts Bro_45ce40/a_Admin User")): Object: 'Object Repository/Page_KHTN Administration Users Accounts Bro_45ce40/a_Admin User' is clicked on

2022-01-15 16:35:54 - [MESSAGE][PASSED] - Object: 'Object Repository/Page_KHTN Administration Users Accounts Bro_45ce40/a_Admin User' is clicked on

2022-01-15 16:35:54 - [TEST_STEP][PASSED] - click(findTestObject("Object Repository/Page_KHTN Administration Users Accounts Bro_45ce40/span_Log out")): Object: 'Object Repository/Page_KHTN Administration Users Accounts Bro_45ce40/span_Log out' is clicked on

2022-01-15 16:35:55 - [MESSAGE][PASSED] - Object: 'Object Repository/Page_KHTN Administration Users Accounts Bro_45ce40/span_Log out' is clicked on

2022-01-15 16:35:55 - [TEST_STEP][PASSED] - click(findTestObject("Object Repository/Page_HCMUS/a_Log in")): Object: 'Object Repository/Page_HCMUS/a_Log in' is clicked on

2022-01-15 16:35:55 - [MESSAGE][PASSED] - Object: 'Object Repository/Page_HCMUS/a_Log in' is clicked on

2022-01-15 16:35:55 - [TEST_STEP][PASSED] - setText(findTestObject("Object Repository/Page_HCMUS Log in to the site/input_Username_username"), username): Text 'student7' is set on object 'Object Repository/Page_HCMUS Log in to the site/input_Username_username'

2022-01-15 16:35:56 - [MESSAGE][PASSED] - Text 'student7' is set on object 'Object Repository/Page_HCMUS Log in to the site/input_Username_username'

2022-01-15 16:35:56 - [TEST_STEP][PASSED] - setText(findTestObject("Object Repository/Page_HCMUS Log in to the site/input_Password_password"), password): Text 'Mstudent7#' is set on object 'Object Repository/Page_HCMUS Log in to the site/input_Password_password'

2022-01-15 16:35:57 - [MESSAGE][PASSED] - Text 'Mstudent7#' is set on object 'Object Repository/Page_HCMUS Log in to the site/input_Password_password'

2022-01-15 16:35:57 - [TEST_STEP][PASSED] - click(findTestObject("Object Repository/Page_HCMUS Log in to the site/button_Log in")): Object: 'Object Repository/Page_HCMUS Log in to the site/button_Log in' is clicked on

2022-01-15 16:35:58 - [MESSAGE][PASSED] - Object: 'Object Repository/Page_HCMUS Log in to the site/button_Log in' is clicked on

2022-01-15 16:35:58 - [TEST_STEP][PASSED] - verifyElementVisible(findTestObject("Object Repository/Page_Dashboard/span_Student Waldrop")): Object 'Object Repository/Page_Dashboard/span_Student Waldrop' is visible

2022-01-15 16:35:59 - [MESSAGE][PASSED] - Object 'Object Repository/Page_Dashboard/span_Student Waldrop' is visible

2022-01-15 16:35:59 - [TEST_STEP][PASSED] - closeBrowser(): Browser is closed

2022-01-15 16:36:00 - [MESSAGE][PASSED] - Browser is closed]]></system-out>
         <system-err><![CDATA[]]></system-err>
      </testcase>
      <testcase name="Test Cases/7_tạo tài khoản user chính xác" time="21.816" classname="Test Cases/7_tạo tài khoản user chính xác" status="PASSED">
         <system-out><![CDATA[2022-01-15 16:36:00 - [TEST_CASE][PASSED] - Test Cases/7_tạo tài khoản user chính xác: Test Cases/7_tạo tài khoản user chính xác

2022-01-15 16:36:00 - [TEST_STEP][PASSED] - openBrowser(""): Browser is opened with url: ''

2022-01-15 16:36:00 - [MESSAGE][INFO] - Starting 'Chrome' driver

2022-01-15 16:36:00 - [MESSAGE][INFO] - Action delay is set to 0 milliseconds

2022-01-15 16:36:01 - [MESSAGE][PASSED] - Browser is opened with url: ''

2022-01-15 16:36:01 - [TEST_STEP][PASSED] - navigateToUrl("http://localhost/"): Navigate to 'http://localhost/' successfully

2022-01-15 16:36:02 - [MESSAGE][PASSED] - Navigate to 'http://localhost/' successfully

2022-01-15 16:36:02 - [TEST_STEP][PASSED] - click(findTestObject("Object Repository/Page_HCMUS/a_Log in")): Object: 'Object Repository/Page_HCMUS/a_Log in' is clicked on

2022-01-15 16:36:02 - [MESSAGE][PASSED] - Object: 'Object Repository/Page_HCMUS/a_Log in' is clicked on

2022-01-15 16:36:02 - [TEST_STEP][PASSED] - setText(findTestObject("Object Repository/Page_HCMUS Log in to the site/input_Username_username"), "admin"): Text 'admin' is set on object 'Object Repository/Page_HCMUS Log in to the site/input_Username_username'

2022-01-15 16:36:03 - [MESSAGE][PASSED] - Text 'admin' is set on object 'Object Repository/Page_HCMUS Log in to the site/input_Username_username'

2022-01-15 16:36:03 - [TEST_STEP][PASSED] - setEncryptedText(findTestObject("Object Repository/Page_HCMUS Log in to the site/input_Password_password"), "5MU2PI2jvJCK/lBTYOwt6g=="): Text ****** has been set on object 'Object Repository/Page_HCMUS Log in to the site/input_Password_password'

2022-01-15 16:36:03 - [MESSAGE][PASSED] - Text ****** has been set on object 'Object Repository/Page_HCMUS Log in to the site/input_Password_password'

2022-01-15 16:36:03 - [TEST_STEP][PASSED] - click(findTestObject("Object Repository/Page_HCMUS Log in to the site/button_Log in")): Object: 'Object Repository/Page_HCMUS Log in to the site/button_Log in' is clicked on

2022-01-15 16:36:04 - [MESSAGE][PASSED] - Object: 'Object Repository/Page_HCMUS Log in to the site/button_Log in' is clicked on

2022-01-15 16:36:04 - [TEST_STEP][PASSED] - click(findTestObject("Object Repository/Page_Dashboard/span_Site administration")): Object: 'Object Repository/Page_Dashboard/span_Site administration' is clicked on

2022-01-15 16:36:06 - [MESSAGE][PASSED] - Object: 'Object Repository/Page_Dashboard/span_Site administration' is clicked on

2022-01-15 16:36:06 - [TEST_STEP][PASSED] - click(findTestObject("Object Repository/Page_KHTN Administration Search/a_Users")): Object: 'Object Repository/Page_KHTN Administration Search/a_Users' is clicked on

2022-01-15 16:36:06 - [MESSAGE][PASSED] - Object: 'Object Repository/Page_KHTN Administration Search/a_Users' is clicked on

2022-01-15 16:36:06 - [TEST_STEP][PASSED] - click(findTestObject("Object Repository/Page_KHTN Administration Search/a_Add a new user")): Object: 'Object Repository/Page_KHTN Administration Search/a_Add a new user' is clicked on

2022-01-15 16:36:08 - [MESSAGE][PASSED] - Object: 'Object Repository/Page_KHTN Administration Search/a_Add a new user' is clicked on

2022-01-15 16:36:08 - [TEST_STEP][PASSED] - setText(findTestObject("Object Repository/Page_KHTN Administration Users Accounts Add_aad8ed/input_Username_username"), username): Text 'student8' is set on object 'Object Repository/Page_KHTN Administration Users Accounts Add_aad8ed/input_Username_username'

2022-01-15 16:36:09 - [MESSAGE][PASSED] - Text 'student8' is set on object 'Object Repository/Page_KHTN Administration Users Accounts Add_aad8ed/input_Username_username'

2022-01-15 16:36:09 - [TEST_STEP][PASSED] - click(findTestObject("Object Repository/Page_KHTN Administration Users Accounts Add_aad8ed/em_Click to enter text")): Object: 'Object Repository/Page_KHTN Administration Users Accounts Add_aad8ed/em_Click to enter text' is clicked on

2022-01-15 16:36:09 - [MESSAGE][PASSED] - Object: 'Object Repository/Page_KHTN Administration Users Accounts Add_aad8ed/em_Click to enter text' is clicked on

2022-01-15 16:36:09 - [TEST_STEP][PASSED] - setText(findTestObject("Object Repository/Page_KHTN Administration Users Accounts Add_aad8ed/input_New password_newpassword"), password): Text 'Mstudent8#' is set on object 'Object Repository/Page_KHTN Administration Users Accounts Add_aad8ed/input_New password_newpassword'

2022-01-15 16:36:10 - [MESSAGE][PASSED] - Text 'Mstudent8#' is set on object 'Object Repository/Page_KHTN Administration Users Accounts Add_aad8ed/input_New password_newpassword'

2022-01-15 16:36:10 - [TEST_STEP][PASSED] - setText(findTestObject("Object Repository/Page_KHTN Administration Users Accounts Add_aad8ed/input_First name_firstname"), firstname): Text 'Student' is set on object 'Object Repository/Page_KHTN Administration Users Accounts Add_aad8ed/input_First name_firstname'

2022-01-15 16:36:11 - [MESSAGE][PASSED] - Text 'Student' is set on object 'Object Repository/Page_KHTN Administration Users Accounts Add_aad8ed/input_First name_firstname'

2022-01-15 16:36:11 - [TEST_STEP][PASSED] - click(findTestObject("Object Repository/Page_KHTN Administration Users Accounts Add_aad8ed/div_Username                               _ccea4b")): Object: 'Object Repository/Page_KHTN Administration Users Accounts Add_aad8ed/div_Username                               _ccea4b' is clicked on

2022-01-15 16:36:12 - [MESSAGE][PASSED] - Object: 'Object Repository/Page_KHTN Administration Users Accounts Add_aad8ed/div_Username                               _ccea4b' is clicked on

2022-01-15 16:36:12 - [TEST_STEP][PASSED] - setText(findTestObject("Object Repository/Page_KHTN Administration Users Accounts Add_aad8ed/input_Surname_lastname"), lastname): Text 'Clifford' is set on object 'Object Repository/Page_KHTN Administration Users Accounts Add_aad8ed/input_Surname_lastname'

2022-01-15 16:36:12 - [MESSAGE][PASSED] - Text 'Clifford' is set on object 'Object Repository/Page_KHTN Administration Users Accounts Add_aad8ed/input_Surname_lastname'

2022-01-15 16:36:12 - [TEST_STEP][PASSED] - setText(findTestObject("Object Repository/Page_KHTN Administration Users Accounts Add_aad8ed/input_Email address_email"), email): Text 's8@example.com' is set on object 'Object Repository/Page_KHTN Administration Users Accounts Add_aad8ed/input_Email address_email'

2022-01-15 16:36:13 - [MESSAGE][PASSED] - Text 's8@example.com' is set on object 'Object Repository/Page_KHTN Administration Users Accounts Add_aad8ed/input_Email address_email'

2022-01-15 16:36:13 - [TEST_STEP][PASSED] - click(findTestObject("Object Repository/Page_KHTN Administration Users Accounts Add_aad8ed/input_Address_submitbutton")): Object: 'Object Repository/Page_KHTN Administration Users Accounts Add_aad8ed/input_Address_submitbutton' is clicked on

2022-01-15 16:36:15 - [MESSAGE][PASSED] - Object: 'Object Repository/Page_KHTN Administration Users Accounts Add_aad8ed/input_Address_submitbutton' is clicked on

2022-01-15 16:36:15 - [TEST_STEP][PASSED] - verifyElementVisible(findTestObject("Object Repository/Page_KHTN Administration Users Accounts Bro_45ce40/div_Changes saved")): Object 'Object Repository/Page_KHTN Administration Users Accounts Bro_45ce40/div_Changes saved' is visible

2022-01-15 16:36:15 - [MESSAGE][PASSED] - Object 'Object Repository/Page_KHTN Administration Users Accounts Bro_45ce40/div_Changes saved' is visible

2022-01-15 16:36:15 - [TEST_STEP][PASSED] - verifyElementVisible(findTestObject("Object Repository/Page_KHTN Administration Users Accounts Bro_45ce40/td_s1example.com")): Object 'Object Repository/Page_KHTN Administration Users Accounts Bro_45ce40/td_s1example.com' is visible

2022-01-15 16:36:16 - [MESSAGE][PASSED] - Object 'Object Repository/Page_KHTN Administration Users Accounts Bro_45ce40/td_s1example.com' is visible

2022-01-15 16:36:16 - [TEST_STEP][PASSED] - click(findTestObject("Object Repository/Page_KHTN Administration Users Accounts Bro_45ce40/a_Admin User")): Object: 'Object Repository/Page_KHTN Administration Users Accounts Bro_45ce40/a_Admin User' is clicked on

2022-01-15 16:36:16 - [MESSAGE][PASSED] - Object: 'Object Repository/Page_KHTN Administration Users Accounts Bro_45ce40/a_Admin User' is clicked on

2022-01-15 16:36:16 - [TEST_STEP][PASSED] - click(findTestObject("Object Repository/Page_KHTN Administration Users Accounts Bro_45ce40/span_Log out")): Object: 'Object Repository/Page_KHTN Administration Users Accounts Bro_45ce40/span_Log out' is clicked on

2022-01-15 16:36:17 - [MESSAGE][PASSED] - Object: 'Object Repository/Page_KHTN Administration Users Accounts Bro_45ce40/span_Log out' is clicked on

2022-01-15 16:36:17 - [TEST_STEP][PASSED] - click(findTestObject("Object Repository/Page_HCMUS/a_Log in")): Object: 'Object Repository/Page_HCMUS/a_Log in' is clicked on

2022-01-15 16:36:17 - [MESSAGE][PASSED] - Object: 'Object Repository/Page_HCMUS/a_Log in' is clicked on

2022-01-15 16:36:17 - [TEST_STEP][PASSED] - setText(findTestObject("Object Repository/Page_HCMUS Log in to the site/input_Username_username"), username): Text 'student8' is set on object 'Object Repository/Page_HCMUS Log in to the site/input_Username_username'

2022-01-15 16:36:18 - [MESSAGE][PASSED] - Text 'student8' is set on object 'Object Repository/Page_HCMUS Log in to the site/input_Username_username'

2022-01-15 16:36:18 - [TEST_STEP][PASSED] - setText(findTestObject("Object Repository/Page_HCMUS Log in to the site/input_Password_password"), password): Text 'Mstudent8#' is set on object 'Object Repository/Page_HCMUS Log in to the site/input_Password_password'

2022-01-15 16:36:19 - [MESSAGE][PASSED] - Text 'Mstudent8#' is set on object 'Object Repository/Page_HCMUS Log in to the site/input_Password_password'

2022-01-15 16:36:19 - [TEST_STEP][PASSED] - click(findTestObject("Object Repository/Page_HCMUS Log in to the site/button_Log in")): Object: 'Object Repository/Page_HCMUS Log in to the site/button_Log in' is clicked on

2022-01-15 16:36:20 - [MESSAGE][PASSED] - Object: 'Object Repository/Page_HCMUS Log in to the site/button_Log in' is clicked on

2022-01-15 16:36:20 - [TEST_STEP][PASSED] - verifyElementVisible(findTestObject("Object Repository/Page_Dashboard/span_Student Waldrop")): Object 'Object Repository/Page_Dashboard/span_Student Waldrop' is visible

2022-01-15 16:36:21 - [MESSAGE][PASSED] - Object 'Object Repository/Page_Dashboard/span_Student Waldrop' is visible

2022-01-15 16:36:21 - [TEST_STEP][PASSED] - closeBrowser(): Browser is closed

2022-01-15 16:36:22 - [MESSAGE][PASSED] - Browser is closed]]></system-out>
         <system-err><![CDATA[]]></system-err>
      </testcase>
      <testcase name="Test Cases/7_tạo tài khoản user chính xác" time="21.986" classname="Test Cases/7_tạo tài khoản user chính xác" status="PASSED">
         <system-out><![CDATA[2022-01-15 16:36:22 - [TEST_CASE][PASSED] - Test Cases/7_tạo tài khoản user chính xác: Test Cases/7_tạo tài khoản user chính xác

2022-01-15 16:36:22 - [TEST_STEP][PASSED] - openBrowser(""): Browser is opened with url: ''

2022-01-15 16:36:22 - [MESSAGE][INFO] - Starting 'Chrome' driver

2022-01-15 16:36:22 - [MESSAGE][INFO] - Action delay is set to 0 milliseconds

2022-01-15 16:36:23 - [MESSAGE][PASSED] - Browser is opened with url: ''

2022-01-15 16:36:23 - [TEST_STEP][PASSED] - navigateToUrl("http://localhost/"): Navigate to 'http://localhost/' successfully

2022-01-15 16:36:24 - [MESSAGE][PASSED] - Navigate to 'http://localhost/' successfully

2022-01-15 16:36:24 - [TEST_STEP][PASSED] - click(findTestObject("Object Repository/Page_HCMUS/a_Log in")): Object: 'Object Repository/Page_HCMUS/a_Log in' is clicked on

2022-01-15 16:36:24 - [MESSAGE][PASSED] - Object: 'Object Repository/Page_HCMUS/a_Log in' is clicked on

2022-01-15 16:36:24 - [TEST_STEP][PASSED] - setText(findTestObject("Object Repository/Page_HCMUS Log in to the site/input_Username_username"), "admin"): Text 'admin' is set on object 'Object Repository/Page_HCMUS Log in to the site/input_Username_username'

2022-01-15 16:36:25 - [MESSAGE][PASSED] - Text 'admin' is set on object 'Object Repository/Page_HCMUS Log in to the site/input_Username_username'

2022-01-15 16:36:25 - [TEST_STEP][PASSED] - setEncryptedText(findTestObject("Object Repository/Page_HCMUS Log in to the site/input_Password_password"), "5MU2PI2jvJCK/lBTYOwt6g=="): Text ****** has been set on object 'Object Repository/Page_HCMUS Log in to the site/input_Password_password'

2022-01-15 16:36:25 - [MESSAGE][PASSED] - Text ****** has been set on object 'Object Repository/Page_HCMUS Log in to the site/input_Password_password'

2022-01-15 16:36:25 - [TEST_STEP][PASSED] - click(findTestObject("Object Repository/Page_HCMUS Log in to the site/button_Log in")): Object: 'Object Repository/Page_HCMUS Log in to the site/button_Log in' is clicked on

2022-01-15 16:36:26 - [MESSAGE][PASSED] - Object: 'Object Repository/Page_HCMUS Log in to the site/button_Log in' is clicked on

2022-01-15 16:36:26 - [TEST_STEP][PASSED] - click(findTestObject("Object Repository/Page_Dashboard/span_Site administration")): Object: 'Object Repository/Page_Dashboard/span_Site administration' is clicked on

2022-01-15 16:36:28 - [MESSAGE][PASSED] - Object: 'Object Repository/Page_Dashboard/span_Site administration' is clicked on

2022-01-15 16:36:28 - [TEST_STEP][PASSED] - click(findTestObject("Object Repository/Page_KHTN Administration Search/a_Users")): Object: 'Object Repository/Page_KHTN Administration Search/a_Users' is clicked on

2022-01-15 16:36:29 - [MESSAGE][PASSED] - Object: 'Object Repository/Page_KHTN Administration Search/a_Users' is clicked on

2022-01-15 16:36:29 - [TEST_STEP][PASSED] - click(findTestObject("Object Repository/Page_KHTN Administration Search/a_Add a new user")): Object: 'Object Repository/Page_KHTN Administration Search/a_Add a new user' is clicked on

2022-01-15 16:36:30 - [MESSAGE][PASSED] - Object: 'Object Repository/Page_KHTN Administration Search/a_Add a new user' is clicked on

2022-01-15 16:36:30 - [TEST_STEP][PASSED] - setText(findTestObject("Object Repository/Page_KHTN Administration Users Accounts Add_aad8ed/input_Username_username"), username): Text 'student9' is set on object 'Object Repository/Page_KHTN Administration Users Accounts Add_aad8ed/input_Username_username'

2022-01-15 16:36:31 - [MESSAGE][PASSED] - Text 'student9' is set on object 'Object Repository/Page_KHTN Administration Users Accounts Add_aad8ed/input_Username_username'

2022-01-15 16:36:31 - [TEST_STEP][PASSED] - click(findTestObject("Object Repository/Page_KHTN Administration Users Accounts Add_aad8ed/em_Click to enter text")): Object: 'Object Repository/Page_KHTN Administration Users Accounts Add_aad8ed/em_Click to enter text' is clicked on

2022-01-15 16:36:32 - [MESSAGE][PASSED] - Object: 'Object Repository/Page_KHTN Administration Users Accounts Add_aad8ed/em_Click to enter text' is clicked on

2022-01-15 16:36:32 - [TEST_STEP][PASSED] - setText(findTestObject("Object Repository/Page_KHTN Administration Users Accounts Add_aad8ed/input_New password_newpassword"), password): Text 'Mstudent9#' is set on object 'Object Repository/Page_KHTN Administration Users Accounts Add_aad8ed/input_New password_newpassword'

2022-01-15 16:36:32 - [MESSAGE][PASSED] - Text 'Mstudent9#' is set on object 'Object Repository/Page_KHTN Administration Users Accounts Add_aad8ed/input_New password_newpassword'

2022-01-15 16:36:32 - [TEST_STEP][PASSED] - setText(findTestObject("Object Repository/Page_KHTN Administration Users Accounts Add_aad8ed/input_First name_firstname"), firstname): Text 'Student' is set on object 'Object Repository/Page_KHTN Administration Users Accounts Add_aad8ed/input_First name_firstname'

2022-01-15 16:36:33 - [MESSAGE][PASSED] - Text 'Student' is set on object 'Object Repository/Page_KHTN Administration Users Accounts Add_aad8ed/input_First name_firstname'

2022-01-15 16:36:33 - [TEST_STEP][PASSED] - click(findTestObject("Object Repository/Page_KHTN Administration Users Accounts Add_aad8ed/div_Username                               _ccea4b")): Object: 'Object Repository/Page_KHTN Administration Users Accounts Add_aad8ed/div_Username                               _ccea4b' is clicked on

2022-01-15 16:36:34 - [MESSAGE][PASSED] - Object: 'Object Repository/Page_KHTN Administration Users Accounts Add_aad8ed/div_Username                               _ccea4b' is clicked on

2022-01-15 16:36:34 - [TEST_STEP][PASSED] - setText(findTestObject("Object Repository/Page_KHTN Administration Users Accounts Add_aad8ed/input_Surname_lastname"), lastname): Text 'Branch' is set on object 'Object Repository/Page_KHTN Administration Users Accounts Add_aad8ed/input_Surname_lastname'

2022-01-15 16:36:35 - [MESSAGE][PASSED] - Text 'Branch' is set on object 'Object Repository/Page_KHTN Administration Users Accounts Add_aad8ed/input_Surname_lastname'

2022-01-15 16:36:35 - [TEST_STEP][PASSED] - setText(findTestObject("Object Repository/Page_KHTN Administration Users Accounts Add_aad8ed/input_Email address_email"), email): Text 's9@example.com' is set on object 'Object Repository/Page_KHTN Administration Users Accounts Add_aad8ed/input_Email address_email'

2022-01-15 16:36:36 - [MESSAGE][PASSED] - Text 's9@example.com' is set on object 'Object Repository/Page_KHTN Administration Users Accounts Add_aad8ed/input_Email address_email'

2022-01-15 16:36:36 - [TEST_STEP][PASSED] - click(findTestObject("Object Repository/Page_KHTN Administration Users Accounts Add_aad8ed/input_Address_submitbutton")): Object: 'Object Repository/Page_KHTN Administration Users Accounts Add_aad8ed/input_Address_submitbutton' is clicked on

2022-01-15 16:36:37 - [MESSAGE][PASSED] - Object: 'Object Repository/Page_KHTN Administration Users Accounts Add_aad8ed/input_Address_submitbutton' is clicked on

2022-01-15 16:36:37 - [TEST_STEP][PASSED] - verifyElementVisible(findTestObject("Object Repository/Page_KHTN Administration Users Accounts Bro_45ce40/div_Changes saved")): Object 'Object Repository/Page_KHTN Administration Users Accounts Bro_45ce40/div_Changes saved' is visible

2022-01-15 16:36:37 - [MESSAGE][PASSED] - Object 'Object Repository/Page_KHTN Administration Users Accounts Bro_45ce40/div_Changes saved' is visible

2022-01-15 16:36:37 - [TEST_STEP][PASSED] - verifyElementVisible(findTestObject("Object Repository/Page_KHTN Administration Users Accounts Bro_45ce40/td_s1example.com")): Object 'Object Repository/Page_KHTN Administration Users Accounts Bro_45ce40/td_s1example.com' is visible

2022-01-15 16:36:38 - [MESSAGE][PASSED] - Object 'Object Repository/Page_KHTN Administration Users Accounts Bro_45ce40/td_s1example.com' is visible

2022-01-15 16:36:38 - [TEST_STEP][PASSED] - click(findTestObject("Object Repository/Page_KHTN Administration Users Accounts Bro_45ce40/a_Admin User")): Object: 'Object Repository/Page_KHTN Administration Users Accounts Bro_45ce40/a_Admin User' is clicked on

2022-01-15 16:36:38 - [MESSAGE][PASSED] - Object: 'Object Repository/Page_KHTN Administration Users Accounts Bro_45ce40/a_Admin User' is clicked on

2022-01-15 16:36:38 - [TEST_STEP][PASSED] - click(findTestObject("Object Repository/Page_KHTN Administration Users Accounts Bro_45ce40/span_Log out")): Object: 'Object Repository/Page_KHTN Administration Users Accounts Bro_45ce40/span_Log out' is clicked on

2022-01-15 16:36:39 - [MESSAGE][PASSED] - Object: 'Object Repository/Page_KHTN Administration Users Accounts Bro_45ce40/span_Log out' is clicked on

2022-01-15 16:36:39 - [TEST_STEP][PASSED] - click(findTestObject("Object Repository/Page_HCMUS/a_Log in")): Object: 'Object Repository/Page_HCMUS/a_Log in' is clicked on

2022-01-15 16:36:39 - [MESSAGE][PASSED] - Object: 'Object Repository/Page_HCMUS/a_Log in' is clicked on

2022-01-15 16:36:39 - [TEST_STEP][PASSED] - setText(findTestObject("Object Repository/Page_HCMUS Log in to the site/input_Username_username"), username): Text 'student9' is set on object 'Object Repository/Page_HCMUS Log in to the site/input_Username_username'

2022-01-15 16:36:40 - [MESSAGE][PASSED] - Text 'student9' is set on object 'Object Repository/Page_HCMUS Log in to the site/input_Username_username'

2022-01-15 16:36:40 - [TEST_STEP][PASSED] - setText(findTestObject("Object Repository/Page_HCMUS Log in to the site/input_Password_password"), password): Text 'Mstudent9#' is set on object 'Object Repository/Page_HCMUS Log in to the site/input_Password_password'

2022-01-15 16:36:41 - [MESSAGE][PASSED] - Text 'Mstudent9#' is set on object 'Object Repository/Page_HCMUS Log in to the site/input_Password_password'

2022-01-15 16:36:41 - [TEST_STEP][PASSED] - click(findTestObject("Object Repository/Page_HCMUS Log in to the site/button_Log in")): Object: 'Object Repository/Page_HCMUS Log in to the site/button_Log in' is clicked on

2022-01-15 16:36:42 - [MESSAGE][PASSED] - Object: 'Object Repository/Page_HCMUS Log in to the site/button_Log in' is clicked on

2022-01-15 16:36:42 - [TEST_STEP][PASSED] - verifyElementVisible(findTestObject("Object Repository/Page_Dashboard/span_Student Waldrop")): Object 'Object Repository/Page_Dashboard/span_Student Waldrop' is visible

2022-01-15 16:36:43 - [MESSAGE][PASSED] - Object 'Object Repository/Page_Dashboard/span_Student Waldrop' is visible

2022-01-15 16:36:43 - [TEST_STEP][PASSED] - closeBrowser(): Browser is closed

2022-01-15 16:36:44 - [MESSAGE][PASSED] - Browser is closed]]></system-out>
         <system-err><![CDATA[]]></system-err>
      </testcase>
      <testcase name="Test Cases/7_tạo tài khoản user chính xác" time="22.363" classname="Test Cases/7_tạo tài khoản user chính xác" status="PASSED">
         <system-out><![CDATA[2022-01-15 16:36:44 - [TEST_CASE][PASSED] - Test Cases/7_tạo tài khoản user chính xác: Test Cases/7_tạo tài khoản user chính xác

2022-01-15 16:36:44 - [TEST_STEP][PASSED] - openBrowser(""): Browser is opened with url: ''

2022-01-15 16:36:44 - [MESSAGE][INFO] - Starting 'Chrome' driver

2022-01-15 16:36:44 - [MESSAGE][INFO] - Action delay is set to 0 milliseconds

2022-01-15 16:36:45 - [MESSAGE][PASSED] - Browser is opened with url: ''

2022-01-15 16:36:45 - [TEST_STEP][PASSED] - navigateToUrl("http://localhost/"): Navigate to 'http://localhost/' successfully

2022-01-15 16:36:46 - [MESSAGE][PASSED] - Navigate to 'http://localhost/' successfully

2022-01-15 16:36:46 - [TEST_STEP][PASSED] - click(findTestObject("Object Repository/Page_HCMUS/a_Log in")): Object: 'Object Repository/Page_HCMUS/a_Log in' is clicked on

2022-01-15 16:36:47 - [MESSAGE][PASSED] - Object: 'Object Repository/Page_HCMUS/a_Log in' is clicked on

2022-01-15 16:36:47 - [TEST_STEP][PASSED] - setText(findTestObject("Object Repository/Page_HCMUS Log in to the site/input_Username_username"), "admin"): Text 'admin' is set on object 'Object Repository/Page_HCMUS Log in to the site/input_Username_username'

2022-01-15 16:36:47 - [MESSAGE][PASSED] - Text 'admin' is set on object 'Object Repository/Page_HCMUS Log in to the site/input_Username_username'

2022-01-15 16:36:47 - [TEST_STEP][PASSED] - setEncryptedText(findTestObject("Object Repository/Page_HCMUS Log in to the site/input_Password_password"), "5MU2PI2jvJCK/lBTYOwt6g=="): Text ****** has been set on object 'Object Repository/Page_HCMUS Log in to the site/input_Password_password'

2022-01-15 16:36:48 - [MESSAGE][PASSED] - Text ****** has been set on object 'Object Repository/Page_HCMUS Log in to the site/input_Password_password'

2022-01-15 16:36:48 - [TEST_STEP][PASSED] - click(findTestObject("Object Repository/Page_HCMUS Log in to the site/button_Log in")): Object: 'Object Repository/Page_HCMUS Log in to the site/button_Log in' is clicked on

2022-01-15 16:36:49 - [MESSAGE][PASSED] - Object: 'Object Repository/Page_HCMUS Log in to the site/button_Log in' is clicked on

2022-01-15 16:36:49 - [TEST_STEP][PASSED] - click(findTestObject("Object Repository/Page_Dashboard/span_Site administration")): Object: 'Object Repository/Page_Dashboard/span_Site administration' is clicked on

2022-01-15 16:36:51 - [MESSAGE][PASSED] - Object: 'Object Repository/Page_Dashboard/span_Site administration' is clicked on

2022-01-15 16:36:51 - [TEST_STEP][PASSED] - click(findTestObject("Object Repository/Page_KHTN Administration Search/a_Users")): Object: 'Object Repository/Page_KHTN Administration Search/a_Users' is clicked on

2022-01-15 16:36:51 - [MESSAGE][PASSED] - Object: 'Object Repository/Page_KHTN Administration Search/a_Users' is clicked on

2022-01-15 16:36:51 - [TEST_STEP][PASSED] - click(findTestObject("Object Repository/Page_KHTN Administration Search/a_Add a new user")): Object: 'Object Repository/Page_KHTN Administration Search/a_Add a new user' is clicked on

2022-01-15 16:36:52 - [MESSAGE][PASSED] - Object: 'Object Repository/Page_KHTN Administration Search/a_Add a new user' is clicked on

2022-01-15 16:36:52 - [TEST_STEP][PASSED] - setText(findTestObject("Object Repository/Page_KHTN Administration Users Accounts Add_aad8ed/input_Username_username"), username): Text 'student10' is set on object 'Object Repository/Page_KHTN Administration Users Accounts Add_aad8ed/input_Username_username'

2022-01-15 16:36:54 - [MESSAGE][PASSED] - Text 'student10' is set on object 'Object Repository/Page_KHTN Administration Users Accounts Add_aad8ed/input_Username_username'

2022-01-15 16:36:54 - [TEST_STEP][PASSED] - click(findTestObject("Object Repository/Page_KHTN Administration Users Accounts Add_aad8ed/em_Click to enter text")): Object: 'Object Repository/Page_KHTN Administration Users Accounts Add_aad8ed/em_Click to enter text' is clicked on

2022-01-15 16:36:54 - [MESSAGE][PASSED] - Object: 'Object Repository/Page_KHTN Administration Users Accounts Add_aad8ed/em_Click to enter text' is clicked on

2022-01-15 16:36:54 - [TEST_STEP][PASSED] - setText(findTestObject("Object Repository/Page_KHTN Administration Users Accounts Add_aad8ed/input_New password_newpassword"), password): Text 'Mstudent10#' is set on object 'Object Repository/Page_KHTN Administration Users Accounts Add_aad8ed/input_New password_newpassword'

2022-01-15 16:36:55 - [MESSAGE][PASSED] - Text 'Mstudent10#' is set on object 'Object Repository/Page_KHTN Administration Users Accounts Add_aad8ed/input_New password_newpassword'

2022-01-15 16:36:55 - [TEST_STEP][PASSED] - setText(findTestObject("Object Repository/Page_KHTN Administration Users Accounts Add_aad8ed/input_First name_firstname"), firstname): Text 'Student' is set on object 'Object Repository/Page_KHTN Administration Users Accounts Add_aad8ed/input_First name_firstname'

2022-01-15 16:36:56 - [MESSAGE][PASSED] - Text 'Student' is set on object 'Object Repository/Page_KHTN Administration Users Accounts Add_aad8ed/input_First name_firstname'

2022-01-15 16:36:56 - [TEST_STEP][PASSED] - click(findTestObject("Object Repository/Page_KHTN Administration Users Accounts Add_aad8ed/div_Username                               _ccea4b")): Object: 'Object Repository/Page_KHTN Administration Users Accounts Add_aad8ed/div_Username                               _ccea4b' is clicked on

2022-01-15 16:36:56 - [MESSAGE][PASSED] - Object: 'Object Repository/Page_KHTN Administration Users Accounts Add_aad8ed/div_Username                               _ccea4b' is clicked on

2022-01-15 16:36:56 - [TEST_STEP][PASSED] - setText(findTestObject("Object Repository/Page_KHTN Administration Users Accounts Add_aad8ed/input_Surname_lastname"), lastname): Text 'Kessler' is set on object 'Object Repository/Page_KHTN Administration Users Accounts Add_aad8ed/input_Surname_lastname'

2022-01-15 16:36:57 - [MESSAGE][PASSED] - Text 'Kessler' is set on object 'Object Repository/Page_KHTN Administration Users Accounts Add_aad8ed/input_Surname_lastname'

2022-01-15 16:36:57 - [TEST_STEP][PASSED] - setText(findTestObject("Object Repository/Page_KHTN Administration Users Accounts Add_aad8ed/input_Email address_email"), email): Text 's10@example.com' is set on object 'Object Repository/Page_KHTN Administration Users Accounts Add_aad8ed/input_Email address_email'

2022-01-15 16:36:58 - [MESSAGE][PASSED] - Text 's10@example.com' is set on object 'Object Repository/Page_KHTN Administration Users Accounts Add_aad8ed/input_Email address_email'

2022-01-15 16:36:58 - [TEST_STEP][PASSED] - click(findTestObject("Object Repository/Page_KHTN Administration Users Accounts Add_aad8ed/input_Address_submitbutton")): Object: 'Object Repository/Page_KHTN Administration Users Accounts Add_aad8ed/input_Address_submitbutton' is clicked on

2022-01-15 16:36:59 - [MESSAGE][PASSED] - Object: 'Object Repository/Page_KHTN Administration Users Accounts Add_aad8ed/input_Address_submitbutton' is clicked on

2022-01-15 16:36:59 - [TEST_STEP][PASSED] - verifyElementVisible(findTestObject("Object Repository/Page_KHTN Administration Users Accounts Bro_45ce40/div_Changes saved")): Object 'Object Repository/Page_KHTN Administration Users Accounts Bro_45ce40/div_Changes saved' is visible

2022-01-15 16:37:00 - [MESSAGE][PASSED] - Object 'Object Repository/Page_KHTN Administration Users Accounts Bro_45ce40/div_Changes saved' is visible

2022-01-15 16:37:00 - [TEST_STEP][PASSED] - verifyElementVisible(findTestObject("Object Repository/Page_KHTN Administration Users Accounts Bro_45ce40/td_s1example.com")): Object 'Object Repository/Page_KHTN Administration Users Accounts Bro_45ce40/td_s1example.com' is visible

2022-01-15 16:37:00 - [MESSAGE][PASSED] - Object 'Object Repository/Page_KHTN Administration Users Accounts Bro_45ce40/td_s1example.com' is visible

2022-01-15 16:37:00 - [TEST_STEP][PASSED] - click(findTestObject("Object Repository/Page_KHTN Administration Users Accounts Bro_45ce40/a_Admin User")): Object: 'Object Repository/Page_KHTN Administration Users Accounts Bro_45ce40/a_Admin User' is clicked on

2022-01-15 16:37:01 - [MESSAGE][PASSED] - Object: 'Object Repository/Page_KHTN Administration Users Accounts Bro_45ce40/a_Admin User' is clicked on

2022-01-15 16:37:01 - [TEST_STEP][PASSED] - click(findTestObject("Object Repository/Page_KHTN Administration Users Accounts Bro_45ce40/span_Log out")): Object: 'Object Repository/Page_KHTN Administration Users Accounts Bro_45ce40/span_Log out' is clicked on

2022-01-15 16:37:01 - [MESSAGE][PASSED] - Object: 'Object Repository/Page_KHTN Administration Users Accounts Bro_45ce40/span_Log out' is clicked on

2022-01-15 16:37:01 - [TEST_STEP][PASSED] - click(findTestObject("Object Repository/Page_HCMUS/a_Log in")): Object: 'Object Repository/Page_HCMUS/a_Log in' is clicked on

2022-01-15 16:37:02 - [MESSAGE][PASSED] - Object: 'Object Repository/Page_HCMUS/a_Log in' is clicked on

2022-01-15 16:37:02 - [TEST_STEP][PASSED] - setText(findTestObject("Object Repository/Page_HCMUS Log in to the site/input_Username_username"), username): Text 'student10' is set on object 'Object Repository/Page_HCMUS Log in to the site/input_Username_username'

2022-01-15 16:37:03 - [MESSAGE][PASSED] - Text 'student10' is set on object 'Object Repository/Page_HCMUS Log in to the site/input_Username_username'

2022-01-15 16:37:03 - [TEST_STEP][PASSED] - setText(findTestObject("Object Repository/Page_HCMUS Log in to the site/input_Password_password"), password): Text 'Mstudent10#' is set on object 'Object Repository/Page_HCMUS Log in to the site/input_Password_password'

2022-01-15 16:37:03 - [MESSAGE][PASSED] - Text 'Mstudent10#' is set on object 'Object Repository/Page_HCMUS Log in to the site/input_Password_password'

2022-01-15 16:37:03 - [TEST_STEP][PASSED] - click(findTestObject("Object Repository/Page_HCMUS Log in to the site/button_Log in")): Object: 'Object Repository/Page_HCMUS Log in to the site/button_Log in' is clicked on

2022-01-15 16:37:04 - [MESSAGE][PASSED] - Object: 'Object Repository/Page_HCMUS Log in to the site/button_Log in' is clicked on

2022-01-15 16:37:04 - [TEST_STEP][PASSED] - verifyElementVisible(findTestObject("Object Repository/Page_Dashboard/span_Student Waldrop")): Object 'Object Repository/Page_Dashboard/span_Student Waldrop' is visible

2022-01-15 16:37:06 - [MESSAGE][PASSED] - Object 'Object Repository/Page_Dashboard/span_Student Waldrop' is visible

2022-01-15 16:37:06 - [TEST_STEP][PASSED] - closeBrowser(): Browser is closed

2022-01-15 16:37:06 - [MESSAGE][PASSED] - Browser is closed]]></system-out>
         <system-err><![CDATA[]]></system-err>
      </testcase>
      <testcase name="Test Cases/7_tạo tài khoản user chính xác" time="21.597" classname="Test Cases/7_tạo tài khoản user chính xác" status="PASSED">
         <system-out><![CDATA[2022-01-15 16:37:06 - [TEST_CASE][PASSED] - Test Cases/7_tạo tài khoản user chính xác: Test Cases/7_tạo tài khoản user chính xác

2022-01-15 16:37:06 - [TEST_STEP][PASSED] - openBrowser(""): Browser is opened with url: ''

2022-01-15 16:37:06 - [MESSAGE][INFO] - Starting 'Chrome' driver

2022-01-15 16:37:06 - [MESSAGE][INFO] - Action delay is set to 0 milliseconds

2022-01-15 16:37:08 - [MESSAGE][PASSED] - Browser is opened with url: ''

2022-01-15 16:37:08 - [TEST_STEP][PASSED] - navigateToUrl("http://localhost/"): Navigate to 'http://localhost/' successfully

2022-01-15 16:37:08 - [MESSAGE][PASSED] - Navigate to 'http://localhost/' successfully

2022-01-15 16:37:08 - [TEST_STEP][PASSED] - click(findTestObject("Object Repository/Page_HCMUS/a_Log in")): Object: 'Object Repository/Page_HCMUS/a_Log in' is clicked on

2022-01-15 16:37:09 - [MESSAGE][PASSED] - Object: 'Object Repository/Page_HCMUS/a_Log in' is clicked on

2022-01-15 16:37:09 - [TEST_STEP][PASSED] - setText(findTestObject("Object Repository/Page_HCMUS Log in to the site/input_Username_username"), "admin"): Text 'admin' is set on object 'Object Repository/Page_HCMUS Log in to the site/input_Username_username'

2022-01-15 16:37:10 - [MESSAGE][PASSED] - Text 'admin' is set on object 'Object Repository/Page_HCMUS Log in to the site/input_Username_username'

2022-01-15 16:37:10 - [TEST_STEP][PASSED] - setEncryptedText(findTestObject("Object Repository/Page_HCMUS Log in to the site/input_Password_password"), "5MU2PI2jvJCK/lBTYOwt6g=="): Text ****** has been set on object 'Object Repository/Page_HCMUS Log in to the site/input_Password_password'

2022-01-15 16:37:10 - [MESSAGE][PASSED] - Text ****** has been set on object 'Object Repository/Page_HCMUS Log in to the site/input_Password_password'

2022-01-15 16:37:10 - [TEST_STEP][PASSED] - click(findTestObject("Object Repository/Page_HCMUS Log in to the site/button_Log in")): Object: 'Object Repository/Page_HCMUS Log in to the site/button_Log in' is clicked on

2022-01-15 16:37:11 - [MESSAGE][PASSED] - Object: 'Object Repository/Page_HCMUS Log in to the site/button_Log in' is clicked on

2022-01-15 16:37:11 - [TEST_STEP][PASSED] - click(findTestObject("Object Repository/Page_Dashboard/span_Site administration")): Object: 'Object Repository/Page_Dashboard/span_Site administration' is clicked on

2022-01-15 16:37:13 - [MESSAGE][PASSED] - Object: 'Object Repository/Page_Dashboard/span_Site administration' is clicked on

2022-01-15 16:37:13 - [TEST_STEP][PASSED] - click(findTestObject("Object Repository/Page_KHTN Administration Search/a_Users")): Object: 'Object Repository/Page_KHTN Administration Search/a_Users' is clicked on

2022-01-15 16:37:13 - [MESSAGE][PASSED] - Object: 'Object Repository/Page_KHTN Administration Search/a_Users' is clicked on

2022-01-15 16:37:13 - [TEST_STEP][PASSED] - click(findTestObject("Object Repository/Page_KHTN Administration Search/a_Add a new user")): Object: 'Object Repository/Page_KHTN Administration Search/a_Add a new user' is clicked on

2022-01-15 16:37:14 - [MESSAGE][PASSED] - Object: 'Object Repository/Page_KHTN Administration Search/a_Add a new user' is clicked on

2022-01-15 16:37:14 - [TEST_STEP][PASSED] - setText(findTestObject("Object Repository/Page_KHTN Administration Users Accounts Add_aad8ed/input_Username_username"), username): Text 'teacher1' is set on object 'Object Repository/Page_KHTN Administration Users Accounts Add_aad8ed/input_Username_username'

2022-01-15 16:37:15 - [MESSAGE][PASSED] - Text 'teacher1' is set on object 'Object Repository/Page_KHTN Administration Users Accounts Add_aad8ed/input_Username_username'

2022-01-15 16:37:15 - [TEST_STEP][PASSED] - click(findTestObject("Object Repository/Page_KHTN Administration Users Accounts Add_aad8ed/em_Click to enter text")): Object: 'Object Repository/Page_KHTN Administration Users Accounts Add_aad8ed/em_Click to enter text' is clicked on

2022-01-15 16:37:16 - [MESSAGE][PASSED] - Object: 'Object Repository/Page_KHTN Administration Users Accounts Add_aad8ed/em_Click to enter text' is clicked on

2022-01-15 16:37:16 - [TEST_STEP][PASSED] - setText(findTestObject("Object Repository/Page_KHTN Administration Users Accounts Add_aad8ed/input_New password_newpassword"), password): Text 'Mteacher1#' is set on object 'Object Repository/Page_KHTN Administration Users Accounts Add_aad8ed/input_New password_newpassword'

2022-01-15 16:37:17 - [MESSAGE][PASSED] - Text 'Mteacher1#' is set on object 'Object Repository/Page_KHTN Administration Users Accounts Add_aad8ed/input_New password_newpassword'

2022-01-15 16:37:17 - [TEST_STEP][PASSED] - setText(findTestObject("Object Repository/Page_KHTN Administration Users Accounts Add_aad8ed/input_First name_firstname"), firstname): Text 'Teacher' is set on object 'Object Repository/Page_KHTN Administration Users Accounts Add_aad8ed/input_First name_firstname'

2022-01-15 16:37:18 - [MESSAGE][PASSED] - Text 'Teacher' is set on object 'Object Repository/Page_KHTN Administration Users Accounts Add_aad8ed/input_First name_firstname'

2022-01-15 16:37:18 - [TEST_STEP][PASSED] - click(findTestObject("Object Repository/Page_KHTN Administration Users Accounts Add_aad8ed/div_Username                               _ccea4b")): Object: 'Object Repository/Page_KHTN Administration Users Accounts Add_aad8ed/div_Username                               _ccea4b' is clicked on

2022-01-15 16:37:18 - [MESSAGE][PASSED] - Object: 'Object Repository/Page_KHTN Administration Users Accounts Add_aad8ed/div_Username                               _ccea4b' is clicked on

2022-01-15 16:37:18 - [TEST_STEP][PASSED] - setText(findTestObject("Object Repository/Page_KHTN Administration Users Accounts Add_aad8ed/input_Surname_lastname"), lastname): Text 'Hubbard' is set on object 'Object Repository/Page_KHTN Administration Users Accounts Add_aad8ed/input_Surname_lastname'

2022-01-15 16:37:19 - [MESSAGE][PASSED] - Text 'Hubbard' is set on object 'Object Repository/Page_KHTN Administration Users Accounts Add_aad8ed/input_Surname_lastname'

2022-01-15 16:37:19 - [TEST_STEP][PASSED] - setText(findTestObject("Object Repository/Page_KHTN Administration Users Accounts Add_aad8ed/input_Email address_email"), email): Text 't1@example.com' is set on object 'Object Repository/Page_KHTN Administration Users Accounts Add_aad8ed/input_Email address_email'

2022-01-15 16:37:20 - [MESSAGE][PASSED] - Text 't1@example.com' is set on object 'Object Repository/Page_KHTN Administration Users Accounts Add_aad8ed/input_Email address_email'

2022-01-15 16:37:20 - [TEST_STEP][PASSED] - click(findTestObject("Object Repository/Page_KHTN Administration Users Accounts Add_aad8ed/input_Address_submitbutton")): Object: 'Object Repository/Page_KHTN Administration Users Accounts Add_aad8ed/input_Address_submitbutton' is clicked on

2022-01-15 16:37:21 - [MESSAGE][PASSED] - Object: 'Object Repository/Page_KHTN Administration Users Accounts Add_aad8ed/input_Address_submitbutton' is clicked on

2022-01-15 16:37:21 - [TEST_STEP][PASSED] - verifyElementVisible(findTestObject("Object Repository/Page_KHTN Administration Users Accounts Bro_45ce40/div_Changes saved")): Object 'Object Repository/Page_KHTN Administration Users Accounts Bro_45ce40/div_Changes saved' is visible

2022-01-15 16:37:22 - [MESSAGE][PASSED] - Object 'Object Repository/Page_KHTN Administration Users Accounts Bro_45ce40/div_Changes saved' is visible

2022-01-15 16:37:22 - [TEST_STEP][PASSED] - verifyElementVisible(findTestObject("Object Repository/Page_KHTN Administration Users Accounts Bro_45ce40/td_s1example.com")): Object 'Object Repository/Page_KHTN Administration Users Accounts Bro_45ce40/td_s1example.com' is visible

2022-01-15 16:37:22 - [MESSAGE][PASSED] - Object 'Object Repository/Page_KHTN Administration Users Accounts Bro_45ce40/td_s1example.com' is visible

2022-01-15 16:37:22 - [TEST_STEP][PASSED] - click(findTestObject("Object Repository/Page_KHTN Administration Users Accounts Bro_45ce40/a_Admin User")): Object: 'Object Repository/Page_KHTN Administration Users Accounts Bro_45ce40/a_Admin User' is clicked on

2022-01-15 16:37:22 - [MESSAGE][PASSED] - Object: 'Object Repository/Page_KHTN Administration Users Accounts Bro_45ce40/a_Admin User' is clicked on

2022-01-15 16:37:22 - [TEST_STEP][PASSED] - click(findTestObject("Object Repository/Page_KHTN Administration Users Accounts Bro_45ce40/span_Log out")): Object: 'Object Repository/Page_KHTN Administration Users Accounts Bro_45ce40/span_Log out' is clicked on

2022-01-15 16:37:23 - [MESSAGE][PASSED] - Object: 'Object Repository/Page_KHTN Administration Users Accounts Bro_45ce40/span_Log out' is clicked on

2022-01-15 16:37:23 - [TEST_STEP][PASSED] - click(findTestObject("Object Repository/Page_HCMUS/a_Log in")): Object: 'Object Repository/Page_HCMUS/a_Log in' is clicked on

2022-01-15 16:37:24 - [MESSAGE][PASSED] - Object: 'Object Repository/Page_HCMUS/a_Log in' is clicked on

2022-01-15 16:37:24 - [TEST_STEP][PASSED] - setText(findTestObject("Object Repository/Page_HCMUS Log in to the site/input_Username_username"), username): Text 'teacher1' is set on object 'Object Repository/Page_HCMUS Log in to the site/input_Username_username'

2022-01-15 16:37:24 - [MESSAGE][PASSED] - Text 'teacher1' is set on object 'Object Repository/Page_HCMUS Log in to the site/input_Username_username'

2022-01-15 16:37:24 - [TEST_STEP][PASSED] - setText(findTestObject("Object Repository/Page_HCMUS Log in to the site/input_Password_password"), password): Text 'Mteacher1#' is set on object 'Object Repository/Page_HCMUS Log in to the site/input_Password_password'

2022-01-15 16:37:25 - [MESSAGE][PASSED] - Text 'Mteacher1#' is set on object 'Object Repository/Page_HCMUS Log in to the site/input_Password_password'

2022-01-15 16:37:25 - [TEST_STEP][PASSED] - click(findTestObject("Object Repository/Page_HCMUS Log in to the site/button_Log in")): Object: 'Object Repository/Page_HCMUS Log in to the site/button_Log in' is clicked on

2022-01-15 16:37:26 - [MESSAGE][PASSED] - Object: 'Object Repository/Page_HCMUS Log in to the site/button_Log in' is clicked on

2022-01-15 16:37:26 - [TEST_STEP][PASSED] - verifyElementVisible(findTestObject("Object Repository/Page_Dashboard/span_Student Waldrop")): Object 'Object Repository/Page_Dashboard/span_Student Waldrop' is visible

2022-01-15 16:37:27 - [MESSAGE][PASSED] - Object 'Object Repository/Page_Dashboard/span_Student Waldrop' is visible

2022-01-15 16:37:27 - [TEST_STEP][PASSED] - closeBrowser(): Browser is closed

2022-01-15 16:37:28 - [MESSAGE][PASSED] - Browser is closed]]></system-out>
         <system-err><![CDATA[]]></system-err>
      </testcase>
      <testcase name="Test Cases/7_tạo tài khoản user chính xác" time="22.024" classname="Test Cases/7_tạo tài khoản user chính xác" status="PASSED">
         <system-out><![CDATA[2022-01-15 16:37:28 - [TEST_CASE][PASSED] - Test Cases/7_tạo tài khoản user chính xác: Test Cases/7_tạo tài khoản user chính xác

2022-01-15 16:37:28 - [TEST_STEP][PASSED] - openBrowser(""): Browser is opened with url: ''

2022-01-15 16:37:28 - [MESSAGE][INFO] - Starting 'Chrome' driver

2022-01-15 16:37:28 - [MESSAGE][INFO] - Action delay is set to 0 milliseconds

2022-01-15 16:37:30 - [MESSAGE][PASSED] - Browser is opened with url: ''

2022-01-15 16:37:30 - [TEST_STEP][PASSED] - navigateToUrl("http://localhost/"): Navigate to 'http://localhost/' successfully

2022-01-15 16:37:30 - [MESSAGE][PASSED] - Navigate to 'http://localhost/' successfully

2022-01-15 16:37:30 - [TEST_STEP][PASSED] - click(findTestObject("Object Repository/Page_HCMUS/a_Log in")): Object: 'Object Repository/Page_HCMUS/a_Log in' is clicked on

2022-01-15 16:37:31 - [MESSAGE][PASSED] - Object: 'Object Repository/Page_HCMUS/a_Log in' is clicked on

2022-01-15 16:37:31 - [TEST_STEP][PASSED] - setText(findTestObject("Object Repository/Page_HCMUS Log in to the site/input_Username_username"), "admin"): Text 'admin' is set on object 'Object Repository/Page_HCMUS Log in to the site/input_Username_username'

2022-01-15 16:37:31 - [MESSAGE][PASSED] - Text 'admin' is set on object 'Object Repository/Page_HCMUS Log in to the site/input_Username_username'

2022-01-15 16:37:31 - [TEST_STEP][PASSED] - setEncryptedText(findTestObject("Object Repository/Page_HCMUS Log in to the site/input_Password_password"), "5MU2PI2jvJCK/lBTYOwt6g=="): Text ****** has been set on object 'Object Repository/Page_HCMUS Log in to the site/input_Password_password'

2022-01-15 16:37:32 - [MESSAGE][PASSED] - Text ****** has been set on object 'Object Repository/Page_HCMUS Log in to the site/input_Password_password'

2022-01-15 16:37:32 - [TEST_STEP][PASSED] - click(findTestObject("Object Repository/Page_HCMUS Log in to the site/button_Log in")): Object: 'Object Repository/Page_HCMUS Log in to the site/button_Log in' is clicked on

2022-01-15 16:37:33 - [MESSAGE][PASSED] - Object: 'Object Repository/Page_HCMUS Log in to the site/button_Log in' is clicked on

2022-01-15 16:37:33 - [TEST_STEP][PASSED] - click(findTestObject("Object Repository/Page_Dashboard/span_Site administration")): Object: 'Object Repository/Page_Dashboard/span_Site administration' is clicked on

2022-01-15 16:37:34 - [MESSAGE][PASSED] - Object: 'Object Repository/Page_Dashboard/span_Site administration' is clicked on

2022-01-15 16:37:34 - [TEST_STEP][PASSED] - click(findTestObject("Object Repository/Page_KHTN Administration Search/a_Users")): Object: 'Object Repository/Page_KHTN Administration Search/a_Users' is clicked on

2022-01-15 16:37:35 - [MESSAGE][PASSED] - Object: 'Object Repository/Page_KHTN Administration Search/a_Users' is clicked on

2022-01-15 16:37:35 - [TEST_STEP][PASSED] - click(findTestObject("Object Repository/Page_KHTN Administration Search/a_Add a new user")): Object: 'Object Repository/Page_KHTN Administration Search/a_Add a new user' is clicked on

2022-01-15 16:37:36 - [MESSAGE][PASSED] - Object: 'Object Repository/Page_KHTN Administration Search/a_Add a new user' is clicked on

2022-01-15 16:37:36 - [TEST_STEP][PASSED] - setText(findTestObject("Object Repository/Page_KHTN Administration Users Accounts Add_aad8ed/input_Username_username"), username): Text 'teacher2' is set on object 'Object Repository/Page_KHTN Administration Users Accounts Add_aad8ed/input_Username_username'

2022-01-15 16:37:37 - [MESSAGE][PASSED] - Text 'teacher2' is set on object 'Object Repository/Page_KHTN Administration Users Accounts Add_aad8ed/input_Username_username'

2022-01-15 16:37:37 - [TEST_STEP][PASSED] - click(findTestObject("Object Repository/Page_KHTN Administration Users Accounts Add_aad8ed/em_Click to enter text")): Object: 'Object Repository/Page_KHTN Administration Users Accounts Add_aad8ed/em_Click to enter text' is clicked on

2022-01-15 16:37:38 - [MESSAGE][PASSED] - Object: 'Object Repository/Page_KHTN Administration Users Accounts Add_aad8ed/em_Click to enter text' is clicked on

2022-01-15 16:37:38 - [TEST_STEP][PASSED] - setText(findTestObject("Object Repository/Page_KHTN Administration Users Accounts Add_aad8ed/input_New password_newpassword"), password): Text 'Mteacher2#' is set on object 'Object Repository/Page_KHTN Administration Users Accounts Add_aad8ed/input_New password_newpassword'

2022-01-15 16:37:39 - [MESSAGE][PASSED] - Text 'Mteacher2#' is set on object 'Object Repository/Page_KHTN Administration Users Accounts Add_aad8ed/input_New password_newpassword'

2022-01-15 16:37:39 - [TEST_STEP][PASSED] - setText(findTestObject("Object Repository/Page_KHTN Administration Users Accounts Add_aad8ed/input_First name_firstname"), firstname): Text 'Teacher' is set on object 'Object Repository/Page_KHTN Administration Users Accounts Add_aad8ed/input_First name_firstname'

2022-01-15 16:37:40 - [MESSAGE][PASSED] - Text 'Teacher' is set on object 'Object Repository/Page_KHTN Administration Users Accounts Add_aad8ed/input_First name_firstname'

2022-01-15 16:37:40 - [TEST_STEP][PASSED] - click(findTestObject("Object Repository/Page_KHTN Administration Users Accounts Add_aad8ed/div_Username                               _ccea4b")): Object: 'Object Repository/Page_KHTN Administration Users Accounts Add_aad8ed/div_Username                               _ccea4b' is clicked on

2022-01-15 16:37:40 - [MESSAGE][PASSED] - Object: 'Object Repository/Page_KHTN Administration Users Accounts Add_aad8ed/div_Username                               _ccea4b' is clicked on

2022-01-15 16:37:40 - [TEST_STEP][PASSED] - setText(findTestObject("Object Repository/Page_KHTN Administration Users Accounts Add_aad8ed/input_Surname_lastname"), lastname): Text 'Morrill' is set on object 'Object Repository/Page_KHTN Administration Users Accounts Add_aad8ed/input_Surname_lastname'

2022-01-15 16:37:41 - [MESSAGE][PASSED] - Text 'Morrill' is set on object 'Object Repository/Page_KHTN Administration Users Accounts Add_aad8ed/input_Surname_lastname'

2022-01-15 16:37:41 - [TEST_STEP][PASSED] - setText(findTestObject("Object Repository/Page_KHTN Administration Users Accounts Add_aad8ed/input_Email address_email"), email): Text 't2@example.com' is set on object 'Object Repository/Page_KHTN Administration Users Accounts Add_aad8ed/input_Email address_email'

2022-01-15 16:37:42 - [MESSAGE][PASSED] - Text 't2@example.com' is set on object 'Object Repository/Page_KHTN Administration Users Accounts Add_aad8ed/input_Email address_email'

2022-01-15 16:37:42 - [TEST_STEP][PASSED] - click(findTestObject("Object Repository/Page_KHTN Administration Users Accounts Add_aad8ed/input_Address_submitbutton")): Object: 'Object Repository/Page_KHTN Administration Users Accounts Add_aad8ed/input_Address_submitbutton' is clicked on

2022-01-15 16:37:43 - [MESSAGE][PASSED] - Object: 'Object Repository/Page_KHTN Administration Users Accounts Add_aad8ed/input_Address_submitbutton' is clicked on

2022-01-15 16:37:43 - [TEST_STEP][PASSED] - verifyElementVisible(findTestObject("Object Repository/Page_KHTN Administration Users Accounts Bro_45ce40/div_Changes saved")): Object 'Object Repository/Page_KHTN Administration Users Accounts Bro_45ce40/div_Changes saved' is visible

2022-01-15 16:37:44 - [MESSAGE][PASSED] - Object 'Object Repository/Page_KHTN Administration Users Accounts Bro_45ce40/div_Changes saved' is visible

2022-01-15 16:37:44 - [TEST_STEP][PASSED] - verifyElementVisible(findTestObject("Object Repository/Page_KHTN Administration Users Accounts Bro_45ce40/td_s1example.com")): Object 'Object Repository/Page_KHTN Administration Users Accounts Bro_45ce40/td_s1example.com' is visible

2022-01-15 16:37:44 - [MESSAGE][PASSED] - Object 'Object Repository/Page_KHTN Administration Users Accounts Bro_45ce40/td_s1example.com' is visible

2022-01-15 16:37:44 - [TEST_STEP][PASSED] - click(findTestObject("Object Repository/Page_KHTN Administration Users Accounts Bro_45ce40/a_Admin User")): Object: 'Object Repository/Page_KHTN Administration Users Accounts Bro_45ce40/a_Admin User' is clicked on

2022-01-15 16:37:44 - [MESSAGE][PASSED] - Object: 'Object Repository/Page_KHTN Administration Users Accounts Bro_45ce40/a_Admin User' is clicked on

2022-01-15 16:37:44 - [TEST_STEP][PASSED] - click(findTestObject("Object Repository/Page_KHTN Administration Users Accounts Bro_45ce40/span_Log out")): Object: 'Object Repository/Page_KHTN Administration Users Accounts Bro_45ce40/span_Log out' is clicked on

2022-01-15 16:37:45 - [MESSAGE][PASSED] - Object: 'Object Repository/Page_KHTN Administration Users Accounts Bro_45ce40/span_Log out' is clicked on

2022-01-15 16:37:45 - [TEST_STEP][PASSED] - click(findTestObject("Object Repository/Page_HCMUS/a_Log in")): Object: 'Object Repository/Page_HCMUS/a_Log in' is clicked on

2022-01-15 16:37:46 - [MESSAGE][PASSED] - Object: 'Object Repository/Page_HCMUS/a_Log in' is clicked on

2022-01-15 16:37:46 - [TEST_STEP][PASSED] - setText(findTestObject("Object Repository/Page_HCMUS Log in to the site/input_Username_username"), username): Text 'teacher2' is set on object 'Object Repository/Page_HCMUS Log in to the site/input_Username_username'

2022-01-15 16:37:47 - [MESSAGE][PASSED] - Text 'teacher2' is set on object 'Object Repository/Page_HCMUS Log in to the site/input_Username_username'

2022-01-15 16:37:47 - [TEST_STEP][PASSED] - setText(findTestObject("Object Repository/Page_HCMUS Log in to the site/input_Password_password"), password): Text 'Mteacher2#' is set on object 'Object Repository/Page_HCMUS Log in to the site/input_Password_password'

2022-01-15 16:37:47 - [MESSAGE][PASSED] - Text 'Mteacher2#' is set on object 'Object Repository/Page_HCMUS Log in to the site/input_Password_password'

2022-01-15 16:37:47 - [TEST_STEP][PASSED] - click(findTestObject("Object Repository/Page_HCMUS Log in to the site/button_Log in")): Object: 'Object Repository/Page_HCMUS Log in to the site/button_Log in' is clicked on

2022-01-15 16:37:48 - [MESSAGE][PASSED] - Object: 'Object Repository/Page_HCMUS Log in to the site/button_Log in' is clicked on

2022-01-15 16:37:48 - [TEST_STEP][PASSED] - verifyElementVisible(findTestObject("Object Repository/Page_Dashboard/span_Student Waldrop")): Object 'Object Repository/Page_Dashboard/span_Student Waldrop' is visible

2022-01-15 16:37:49 - [MESSAGE][PASSED] - Object 'Object Repository/Page_Dashboard/span_Student Waldrop' is visible

2022-01-15 16:37:49 - [TEST_STEP][PASSED] - closeBrowser(): Browser is closed

2022-01-15 16:37:50 - [MESSAGE][PASSED] - Browser is closed]]></system-out>
         <system-err><![CDATA[]]></system-err>
      </testcase>
      <testcase name="Test Cases/7_tạo tài khoản user chính xác" time="22.449" classname="Test Cases/7_tạo tài khoản user chính xác" status="PASSED">
         <system-out><![CDATA[2022-01-15 16:37:50 - [TEST_CASE][PASSED] - Test Cases/7_tạo tài khoản user chính xác: Test Cases/7_tạo tài khoản user chính xác

2022-01-15 16:37:50 - [TEST_STEP][PASSED] - openBrowser(""): Browser is opened with url: ''

2022-01-15 16:37:50 - [MESSAGE][INFO] - Starting 'Chrome' driver

2022-01-15 16:37:50 - [MESSAGE][INFO] - Action delay is set to 0 milliseconds

2022-01-15 16:37:52 - [MESSAGE][PASSED] - Browser is opened with url: ''

2022-01-15 16:37:52 - [TEST_STEP][PASSED] - navigateToUrl("http://localhost/"): Navigate to 'http://localhost/' successfully

2022-01-15 16:37:52 - [MESSAGE][PASSED] - Navigate to 'http://localhost/' successfully

2022-01-15 16:37:52 - [TEST_STEP][PASSED] - click(findTestObject("Object Repository/Page_HCMUS/a_Log in")): Object: 'Object Repository/Page_HCMUS/a_Log in' is clicked on

2022-01-15 16:37:53 - [MESSAGE][PASSED] - Object: 'Object Repository/Page_HCMUS/a_Log in' is clicked on

2022-01-15 16:37:53 - [TEST_STEP][PASSED] - setText(findTestObject("Object Repository/Page_HCMUS Log in to the site/input_Username_username"), "admin"): Text 'admin' is set on object 'Object Repository/Page_HCMUS Log in to the site/input_Username_username'

2022-01-15 16:37:54 - [MESSAGE][PASSED] - Text 'admin' is set on object 'Object Repository/Page_HCMUS Log in to the site/input_Username_username'

2022-01-15 16:37:54 - [TEST_STEP][PASSED] - setEncryptedText(findTestObject("Object Repository/Page_HCMUS Log in to the site/input_Password_password"), "5MU2PI2jvJCK/lBTYOwt6g=="): Text ****** has been set on object 'Object Repository/Page_HCMUS Log in to the site/input_Password_password'

2022-01-15 16:37:54 - [MESSAGE][PASSED] - Text ****** has been set on object 'Object Repository/Page_HCMUS Log in to the site/input_Password_password'

2022-01-15 16:37:54 - [TEST_STEP][PASSED] - click(findTestObject("Object Repository/Page_HCMUS Log in to the site/button_Log in")): Object: 'Object Repository/Page_HCMUS Log in to the site/button_Log in' is clicked on

2022-01-15 16:37:55 - [MESSAGE][PASSED] - Object: 'Object Repository/Page_HCMUS Log in to the site/button_Log in' is clicked on

2022-01-15 16:37:55 - [TEST_STEP][PASSED] - click(findTestObject("Object Repository/Page_Dashboard/span_Site administration")): Object: 'Object Repository/Page_Dashboard/span_Site administration' is clicked on

2022-01-15 16:37:57 - [MESSAGE][PASSED] - Object: 'Object Repository/Page_Dashboard/span_Site administration' is clicked on

2022-01-15 16:37:57 - [TEST_STEP][PASSED] - click(findTestObject("Object Repository/Page_KHTN Administration Search/a_Users")): Object: 'Object Repository/Page_KHTN Administration Search/a_Users' is clicked on

2022-01-15 16:37:57 - [MESSAGE][PASSED] - Object: 'Object Repository/Page_KHTN Administration Search/a_Users' is clicked on

2022-01-15 16:37:57 - [TEST_STEP][PASSED] - click(findTestObject("Object Repository/Page_KHTN Administration Search/a_Add a new user")): Object: 'Object Repository/Page_KHTN Administration Search/a_Add a new user' is clicked on

2022-01-15 16:37:59 - [MESSAGE][PASSED] - Object: 'Object Repository/Page_KHTN Administration Search/a_Add a new user' is clicked on

2022-01-15 16:37:59 - [TEST_STEP][PASSED] - setText(findTestObject("Object Repository/Page_KHTN Administration Users Accounts Add_aad8ed/input_Username_username"), username): Text 'teacher3' is set on object 'Object Repository/Page_KHTN Administration Users Accounts Add_aad8ed/input_Username_username'

2022-01-15 16:38:00 - [MESSAGE][PASSED] - Text 'teacher3' is set on object 'Object Repository/Page_KHTN Administration Users Accounts Add_aad8ed/input_Username_username'

2022-01-15 16:38:00 - [TEST_STEP][PASSED] - click(findTestObject("Object Repository/Page_KHTN Administration Users Accounts Add_aad8ed/em_Click to enter text")): Object: 'Object Repository/Page_KHTN Administration Users Accounts Add_aad8ed/em_Click to enter text' is clicked on

2022-01-15 16:38:00 - [MESSAGE][PASSED] - Object: 'Object Repository/Page_KHTN Administration Users Accounts Add_aad8ed/em_Click to enter text' is clicked on

2022-01-15 16:38:00 - [TEST_STEP][PASSED] - setText(findTestObject("Object Repository/Page_KHTN Administration Users Accounts Add_aad8ed/input_New password_newpassword"), password): Text 'Mteacher3#' is set on object 'Object Repository/Page_KHTN Administration Users Accounts Add_aad8ed/input_New password_newpassword'

2022-01-15 16:38:01 - [MESSAGE][PASSED] - Text 'Mteacher3#' is set on object 'Object Repository/Page_KHTN Administration Users Accounts Add_aad8ed/input_New password_newpassword'

2022-01-15 16:38:01 - [TEST_STEP][PASSED] - setText(findTestObject("Object Repository/Page_KHTN Administration Users Accounts Add_aad8ed/input_First name_firstname"), firstname): Text 'Teacher' is set on object 'Object Repository/Page_KHTN Administration Users Accounts Add_aad8ed/input_First name_firstname'

2022-01-15 16:38:02 - [MESSAGE][PASSED] - Text 'Teacher' is set on object 'Object Repository/Page_KHTN Administration Users Accounts Add_aad8ed/input_First name_firstname'

2022-01-15 16:38:02 - [TEST_STEP][PASSED] - click(findTestObject("Object Repository/Page_KHTN Administration Users Accounts Add_aad8ed/div_Username                               _ccea4b")): Object: 'Object Repository/Page_KHTN Administration Users Accounts Add_aad8ed/div_Username                               _ccea4b' is clicked on

2022-01-15 16:38:03 - [MESSAGE][PASSED] - Object: 'Object Repository/Page_KHTN Administration Users Accounts Add_aad8ed/div_Username                               _ccea4b' is clicked on

2022-01-15 16:38:03 - [TEST_STEP][PASSED] - setText(findTestObject("Object Repository/Page_KHTN Administration Users Accounts Add_aad8ed/input_Surname_lastname"), lastname): Text 'Quarles' is set on object 'Object Repository/Page_KHTN Administration Users Accounts Add_aad8ed/input_Surname_lastname'

2022-01-15 16:38:04 - [MESSAGE][PASSED] - Text 'Quarles' is set on object 'Object Repository/Page_KHTN Administration Users Accounts Add_aad8ed/input_Surname_lastname'

2022-01-15 16:38:04 - [TEST_STEP][PASSED] - setText(findTestObject("Object Repository/Page_KHTN Administration Users Accounts Add_aad8ed/input_Email address_email"), email): Text 't3@example.com' is set on object 'Object Repository/Page_KHTN Administration Users Accounts Add_aad8ed/input_Email address_email'

2022-01-15 16:38:04 - [MESSAGE][PASSED] - Text 't3@example.com' is set on object 'Object Repository/Page_KHTN Administration Users Accounts Add_aad8ed/input_Email address_email'

2022-01-15 16:38:04 - [TEST_STEP][PASSED] - click(findTestObject("Object Repository/Page_KHTN Administration Users Accounts Add_aad8ed/input_Address_submitbutton")): Object: 'Object Repository/Page_KHTN Administration Users Accounts Add_aad8ed/input_Address_submitbutton' is clicked on

2022-01-15 16:38:06 - [MESSAGE][PASSED] - Object: 'Object Repository/Page_KHTN Administration Users Accounts Add_aad8ed/input_Address_submitbutton' is clicked on

2022-01-15 16:38:06 - [TEST_STEP][PASSED] - verifyElementVisible(findTestObject("Object Repository/Page_KHTN Administration Users Accounts Bro_45ce40/div_Changes saved")): Object 'Object Repository/Page_KHTN Administration Users Accounts Bro_45ce40/div_Changes saved' is visible

2022-01-15 16:38:06 - [MESSAGE][PASSED] - Object 'Object Repository/Page_KHTN Administration Users Accounts Bro_45ce40/div_Changes saved' is visible

2022-01-15 16:38:06 - [TEST_STEP][PASSED] - verifyElementVisible(findTestObject("Object Repository/Page_KHTN Administration Users Accounts Bro_45ce40/td_s1example.com")): Object 'Object Repository/Page_KHTN Administration Users Accounts Bro_45ce40/td_s1example.com' is visible

2022-01-15 16:38:07 - [MESSAGE][PASSED] - Object 'Object Repository/Page_KHTN Administration Users Accounts Bro_45ce40/td_s1example.com' is visible

2022-01-15 16:38:07 - [TEST_STEP][PASSED] - click(findTestObject("Object Repository/Page_KHTN Administration Users Accounts Bro_45ce40/a_Admin User")): Object: 'Object Repository/Page_KHTN Administration Users Accounts Bro_45ce40/a_Admin User' is clicked on

2022-01-15 16:38:07 - [MESSAGE][PASSED] - Object: 'Object Repository/Page_KHTN Administration Users Accounts Bro_45ce40/a_Admin User' is clicked on

2022-01-15 16:38:07 - [TEST_STEP][PASSED] - click(findTestObject("Object Repository/Page_KHTN Administration Users Accounts Bro_45ce40/span_Log out")): Object: 'Object Repository/Page_KHTN Administration Users Accounts Bro_45ce40/span_Log out' is clicked on

2022-01-15 16:38:08 - [MESSAGE][PASSED] - Object: 'Object Repository/Page_KHTN Administration Users Accounts Bro_45ce40/span_Log out' is clicked on

2022-01-15 16:38:08 - [TEST_STEP][PASSED] - click(findTestObject("Object Repository/Page_HCMUS/a_Log in")): Object: 'Object Repository/Page_HCMUS/a_Log in' is clicked on

2022-01-15 16:38:08 - [MESSAGE][PASSED] - Object: 'Object Repository/Page_HCMUS/a_Log in' is clicked on

2022-01-15 16:38:08 - [TEST_STEP][PASSED] - setText(findTestObject("Object Repository/Page_HCMUS Log in to the site/input_Username_username"), username): Text 'teacher3' is set on object 'Object Repository/Page_HCMUS Log in to the site/input_Username_username'

2022-01-15 16:38:09 - [MESSAGE][PASSED] - Text 'teacher3' is set on object 'Object Repository/Page_HCMUS Log in to the site/input_Username_username'

2022-01-15 16:38:09 - [TEST_STEP][PASSED] - setText(findTestObject("Object Repository/Page_HCMUS Log in to the site/input_Password_password"), password): Text 'Mteacher3#' is set on object 'Object Repository/Page_HCMUS Log in to the site/input_Password_password'

2022-01-15 16:38:10 - [MESSAGE][PASSED] - Text 'Mteacher3#' is set on object 'Object Repository/Page_HCMUS Log in to the site/input_Password_password'

2022-01-15 16:38:10 - [TEST_STEP][PASSED] - click(findTestObject("Object Repository/Page_HCMUS Log in to the site/button_Log in")): Object: 'Object Repository/Page_HCMUS Log in to the site/button_Log in' is clicked on

2022-01-15 16:38:11 - [MESSAGE][PASSED] - Object: 'Object Repository/Page_HCMUS Log in to the site/button_Log in' is clicked on

2022-01-15 16:38:11 - [TEST_STEP][PASSED] - verifyElementVisible(findTestObject("Object Repository/Page_Dashboard/span_Student Waldrop")): Object 'Object Repository/Page_Dashboard/span_Student Waldrop' is visible

2022-01-15 16:38:12 - [MESSAGE][PASSED] - Object 'Object Repository/Page_Dashboard/span_Student Waldrop' is visible

2022-01-15 16:38:12 - [TEST_STEP][PASSED] - closeBrowser(): Browser is closed

2022-01-15 16:38:13 - [MESSAGE][PASSED] - Browser is closed]]></system-out>
         <system-err><![CDATA[]]></system-err>
      </testcase>
      <testcase name="Test Cases/8_admin kiểm tra thẻ site administration" time="7.62" classname="Test Cases/8_admin kiểm tra thẻ site administration" status="PASSED">
         <system-out><![CDATA[2022-01-15 16:38:13 - [TEST_CASE][PASSED] - Test Cases/8_admin kiểm tra thẻ site administration: Test Cases/8_admin kiểm tra thẻ site administration

2022-01-15 16:38:13 - [TEST_STEP][PASSED] - openBrowser(""): Browser is opened with url: ''

2022-01-15 16:38:13 - [MESSAGE][INFO] - Starting 'Chrome' driver

2022-01-15 16:38:13 - [MESSAGE][INFO] - Action delay is set to 0 milliseconds

2022-01-15 16:38:14 - [MESSAGE][PASSED] - Browser is opened with url: ''

2022-01-15 16:38:14 - [TEST_STEP][PASSED] - navigateToUrl("http://localhost/"): Navigate to 'http://localhost/' successfully

2022-01-15 16:38:15 - [MESSAGE][PASSED] - Navigate to 'http://localhost/' successfully

2022-01-15 16:38:15 - [TEST_STEP][PASSED] - click(findTestObject("Object Repository/Page_HCMUS/a_Log in")): Object: 'Object Repository/Page_HCMUS/a_Log in' is clicked on

2022-01-15 16:38:15 - [MESSAGE][PASSED] - Object: 'Object Repository/Page_HCMUS/a_Log in' is clicked on

2022-01-15 16:38:15 - [TEST_STEP][PASSED] - setText(findTestObject("Object Repository/Page_HCMUS Log in to the site/input_Username_username"), "admin"): Text 'admin' is set on object 'Object Repository/Page_HCMUS Log in to the site/input_Username_username'

2022-01-15 16:38:16 - [MESSAGE][PASSED] - Text 'admin' is set on object 'Object Repository/Page_HCMUS Log in to the site/input_Username_username'

2022-01-15 16:38:16 - [TEST_STEP][PASSED] - setEncryptedText(findTestObject("Object Repository/Page_HCMUS Log in to the site/input_Password_password"), "5MU2PI2jvJCK/lBTYOwt6g=="): Text ****** has been set on object 'Object Repository/Page_HCMUS Log in to the site/input_Password_password'

2022-01-15 16:38:17 - [MESSAGE][PASSED] - Text ****** has been set on object 'Object Repository/Page_HCMUS Log in to the site/input_Password_password'

2022-01-15 16:38:17 - [TEST_STEP][PASSED] - click(findTestObject("Object Repository/Page_HCMUS Log in to the site/button_Log in")): Object: 'Object Repository/Page_HCMUS Log in to the site/button_Log in' is clicked on

2022-01-15 16:38:18 - [MESSAGE][PASSED] - Object: 'Object Repository/Page_HCMUS Log in to the site/button_Log in' is clicked on

2022-01-15 16:38:18 - [TEST_STEP][PASSED] - click(findTestObject("Object Repository/Page_Dashboard/span_Site administration")): Object: 'Object Repository/Page_Dashboard/span_Site administration' is clicked on

2022-01-15 16:38:19 - [MESSAGE][PASSED] - Object: 'Object Repository/Page_Dashboard/span_Site administration' is clicked on

2022-01-15 16:38:19 - [TEST_STEP][PASSED] - verifyElementVisible(findTestObject("Object Repository/Page_KHTN Administration Search/a_Site administration")): Object 'Object Repository/Page_KHTN Administration Search/a_Site administration' is visible

2022-01-15 16:38:20 - [MESSAGE][PASSED] - Object 'Object Repository/Page_KHTN Administration Search/a_Site administration' is visible

2022-01-15 16:38:20 - [TEST_STEP][PASSED] - closeBrowser(): Browser is closed

2022-01-15 16:38:20 - [MESSAGE][PASSED] - Browser is closed]]></system-out>
         <system-err><![CDATA[]]></system-err>
      </testcase>
      <testcase name="Test Cases/9_tạo 1 course thành công" time="15.991" classname="Test Cases/9_tạo 1 course thành công" status="PASSED">
         <system-out><![CDATA[2022-01-15 16:38:20 - [TEST_CASE][PASSED] - Test Cases/9_tạo 1 course thành công: Test Cases/9_tạo 1 course thành công

2022-01-15 16:38:21 - [TEST_STEP][PASSED] - openBrowser(""): Browser is opened with url: ''

2022-01-15 16:38:21 - [MESSAGE][INFO] - Starting 'Chrome' driver

2022-01-15 16:38:21 - [MESSAGE][INFO] - Action delay is set to 0 milliseconds

2022-01-15 16:38:22 - [MESSAGE][PASSED] - Browser is opened with url: ''

2022-01-15 16:38:22 - [TEST_STEP][PASSED] - navigateToUrl("http://localhost/"): Navigate to 'http://localhost/' successfully

2022-01-15 16:38:23 - [MESSAGE][PASSED] - Navigate to 'http://localhost/' successfully

2022-01-15 16:38:23 - [TEST_STEP][PASSED] - click(findTestObject("Object Repository/Page_HCMUS/a_Log in")): Object: 'Object Repository/Page_HCMUS/a_Log in' is clicked on

2022-01-15 16:38:23 - [MESSAGE][PASSED] - Object: 'Object Repository/Page_HCMUS/a_Log in' is clicked on

2022-01-15 16:38:23 - [TEST_STEP][PASSED] - setText(findTestObject("Object Repository/Page_HCMUS Log in to the site/input_Username_username"), "admin"): Text 'admin' is set on object 'Object Repository/Page_HCMUS Log in to the site/input_Username_username'

2022-01-15 16:38:24 - [MESSAGE][PASSED] - Text 'admin' is set on object 'Object Repository/Page_HCMUS Log in to the site/input_Username_username'

2022-01-15 16:38:24 - [TEST_STEP][PASSED] - setEncryptedText(findTestObject("Object Repository/Page_HCMUS Log in to the site/input_Password_password"), "5MU2PI2jvJCK/lBTYOwt6g=="): Text ****** has been set on object 'Object Repository/Page_HCMUS Log in to the site/input_Password_password'

2022-01-15 16:38:24 - [MESSAGE][PASSED] - Text ****** has been set on object 'Object Repository/Page_HCMUS Log in to the site/input_Password_password'

2022-01-15 16:38:24 - [TEST_STEP][PASSED] - click(findTestObject("Object Repository/Page_HCMUS Log in to the site/button_Log in")): Object: 'Object Repository/Page_HCMUS Log in to the site/button_Log in' is clicked on

2022-01-15 16:38:25 - [MESSAGE][PASSED] - Object: 'Object Repository/Page_HCMUS Log in to the site/button_Log in' is clicked on

2022-01-15 16:38:25 - [TEST_STEP][PASSED] - click(findTestObject("Object Repository/Page_Dashboard/span_Site administration")): Object: 'Object Repository/Page_Dashboard/span_Site administration' is clicked on

2022-01-15 16:38:27 - [MESSAGE][PASSED] - Object: 'Object Repository/Page_Dashboard/span_Site administration' is clicked on

2022-01-15 16:38:27 - [TEST_STEP][PASSED] - click(findTestObject("Object Repository/Page_KHTN Administration Search/a_Courses")): Object: 'Object Repository/Page_KHTN Administration Search/a_Courses' is clicked on

2022-01-15 16:38:28 - [MESSAGE][PASSED] - Object: 'Object Repository/Page_KHTN Administration Search/a_Courses' is clicked on

2022-01-15 16:38:28 - [TEST_STEP][PASSED] - click(findTestObject("Object Repository/Page_KHTN Administration Search/a_Add a new course")): Object: 'Object Repository/Page_KHTN Administration Search/a_Add a new course' is clicked on

2022-01-15 16:38:29 - [MESSAGE][PASSED] - Object: 'Object Repository/Page_KHTN Administration Search/a_Add a new course' is clicked on

2022-01-15 16:38:29 - [TEST_STEP][PASSED] - setText(findTestObject("Object Repository/Page_KHTN Add a new course/input_Course full name_fullname"), "Nhập môn trí tuệ nhân tạo"): Text 'Nhập môn trí tuệ nhân tạo' is set on object 'Object Repository/Page_KHTN Add a new course/input_Course full name_fullname'

2022-01-15 16:38:30 - [MESSAGE][PASSED] - Text 'Nhập môn trí tuệ nhân tạo' is set on object 'Object Repository/Page_KHTN Add a new course/input_Course full name_fullname'

2022-01-15 16:38:30 - [TEST_STEP][PASSED] - setText(findTestObject("Object Repository/Page_KHTN Add a new course/input_Course short name_shortname"), "AI"): Text 'AI' is set on object 'Object Repository/Page_KHTN Add a new course/input_Course short name_shortname'

2022-01-15 16:38:31 - [MESSAGE][PASSED] - Text 'AI' is set on object 'Object Repository/Page_KHTN Add a new course/input_Course short name_shortname'

2022-01-15 16:38:31 - [TEST_STEP][PASSED] - selectOptionByValue(findTestObject("Object Repository/Page_KHTN Add a new course/select_1        2        3        4        _45ea30"), "22", true): All options with value '22' are selected in object 'Object Repository/Page_KHTN Add a new course/select_1        2        3        4        _45ea30'  using regular expression

2022-01-15 16:38:33 - [MESSAGE][PASSED] - All options with value '22' are selected in object 'Object Repository/Page_KHTN Add a new course/select_1        2        3        4        _45ea30'  using regular expression

2022-01-15 16:38:33 - [TEST_STEP][PASSED] - setText(findTestObject("Object Repository/Page_KHTN Add a new course/input_Course ID number_idnumber"), "1"): Text '1' is set on object 'Object Repository/Page_KHTN Add a new course/input_Course ID number_idnumber'

2022-01-15 16:38:34 - [MESSAGE][PASSED] - Text '1' is set on object 'Object Repository/Page_KHTN Add a new course/input_Course ID number_idnumber'

2022-01-15 16:38:34 - [TEST_STEP][PASSED] - click(findTestObject("Object Repository/Page_KHTN Add a new course/input__saveanddisplay")): Object: 'Object Repository/Page_KHTN Add a new course/input__saveanddisplay' is clicked on

2022-01-15 16:38:35 - [MESSAGE][PASSED] - Object: 'Object Repository/Page_KHTN Add a new course/input__saveanddisplay' is clicked on

2022-01-15 16:38:35 - [TEST_STEP][PASSED] - verifyElementVisible(findTestObject("Object Repository/Page_AI Participants/h1_Nhp mn tr tu nhn to")): Object 'Object Repository/Page_AI Participants/h1_Nhp mn tr tu nhn to' is visible

2022-01-15 16:38:36 - [MESSAGE][PASSED] - Object 'Object Repository/Page_AI Participants/h1_Nhp mn tr tu nhn to' is visible

2022-01-15 16:38:36 - [TEST_STEP][PASSED] - closeBrowser(): Browser is closed

2022-01-15 16:38:36 - [MESSAGE][PASSED] - Browser is closed]]></system-out>
         <system-err><![CDATA[]]></system-err>
      </testcase>
      <testcase name="Test Cases/10_tạo course với thuộc tính bị trùng" time="14.413" classname="Test Cases/10_tạo course với thuộc tính bị trùng" status="PASSED">
         <system-out><![CDATA[2022-01-15 16:38:36 - [TEST_CASE][PASSED] - Test Cases/10_tạo course với thuộc tính bị trùng: Test Cases/10_tạo course với thuộc tính bị trùng

2022-01-15 16:38:37 - [TEST_STEP][PASSED] - openBrowser(""): Browser is opened with url: ''

2022-01-15 16:38:37 - [MESSAGE][INFO] - Starting 'Chrome' driver

2022-01-15 16:38:37 - [MESSAGE][INFO] - Action delay is set to 0 milliseconds

2022-01-15 16:38:38 - [MESSAGE][PASSED] - Browser is opened with url: ''

2022-01-15 16:38:38 - [TEST_STEP][PASSED] - navigateToUrl("http://localhost/"): Navigate to 'http://localhost/' successfully

2022-01-15 16:38:39 - [MESSAGE][PASSED] - Navigate to 'http://localhost/' successfully

2022-01-15 16:38:39 - [TEST_STEP][PASSED] - click(findTestObject("Object Repository/Page_HCMUS/nav_Side panel                             _87ec86")): Object: 'Object Repository/Page_HCMUS/nav_Side panel                             _87ec86' is clicked on

2022-01-15 16:38:39 - [MESSAGE][PASSED] - Object: 'Object Repository/Page_HCMUS/nav_Side panel                             _87ec86' is clicked on

2022-01-15 16:38:39 - [TEST_STEP][PASSED] - click(findTestObject("Object Repository/Page_HCMUS/a_Log in")): Object: 'Object Repository/Page_HCMUS/a_Log in' is clicked on

2022-01-15 16:38:40 - [MESSAGE][PASSED] - Object: 'Object Repository/Page_HCMUS/a_Log in' is clicked on

2022-01-15 16:38:40 - [TEST_STEP][PASSED] - setText(findTestObject("Object Repository/Page_HCMUS Log in to the site/input_Username_username"), "admin"): Text 'admin' is set on object 'Object Repository/Page_HCMUS Log in to the site/input_Username_username'

2022-01-15 16:38:41 - [MESSAGE][PASSED] - Text 'admin' is set on object 'Object Repository/Page_HCMUS Log in to the site/input_Username_username'

2022-01-15 16:38:41 - [TEST_STEP][PASSED] - setEncryptedText(findTestObject("Object Repository/Page_HCMUS Log in to the site/input_Password_password"), "5MU2PI2jvJCK/lBTYOwt6g=="): Text ****** has been set on object 'Object Repository/Page_HCMUS Log in to the site/input_Password_password'

2022-01-15 16:38:41 - [MESSAGE][PASSED] - Text ****** has been set on object 'Object Repository/Page_HCMUS Log in to the site/input_Password_password'

2022-01-15 16:38:41 - [TEST_STEP][PASSED] - click(findTestObject("Object Repository/Page_HCMUS Log in to the site/button_Log in")): Object: 'Object Repository/Page_HCMUS Log in to the site/button_Log in' is clicked on

2022-01-15 16:38:42 - [MESSAGE][PASSED] - Object: 'Object Repository/Page_HCMUS Log in to the site/button_Log in' is clicked on

2022-01-15 16:38:42 - [TEST_STEP][PASSED] - click(findTestObject("Object Repository/Page_Dashboard/span_Site administration")): Object: 'Object Repository/Page_Dashboard/span_Site administration' is clicked on

2022-01-15 16:38:44 - [MESSAGE][PASSED] - Object: 'Object Repository/Page_Dashboard/span_Site administration' is clicked on

2022-01-15 16:38:44 - [TEST_STEP][PASSED] - click(findTestObject("Object Repository/Page_KHTN Administration Search/a_Courses")): Object: 'Object Repository/Page_KHTN Administration Search/a_Courses' is clicked on

2022-01-15 16:38:44 - [MESSAGE][PASSED] - Object: 'Object Repository/Page_KHTN Administration Search/a_Courses' is clicked on

2022-01-15 16:38:44 - [TEST_STEP][PASSED] - click(findTestObject("Object Repository/Page_KHTN Administration Search/a_Add a new course")): Object: 'Object Repository/Page_KHTN Administration Search/a_Add a new course' is clicked on

2022-01-15 16:38:45 - [MESSAGE][PASSED] - Object: 'Object Repository/Page_KHTN Administration Search/a_Add a new course' is clicked on

2022-01-15 16:38:45 - [TEST_STEP][PASSED] - setText(findTestObject("Object Repository/Page_KHTN Add a new course/input_Course full name_fullname"), "mobile"): Text 'mobile' is set on object 'Object Repository/Page_KHTN Add a new course/input_Course full name_fullname'

2022-01-15 16:38:47 - [MESSAGE][PASSED] - Text 'mobile' is set on object 'Object Repository/Page_KHTN Add a new course/input_Course full name_fullname'

2022-01-15 16:38:47 - [TEST_STEP][PASSED] - setText(findTestObject("Object Repository/Page_KHTN Add a new course/input_Course short name_shortname"), "AI"): Text 'AI' is set on object 'Object Repository/Page_KHTN Add a new course/input_Course short name_shortname'

2022-01-15 16:38:47 - [MESSAGE][PASSED] - Text 'AI' is set on object 'Object Repository/Page_KHTN Add a new course/input_Course short name_shortname'

2022-01-15 16:38:47 - [TEST_STEP][PASSED] - click(findTestObject("Object Repository/Page_KHTN Add a new course/input__saveanddisplay")): Object: 'Object Repository/Page_KHTN Add a new course/input__saveanddisplay' is clicked on

2022-01-15 16:38:49 - [MESSAGE][PASSED] - Object: 'Object Repository/Page_KHTN Add a new course/input__saveanddisplay' is clicked on

2022-01-15 16:38:49 - [TEST_STEP][PASSED] - verifyElementVisible(findTestObject("Object Repository/Page_KHTN Add a new course/div_Short name is already used for another _0ec0da")): Object 'Object Repository/Page_KHTN Add a new course/div_Short name is already used for another _0ec0da' is visible

2022-01-15 16:38:50 - [MESSAGE][PASSED] - Object 'Object Repository/Page_KHTN Add a new course/div_Short name is already used for another _0ec0da' is visible

2022-01-15 16:38:50 - [TEST_STEP][PASSED] - verifyElementVisible(findTestObject("Object Repository/Page_KHTN Add a new course/input_Course short name_shortname")): Object 'Object Repository/Page_KHTN Add a new course/input_Course short name_shortname' is visible

2022-01-15 16:38:50 - [MESSAGE][PASSED] - Object 'Object Repository/Page_KHTN Add a new course/input_Course short name_shortname' is visible

2022-01-15 16:38:50 - [TEST_STEP][PASSED] - closeBrowser(): Browser is closed

2022-01-15 16:38:51 - [MESSAGE][PASSED] - Browser is closed]]></system-out>
         <system-err><![CDATA[]]></system-err>
      </testcase>
      <testcase name="Test Cases/11_tạo course với thuộc tính rỗng" time="11.245" classname="Test Cases/11_tạo course với thuộc tính rỗng" status="PASSED">
         <system-out><![CDATA[2022-01-15 16:38:51 - [TEST_CASE][PASSED] - Test Cases/11_tạo course với thuộc tính rỗng: Test Cases/11_tạo course với thuộc tính rỗng

2022-01-15 16:38:51 - [TEST_STEP][PASSED] - openBrowser(""): Browser is opened with url: ''

2022-01-15 16:38:51 - [MESSAGE][INFO] - Starting 'Chrome' driver

2022-01-15 16:38:51 - [MESSAGE][INFO] - Action delay is set to 0 milliseconds

2022-01-15 16:38:53 - [MESSAGE][PASSED] - Browser is opened with url: ''

2022-01-15 16:38:53 - [TEST_STEP][PASSED] - navigateToUrl("http://localhost/"): Navigate to 'http://localhost/' successfully

2022-01-15 16:38:53 - [MESSAGE][PASSED] - Navigate to 'http://localhost/' successfully

2022-01-15 16:38:53 - [TEST_STEP][PASSED] - click(findTestObject("Object Repository/Page_HCMUS/a_Log in")): Object: 'Object Repository/Page_HCMUS/a_Log in' is clicked on

2022-01-15 16:38:54 - [MESSAGE][PASSED] - Object: 'Object Repository/Page_HCMUS/a_Log in' is clicked on

2022-01-15 16:38:54 - [TEST_STEP][PASSED] - setText(findTestObject("Object Repository/Page_HCMUS Log in to the site/input_Username_username"), "admin"): Text 'admin' is set on object 'Object Repository/Page_HCMUS Log in to the site/input_Username_username'

2022-01-15 16:38:54 - [MESSAGE][PASSED] - Text 'admin' is set on object 'Object Repository/Page_HCMUS Log in to the site/input_Username_username'

2022-01-15 16:38:54 - [TEST_STEP][PASSED] - setEncryptedText(findTestObject("Object Repository/Page_HCMUS Log in to the site/input_Password_password"), "5MU2PI2jvJCK/lBTYOwt6g=="): Text ****** has been set on object 'Object Repository/Page_HCMUS Log in to the site/input_Password_password'

2022-01-15 16:38:55 - [MESSAGE][PASSED] - Text ****** has been set on object 'Object Repository/Page_HCMUS Log in to the site/input_Password_password'

2022-01-15 16:38:55 - [TEST_STEP][PASSED] - click(findTestObject("Object Repository/Page_HCMUS Log in to the site/button_Log in")): Object: 'Object Repository/Page_HCMUS Log in to the site/button_Log in' is clicked on

2022-01-15 16:38:56 - [MESSAGE][PASSED] - Object: 'Object Repository/Page_HCMUS Log in to the site/button_Log in' is clicked on

2022-01-15 16:38:56 - [TEST_STEP][PASSED] - click(findTestObject("Object Repository/Page_Dashboard/span_Site administration")): Object: 'Object Repository/Page_Dashboard/span_Site administration' is clicked on

2022-01-15 16:38:58 - [MESSAGE][PASSED] - Object: 'Object Repository/Page_Dashboard/span_Site administration' is clicked on

2022-01-15 16:38:58 - [TEST_STEP][PASSED] - click(findTestObject("Object Repository/Page_KHTN Administration Search/a_Courses")): Object: 'Object Repository/Page_KHTN Administration Search/a_Courses' is clicked on

2022-01-15 16:38:58 - [MESSAGE][PASSED] - Object: 'Object Repository/Page_KHTN Administration Search/a_Courses' is clicked on

2022-01-15 16:38:58 - [TEST_STEP][PASSED] - click(findTestObject("Object Repository/Page_KHTN Administration Search/a_Add a new course")): Object: 'Object Repository/Page_KHTN Administration Search/a_Add a new course' is clicked on

2022-01-15 16:38:59 - [MESSAGE][PASSED] - Object: 'Object Repository/Page_KHTN Administration Search/a_Add a new course' is clicked on

2022-01-15 16:38:59 - [TEST_STEP][PASSED] - click(findTestObject("Object Repository/Page_KHTN Add a new course/input__saveanddisplay")): Object: 'Object Repository/Page_KHTN Add a new course/input__saveanddisplay' is clicked on

2022-01-15 16:39:00 - [MESSAGE][PASSED] - Object: 'Object Repository/Page_KHTN Add a new course/input__saveanddisplay' is clicked on

2022-01-15 16:39:00 - [TEST_STEP][PASSED] - verifyElementVisible(findTestObject("Object Repository/Page_KHTN Add a new course/div_- Missing full name")): Object 'Object Repository/Page_KHTN Add a new course/div_- Missing full name' is visible

2022-01-15 16:39:01 - [MESSAGE][PASSED] - Object 'Object Repository/Page_KHTN Add a new course/div_- Missing full name' is visible

2022-01-15 16:39:01 - [TEST_STEP][PASSED] - verifyElementVisible(findTestObject("Object Repository/Page_KHTN Add a new course/div_- Missing short name")): Object 'Object Repository/Page_KHTN Add a new course/div_- Missing short name' is visible

2022-01-15 16:39:01 - [MESSAGE][PASSED] - Object 'Object Repository/Page_KHTN Add a new course/div_- Missing short name' is visible

2022-01-15 16:39:01 - [TEST_STEP][PASSED] - closeBrowser(): Browser is closed

2022-01-15 16:39:02 - [MESSAGE][PASSED] - Browser is closed]]></system-out>
         <system-err><![CDATA[]]></system-err>
      </testcase>
      <testcase name="Test Cases/12_thêm sinh viên vào course" time="29.335" classname="Test Cases/12_thêm sinh viên vào course" status="PASSED">
         <system-out><![CDATA[2022-01-15 16:39:02 - [TEST_CASE][PASSED] - Test Cases/12_thêm sinh viên vào course: Test Cases/12_thêm sinh viên vào course

2022-01-15 16:39:02 - [TEST_STEP][PASSED] - openBrowser(""): Browser is opened with url: ''

2022-01-15 16:39:02 - [MESSAGE][INFO] - Starting 'Chrome' driver

2022-01-15 16:39:02 - [MESSAGE][INFO] - Action delay is set to 0 milliseconds

2022-01-15 16:39:04 - [MESSAGE][PASSED] - Browser is opened with url: ''

2022-01-15 16:39:04 - [TEST_STEP][PASSED] - navigateToUrl("http://localhost/"): Navigate to 'http://localhost/' successfully

2022-01-15 16:39:04 - [MESSAGE][PASSED] - Navigate to 'http://localhost/' successfully

2022-01-15 16:39:04 - [TEST_STEP][PASSED] - click(findTestObject("Object Repository/Page_HCMUS/a_Log in")): Object: 'Object Repository/Page_HCMUS/a_Log in' is clicked on

2022-01-15 16:39:05 - [MESSAGE][PASSED] - Object: 'Object Repository/Page_HCMUS/a_Log in' is clicked on

2022-01-15 16:39:05 - [TEST_STEP][PASSED] - setText(findTestObject("Object Repository/Page_HCMUS Log in to the site/input_Username_username"), "admin"): Text 'admin' is set on object 'Object Repository/Page_HCMUS Log in to the site/input_Username_username'

2022-01-15 16:39:06 - [MESSAGE][PASSED] - Text 'admin' is set on object 'Object Repository/Page_HCMUS Log in to the site/input_Username_username'

2022-01-15 16:39:06 - [TEST_STEP][PASSED] - setEncryptedText(findTestObject("Object Repository/Page_HCMUS Log in to the site/input_Password_password"), "5MU2PI2jvJCK/lBTYOwt6g=="): Text ****** has been set on object 'Object Repository/Page_HCMUS Log in to the site/input_Password_password'

2022-01-15 16:39:06 - [MESSAGE][PASSED] - Text ****** has been set on object 'Object Repository/Page_HCMUS Log in to the site/input_Password_password'

2022-01-15 16:39:06 - [TEST_STEP][PASSED] - click(findTestObject("Object Repository/Page_HCMUS Log in to the site/button_Log in")): Object: 'Object Repository/Page_HCMUS Log in to the site/button_Log in' is clicked on

2022-01-15 16:39:07 - [MESSAGE][PASSED] - Object: 'Object Repository/Page_HCMUS Log in to the site/button_Log in' is clicked on

2022-01-15 16:39:07 - [TEST_STEP][PASSED] - click(findTestObject("Object Repository/Page_Dashboard/span_Site home")): Object: 'Object Repository/Page_Dashboard/span_Site home' is clicked on

2022-01-15 16:39:09 - [MESSAGE][PASSED] - Object: 'Object Repository/Page_Dashboard/span_Site home' is clicked on

2022-01-15 16:39:09 - [TEST_STEP][PASSED] - click(findTestObject("Object Repository/Page_HCMUS/a_Nhp mn tr tu nhn to_1")): Object: 'Object Repository/Page_HCMUS/a_Nhp mn tr tu nhn to_1' is clicked on

2022-01-15 16:39:10 - [MESSAGE][PASSED] - Object: 'Object Repository/Page_HCMUS/a_Nhp mn tr tu nhn to_1' is clicked on

2022-01-15 16:39:10 - [TEST_STEP][PASSED] - click(findTestObject("Object Repository/Page_Course Nhp mn tr tu nhn to/span_Participants")): Object: 'Object Repository/Page_Course Nhp mn tr tu nhn to/span_Participants' is clicked on

2022-01-15 16:39:10 - [MESSAGE][PASSED] - Object: 'Object Repository/Page_Course Nhp mn tr tu nhn to/span_Participants' is clicked on

2022-01-15 16:39:10 - [TEST_STEP][PASSED] - click(findTestObject("Object Repository/Page_AI Participants/input_Participants_btn btn-secondary my-1")): Object: 'Object Repository/Page_AI Participants/input_Participants_btn btn-secondary my-1' is clicked on

2022-01-15 16:39:11 - [MESSAGE][PASSED] - Object: 'Object Repository/Page_AI Participants/input_Participants_btn btn-secondary my-1' is clicked on

2022-01-15 16:39:11 - [TEST_STEP][PASSED] - setText(findTestObject("Object Repository/Page_AI Participants/input_No selection_form_autocomplete_input-_6680aa"), "Student"): Text 'Student' is set on object 'Object Repository/Page_AI Participants/input_No selection_form_autocomplete_input-_6680aa'

2022-01-15 16:39:13 - [MESSAGE][PASSED] - Text 'Student' is set on object 'Object Repository/Page_AI Participants/input_No selection_form_autocomplete_input-_6680aa'

2022-01-15 16:39:13 - [TEST_STEP][PASSED] - click(findTestObject("Object Repository/Page_AI Participants/li_Student Branch    s9example.com")): Object: 'Object Repository/Page_AI Participants/li_Student Branch    s9example.com' is clicked on

2022-01-15 16:39:14 - [MESSAGE][PASSED] - Object: 'Object Repository/Page_AI Participants/li_Student Branch    s9example.com' is clicked on

2022-01-15 16:39:14 - [TEST_STEP][PASSED] - click(findTestObject("Object Repository/Page_AI Participants/li_Student Clifford    s8example.com")): Object: 'Object Repository/Page_AI Participants/li_Student Clifford    s8example.com' is clicked on

2022-01-15 16:39:15 - [MESSAGE][PASSED] - Object: 'Object Repository/Page_AI Participants/li_Student Clifford    s8example.com' is clicked on

2022-01-15 16:39:15 - [TEST_STEP][PASSED] - click(findTestObject("Object Repository/Page_AI Participants/li_Student Epperson    s2example.com")): Object: 'Object Repository/Page_AI Participants/li_Student Epperson    s2example.com' is clicked on

2022-01-15 16:39:16 - [MESSAGE][PASSED] - Object: 'Object Repository/Page_AI Participants/li_Student Epperson    s2example.com' is clicked on

2022-01-15 16:39:16 - [TEST_STEP][PASSED] - click(findTestObject("Object Repository/Page_AI Participants/li_Student Haller    s6example.com")): Object: 'Object Repository/Page_AI Participants/li_Student Haller    s6example.com' is clicked on

2022-01-15 16:39:17 - [MESSAGE][PASSED] - Object: 'Object Repository/Page_AI Participants/li_Student Haller    s6example.com' is clicked on

2022-01-15 16:39:17 - [TEST_STEP][PASSED] - click(findTestObject("Object Repository/Page_AI Participants/li_Student Kessler    s10example.com")): Object: 'Object Repository/Page_AI Participants/li_Student Kessler    s10example.com' is clicked on

2022-01-15 16:39:17 - [MESSAGE][PASSED] - Object: 'Object Repository/Page_AI Participants/li_Student Kessler    s10example.com' is clicked on

2022-01-15 16:39:17 - [TEST_STEP][PASSED] - click(findTestObject("Object Repository/Page_AI Participants/li_Student Tremblay    s4example.com")): Object: 'Object Repository/Page_AI Participants/li_Student Tremblay    s4example.com' is clicked on

2022-01-15 16:39:18 - [MESSAGE][PASSED] - Object: 'Object Repository/Page_AI Participants/li_Student Tremblay    s4example.com' is clicked on

2022-01-15 16:39:18 - [TEST_STEP][PASSED] - click(findTestObject("Object Repository/Page_AI Participants/li_Student Venegas    s7example.com")): Object: 'Object Repository/Page_AI Participants/li_Student Venegas    s7example.com' is clicked on

2022-01-15 16:39:19 - [MESSAGE][PASSED] - Object: 'Object Repository/Page_AI Participants/li_Student Venegas    s7example.com' is clicked on

2022-01-15 16:39:19 - [TEST_STEP][PASSED] - click(findTestObject("Object Repository/Page_AI Participants/li_Student Waldrop    s1example.com")): Object: 'Object Repository/Page_AI Participants/li_Student Waldrop    s1example.com' is clicked on

2022-01-15 16:39:20 - [MESSAGE][PASSED] - Object: 'Object Repository/Page_AI Participants/li_Student Waldrop    s1example.com' is clicked on

2022-01-15 16:39:20 - [TEST_STEP][PASSED] - click(findTestObject("Object Repository/Page_AI Participants/li_Student Walston    s3example.com")): Object: 'Object Repository/Page_AI Participants/li_Student Walston    s3example.com' is clicked on

2022-01-15 16:39:21 - [MESSAGE][PASSED] - Object: 'Object Repository/Page_AI Participants/li_Student Walston    s3example.com' is clicked on

2022-01-15 16:39:21 - [TEST_STEP][PASSED] - click(findTestObject("Object Repository/Page_AI Participants/li_Student Weller    s5example.com")): Object: 'Object Repository/Page_AI Participants/li_Student Weller    s5example.com' is clicked on

2022-01-15 16:39:22 - [MESSAGE][PASSED] - Object: 'Object Repository/Page_AI Participants/li_Student Weller    s5example.com' is clicked on

2022-01-15 16:39:22 - [TEST_STEP][PASSED] - click(findTestObject("Object Repository/Page_AI Participants/button_Enrol users_1")): Object: 'Object Repository/Page_AI Participants/button_Enrol users_1' is clicked on

2022-01-15 16:39:23 - [MESSAGE][PASSED] - Object: 'Object Repository/Page_AI Participants/button_Enrol users_1' is clicked on

2022-01-15 16:39:23 - [TEST_STEP][PASSED] - click(findTestObject("Object Repository/Page_AI Participants/a_S")): Object: 'Object Repository/Page_AI Participants/a_S' is clicked on

2022-01-15 16:39:29 - [MESSAGE][INFO] - Unable to find the element located by 'By.xpath: //a[@id='yui_3_17_2_1_1642092804322_1136']'. Please recheck the objects properties to make sure the desired element is located. 

2022-01-15 16:39:29 - [MESSAGE][WARNING] - [SELF-HEALING] Failed to find element with id 'Object Repository/Page_AI Participants/a_S'. Try using Self-healing.

2022-01-15 16:39:30 - [MESSAGE][WARNING] - [SELF-HEALING] The current locator of test object 'Object Repository/Page_AI Participants/a_S' was broken. Propose an alternative one: '(//a[contains(text(),'S')])[2]'.

2022-01-15 16:39:30 - [MESSAGE][PASSED] - Object: 'Object Repository/Page_AI Participants/a_S' is clicked on

2022-01-15 16:39:30 - [TEST_STEP][PASSED] - verifyElementVisible(findTestObject("Object Repository/Page_AI Participants/td_s9example.com")): Object 'Object Repository/Page_AI Participants/td_s9example.com' is visible

2022-01-15 16:39:30 - [MESSAGE][PASSED] - Object 'Object Repository/Page_AI Participants/td_s9example.com' is visible

2022-01-15 16:39:30 - [TEST_STEP][PASSED] - verifyElementText(findTestObject("Object Repository/Page_AI Participants/td_s9example.com"), "s9@example.com"): Actual text and expected text of test object 'Object Repository/Page_AI Participants/td_s9example.com' are matched.

2022-01-15 16:39:31 - [MESSAGE][PASSED] - Actual text and expected text of test object 'Object Repository/Page_AI Participants/td_s9example.com' are matched.

2022-01-15 16:39:31 - [TEST_STEP][PASSED] - closeBrowser(): Browser is closed

2022-01-15 16:39:31 - [MESSAGE][PASSED] - Browser is closed]]></system-out>
         <system-err><![CDATA[]]></system-err>
      </testcase>
      <testcase name="Test Cases/13_thêm giáo viên vào course" time="57.45" classname="Test Cases/13_thêm giáo viên vào course" status="PASSED">
         <system-out><![CDATA[2022-01-15 16:39:31 - [TEST_CASE][PASSED] - Test Cases/13_thêm giáo viên vào course: Test Cases/13_thêm giáo viên vào course

2022-01-15 16:39:32 - [TEST_STEP][PASSED] - openBrowser(""): Browser is opened with url: ''

2022-01-15 16:39:32 - [MESSAGE][INFO] - Starting 'Chrome' driver

2022-01-15 16:39:32 - [MESSAGE][INFO] - Action delay is set to 0 milliseconds

2022-01-15 16:39:33 - [MESSAGE][PASSED] - Browser is opened with url: ''

2022-01-15 16:39:33 - [TEST_STEP][PASSED] - navigateToUrl("http://localhost/"): Navigate to 'http://localhost/' successfully

2022-01-15 16:39:34 - [MESSAGE][PASSED] - Navigate to 'http://localhost/' successfully

2022-01-15 16:39:34 - [TEST_STEP][PASSED] - click(findTestObject("Object Repository/Page_HCMUS/a_Log in")): Object: 'Object Repository/Page_HCMUS/a_Log in' is clicked on

2022-01-15 16:39:34 - [MESSAGE][PASSED] - Object: 'Object Repository/Page_HCMUS/a_Log in' is clicked on

2022-01-15 16:39:34 - [TEST_STEP][PASSED] - setText(findTestObject("Object Repository/Page_HCMUS Log in to the site/input_Username_username"), "admin"): Text 'admin' is set on object 'Object Repository/Page_HCMUS Log in to the site/input_Username_username'

2022-01-15 16:39:35 - [MESSAGE][PASSED] - Text 'admin' is set on object 'Object Repository/Page_HCMUS Log in to the site/input_Username_username'

2022-01-15 16:39:35 - [TEST_STEP][PASSED] - setEncryptedText(findTestObject("Object Repository/Page_HCMUS Log in to the site/input_Password_password"), "5MU2PI2jvJCK/lBTYOwt6g=="): Text ****** has been set on object 'Object Repository/Page_HCMUS Log in to the site/input_Password_password'

2022-01-15 16:39:35 - [MESSAGE][PASSED] - Text ****** has been set on object 'Object Repository/Page_HCMUS Log in to the site/input_Password_password'

2022-01-15 16:39:35 - [TEST_STEP][PASSED] - click(findTestObject("Object Repository/Page_HCMUS Log in to the site/button_Log in")): Object: 'Object Repository/Page_HCMUS Log in to the site/button_Log in' is clicked on

2022-01-15 16:39:36 - [MESSAGE][PASSED] - Object: 'Object Repository/Page_HCMUS Log in to the site/button_Log in' is clicked on

2022-01-15 16:39:36 - [TEST_STEP][PASSED] - click(findTestObject("Object Repository/Page_Dashboard/span_Site home")): Object: 'Object Repository/Page_Dashboard/span_Site home' is clicked on

2022-01-15 16:39:38 - [MESSAGE][PASSED] - Object: 'Object Repository/Page_Dashboard/span_Site home' is clicked on

2022-01-15 16:39:38 - [TEST_STEP][PASSED] - click(findTestObject("Object Repository/Page_HCMUS/a_Nhp mn tr tu nhn to")): Object: 'Object Repository/Page_HCMUS/a_Nhp mn tr tu nhn to' is clicked on

2022-01-15 16:39:39 - [MESSAGE][PASSED] - Object: 'Object Repository/Page_HCMUS/a_Nhp mn tr tu nhn to' is clicked on

2022-01-15 16:39:39 - [TEST_STEP][PASSED] - click(findTestObject("Object Repository/Page_Course Nhp mn tr tu nhn to/span_Participants")): Object: 'Object Repository/Page_Course Nhp mn tr tu nhn to/span_Participants' is clicked on

2022-01-15 16:39:39 - [MESSAGE][PASSED] - Object: 'Object Repository/Page_Course Nhp mn tr tu nhn to/span_Participants' is clicked on

2022-01-15 16:39:39 - [TEST_STEP][PASSED] - click(findTestObject("Object Repository/Page_AI Participants/input_Participants_btn btn-secondary my-1")): Object: 'Object Repository/Page_AI Participants/input_Participants_btn btn-secondary my-1' is clicked on

2022-01-15 16:39:40 - [MESSAGE][PASSED] - Object: 'Object Repository/Page_AI Participants/input_Participants_btn btn-secondary my-1' is clicked on

2022-01-15 16:39:40 - [TEST_STEP][PASSED] - setText(findTestObject("Object Repository/Page_AI Participants/input_No selection_form_autocomplete_input-_badfe2"), "Teacher"): Text 'Teacher' is set on object 'Object Repository/Page_AI Participants/input_No selection_form_autocomplete_input-_badfe2'

2022-01-15 16:39:46 - [MESSAGE][INFO] - Unable to find the element located by 'By.xpath: //input[@id='form_autocomplete_input-1641958206930']'. Please recheck the objects properties to make sure the desired element is located. 

2022-01-15 16:39:46 - [MESSAGE][WARNING] - [SELF-HEALING] Failed to find element with id 'Object Repository/Page_AI Participants/input_No selection_form_autocomplete_input-_badfe2'. Try using Self-healing.

2022-01-15 16:39:46 - [MESSAGE][WARNING] - [SELF-HEALING] The current locator of test object 'Object Repository/Page_AI Participants/input_No selection_form_autocomplete_input-_badfe2' was broken. Propose an alternative one: '//div[3]/input'.

2022-01-15 16:39:52 - [MESSAGE][INFO] - Unable to find the element located by 'By.xpath: //input[@id='form_autocomplete_input-1641958206930']'. Please recheck the objects properties to make sure the desired element is located. 

2022-01-15 16:39:52 - [MESSAGE][WARNING] - [SELF-HEALING] Failed to find element with id 'Object Repository/Page_AI Participants/input_No selection_form_autocomplete_input-_badfe2'. Try using Self-healing.

2022-01-15 16:39:53 - [MESSAGE][WARNING] - [SELF-HEALING] The current locator of test object 'Object Repository/Page_AI Participants/input_No selection_form_autocomplete_input-_badfe2' was broken. Propose an alternative one: '//div[3]/input'.

2022-01-15 16:39:53 - [MESSAGE][PASSED] - Text 'Teacher' is set on object 'Object Repository/Page_AI Participants/input_No selection_form_autocomplete_input-_badfe2'

2022-01-15 16:39:53 - [TEST_STEP][PASSED] - click(findTestObject("Object Repository/Page_AI Participants/span_Teacher Hubbard")): Object: 'Object Repository/Page_AI Participants/span_Teacher Hubbard' is clicked on

2022-01-15 16:39:59 - [MESSAGE][INFO] - Unable to find the element located by 'By.xpath: //li[@id='form_autocomplete_suggestions-1641958206930-0']/span/span'. Please recheck the objects properties to make sure the desired element is located. 

2022-01-15 16:39:59 - [MESSAGE][WARNING] - [SELF-HEALING] Failed to find element with id 'Object Repository/Page_AI Participants/span_Teacher Hubbard'. Try using Self-healing.

2022-01-15 16:39:59 - [MESSAGE][WARNING] - [SELF-HEALING] The current locator of test object 'Object Repository/Page_AI Participants/span_Teacher Hubbard' was broken. Propose an alternative one: '(.//*[normalize-space(text()) and normalize-space(.)='▼'])[1]/following::span[2]'.

2022-01-15 16:39:59 - [MESSAGE][PASSED] - Object: 'Object Repository/Page_AI Participants/span_Teacher Hubbard' is clicked on

2022-01-15 16:39:59 - [TEST_STEP][PASSED] - click(findTestObject("Object Repository/Page_AI Participants/span_Teacher Morrill")): Object: 'Object Repository/Page_AI Participants/span_Teacher Morrill' is clicked on

2022-01-15 16:40:05 - [MESSAGE][INFO] - Unable to find the element located by 'By.xpath: //li[@id='form_autocomplete_suggestions-1641958206930-0']/span/span'. Please recheck the objects properties to make sure the desired element is located. 

2022-01-15 16:40:05 - [MESSAGE][WARNING] - [SELF-HEALING] Failed to find element with id 'Object Repository/Page_AI Participants/span_Teacher Morrill'. Try using Self-healing.

2022-01-15 16:40:06 - [MESSAGE][WARNING] - [SELF-HEALING] The current locator of test object 'Object Repository/Page_AI Participants/span_Teacher Morrill' was broken. Propose an alternative one: '(.//*[normalize-space(text()) and normalize-space(.)='▼'])[1]/following::span[2]'.

2022-01-15 16:40:06 - [MESSAGE][PASSED] - Object: 'Object Repository/Page_AI Participants/span_Teacher Morrill' is clicked on

2022-01-15 16:40:06 - [TEST_STEP][PASSED] - click(findTestObject("Object Repository/Page_AI Participants/span_Teacher Quarles")): Object: 'Object Repository/Page_AI Participants/span_Teacher Quarles' is clicked on

2022-01-15 16:40:12 - [MESSAGE][INFO] - Unable to find the element located by 'By.xpath: //li[@id='form_autocomplete_suggestions-1641958206930-0']/span/span'. Please recheck the objects properties to make sure the desired element is located. 

2022-01-15 16:40:12 - [MESSAGE][WARNING] - [SELF-HEALING] Failed to find element with id 'Object Repository/Page_AI Participants/span_Teacher Quarles'. Try using Self-healing.

2022-01-15 16:40:12 - [MESSAGE][WARNING] - [SELF-HEALING] The current locator of test object 'Object Repository/Page_AI Participants/span_Teacher Quarles' was broken. Propose an alternative one: '(.//*[normalize-space(text()) and normalize-space(.)='▼'])[1]/following::span[2]'.

2022-01-15 16:40:12 - [MESSAGE][PASSED] - Object: 'Object Repository/Page_AI Participants/span_Teacher Quarles' is clicked on

2022-01-15 16:40:12 - [TEST_STEP][PASSED] - selectOptionByValue(findTestObject("Object Repository/Page_AI Participants/select_Manager            Teacher          _ffc00f"), "3", true): All options with value '3' are selected in object 'Object Repository/Page_AI Participants/select_Manager            Teacher          _ffc00f'  using regular expression

2022-01-15 16:40:14 - [MESSAGE][PASSED] - All options with value '3' are selected in object 'Object Repository/Page_AI Participants/select_Manager            Teacher          _ffc00f'  using regular expression

2022-01-15 16:40:14 - [TEST_STEP][PASSED] - click(findTestObject("Object Repository/Page_AI Participants/button_Enrol users")): Object: 'Object Repository/Page_AI Participants/button_Enrol users' is clicked on

2022-01-15 16:40:20 - [MESSAGE][INFO] - Unable to find the element located by 'By.xpath: //button[@id='yui_3_17_2_1_1641958206772_353']'. Please recheck the objects properties to make sure the desired element is located. 

2022-01-15 16:40:20 - [MESSAGE][WARNING] - [SELF-HEALING] Failed to find element with id 'Object Repository/Page_AI Participants/button_Enrol users'. Try using Self-healing.

2022-01-15 16:40:21 - [MESSAGE][WARNING] - [SELF-HEALING] The current locator of test object 'Object Repository/Page_AI Participants/button_Enrol users' was broken. Propose an alternative one: '(.//*[normalize-space(text()) and normalize-space(.)='Minute'])[1]/following::button[1]'.

2022-01-15 16:40:21 - [MESSAGE][PASSED] - Object: 'Object Repository/Page_AI Participants/button_Enrol users' is clicked on

2022-01-15 16:40:21 - [TEST_STEP][PASSED] - click(findTestObject("Object Repository/Page_AI Participants/a_T")): Object: 'Object Repository/Page_AI Participants/a_T' is clicked on

2022-01-15 16:40:27 - [MESSAGE][INFO] - Unable to find the element located by 'By.xpath: //a[@id='yui_3_17_2_1_1642092967455_233']'. Please recheck the objects properties to make sure the desired element is located. 

2022-01-15 16:40:27 - [MESSAGE][WARNING] - [SELF-HEALING] Failed to find element with id 'Object Repository/Page_AI Participants/a_T'. Try using Self-healing.

2022-01-15 16:40:27 - [MESSAGE][WARNING] - [SELF-HEALING] The current locator of test object 'Object Repository/Page_AI Participants/a_T' was broken. Propose an alternative one: '//a[contains(text(),'T')]'.

2022-01-15 16:40:27 - [MESSAGE][PASSED] - Object: 'Object Repository/Page_AI Participants/a_T' is clicked on

2022-01-15 16:40:27 - [TEST_STEP][PASSED] - verifyElementText(findTestObject("Object Repository/Page_AI Participants/td_t1example.com"), "t1@example.com"): Actual text and expected text of test object 'Object Repository/Page_AI Participants/td_t1example.com' are matched.

2022-01-15 16:40:28 - [MESSAGE][PASSED] - Actual text and expected text of test object 'Object Repository/Page_AI Participants/td_t1example.com' are matched.

2022-01-15 16:40:28 - [TEST_STEP][PASSED] - closeBrowser(): Browser is closed

2022-01-15 16:40:29 - [MESSAGE][PASSED] - Browser is closed]]></system-out>
         <system-err><![CDATA[]]></system-err>
      </testcase>
      <testcase name="Test Cases/14_tìm kiếm theo vai trò" time="60.387" classname="Test Cases/14_tìm kiếm theo vai trò" status="PASSED">
         <system-out><![CDATA[2022-01-15 16:40:29 - [TEST_CASE][PASSED] - Test Cases/14_tìm kiếm theo vai trò: Test Cases/14_tìm kiếm theo vai trò

2022-01-15 16:40:29 - [TEST_STEP][PASSED] - openBrowser(""): Browser is opened with url: ''

2022-01-15 16:40:29 - [MESSAGE][INFO] - Starting 'Chrome' driver

2022-01-15 16:40:29 - [MESSAGE][INFO] - Action delay is set to 0 milliseconds

2022-01-15 16:40:31 - [MESSAGE][PASSED] - Browser is opened with url: ''

2022-01-15 16:40:31 - [TEST_STEP][PASSED] - navigateToUrl("http://localhost/"): Navigate to 'http://localhost/' successfully

2022-01-15 16:40:31 - [MESSAGE][PASSED] - Navigate to 'http://localhost/' successfully

2022-01-15 16:40:31 - [TEST_STEP][PASSED] - click(findTestObject("Object Repository/Page_HCMUS/a_Log in")): Object: 'Object Repository/Page_HCMUS/a_Log in' is clicked on

2022-01-15 16:40:32 - [MESSAGE][PASSED] - Object: 'Object Repository/Page_HCMUS/a_Log in' is clicked on

2022-01-15 16:40:32 - [TEST_STEP][PASSED] - setText(findTestObject("Object Repository/Page_HCMUS Log in to the site/input_Username_username"), "admin"): Text 'admin' is set on object 'Object Repository/Page_HCMUS Log in to the site/input_Username_username'

2022-01-15 16:40:32 - [MESSAGE][PASSED] - Text 'admin' is set on object 'Object Repository/Page_HCMUS Log in to the site/input_Username_username'

2022-01-15 16:40:32 - [TEST_STEP][PASSED] - setEncryptedText(findTestObject("Object Repository/Page_HCMUS Log in to the site/input_Password_password"), "5MU2PI2jvJCK/lBTYOwt6g=="): Text ****** has been set on object 'Object Repository/Page_HCMUS Log in to the site/input_Password_password'

2022-01-15 16:40:33 - [MESSAGE][PASSED] - Text ****** has been set on object 'Object Repository/Page_HCMUS Log in to the site/input_Password_password'

2022-01-15 16:40:33 - [TEST_STEP][PASSED] - click(findTestObject("Object Repository/Page_HCMUS Log in to the site/button_Log in")): Object: 'Object Repository/Page_HCMUS Log in to the site/button_Log in' is clicked on

2022-01-15 16:40:34 - [MESSAGE][PASSED] - Object: 'Object Repository/Page_HCMUS Log in to the site/button_Log in' is clicked on

2022-01-15 16:40:34 - [TEST_STEP][PASSED] - click(findTestObject("Object Repository/Page_Dashboard/span_Site home")): Object: 'Object Repository/Page_Dashboard/span_Site home' is clicked on

2022-01-15 16:40:35 - [MESSAGE][PASSED] - Object: 'Object Repository/Page_Dashboard/span_Site home' is clicked on

2022-01-15 16:40:35 - [TEST_STEP][PASSED] - click(findTestObject("Object Repository/Page_HCMUS/a_Nhp mn tr tu nhn to")): Object: 'Object Repository/Page_HCMUS/a_Nhp mn tr tu nhn to' is clicked on

2022-01-15 16:40:36 - [MESSAGE][PASSED] - Object: 'Object Repository/Page_HCMUS/a_Nhp mn tr tu nhn to' is clicked on

2022-01-15 16:40:36 - [TEST_STEP][PASSED] - click(findTestObject("Object Repository/Page_Course Nhp mn tr tu nhn to/span_Participants")): Object: 'Object Repository/Page_Course Nhp mn tr tu nhn to/span_Participants' is clicked on

2022-01-15 16:40:37 - [MESSAGE][PASSED] - Object: 'Object Repository/Page_Course Nhp mn tr tu nhn to/span_Participants' is clicked on

2022-01-15 16:40:37 - [TEST_STEP][PASSED] - selectOptionByValue(findTestObject("Object Repository/Page_AI Participants/select_Select            Keyword           _1df56e"), "roles", true): All options with value 'roles' are selected in object 'Object Repository/Page_AI Participants/select_Select            Keyword           _1df56e'  using regular expression

2022-01-15 16:40:43 - [MESSAGE][INFO] - Unable to find the element located by 'By.xpath: //select[@id='core_user-local-participantsfilter-filterrow-filtertype-10']'. Please recheck the objects properties to make sure the desired element is located. 

2022-01-15 16:40:43 - [MESSAGE][WARNING] - [SELF-HEALING] Failed to find element with id 'Object Repository/Page_AI Participants/select_Select            Keyword           _1df56e'. Try using Self-healing.

2022-01-15 16:40:43 - [MESSAGE][WARNING] - [SELF-HEALING] The current locator of test object 'Object Repository/Page_AI Participants/select_Select            Keyword           _1df56e' was broken. Propose an alternative one: '(.//*[normalize-space(text()) and normalize-space(.)='Filter type'])[1]/following::select[1]'.

2022-01-15 16:40:44 - [MESSAGE][PASSED] - All options with value 'roles' are selected in object 'Object Repository/Page_AI Participants/select_Select            Keyword           _1df56e'  using regular expression

2022-01-15 16:40:44 - [TEST_STEP][PASSED] - setText(findTestObject("Object Repository/Page_AI Participants/input_Roles_form_autocomplete_input-1641958602006"), "Teacher"): Text 'Teacher' is set on object 'Object Repository/Page_AI Participants/input_Roles_form_autocomplete_input-1641958602006'

2022-01-15 16:40:50 - [MESSAGE][INFO] - Unable to find the element located by 'By.xpath: //input[@id='form_autocomplete_input-1641958602006']'. Please recheck the objects properties to make sure the desired element is located. 

2022-01-15 16:40:50 - [MESSAGE][WARNING] - [SELF-HEALING] Failed to find element with id 'Object Repository/Page_AI Participants/input_Roles_form_autocomplete_input-1641958602006'. Try using Self-healing.

2022-01-15 16:40:51 - [MESSAGE][WARNING] - [SELF-HEALING] The current locator of test object 'Object Repository/Page_AI Participants/input_Roles_form_autocomplete_input-1641958602006' was broken. Propose an alternative one: '//div[2]/div/input'.

2022-01-15 16:40:57 - [MESSAGE][INFO] - Unable to find the element located by 'By.xpath: //input[@id='form_autocomplete_input-1641958602006']'. Please recheck the objects properties to make sure the desired element is located. 

2022-01-15 16:40:57 - [MESSAGE][WARNING] - [SELF-HEALING] Failed to find element with id 'Object Repository/Page_AI Participants/input_Roles_form_autocomplete_input-1641958602006'. Try using Self-healing.

2022-01-15 16:40:57 - [MESSAGE][WARNING] - [SELF-HEALING] The current locator of test object 'Object Repository/Page_AI Participants/input_Roles_form_autocomplete_input-1641958602006' was broken. Propose an alternative one: '//div[2]/div/input'.

2022-01-15 16:40:57 - [MESSAGE][PASSED] - Text 'Teacher' is set on object 'Object Repository/Page_AI Participants/input_Roles_form_autocomplete_input-1641958602006'

2022-01-15 16:40:57 - [TEST_STEP][PASSED] - click(findTestObject("Object Repository/Page_AI Participants/li_Teacher")): Object: 'Object Repository/Page_AI Participants/li_Teacher' is clicked on

2022-01-15 16:41:03 - [MESSAGE][INFO] - Unable to find the element located by 'By.xpath: //li[@id='form_autocomplete_suggestions-1641958602006-3']'. Please recheck the objects properties to make sure the desired element is located. 

2022-01-15 16:41:03 - [MESSAGE][WARNING] - [SELF-HEALING] Failed to find element with id 'Object Repository/Page_AI Participants/li_Teacher'. Try using Self-healing.

2022-01-15 16:41:04 - [MESSAGE][WARNING] - [SELF-HEALING] The current locator of test object 'Object Repository/Page_AI Participants/li_Teacher' was broken. Propose an alternative one: '(.//*[normalize-space(text()) and normalize-space(.)='▼'])[1]/following::li[4]'.

2022-01-15 16:41:04 - [MESSAGE][PASSED] - Object: 'Object Repository/Page_AI Participants/li_Teacher' is clicked on

2022-01-15 16:41:04 - [TEST_STEP][PASSED] - selectOptionByValue(findTestObject("Object Repository/Page_AI Participants/select_No roles                    Manager _431b74"), "3", true): All options with value '3' are selected in object 'Object Repository/Page_AI Participants/select_No roles                    Manager _431b74'  using regular expression

2022-01-15 16:41:05 - [MESSAGE][PASSED] - All options with value '3' are selected in object 'Object Repository/Page_AI Participants/select_No roles                    Manager _431b74'  using regular expression

2022-01-15 16:41:05 - [TEST_STEP][PASSED] - selectOptionByValue(findTestObject("Object Repository/Page_AI Participants/select_No roles                    Manager _431b74"), "3", true): All options with value '3' are selected in object 'Object Repository/Page_AI Participants/select_No roles                    Manager _431b74'  using regular expression

2022-01-15 16:41:07 - [MESSAGE][PASSED] - All options with value '3' are selected in object 'Object Repository/Page_AI Participants/select_No roles                    Manager _431b74'  using regular expression

2022-01-15 16:41:07 - [TEST_STEP][PASSED] - selectOptionByValue(findTestObject("Object Repository/Page_AI Participants/select_No roles                    Manager _431b74"), "3", true): All options with value '3' are selected in object 'Object Repository/Page_AI Participants/select_No roles                    Manager _431b74'  using regular expression

2022-01-15 16:41:08 - [MESSAGE][PASSED] - All options with value '3' are selected in object 'Object Repository/Page_AI Participants/select_No roles                    Manager _431b74'  using regular expression

2022-01-15 16:41:08 - [TEST_STEP][PASSED] - selectOptionByValue(findTestObject("Object Repository/Page_AI Participants/select_No roles                    Manager _431b74"), "3", true): All options with value '3' are selected in object 'Object Repository/Page_AI Participants/select_No roles                    Manager _431b74'  using regular expression

2022-01-15 16:41:09 - [MESSAGE][PASSED] - All options with value '3' are selected in object 'Object Repository/Page_AI Participants/select_No roles                    Manager _431b74'  using regular expression

2022-01-15 16:41:09 - [TEST_STEP][PASSED] - selectOptionByValue(findTestObject("Object Repository/Page_AI Participants/select_No roles                    Manager _431b74"), "3", true): All options with value '3' are selected in object 'Object Repository/Page_AI Participants/select_No roles                    Manager _431b74'  using regular expression

2022-01-15 16:41:10 - [MESSAGE][PASSED] - All options with value '3' are selected in object 'Object Repository/Page_AI Participants/select_No roles                    Manager _431b74'  using regular expression

2022-01-15 16:41:10 - [TEST_STEP][PASSED] - selectOptionByValue(findTestObject("Object Repository/Page_AI Participants/select_No roles                    Manager _431b74"), "3", true): All options with value '3' are selected in object 'Object Repository/Page_AI Participants/select_No roles                    Manager _431b74'  using regular expression

2022-01-15 16:41:11 - [MESSAGE][PASSED] - All options with value '3' are selected in object 'Object Repository/Page_AI Participants/select_No roles                    Manager _431b74'  using regular expression

2022-01-15 16:41:11 - [TEST_STEP][PASSED] - selectOptionByValue(findTestObject("Object Repository/Page_AI Participants/select_No roles                    Manager _431b74"), "3", true): All options with value '3' are selected in object 'Object Repository/Page_AI Participants/select_No roles                    Manager _431b74'  using regular expression

2022-01-15 16:41:12 - [MESSAGE][PASSED] - All options with value '3' are selected in object 'Object Repository/Page_AI Participants/select_No roles                    Manager _431b74'  using regular expression

2022-01-15 16:41:12 - [TEST_STEP][PASSED] - selectOptionByValue(findTestObject("Object Repository/Page_AI Participants/select_No roles                    Manager _431b74"), "3", true): All options with value '3' are selected in object 'Object Repository/Page_AI Participants/select_No roles                    Manager _431b74'  using regular expression

2022-01-15 16:41:13 - [MESSAGE][PASSED] - All options with value '3' are selected in object 'Object Repository/Page_AI Participants/select_No roles                    Manager _431b74'  using regular expression

2022-01-15 16:41:13 - [TEST_STEP][PASSED] - selectOptionByValue(findTestObject("Object Repository/Page_AI Participants/select_No roles                    Manager _431b74"), "3", true): All options with value '3' are selected in object 'Object Repository/Page_AI Participants/select_No roles                    Manager _431b74'  using regular expression

2022-01-15 16:41:14 - [MESSAGE][PASSED] - All options with value '3' are selected in object 'Object Repository/Page_AI Participants/select_No roles                    Manager _431b74'  using regular expression

2022-01-15 16:41:14 - [TEST_STEP][PASSED] - click(findTestObject("Object Repository/Page_AI Participants/button_Apply filters_1")): Object: 'Object Repository/Page_AI Participants/button_Apply filters_1' is clicked on

2022-01-15 16:41:20 - [MESSAGE][INFO] - Unable to find the element located by 'By.xpath: //button[@id='yui_3_17_2_1_1641958601846_71']'. Please recheck the objects properties to make sure the desired element is located. 

2022-01-15 16:41:20 - [MESSAGE][WARNING] - [SELF-HEALING] Failed to find element with id 'Object Repository/Page_AI Participants/button_Apply filters_1'. Try using Self-healing.

2022-01-15 16:41:21 - [MESSAGE][WARNING] - [SELF-HEALING] The current locator of test object 'Object Repository/Page_AI Participants/button_Apply filters_1' was broken. Propose an alternative one: '(.//*[normalize-space(text()) and normalize-space(.)='Clear filters'])[1]/following::button[1]'.

2022-01-15 16:41:21 - [MESSAGE][PASSED] - Object: 'Object Repository/Page_AI Participants/button_Apply filters_1' is clicked on

2022-01-15 16:41:21 - [TEST_STEP][PASSED] - verifyElementText(findTestObject("Object Repository/Page_AI Participants/p_3 participants found"), "3 participants found"): Actual text and expected text of test object 'Object Repository/Page_AI Participants/p_3 participants found' are matched.

2022-01-15 16:41:27 - [MESSAGE][INFO] - Unable to find the element located by 'By.xpath: //p[@id='yui_3_17_2_1_1641958601846_73']'. Please recheck the objects properties to make sure the desired element is located. 

2022-01-15 16:41:27 - [MESSAGE][WARNING] - [SELF-HEALING] Failed to find element with id 'Object Repository/Page_AI Participants/p_3 participants found'. Try using Self-healing.

2022-01-15 16:41:27 - [MESSAGE][WARNING] - [SELF-HEALING] The current locator of test object 'Object Repository/Page_AI Participants/p_3 participants found' was broken. Propose an alternative one: '(.//*[normalize-space(text()) and normalize-space(.)='Apply filters'])[1]/following::p[1]'.

2022-01-15 16:41:27 - [MESSAGE][PASSED] - Actual text and expected text of test object 'Object Repository/Page_AI Participants/p_3 participants found' are matched.

2022-01-15 16:41:27 - [TEST_STEP][PASSED] - verifyElementText(findTestObject("Object Repository/Page_AI Participants/td_t1example.com"), "t1@example.com"): Actual text and expected text of test object 'Object Repository/Page_AI Participants/td_t1example.com' are matched.

2022-01-15 16:41:28 - [MESSAGE][PASSED] - Actual text and expected text of test object 'Object Repository/Page_AI Participants/td_t1example.com' are matched.

2022-01-15 16:41:28 - [TEST_STEP][PASSED] - verifyElementText(findTestObject("Object Repository/Page_AI Participants/td_t2example.com"), "t2@example.com"): Actual text and expected text of test object 'Object Repository/Page_AI Participants/td_t2example.com' are matched.

2022-01-15 16:41:28 - [MESSAGE][PASSED] - Actual text and expected text of test object 'Object Repository/Page_AI Participants/td_t2example.com' are matched.

2022-01-15 16:41:28 - [TEST_STEP][PASSED] - verifyElementText(findTestObject("Object Repository/Page_AI Participants/td_t3example.com"), "t3@example.com"): Actual text and expected text of test object 'Object Repository/Page_AI Participants/td_t3example.com' are matched.

2022-01-15 16:41:28 - [MESSAGE][PASSED] - Actual text and expected text of test object 'Object Repository/Page_AI Participants/td_t3example.com' are matched.

2022-01-15 16:41:28 - [TEST_STEP][PASSED] - closeBrowser(): Browser is closed

2022-01-15 16:41:29 - [MESSAGE][PASSED] - Browser is closed]]></system-out>
         <system-err><![CDATA[]]></system-err>
      </testcase>
      <testcase name="Test Cases/15_thêm lịch cho 1 course thành công" time="31.771" classname="Test Cases/15_thêm lịch cho 1 course thành công" status="FAILED">
         <failure type="FAILED" message="Test Cases/15_thêm lịch cho 1 course thành công FAILED.
Reason:
com.kms.katalon.core.exception.StepFailedException: Unable to set text 'event one' of object 'Object Repository/Page_AI Calendar Detailed month view January 2022/input_Event title_name'
	at com.kms.katalon.core.webui.keyword.internal.WebUIKeywordMain.stepFailed(WebUIKeywordMain.groovy:64)
	at com.kms.katalon.core.webui.keyword.internal.WebUIKeywordMain.runKeyword(WebUIKeywordMain.groovy:26)
	at com.kms.katalon.core.webui.keyword.builtin.SetTextKeyword.setText(SetTextKeyword.groovy:66)
	at com.kms.katalon.core.webui.keyword.builtin.SetTextKeyword.execute(SetTextKeyword.groovy:37)
	at com.kms.katalon.core.keyword.internal.KeywordExecutor.executeKeywordForPlatform(KeywordExecutor.groovy:74)
	at com.kms.katalon.core.webui.keyword.WebUiBuiltInKeywords.setText(WebUiBuiltInKeywords.groovy:980)
	at com.kms.katalon.core.webui.keyword.WebUiBuiltInKeywords$setText$2.call(Unknown Source)
	at 15_thêm lịch cho 1 course thành công.run(15_thêm lịch cho 1 course thành công:42)
	at com.kms.katalon.core.main.ScriptEngine.run(ScriptEngine.java:194)
	at com.kms.katalon.core.main.ScriptEngine.runScriptAsRawText(ScriptEngine.java:119)
	at com.kms.katalon.core.main.TestCaseExecutor.runScript(TestCaseExecutor.java:442)
	at com.kms.katalon.core.main.TestCaseExecutor.doExecute(TestCaseExecutor.java:433)
	at com.kms.katalon.core.main.TestCaseExecutor.processExecutionPhase(TestCaseExecutor.java:412)
	at com.kms.katalon.core.main.TestCaseExecutor.accessMainPhase(TestCaseExecutor.java:404)
	at com.kms.katalon.core.main.TestCaseExecutor.execute(TestCaseExecutor.java:281)
	at com.kms.katalon.core.main.TestCaseExecutor.execute(TestCaseExecutor.java:363)
	at com.kms.katalon.core.main.TestCaseExecutor.execute(TestCaseExecutor.java:363)
	at com.kms.katalon.core.main.TestCaseExecutor.execute(TestCaseExecutor.java:363)
	at com.kms.katalon.core.main.TestSuiteExecutor.accessTestCaseMainPhase(TestSuiteExecutor.java:202)
	at com.kms.katalon.core.main.TestSuiteExecutor.accessTestSuiteMainPhase(TestSuiteExecutor.java:164)
	at com.kms.katalon.core.main.TestSuiteExecutor.execute(TestSuiteExecutor.java:105)
	at com.kms.katalon.core.main.TestCaseMain.startTestSuite(TestCaseMain.java:181)
	at com.kms.katalon.core.main.TestCaseMain$startTestSuite$0.call(Unknown Source)
	at TempTestSuite1642239075402.run(TempTestSuite1642239075402.groovy:36)
Caused by: com.kms.katalon.core.webui.exception.WebElementNotFoundException: Web element with id: 'Object Repository/Page_AI Calendar Detailed month view January 2022/input_Event title_name' located by '//input[@id='id_name']' not found
	at com.kms.katalon.core.webui.common.WebUiCommonHelper.findWebElement(WebUiCommonHelper.java:1368)
	at com.kms.katalon.core.webui.keyword.internal.WebUIAbstractKeyword.findWebElement(WebUIAbstractKeyword.groovy:27)
	at com.kms.katalon.core.webui.keyword.internal.WebUIAbstractKeyword.findWebElement(WebUIAbstractKeyword.groovy:26)
	at com.kms.katalon.core.webui.keyword.builtin.SetTextKeyword$_setText_closure1.doCall(SetTextKeyword.groovy:51)
	at com.kms.katalon.core.webui.keyword.builtin.SetTextKeyword$_setText_closure1.call(SetTextKeyword.groovy)
	at com.kms.katalon.core.webui.keyword.internal.WebUIKeywordMain.runKeyword(WebUIKeywordMain.groovy:20)
	... 22 more
"/>
         <system-out><![CDATA[2022-01-15 16:43:06 - [TEST_CASE][FAILED] - Test Cases/15_thêm lịch cho 1 course thành công: Test Cases/15_thêm lịch cho 1 course thành công FAILED.
Reason:
com.kms.katalon.core.exception.StepFailedException: Unable to set text 'event one' of object 'Object Repository/Page_AI Calendar Detailed month view January 2022/input_Event title_name'
	at com.kms.katalon.core.webui.keyword.internal.WebUIKeywordMain.stepFailed(WebUIKeywordMain.groovy:64)
	at com.kms.katalon.core.webui.keyword.internal.WebUIKeywordMain.runKeyword(WebUIKeywordMain.groovy:26)
	at com.kms.katalon.core.webui.keyword.builtin.SetTextKeyword.setText(SetTextKeyword.groovy:66)
	at com.kms.katalon.core.webui.keyword.builtin.SetTextKeyword.execute(SetTextKeyword.groovy:37)
	at com.kms.katalon.core.keyword.internal.KeywordExecutor.executeKeywordForPlatform(KeywordExecutor.groovy:74)
	at com.kms.katalon.core.webui.keyword.WebUiBuiltInKeywords.setText(WebUiBuiltInKeywords.groovy:980)
	at com.kms.katalon.core.webui.keyword.WebUiBuiltInKeywords$setText$2.call(Unknown Source)
	at 15_thêm lịch cho 1 course thành công.run(15_thêm lịch cho 1 course thành công:42)
	at com.kms.katalon.core.main.ScriptEngine.run(ScriptEngine.java:194)
	at com.kms.katalon.core.main.ScriptEngine.runScriptAsRawText(ScriptEngine.java:119)
	at com.kms.katalon.core.main.TestCaseExecutor.runScript(TestCaseExecutor.java:442)
	at com.kms.katalon.core.main.TestCaseExecutor.doExecute(TestCaseExecutor.java:433)
	at com.kms.katalon.core.main.TestCaseExecutor.processExecutionPhase(TestCaseExecutor.java:412)
	at com.kms.katalon.core.main.TestCaseExecutor.accessMainPhase(TestCaseExecutor.java:404)
	at com.kms.katalon.core.main.TestCaseExecutor.execute(TestCaseExecutor.java:281)
	at com.kms.katalon.core.main.TestCaseExecutor.execute(TestCaseExecutor.java:363)
	at com.kms.katalon.core.main.TestCaseExecutor.execute(TestCaseExecutor.java:363)
	at com.kms.katalon.core.main.TestCaseExecutor.execute(TestCaseExecutor.java:363)
	at com.kms.katalon.core.main.TestSuiteExecutor.accessTestCaseMainPhase(TestSuiteExecutor.java:202)
	at com.kms.katalon.core.main.TestSuiteExecutor.accessTestSuiteMainPhase(TestSuiteExecutor.java:164)
	at com.kms.katalon.core.main.TestSuiteExecutor.execute(TestSuiteExecutor.java:105)
	at com.kms.katalon.core.main.TestCaseMain.startTestSuite(TestCaseMain.java:181)
	at com.kms.katalon.core.main.TestCaseMain$startTestSuite$0.call(Unknown Source)
	at TempTestSuite1642239075402.run(TempTestSuite1642239075402.groovy:36)
Caused by: com.kms.katalon.core.webui.exception.WebElementNotFoundException: Web element with id: 'Object Repository/Page_AI Calendar Detailed month view January 2022/input_Event title_name' located by '//input[@id='id_name']' not found
	at com.kms.katalon.core.webui.common.WebUiCommonHelper.findWebElement(WebUiCommonHelper.java:1368)
	at com.kms.katalon.core.webui.keyword.internal.WebUIAbstractKeyword.findWebElement(WebUIAbstractKeyword.groovy:27)
	at com.kms.katalon.core.webui.keyword.internal.WebUIAbstractKeyword.findWebElement(WebUIAbstractKeyword.groovy:26)
	at com.kms.katalon.core.webui.keyword.builtin.SetTextKeyword$_setText_closure1.doCall(SetTextKeyword.groovy:51)
	at com.kms.katalon.core.webui.keyword.builtin.SetTextKeyword$_setText_closure1.call(SetTextKeyword.groovy)
	at com.kms.katalon.core.webui.keyword.internal.WebUIKeywordMain.runKeyword(WebUIKeywordMain.groovy:20)
	... 22 more


2022-01-15 16:43:06 - [TEST_STEP][PASSED] - openBrowser(""): Browser is opened with url: ''

2022-01-15 16:43:06 - [MESSAGE][WARNING] - A browser is already opened. Closing browser and opening a new one

2022-01-15 16:43:07 - [MESSAGE][INFO] - Starting 'Chrome' driver

2022-01-15 16:43:07 - [MESSAGE][INFO] - Action delay is set to 0 milliseconds

2022-01-15 16:43:08 - [MESSAGE][PASSED] - Browser is opened with url: ''

2022-01-15 16:43:08 - [TEST_STEP][PASSED] - navigateToUrl("http://localhost/"): Navigate to 'http://localhost/' successfully

2022-01-15 16:43:08 - [MESSAGE][PASSED] - Navigate to 'http://localhost/' successfully

2022-01-15 16:43:08 - [TEST_STEP][PASSED] - click(findTestObject("Object Repository/Page_HCMUS/a_Log in")): Object: 'Object Repository/Page_HCMUS/a_Log in' is clicked on

2022-01-15 16:43:09 - [MESSAGE][PASSED] - Object: 'Object Repository/Page_HCMUS/a_Log in' is clicked on

2022-01-15 16:43:09 - [TEST_STEP][PASSED] - setText(findTestObject("Object Repository/Page_HCMUS Log in to the site/input_Username_username"), "admin"): Text 'admin' is set on object 'Object Repository/Page_HCMUS Log in to the site/input_Username_username'

2022-01-15 16:43:10 - [MESSAGE][PASSED] - Text 'admin' is set on object 'Object Repository/Page_HCMUS Log in to the site/input_Username_username'

2022-01-15 16:43:10 - [TEST_STEP][PASSED] - setEncryptedText(findTestObject("Object Repository/Page_HCMUS Log in to the site/input_Password_password"), "5MU2PI2jvJCK/lBTYOwt6g=="): Text ****** has been set on object 'Object Repository/Page_HCMUS Log in to the site/input_Password_password'

2022-01-15 16:43:10 - [MESSAGE][PASSED] - Text ****** has been set on object 'Object Repository/Page_HCMUS Log in to the site/input_Password_password'

2022-01-15 16:43:10 - [TEST_STEP][PASSED] - click(findTestObject("Object Repository/Page_HCMUS Log in to the site/button_Log in")): Object: 'Object Repository/Page_HCMUS Log in to the site/button_Log in' is clicked on

2022-01-15 16:43:11 - [MESSAGE][PASSED] - Object: 'Object Repository/Page_HCMUS Log in to the site/button_Log in' is clicked on

2022-01-15 16:43:11 - [TEST_STEP][PASSED] - click(findTestObject("Object Repository/Page_Dashboard/span_Site home")): Object: 'Object Repository/Page_Dashboard/span_Site home' is clicked on

2022-01-15 16:43:12 - [MESSAGE][PASSED] - Object: 'Object Repository/Page_Dashboard/span_Site home' is clicked on

2022-01-15 16:43:12 - [TEST_STEP][PASSED] - click(findTestObject("Object Repository/Page_HCMUS/a_Nhp mn tr tu nhn to")): Object: 'Object Repository/Page_HCMUS/a_Nhp mn tr tu nhn to' is clicked on

2022-01-15 16:43:13 - [MESSAGE][PASSED] - Object: 'Object Repository/Page_HCMUS/a_Nhp mn tr tu nhn to' is clicked on

2022-01-15 16:43:13 - [TEST_STEP][PASSED] - click(findTestObject("Object Repository/Page_Course Nhp mn tr tu nhn to/span_Calendar")): Object: 'Object Repository/Page_Course Nhp mn tr tu nhn to/span_Calendar' is clicked on

2022-01-15 16:43:14 - [MESSAGE][PASSED] - Object: 'Object Repository/Page_Course Nhp mn tr tu nhn to/span_Calendar' is clicked on

2022-01-15 16:43:14 - [TEST_STEP][PASSED] - click(findTestObject("Object Repository/Page_AI Calendar Detailed month view January 2022/span_February 2022")): Object: 'Object Repository/Page_AI Calendar Detailed month view January 2022/span_February 2022' is clicked on

2022-01-15 16:43:20 - [MESSAGE][INFO] - Unable to find the element located by 'By.xpath: //a[@id='yui_3_17_2_1_1641959906329_3445']/span'. Please recheck the objects properties to make sure the desired element is located. 

2022-01-15 16:43:20 - [MESSAGE][WARNING] - [SELF-HEALING] Failed to find element with id 'Object Repository/Page_AI Calendar Detailed month view January 2022/span_February 2022'. Try using Self-healing.

2022-01-15 16:43:21 - [MESSAGE][INFO] - Unable to find the element located by 'By.xpath: (.//*[normalize-space(text()) and normalize-space(.)='|'])[2]/following::span[1]'. Please recheck the objects properties to make sure the desired element is located. 

2022-01-15 16:43:21 - [MESSAGE][WARNING] - [SELF-HEALING] The current locator of test object 'Object Repository/Page_AI Calendar Detailed month view January 2022/span_February 2022' was broken. Propose an alternative one: '(.//*[normalize-space(text()) and normalize-space(.)='January 2022'])[2]/following::span[2]'.

2022-01-15 16:43:21 - [MESSAGE][PASSED] - Object: 'Object Repository/Page_AI Calendar Detailed month view January 2022/span_February 2022' is clicked on

2022-01-15 16:43:21 - [TEST_STEP][PASSED] - click(findTestObject("Object Repository/Page_AI Calendar Detailed month view January 2022/button_New event")): Object: 'Object Repository/Page_AI Calendar Detailed month view January 2022/button_New event' is clicked on

2022-01-15 16:43:28 - [MESSAGE][INFO] - Unable to find the element located by 'By.xpath: //div[@id='calendar-month-61de51e24fa7161de51e216fa116']/div/button'. Please recheck the objects properties to make sure the desired element is located. 

2022-01-15 16:43:28 - [MESSAGE][WARNING] - [SELF-HEALING] Failed to find element with id 'Object Repository/Page_AI Calendar Detailed month view January 2022/button_New event'. Try using Self-healing.

2022-01-15 16:43:28 - [MESSAGE][WARNING] - [SELF-HEALING] The current locator of test object 'Object Repository/Page_AI Calendar Detailed month view January 2022/button_New event' was broken. Propose an alternative one: '(.//*[normalize-space(text()) and normalize-space(.)='List of courses'])[1]/following::button[1]'.

2022-01-15 16:43:28 - [MESSAGE][PASSED] - Object: 'Object Repository/Page_AI Calendar Detailed month view January 2022/button_New event' is clicked on

2022-01-15 16:43:28 - [TEST_STEP][FAILED] - setText(findTestObject("Object Repository/Page_AI Calendar Detailed month view January 2022/input_Event title_name"), "event one"): Unable to set text 'event one' of object 'Object Repository/Page_AI Calendar Detailed month view January 2022/input_Event title_name' (Root cause: com.kms.katalon.core.exception.StepFailedException: Unable to set text 'event one' of object 'Object Repository/Page_AI Calendar Detailed month view January 2022/input_Event title_name'
	at com.kms.katalon.core.webui.keyword.internal.WebUIKeywordMain.stepFailed(WebUIKeywordMain.groovy:64)
	at com.kms.katalon.core.webui.keyword.internal.WebUIKeywordMain.runKeyword(WebUIKeywordMain.groovy:26)
	at com.kms.katalon.core.webui.keyword.builtin.SetTextKeyword.setText(SetTextKeyword.groovy:66)
	at com.kms.katalon.core.webui.keyword.builtin.SetTextKeyword.execute(SetTextKeyword.groovy:37)
	at com.kms.katalon.core.keyword.internal.KeywordExecutor.executeKeywordForPlatform(KeywordExecutor.groovy:74)
	at com.kms.katalon.core.webui.keyword.WebUiBuiltInKeywords.setText(WebUiBuiltInKeywords.groovy:980)
	at com.kms.katalon.core.webui.keyword.WebUiBuiltInKeywords$setText$2.call(Unknown Source)
	at 15_thêm lịch cho 1 course thành công.run(15_thêm lịch cho 1 course thành công:42)
	at com.kms.katalon.core.main.ScriptEngine.run(ScriptEngine.java:194)
	at com.kms.katalon.core.main.ScriptEngine.runScriptAsRawText(ScriptEngine.java:119)
	at com.kms.katalon.core.main.TestCaseExecutor.runScript(TestCaseExecutor.java:442)
	at com.kms.katalon.core.main.TestCaseExecutor.doExecute(TestCaseExecutor.java:433)
	at com.kms.katalon.core.main.TestCaseExecutor.processExecutionPhase(TestCaseExecutor.java:412)
	at com.kms.katalon.core.main.TestCaseExecutor.accessMainPhase(TestCaseExecutor.java:404)
	at com.kms.katalon.core.main.TestCaseExecutor.execute(TestCaseExecutor.java:281)
	at com.kms.katalon.core.main.TestCaseExecutor.execute(TestCaseExecutor.java:363)
	at com.kms.katalon.core.main.TestCaseExecutor.execute(TestCaseExecutor.java:363)
	at com.kms.katalon.core.main.TestCaseExecutor.execute(TestCaseExecutor.java:363)
	at com.kms.katalon.core.main.TestSuiteExecutor.accessTestCaseMainPhase(TestSuiteExecutor.java:202)
	at com.kms.katalon.core.main.TestSuiteExecutor.accessTestSuiteMainPhase(TestSuiteExecutor.java:164)
	at com.kms.katalon.core.main.TestSuiteExecutor.execute(TestSuiteExecutor.java:105)
	at com.kms.katalon.core.main.TestCaseMain.startTestSuite(TestCaseMain.java:181)
	at com.kms.katalon.core.main.TestCaseMain$startTestSuite$0.call(Unknown Source)
	at TempTestSuite1642239075402.run(TempTestSuite1642239075402.groovy:36)
Caused by: com.kms.katalon.core.webui.exception.WebElementNotFoundException: Web element with id: 'Object Repository/Page_AI Calendar Detailed month view January 2022/input_Event title_name' located by '//input[@id='id_name']' not found
	at com.kms.katalon.core.webui.common.WebUiCommonHelper.findWebElement(WebUiCommonHelper.java:1368)
	at com.kms.katalon.core.webui.keyword.internal.WebUIAbstractKeyword.findWebElement(WebUIAbstractKeyword.groovy:27)
	at com.kms.katalon.core.webui.keyword.internal.WebUIAbstractKeyword.findWebElement(WebUIAbstractKeyword.groovy:26)
	at com.kms.katalon.core.webui.keyword.builtin.SetTextKeyword$_setText_closure1.doCall(SetTextKeyword.groovy:51)
	at com.kms.katalon.core.webui.keyword.builtin.SetTextKeyword$_setText_closure1.call(SetTextKeyword.groovy)
	at com.kms.katalon.core.webui.keyword.internal.WebUIKeywordMain.runKeyword(WebUIKeywordMain.groovy:20)
	at com.kms.katalon.core.webui.keyword.builtin.SetTextKeyword.setText(SetTextKeyword.groovy:66)
	at com.kms.katalon.core.webui.keyword.builtin.SetTextKeyword.execute(SetTextKeyword.groovy:37)
	at com.kms.katalon.core.keyword.internal.KeywordExecutor.executeKeywordForPlatform(KeywordExecutor.groovy:74)
	at com.kms.katalon.core.webui.keyword.WebUiBuiltInKeywords.setText(WebUiBuiltInKeywords.groovy:980)
	at com.kms.katalon.core.webui.keyword.WebUiBuiltInKeywords$setText$2.call(Unknown Source)
	at Script1641923716314.run(Script1641923716314.groovy:42)
	... 16 more
)

2022-01-15 16:43:34 - [MESSAGE][INFO] - Unable to find the element located by 'By.xpath: //input[@id='id_name']'. Please recheck the objects properties to make sure the desired element is located. 

2022-01-15 16:43:34 - [MESSAGE][WARNING] - [SELF-HEALING] Failed to find element with id 'Object Repository/Page_AI Calendar Detailed month view January 2022/input_Event title_name'. Try using Self-healing.

2022-01-15 16:43:34 - [MESSAGE][INFO] - [SELF-HEALING] Failed Locator: '//input[@id='id_name']'.

2022-01-15 16:43:35 - [MESSAGE][INFO] - [SELF-HEALING] Failed Locator: '//div[@id='yui_3_17_2_1_1641923849267_1178']/input'.

2022-01-15 16:43:35 - [MESSAGE][INFO] - [SELF-HEALING] Failed Locator: '//div/div[2]/input'.

2022-01-15 16:43:35 - [MESSAGE][INFO] - [SELF-HEALING] Failed Locator: '//div[@id='yui_3_17_2_1_1641923745317_1173']/input'.

2022-01-15 16:43:36 - [MESSAGE][INFO] - Unable to find the element located by 'By.xpath: //*[@type = 'text' and @name = 'name' and @id = 'id_name']'. Please recheck the objects properties to make sure the desired element is located. 

2022-01-15 16:43:37 - [MESSAGE][INFO] - Unable to find the element located by 'By.cssSelector: #id_name'. Please recheck the objects properties to make sure the desired element is located. 

2022-01-15 16:43:38 - [MESSAGE][FAILED] - Unable to set text 'event one' of object 'Object Repository/Page_AI Calendar Detailed month view January 2022/input_Event title_name' (Root cause: com.kms.katalon.core.exception.StepFailedException: Unable to set text 'event one' of object 'Object Repository/Page_AI Calendar Detailed month view January 2022/input_Event title_name'
	at com.kms.katalon.core.webui.keyword.internal.WebUIKeywordMain.stepFailed(WebUIKeywordMain.groovy:64)
	at com.kms.katalon.core.webui.keyword.internal.WebUIKeywordMain.runKeyword(WebUIKeywordMain.groovy:26)
	at com.kms.katalon.core.webui.keyword.builtin.SetTextKeyword.setText(SetTextKeyword.groovy:66)
	at com.kms.katalon.core.webui.keyword.builtin.SetTextKeyword.execute(SetTextKeyword.groovy:37)
	at com.kms.katalon.core.keyword.internal.KeywordExecutor.executeKeywordForPlatform(KeywordExecutor.groovy:74)
	at com.kms.katalon.core.webui.keyword.WebUiBuiltInKeywords.setText(WebUiBuiltInKeywords.groovy:980)
	at com.kms.katalon.core.webui.keyword.WebUiBuiltInKeywords$setText$2.call(Unknown Source)
	at 15_thêm lịch cho 1 course thành công.run(15_thêm lịch cho 1 course thành công:42)
	at com.kms.katalon.core.main.ScriptEngine.run(ScriptEngine.java:194)
	at com.kms.katalon.core.main.ScriptEngine.runScriptAsRawText(ScriptEngine.java:119)
	at com.kms.katalon.core.main.TestCaseExecutor.runScript(TestCaseExecutor.java:442)
	at com.kms.katalon.core.main.TestCaseExecutor.doExecute(TestCaseExecutor.java:433)
	at com.kms.katalon.core.main.TestCaseExecutor.processExecutionPhase(TestCaseExecutor.java:412)
	at com.kms.katalon.core.main.TestCaseExecutor.accessMainPhase(TestCaseExecutor.java:404)
	at com.kms.katalon.core.main.TestCaseExecutor.execute(TestCaseExecutor.java:281)
	at com.kms.katalon.core.main.TestCaseExecutor.execute(TestCaseExecutor.java:363)
	at com.kms.katalon.core.main.TestCaseExecutor.execute(TestCaseExecutor.java:363)
	at com.kms.katalon.core.main.TestCaseExecutor.execute(TestCaseExecutor.java:363)
	at com.kms.katalon.core.main.TestSuiteExecutor.accessTestCaseMainPhase(TestSuiteExecutor.java:202)
	at com.kms.katalon.core.main.TestSuiteExecutor.accessTestSuiteMainPhase(TestSuiteExecutor.java:164)
	at com.kms.katalon.core.main.TestSuiteExecutor.execute(TestSuiteExecutor.java:105)
	at com.kms.katalon.core.main.TestCaseMain.startTestSuite(TestCaseMain.java:181)
	at com.kms.katalon.core.main.TestCaseMain$startTestSuite$0.call(Unknown Source)
	at TempTestSuite1642239075402.run(TempTestSuite1642239075402.groovy:36)
Caused by: com.kms.katalon.core.webui.exception.WebElementNotFoundException: Web element with id: 'Object Repository/Page_AI Calendar Detailed month view January 2022/input_Event title_name' located by '//input[@id='id_name']' not found
	at com.kms.katalon.core.webui.common.WebUiCommonHelper.findWebElement(WebUiCommonHelper.java:1368)
	at com.kms.katalon.core.webui.keyword.internal.WebUIAbstractKeyword.findWebElement(WebUIAbstractKeyword.groovy:27)
	at com.kms.katalon.core.webui.keyword.internal.WebUIAbstractKeyword.findWebElement(WebUIAbstractKeyword.groovy:26)
	at com.kms.katalon.core.webui.keyword.builtin.SetTextKeyword$_setText_closure1.doCall(SetTextKeyword.groovy:51)
	at com.kms.katalon.core.webui.keyword.builtin.SetTextKeyword$_setText_closure1.call(SetTextKeyword.groovy)
	at com.kms.katalon.core.webui.keyword.internal.WebUIKeywordMain.runKeyword(WebUIKeywordMain.groovy:20)
	at com.kms.katalon.core.webui.keyword.builtin.SetTextKeyword.setText(SetTextKeyword.groovy:66)
	at com.kms.katalon.core.webui.keyword.builtin.SetTextKeyword.execute(SetTextKeyword.groovy:37)
	at com.kms.katalon.core.keyword.internal.KeywordExecutor.executeKeywordForPlatform(KeywordExecutor.groovy:74)
	at com.kms.katalon.core.webui.keyword.WebUiBuiltInKeywords.setText(WebUiBuiltInKeywords.groovy:980)
	at com.kms.katalon.core.webui.keyword.WebUiBuiltInKeywords$setText$2.call(Unknown Source)
	at Script1641923716314.run(Script1641923716314.groovy:42)
	... 16 more
)
[[ATTACHMENT|C:\\Users\\congt\\git\\Test-Automation-SE-Bonus\\Reports\\20220115_163115\\Run all test cases\\20220115_163115\\1642239817903.png]]]]></system-out>
         <system-err><![CDATA[2022-01-15 16:43:06 - [TEST_CASE][FAILED] - Test Cases/15_thêm lịch cho 1 course thành công: Test Cases/15_thêm lịch cho 1 course thành công FAILED.
Reason:
com.kms.katalon.core.exception.StepFailedException: Unable to set text 'event one' of object 'Object Repository/Page_AI Calendar Detailed month view January 2022/input_Event title_name'
	at com.kms.katalon.core.webui.keyword.internal.WebUIKeywordMain.stepFailed(WebUIKeywordMain.groovy:64)
	at com.kms.katalon.core.webui.keyword.internal.WebUIKeywordMain.runKeyword(WebUIKeywordMain.groovy:26)
	at com.kms.katalon.core.webui.keyword.builtin.SetTextKeyword.setText(SetTextKeyword.groovy:66)
	at com.kms.katalon.core.webui.keyword.builtin.SetTextKeyword.execute(SetTextKeyword.groovy:37)
	at com.kms.katalon.core.keyword.internal.KeywordExecutor.executeKeywordForPlatform(KeywordExecutor.groovy:74)
	at com.kms.katalon.core.webui.keyword.WebUiBuiltInKeywords.setText(WebUiBuiltInKeywords.groovy:980)
	at com.kms.katalon.core.webui.keyword.WebUiBuiltInKeywords$setText$2.call(Unknown Source)
	at 15_thêm lịch cho 1 course thành công.run(15_thêm lịch cho 1 course thành công:42)
	at com.kms.katalon.core.main.ScriptEngine.run(ScriptEngine.java:194)
	at com.kms.katalon.core.main.ScriptEngine.runScriptAsRawText(ScriptEngine.java:119)
	at com.kms.katalon.core.main.TestCaseExecutor.runScript(TestCaseExecutor.java:442)
	at com.kms.katalon.core.main.TestCaseExecutor.doExecute(TestCaseExecutor.java:433)
	at com.kms.katalon.core.main.TestCaseExecutor.processExecutionPhase(TestCaseExecutor.java:412)
	at com.kms.katalon.core.main.TestCaseExecutor.accessMainPhase(TestCaseExecutor.java:404)
	at com.kms.katalon.core.main.TestCaseExecutor.execute(TestCaseExecutor.java:281)
	at com.kms.katalon.core.main.TestCaseExecutor.execute(TestCaseExecutor.java:363)
	at com.kms.katalon.core.main.TestCaseExecutor.execute(TestCaseExecutor.java:363)
	at com.kms.katalon.core.main.TestCaseExecutor.execute(TestCaseExecutor.java:363)
	at com.kms.katalon.core.main.TestSuiteExecutor.accessTestCaseMainPhase(TestSuiteExecutor.java:202)
	at com.kms.katalon.core.main.TestSuiteExecutor.accessTestSuiteMainPhase(TestSuiteExecutor.java:164)
	at com.kms.katalon.core.main.TestSuiteExecutor.execute(TestSuiteExecutor.java:105)
	at com.kms.katalon.core.main.TestCaseMain.startTestSuite(TestCaseMain.java:181)
	at com.kms.katalon.core.main.TestCaseMain$startTestSuite$0.call(Unknown Source)
	at TempTestSuite1642239075402.run(TempTestSuite1642239075402.groovy:36)
Caused by: com.kms.katalon.core.webui.exception.WebElementNotFoundException: Web element with id: 'Object Repository/Page_AI Calendar Detailed month view January 2022/input_Event title_name' located by '//input[@id='id_name']' not found
	at com.kms.katalon.core.webui.common.WebUiCommonHelper.findWebElement(WebUiCommonHelper.java:1368)
	at com.kms.katalon.core.webui.keyword.internal.WebUIAbstractKeyword.findWebElement(WebUIAbstractKeyword.groovy:27)
	at com.kms.katalon.core.webui.keyword.internal.WebUIAbstractKeyword.findWebElement(WebUIAbstractKeyword.groovy:26)
	at com.kms.katalon.core.webui.keyword.builtin.SetTextKeyword$_setText_closure1.doCall(SetTextKeyword.groovy:51)
	at com.kms.katalon.core.webui.keyword.builtin.SetTextKeyword$_setText_closure1.call(SetTextKeyword.groovy)
	at com.kms.katalon.core.webui.keyword.internal.WebUIKeywordMain.runKeyword(WebUIKeywordMain.groovy:20)
	... 22 more]]></system-err>
      </testcase>
      <testcase name="Test Cases/16_thêm lịch cho 1 course với tiêu đề rỗng" time="25.544" classname="Test Cases/16_thêm lịch cho 1 course với tiêu đề rỗng" status="FAILED">
         <failure type="FAILED" message="Test Cases/16_thêm lịch cho 1 course với tiêu đề rỗng FAILED.
Reason:
com.kms.katalon.core.exception.StepFailedException: Unable to click on object 'Object Repository/Page_AI Calendar Detailed month view January 2022/button_Save'
	at com.kms.katalon.core.webui.keyword.internal.WebUIKeywordMain.stepFailed(WebUIKeywordMain.groovy:64)
	at com.kms.katalon.core.webui.keyword.internal.WebUIKeywordMain.runKeyword(WebUIKeywordMain.groovy:26)
	at com.kms.katalon.core.webui.keyword.builtin.ClickKeyword.click(ClickKeyword.groovy:74)
	at com.kms.katalon.core.webui.keyword.builtin.ClickKeyword.execute(ClickKeyword.groovy:40)
	at com.kms.katalon.core.keyword.internal.KeywordExecutor.executeKeywordForPlatform(KeywordExecutor.groovy:74)
	at com.kms.katalon.core.webui.keyword.WebUiBuiltInKeywords.click(WebUiBuiltInKeywords.groovy:620)
	at com.kms.katalon.core.webui.keyword.WebUiBuiltInKeywords$click$1.call(Unknown Source)
	at 16_thêm lịch cho 1 course với tiêu đề rỗng.run(16_thêm lịch cho 1 course với tiêu đề rỗng:36)
	at com.kms.katalon.core.main.ScriptEngine.run(ScriptEngine.java:194)
	at com.kms.katalon.core.main.ScriptEngine.runScriptAsRawText(ScriptEngine.java:119)
	at com.kms.katalon.core.main.TestCaseExecutor.runScript(TestCaseExecutor.java:442)
	at com.kms.katalon.core.main.TestCaseExecutor.doExecute(TestCaseExecutor.java:433)
	at com.kms.katalon.core.main.TestCaseExecutor.processExecutionPhase(TestCaseExecutor.java:412)
	at com.kms.katalon.core.main.TestCaseExecutor.accessMainPhase(TestCaseExecutor.java:404)
	at com.kms.katalon.core.main.TestCaseExecutor.execute(TestCaseExecutor.java:281)
	at com.kms.katalon.core.main.TestCaseExecutor.execute(TestCaseExecutor.java:363)
	at com.kms.katalon.core.main.TestCaseExecutor.execute(TestCaseExecutor.java:363)
	at com.kms.katalon.core.main.TestCaseExecutor.execute(TestCaseExecutor.java:363)
	at com.kms.katalon.core.main.TestSuiteExecutor.accessTestCaseMainPhase(TestSuiteExecutor.java:202)
	at com.kms.katalon.core.main.TestSuiteExecutor.accessTestSuiteMainPhase(TestSuiteExecutor.java:164)
	at com.kms.katalon.core.main.TestSuiteExecutor.execute(TestSuiteExecutor.java:105)
	at com.kms.katalon.core.main.TestCaseMain.startTestSuite(TestCaseMain.java:181)
	at com.kms.katalon.core.main.TestCaseMain$startTestSuite$0.call(Unknown Source)
	at TempTestSuite1642239075402.run(TempTestSuite1642239075402.groovy:36)
Caused by: com.kms.katalon.core.webui.exception.WebElementNotFoundException: Web element with id: 'Object Repository/Page_AI Calendar Detailed month view January 2022/button_Save' located by '//button[@id='yui_3_17_2_1_1642117081098_1464']' not found
	at com.kms.katalon.core.webui.common.WebUiCommonHelper.findWebElement(WebUiCommonHelper.java:1368)
	at com.kms.katalon.core.webui.keyword.internal.WebUIAbstractKeyword.findWebElement(WebUIAbstractKeyword.groovy:27)
	at com.kms.katalon.core.webui.keyword.builtin.ClickKeyword$_click_closure1.doCall(ClickKeyword.groovy:65)
	at com.kms.katalon.core.webui.keyword.builtin.ClickKeyword$_click_closure1.call(ClickKeyword.groovy)
	at com.kms.katalon.core.webui.keyword.internal.WebUIKeywordMain.runKeyword(WebUIKeywordMain.groovy:20)
	... 22 more
"/>
         <system-out><![CDATA[2022-01-15 16:44:56 - [TEST_CASE][FAILED] - Test Cases/16_thêm lịch cho 1 course với tiêu đề rỗng: Test Cases/16_thêm lịch cho 1 course với tiêu đề rỗng FAILED.
Reason:
com.kms.katalon.core.exception.StepFailedException: Unable to click on object 'Object Repository/Page_AI Calendar Detailed month view January 2022/button_Save'
	at com.kms.katalon.core.webui.keyword.internal.WebUIKeywordMain.stepFailed(WebUIKeywordMain.groovy:64)
	at com.kms.katalon.core.webui.keyword.internal.WebUIKeywordMain.runKeyword(WebUIKeywordMain.groovy:26)
	at com.kms.katalon.core.webui.keyword.builtin.ClickKeyword.click(ClickKeyword.groovy:74)
	at com.kms.katalon.core.webui.keyword.builtin.ClickKeyword.execute(ClickKeyword.groovy:40)
	at com.kms.katalon.core.keyword.internal.KeywordExecutor.executeKeywordForPlatform(KeywordExecutor.groovy:74)
	at com.kms.katalon.core.webui.keyword.WebUiBuiltInKeywords.click(WebUiBuiltInKeywords.groovy:620)
	at com.kms.katalon.core.webui.keyword.WebUiBuiltInKeywords$click$1.call(Unknown Source)
	at 16_thêm lịch cho 1 course với tiêu đề rỗng.run(16_thêm lịch cho 1 course với tiêu đề rỗng:36)
	at com.kms.katalon.core.main.ScriptEngine.run(ScriptEngine.java:194)
	at com.kms.katalon.core.main.ScriptEngine.runScriptAsRawText(ScriptEngine.java:119)
	at com.kms.katalon.core.main.TestCaseExecutor.runScript(TestCaseExecutor.java:442)
	at com.kms.katalon.core.main.TestCaseExecutor.doExecute(TestCaseExecutor.java:433)
	at com.kms.katalon.core.main.TestCaseExecutor.processExecutionPhase(TestCaseExecutor.java:412)
	at com.kms.katalon.core.main.TestCaseExecutor.accessMainPhase(TestCaseExecutor.java:404)
	at com.kms.katalon.core.main.TestCaseExecutor.execute(TestCaseExecutor.java:281)
	at com.kms.katalon.core.main.TestCaseExecutor.execute(TestCaseExecutor.java:363)
	at com.kms.katalon.core.main.TestCaseExecutor.execute(TestCaseExecutor.java:363)
	at com.kms.katalon.core.main.TestCaseExecutor.execute(TestCaseExecutor.java:363)
	at com.kms.katalon.core.main.TestSuiteExecutor.accessTestCaseMainPhase(TestSuiteExecutor.java:202)
	at com.kms.katalon.core.main.TestSuiteExecutor.accessTestSuiteMainPhase(TestSuiteExecutor.java:164)
	at com.kms.katalon.core.main.TestSuiteExecutor.execute(TestSuiteExecutor.java:105)
	at com.kms.katalon.core.main.TestCaseMain.startTestSuite(TestCaseMain.java:181)
	at com.kms.katalon.core.main.TestCaseMain$startTestSuite$0.call(Unknown Source)
	at TempTestSuite1642239075402.run(TempTestSuite1642239075402.groovy:36)
Caused by: com.kms.katalon.core.webui.exception.WebElementNotFoundException: Web element with id: 'Object Repository/Page_AI Calendar Detailed month view January 2022/button_Save' located by '//button[@id='yui_3_17_2_1_1642117081098_1464']' not found
	at com.kms.katalon.core.webui.common.WebUiCommonHelper.findWebElement(WebUiCommonHelper.java:1368)
	at com.kms.katalon.core.webui.keyword.internal.WebUIAbstractKeyword.findWebElement(WebUIAbstractKeyword.groovy:27)
	at com.kms.katalon.core.webui.keyword.builtin.ClickKeyword$_click_closure1.doCall(ClickKeyword.groovy:65)
	at com.kms.katalon.core.webui.keyword.builtin.ClickKeyword$_click_closure1.call(ClickKeyword.groovy)
	at com.kms.katalon.core.webui.keyword.internal.WebUIKeywordMain.runKeyword(WebUIKeywordMain.groovy:20)
	... 22 more


2022-01-15 16:44:56 - [TEST_STEP][PASSED] - openBrowser(""): Browser is opened with url: ''

2022-01-15 16:44:56 - [MESSAGE][WARNING] - A browser is already opened. Closing browser and opening a new one

2022-01-15 16:44:56 - [MESSAGE][INFO] - Starting 'Chrome' driver

2022-01-15 16:44:56 - [MESSAGE][INFO] - Action delay is set to 0 milliseconds

2022-01-15 16:44:58 - [MESSAGE][PASSED] - Browser is opened with url: ''

2022-01-15 16:44:58 - [TEST_STEP][PASSED] - navigateToUrl("http://localhost/"): Navigate to 'http://localhost/' successfully

2022-01-15 16:44:58 - [MESSAGE][PASSED] - Navigate to 'http://localhost/' successfully

2022-01-15 16:44:58 - [TEST_STEP][PASSED] - click(findTestObject("Object Repository/Page_HCMUS/a_Nhp mn tr tu nhn to")): Object: 'Object Repository/Page_HCMUS/a_Nhp mn tr tu nhn to' is clicked on

2022-01-15 16:44:59 - [MESSAGE][PASSED] - Object: 'Object Repository/Page_HCMUS/a_Nhp mn tr tu nhn to' is clicked on

2022-01-15 16:44:59 - [TEST_STEP][PASSED] - setText(findTestObject("Object Repository/Page_HCMUS Log in to the site/input_Username_username"), "admin"): Text 'admin' is set on object 'Object Repository/Page_HCMUS Log in to the site/input_Username_username'

2022-01-15 16:45:00 - [MESSAGE][PASSED] - Text 'admin' is set on object 'Object Repository/Page_HCMUS Log in to the site/input_Username_username'

2022-01-15 16:45:00 - [TEST_STEP][PASSED] - setEncryptedText(findTestObject("Object Repository/Page_HCMUS Log in to the site/input_Password_password"), "5MU2PI2jvJCK/lBTYOwt6g=="): Text ****** has been set on object 'Object Repository/Page_HCMUS Log in to the site/input_Password_password'

2022-01-15 16:45:00 - [MESSAGE][PASSED] - Text ****** has been set on object 'Object Repository/Page_HCMUS Log in to the site/input_Password_password'

2022-01-15 16:45:00 - [TEST_STEP][PASSED] - click(findTestObject("Object Repository/Page_HCMUS Log in to the site/button_Log in")): Object: 'Object Repository/Page_HCMUS Log in to the site/button_Log in' is clicked on

2022-01-15 16:45:01 - [MESSAGE][PASSED] - Object: 'Object Repository/Page_HCMUS Log in to the site/button_Log in' is clicked on

2022-01-15 16:45:01 - [TEST_STEP][PASSED] - click(findTestObject("Object Repository/Page_Course Nhp mn tr tu nhn to/span_Calendar")): Object: 'Object Repository/Page_Course Nhp mn tr tu nhn to/span_Calendar' is clicked on

2022-01-15 16:45:02 - [MESSAGE][PASSED] - Object: 'Object Repository/Page_Course Nhp mn tr tu nhn to/span_Calendar' is clicked on

2022-01-15 16:45:02 - [TEST_STEP][PASSED] - click(findTestObject("Object Repository/Page_AI Calendar Detailed month view January 2022/div_No events, Saturday, 22 January        _e72aa9")): Object: 'Object Repository/Page_AI Calendar Detailed month view January 2022/div_No events, Saturday, 22 January        _e72aa9' is clicked on

2022-01-15 16:45:08 - [MESSAGE][INFO] - Unable to find the element located by 'By.xpath: //table[@id='month-detailed-61ddc50941d6161ddc508d29a316']/tbody/tr[4]/td[6]/div'. Please recheck the objects properties to make sure the desired element is located. 

2022-01-15 16:45:08 - [MESSAGE][WARNING] - [SELF-HEALING] Failed to find element with id 'Object Repository/Page_AI Calendar Detailed month view January 2022/div_No events, Saturday, 22 January        _e72aa9'. Try using Self-healing.

2022-01-15 16:45:09 - [MESSAGE][INFO] - Unable to find the element located by 'By.xpath: (.//*[normalize-space(text()) and normalize-space(.)='No events, Friday, 21 January'])[2]/following::div[1]'. Please recheck the objects properties to make sure the desired element is located. 

2022-01-15 16:45:09 - [MESSAGE][WARNING] - [SELF-HEALING] The current locator of test object 'Object Repository/Page_AI Calendar Detailed month view January 2022/div_No events, Saturday, 22 January        _e72aa9' was broken. Propose an alternative one: '(.//*[normalize-space(text()) and normalize-space(.)='No events, Friday, 21 January'])[1]/following::div[2]'.

2022-01-15 16:45:09 - [MESSAGE][PASSED] - Object: 'Object Repository/Page_AI Calendar Detailed month view January 2022/div_No events, Saturday, 22 January        _e72aa9' is clicked on

2022-01-15 16:45:09 - [TEST_STEP][FAILED] - click(findTestObject("Object Repository/Page_AI Calendar Detailed month view January 2022/button_Save")): Unable to click on object 'Object Repository/Page_AI Calendar Detailed month view January 2022/button_Save' (Root cause: com.kms.katalon.core.exception.StepFailedException: Unable to click on object 'Object Repository/Page_AI Calendar Detailed month view January 2022/button_Save'
	at com.kms.katalon.core.webui.keyword.internal.WebUIKeywordMain.stepFailed(WebUIKeywordMain.groovy:64)
	at com.kms.katalon.core.webui.keyword.internal.WebUIKeywordMain.runKeyword(WebUIKeywordMain.groovy:26)
	at com.kms.katalon.core.webui.keyword.builtin.ClickKeyword.click(ClickKeyword.groovy:74)
	at com.kms.katalon.core.webui.keyword.builtin.ClickKeyword.execute(ClickKeyword.groovy:40)
	at com.kms.katalon.core.keyword.internal.KeywordExecutor.executeKeywordForPlatform(KeywordExecutor.groovy:74)
	at com.kms.katalon.core.webui.keyword.WebUiBuiltInKeywords.click(WebUiBuiltInKeywords.groovy:620)
	at com.kms.katalon.core.webui.keyword.WebUiBuiltInKeywords$click$1.call(Unknown Source)
	at 16_thêm lịch cho 1 course với tiêu đề rỗng.run(16_thêm lịch cho 1 course với tiêu đề rỗng:36)
	at com.kms.katalon.core.main.ScriptEngine.run(ScriptEngine.java:194)
	at com.kms.katalon.core.main.ScriptEngine.runScriptAsRawText(ScriptEngine.java:119)
	at com.kms.katalon.core.main.TestCaseExecutor.runScript(TestCaseExecutor.java:442)
	at com.kms.katalon.core.main.TestCaseExecutor.doExecute(TestCaseExecutor.java:433)
	at com.kms.katalon.core.main.TestCaseExecutor.processExecutionPhase(TestCaseExecutor.java:412)
	at com.kms.katalon.core.main.TestCaseExecutor.accessMainPhase(TestCaseExecutor.java:404)
	at com.kms.katalon.core.main.TestCaseExecutor.execute(TestCaseExecutor.java:281)
	at com.kms.katalon.core.main.TestCaseExecutor.execute(TestCaseExecutor.java:363)
	at com.kms.katalon.core.main.TestCaseExecutor.execute(TestCaseExecutor.java:363)
	at com.kms.katalon.core.main.TestCaseExecutor.execute(TestCaseExecutor.java:363)
	at com.kms.katalon.core.main.TestSuiteExecutor.accessTestCaseMainPhase(TestSuiteExecutor.java:202)
	at com.kms.katalon.core.main.TestSuiteExecutor.accessTestSuiteMainPhase(TestSuiteExecutor.java:164)
	at com.kms.katalon.core.main.TestSuiteExecutor.execute(TestSuiteExecutor.java:105)
	at com.kms.katalon.core.main.TestCaseMain.startTestSuite(TestCaseMain.java:181)
	at com.kms.katalon.core.main.TestCaseMain$startTestSuite$0.call(Unknown Source)
	at TempTestSuite1642239075402.run(TempTestSuite1642239075402.groovy:36)
Caused by: com.kms.katalon.core.webui.exception.WebElementNotFoundException: Web element with id: 'Object Repository/Page_AI Calendar Detailed month view January 2022/button_Save' located by '//button[@id='yui_3_17_2_1_1642117081098_1464']' not found
	at com.kms.katalon.core.webui.common.WebUiCommonHelper.findWebElement(WebUiCommonHelper.java:1368)
	at com.kms.katalon.core.webui.keyword.internal.WebUIAbstractKeyword.findWebElement(WebUIAbstractKeyword.groovy:27)
	at com.kms.katalon.core.webui.keyword.builtin.ClickKeyword$_click_closure1.doCall(ClickKeyword.groovy:65)
	at com.kms.katalon.core.webui.keyword.builtin.ClickKeyword$_click_closure1.call(ClickKeyword.groovy)
	at com.kms.katalon.core.webui.keyword.internal.WebUIKeywordMain.runKeyword(WebUIKeywordMain.groovy:20)
	at com.kms.katalon.core.webui.keyword.builtin.ClickKeyword.click(ClickKeyword.groovy:74)
	at com.kms.katalon.core.webui.keyword.builtin.ClickKeyword.execute(ClickKeyword.groovy:40)
	at com.kms.katalon.core.keyword.internal.KeywordExecutor.executeKeywordForPlatform(KeywordExecutor.groovy:74)
	at com.kms.katalon.core.webui.keyword.WebUiBuiltInKeywords.click(WebUiBuiltInKeywords.groovy:620)
	at com.kms.katalon.core.webui.keyword.WebUiBuiltInKeywords$click$1.call(Unknown Source)
	at Script1641923807313.run(Script1641923807313.groovy:36)
	... 16 more
)

2022-01-15 16:45:16 - [MESSAGE][INFO] - Unable to find the element located by 'By.xpath: //button[@id='yui_3_17_2_1_1642117081098_1464']'. Please recheck the objects properties to make sure the desired element is located. 

2022-01-15 16:45:16 - [MESSAGE][WARNING] - [SELF-HEALING] Failed to find element with id 'Object Repository/Page_AI Calendar Detailed month view January 2022/button_Save'. Try using Self-healing.

2022-01-15 16:45:17 - [MESSAGE][INFO] - Unable to find the element located by 'By.xpath: (.//*[normalize-space(text()) and normalize-space(.)='Repeat weekly, creating altogether'])[1]/following::button[1]'. Please recheck the objects properties to make sure the desired element is located. 

2022-01-15 16:45:17 - [MESSAGE][INFO] - [SELF-HEALING] Failed Locator: '//button[@id='yui_3_17_2_1_1642117081098_1464']'.

2022-01-15 16:45:17 - [MESSAGE][INFO] - [SELF-HEALING] Failed Locator: '//div[@id='yui_3_17_2_1_1642117081098_1465']/button'.

2022-01-15 16:45:17 - [MESSAGE][INFO] - [SELF-HEALING] Failed Locator: '(.//*[normalize-space(text()) and normalize-space(.)='Repeat weekly, creating altogether'])[1]/following::button[1]'.

2022-01-15 16:45:18 - [MESSAGE][INFO] - [SELF-HEALING] Failed Locator: '//*/text()[normalize-space(.)='Save']/parent::*'.

2022-01-15 16:45:18 - [MESSAGE][INFO] - [SELF-HEALING] Failed Locator: '//div[2]/div/div/div[3]/button'.

2022-01-15 16:45:18 - [MESSAGE][INFO] - [SELF-HEALING] Failed Locator: '//button[@id='yui_3_17_2_1_1641923849267_607']'.

2022-01-15 16:45:19 - [MESSAGE][INFO] - [SELF-HEALING] Failed Locator: '//div[@id='yui_3_17_2_1_1641923849267_608']/button'.

2022-01-15 16:45:19 - [MESSAGE][INFO] - [SELF-HEALING] Failed Locator: '//button[@id='yui_3_17_2_1_1641923745317_1178']'.

2022-01-15 16:45:19 - [MESSAGE][INFO] - [SELF-HEALING] Failed Locator: '//div[@id='yui_3_17_2_1_1641923745317_1179']/button'.

2022-01-15 16:45:20 - [MESSAGE][INFO] - Unable to find the element located by 'By.xpath: //*[@type = 'button' and @id = 'yui_3_17_2_1_1642117081098_1464' and (text() = '

            Save
            
                
                
                
            
        ' or . = '

            Save
            
                
                
                
            
        ')]'. Please recheck the objects properties to make sure the desired element is located. 

2022-01-15 16:45:21 - [MESSAGE][INFO] - Unable to find the element located by 'By.cssSelector: #yui_3_17_2_1_1642117081098_1464'. Please recheck the objects properties to make sure the desired element is located. 

2022-01-15 16:45:21 - [MESSAGE][FAILED] - Unable to click on object 'Object Repository/Page_AI Calendar Detailed month view January 2022/button_Save' (Root cause: com.kms.katalon.core.exception.StepFailedException: Unable to click on object 'Object Repository/Page_AI Calendar Detailed month view January 2022/button_Save'
	at com.kms.katalon.core.webui.keyword.internal.WebUIKeywordMain.stepFailed(WebUIKeywordMain.groovy:64)
	at com.kms.katalon.core.webui.keyword.internal.WebUIKeywordMain.runKeyword(WebUIKeywordMain.groovy:26)
	at com.kms.katalon.core.webui.keyword.builtin.ClickKeyword.click(ClickKeyword.groovy:74)
	at com.kms.katalon.core.webui.keyword.builtin.ClickKeyword.execute(ClickKeyword.groovy:40)
	at com.kms.katalon.core.keyword.internal.KeywordExecutor.executeKeywordForPlatform(KeywordExecutor.groovy:74)
	at com.kms.katalon.core.webui.keyword.WebUiBuiltInKeywords.click(WebUiBuiltInKeywords.groovy:620)
	at com.kms.katalon.core.webui.keyword.WebUiBuiltInKeywords$click$1.call(Unknown Source)
	at 16_thêm lịch cho 1 course với tiêu đề rỗng.run(16_thêm lịch cho 1 course với tiêu đề rỗng:36)
	at com.kms.katalon.core.main.ScriptEngine.run(ScriptEngine.java:194)
	at com.kms.katalon.core.main.ScriptEngine.runScriptAsRawText(ScriptEngine.java:119)
	at com.kms.katalon.core.main.TestCaseExecutor.runScript(TestCaseExecutor.java:442)
	at com.kms.katalon.core.main.TestCaseExecutor.doExecute(TestCaseExecutor.java:433)
	at com.kms.katalon.core.main.TestCaseExecutor.processExecutionPhase(TestCaseExecutor.java:412)
	at com.kms.katalon.core.main.TestCaseExecutor.accessMainPhase(TestCaseExecutor.java:404)
	at com.kms.katalon.core.main.TestCaseExecutor.execute(TestCaseExecutor.java:281)
	at com.kms.katalon.core.main.TestCaseExecutor.execute(TestCaseExecutor.java:363)
	at com.kms.katalon.core.main.TestCaseExecutor.execute(TestCaseExecutor.java:363)
	at com.kms.katalon.core.main.TestCaseExecutor.execute(TestCaseExecutor.java:363)
	at com.kms.katalon.core.main.TestSuiteExecutor.accessTestCaseMainPhase(TestSuiteExecutor.java:202)
	at com.kms.katalon.core.main.TestSuiteExecutor.accessTestSuiteMainPhase(TestSuiteExecutor.java:164)
	at com.kms.katalon.core.main.TestSuiteExecutor.execute(TestSuiteExecutor.java:105)
	at com.kms.katalon.core.main.TestCaseMain.startTestSuite(TestCaseMain.java:181)
	at com.kms.katalon.core.main.TestCaseMain$startTestSuite$0.call(Unknown Source)
	at TempTestSuite1642239075402.run(TempTestSuite1642239075402.groovy:36)
Caused by: com.kms.katalon.core.webui.exception.WebElementNotFoundException: Web element with id: 'Object Repository/Page_AI Calendar Detailed month view January 2022/button_Save' located by '//button[@id='yui_3_17_2_1_1642117081098_1464']' not found
	at com.kms.katalon.core.webui.common.WebUiCommonHelper.findWebElement(WebUiCommonHelper.java:1368)
	at com.kms.katalon.core.webui.keyword.internal.WebUIAbstractKeyword.findWebElement(WebUIAbstractKeyword.groovy:27)
	at com.kms.katalon.core.webui.keyword.builtin.ClickKeyword$_click_closure1.doCall(ClickKeyword.groovy:65)
	at com.kms.katalon.core.webui.keyword.builtin.ClickKeyword$_click_closure1.call(ClickKeyword.groovy)
	at com.kms.katalon.core.webui.keyword.internal.WebUIKeywordMain.runKeyword(WebUIKeywordMain.groovy:20)
	at com.kms.katalon.core.webui.keyword.builtin.ClickKeyword.click(ClickKeyword.groovy:74)
	at com.kms.katalon.core.webui.keyword.builtin.ClickKeyword.execute(ClickKeyword.groovy:40)
	at com.kms.katalon.core.keyword.internal.KeywordExecutor.executeKeywordForPlatform(KeywordExecutor.groovy:74)
	at com.kms.katalon.core.webui.keyword.WebUiBuiltInKeywords.click(WebUiBuiltInKeywords.groovy:620)
	at com.kms.katalon.core.webui.keyword.WebUiBuiltInKeywords$click$1.call(Unknown Source)
	at Script1641923807313.run(Script1641923807313.groovy:36)
	... 16 more
)
[[ATTACHMENT|C:\\Users\\congt\\git\\Test-Automation-SE-Bonus\\Reports\\20220115_163115\\Run all test cases\\20220115_163115\\1642239921666.png]]]]></system-out>
         <system-err><![CDATA[2022-01-15 16:44:56 - [TEST_CASE][FAILED] - Test Cases/16_thêm lịch cho 1 course với tiêu đề rỗng: Test Cases/16_thêm lịch cho 1 course với tiêu đề rỗng FAILED.
Reason:
com.kms.katalon.core.exception.StepFailedException: Unable to click on object 'Object Repository/Page_AI Calendar Detailed month view January 2022/button_Save'
	at com.kms.katalon.core.webui.keyword.internal.WebUIKeywordMain.stepFailed(WebUIKeywordMain.groovy:64)
	at com.kms.katalon.core.webui.keyword.internal.WebUIKeywordMain.runKeyword(WebUIKeywordMain.groovy:26)
	at com.kms.katalon.core.webui.keyword.builtin.ClickKeyword.click(ClickKeyword.groovy:74)
	at com.kms.katalon.core.webui.keyword.builtin.ClickKeyword.execute(ClickKeyword.groovy:40)
	at com.kms.katalon.core.keyword.internal.KeywordExecutor.executeKeywordForPlatform(KeywordExecutor.groovy:74)
	at com.kms.katalon.core.webui.keyword.WebUiBuiltInKeywords.click(WebUiBuiltInKeywords.groovy:620)
	at com.kms.katalon.core.webui.keyword.WebUiBuiltInKeywords$click$1.call(Unknown Source)
	at 16_thêm lịch cho 1 course với tiêu đề rỗng.run(16_thêm lịch cho 1 course với tiêu đề rỗng:36)
	at com.kms.katalon.core.main.ScriptEngine.run(ScriptEngine.java:194)
	at com.kms.katalon.core.main.ScriptEngine.runScriptAsRawText(ScriptEngine.java:119)
	at com.kms.katalon.core.main.TestCaseExecutor.runScript(TestCaseExecutor.java:442)
	at com.kms.katalon.core.main.TestCaseExecutor.doExecute(TestCaseExecutor.java:433)
	at com.kms.katalon.core.main.TestCaseExecutor.processExecutionPhase(TestCaseExecutor.java:412)
	at com.kms.katalon.core.main.TestCaseExecutor.accessMainPhase(TestCaseExecutor.java:404)
	at com.kms.katalon.core.main.TestCaseExecutor.execute(TestCaseExecutor.java:281)
	at com.kms.katalon.core.main.TestCaseExecutor.execute(TestCaseExecutor.java:363)
	at com.kms.katalon.core.main.TestCaseExecutor.execute(TestCaseExecutor.java:363)
	at com.kms.katalon.core.main.TestCaseExecutor.execute(TestCaseExecutor.java:363)
	at com.kms.katalon.core.main.TestSuiteExecutor.accessTestCaseMainPhase(TestSuiteExecutor.java:202)
	at com.kms.katalon.core.main.TestSuiteExecutor.accessTestSuiteMainPhase(TestSuiteExecutor.java:164)
	at com.kms.katalon.core.main.TestSuiteExecutor.execute(TestSuiteExecutor.java:105)
	at com.kms.katalon.core.main.TestCaseMain.startTestSuite(TestCaseMain.java:181)
	at com.kms.katalon.core.main.TestCaseMain$startTestSuite$0.call(Unknown Source)
	at TempTestSuite1642239075402.run(TempTestSuite1642239075402.groovy:36)
Caused by: com.kms.katalon.core.webui.exception.WebElementNotFoundException: Web element with id: 'Object Repository/Page_AI Calendar Detailed month view January 2022/button_Save' located by '//button[@id='yui_3_17_2_1_1642117081098_1464']' not found
	at com.kms.katalon.core.webui.common.WebUiCommonHelper.findWebElement(WebUiCommonHelper.java:1368)
	at com.kms.katalon.core.webui.keyword.internal.WebUIAbstractKeyword.findWebElement(WebUIAbstractKeyword.groovy:27)
	at com.kms.katalon.core.webui.keyword.builtin.ClickKeyword$_click_closure1.doCall(ClickKeyword.groovy:65)
	at com.kms.katalon.core.webui.keyword.builtin.ClickKeyword$_click_closure1.call(ClickKeyword.groovy)
	at com.kms.katalon.core.webui.keyword.internal.WebUIKeywordMain.runKeyword(WebUIKeywordMain.groovy:20)
	... 22 more]]></system-err>
      </testcase>
      <testcase name="Test Cases/17_xem điểm của 1 course" time="17.119" classname="Test Cases/17_xem điểm của 1 course" status="PASSED">
         <system-out><![CDATA[2022-01-15 16:45:21 - [TEST_CASE][PASSED] - Test Cases/17_xem điểm của 1 course: Test Cases/17_xem điểm của 1 course

2022-01-15 16:45:22 - [TEST_STEP][PASSED] - openBrowser(""): Browser is opened with url: ''

2022-01-15 16:45:22 - [MESSAGE][WARNING] - A browser is already opened. Closing browser and opening a new one

2022-01-15 16:45:22 - [MESSAGE][INFO] - Starting 'Chrome' driver

2022-01-15 16:45:22 - [MESSAGE][INFO] - Action delay is set to 0 milliseconds

2022-01-15 16:45:24 - [MESSAGE][PASSED] - Browser is opened with url: ''

2022-01-15 16:45:24 - [TEST_STEP][PASSED] - navigateToUrl("http://localhost/"): Navigate to 'http://localhost/' successfully

2022-01-15 16:45:24 - [MESSAGE][PASSED] - Navigate to 'http://localhost/' successfully

2022-01-15 16:45:24 - [TEST_STEP][PASSED] - click(findTestObject("Object Repository/Page_HCMUS/a_Log in")): Object: 'Object Repository/Page_HCMUS/a_Log in' is clicked on

2022-01-15 16:45:25 - [MESSAGE][PASSED] - Object: 'Object Repository/Page_HCMUS/a_Log in' is clicked on

2022-01-15 16:45:25 - [TEST_STEP][PASSED] - setText(findTestObject("Object Repository/Page_HCMUS Log in to the site/input_Username_username"), "admin"): Text 'admin' is set on object 'Object Repository/Page_HCMUS Log in to the site/input_Username_username'

2022-01-15 16:45:26 - [MESSAGE][PASSED] - Text 'admin' is set on object 'Object Repository/Page_HCMUS Log in to the site/input_Username_username'

2022-01-15 16:45:26 - [TEST_STEP][PASSED] - setEncryptedText(findTestObject("Object Repository/Page_HCMUS Log in to the site/input_Password_password"), "5MU2PI2jvJCK/lBTYOwt6g=="): Text ****** has been set on object 'Object Repository/Page_HCMUS Log in to the site/input_Password_password'

2022-01-15 16:45:26 - [MESSAGE][PASSED] - Text ****** has been set on object 'Object Repository/Page_HCMUS Log in to the site/input_Password_password'

2022-01-15 16:45:26 - [TEST_STEP][PASSED] - click(findTestObject("Object Repository/Page_HCMUS Log in to the site/button_Log in")): Object: 'Object Repository/Page_HCMUS Log in to the site/button_Log in' is clicked on

2022-01-15 16:45:28 - [MESSAGE][PASSED] - Object: 'Object Repository/Page_HCMUS Log in to the site/button_Log in' is clicked on

2022-01-15 16:45:28 - [TEST_STEP][PASSED] - click(findTestObject("Object Repository/Page_Dashboard/span_Site home")): Object: 'Object Repository/Page_Dashboard/span_Site home' is clicked on

2022-01-15 16:45:29 - [MESSAGE][PASSED] - Object: 'Object Repository/Page_Dashboard/span_Site home' is clicked on

2022-01-15 16:45:29 - [TEST_STEP][PASSED] - click(findTestObject("Object Repository/Page_HCMUS/a_Nhp mn tr tu nhn to")): Object: 'Object Repository/Page_HCMUS/a_Nhp mn tr tu nhn to' is clicked on

2022-01-15 16:45:30 - [MESSAGE][PASSED] - Object: 'Object Repository/Page_HCMUS/a_Nhp mn tr tu nhn to' is clicked on

2022-01-15 16:45:30 - [TEST_STEP][PASSED] - click(findTestObject("Object Repository/Page_Course Nhp mn tr tu nhn to/span_Grades")): Object: 'Object Repository/Page_Course Nhp mn tr tu nhn to/span_Grades' is clicked on

2022-01-15 16:45:31 - [MESSAGE][PASSED] - Object: 'Object Repository/Page_Course Nhp mn tr tu nhn to/span_Grades' is clicked on

2022-01-15 16:45:31 - [TEST_STEP][PASSED] - verifyElementVisible(findTestObject("Object Repository/Page_Grades View/span_Course total")): Object 'Object Repository/Page_Grades View/span_Course total' is visible

2022-01-15 16:45:31 - [MESSAGE][PASSED] - Object 'Object Repository/Page_Grades View/span_Course total' is visible

2022-01-15 16:45:31 - [TEST_STEP][PASSED] - verifyElementVisible(findTestObject("Object Repository/Page_Grades View/th_Overall average")): Object 'Object Repository/Page_Grades View/th_Overall average' is visible

2022-01-15 16:45:37 - [MESSAGE][INFO] - Unable to find the element located by 'By.xpath: //tr[@id='yui_3_17_2_1_1641924129250_86']/th'. Please recheck the objects properties to make sure the desired element is located. 

2022-01-15 16:45:37 - [MESSAGE][WARNING] - [SELF-HEALING] Failed to find element with id 'Object Repository/Page_Grades View/th_Overall average'. Try using Self-healing.

2022-01-15 16:45:38 - [MESSAGE][WARNING] - [SELF-HEALING] The current locator of test object 'Object Repository/Page_Grades View/th_Overall average' was broken. Propose an alternative one: '(.//*[normalize-space(text()) and normalize-space(.)='-'])[10]/following::th[1]'.

2022-01-15 16:45:38 - [MESSAGE][PASSED] - Object 'Object Repository/Page_Grades View/th_Overall average' is visible

2022-01-15 16:45:38 - [TEST_STEP][PASSED] - closeBrowser(): Browser is closed

2022-01-15 16:45:38 - [MESSAGE][PASSED] - Browser is closed]]></system-out>
         <system-err><![CDATA[]]></system-err>
      </testcase>
      <testcase name="Test Cases/18_Giáo viên thêm quiz với thời gian đóng ở quá khứ" time="112.11" classname="Test Cases/18_Giáo viên thêm quiz với thời gian đóng ở quá khứ" status="PASSED">
         <system-out><![CDATA[2022-01-15 16:45:38 - [TEST_CASE][PASSED] - Test Cases/18_Giáo viên thêm quiz với thời gian đóng ở quá khứ: Test Cases/18_Giáo viên thêm quiz với thời gian đóng ở quá khứ

2022-01-15 16:45:39 - [TEST_STEP][PASSED] - openBrowser(""): Browser is opened with url: ''

2022-01-15 16:45:39 - [MESSAGE][INFO] - Starting 'Chrome' driver

2022-01-15 16:45:39 - [MESSAGE][INFO] - Action delay is set to 0 milliseconds

2022-01-15 16:45:40 - [MESSAGE][PASSED] - Browser is opened with url: ''

2022-01-15 16:45:40 - [TEST_STEP][PASSED] - navigateToUrl("http://localhost/"): Navigate to 'http://localhost/' successfully

2022-01-15 16:45:40 - [MESSAGE][PASSED] - Navigate to 'http://localhost/' successfully

2022-01-15 16:45:40 - [TEST_STEP][PASSED] - click(findTestObject("Object Repository/Page_HCMUS/a_Nhp mn tr tu nhn to")): Object: 'Object Repository/Page_HCMUS/a_Nhp mn tr tu nhn to' is clicked on

2022-01-15 16:45:41 - [MESSAGE][PASSED] - Object: 'Object Repository/Page_HCMUS/a_Nhp mn tr tu nhn to' is clicked on

2022-01-15 16:45:41 - [TEST_STEP][PASSED] - setText(findTestObject("Object Repository/Page_HCMUS Log in to the site/input_Username_username"), "teacher1"): Text 'teacher1' is set on object 'Object Repository/Page_HCMUS Log in to the site/input_Username_username'

2022-01-15 16:45:42 - [MESSAGE][PASSED] - Text 'teacher1' is set on object 'Object Repository/Page_HCMUS Log in to the site/input_Username_username'

2022-01-15 16:45:42 - [TEST_STEP][PASSED] - setEncryptedText(findTestObject("Object Repository/Page_HCMUS Log in to the site/input_Password_password"), "iKb8CrY6A/iqm08K47hQLA=="): Text ****** has been set on object 'Object Repository/Page_HCMUS Log in to the site/input_Password_password'

2022-01-15 16:45:42 - [MESSAGE][PASSED] - Text ****** has been set on object 'Object Repository/Page_HCMUS Log in to the site/input_Password_password'

2022-01-15 16:45:42 - [TEST_STEP][PASSED] - click(findTestObject("Object Repository/Page_HCMUS Log in to the site/button_Log in")): Object: 'Object Repository/Page_HCMUS Log in to the site/button_Log in' is clicked on

2022-01-15 16:45:43 - [MESSAGE][PASSED] - Object: 'Object Repository/Page_HCMUS Log in to the site/button_Log in' is clicked on

2022-01-15 16:45:43 - [TEST_STEP][PASSED] - click(findTestObject("Object Repository/Page_Course Nhp mn tr tu nhn to/button_End tour"), OPTIONAL): Unable to click on object 'Object Repository/Page_Course Nhp mn tr tu nhn to/button_End tour' (Root cause: com.kms.katalon.core.exception.StepFailedException: Unable to click on object 'Object Repository/Page_Course Nhp mn tr tu nhn to/button_End tour'
	at com.kms.katalon.core.webui.keyword.internal.WebUIKeywordMain.stepFailed(WebUIKeywordMain.groovy:64)
	at com.kms.katalon.core.webui.keyword.internal.WebUIKeywordMain.runKeyword(WebUIKeywordMain.groovy:26)
	at com.kms.katalon.core.webui.keyword.builtin.ClickKeyword.click(ClickKeyword.groovy:74)
	at com.kms.katalon.core.webui.keyword.builtin.ClickKeyword.execute(ClickKeyword.groovy:40)
	at com.kms.katalon.core.keyword.internal.KeywordExecutor.executeKeywordForPlatform(KeywordExecutor.groovy:74)
	at com.kms.katalon.core.webui.keyword.WebUiBuiltInKeywords.click(WebUiBuiltInKeywords.groovy:608)
	at com.kms.katalon.core.webui.keyword.WebUiBuiltInKeywords$click$8.call(Unknown Source)
	at 18_Giáo viên thêm quiz với thời gian đóng ở quá khứ.run(18_Giáo viên thêm quiz với thời gian đóng ở quá khứ:32)
	at com.kms.katalon.core.main.ScriptEngine.run(ScriptEngine.java:194)
	at com.kms.katalon.core.main.ScriptEngine.runScriptAsRawText(ScriptEngine.java:119)
	at com.kms.katalon.core.main.TestCaseExecutor.runScript(TestCaseExecutor.java:442)
	at com.kms.katalon.core.main.TestCaseExecutor.doExecute(TestCaseExecutor.java:433)
	at com.kms.katalon.core.main.TestCaseExecutor.processExecutionPhase(TestCaseExecutor.java:412)
	at com.kms.katalon.core.main.TestCaseExecutor.accessMainPhase(TestCaseExecutor.java:404)
	at com.kms.katalon.core.main.TestCaseExecutor.execute(TestCaseExecutor.java:281)
	at com.kms.katalon.core.main.TestSuiteExecutor.accessTestCaseMainPhase(TestSuiteExecutor.java:202)
	at com.kms.katalon.core.main.TestSuiteExecutor.accessTestSuiteMainPhase(TestSuiteExecutor.java:164)
	at com.kms.katalon.core.main.TestSuiteExecutor.execute(TestSuiteExecutor.java:105)
	at com.kms.katalon.core.main.TestCaseMain.startTestSuite(TestCaseMain.java:181)
	at com.kms.katalon.core.main.TestCaseMain$startTestSuite$0.call(Unknown Source)
	at TempTestSuite1642239075402.run(TempTestSuite1642239075402.groovy:36)
Caused by: com.kms.katalon.core.webui.exception.WebElementNotFoundException: Web element with id: 'Object Repository/Page_Course Nhp mn tr tu nhn to/button_End tour' located by '//span[@id='tour-step-tool_usertours_4_2_1620109487-0']/div/div/div[4]/button[3]' not found
	at com.kms.katalon.core.webui.common.WebUiCommonHelper.findWebElement(WebUiCommonHelper.java:1368)
	at com.kms.katalon.core.webui.keyword.internal.WebUIAbstractKeyword.findWebElement(WebUIAbstractKeyword.groovy:27)
	at com.kms.katalon.core.webui.keyword.builtin.ClickKeyword$_click_closure1.doCall(ClickKeyword.groovy:65)
	at com.kms.katalon.core.webui.keyword.builtin.ClickKeyword$_click_closure1.call(ClickKeyword.groovy)
	at com.kms.katalon.core.webui.keyword.internal.WebUIKeywordMain.runKeyword(WebUIKeywordMain.groovy:20)
	at com.kms.katalon.core.webui.keyword.builtin.ClickKeyword.click(ClickKeyword.groovy:74)
	at com.kms.katalon.core.webui.keyword.builtin.ClickKeyword.execute(ClickKeyword.groovy:40)
	at com.kms.katalon.core.keyword.internal.KeywordExecutor.executeKeywordForPlatform(KeywordExecutor.groovy:74)
	at com.kms.katalon.core.webui.keyword.WebUiBuiltInKeywords.click(WebUiBuiltInKeywords.groovy:608)
	at com.kms.katalon.core.webui.keyword.WebUiBuiltInKeywords$click$8.call(Unknown Source)
	at Script1641964778859.run(Script1641964778859.groovy:32)
	... 13 more
)

2022-01-15 16:45:50 - [MESSAGE][INFO] - Unable to find the element located by 'By.xpath: //span[@id='tour-step-tool_usertours_4_2_1620109487-0']/div/div/div[4]/button[3]'. Please recheck the objects properties to make sure the desired element is located. 

2022-01-15 16:45:50 - [MESSAGE][WARNING] - [SELF-HEALING] Failed to find element with id 'Object Repository/Page_Course Nhp mn tr tu nhn to/button_End tour'. Try using Self-healing.

2022-01-15 16:45:51 - [MESSAGE][INFO] - Unable to find the element located by 'By.xpath: (.//*[normalize-space(text()) and normalize-space(.)='Next'])[1]/following::button[1]'. Please recheck the objects properties to make sure the desired element is located. 

2022-01-15 16:45:51 - [MESSAGE][INFO] - [SELF-HEALING] Failed Locator: '//span[@id='tour-step-tool_usertours_4_2_1620109487-0']/div/div/div[4]/button[3]'.

2022-01-15 16:45:51 - [MESSAGE][INFO] - [SELF-HEALING] Failed Locator: '(.//*[normalize-space(text()) and normalize-space(.)='Next'])[1]/following::button[1]'.

2022-01-15 16:45:51 - [MESSAGE][INFO] - [SELF-HEALING] Failed Locator: '(.//*[normalize-space(text()) and normalize-space(.)='Previous'])[1]/following::button[2]'.

2022-01-15 16:45:52 - [MESSAGE][INFO] - [SELF-HEALING] Failed Locator: '//*/text()[normalize-space(.)='End tour']/parent::*'.

2022-01-15 16:45:52 - [MESSAGE][INFO] - [SELF-HEALING] Failed Locator: '//div[4]/button[3]'.

2022-01-15 16:45:52 - [MESSAGE][INFO] - [SELF-HEALING] Failed Locator: '//span[@id='tour-step-tool_usertours_8_2_1620109487-0']/div/div/div[4]/button[3]'.

2022-01-15 16:45:52 - [MESSAGE][INFO] - [SELF-HEALING] Failed Locator: '//span[@id='tour-step-tool_usertours_16_1_1620109487-0']/div/div/div[4]/button[3]'.

2022-01-15 16:45:54 - [MESSAGE][INFO] - Unable to find the element located by 'By.xpath: //*[(text() = ' End tour ' or . = ' End tour ')]'. Please recheck the objects properties to make sure the desired element is located. 

2022-01-15 16:45:55 - [MESSAGE][INFO] - Unable to find the element located by 'By.cssSelector: '. Please recheck the objects properties to make sure the desired element is located. 

2022-01-15 16:45:55 - [MESSAGE][WARNING] - Unable to click on object 'Object Repository/Page_Course Nhp mn tr tu nhn to/button_End tour' (Root cause: com.kms.katalon.core.exception.StepFailedException: Unable to click on object 'Object Repository/Page_Course Nhp mn tr tu nhn to/button_End tour'
	at com.kms.katalon.core.webui.keyword.internal.WebUIKeywordMain.stepFailed(WebUIKeywordMain.groovy:64)
	at com.kms.katalon.core.webui.keyword.internal.WebUIKeywordMain.runKeyword(WebUIKeywordMain.groovy:26)
	at com.kms.katalon.core.webui.keyword.builtin.ClickKeyword.click(ClickKeyword.groovy:74)
	at com.kms.katalon.core.webui.keyword.builtin.ClickKeyword.execute(ClickKeyword.groovy:40)
	at com.kms.katalon.core.keyword.internal.KeywordExecutor.executeKeywordForPlatform(KeywordExecutor.groovy:74)
	at com.kms.katalon.core.webui.keyword.WebUiBuiltInKeywords.click(WebUiBuiltInKeywords.groovy:608)
	at com.kms.katalon.core.webui.keyword.WebUiBuiltInKeywords$click$8.call(Unknown Source)
	at 18_Giáo viên thêm quiz với thời gian đóng ở quá khứ.run(18_Giáo viên thêm quiz với thời gian đóng ở quá khứ:32)
	at com.kms.katalon.core.main.ScriptEngine.run(ScriptEngine.java:194)
	at com.kms.katalon.core.main.ScriptEngine.runScriptAsRawText(ScriptEngine.java:119)
	at com.kms.katalon.core.main.TestCaseExecutor.runScript(TestCaseExecutor.java:442)
	at com.kms.katalon.core.main.TestCaseExecutor.doExecute(TestCaseExecutor.java:433)
	at com.kms.katalon.core.main.TestCaseExecutor.processExecutionPhase(TestCaseExecutor.java:412)
	at com.kms.katalon.core.main.TestCaseExecutor.accessMainPhase(TestCaseExecutor.java:404)
	at com.kms.katalon.core.main.TestCaseExecutor.execute(TestCaseExecutor.java:281)
	at com.kms.katalon.core.main.TestSuiteExecutor.accessTestCaseMainPhase(TestSuiteExecutor.java:202)
	at com.kms.katalon.core.main.TestSuiteExecutor.accessTestSuiteMainPhase(TestSuiteExecutor.java:164)
	at com.kms.katalon.core.main.TestSuiteExecutor.execute(TestSuiteExecutor.java:105)
	at com.kms.katalon.core.main.TestCaseMain.startTestSuite(TestCaseMain.java:181)
	at com.kms.katalon.core.main.TestCaseMain$startTestSuite$0.call(Unknown Source)
	at TempTestSuite1642239075402.run(TempTestSuite1642239075402.groovy:36)
Caused by: com.kms.katalon.core.webui.exception.WebElementNotFoundException: Web element with id: 'Object Repository/Page_Course Nhp mn tr tu nhn to/button_End tour' located by '//span[@id='tour-step-tool_usertours_4_2_1620109487-0']/div/div/div[4]/button[3]' not found
	at com.kms.katalon.core.webui.common.WebUiCommonHelper.findWebElement(WebUiCommonHelper.java:1368)
	at com.kms.katalon.core.webui.keyword.internal.WebUIAbstractKeyword.findWebElement(WebUIAbstractKeyword.groovy:27)
	at com.kms.katalon.core.webui.keyword.builtin.ClickKeyword$_click_closure1.doCall(ClickKeyword.groovy:65)
	at com.kms.katalon.core.webui.keyword.builtin.ClickKeyword$_click_closure1.call(ClickKeyword.groovy)
	at com.kms.katalon.core.webui.keyword.internal.WebUIKeywordMain.runKeyword(WebUIKeywordMain.groovy:20)
	at com.kms.katalon.core.webui.keyword.builtin.ClickKeyword.click(ClickKeyword.groovy:74)
	at com.kms.katalon.core.webui.keyword.builtin.ClickKeyword.execute(ClickKeyword.groovy:40)
	at com.kms.katalon.core.keyword.internal.KeywordExecutor.executeKeywordForPlatform(KeywordExecutor.groovy:74)
	at com.kms.katalon.core.webui.keyword.WebUiBuiltInKeywords.click(WebUiBuiltInKeywords.groovy:608)
	at com.kms.katalon.core.webui.keyword.WebUiBuiltInKeywords$click$8.call(Unknown Source)
	at Script1641964778859.run(Script1641964778859.groovy:32)
	... 13 more
)
[[ATTACHMENT|C:\\Users\\congt\\git\\Test-Automation-SE-Bonus\\Reports\\20220115_163115\\Run all test cases\\20220115_163115\\1642239955137.png]]

2022-01-15 16:45:55 - [TEST_STEP][PASSED] - click(findTestObject("Object Repository/Page_Course Nhp mn tr tu nhn to/button_Turn editing on")): Object: 'Object Repository/Page_Course Nhp mn tr tu nhn to/button_Turn editing on' is clicked on

2022-01-15 16:46:01 - [MESSAGE][INFO] - Unable to find the element located by 'By.xpath: //button[@id='single_button61deb918b38a91']'. Please recheck the objects properties to make sure the desired element is located. 

2022-01-15 16:46:01 - [MESSAGE][WARNING] - [SELF-HEALING] Failed to find element with id 'Object Repository/Page_Course Nhp mn tr tu nhn to/button_Turn editing on'. Try using Self-healing.

2022-01-15 16:46:01 - [MESSAGE][WARNING] - [SELF-HEALING] The current locator of test object 'Object Repository/Page_Course Nhp mn tr tu nhn to/button_Turn editing on' was broken. Propose an alternative one: '(.//*[normalize-space(text()) and normalize-space(.)='AI'])[2]/following::button[1]'.

2022-01-15 16:46:02 - [MESSAGE][PASSED] - Object: 'Object Repository/Page_Course Nhp mn tr tu nhn to/button_Turn editing on' is clicked on

2022-01-15 16:46:02 - [TEST_STEP][PASSED] - click(findTestObject("Object Repository/Page_Course Nhp mn tr tu nhn to/span_Add an activity or resource")): Object: 'Object Repository/Page_Course Nhp mn tr tu nhn to/span_Add an activity or resource' is clicked on

2022-01-15 16:46:08 - [MESSAGE][INFO] - Unable to find the element located by 'By.xpath: //span[@id='yui_3_17_2_1_1641986354069_794']'. Please recheck the objects properties to make sure the desired element is located. 

2022-01-15 16:46:08 - [MESSAGE][WARNING] - [SELF-HEALING] Failed to find element with id 'Object Repository/Page_Course Nhp mn tr tu nhn to/span_Add an activity or resource'. Try using Self-healing.

2022-01-15 16:46:08 - [MESSAGE][WARNING] - [SELF-HEALING] The current locator of test object 'Object Repository/Page_Course Nhp mn tr tu nhn to/span_Add an activity or resource' was broken. Propose an alternative one: '(.//*[normalize-space(text()) and normalize-space(.)='Add file(s) here'])[1]/following::span[1]'.

2022-01-15 16:46:08 - [MESSAGE][PASSED] - Object: 'Object Repository/Page_Course Nhp mn tr tu nhn to/span_Add an activity or resource' is clicked on

2022-01-15 16:46:08 - [TEST_STEP][PASSED] - click(findTestObject("Object Repository/Page_Course Nhp mn tr tu nhn to/div_Information about the Page activity_opt_6f2bd7")): Object: 'Object Repository/Page_Course Nhp mn tr tu nhn to/div_Information about the Page activity_opt_6f2bd7' is clicked on

2022-01-15 16:46:14 - [MESSAGE][INFO] - Unable to find the element located by 'By.xpath: //div[@id='all-5']/div/div[17]/div/a/div'. Please recheck the objects properties to make sure the desired element is located. 

2022-01-15 16:46:14 - [MESSAGE][WARNING] - [SELF-HEALING] Failed to find element with id 'Object Repository/Page_Course Nhp mn tr tu nhn to/div_Information about the Page activity_opt_6f2bd7'. Try using Self-healing.

2022-01-15 16:46:14 - [MESSAGE][WARNING] - [SELF-HEALING] The current locator of test object 'Object Repository/Page_Course Nhp mn tr tu nhn to/div_Information about the Page activity_opt_6f2bd7' was broken. Propose an alternative one: '(.//*[normalize-space(text()) and normalize-space(.)='Information about the Page activity'])[1]/following::div[3]'.

2022-01-15 16:46:15 - [MESSAGE][PASSED] - Object: 'Object Repository/Page_Course Nhp mn tr tu nhn to/div_Information about the Page activity_opt_6f2bd7' is clicked on

2022-01-15 16:46:15 - [TEST_STEP][PASSED] - setText(findTestObject("Object Repository/Page_Editing Quiz/input_Name_name"), "Quiz 1"): Text 'Quiz 1' is set on object 'Object Repository/Page_Editing Quiz/input_Name_name'

2022-01-15 16:46:17 - [MESSAGE][PASSED] - Text 'Quiz 1' is set on object 'Object Repository/Page_Editing Quiz/input_Name_name'

2022-01-15 16:46:17 - [TEST_STEP][PASSED] - click(findTestObject("Object Repository/Page_Editing Quiz/a_Timing")): Object: 'Object Repository/Page_Editing Quiz/a_Timing' is clicked on

2022-01-15 16:46:23 - [MESSAGE][INFO] - Unable to find the element located by 'By.xpath: //a[@id='yui_3_17_2_1_1641965323483_67']'. Please recheck the objects properties to make sure the desired element is located. 

2022-01-15 16:46:23 - [MESSAGE][WARNING] - [SELF-HEALING] Failed to find element with id 'Object Repository/Page_Editing Quiz/a_Timing'. Try using Self-healing.

2022-01-15 16:46:23 - [MESSAGE][WARNING] - [SELF-HEALING] The current locator of test object 'Object Repository/Page_Editing Quiz/a_Timing' was broken. Propose an alternative one: '//a[contains(text(),'Timing')]'.

2022-01-15 16:46:23 - [MESSAGE][PASSED] - Object: 'Object Repository/Page_Editing Quiz/a_Timing' is clicked on

2022-01-15 16:46:23 - [TEST_STEP][PASSED] - click(findTestObject("Object Repository/Page_Editing Quiz/input_Enable_timecloseenabled")): Object: 'Object Repository/Page_Editing Quiz/input_Enable_timecloseenabled' is clicked on

2022-01-15 16:46:24 - [MESSAGE][PASSED] - Object: 'Object Repository/Page_Editing Quiz/input_Enable_timecloseenabled' is clicked on

2022-01-15 16:46:24 - [TEST_STEP][PASSED] - selectOptionByValue(findTestObject("Object Repository/Page_Editing Quiz/select_1900        1901        1902        _6405c9"), "2021", true): All options with value '2021' are selected in object 'Object Repository/Page_Editing Quiz/select_1900        1901        1902        _6405c9'  using regular expression

2022-01-15 16:46:29 - [MESSAGE][PASSED] - All options with value '2021' are selected in object 'Object Repository/Page_Editing Quiz/select_1900        1901        1902        _6405c9'  using regular expression

2022-01-15 16:46:29 - [TEST_STEP][PASSED] - click(findTestObject("Object Repository/Page_Editing Quiz/input_Upon activity completion_submitbutton")): Object: 'Object Repository/Page_Editing Quiz/input_Upon activity completion_submitbutton' is clicked on

2022-01-15 16:46:30 - [MESSAGE][PASSED] - Object: 'Object Repository/Page_Editing Quiz/input_Upon activity completion_submitbutton' is clicked on

2022-01-15 16:46:30 - [TEST_STEP][PASSED] - click(findTestObject("Object Repository/Page_AI Quiz 1/button_End tour"), OPTIONAL): Object: 'Object Repository/Page_AI Quiz 1/button_End tour' is clicked on

2022-01-15 16:46:36 - [MESSAGE][INFO] - Unable to find the element located by 'By.xpath: //span[@id='tour-step-tool_usertours_16_3_1620110287-0']/div/div/div[4]/button[3]'. Please recheck the objects properties to make sure the desired element is located. 

2022-01-15 16:46:36 - [MESSAGE][WARNING] - [SELF-HEALING] Failed to find element with id 'Object Repository/Page_AI Quiz 1/button_End tour'. Try using Self-healing.

2022-01-15 16:46:37 - [MESSAGE][WARNING] - [SELF-HEALING] The current locator of test object 'Object Repository/Page_AI Quiz 1/button_End tour' was broken. Propose an alternative one: '(.//*[normalize-space(text()) and normalize-space(.)='Next'])[1]/following::button[1]'.

2022-01-15 16:46:37 - [MESSAGE][PASSED] - Object: 'Object Repository/Page_AI Quiz 1/button_End tour' is clicked on

2022-01-15 16:46:37 - [TEST_STEP][PASSED] - click(findTestObject("Object Repository/Page_AI Quiz 1/button_Edit quiz")): Object: 'Object Repository/Page_AI Quiz 1/button_Edit quiz' is clicked on

2022-01-15 16:46:43 - [MESSAGE][INFO] - Unable to find the element located by 'By.xpath: //button[@id='single_button61de659eb5b0561']'. Please recheck the objects properties to make sure the desired element is located. 

2022-01-15 16:46:43 - [MESSAGE][WARNING] - [SELF-HEALING] Failed to find element with id 'Object Repository/Page_AI Quiz 1/button_Edit quiz'. Try using Self-healing.

2022-01-15 16:46:43 - [MESSAGE][WARNING] - [SELF-HEALING] The current locator of test object 'Object Repository/Page_AI Quiz 1/button_Edit quiz' was broken. Propose an alternative one: '//section[@id='region-main']/div[2]/div[3]/div/div/div[2]/form/button'.

2022-01-15 16:46:44 - [MESSAGE][PASSED] - Object: 'Object Repository/Page_AI Quiz 1/button_Edit quiz' is clicked on

2022-01-15 16:46:44 - [TEST_STEP][PASSED] - click(findTestObject("Object Repository/Page_Editing quiz Quiz 1/span_Add")): Object: 'Object Repository/Page_Editing quiz Quiz 1/span_Add' is clicked on

2022-01-15 16:46:50 - [MESSAGE][INFO] - Unable to find the element located by 'By.xpath: //span[@id='yui_3_17_2_1_1641964968088_388']'. Please recheck the objects properties to make sure the desired element is located. 

2022-01-15 16:46:50 - [MESSAGE][WARNING] - [SELF-HEALING] Failed to find element with id 'Object Repository/Page_Editing quiz Quiz 1/span_Add'. Try using Self-healing.

2022-01-15 16:46:50 - [MESSAGE][WARNING] - [SELF-HEALING] The current locator of test object 'Object Repository/Page_Editing quiz Quiz 1/span_Add' was broken. Propose an alternative one: '//a[@id='action-menu-toggle-3']/span'.

2022-01-15 16:46:51 - [MESSAGE][PASSED] - Object: 'Object Repository/Page_Editing quiz Quiz 1/span_Add' is clicked on

2022-01-15 16:46:51 - [TEST_STEP][PASSED] - click(findTestObject("Object Repository/Page_Editing quiz Quiz 1/span_a new question")): Object: 'Object Repository/Page_Editing quiz Quiz 1/span_a new question' is clicked on

2022-01-15 16:46:51 - [MESSAGE][PASSED] - Object: 'Object Repository/Page_Editing quiz Quiz 1/span_a new question' is clicked on

2022-01-15 16:46:51 - [TEST_STEP][PASSED] - click(findTestObject("Object Repository/Page_Editing quiz Quiz 1/span_TrueFalse")): Object: 'Object Repository/Page_Editing quiz Quiz 1/span_TrueFalse' is clicked on

2022-01-15 16:46:57 - [MESSAGE][INFO] - Unable to find the element located by 'By.xpath: //span[@id='yui_3_17_2_1_1641964968088_673']'. Please recheck the objects properties to make sure the desired element is located. 

2022-01-15 16:46:57 - [MESSAGE][WARNING] - [SELF-HEALING] Failed to find element with id 'Object Repository/Page_Editing quiz Quiz 1/span_TrueFalse'. Try using Self-healing.

2022-01-15 16:46:57 - [MESSAGE][WARNING] - [SELF-HEALING] The current locator of test object 'Object Repository/Page_Editing quiz Quiz 1/span_TrueFalse' was broken. Propose an alternative one: '(.//*[normalize-space(text()) and normalize-space(.)='Multiple choice'])[1]/following::span[3]'.

2022-01-15 16:46:57 - [MESSAGE][PASSED] - Object: 'Object Repository/Page_Editing quiz Quiz 1/span_TrueFalse' is clicked on

2022-01-15 16:46:57 - [TEST_STEP][PASSED] - click(findTestObject("Object Repository/Page_Editing quiz Quiz 1/input_Description_submitbutton")): Object: 'Object Repository/Page_Editing quiz Quiz 1/input_Description_submitbutton' is clicked on

2022-01-15 16:47:04 - [MESSAGE][INFO] - Unable to find the element located by 'By.xpath: //input[@id='yui_3_17_2_1_1641964968088_681']'. Please recheck the objects properties to make sure the desired element is located. 

2022-01-15 16:47:04 - [MESSAGE][WARNING] - [SELF-HEALING] Failed to find element with id 'Object Repository/Page_Editing quiz Quiz 1/input_Description_submitbutton'. Try using Self-healing.

2022-01-15 16:47:04 - [MESSAGE][WARNING] - [SELF-HEALING] The current locator of test object 'Object Repository/Page_Editing quiz Quiz 1/input_Description_submitbutton' was broken. Propose an alternative one: '//div[3]/input'.

2022-01-15 16:47:05 - [MESSAGE][PASSED] - Object: 'Object Repository/Page_Editing quiz Quiz 1/input_Description_submitbutton' is clicked on

2022-01-15 16:47:05 - [TEST_STEP][PASSED] - setText(findTestObject("Object Repository/Page_Editing a TrueFalse question/input_Question name_name"), "Cau 1"): Text 'Cau 1' is set on object 'Object Repository/Page_Editing a TrueFalse question/input_Question name_name'

2022-01-15 16:47:06 - [MESSAGE][PASSED] - Text 'Cau 1' is set on object 'Object Repository/Page_Editing a TrueFalse question/input_Question name_name'

2022-01-15 16:47:06 - [TEST_STEP][PASSED] - setText(findTestObject("Object Repository/Page_Editing a TrueFalse question/div_Dung hay sai"), "Dung hay sai"): Text 'Dung hay sai' is set on object 'Object Repository/Page_Editing a TrueFalse question/div_Dung hay sai'

2022-01-15 16:47:07 - [MESSAGE][PASSED] - Text 'Dung hay sai' is set on object 'Object Repository/Page_Editing a TrueFalse question/div_Dung hay sai'

2022-01-15 16:47:07 - [TEST_STEP][PASSED] - setText(findTestObject("Object Repository/Page_Editing a TrueFalse question/input_ID number_idnumber"), "1"): Text '1' is set on object 'Object Repository/Page_Editing a TrueFalse question/input_ID number_idnumber'

2022-01-15 16:47:08 - [MESSAGE][PASSED] - Text '1' is set on object 'Object Repository/Page_Editing a TrueFalse question/input_ID number_idnumber'

2022-01-15 16:47:08 - [TEST_STEP][PASSED] - click(findTestObject("Object Repository/Page_Editing a TrueFalse question/input__submitbutton")): Object: 'Object Repository/Page_Editing a TrueFalse question/input__submitbutton' is clicked on

2022-01-15 16:47:09 - [MESSAGE][PASSED] - Object: 'Object Repository/Page_Editing a TrueFalse question/input__submitbutton' is clicked on

2022-01-15 16:47:09 - [TEST_STEP][PASSED] - click(findTestObject("Object Repository/Page_Editing quiz Quiz 1/a_Teacher Hubbard")): Object: 'Object Repository/Page_Editing quiz Quiz 1/a_Teacher Hubbard' is clicked on

2022-01-15 16:47:10 - [MESSAGE][PASSED] - Object: 'Object Repository/Page_Editing quiz Quiz 1/a_Teacher Hubbard' is clicked on

2022-01-15 16:47:10 - [TEST_STEP][PASSED] - click(findTestObject("Object Repository/Page_Editing quiz Quiz 1/span_Log out")): Object: 'Object Repository/Page_Editing quiz Quiz 1/span_Log out' is clicked on

2022-01-15 16:47:10 - [MESSAGE][PASSED] - Object: 'Object Repository/Page_Editing quiz Quiz 1/span_Log out' is clicked on

2022-01-15 16:47:10 - [TEST_STEP][PASSED] - click(findTestObject("Object Repository/Page_HCMUS/a_Nhp mn tr tu nhn to")): Object: 'Object Repository/Page_HCMUS/a_Nhp mn tr tu nhn to' is clicked on

2022-01-15 16:47:11 - [MESSAGE][PASSED] - Object: 'Object Repository/Page_HCMUS/a_Nhp mn tr tu nhn to' is clicked on

2022-01-15 16:47:11 - [TEST_STEP][PASSED] - setText(findTestObject("Object Repository/Page_HCMUS Log in to the site/input_Username_username"), "student1"): Text 'student1' is set on object 'Object Repository/Page_HCMUS Log in to the site/input_Username_username'

2022-01-15 16:47:12 - [MESSAGE][PASSED] - Text 'student1' is set on object 'Object Repository/Page_HCMUS Log in to the site/input_Username_username'

2022-01-15 16:47:12 - [TEST_STEP][PASSED] - setEncryptedText(findTestObject("Object Repository/Page_HCMUS Log in to the site/input_Password_password"), "xsue+lrReh6nSDZIylEEKg=="): Text ****** has been set on object 'Object Repository/Page_HCMUS Log in to the site/input_Password_password'

2022-01-15 16:47:12 - [MESSAGE][PASSED] - Text ****** has been set on object 'Object Repository/Page_HCMUS Log in to the site/input_Password_password'

2022-01-15 16:47:12 - [TEST_STEP][PASSED] - click(findTestObject("Object Repository/Page_HCMUS Log in to the site/button_Log in")): Object: 'Object Repository/Page_HCMUS Log in to the site/button_Log in' is clicked on

2022-01-15 16:47:13 - [MESSAGE][PASSED] - Object: 'Object Repository/Page_HCMUS Log in to the site/button_Log in' is clicked on

2022-01-15 16:47:13 - [TEST_STEP][PASSED] - click(findTestObject("Object Repository/Page_Course Nhp mn tr tu nhn to/button_End tour"), OPTIONAL): Object: 'Object Repository/Page_Course Nhp mn tr tu nhn to/button_End tour' is clicked on

2022-01-15 16:47:15 - [MESSAGE][PASSED] - Object: 'Object Repository/Page_Course Nhp mn tr tu nhn to/button_End tour' is clicked on

2022-01-15 16:47:15 - [TEST_STEP][PASSED] - click(findTestObject("Object Repository/Page_Course Nhp mn tr tu nhn to/span_Quiz 1")): Object: 'Object Repository/Page_Course Nhp mn tr tu nhn to/span_Quiz 1' is clicked on

2022-01-15 16:47:16 - [MESSAGE][PASSED] - Object: 'Object Repository/Page_Course Nhp mn tr tu nhn to/span_Quiz 1' is clicked on

2022-01-15 16:47:16 - [TEST_STEP][PASSED] - click(findTestObject("Object Repository/Page_AI Quiz 1/button_End tour"), OPTIONAL): Object: 'Object Repository/Page_AI Quiz 1/button_End tour' is clicked on

2022-01-15 16:47:22 - [MESSAGE][INFO] - Unable to find the element located by 'By.xpath: //span[@id='tour-step-tool_usertours_16_3_1620110287-0']/div/div/div[4]/button[3]'. Please recheck the objects properties to make sure the desired element is located. 

2022-01-15 16:47:22 - [MESSAGE][WARNING] - [SELF-HEALING] Failed to find element with id 'Object Repository/Page_AI Quiz 1/button_End tour'. Try using Self-healing.

2022-01-15 16:47:22 - [MESSAGE][WARNING] - [SELF-HEALING] The current locator of test object 'Object Repository/Page_AI Quiz 1/button_End tour' was broken. Propose an alternative one: '(.//*[normalize-space(text()) and normalize-space(.)='Next'])[1]/following::button[1]'.

2022-01-15 16:47:22 - [MESSAGE][PASSED] - Object: 'Object Repository/Page_AI Quiz 1/button_End tour' is clicked on

2022-01-15 16:47:22 - [TEST_STEP][PASSED] - verifyElementText(findTestObject("Object Repository/Page_AI Quiz 1/h2_Quiz 1"), "Quiz 1"): Actual text and expected text of test object 'Object Repository/Page_AI Quiz 1/h2_Quiz 1' are matched.

2022-01-15 16:47:23 - [MESSAGE][PASSED] - Actual text and expected text of test object 'Object Repository/Page_AI Quiz 1/h2_Quiz 1' are matched.

2022-01-15 16:47:23 - [TEST_STEP][PASSED] - verifyElementVisible(findTestObject("Object Repository/Page_AI Quiz 1/button_Back to the course")): Object 'Object Repository/Page_AI Quiz 1/button_Back to the course' is visible

2022-01-15 16:47:30 - [MESSAGE][INFO] - Unable to find the element located by 'By.xpath: //button[@id='single_button61de65eb0b6d614']'. Please recheck the objects properties to make sure the desired element is located. 

2022-01-15 16:47:30 - [MESSAGE][WARNING] - [SELF-HEALING] Failed to find element with id 'Object Repository/Page_AI Quiz 1/button_Back to the course'. Try using Self-healing.

2022-01-15 16:47:30 - [MESSAGE][WARNING] - [SELF-HEALING] The current locator of test object 'Object Repository/Page_AI Quiz 1/button_Back to the course' was broken. Propose an alternative one: '//section[@id='region-main']/div/div[3]/div/form/button'.

2022-01-15 16:47:30 - [MESSAGE][PASSED] - Object 'Object Repository/Page_AI Quiz 1/button_Back to the course' is visible

2022-01-15 16:47:30 - [TEST_STEP][PASSED] - closeBrowser(): Browser is closed

2022-01-15 16:47:31 - [MESSAGE][PASSED] - Browser is closed]]></system-out>
         <system-err><![CDATA[]]></system-err>
      </testcase>
      <testcase name="Test Cases/19_Giáo viên thêm quiz với thông tin chính xác" time="31.108" classname="Test Cases/19_Giáo viên thêm quiz với thông tin chính xác" status="PASSED">
         <system-out><![CDATA[2022-01-15 16:47:31 - [TEST_CASE][PASSED] - Test Cases/19_Giáo viên thêm quiz với thông tin chính xác: Test Cases/19_Giáo viên thêm quiz với thông tin chính xác

2022-01-15 16:47:31 - [TEST_STEP][PASSED] - openBrowser(""): Browser is opened with url: ''

2022-01-15 16:47:31 - [MESSAGE][INFO] - Starting 'Chrome' driver

2022-01-15 16:47:31 - [MESSAGE][INFO] - Action delay is set to 0 milliseconds

2022-01-15 16:47:32 - [MESSAGE][PASSED] - Browser is opened with url: ''

2022-01-15 16:47:32 - [TEST_STEP][PASSED] - navigateToUrl("http://localhost/"): Navigate to 'http://localhost/' successfully

2022-01-15 16:47:33 - [MESSAGE][PASSED] - Navigate to 'http://localhost/' successfully

2022-01-15 16:47:33 - [TEST_STEP][PASSED] - click(findTestObject("Object Repository/Page_HCMUS/a_Nhp mn tr tu nhn to")): Object: 'Object Repository/Page_HCMUS/a_Nhp mn tr tu nhn to' is clicked on

2022-01-15 16:47:33 - [MESSAGE][PASSED] - Object: 'Object Repository/Page_HCMUS/a_Nhp mn tr tu nhn to' is clicked on

2022-01-15 16:47:33 - [TEST_STEP][PASSED] - setText(findTestObject("Object Repository/Page_HCMUS Log in to the site/input_Username_username"), "teacher1"): Text 'teacher1' is set on object 'Object Repository/Page_HCMUS Log in to the site/input_Username_username'

2022-01-15 16:47:34 - [MESSAGE][PASSED] - Text 'teacher1' is set on object 'Object Repository/Page_HCMUS Log in to the site/input_Username_username'

2022-01-15 16:47:34 - [TEST_STEP][PASSED] - setEncryptedText(findTestObject("Object Repository/Page_HCMUS Log in to the site/input_Password_password"), "iKb8CrY6A/iqm08K47hQLA=="): Text ****** has been set on object 'Object Repository/Page_HCMUS Log in to the site/input_Password_password'

2022-01-15 16:47:34 - [MESSAGE][PASSED] - Text ****** has been set on object 'Object Repository/Page_HCMUS Log in to the site/input_Password_password'

2022-01-15 16:47:34 - [TEST_STEP][PASSED] - click(findTestObject("Object Repository/Page_HCMUS Log in to the site/button_Log in")): Object: 'Object Repository/Page_HCMUS Log in to the site/button_Log in' is clicked on

2022-01-15 16:47:35 - [MESSAGE][PASSED] - Object: 'Object Repository/Page_HCMUS Log in to the site/button_Log in' is clicked on

2022-01-15 16:47:35 - [TEST_STEP][PASSED] - click(findTestObject("Object Repository/Page_Course Nhp mn tr tu nhn to/button_End tour"), OPTIONAL): Object: 'Object Repository/Page_Course Nhp mn tr tu nhn to/button_End tour' is clicked on

2022-01-15 16:47:42 - [MESSAGE][INFO] - Unable to find the element located by 'By.xpath: //span[@id='tour-step-tool_usertours_4_2_1620109487-0']/div/div/div[4]/button[3]'. Please recheck the objects properties to make sure the desired element is located. 

2022-01-15 16:47:42 - [MESSAGE][WARNING] - [SELF-HEALING] Failed to find element with id 'Object Repository/Page_Course Nhp mn tr tu nhn to/button_End tour'. Try using Self-healing.

2022-01-15 16:47:42 - [MESSAGE][WARNING] - [SELF-HEALING] The current locator of test object 'Object Repository/Page_Course Nhp mn tr tu nhn to/button_End tour' was broken. Propose an alternative one: '(.//*[normalize-space(text()) and normalize-space(.)='Next'])[1]/following::button[1]'.

2022-01-15 16:47:42 - [MESSAGE][PASSED] - Object: 'Object Repository/Page_Course Nhp mn tr tu nhn to/button_End tour' is clicked on

2022-01-15 16:47:42 - [TEST_STEP][PASSED] - click(findTestObject("Object Repository/Page_Course Nhp mn tr tu nhn to/button_Turn editing on")): Object: 'Object Repository/Page_Course Nhp mn tr tu nhn to/button_Turn editing on' is clicked on

2022-01-15 16:47:48 - [MESSAGE][INFO] - Unable to find the element located by 'By.xpath: //button[@id='single_button61deb918b38a91']'. Please recheck the objects properties to make sure the desired element is located. 

2022-01-15 16:47:48 - [MESSAGE][WARNING] - [SELF-HEALING] Failed to find element with id 'Object Repository/Page_Course Nhp mn tr tu nhn to/button_Turn editing on'. Try using Self-healing.

2022-01-15 16:47:48 - [MESSAGE][WARNING] - [SELF-HEALING] The current locator of test object 'Object Repository/Page_Course Nhp mn tr tu nhn to/button_Turn editing on' was broken. Propose an alternative one: '(.//*[normalize-space(text()) and normalize-space(.)='AI'])[2]/following::button[1]'.

2022-01-15 16:47:49 - [MESSAGE][PASSED] - Object: 'Object Repository/Page_Course Nhp mn tr tu nhn to/button_Turn editing on' is clicked on

2022-01-15 16:47:49 - [TEST_STEP][PASSED] - click(findTestObject("Object Repository/Page_Course Nhp mn tr tu nhn to/span_Add an activity or resource")): Object: 'Object Repository/Page_Course Nhp mn tr tu nhn to/span_Add an activity or resource' is clicked on

2022-01-15 16:47:55 - [MESSAGE][INFO] - Unable to find the element located by 'By.xpath: //span[@id='yui_3_17_2_1_1641986354069_794']'. Please recheck the objects properties to make sure the desired element is located. 

2022-01-15 16:47:55 - [MESSAGE][WARNING] - [SELF-HEALING] Failed to find element with id 'Object Repository/Page_Course Nhp mn tr tu nhn to/span_Add an activity or resource'. Try using Self-healing.

2022-01-15 16:47:55 - [MESSAGE][WARNING] - [SELF-HEALING] The current locator of test object 'Object Repository/Page_Course Nhp mn tr tu nhn to/span_Add an activity or resource' was broken. Propose an alternative one: '(.//*[normalize-space(text()) and normalize-space(.)='Add file(s) here'])[1]/following::span[1]'.

2022-01-15 16:47:55 - [MESSAGE][PASSED] - Object: 'Object Repository/Page_Course Nhp mn tr tu nhn to/span_Add an activity or resource' is clicked on

2022-01-15 16:47:55 - [TEST_STEP][PASSED] - click(findTestObject("Object Repository/Page_Course Nhp mn tr tu nhn to/div_Information about the Page activity_opt_6f2bd7")): Object: 'Object Repository/Page_Course Nhp mn tr tu nhn to/div_Information about the Page activity_opt_6f2bd7' is clicked on

2022-01-15 16:47:57 - [MESSAGE][PASSED] - Object: 'Object Repository/Page_Course Nhp mn tr tu nhn to/div_Information about the Page activity_opt_6f2bd7' is clicked on

2022-01-15 16:47:57 - [TEST_STEP][PASSED] - setText(findTestObject("Object Repository/Page_Editing Quiz/input_Name_name"), "Quiz 2"): Text 'Quiz 2' is set on object 'Object Repository/Page_Editing Quiz/input_Name_name'

2022-01-15 16:47:59 - [MESSAGE][PASSED] - Text 'Quiz 2' is set on object 'Object Repository/Page_Editing Quiz/input_Name_name'

2022-01-15 16:47:59 - [TEST_STEP][PASSED] - click(findTestObject("Object Repository/Page_Editing Quiz/input_Upon activity completion_submitbutton")): Object: 'Object Repository/Page_Editing Quiz/input_Upon activity completion_submitbutton' is clicked on

2022-01-15 16:48:00 - [MESSAGE][PASSED] - Object: 'Object Repository/Page_Editing Quiz/input_Upon activity completion_submitbutton' is clicked on

2022-01-15 16:48:00 - [TEST_STEP][PASSED] - verifyElementText(findTestObject("Object Repository/Page_AI Quiz 2/h2_Quiz 2"), "Quiz 2"): Actual text and expected text of test object 'Object Repository/Page_AI Quiz 2/h2_Quiz 2' are matched.

2022-01-15 16:48:00 - [MESSAGE][PASSED] - Actual text and expected text of test object 'Object Repository/Page_AI Quiz 2/h2_Quiz 2' are matched.

2022-01-15 16:48:00 - [TEST_STEP][PASSED] - verifyElementText(findTestObject("Object Repository/Page_AI Quiz 2/div_No questions have been added yet"), "No questions have been added yet"): Actual text and expected text of test object 'Object Repository/Page_AI Quiz 2/div_No questions have been added yet' are matched.

2022-01-15 16:48:01 - [MESSAGE][PASSED] - Actual text and expected text of test object 'Object Repository/Page_AI Quiz 2/div_No questions have been added yet' are matched.

2022-01-15 16:48:01 - [TEST_STEP][PASSED] - closeBrowser(): Browser is closed

2022-01-15 16:48:02 - [MESSAGE][PASSED] - Browser is closed]]></system-out>
         <system-err><![CDATA[]]></system-err>
      </testcase>
      <testcase name="Test Cases/20_Giáo viên thêm câu hỏi cho quiz" time="52.531" classname="Test Cases/20_Giáo viên thêm câu hỏi cho quiz" status="PASSED">
         <system-out><![CDATA[2022-01-15 16:48:02 - [TEST_CASE][PASSED] - Test Cases/20_Giáo viên thêm câu hỏi cho quiz: Test Cases/20_Giáo viên thêm câu hỏi cho quiz

2022-01-15 16:48:02 - [TEST_STEP][PASSED] - openBrowser(""): Browser is opened with url: ''

2022-01-15 16:48:02 - [MESSAGE][INFO] - Starting 'Chrome' driver

2022-01-15 16:48:02 - [MESSAGE][INFO] - Action delay is set to 0 milliseconds

2022-01-15 16:48:03 - [MESSAGE][PASSED] - Browser is opened with url: ''

2022-01-15 16:48:03 - [TEST_STEP][PASSED] - navigateToUrl("http://localhost/"): Navigate to 'http://localhost/' successfully

2022-01-15 16:48:04 - [MESSAGE][PASSED] - Navigate to 'http://localhost/' successfully

2022-01-15 16:48:04 - [TEST_STEP][PASSED] - click(findTestObject("Object Repository/Page_HCMUS/a_Nhp mn tr tu nhn to")): Object: 'Object Repository/Page_HCMUS/a_Nhp mn tr tu nhn to' is clicked on

2022-01-15 16:48:04 - [MESSAGE][PASSED] - Object: 'Object Repository/Page_HCMUS/a_Nhp mn tr tu nhn to' is clicked on

2022-01-15 16:48:04 - [TEST_STEP][PASSED] - setText(findTestObject("Object Repository/Page_HCMUS Log in to the site/input_Username_username"), "teacher1"): Text 'teacher1' is set on object 'Object Repository/Page_HCMUS Log in to the site/input_Username_username'

2022-01-15 16:48:05 - [MESSAGE][PASSED] - Text 'teacher1' is set on object 'Object Repository/Page_HCMUS Log in to the site/input_Username_username'

2022-01-15 16:48:05 - [TEST_STEP][PASSED] - setEncryptedText(findTestObject("Object Repository/Page_HCMUS Log in to the site/input_Password_password"), "iKb8CrY6A/iqm08K47hQLA=="): Text ****** has been set on object 'Object Repository/Page_HCMUS Log in to the site/input_Password_password'

2022-01-15 16:48:06 - [MESSAGE][PASSED] - Text ****** has been set on object 'Object Repository/Page_HCMUS Log in to the site/input_Password_password'

2022-01-15 16:48:06 - [TEST_STEP][PASSED] - click(findTestObject("Object Repository/Page_HCMUS Log in to the site/button_Log in")): Object: 'Object Repository/Page_HCMUS Log in to the site/button_Log in' is clicked on

2022-01-15 16:48:07 - [MESSAGE][PASSED] - Object: 'Object Repository/Page_HCMUS Log in to the site/button_Log in' is clicked on

2022-01-15 16:48:07 - [TEST_STEP][PASSED] - click(findTestObject("Object Repository/Page_Course Nhp mn tr tu nhn to/span_Quiz 2")): Object: 'Object Repository/Page_Course Nhp mn tr tu nhn to/span_Quiz 2' is clicked on

2022-01-15 16:48:08 - [MESSAGE][PASSED] - Object: 'Object Repository/Page_Course Nhp mn tr tu nhn to/span_Quiz 2' is clicked on

2022-01-15 16:48:08 - [TEST_STEP][PASSED] - click(findTestObject("Object Repository/Page_AI Quiz 2/button_Edit quiz")): Object: 'Object Repository/Page_AI Quiz 2/button_Edit quiz' is clicked on

2022-01-15 16:48:14 - [MESSAGE][INFO] - Unable to find the element located by 'By.xpath: //button[@id='single_button61de67c826ede61']'. Please recheck the objects properties to make sure the desired element is located. 

2022-01-15 16:48:14 - [MESSAGE][WARNING] - [SELF-HEALING] Failed to find element with id 'Object Repository/Page_AI Quiz 2/button_Edit quiz'. Try using Self-healing.

2022-01-15 16:48:14 - [MESSAGE][WARNING] - [SELF-HEALING] The current locator of test object 'Object Repository/Page_AI Quiz 2/button_Edit quiz' was broken. Propose an alternative one: '//section[@id='region-main']/div[2]/div[3]/div/div/div[2]/form/button'.

2022-01-15 16:48:15 - [MESSAGE][PASSED] - Object: 'Object Repository/Page_AI Quiz 2/button_Edit quiz' is clicked on

2022-01-15 16:48:15 - [TEST_STEP][PASSED] - click(findTestObject("Object Repository/Page_Editing quiz Quiz 2/span_Add")): Object: 'Object Repository/Page_Editing quiz Quiz 2/span_Add' is clicked on

2022-01-15 16:48:21 - [MESSAGE][INFO] - Unable to find the element located by 'By.xpath: //span[@id='yui_3_17_2_1_1641965514536_286']'. Please recheck the objects properties to make sure the desired element is located. 

2022-01-15 16:48:21 - [MESSAGE][WARNING] - [SELF-HEALING] Failed to find element with id 'Object Repository/Page_Editing quiz Quiz 2/span_Add'. Try using Self-healing.

2022-01-15 16:48:21 - [MESSAGE][WARNING] - [SELF-HEALING] The current locator of test object 'Object Repository/Page_Editing quiz Quiz 2/span_Add' was broken. Propose an alternative one: '//a[@id='action-menu-toggle-3']/span'.

2022-01-15 16:48:21 - [MESSAGE][PASSED] - Object: 'Object Repository/Page_Editing quiz Quiz 2/span_Add' is clicked on

2022-01-15 16:48:21 - [TEST_STEP][PASSED] - click(findTestObject("Object Repository/Page_Editing quiz Quiz 2/span_a new question")): Object: 'Object Repository/Page_Editing quiz Quiz 2/span_a new question' is clicked on

2022-01-15 16:48:22 - [MESSAGE][PASSED] - Object: 'Object Repository/Page_Editing quiz Quiz 2/span_a new question' is clicked on

2022-01-15 16:48:22 - [TEST_STEP][PASSED] - click(findTestObject("Object Repository/Page_Editing quiz Quiz 2/input_Multiple choice_qtype")): Object: 'Object Repository/Page_Editing quiz Quiz 2/input_Multiple choice_qtype' is clicked on

2022-01-15 16:48:22 - [MESSAGE][PASSED] - Object: 'Object Repository/Page_Editing quiz Quiz 2/input_Multiple choice_qtype' is clicked on

2022-01-15 16:48:22 - [TEST_STEP][PASSED] - click(findTestObject("Object Repository/Page_Editing quiz Quiz 2/input_Description_submitbutton")): Object: 'Object Repository/Page_Editing quiz Quiz 2/input_Description_submitbutton' is clicked on

2022-01-15 16:48:29 - [MESSAGE][INFO] - Unable to find the element located by 'By.xpath: //input[@id='yui_3_17_2_1_1641965514536_581']'. Please recheck the objects properties to make sure the desired element is located. 

2022-01-15 16:48:29 - [MESSAGE][WARNING] - [SELF-HEALING] Failed to find element with id 'Object Repository/Page_Editing quiz Quiz 2/input_Description_submitbutton'. Try using Self-healing.

2022-01-15 16:48:29 - [MESSAGE][WARNING] - [SELF-HEALING] The current locator of test object 'Object Repository/Page_Editing quiz Quiz 2/input_Description_submitbutton' was broken. Propose an alternative one: '//div[3]/input'.

2022-01-15 16:48:30 - [MESSAGE][PASSED] - Object: 'Object Repository/Page_Editing quiz Quiz 2/input_Description_submitbutton' is clicked on

2022-01-15 16:48:30 - [TEST_STEP][PASSED] - setText(findTestObject("Object Repository/Page_Editing a TrueFalse question/input_Question name_name"), "Cau 1"): Text 'Cau 1' is set on object 'Object Repository/Page_Editing a TrueFalse question/input_Question name_name'

2022-01-15 16:48:31 - [MESSAGE][PASSED] - Text 'Cau 1' is set on object 'Object Repository/Page_Editing a TrueFalse question/input_Question name_name'

2022-01-15 16:48:31 - [TEST_STEP][PASSED] - setText(findTestObject("Object Repository/Page_Editing a TrueFalse question/div_Dung hay sai"), "Dung hay sai"): Text 'Dung hay sai' is set on object 'Object Repository/Page_Editing a TrueFalse question/div_Dung hay sai'

2022-01-15 16:48:32 - [MESSAGE][PASSED] - Text 'Dung hay sai' is set on object 'Object Repository/Page_Editing a TrueFalse question/div_Dung hay sai'

2022-01-15 16:48:32 - [TEST_STEP][PASSED] - selectOptionByValue(findTestObject("Object Repository/Page_Editing a TrueFalse question/select_False            True"), "1", true): All options with value '1' are selected in object 'Object Repository/Page_Editing a TrueFalse question/select_False            True'  using regular expression

2022-01-15 16:48:33 - [MESSAGE][PASSED] - All options with value '1' are selected in object 'Object Repository/Page_Editing a TrueFalse question/select_False            True'  using regular expression

2022-01-15 16:48:33 - [TEST_STEP][PASSED] - click(findTestObject("Object Repository/Page_Editing a TrueFalse question/input__submitbutton")): Object: 'Object Repository/Page_Editing a TrueFalse question/input__submitbutton' is clicked on

2022-01-15 16:48:34 - [MESSAGE][PASSED] - Object: 'Object Repository/Page_Editing a TrueFalse question/input__submitbutton' is clicked on

2022-01-15 16:48:34 - [TEST_STEP][PASSED] - verifyElementVisible(findTestObject("Object Repository/Page_Editing quiz Quiz 2/div_Cau 1 Dung hay sai")): Object 'Object Repository/Page_Editing quiz Quiz 2/div_Cau 1 Dung hay sai' is visible

2022-01-15 16:48:40 - [MESSAGE][INFO] - Unable to find the element located by 'By.xpath: //div[@id='yui_3_17_2_1_1641965566236_337']'. Please recheck the objects properties to make sure the desired element is located. 

2022-01-15 16:48:40 - [MESSAGE][WARNING] - [SELF-HEALING] Failed to find element with id 'Object Repository/Page_Editing quiz Quiz 2/div_Cau 1 Dung hay sai'. Try using Self-healing.

2022-01-15 16:48:41 - [MESSAGE][WARNING] - [SELF-HEALING] The current locator of test object 'Object Repository/Page_Editing quiz Quiz 2/div_Cau 1 Dung hay sai' was broken. Propose an alternative one: '(.//*[normalize-space(text()) and normalize-space(.)='Question'])[1]/following::div[2]'.

2022-01-15 16:48:41 - [MESSAGE][PASSED] - Object 'Object Repository/Page_Editing quiz Quiz 2/div_Cau 1 Dung hay sai' is visible

2022-01-15 16:48:41 - [TEST_STEP][PASSED] - verifyElementText(findTestObject("Object Repository/Page_Editing quiz Quiz 2/h2_Editing quiz Quiz 2"), "Editing quiz: Quiz 2"): Actual text and expected text of test object 'Object Repository/Page_Editing quiz Quiz 2/h2_Editing quiz Quiz 2' are matched.

2022-01-15 16:48:47 - [MESSAGE][INFO] - Unable to find the element located by 'By.xpath: //h2[@id='yui_3_17_2_1_1641965566236_351']'. Please recheck the objects properties to make sure the desired element is located. 

2022-01-15 16:48:47 - [MESSAGE][WARNING] - [SELF-HEALING] Failed to find element with id 'Object Repository/Page_Editing quiz Quiz 2/h2_Editing quiz Quiz 2'. Try using Self-healing.

2022-01-15 16:48:47 - [MESSAGE][WARNING] - [SELF-HEALING] The current locator of test object 'Object Repository/Page_Editing quiz Quiz 2/h2_Editing quiz Quiz 2' was broken. Propose an alternative one: '(.//*[normalize-space(text()) and normalize-space(.)='Edit quiz'])[1]/following::h2[1]'.

2022-01-15 16:48:47 - [MESSAGE][PASSED] - Actual text and expected text of test object 'Object Repository/Page_Editing quiz Quiz 2/h2_Editing quiz Quiz 2' are matched.

2022-01-15 16:48:47 - [TEST_STEP][PASSED] - verifyElementText(findTestObject("Object Repository/Page_Editing quiz Quiz 2/div_Cau 1 Dung hay sai"), "Cau 1 Dung hay sai"): Actual text and expected text of test object 'Object Repository/Page_Editing quiz Quiz 2/div_Cau 1 Dung hay sai' are matched.

2022-01-15 16:48:53 - [MESSAGE][INFO] - Unable to find the element located by 'By.xpath: //div[@id='yui_3_17_2_1_1641965566236_337']'. Please recheck the objects properties to make sure the desired element is located. 

2022-01-15 16:48:53 - [MESSAGE][WARNING] - [SELF-HEALING] Failed to find element with id 'Object Repository/Page_Editing quiz Quiz 2/div_Cau 1 Dung hay sai'. Try using Self-healing.

2022-01-15 16:48:53 - [MESSAGE][WARNING] - [SELF-HEALING] The current locator of test object 'Object Repository/Page_Editing quiz Quiz 2/div_Cau 1 Dung hay sai' was broken. Propose an alternative one: '(.//*[normalize-space(text()) and normalize-space(.)='Question'])[1]/following::div[2]'.

2022-01-15 16:48:53 - [MESSAGE][PASSED] - Actual text and expected text of test object 'Object Repository/Page_Editing quiz Quiz 2/div_Cau 1 Dung hay sai' are matched.

2022-01-15 16:48:53 - [TEST_STEP][PASSED] - closeBrowser(): Browser is closed

2022-01-15 16:48:54 - [MESSAGE][PASSED] - Browser is closed]]></system-out>
         <system-err><![CDATA[]]></system-err>
      </testcase>
      <testcase name="Test Cases/21_Giáo viên thêm survey" time="25.956" classname="Test Cases/21_Giáo viên thêm survey" status="PASSED">
         <system-out><![CDATA[2022-01-15 16:48:54 - [TEST_CASE][PASSED] - Test Cases/21_Giáo viên thêm survey: Test Cases/21_Giáo viên thêm survey

2022-01-15 16:48:55 - [TEST_STEP][PASSED] - openBrowser(""): Browser is opened with url: ''

2022-01-15 16:48:55 - [MESSAGE][INFO] - Starting 'Chrome' driver

2022-01-15 16:48:55 - [MESSAGE][INFO] - Action delay is set to 0 milliseconds

2022-01-15 16:48:56 - [MESSAGE][PASSED] - Browser is opened with url: ''

2022-01-15 16:48:56 - [TEST_STEP][PASSED] - navigateToUrl("http://localhost/"): Navigate to 'http://localhost/' successfully

2022-01-15 16:48:56 - [MESSAGE][PASSED] - Navigate to 'http://localhost/' successfully

2022-01-15 16:48:56 - [TEST_STEP][PASSED] - click(findTestObject("Object Repository/Page_HCMUS/a_Nhp mn tr tu nhn to")): Object: 'Object Repository/Page_HCMUS/a_Nhp mn tr tu nhn to' is clicked on

2022-01-15 16:48:57 - [MESSAGE][PASSED] - Object: 'Object Repository/Page_HCMUS/a_Nhp mn tr tu nhn to' is clicked on

2022-01-15 16:48:57 - [TEST_STEP][PASSED] - setText(findTestObject("Object Repository/Page_HCMUS Log in to the site/input_Username_username"), "teacher1"): Text 'teacher1' is set on object 'Object Repository/Page_HCMUS Log in to the site/input_Username_username'

2022-01-15 16:48:58 - [MESSAGE][PASSED] - Text 'teacher1' is set on object 'Object Repository/Page_HCMUS Log in to the site/input_Username_username'

2022-01-15 16:48:58 - [TEST_STEP][PASSED] - setEncryptedText(findTestObject("Object Repository/Page_HCMUS Log in to the site/input_Password_password"), "iKb8CrY6A/iqm08K47hQLA=="): Text ****** has been set on object 'Object Repository/Page_HCMUS Log in to the site/input_Password_password'

2022-01-15 16:48:58 - [MESSAGE][PASSED] - Text ****** has been set on object 'Object Repository/Page_HCMUS Log in to the site/input_Password_password'

2022-01-15 16:48:58 - [TEST_STEP][PASSED] - click(findTestObject("Object Repository/Page_HCMUS Log in to the site/button_Log in")): Object: 'Object Repository/Page_HCMUS Log in to the site/button_Log in' is clicked on

2022-01-15 16:48:59 - [MESSAGE][PASSED] - Object: 'Object Repository/Page_HCMUS Log in to the site/button_Log in' is clicked on

2022-01-15 16:48:59 - [TEST_STEP][PASSED] - click(findTestObject("Object Repository/Page_Course Nhp mn tr tu nhn to/button_Turn editing on")): Object: 'Object Repository/Page_Course Nhp mn tr tu nhn to/button_Turn editing on' is clicked on

2022-01-15 16:49:05 - [MESSAGE][INFO] - Unable to find the element located by 'By.xpath: //button[@id='single_button61deb918b38a91']'. Please recheck the objects properties to make sure the desired element is located. 

2022-01-15 16:49:05 - [MESSAGE][WARNING] - [SELF-HEALING] Failed to find element with id 'Object Repository/Page_Course Nhp mn tr tu nhn to/button_Turn editing on'. Try using Self-healing.

2022-01-15 16:49:06 - [MESSAGE][WARNING] - [SELF-HEALING] The current locator of test object 'Object Repository/Page_Course Nhp mn tr tu nhn to/button_Turn editing on' was broken. Propose an alternative one: '(.//*[normalize-space(text()) and normalize-space(.)='AI'])[2]/following::button[1]'.

2022-01-15 16:49:06 - [MESSAGE][PASSED] - Object: 'Object Repository/Page_Course Nhp mn tr tu nhn to/button_Turn editing on' is clicked on

2022-01-15 16:49:06 - [TEST_STEP][PASSED] - click(findTestObject("Object Repository/Page_Course Nhp mn tr tu nhn to/span_Add an activity or resource")): Object: 'Object Repository/Page_Course Nhp mn tr tu nhn to/span_Add an activity or resource' is clicked on

2022-01-15 16:49:12 - [MESSAGE][INFO] - Unable to find the element located by 'By.xpath: //span[@id='yui_3_17_2_1_1641986354069_794']'. Please recheck the objects properties to make sure the desired element is located. 

2022-01-15 16:49:12 - [MESSAGE][WARNING] - [SELF-HEALING] Failed to find element with id 'Object Repository/Page_Course Nhp mn tr tu nhn to/span_Add an activity or resource'. Try using Self-healing.

2022-01-15 16:49:13 - [MESSAGE][WARNING] - [SELF-HEALING] The current locator of test object 'Object Repository/Page_Course Nhp mn tr tu nhn to/span_Add an activity or resource' was broken. Propose an alternative one: '(.//*[normalize-space(text()) and normalize-space(.)='Add file(s) here'])[1]/following::span[1]'.

2022-01-15 16:49:13 - [MESSAGE][PASSED] - Object: 'Object Repository/Page_Course Nhp mn tr tu nhn to/span_Add an activity or resource' is clicked on

2022-01-15 16:49:13 - [TEST_STEP][PASSED] - click(findTestObject("Object Repository/Page_Course Nhp mn tr tu nhn to/div_Information about the SCORM package act_c8e698")): Object: 'Object Repository/Page_Course Nhp mn tr tu nhn to/div_Information about the SCORM package act_c8e698' is clicked on

2022-01-15 16:49:15 - [MESSAGE][PASSED] - Object: 'Object Repository/Page_Course Nhp mn tr tu nhn to/div_Information about the SCORM package act_c8e698' is clicked on

2022-01-15 16:49:15 - [TEST_STEP][PASSED] - setText(findTestObject("Object Repository/Page_Editing Survey/input_Name_name"), "Survey 1"): Text 'Survey 1' is set on object 'Object Repository/Page_Editing Survey/input_Name_name'

2022-01-15 16:49:16 - [MESSAGE][PASSED] - Text 'Survey 1' is set on object 'Object Repository/Page_Editing Survey/input_Name_name'

2022-01-15 16:49:16 - [TEST_STEP][PASSED] - selectOptionByValue(findTestObject("Object Repository/Page_Editing Survey/select_Choose.            ATTLS (20 item ve_6ae139"), "5", true): All options with value '5' are selected in object 'Object Repository/Page_Editing Survey/select_Choose.            ATTLS (20 item ve_6ae139'  using regular expression

2022-01-15 16:49:18 - [MESSAGE][PASSED] - All options with value '5' are selected in object 'Object Repository/Page_Editing Survey/select_Choose.            ATTLS (20 item ve_6ae139'  using regular expression

2022-01-15 16:49:18 - [TEST_STEP][PASSED] - click(findTestObject("Object Repository/Page_Editing Survey/input_Upon activity completion_submitbutton")): Object: 'Object Repository/Page_Editing Survey/input_Upon activity completion_submitbutton' is clicked on

2022-01-15 16:49:19 - [MESSAGE][PASSED] - Object: 'Object Repository/Page_Editing Survey/input_Upon activity completion_submitbutton' is clicked on

2022-01-15 16:49:19 - [TEST_STEP][PASSED] - verifyElementText(findTestObject("Object Repository/Page_Survey 1/h2_Survey 1"), "Survey 1"): Actual text and expected text of test object 'Object Repository/Page_Survey 1/h2_Survey 1' are matched.

2022-01-15 16:49:19 - [MESSAGE][PASSED] - Actual text and expected text of test object 'Object Repository/Page_Survey 1/h2_Survey 1' are matched.

2022-01-15 16:49:19 - [TEST_STEP][PASSED] - closeBrowser(): Browser is closed

2022-01-15 16:49:20 - [MESSAGE][PASSED] - Browser is closed]]></system-out>
         <system-err><![CDATA[]]></system-err>
      </testcase>
      <testcase name="Test Cases/22_Giáo viên thêm forum" time="30.906" classname="Test Cases/22_Giáo viên thêm forum" status="PASSED">
         <system-out><![CDATA[2022-01-15 16:49:20 - [TEST_CASE][PASSED] - Test Cases/22_Giáo viên thêm forum: Test Cases/22_Giáo viên thêm forum

2022-01-15 16:49:20 - [TEST_STEP][PASSED] - openBrowser(""): Browser is opened with url: ''

2022-01-15 16:49:20 - [MESSAGE][INFO] - Starting 'Chrome' driver

2022-01-15 16:49:20 - [MESSAGE][INFO] - Action delay is set to 0 milliseconds

2022-01-15 16:49:22 - [MESSAGE][PASSED] - Browser is opened with url: ''

2022-01-15 16:49:22 - [TEST_STEP][PASSED] - navigateToUrl("http://localhost/"): Navigate to 'http://localhost/' successfully

2022-01-15 16:49:22 - [MESSAGE][PASSED] - Navigate to 'http://localhost/' successfully

2022-01-15 16:49:22 - [TEST_STEP][PASSED] - click(findTestObject("Object Repository/Page_HCMUS/a_Nhp mn tr tu nhn to")): Object: 'Object Repository/Page_HCMUS/a_Nhp mn tr tu nhn to' is clicked on

2022-01-15 16:49:23 - [MESSAGE][PASSED] - Object: 'Object Repository/Page_HCMUS/a_Nhp mn tr tu nhn to' is clicked on

2022-01-15 16:49:23 - [TEST_STEP][PASSED] - setText(findTestObject("Object Repository/Page_HCMUS Log in to the site/input_Username_username"), "teacher1"): Text 'teacher1' is set on object 'Object Repository/Page_HCMUS Log in to the site/input_Username_username'

2022-01-15 16:49:24 - [MESSAGE][PASSED] - Text 'teacher1' is set on object 'Object Repository/Page_HCMUS Log in to the site/input_Username_username'

2022-01-15 16:49:24 - [TEST_STEP][PASSED] - setEncryptedText(findTestObject("Object Repository/Page_HCMUS Log in to the site/input_Password_password"), "iKb8CrY6A/iqm08K47hQLA=="): Text ****** has been set on object 'Object Repository/Page_HCMUS Log in to the site/input_Password_password'

2022-01-15 16:49:24 - [MESSAGE][PASSED] - Text ****** has been set on object 'Object Repository/Page_HCMUS Log in to the site/input_Password_password'

2022-01-15 16:49:24 - [TEST_STEP][PASSED] - click(findTestObject("Object Repository/Page_HCMUS Log in to the site/button_Log in")): Object: 'Object Repository/Page_HCMUS Log in to the site/button_Log in' is clicked on

2022-01-15 16:49:25 - [MESSAGE][PASSED] - Object: 'Object Repository/Page_HCMUS Log in to the site/button_Log in' is clicked on

2022-01-15 16:49:25 - [TEST_STEP][PASSED] - click(findTestObject("Object Repository/Page_Course Nhp mn tr tu nhn to/button_Turn editing on")): Object: 'Object Repository/Page_Course Nhp mn tr tu nhn to/button_Turn editing on' is clicked on

2022-01-15 16:49:31 - [MESSAGE][INFO] - Unable to find the element located by 'By.xpath: //button[@id='single_button61deb918b38a91']'. Please recheck the objects properties to make sure the desired element is located. 

2022-01-15 16:49:31 - [MESSAGE][WARNING] - [SELF-HEALING] Failed to find element with id 'Object Repository/Page_Course Nhp mn tr tu nhn to/button_Turn editing on'. Try using Self-healing.

2022-01-15 16:49:32 - [MESSAGE][WARNING] - [SELF-HEALING] The current locator of test object 'Object Repository/Page_Course Nhp mn tr tu nhn to/button_Turn editing on' was broken. Propose an alternative one: '(.//*[normalize-space(text()) and normalize-space(.)='AI'])[2]/following::button[1]'.

2022-01-15 16:49:32 - [MESSAGE][PASSED] - Object: 'Object Repository/Page_Course Nhp mn tr tu nhn to/button_Turn editing on' is clicked on

2022-01-15 16:49:32 - [TEST_STEP][PASSED] - click(findTestObject("Object Repository/Page_Course Nhp mn tr tu nhn to/button_Add an activity or resource")): Object: 'Object Repository/Page_Course Nhp mn tr tu nhn to/button_Add an activity or resource' is clicked on

2022-01-15 16:49:38 - [MESSAGE][INFO] - Unable to find the element located by 'By.xpath: //button[@id='yui_3_17_2_1_1641966172544_704']'. Please recheck the objects properties to make sure the desired element is located. 

2022-01-15 16:49:38 - [MESSAGE][WARNING] - [SELF-HEALING] Failed to find element with id 'Object Repository/Page_Course Nhp mn tr tu nhn to/button_Add an activity or resource'. Try using Self-healing.

2022-01-15 16:49:38 - [MESSAGE][WARNING] - [SELF-HEALING] The current locator of test object 'Object Repository/Page_Course Nhp mn tr tu nhn to/button_Add an activity or resource' was broken. Propose an alternative one: '(.//*[normalize-space(text()) and normalize-space(.)='Add file(s) here'])[1]/following::button[1]'.

2022-01-15 16:49:39 - [MESSAGE][PASSED] - Object: 'Object Repository/Page_Course Nhp mn tr tu nhn to/button_Add an activity or resource' is clicked on

2022-01-15 16:49:39 - [TEST_STEP][PASSED] - click(findTestObject("Object Repository/Page_Course Nhp mn tr tu nhn to/div_Information about the Folder activity_o_1fd216")): Object: 'Object Repository/Page_Course Nhp mn tr tu nhn to/div_Information about the Folder activity_o_1fd216' is clicked on

2022-01-15 16:49:41 - [MESSAGE][PASSED] - Object: 'Object Repository/Page_Course Nhp mn tr tu nhn to/div_Information about the Folder activity_o_1fd216' is clicked on

2022-01-15 16:49:41 - [TEST_STEP][PASSED] - setText(findTestObject("Object Repository/Page_Editing Forum/input_Forum name_name"), "Forum 1"): Text 'Forum 1' is set on object 'Object Repository/Page_Editing Forum/input_Forum name_name'

2022-01-15 16:49:42 - [MESSAGE][PASSED] - Text 'Forum 1' is set on object 'Object Repository/Page_Editing Forum/input_Forum name_name'

2022-01-15 16:49:42 - [TEST_STEP][PASSED] - click(findTestObject("Object Repository/Page_Editing Forum/input_Upon activity completion_submitbutton")): Object: 'Object Repository/Page_Editing Forum/input_Upon activity completion_submitbutton' is clicked on

2022-01-15 16:49:43 - [MESSAGE][PASSED] - Object: 'Object Repository/Page_Editing Forum/input_Upon activity completion_submitbutton' is clicked on

2022-01-15 16:49:43 - [TEST_STEP][PASSED] - verifyElementText(findTestObject("Object Repository/Page_Forum 1/h2_Forum 1"), "Forum 1"): Actual text and expected text of test object 'Object Repository/Page_Forum 1/h2_Forum 1' are matched.

2022-01-15 16:49:44 - [MESSAGE][PASSED] - Actual text and expected text of test object 'Object Repository/Page_Forum 1/h2_Forum 1' are matched.

2022-01-15 16:49:44 - [TEST_STEP][PASSED] - verifyElementText(findTestObject("Object Repository/Page_Forum 1/div_(There are no discussion topics yet in _507a86"), "(There are no discussion topics yet in this forum)"): Actual text and expected text of test object 'Object Repository/Page_Forum 1/div_(There are no discussion topics yet in _507a86' are matched.

2022-01-15 16:49:50 - [MESSAGE][INFO] - Unable to find the element located by 'By.xpath: //div[@id='discussion-list-61de6a6c978e061de6a6c4d7df57']/div[3]'. Please recheck the objects properties to make sure the desired element is located. 

2022-01-15 16:49:50 - [MESSAGE][WARNING] - [SELF-HEALING] Failed to find element with id 'Object Repository/Page_Forum 1/div_(There are no discussion topics yet in _507a86'. Try using Self-healing.

2022-01-15 16:49:50 - [MESSAGE][WARNING] - [SELF-HEALING] The current locator of test object 'Object Repository/Page_Forum 1/div_(There are no discussion topics yet in _507a86' was broken. Propose an alternative one: '(.//*[normalize-space(text()) and normalize-space(.)='Cancel'])[1]/following::div[6]'.

2022-01-15 16:49:50 - [MESSAGE][PASSED] - Actual text and expected text of test object 'Object Repository/Page_Forum 1/div_(There are no discussion topics yet in _507a86' are matched.

2022-01-15 16:49:50 - [TEST_STEP][PASSED] - closeBrowser(): Browser is closed

2022-01-15 16:49:51 - [MESSAGE][PASSED] - Browser is closed]]></system-out>
         <system-err><![CDATA[]]></system-err>
      </testcase>
      <testcase name="Test Cases/23_Giáo viên thêm url" time="25.741" classname="Test Cases/23_Giáo viên thêm url" status="PASSED">
         <system-out><![CDATA[2022-01-15 16:49:51 - [TEST_CASE][PASSED] - Test Cases/23_Giáo viên thêm url: Test Cases/23_Giáo viên thêm url

2022-01-15 16:49:51 - [TEST_STEP][PASSED] - openBrowser(""): Browser is opened with url: ''

2022-01-15 16:49:51 - [MESSAGE][INFO] - Starting 'Chrome' driver

2022-01-15 16:49:51 - [MESSAGE][INFO] - Action delay is set to 0 milliseconds

2022-01-15 16:49:53 - [MESSAGE][PASSED] - Browser is opened with url: ''

2022-01-15 16:49:53 - [TEST_STEP][PASSED] - navigateToUrl("http://localhost/"): Navigate to 'http://localhost/' successfully

2022-01-15 16:49:53 - [MESSAGE][PASSED] - Navigate to 'http://localhost/' successfully

2022-01-15 16:49:53 - [TEST_STEP][PASSED] - click(findTestObject("Object Repository/Page_HCMUS/a_Nhp mn tr tu nhn to")): Object: 'Object Repository/Page_HCMUS/a_Nhp mn tr tu nhn to' is clicked on

2022-01-15 16:49:54 - [MESSAGE][PASSED] - Object: 'Object Repository/Page_HCMUS/a_Nhp mn tr tu nhn to' is clicked on

2022-01-15 16:49:54 - [TEST_STEP][PASSED] - setText(findTestObject("Object Repository/Page_HCMUS Log in to the site/input_Username_username"), "teacher1"): Text 'teacher1' is set on object 'Object Repository/Page_HCMUS Log in to the site/input_Username_username'

2022-01-15 16:49:55 - [MESSAGE][PASSED] - Text 'teacher1' is set on object 'Object Repository/Page_HCMUS Log in to the site/input_Username_username'

2022-01-15 16:49:55 - [TEST_STEP][PASSED] - setEncryptedText(findTestObject("Object Repository/Page_HCMUS Log in to the site/input_Password_password"), "iKb8CrY6A/iqm08K47hQLA=="): Text ****** has been set on object 'Object Repository/Page_HCMUS Log in to the site/input_Password_password'

2022-01-15 16:49:55 - [MESSAGE][PASSED] - Text ****** has been set on object 'Object Repository/Page_HCMUS Log in to the site/input_Password_password'

2022-01-15 16:49:55 - [TEST_STEP][PASSED] - click(findTestObject("Object Repository/Page_HCMUS Log in to the site/button_Log in")): Object: 'Object Repository/Page_HCMUS Log in to the site/button_Log in' is clicked on

2022-01-15 16:49:56 - [MESSAGE][PASSED] - Object: 'Object Repository/Page_HCMUS Log in to the site/button_Log in' is clicked on

2022-01-15 16:49:56 - [TEST_STEP][PASSED] - click(findTestObject("Object Repository/Page_Course Nhp mn tr tu nhn to/button_Turn editing on")): Object: 'Object Repository/Page_Course Nhp mn tr tu nhn to/button_Turn editing on' is clicked on

2022-01-15 16:50:02 - [MESSAGE][INFO] - Unable to find the element located by 'By.xpath: //button[@id='single_button61deb918b38a91']'. Please recheck the objects properties to make sure the desired element is located. 

2022-01-15 16:50:02 - [MESSAGE][WARNING] - [SELF-HEALING] Failed to find element with id 'Object Repository/Page_Course Nhp mn tr tu nhn to/button_Turn editing on'. Try using Self-healing.

2022-01-15 16:50:03 - [MESSAGE][WARNING] - [SELF-HEALING] The current locator of test object 'Object Repository/Page_Course Nhp mn tr tu nhn to/button_Turn editing on' was broken. Propose an alternative one: '(.//*[normalize-space(text()) and normalize-space(.)='AI'])[2]/following::button[1]'.

2022-01-15 16:50:03 - [MESSAGE][PASSED] - Object: 'Object Repository/Page_Course Nhp mn tr tu nhn to/button_Turn editing on' is clicked on

2022-01-15 16:50:03 - [TEST_STEP][PASSED] - click(findTestObject("Object Repository/Page_Course Nhp mn tr tu nhn to/span_Add an activity or resource")): Object: 'Object Repository/Page_Course Nhp mn tr tu nhn to/span_Add an activity or resource' is clicked on

2022-01-15 16:50:09 - [MESSAGE][INFO] - Unable to find the element located by 'By.xpath: //span[@id='yui_3_17_2_1_1641986354069_794']'. Please recheck the objects properties to make sure the desired element is located. 

2022-01-15 16:50:09 - [MESSAGE][WARNING] - [SELF-HEALING] Failed to find element with id 'Object Repository/Page_Course Nhp mn tr tu nhn to/span_Add an activity or resource'. Try using Self-healing.

2022-01-15 16:50:10 - [MESSAGE][WARNING] - [SELF-HEALING] The current locator of test object 'Object Repository/Page_Course Nhp mn tr tu nhn to/span_Add an activity or resource' was broken. Propose an alternative one: '(.//*[normalize-space(text()) and normalize-space(.)='Add file(s) here'])[1]/following::span[1]'.

2022-01-15 16:50:10 - [MESSAGE][PASSED] - Object: 'Object Repository/Page_Course Nhp mn tr tu nhn to/span_Add an activity or resource' is clicked on

2022-01-15 16:50:10 - [TEST_STEP][PASSED] - click(findTestObject("Object Repository/Page_Course Nhp mn tr tu nhn to/div_Information about the Survey activity_o_92b696")): Object: 'Object Repository/Page_Course Nhp mn tr tu nhn to/div_Information about the Survey activity_o_92b696' is clicked on

2022-01-15 16:50:12 - [MESSAGE][PASSED] - Object: 'Object Repository/Page_Course Nhp mn tr tu nhn to/div_Information about the Survey activity_o_92b696' is clicked on

2022-01-15 16:50:12 - [TEST_STEP][PASSED] - setText(findTestObject("Object Repository/Page_Editing URL/input_Name_name"), "Youtube"): Text 'Youtube' is set on object 'Object Repository/Page_Editing URL/input_Name_name'

2022-01-15 16:50:13 - [MESSAGE][PASSED] - Text 'Youtube' is set on object 'Object Repository/Page_Editing URL/input_Name_name'

2022-01-15 16:50:13 - [TEST_STEP][PASSED] - setText(findTestObject("Object Repository/Page_Editing URL/input_External URL_externalurl"), "https://www.youtube.com"): Text 'https://www.youtube.com' is set on object 'Object Repository/Page_Editing URL/input_External URL_externalurl'

2022-01-15 16:50:14 - [MESSAGE][PASSED] - Text 'https://www.youtube.com' is set on object 'Object Repository/Page_Editing URL/input_External URL_externalurl'

2022-01-15 16:50:14 - [TEST_STEP][PASSED] - click(findTestObject("Object Repository/Page_Editing URL/input_Upon activity completion_submitbutton")): Object: 'Object Repository/Page_Editing URL/input_Upon activity completion_submitbutton' is clicked on

2022-01-15 16:50:15 - [MESSAGE][PASSED] - Object: 'Object Repository/Page_Editing URL/input_Upon activity completion_submitbutton' is clicked on

2022-01-15 16:50:15 - [TEST_STEP][PASSED] - verifyElementText(findTestObject("Object Repository/Page_AI Youtube/h2_Youtube"), "Youtube"): Actual text and expected text of test object 'Object Repository/Page_AI Youtube/h2_Youtube' are matched.

2022-01-15 16:50:15 - [MESSAGE][PASSED] - Actual text and expected text of test object 'Object Repository/Page_AI Youtube/h2_Youtube' are matched.

2022-01-15 16:50:15 - [TEST_STEP][PASSED] - verifyElementText(findTestObject("Object Repository/Page_AI Youtube/div_Click httpswww.youtube.com link to open_9d6cf4"), "Click https://www.youtube.com link to open resource."): Actual text and expected text of test object 'Object Repository/Page_AI Youtube/div_Click httpswww.youtube.com link to open_9d6cf4' are matched.

2022-01-15 16:50:16 - [MESSAGE][PASSED] - Actual text and expected text of test object 'Object Repository/Page_AI Youtube/div_Click httpswww.youtube.com link to open_9d6cf4' are matched.

2022-01-15 16:50:16 - [TEST_STEP][PASSED] - closeBrowser(): Browser is closed

2022-01-15 16:50:17 - [MESSAGE][PASSED] - Browser is closed]]></system-out>
         <system-err><![CDATA[]]></system-err>
      </testcase>
      <testcase name="Test Cases/24_Sinh viên làm quiz" time="43.398" classname="Test Cases/24_Sinh viên làm quiz" status="PASSED">
         <system-out><![CDATA[2022-01-15 16:50:17 - [TEST_CASE][PASSED] - Test Cases/24_Sinh viên làm quiz: Test Cases/24_Sinh viên làm quiz

2022-01-15 16:50:17 - [TEST_STEP][PASSED] - openBrowser(""): Browser is opened with url: ''

2022-01-15 16:50:17 - [MESSAGE][INFO] - Starting 'Chrome' driver

2022-01-15 16:50:17 - [MESSAGE][INFO] - Action delay is set to 0 milliseconds

2022-01-15 16:50:18 - [MESSAGE][PASSED] - Browser is opened with url: ''

2022-01-15 16:50:18 - [TEST_STEP][PASSED] - navigateToUrl("http://localhost/"): Navigate to 'http://localhost/' successfully

2022-01-15 16:50:19 - [MESSAGE][PASSED] - Navigate to 'http://localhost/' successfully

2022-01-15 16:50:19 - [TEST_STEP][PASSED] - click(findTestObject("Object Repository/Page_HCMUS/a_Nhp mn tr tu nhn to")): Object: 'Object Repository/Page_HCMUS/a_Nhp mn tr tu nhn to' is clicked on

2022-01-15 16:50:20 - [MESSAGE][PASSED] - Object: 'Object Repository/Page_HCMUS/a_Nhp mn tr tu nhn to' is clicked on

2022-01-15 16:50:20 - [TEST_STEP][PASSED] - setText(findTestObject("Object Repository/Page_HCMUS Log in to the site/input_Username_username"), "student3"): Text 'student3' is set on object 'Object Repository/Page_HCMUS Log in to the site/input_Username_username'

2022-01-15 16:50:20 - [MESSAGE][PASSED] - Text 'student3' is set on object 'Object Repository/Page_HCMUS Log in to the site/input_Username_username'

2022-01-15 16:50:20 - [TEST_STEP][PASSED] - setEncryptedText(findTestObject("Object Repository/Page_HCMUS Log in to the site/input_Password_password"), "xsue+lrReh7u7aVNaHEoWw=="): Text ****** has been set on object 'Object Repository/Page_HCMUS Log in to the site/input_Password_password'

2022-01-15 16:50:21 - [MESSAGE][PASSED] - Text ****** has been set on object 'Object Repository/Page_HCMUS Log in to the site/input_Password_password'

2022-01-15 16:50:21 - [TEST_STEP][PASSED] - click(findTestObject("Object Repository/Page_HCMUS Log in to the site/button_Log in")): Object: 'Object Repository/Page_HCMUS Log in to the site/button_Log in' is clicked on

2022-01-15 16:50:22 - [MESSAGE][PASSED] - Object: 'Object Repository/Page_HCMUS Log in to the site/button_Log in' is clicked on

2022-01-15 16:50:22 - [TEST_STEP][PASSED] - click(findTestObject("Object Repository/Page_Course Nhp mn tr tu nhn to/button_End tour"), OPTIONAL): Object: 'Object Repository/Page_Course Nhp mn tr tu nhn to/button_End tour' is clicked on

2022-01-15 16:50:28 - [MESSAGE][INFO] - Unable to find the element located by 'By.xpath: //span[@id='tour-step-tool_usertours_4_2_1620109487-0']/div/div/div[4]/button[3]'. Please recheck the objects properties to make sure the desired element is located. 

2022-01-15 16:50:28 - [MESSAGE][WARNING] - [SELF-HEALING] Failed to find element with id 'Object Repository/Page_Course Nhp mn tr tu nhn to/button_End tour'. Try using Self-healing.

2022-01-15 16:50:28 - [MESSAGE][WARNING] - [SELF-HEALING] The current locator of test object 'Object Repository/Page_Course Nhp mn tr tu nhn to/button_End tour' was broken. Propose an alternative one: '(.//*[normalize-space(text()) and normalize-space(.)='Next'])[1]/following::button[1]'.

2022-01-15 16:50:28 - [MESSAGE][PASSED] - Object: 'Object Repository/Page_Course Nhp mn tr tu nhn to/button_End tour' is clicked on

2022-01-15 16:50:28 - [TEST_STEP][PASSED] - click(findTestObject("Object Repository/Page_Course Nhp mn tr tu nhn to/span_Quiz 2")): Object: 'Object Repository/Page_Course Nhp mn tr tu nhn to/span_Quiz 2' is clicked on

2022-01-15 16:50:29 - [MESSAGE][PASSED] - Object: 'Object Repository/Page_Course Nhp mn tr tu nhn to/span_Quiz 2' is clicked on

2022-01-15 16:50:29 - [TEST_STEP][PASSED] - click(findTestObject("Object Repository/Page_AI Quiz 2/button_End tour"), OPTIONAL): Object: 'Object Repository/Page_AI Quiz 2/button_End tour' is clicked on

2022-01-15 16:50:36 - [MESSAGE][INFO] - Unable to find the element located by 'By.xpath: //span[@id='tour-step-tool_usertours_8_4_1620110287-0']/div/div/div[4]/button[3]'. Please recheck the objects properties to make sure the desired element is located. 

2022-01-15 16:50:36 - [MESSAGE][WARNING] - [SELF-HEALING] Failed to find element with id 'Object Repository/Page_AI Quiz 2/button_End tour'. Try using Self-healing.

2022-01-15 16:50:36 - [MESSAGE][WARNING] - [SELF-HEALING] The current locator of test object 'Object Repository/Page_AI Quiz 2/button_End tour' was broken. Propose an alternative one: '(.//*[normalize-space(text()) and normalize-space(.)='Next'])[1]/following::button[1]'.

2022-01-15 16:50:36 - [MESSAGE][PASSED] - Object: 'Object Repository/Page_AI Quiz 2/button_End tour' is clicked on

2022-01-15 16:50:36 - [TEST_STEP][PASSED] - click(findTestObject("Object Repository/Page_AI Quiz 2/button_Attempt quiz now")): Object: 'Object Repository/Page_AI Quiz 2/button_Attempt quiz now' is clicked on

2022-01-15 16:50:42 - [MESSAGE][INFO] - Unable to find the element located by 'By.xpath: //button[@id='single_button61de6b93988a714']'. Please recheck the objects properties to make sure the desired element is located. 

2022-01-15 16:50:42 - [MESSAGE][WARNING] - [SELF-HEALING] Failed to find element with id 'Object Repository/Page_AI Quiz 2/button_Attempt quiz now'. Try using Self-healing.

2022-01-15 16:50:42 - [MESSAGE][WARNING] - [SELF-HEALING] The current locator of test object 'Object Repository/Page_AI Quiz 2/button_Attempt quiz now' was broken. Propose an alternative one: '//section[@id='region-main']/div/div[3]/div/form/button'.

2022-01-15 16:50:43 - [MESSAGE][PASSED] - Object: 'Object Repository/Page_AI Quiz 2/button_Attempt quiz now' is clicked on

2022-01-15 16:50:43 - [TEST_STEP][PASSED] - click(findTestObject("Object Repository/Page_Quiz 2/input_Select one_q11_answer")): Object: 'Object Repository/Page_Quiz 2/input_Select one_q11_answer' is clicked on

2022-01-15 16:50:43 - [MESSAGE][PASSED] - Object: 'Object Repository/Page_Quiz 2/input_Select one_q11_answer' is clicked on

2022-01-15 16:50:43 - [TEST_STEP][PASSED] - click(findTestObject("Object Repository/Page_Quiz 2/input_False_next")): Object: 'Object Repository/Page_Quiz 2/input_False_next' is clicked on

2022-01-15 16:50:44 - [MESSAGE][PASSED] - Object: 'Object Repository/Page_Quiz 2/input_False_next' is clicked on

2022-01-15 16:50:44 - [TEST_STEP][PASSED] - click(findTestObject("Object Repository/Page_Quiz 2 Attempt summary/button_Submit all and finish")): Object: 'Object Repository/Page_Quiz 2 Attempt summary/button_Submit all and finish' is clicked on

2022-01-15 16:50:50 - [MESSAGE][INFO] - Unable to find the element located by 'By.xpath: //button[@id='single_button61de6b9d8f37b16']'. Please recheck the objects properties to make sure the desired element is located. 

2022-01-15 16:50:50 - [MESSAGE][WARNING] - [SELF-HEALING] Failed to find element with id 'Object Repository/Page_Quiz 2 Attempt summary/button_Submit all and finish'. Try using Self-healing.

2022-01-15 16:50:51 - [MESSAGE][WARNING] - [SELF-HEALING] The current locator of test object 'Object Repository/Page_Quiz 2 Attempt summary/button_Submit all and finish' was broken. Propose an alternative one: '//section[@id='region-main']/div/div[3]/div/div/form/button'.

2022-01-15 16:50:51 - [MESSAGE][PASSED] - Object: 'Object Repository/Page_Quiz 2 Attempt summary/button_Submit all and finish' is clicked on

2022-01-15 16:50:51 - [TEST_STEP][PASSED] - click(findTestObject("Object Repository/Page_Quiz 2 Attempt summary/input_Once you submit, you will no longer b_274dde")): Object: 'Object Repository/Page_Quiz 2 Attempt summary/input_Once you submit, you will no longer b_274dde' is clicked on

2022-01-15 16:50:57 - [MESSAGE][INFO] - Unable to find the element located by 'By.xpath: //input[@id='id_yuiconfirmyes-yui_3_17_2_2_1641966493760_8']'. Please recheck the objects properties to make sure the desired element is located. 

2022-01-15 16:50:57 - [MESSAGE][WARNING] - [SELF-HEALING] Failed to find element with id 'Object Repository/Page_Quiz 2 Attempt summary/input_Once you submit, you will no longer b_274dde'. Try using Self-healing.

2022-01-15 16:50:57 - [MESSAGE][WARNING] - [SELF-HEALING] The current locator of test object 'Object Repository/Page_Quiz 2 Attempt summary/input_Once you submit, you will no longer b_274dde' was broken. Propose an alternative one: '//div/div[2]/input'.

2022-01-15 16:50:58 - [MESSAGE][PASSED] - Object: 'Object Repository/Page_Quiz 2 Attempt summary/input_Once you submit, you will no longer b_274dde' is clicked on

2022-01-15 16:50:58 - [TEST_STEP][PASSED] - verifyElementText(findTestObject("Object Repository/Page_Quiz 2 Attempt review/td_Finished"), "Finished"): Actual text and expected text of test object 'Object Repository/Page_Quiz 2 Attempt review/td_Finished' are matched.

2022-01-15 16:50:58 - [MESSAGE][PASSED] - Actual text and expected text of test object 'Object Repository/Page_Quiz 2 Attempt review/td_Finished' are matched.

2022-01-15 16:50:58 - [TEST_STEP][PASSED] - click(findTestObject("Object Repository/Page_Quiz 2 Attempt review/a_Finish review")): Object: 'Object Repository/Page_Quiz 2 Attempt review/a_Finish review' is clicked on

2022-01-15 16:50:59 - [MESSAGE][PASSED] - Object: 'Object Repository/Page_Quiz 2 Attempt review/a_Finish review' is clicked on

2022-01-15 16:50:59 - [TEST_STEP][PASSED] - verifyElementText(findTestObject("Object Repository/Page_AI Quiz 2/td_1"), "1"): Actual text and expected text of test object 'Object Repository/Page_AI Quiz 2/td_1' are matched.

2022-01-15 16:50:59 - [MESSAGE][PASSED] - Actual text and expected text of test object 'Object Repository/Page_AI Quiz 2/td_1' are matched.

2022-01-15 16:50:59 - [TEST_STEP][PASSED] - closeBrowser(): Browser is closed

2022-01-15 16:51:00 - [MESSAGE][PASSED] - Browser is closed]]></system-out>
         <system-err><![CDATA[]]></system-err>
      </testcase>
      <testcase name="Test Cases/25_Giáo viên xem điểm quiz" time="14.782" classname="Test Cases/25_Giáo viên xem điểm quiz" status="PASSED">
         <system-out><![CDATA[2022-01-15 16:51:00 - [TEST_CASE][PASSED] - Test Cases/25_Giáo viên xem điểm quiz: Test Cases/25_Giáo viên xem điểm quiz

2022-01-15 16:51:01 - [TEST_STEP][PASSED] - openBrowser(""): Browser is opened with url: ''

2022-01-15 16:51:01 - [MESSAGE][INFO] - Starting 'Chrome' driver

2022-01-15 16:51:01 - [MESSAGE][INFO] - Action delay is set to 0 milliseconds

2022-01-15 16:51:02 - [MESSAGE][PASSED] - Browser is opened with url: ''

2022-01-15 16:51:02 - [TEST_STEP][PASSED] - navigateToUrl("http://localhost/"): Navigate to 'http://localhost/' successfully

2022-01-15 16:51:02 - [MESSAGE][PASSED] - Navigate to 'http://localhost/' successfully

2022-01-15 16:51:02 - [TEST_STEP][PASSED] - click(findTestObject("Object Repository/Page_HCMUS/a_Nhp mn tr tu nhn to")): Object: 'Object Repository/Page_HCMUS/a_Nhp mn tr tu nhn to' is clicked on

2022-01-15 16:51:03 - [MESSAGE][PASSED] - Object: 'Object Repository/Page_HCMUS/a_Nhp mn tr tu nhn to' is clicked on

2022-01-15 16:51:03 - [TEST_STEP][PASSED] - setText(findTestObject("Object Repository/Page_HCMUS Log in to the site/input_Username_username"), "teacher1"): Text 'teacher1' is set on object 'Object Repository/Page_HCMUS Log in to the site/input_Username_username'

2022-01-15 16:51:04 - [MESSAGE][PASSED] - Text 'teacher1' is set on object 'Object Repository/Page_HCMUS Log in to the site/input_Username_username'

2022-01-15 16:51:04 - [TEST_STEP][PASSED] - setEncryptedText(findTestObject("Object Repository/Page_HCMUS Log in to the site/input_Password_password"), "iKb8CrY6A/iqm08K47hQLA=="): Text ****** has been set on object 'Object Repository/Page_HCMUS Log in to the site/input_Password_password'

2022-01-15 16:51:04 - [MESSAGE][PASSED] - Text ****** has been set on object 'Object Repository/Page_HCMUS Log in to the site/input_Password_password'

2022-01-15 16:51:04 - [TEST_STEP][PASSED] - click(findTestObject("Object Repository/Page_HCMUS Log in to the site/button_Log in")): Object: 'Object Repository/Page_HCMUS Log in to the site/button_Log in' is clicked on

2022-01-15 16:51:05 - [MESSAGE][PASSED] - Object: 'Object Repository/Page_HCMUS Log in to the site/button_Log in' is clicked on

2022-01-15 16:51:05 - [TEST_STEP][PASSED] - click(findTestObject("Object Repository/Page_Course Nhp mn tr tu nhn to/span_Quiz 2")): Object: 'Object Repository/Page_Course Nhp mn tr tu nhn to/span_Quiz 2' is clicked on

2022-01-15 16:51:06 - [MESSAGE][PASSED] - Object: 'Object Repository/Page_Course Nhp mn tr tu nhn to/span_Quiz 2' is clicked on

2022-01-15 16:51:06 - [TEST_STEP][PASSED] - click(findTestObject("Object Repository/Page_AI Quiz 2/a_Quiz 2_action-menu-toggle-3")): Object: 'Object Repository/Page_AI Quiz 2/a_Quiz 2_action-menu-toggle-3' is clicked on

2022-01-15 16:51:07 - [MESSAGE][PASSED] - Object: 'Object Repository/Page_AI Quiz 2/a_Quiz 2_action-menu-toggle-3' is clicked on

2022-01-15 16:51:07 - [TEST_STEP][PASSED] - click(findTestObject("Object Repository/Page_AI Quiz 2/a_Grades")): Object: 'Object Repository/Page_AI Quiz 2/a_Grades' is clicked on

2022-01-15 16:51:13 - [MESSAGE][INFO] - Unable to find the element located by 'By.xpath: //a[@id='action_link61de6c5a5e0cd42']'. Please recheck the objects properties to make sure the desired element is located. 

2022-01-15 16:51:13 - [MESSAGE][WARNING] - [SELF-HEALING] Failed to find element with id 'Object Repository/Page_AI Quiz 2/a_Grades'. Try using Self-healing.

2022-01-15 16:51:13 - [MESSAGE][WARNING] - [SELF-HEALING] The current locator of test object 'Object Repository/Page_AI Quiz 2/a_Grades' was broken. Propose an alternative one: '//div[@id='action-menu-3-menu']/div[7]/a'.

2022-01-15 16:51:14 - [MESSAGE][PASSED] - Object: 'Object Repository/Page_AI Quiz 2/a_Grades' is clicked on

2022-01-15 16:51:14 - [TEST_STEP][PASSED] - verifyElementText(findTestObject("Object Repository/Page_Quiz 2/td_Overall average"), "Overall average"): Actual text and expected text of test object 'Object Repository/Page_Quiz 2/td_Overall average' are matched.

2022-01-15 16:51:14 - [MESSAGE][PASSED] - Actual text and expected text of test object 'Object Repository/Page_Quiz 2/td_Overall average' are matched.

2022-01-15 16:51:14 - [TEST_STEP][PASSED] - closeBrowser(): Browser is closed

2022-01-15 16:51:15 - [MESSAGE][PASSED] - Browser is closed]]></system-out>
         <system-err><![CDATA[]]></system-err>
      </testcase>
      <testcase name="Test Cases/26_Sinh viên mở đề tài thảo luận không có tiêu đề" time="15.803" classname="Test Cases/26_Sinh viên mở đề tài thảo luận không có tiêu đề" status="PASSED">
         <system-out><![CDATA[2022-01-15 16:51:15 - [TEST_CASE][PASSED] - Test Cases/26_Sinh viên mở đề tài thảo luận không có tiêu đề: Test Cases/26_Sinh viên mở đề tài thảo luận không có tiêu đề

2022-01-15 16:51:15 - [TEST_STEP][PASSED] - openBrowser(""): Browser is opened with url: ''

2022-01-15 16:51:15 - [MESSAGE][INFO] - Starting 'Chrome' driver

2022-01-15 16:51:15 - [MESSAGE][INFO] - Action delay is set to 0 milliseconds

2022-01-15 16:51:17 - [MESSAGE][PASSED] - Browser is opened with url: ''

2022-01-15 16:51:17 - [TEST_STEP][PASSED] - navigateToUrl("http://localhost/"): Navigate to 'http://localhost/' successfully

2022-01-15 16:51:17 - [MESSAGE][PASSED] - Navigate to 'http://localhost/' successfully

2022-01-15 16:51:17 - [TEST_STEP][PASSED] - click(findTestObject("Object Repository/Page_HCMUS/a_Nhp mn tr tu nhn to")): Object: 'Object Repository/Page_HCMUS/a_Nhp mn tr tu nhn to' is clicked on

2022-01-15 16:51:18 - [MESSAGE][PASSED] - Object: 'Object Repository/Page_HCMUS/a_Nhp mn tr tu nhn to' is clicked on

2022-01-15 16:51:18 - [TEST_STEP][PASSED] - setText(findTestObject("Object Repository/Page_HCMUS Log in to the site/input_Username_username"), "student3"): Text 'student3' is set on object 'Object Repository/Page_HCMUS Log in to the site/input_Username_username'

2022-01-15 16:51:18 - [MESSAGE][PASSED] - Text 'student3' is set on object 'Object Repository/Page_HCMUS Log in to the site/input_Username_username'

2022-01-15 16:51:18 - [TEST_STEP][PASSED] - setEncryptedText(findTestObject("Object Repository/Page_HCMUS Log in to the site/input_Password_password"), "xsue+lrReh7u7aVNaHEoWw=="): Text ****** has been set on object 'Object Repository/Page_HCMUS Log in to the site/input_Password_password'

2022-01-15 16:51:19 - [MESSAGE][PASSED] - Text ****** has been set on object 'Object Repository/Page_HCMUS Log in to the site/input_Password_password'

2022-01-15 16:51:19 - [TEST_STEP][PASSED] - click(findTestObject("Object Repository/Page_HCMUS Log in to the site/button_Log in")): Object: 'Object Repository/Page_HCMUS Log in to the site/button_Log in' is clicked on

2022-01-15 16:51:20 - [MESSAGE][PASSED] - Object: 'Object Repository/Page_HCMUS Log in to the site/button_Log in' is clicked on

2022-01-15 16:51:20 - [TEST_STEP][PASSED] - click(findTestObject("Object Repository/Page_Course Nhp mn tr tu nhn to/span_Forum 1")): Object: 'Object Repository/Page_Course Nhp mn tr tu nhn to/span_Forum 1' is clicked on

2022-01-15 16:51:21 - [MESSAGE][PASSED] - Object: 'Object Repository/Page_Course Nhp mn tr tu nhn to/span_Forum 1' is clicked on

2022-01-15 16:51:21 - [TEST_STEP][PASSED] - click(findTestObject("Object Repository/Page_Forum 1/a_Add a new discussion topic")): Object: 'Object Repository/Page_Forum 1/a_Add a new discussion topic' is clicked on

2022-01-15 16:51:27 - [MESSAGE][INFO] - Unable to find the element located by 'By.xpath: //a[@id='yui_3_17_2_1_1641967105117_488']'. Please recheck the objects properties to make sure the desired element is located. 

2022-01-15 16:51:27 - [MESSAGE][WARNING] - [SELF-HEALING] Failed to find element with id 'Object Repository/Page_Forum 1/a_Add a new discussion topic'. Try using Self-healing.

2022-01-15 16:51:28 - [MESSAGE][WARNING] - [SELF-HEALING] The current locator of test object 'Object Repository/Page_Forum 1/a_Add a new discussion topic' was broken. Propose an alternative one: '(.//*[normalize-space(text()) and normalize-space(.)='Mark as done'])[1]/following::a[1]'.

2022-01-15 16:51:28 - [MESSAGE][PASSED] - Object: 'Object Repository/Page_Forum 1/a_Add a new discussion topic' is clicked on

2022-01-15 16:51:28 - [TEST_STEP][PASSED] - setText(findTestObject("Object Repository/Page_Forum 1/div_Xin chao cac ban"), "<p dir="ltr" style="text-align: left;">Xin chao cac ban</p>"): Text '<p dir="ltr" style="text-align: left;">Xin chao cac ban</p>' is set on object 'Object Repository/Page_Forum 1/div_Xin chao cac ban'

2022-01-15 16:51:29 - [MESSAGE][PASSED] - Text '<p dir="ltr" style="text-align: left;">Xin chao cac ban</p>' is set on object 'Object Repository/Page_Forum 1/div_Xin chao cac ban'

2022-01-15 16:51:29 - [TEST_STEP][PASSED] - click(findTestObject("Object Repository/Page_Forum 1/input_Message_submitbutton")): Object: 'Object Repository/Page_Forum 1/input_Message_submitbutton' is clicked on

2022-01-15 16:51:29 - [MESSAGE][PASSED] - Object: 'Object Repository/Page_Forum 1/input_Message_submitbutton' is clicked on

2022-01-15 16:51:29 - [TEST_STEP][PASSED] - verifyElementText(findTestObject("Object Repository/Page_Forum 1/div_- Required"), "- Required"): Actual text and expected text of test object 'Object Repository/Page_Forum 1/div_- Required' are matched.

2022-01-15 16:51:30 - [MESSAGE][PASSED] - Actual text and expected text of test object 'Object Repository/Page_Forum 1/div_- Required' are matched.

2022-01-15 16:51:30 - [TEST_STEP][PASSED] - closeBrowser(): Browser is closed

2022-01-15 16:51:31 - [MESSAGE][PASSED] - Browser is closed]]></system-out>
         <system-err><![CDATA[]]></system-err>
      </testcase>
      <testcase name="Test Cases/27_Sinh viên mở một đề tài thảo luận với thông tin chính xác" time="17.839" classname="Test Cases/27_Sinh viên mở một đề tài thảo luận với thông tin chính xác" status="PASSED">
         <system-out><![CDATA[2022-01-15 16:51:31 - [TEST_CASE][PASSED] - Test Cases/27_Sinh viên mở một đề tài thảo luận với thông tin chính xác: Test Cases/27_Sinh viên mở một đề tài thảo luận với thông tin chính xác

2022-01-15 16:51:31 - [TEST_STEP][PASSED] - openBrowser(""): Browser is opened with url: ''

2022-01-15 16:51:31 - [MESSAGE][INFO] - Starting 'Chrome' driver

2022-01-15 16:51:31 - [MESSAGE][INFO] - Action delay is set to 0 milliseconds

2022-01-15 16:51:33 - [MESSAGE][PASSED] - Browser is opened with url: ''

2022-01-15 16:51:33 - [TEST_STEP][PASSED] - navigateToUrl("http://localhost/"): Navigate to 'http://localhost/' successfully

2022-01-15 16:51:33 - [MESSAGE][PASSED] - Navigate to 'http://localhost/' successfully

2022-01-15 16:51:33 - [TEST_STEP][PASSED] - click(findTestObject("Object Repository/Page_HCMUS/a_Nhp mn tr tu nhn to")): Object: 'Object Repository/Page_HCMUS/a_Nhp mn tr tu nhn to' is clicked on

2022-01-15 16:51:34 - [MESSAGE][PASSED] - Object: 'Object Repository/Page_HCMUS/a_Nhp mn tr tu nhn to' is clicked on

2022-01-15 16:51:34 - [TEST_STEP][PASSED] - setText(findTestObject("Object Repository/Page_HCMUS Log in to the site/input_Username_username"), "student3"): Text 'student3' is set on object 'Object Repository/Page_HCMUS Log in to the site/input_Username_username'

2022-01-15 16:51:35 - [MESSAGE][PASSED] - Text 'student3' is set on object 'Object Repository/Page_HCMUS Log in to the site/input_Username_username'

2022-01-15 16:51:35 - [TEST_STEP][PASSED] - setEncryptedText(findTestObject("Object Repository/Page_HCMUS Log in to the site/input_Password_password"), "xsue+lrReh7u7aVNaHEoWw=="): Text ****** has been set on object 'Object Repository/Page_HCMUS Log in to the site/input_Password_password'

2022-01-15 16:51:35 - [MESSAGE][PASSED] - Text ****** has been set on object 'Object Repository/Page_HCMUS Log in to the site/input_Password_password'

2022-01-15 16:51:35 - [TEST_STEP][PASSED] - click(findTestObject("Object Repository/Page_HCMUS Log in to the site/button_Log in")): Object: 'Object Repository/Page_HCMUS Log in to the site/button_Log in' is clicked on

2022-01-15 16:51:36 - [MESSAGE][PASSED] - Object: 'Object Repository/Page_HCMUS Log in to the site/button_Log in' is clicked on

2022-01-15 16:51:36 - [TEST_STEP][PASSED] - click(findTestObject("Object Repository/Page_Course Nhp mn tr tu nhn to/span_Forum 1")): Object: 'Object Repository/Page_Course Nhp mn tr tu nhn to/span_Forum 1' is clicked on

2022-01-15 16:51:37 - [MESSAGE][PASSED] - Object: 'Object Repository/Page_Course Nhp mn tr tu nhn to/span_Forum 1' is clicked on

2022-01-15 16:51:37 - [TEST_STEP][PASSED] - click(findTestObject("Object Repository/Page_Forum 1/a_Add a new discussion topic")): Object: 'Object Repository/Page_Forum 1/a_Add a new discussion topic' is clicked on

2022-01-15 16:51:44 - [MESSAGE][INFO] - Unable to find the element located by 'By.xpath: //a[@id='yui_3_17_2_1_1641967105117_488']'. Please recheck the objects properties to make sure the desired element is located. 

2022-01-15 16:51:44 - [MESSAGE][WARNING] - [SELF-HEALING] Failed to find element with id 'Object Repository/Page_Forum 1/a_Add a new discussion topic'. Try using Self-healing.

2022-01-15 16:51:44 - [MESSAGE][WARNING] - [SELF-HEALING] The current locator of test object 'Object Repository/Page_Forum 1/a_Add a new discussion topic' was broken. Propose an alternative one: '(.//*[normalize-space(text()) and normalize-space(.)='Mark as done'])[1]/following::a[1]'.

2022-01-15 16:51:44 - [MESSAGE][PASSED] - Object: 'Object Repository/Page_Forum 1/a_Add a new discussion topic' is clicked on

2022-01-15 16:51:44 - [TEST_STEP][PASSED] - setText(findTestObject("Object Repository/Page_Forum 1/input_Subject_subject"), "Topic 1"): Text 'Topic 1' is set on object 'Object Repository/Page_Forum 1/input_Subject_subject'

2022-01-15 16:51:45 - [MESSAGE][PASSED] - Text 'Topic 1' is set on object 'Object Repository/Page_Forum 1/input_Subject_subject'

2022-01-15 16:51:45 - [TEST_STEP][PASSED] - setText(findTestObject("Object Repository/Page_Forum 1/div_Xin chao cac ban"), "Xin chao cac ban"): Text 'Xin chao cac ban' is set on object 'Object Repository/Page_Forum 1/div_Xin chao cac ban'

2022-01-15 16:51:46 - [MESSAGE][PASSED] - Text 'Xin chao cac ban' is set on object 'Object Repository/Page_Forum 1/div_Xin chao cac ban'

2022-01-15 16:51:46 - [TEST_STEP][PASSED] - click(findTestObject("Object Repository/Page_Forum 1/input_Message_submitbutton")): Object: 'Object Repository/Page_Forum 1/input_Message_submitbutton' is clicked on

2022-01-15 16:51:47 - [MESSAGE][PASSED] - Object: 'Object Repository/Page_Forum 1/input_Message_submitbutton' is clicked on

2022-01-15 16:51:47 - [TEST_STEP][PASSED] - verifyElementText(findTestObject("Object Repository/Page_Forum 1/p_Your post was successfully added"), "Your post was successfully added."): Actual text and expected text of test object 'Object Repository/Page_Forum 1/p_Your post was successfully added' are matched.

2022-01-15 16:51:47 - [MESSAGE][PASSED] - Actual text and expected text of test object 'Object Repository/Page_Forum 1/p_Your post was successfully added' are matched.

2022-01-15 16:51:47 - [TEST_STEP][PASSED] - verifyElementText(findTestObject("Object Repository/Page_Forum 1/p_Student Walston will be notified of new p_d70a29"), "Student Walston will be notified of new posts in 'Topic 1' of 'Forum 1'"): Actual text and expected text of test object 'Object Repository/Page_Forum 1/p_Student Walston will be notified of new p_d70a29' are matched.

2022-01-15 16:51:48 - [MESSAGE][PASSED] - Actual text and expected text of test object 'Object Repository/Page_Forum 1/p_Student Walston will be notified of new p_d70a29' are matched.

2022-01-15 16:51:48 - [TEST_STEP][PASSED] - closeBrowser(): Browser is closed

2022-01-15 16:51:49 - [MESSAGE][PASSED] - Browser is closed]]></system-out>
         <system-err><![CDATA[]]></system-err>
      </testcase>
      <testcase name="Test Cases/28_Giáo viên tạo assignment với giới hạn từ là số âm" time="48.558" classname="Test Cases/28_Giáo viên tạo assignment với giới hạn từ là số âm" status="PASSED">
         <system-out><![CDATA[2022-01-15 16:51:49 - [TEST_CASE][PASSED] - Test Cases/28_Giáo viên tạo assignment với giới hạn từ là số âm: Test Cases/28_Giáo viên tạo assignment với giới hạn từ là số âm

2022-01-15 16:51:49 - [TEST_STEP][PASSED] - openBrowser(""): Browser is opened with url: ''

2022-01-15 16:51:49 - [MESSAGE][INFO] - Starting 'Chrome' driver

2022-01-15 16:51:49 - [MESSAGE][INFO] - Action delay is set to 0 milliseconds

2022-01-15 16:51:50 - [MESSAGE][PASSED] - Browser is opened with url: ''

2022-01-15 16:51:50 - [TEST_STEP][PASSED] - navigateToUrl("http://localhost/"): Navigate to 'http://localhost/' successfully

2022-01-15 16:51:51 - [MESSAGE][PASSED] - Navigate to 'http://localhost/' successfully

2022-01-15 16:51:51 - [TEST_STEP][PASSED] - click(findTestObject("Object Repository/Page_HCMUS/a_Nhp mn tr tu nhn to")): Object: 'Object Repository/Page_HCMUS/a_Nhp mn tr tu nhn to' is clicked on

2022-01-15 16:51:52 - [MESSAGE][PASSED] - Object: 'Object Repository/Page_HCMUS/a_Nhp mn tr tu nhn to' is clicked on

2022-01-15 16:51:52 - [TEST_STEP][PASSED] - setText(findTestObject("Object Repository/Page_HCMUS Log in to the site/input_Username_username"), "teacher1"): Text 'teacher1' is set on object 'Object Repository/Page_HCMUS Log in to the site/input_Username_username'

2022-01-15 16:51:52 - [MESSAGE][PASSED] - Text 'teacher1' is set on object 'Object Repository/Page_HCMUS Log in to the site/input_Username_username'

2022-01-15 16:51:52 - [TEST_STEP][PASSED] - setEncryptedText(findTestObject("Object Repository/Page_HCMUS Log in to the site/input_Password_password"), "iKb8CrY6A/iqm08K47hQLA=="): Text ****** has been set on object 'Object Repository/Page_HCMUS Log in to the site/input_Password_password'

2022-01-15 16:51:53 - [MESSAGE][PASSED] - Text ****** has been set on object 'Object Repository/Page_HCMUS Log in to the site/input_Password_password'

2022-01-15 16:51:53 - [TEST_STEP][PASSED] - click(findTestObject("Object Repository/Page_HCMUS Log in to the site/button_Log in")): Object: 'Object Repository/Page_HCMUS Log in to the site/button_Log in' is clicked on

2022-01-15 16:51:54 - [MESSAGE][PASSED] - Object: 'Object Repository/Page_HCMUS Log in to the site/button_Log in' is clicked on

2022-01-15 16:51:54 - [TEST_STEP][PASSED] - click(findTestObject("Object Repository/Page_Course Nhp mn tr tu nhn to/button_Turn editing on")): Object: 'Object Repository/Page_Course Nhp mn tr tu nhn to/button_Turn editing on' is clicked on

2022-01-15 16:52:00 - [MESSAGE][INFO] - Unable to find the element located by 'By.xpath: //button[@id='single_button61deb918b38a91']'. Please recheck the objects properties to make sure the desired element is located. 

2022-01-15 16:52:00 - [MESSAGE][WARNING] - [SELF-HEALING] Failed to find element with id 'Object Repository/Page_Course Nhp mn tr tu nhn to/button_Turn editing on'. Try using Self-healing.

2022-01-15 16:52:01 - [MESSAGE][WARNING] - [SELF-HEALING] The current locator of test object 'Object Repository/Page_Course Nhp mn tr tu nhn to/button_Turn editing on' was broken. Propose an alternative one: '(.//*[normalize-space(text()) and normalize-space(.)='AI'])[2]/following::button[1]'.

2022-01-15 16:52:01 - [MESSAGE][PASSED] - Object: 'Object Repository/Page_Course Nhp mn tr tu nhn to/button_Turn editing on' is clicked on

2022-01-15 16:52:01 - [TEST_STEP][PASSED] - click(findTestObject("Object Repository/Page_Course Nhp mn tr tu nhn to/span_Add an activity or resource")): Object: 'Object Repository/Page_Course Nhp mn tr tu nhn to/span_Add an activity or resource' is clicked on

2022-01-15 16:52:07 - [MESSAGE][INFO] - Unable to find the element located by 'By.xpath: //span[@id='yui_3_17_2_1_1641986354069_794']'. Please recheck the objects properties to make sure the desired element is located. 

2022-01-15 16:52:07 - [MESSAGE][WARNING] - [SELF-HEALING] Failed to find element with id 'Object Repository/Page_Course Nhp mn tr tu nhn to/span_Add an activity or resource'. Try using Self-healing.

2022-01-15 16:52:07 - [MESSAGE][WARNING] - [SELF-HEALING] The current locator of test object 'Object Repository/Page_Course Nhp mn tr tu nhn to/span_Add an activity or resource' was broken. Propose an alternative one: '(.//*[normalize-space(text()) and normalize-space(.)='Add file(s) here'])[1]/following::span[1]'.

2022-01-15 16:52:07 - [MESSAGE][PASSED] - Object: 'Object Repository/Page_Course Nhp mn tr tu nhn to/span_Add an activity or resource' is clicked on

2022-01-15 16:52:07 - [TEST_STEP][PASSED] - click(findTestObject("Object Repository/Page_Course Nhp mn tr tu nhn to/div_Recommended_optionicon mt-2 mb-1 icon-s_bba414")): Object: 'Object Repository/Page_Course Nhp mn tr tu nhn to/div_Recommended_optionicon mt-2 mb-1 icon-s_bba414' is clicked on

2022-01-15 16:52:10 - [MESSAGE][PASSED] - Object: 'Object Repository/Page_Course Nhp mn tr tu nhn to/div_Recommended_optionicon mt-2 mb-1 icon-s_bba414' is clicked on

2022-01-15 16:52:10 - [TEST_STEP][PASSED] - setText(findTestObject("Object Repository/Page_Editing Assignment/input_Assignment name_name"), "Assignment 1"): Text 'Assignment 1' is set on object 'Object Repository/Page_Editing Assignment/input_Assignment name_name'

2022-01-15 16:52:11 - [MESSAGE][PASSED] - Text 'Assignment 1' is set on object 'Object Repository/Page_Editing Assignment/input_Assignment name_name'

2022-01-15 16:52:11 - [TEST_STEP][PASSED] - click(findTestObject("Object Repository/Page_Editing Assignment/input_Online text_assignsubmission_onlinete_900d47")): Object: 'Object Repository/Page_Editing Assignment/input_Online text_assignsubmission_onlinete_900d47' is clicked on

2022-01-15 16:52:12 - [MESSAGE][PASSED] - Object: 'Object Repository/Page_Editing Assignment/input_Online text_assignsubmission_onlinete_900d47' is clicked on

2022-01-15 16:52:12 - [TEST_STEP][PASSED] - click(findTestObject("Object Repository/Page_Editing Assignment/input_File submissions_assignsubmission_fil_19d1d4")): Object: 'Object Repository/Page_Editing Assignment/input_File submissions_assignsubmission_fil_19d1d4' is clicked on

2022-01-15 16:52:12 - [MESSAGE][PASSED] - Object: 'Object Repository/Page_Editing Assignment/input_File submissions_assignsubmission_fil_19d1d4' is clicked on

2022-01-15 16:52:12 - [TEST_STEP][PASSED] - click(findTestObject("Object Repository/Page_Editing Assignment/input_Enable_assignsubmission_onlinetext_wo_0d4c71")): Object: 'Object Repository/Page_Editing Assignment/input_Enable_assignsubmission_onlinetext_wo_0d4c71' is clicked on

2022-01-15 16:52:13 - [MESSAGE][PASSED] - Object: 'Object Repository/Page_Editing Assignment/input_Enable_assignsubmission_onlinetext_wo_0d4c71' is clicked on

2022-01-15 16:52:13 - [TEST_STEP][PASSED] - setText(findTestObject("Object Repository/Page_Editing Assignment/input_Word limit_assignsubmission_onlinetex_3b42b9"), "-10"): Text '-10' is set on object 'Object Repository/Page_Editing Assignment/input_Word limit_assignsubmission_onlinetex_3b42b9'

2022-01-15 16:52:13 - [MESSAGE][PASSED] - Text '-10' is set on object 'Object Repository/Page_Editing Assignment/input_Word limit_assignsubmission_onlinetex_3b42b9'

2022-01-15 16:52:13 - [TEST_STEP][PASSED] - click(findTestObject("Object Repository/Page_Editing Assignment/input_Upon activity completion_submitbutton")): Object: 'Object Repository/Page_Editing Assignment/input_Upon activity completion_submitbutton' is clicked on

2022-01-15 16:52:14 - [MESSAGE][PASSED] - Object: 'Object Repository/Page_Editing Assignment/input_Upon activity completion_submitbutton' is clicked on

2022-01-15 16:52:14 - [TEST_STEP][PASSED] - verifyElementText(findTestObject("Object Repository/Page_AI Assignment 1/h2_Assignment 1"), "Assignment 1"): Actual text and expected text of test object 'Object Repository/Page_AI Assignment 1/h2_Assignment 1' are matched.

2022-01-15 16:52:15 - [MESSAGE][PASSED] - Actual text and expected text of test object 'Object Repository/Page_AI Assignment 1/h2_Assignment 1' are matched.

2022-01-15 16:52:15 - [TEST_STEP][PASSED] - click(findTestObject("Object Repository/Page_AI Assignment 1/a_Teacher Hubbard")): Object: 'Object Repository/Page_AI Assignment 1/a_Teacher Hubbard' is clicked on

2022-01-15 16:52:16 - [MESSAGE][PASSED] - Object: 'Object Repository/Page_AI Assignment 1/a_Teacher Hubbard' is clicked on

2022-01-15 16:52:16 - [TEST_STEP][PASSED] - click(findTestObject("Object Repository/Page_AI Assignment 1/span_Log out")): Object: 'Object Repository/Page_AI Assignment 1/span_Log out' is clicked on

2022-01-15 16:52:16 - [MESSAGE][PASSED] - Object: 'Object Repository/Page_AI Assignment 1/span_Log out' is clicked on

2022-01-15 16:52:16 - [TEST_STEP][PASSED] - click(findTestObject("Object Repository/Page_HCMUS/a_Nhp mn tr tu nhn to")): Object: 'Object Repository/Page_HCMUS/a_Nhp mn tr tu nhn to' is clicked on

2022-01-15 16:52:17 - [MESSAGE][PASSED] - Object: 'Object Repository/Page_HCMUS/a_Nhp mn tr tu nhn to' is clicked on

2022-01-15 16:52:17 - [TEST_STEP][PASSED] - setText(findTestObject("Object Repository/Page_HCMUS Log in to the site/input_Username_username"), "student3"): Text 'student3' is set on object 'Object Repository/Page_HCMUS Log in to the site/input_Username_username'

2022-01-15 16:52:18 - [MESSAGE][PASSED] - Text 'student3' is set on object 'Object Repository/Page_HCMUS Log in to the site/input_Username_username'

2022-01-15 16:52:18 - [TEST_STEP][PASSED] - setEncryptedText(findTestObject("Object Repository/Page_HCMUS Log in to the site/input_Password_password"), "xsue+lrReh7u7aVNaHEoWw=="): Text ****** has been set on object 'Object Repository/Page_HCMUS Log in to the site/input_Password_password'

2022-01-15 16:52:18 - [MESSAGE][PASSED] - Text ****** has been set on object 'Object Repository/Page_HCMUS Log in to the site/input_Password_password'

2022-01-15 16:52:18 - [TEST_STEP][PASSED] - click(findTestObject("Object Repository/Page_HCMUS Log in to the site/button_Log in")): Object: 'Object Repository/Page_HCMUS Log in to the site/button_Log in' is clicked on

2022-01-15 16:52:19 - [MESSAGE][PASSED] - Object: 'Object Repository/Page_HCMUS Log in to the site/button_Log in' is clicked on

2022-01-15 16:52:19 - [TEST_STEP][PASSED] - click(findTestObject("Object Repository/Page_Course Nhp mn tr tu nhn to/span_Assignment 1")): Object: 'Object Repository/Page_Course Nhp mn tr tu nhn to/span_Assignment 1' is clicked on

2022-01-15 16:52:26 - [MESSAGE][INFO] - Unable to find the element located by 'By.xpath: //li[@id='module-8']/div/div/div[2]/div/a/span'. Please recheck the objects properties to make sure the desired element is located. 

2022-01-15 16:52:26 - [MESSAGE][WARNING] - [SELF-HEALING] Failed to find element with id 'Object Repository/Page_Course Nhp mn tr tu nhn to/span_Assignment 1'. Try using Self-healing.

2022-01-15 16:52:26 - [MESSAGE][WARNING] - [SELF-HEALING] The current locator of test object 'Object Repository/Page_Course Nhp mn tr tu nhn to/span_Assignment 1' was broken. Propose an alternative one: '(.//*[normalize-space(text()) and normalize-space(.)='Mark as done'])[5]/following::span[1]'.

2022-01-15 16:52:26 - [MESSAGE][PASSED] - Object: 'Object Repository/Page_Course Nhp mn tr tu nhn to/span_Assignment 1' is clicked on

2022-01-15 16:52:26 - [TEST_STEP][PASSED] - click(findTestObject("Object Repository/Page_AI Assignment 1/button_Add submission")): Object: 'Object Repository/Page_AI Assignment 1/button_Add submission' is clicked on

2022-01-15 16:52:32 - [MESSAGE][INFO] - Unable to find the element located by 'By.xpath: //button[@id='single_button61de70822d66415']'. Please recheck the objects properties to make sure the desired element is located. 

2022-01-15 16:52:32 - [MESSAGE][WARNING] - [SELF-HEALING] Failed to find element with id 'Object Repository/Page_AI Assignment 1/button_Add submission'. Try using Self-healing.

2022-01-15 16:52:33 - [MESSAGE][WARNING] - [SELF-HEALING] The current locator of test object 'Object Repository/Page_AI Assignment 1/button_Add submission' was broken. Propose an alternative one: '//section[@id='region-main']/div/div[3]/div[2]/div/form/button'.

2022-01-15 16:52:33 - [MESSAGE][PASSED] - Object: 'Object Repository/Page_AI Assignment 1/button_Add submission' is clicked on

2022-01-15 16:52:33 - [TEST_STEP][PASSED] - setText(findTestObject("Object Repository/Page_AI Assignment 1 - Edit submission/div_Hello"), "Hello"): Text 'Hello' is set on object 'Object Repository/Page_AI Assignment 1 - Edit submission/div_Hello'

2022-01-15 16:52:35 - [MESSAGE][PASSED] - Text 'Hello' is set on object 'Object Repository/Page_AI Assignment 1 - Edit submission/div_Hello'

2022-01-15 16:52:35 - [TEST_STEP][PASSED] - click(findTestObject("Object Repository/Page_AI Assignment 1 - Edit submission/input_Online text_submitbutton")): Object: 'Object Repository/Page_AI Assignment 1 - Edit submission/input_Online text_submitbutton' is clicked on

2022-01-15 16:52:36 - [MESSAGE][PASSED] - Object: 'Object Repository/Page_AI Assignment 1 - Edit submission/input_Online text_submitbutton' is clicked on

2022-01-15 16:52:36 - [TEST_STEP][PASSED] - verifyElementText(findTestObject("Object Repository/Page_AI Assignment 1 - Edit submission/span_The word limit for this assignment is _018888"), "The word limit for this assignment is -10 words and you are attempting to submit 1 words. Please review your submission and try again."): Actual text and expected text of test object 'Object Repository/Page_AI Assignment 1 - Edit submission/span_The word limit for this assignment is _018888' are matched.

2022-01-15 16:52:36 - [MESSAGE][PASSED] - Actual text and expected text of test object 'Object Repository/Page_AI Assignment 1 - Edit submission/span_The word limit for this assignment is _018888' are matched.

2022-01-15 16:52:36 - [TEST_STEP][PASSED] - closeBrowser(): Browser is closed

2022-01-15 16:52:37 - [MESSAGE][PASSED] - Browser is closed]]></system-out>
         <system-err><![CDATA[]]></system-err>
      </testcase>
      <testcase name="Test Cases/29_Giáo viên tạo assignment với các thông tin chính xác" time="26.391" classname="Test Cases/29_Giáo viên tạo assignment với các thông tin chính xác" status="PASSED">
         <system-out><![CDATA[2022-01-15 16:52:37 - [TEST_CASE][PASSED] - Test Cases/29_Giáo viên tạo assignment với các thông tin chính xác: Test Cases/29_Giáo viên tạo assignment với các thông tin chính xác

2022-01-15 16:52:38 - [TEST_STEP][PASSED] - openBrowser(""): Browser is opened with url: ''

2022-01-15 16:52:38 - [MESSAGE][INFO] - Starting 'Chrome' driver

2022-01-15 16:52:38 - [MESSAGE][INFO] - Action delay is set to 0 milliseconds

2022-01-15 16:52:39 - [MESSAGE][PASSED] - Browser is opened with url: ''

2022-01-15 16:52:39 - [TEST_STEP][PASSED] - navigateToUrl("http://localhost/"): Navigate to 'http://localhost/' successfully

2022-01-15 16:52:39 - [MESSAGE][PASSED] - Navigate to 'http://localhost/' successfully

2022-01-15 16:52:39 - [TEST_STEP][PASSED] - click(findTestObject("Object Repository/Page_HCMUS/a_Nhp mn tr tu nhn to")): Object: 'Object Repository/Page_HCMUS/a_Nhp mn tr tu nhn to' is clicked on

2022-01-15 16:52:40 - [MESSAGE][PASSED] - Object: 'Object Repository/Page_HCMUS/a_Nhp mn tr tu nhn to' is clicked on

2022-01-15 16:52:40 - [TEST_STEP][PASSED] - setText(findTestObject("Object Repository/Page_HCMUS Log in to the site/input_Username_username"), "teacher1"): Text 'teacher1' is set on object 'Object Repository/Page_HCMUS Log in to the site/input_Username_username'

2022-01-15 16:52:41 - [MESSAGE][PASSED] - Text 'teacher1' is set on object 'Object Repository/Page_HCMUS Log in to the site/input_Username_username'

2022-01-15 16:52:41 - [TEST_STEP][PASSED] - setEncryptedText(findTestObject("Object Repository/Page_HCMUS Log in to the site/input_Password_password"), "iKb8CrY6A/iqm08K47hQLA=="): Text ****** has been set on object 'Object Repository/Page_HCMUS Log in to the site/input_Password_password'

2022-01-15 16:52:41 - [MESSAGE][PASSED] - Text ****** has been set on object 'Object Repository/Page_HCMUS Log in to the site/input_Password_password'

2022-01-15 16:52:41 - [TEST_STEP][PASSED] - click(findTestObject("Object Repository/Page_HCMUS Log in to the site/button_Log in")): Object: 'Object Repository/Page_HCMUS Log in to the site/button_Log in' is clicked on

2022-01-15 16:52:42 - [MESSAGE][PASSED] - Object: 'Object Repository/Page_HCMUS Log in to the site/button_Log in' is clicked on

2022-01-15 16:52:42 - [TEST_STEP][PASSED] - click(findTestObject("Object Repository/Page_Course Nhp mn tr tu nhn to/button_Turn editing on")): Object: 'Object Repository/Page_Course Nhp mn tr tu nhn to/button_Turn editing on' is clicked on

2022-01-15 16:52:48 - [MESSAGE][INFO] - Unable to find the element located by 'By.xpath: //button[@id='single_button61deb918b38a91']'. Please recheck the objects properties to make sure the desired element is located. 

2022-01-15 16:52:48 - [MESSAGE][WARNING] - [SELF-HEALING] Failed to find element with id 'Object Repository/Page_Course Nhp mn tr tu nhn to/button_Turn editing on'. Try using Self-healing.

2022-01-15 16:52:49 - [MESSAGE][WARNING] - [SELF-HEALING] The current locator of test object 'Object Repository/Page_Course Nhp mn tr tu nhn to/button_Turn editing on' was broken. Propose an alternative one: '(.//*[normalize-space(text()) and normalize-space(.)='AI'])[2]/following::button[1]'.

2022-01-15 16:52:49 - [MESSAGE][PASSED] - Object: 'Object Repository/Page_Course Nhp mn tr tu nhn to/button_Turn editing on' is clicked on

2022-01-15 16:52:49 - [TEST_STEP][PASSED] - click(findTestObject("Object Repository/Page_Course Nhp mn tr tu nhn to/span_Add an activity or resource")): Object: 'Object Repository/Page_Course Nhp mn tr tu nhn to/span_Add an activity or resource' is clicked on

2022-01-15 16:52:55 - [MESSAGE][INFO] - Unable to find the element located by 'By.xpath: //span[@id='yui_3_17_2_1_1641986354069_794']'. Please recheck the objects properties to make sure the desired element is located. 

2022-01-15 16:52:55 - [MESSAGE][WARNING] - [SELF-HEALING] Failed to find element with id 'Object Repository/Page_Course Nhp mn tr tu nhn to/span_Add an activity or resource'. Try using Self-healing.

2022-01-15 16:52:55 - [MESSAGE][WARNING] - [SELF-HEALING] The current locator of test object 'Object Repository/Page_Course Nhp mn tr tu nhn to/span_Add an activity or resource' was broken. Propose an alternative one: '(.//*[normalize-space(text()) and normalize-space(.)='Add file(s) here'])[1]/following::span[1]'.

2022-01-15 16:52:55 - [MESSAGE][PASSED] - Object: 'Object Repository/Page_Course Nhp mn tr tu nhn to/span_Add an activity or resource' is clicked on

2022-01-15 16:52:55 - [TEST_STEP][PASSED] - click(findTestObject("Object Repository/Page_Course Nhp mn tr tu nhn to/div_Recommended_optionicon mt-2 mb-1 icon-s_bba414")): Object: 'Object Repository/Page_Course Nhp mn tr tu nhn to/div_Recommended_optionicon mt-2 mb-1 icon-s_bba414' is clicked on

2022-01-15 16:52:57 - [MESSAGE][PASSED] - Object: 'Object Repository/Page_Course Nhp mn tr tu nhn to/div_Recommended_optionicon mt-2 mb-1 icon-s_bba414' is clicked on

2022-01-15 16:52:57 - [TEST_STEP][PASSED] - setText(findTestObject("Object Repository/Page_Editing Assignment/input_Assignment name_name"), "Assignment 2"): Text 'Assignment 2' is set on object 'Object Repository/Page_Editing Assignment/input_Assignment name_name'

2022-01-15 16:52:59 - [MESSAGE][PASSED] - Text 'Assignment 2' is set on object 'Object Repository/Page_Editing Assignment/input_Assignment name_name'

2022-01-15 16:52:59 - [TEST_STEP][PASSED] - click(findTestObject("Object Repository/Page_Editing Assignment/input_Online text_assignsubmission_onlinete_900d47")): Object: 'Object Repository/Page_Editing Assignment/input_Online text_assignsubmission_onlinete_900d47' is clicked on

2022-01-15 16:53:00 - [MESSAGE][PASSED] - Object: 'Object Repository/Page_Editing Assignment/input_Online text_assignsubmission_onlinete_900d47' is clicked on

2022-01-15 16:53:00 - [TEST_STEP][PASSED] - click(findTestObject("Object Repository/Page_Editing Assignment/input_File submissions_assignsubmission_fil_19d1d4")): Object: 'Object Repository/Page_Editing Assignment/input_File submissions_assignsubmission_fil_19d1d4' is clicked on

2022-01-15 16:53:00 - [MESSAGE][PASSED] - Object: 'Object Repository/Page_Editing Assignment/input_File submissions_assignsubmission_fil_19d1d4' is clicked on

2022-01-15 16:53:00 - [TEST_STEP][PASSED] - click(findTestObject("Object Repository/Page_Editing Assignment/input_Enable_assignsubmission_onlinetext_wo_0d4c71")): Object: 'Object Repository/Page_Editing Assignment/input_Enable_assignsubmission_onlinetext_wo_0d4c71' is clicked on

2022-01-15 16:53:01 - [MESSAGE][PASSED] - Object: 'Object Repository/Page_Editing Assignment/input_Enable_assignsubmission_onlinetext_wo_0d4c71' is clicked on

2022-01-15 16:53:01 - [TEST_STEP][PASSED] - setText(findTestObject("Object Repository/Page_Editing Assignment/input_Word limit_assignsubmission_onlinetex_3b42b9"), "150"): Text '150' is set on object 'Object Repository/Page_Editing Assignment/input_Word limit_assignsubmission_onlinetex_3b42b9'

2022-01-15 16:53:01 - [MESSAGE][PASSED] - Text '150' is set on object 'Object Repository/Page_Editing Assignment/input_Word limit_assignsubmission_onlinetex_3b42b9'

2022-01-15 16:53:01 - [TEST_STEP][PASSED] - click(findTestObject("Object Repository/Page_Editing Assignment/input_Upon activity completion_submitbutton")): Object: 'Object Repository/Page_Editing Assignment/input_Upon activity completion_submitbutton' is clicked on

2022-01-15 16:53:02 - [MESSAGE][PASSED] - Object: 'Object Repository/Page_Editing Assignment/input_Upon activity completion_submitbutton' is clicked on

2022-01-15 16:53:02 - [TEST_STEP][PASSED] - verifyElementText(findTestObject("Object Repository/Page_AI Assignment 2/h2_Assignment 2"), "Assignment 2"): Actual text and expected text of test object 'Object Repository/Page_AI Assignment 2/h2_Assignment 2' are matched.

2022-01-15 16:53:03 - [MESSAGE][PASSED] - Actual text and expected text of test object 'Object Repository/Page_AI Assignment 2/h2_Assignment 2' are matched.

2022-01-15 16:53:03 - [TEST_STEP][PASSED] - closeBrowser(): Browser is closed

2022-01-15 16:53:04 - [MESSAGE][PASSED] - Browser is closed]]></system-out>
         <system-err><![CDATA[]]></system-err>
      </testcase>
      <testcase name="Test Cases/30_Giáo viên tạo announcement thêm thiếu message" time="15.236" classname="Test Cases/30_Giáo viên tạo announcement thêm thiếu message" status="PASSED">
         <system-out><![CDATA[2022-01-15 16:53:04 - [TEST_CASE][PASSED] - Test Cases/30_Giáo viên tạo announcement thêm thiếu message: Test Cases/30_Giáo viên tạo announcement thêm thiếu message

2022-01-15 16:53:04 - [TEST_STEP][PASSED] - openBrowser(""): Browser is opened with url: ''

2022-01-15 16:53:04 - [MESSAGE][INFO] - Starting 'Chrome' driver

2022-01-15 16:53:04 - [MESSAGE][INFO] - Action delay is set to 0 milliseconds

2022-01-15 16:53:05 - [MESSAGE][PASSED] - Browser is opened with url: ''

2022-01-15 16:53:05 - [TEST_STEP][PASSED] - navigateToUrl("http://localhost/"): Navigate to 'http://localhost/' successfully

2022-01-15 16:53:06 - [MESSAGE][PASSED] - Navigate to 'http://localhost/' successfully

2022-01-15 16:53:06 - [TEST_STEP][PASSED] - click(findTestObject("Object Repository/Page_HCMUS/a_Nhp mn tr tu nhn to")): Object: 'Object Repository/Page_HCMUS/a_Nhp mn tr tu nhn to' is clicked on

2022-01-15 16:53:06 - [MESSAGE][PASSED] - Object: 'Object Repository/Page_HCMUS/a_Nhp mn tr tu nhn to' is clicked on

2022-01-15 16:53:06 - [TEST_STEP][PASSED] - setText(findTestObject("Object Repository/Page_HCMUS Log in to the site/input_Username_username"), "teacher1"): Text 'teacher1' is set on object 'Object Repository/Page_HCMUS Log in to the site/input_Username_username'

2022-01-15 16:53:07 - [MESSAGE][PASSED] - Text 'teacher1' is set on object 'Object Repository/Page_HCMUS Log in to the site/input_Username_username'

2022-01-15 16:53:07 - [TEST_STEP][PASSED] - setEncryptedText(findTestObject("Object Repository/Page_HCMUS Log in to the site/input_Password_password"), "iKb8CrY6A/iqm08K47hQLA=="): Text ****** has been set on object 'Object Repository/Page_HCMUS Log in to the site/input_Password_password'

2022-01-15 16:53:07 - [MESSAGE][PASSED] - Text ****** has been set on object 'Object Repository/Page_HCMUS Log in to the site/input_Password_password'

2022-01-15 16:53:07 - [TEST_STEP][PASSED] - click(findTestObject("Object Repository/Page_HCMUS Log in to the site/button_Log in")): Object: 'Object Repository/Page_HCMUS Log in to the site/button_Log in' is clicked on

2022-01-15 16:53:08 - [MESSAGE][PASSED] - Object: 'Object Repository/Page_HCMUS Log in to the site/button_Log in' is clicked on

2022-01-15 16:53:08 - [TEST_STEP][PASSED] - click(findTestObject("Object Repository/Page_Course Nhp mn tr tu nhn to/span_Announcements Forum")): Object: 'Object Repository/Page_Course Nhp mn tr tu nhn to/span_Announcements Forum' is clicked on

2022-01-15 16:53:10 - [MESSAGE][PASSED] - Object: 'Object Repository/Page_Course Nhp mn tr tu nhn to/span_Announcements Forum' is clicked on

2022-01-15 16:53:10 - [TEST_STEP][PASSED] - click(findTestObject("Object Repository/Page_Announcements/a_Add a new topic")): Object: 'Object Repository/Page_Announcements/a_Add a new topic' is clicked on

2022-01-15 16:53:16 - [MESSAGE][INFO] - Unable to find the element located by 'By.xpath: //a[@id='yui_3_17_2_1_1641968238123_489']'. Please recheck the objects properties to make sure the desired element is located. 

2022-01-15 16:53:16 - [MESSAGE][WARNING] - [SELF-HEALING] Failed to find element with id 'Object Repository/Page_Announcements/a_Add a new topic'. Try using Self-healing.

2022-01-15 16:53:16 - [MESSAGE][WARNING] - [SELF-HEALING] The current locator of test object 'Object Repository/Page_Announcements/a_Add a new topic' was broken. Propose an alternative one: '//a[contains(text(),'Add a new topic')]'.

2022-01-15 16:53:16 - [MESSAGE][PASSED] - Object: 'Object Repository/Page_Announcements/a_Add a new topic' is clicked on

2022-01-15 16:53:16 - [TEST_STEP][PASSED] - setText(findTestObject("Object Repository/Page_Announcements/input_Subject_subject"), "Thong bao 1"): Text 'Thong bao 1' is set on object 'Object Repository/Page_Announcements/input_Subject_subject'

2022-01-15 16:53:17 - [MESSAGE][PASSED] - Text 'Thong bao 1' is set on object 'Object Repository/Page_Announcements/input_Subject_subject'

2022-01-15 16:53:17 - [TEST_STEP][PASSED] - click(findTestObject("Object Repository/Page_Announcements/input_Message_submitbutton")): Object: 'Object Repository/Page_Announcements/input_Message_submitbutton' is clicked on

2022-01-15 16:53:18 - [MESSAGE][PASSED] - Object: 'Object Repository/Page_Announcements/input_Message_submitbutton' is clicked on

2022-01-15 16:53:18 - [TEST_STEP][PASSED] - verifyElementText(findTestObject("Object Repository/Page_Announcements/div_- Required"), "- Required"): Actual text and expected text of test object 'Object Repository/Page_Announcements/div_- Required' are matched.

2022-01-15 16:53:18 - [MESSAGE][PASSED] - Actual text and expected text of test object 'Object Repository/Page_Announcements/div_- Required' are matched.

2022-01-15 16:53:18 - [TEST_STEP][PASSED] - closeBrowser(): Browser is closed

2022-01-15 16:53:19 - [MESSAGE][PASSED] - Browser is closed]]></system-out>
         <system-err><![CDATA[]]></system-err>
      </testcase>
      <testcase name="Test Cases/31_Giáo viên tạo annoucement với thông tin đầy đủ" time="23.731" classname="Test Cases/31_Giáo viên tạo annoucement với thông tin đầy đủ" status="PASSED">
         <system-out><![CDATA[2022-01-15 16:53:19 - [TEST_CASE][PASSED] - Test Cases/31_Giáo viên tạo annoucement với thông tin đầy đủ: Test Cases/31_Giáo viên tạo annoucement với thông tin đầy đủ

2022-01-15 16:53:19 - [TEST_STEP][PASSED] - openBrowser(""): Browser is opened with url: ''

2022-01-15 16:53:19 - [MESSAGE][INFO] - Starting 'Chrome' driver

2022-01-15 16:53:19 - [MESSAGE][INFO] - Action delay is set to 0 milliseconds

2022-01-15 16:53:20 - [MESSAGE][PASSED] - Browser is opened with url: ''

2022-01-15 16:53:20 - [TEST_STEP][PASSED] - navigateToUrl("http://localhost/"): Navigate to 'http://localhost/' successfully

2022-01-15 16:53:21 - [MESSAGE][PASSED] - Navigate to 'http://localhost/' successfully

2022-01-15 16:53:21 - [TEST_STEP][PASSED] - click(findTestObject("Object Repository/Page_HCMUS/a_Nhp mn tr tu nhn to")): Object: 'Object Repository/Page_HCMUS/a_Nhp mn tr tu nhn to' is clicked on

2022-01-15 16:53:22 - [MESSAGE][PASSED] - Object: 'Object Repository/Page_HCMUS/a_Nhp mn tr tu nhn to' is clicked on

2022-01-15 16:53:22 - [TEST_STEP][PASSED] - setText(findTestObject("Object Repository/Page_HCMUS Log in to the site/input_Username_username"), "teacher1"): Text 'teacher1' is set on object 'Object Repository/Page_HCMUS Log in to the site/input_Username_username'

2022-01-15 16:53:22 - [MESSAGE][PASSED] - Text 'teacher1' is set on object 'Object Repository/Page_HCMUS Log in to the site/input_Username_username'

2022-01-15 16:53:22 - [TEST_STEP][PASSED] - setEncryptedText(findTestObject("Object Repository/Page_HCMUS Log in to the site/input_Password_password"), "iKb8CrY6A/iqm08K47hQLA=="): Text ****** has been set on object 'Object Repository/Page_HCMUS Log in to the site/input_Password_password'

2022-01-15 16:53:23 - [MESSAGE][PASSED] - Text ****** has been set on object 'Object Repository/Page_HCMUS Log in to the site/input_Password_password'

2022-01-15 16:53:23 - [TEST_STEP][PASSED] - click(findTestObject("Object Repository/Page_HCMUS Log in to the site/button_Log in")): Object: 'Object Repository/Page_HCMUS Log in to the site/button_Log in' is clicked on

2022-01-15 16:53:24 - [MESSAGE][PASSED] - Object: 'Object Repository/Page_HCMUS Log in to the site/button_Log in' is clicked on

2022-01-15 16:53:24 - [TEST_STEP][PASSED] - click(findTestObject("Object Repository/Page_Course Nhp mn tr tu nhn to/span_Announcements Forum")): Object: 'Object Repository/Page_Course Nhp mn tr tu nhn to/span_Announcements Forum' is clicked on

2022-01-15 16:53:25 - [MESSAGE][PASSED] - Object: 'Object Repository/Page_Course Nhp mn tr tu nhn to/span_Announcements Forum' is clicked on

2022-01-15 16:53:25 - [TEST_STEP][PASSED] - click(findTestObject("Object Repository/Page_Announcements/a_Add a new topic")): Object: 'Object Repository/Page_Announcements/a_Add a new topic' is clicked on

2022-01-15 16:53:32 - [MESSAGE][INFO] - Unable to find the element located by 'By.xpath: //a[@id='yui_3_17_2_1_1641968238123_489']'. Please recheck the objects properties to make sure the desired element is located. 

2022-01-15 16:53:32 - [MESSAGE][WARNING] - [SELF-HEALING] Failed to find element with id 'Object Repository/Page_Announcements/a_Add a new topic'. Try using Self-healing.

2022-01-15 16:53:32 - [MESSAGE][WARNING] - [SELF-HEALING] The current locator of test object 'Object Repository/Page_Announcements/a_Add a new topic' was broken. Propose an alternative one: '//a[contains(text(),'Add a new topic')]'.

2022-01-15 16:53:32 - [MESSAGE][PASSED] - Object: 'Object Repository/Page_Announcements/a_Add a new topic' is clicked on

2022-01-15 16:53:32 - [TEST_STEP][PASSED] - setText(findTestObject("Object Repository/Page_Announcements/input_Subject_subject"), "Thong bao 1"): Text 'Thong bao 1' is set on object 'Object Repository/Page_Announcements/input_Subject_subject'

2022-01-15 16:53:33 - [MESSAGE][PASSED] - Text 'Thong bao 1' is set on object 'Object Repository/Page_Announcements/input_Subject_subject'

2022-01-15 16:53:33 - [TEST_STEP][PASSED] - setText(findTestObject("Object Repository/Page_Announcements/div_Noi dung thong bao"), "Noi dung thong bao"): Text 'Noi dung thong bao' is set on object 'Object Repository/Page_Announcements/div_Noi dung thong bao'

2022-01-15 16:53:34 - [MESSAGE][PASSED] - Text 'Noi dung thong bao' is set on object 'Object Repository/Page_Announcements/div_Noi dung thong bao'

2022-01-15 16:53:34 - [TEST_STEP][PASSED] - click(findTestObject("Object Repository/Page_Announcements/input_Message_submitbutton")): Object: 'Object Repository/Page_Announcements/input_Message_submitbutton' is clicked on

2022-01-15 16:53:35 - [MESSAGE][PASSED] - Object: 'Object Repository/Page_Announcements/input_Message_submitbutton' is clicked on

2022-01-15 16:53:35 - [TEST_STEP][PASSED] - verifyElementText(findTestObject("Object Repository/Page_Announcements/p_Your post was successfully added"), "Your post was successfully added."): Actual text and expected text of test object 'Object Repository/Page_Announcements/p_Your post was successfully added' are matched.

2022-01-15 16:53:35 - [MESSAGE][PASSED] - Actual text and expected text of test object 'Object Repository/Page_Announcements/p_Your post was successfully added' are matched.

2022-01-15 16:53:35 - [TEST_STEP][PASSED] - verifyElementText(findTestObject("Object Repository/Page_Announcements/a_Thong bao 1"), "Thong bao 1"): Actual text and expected text of test object 'Object Repository/Page_Announcements/a_Thong bao 1' are matched.

2022-01-15 16:53:42 - [MESSAGE][INFO] - Unable to find the element located by 'By.xpath: //a[@id='yui_3_17_2_1_1641968254656_494']'. Please recheck the objects properties to make sure the desired element is located. 

2022-01-15 16:53:42 - [MESSAGE][WARNING] - [SELF-HEALING] Failed to find element with id 'Object Repository/Page_Announcements/a_Thong bao 1'. Try using Self-healing.

2022-01-15 16:53:42 - [MESSAGE][WARNING] - [SELF-HEALING] The current locator of test object 'Object Repository/Page_Announcements/a_Thong bao 1' was broken. Propose an alternative one: '//a[contains(text(),'Thong bao 1')]'.

2022-01-15 16:53:42 - [MESSAGE][PASSED] - Actual text and expected text of test object 'Object Repository/Page_Announcements/a_Thong bao 1' are matched.

2022-01-15 16:53:42 - [TEST_STEP][PASSED] - closeBrowser(): Browser is closed

2022-01-15 16:53:43 - [MESSAGE][PASSED] - Browser is closed]]></system-out>
         <system-err><![CDATA[]]></system-err>
      </testcase>
      <testcase name="Test Cases/32_Sinh viên nộp bài rỗng" time="16.68" classname="Test Cases/32_Sinh viên nộp bài rỗng" status="PASSED">
         <system-out><![CDATA[2022-01-15 16:53:43 - [TEST_CASE][PASSED] - Test Cases/32_Sinh viên nộp bài rỗng: Test Cases/32_Sinh viên nộp bài rỗng

2022-01-15 16:53:43 - [TEST_STEP][PASSED] - openBrowser(""): Browser is opened with url: ''

2022-01-15 16:53:43 - [MESSAGE][INFO] - Starting 'Chrome' driver

2022-01-15 16:53:43 - [MESSAGE][INFO] - Action delay is set to 0 milliseconds

2022-01-15 16:53:44 - [MESSAGE][PASSED] - Browser is opened with url: ''

2022-01-15 16:53:44 - [TEST_STEP][PASSED] - navigateToUrl("http://localhost/"): Navigate to 'http://localhost/' successfully

2022-01-15 16:53:45 - [MESSAGE][PASSED] - Navigate to 'http://localhost/' successfully

2022-01-15 16:53:45 - [TEST_STEP][PASSED] - click(findTestObject("Object Repository/Page_HCMUS/a_Nhp mn tr tu nhn to")): Object: 'Object Repository/Page_HCMUS/a_Nhp mn tr tu nhn to' is clicked on

2022-01-15 16:53:45 - [MESSAGE][PASSED] - Object: 'Object Repository/Page_HCMUS/a_Nhp mn tr tu nhn to' is clicked on

2022-01-15 16:53:45 - [TEST_STEP][PASSED] - setText(findTestObject("Object Repository/Page_HCMUS Log in to the site/input_Username_username"), "student3"): Text 'student3' is set on object 'Object Repository/Page_HCMUS Log in to the site/input_Username_username'

2022-01-15 16:53:46 - [MESSAGE][PASSED] - Text 'student3' is set on object 'Object Repository/Page_HCMUS Log in to the site/input_Username_username'

2022-01-15 16:53:46 - [TEST_STEP][PASSED] - setEncryptedText(findTestObject("Object Repository/Page_HCMUS Log in to the site/input_Password_password"), "xsue+lrReh7u7aVNaHEoWw=="): Text ****** has been set on object 'Object Repository/Page_HCMUS Log in to the site/input_Password_password'

2022-01-15 16:53:47 - [MESSAGE][PASSED] - Text ****** has been set on object 'Object Repository/Page_HCMUS Log in to the site/input_Password_password'

2022-01-15 16:53:47 - [TEST_STEP][PASSED] - click(findTestObject("Object Repository/Page_HCMUS Log in to the site/button_Log in")): Object: 'Object Repository/Page_HCMUS Log in to the site/button_Log in' is clicked on

2022-01-15 16:53:48 - [MESSAGE][PASSED] - Object: 'Object Repository/Page_HCMUS Log in to the site/button_Log in' is clicked on

2022-01-15 16:53:48 - [TEST_STEP][PASSED] - click(findTestObject("Object Repository/Page_Course Nhp mn tr tu nhn to/span_Assignment 2")): Object: 'Object Repository/Page_Course Nhp mn tr tu nhn to/span_Assignment 2' is clicked on

2022-01-15 16:53:49 - [MESSAGE][PASSED] - Object: 'Object Repository/Page_Course Nhp mn tr tu nhn to/span_Assignment 2' is clicked on

2022-01-15 16:53:49 - [TEST_STEP][PASSED] - click(findTestObject("Object Repository/Page_AI Assignment 2/button_Add submission")): Object: 'Object Repository/Page_AI Assignment 2/button_Add submission' is clicked on

2022-01-15 16:53:55 - [MESSAGE][INFO] - Unable to find the element located by 'By.xpath: //button[@id='single_button61deb702b8d2215']'. Please recheck the objects properties to make sure the desired element is located. 

2022-01-15 16:53:55 - [MESSAGE][WARNING] - [SELF-HEALING] Failed to find element with id 'Object Repository/Page_AI Assignment 2/button_Add submission'. Try using Self-healing.

2022-01-15 16:53:55 - [MESSAGE][WARNING] - [SELF-HEALING] The current locator of test object 'Object Repository/Page_AI Assignment 2/button_Add submission' was broken. Propose an alternative one: '//section[@id='region-main']/div/div[3]/div[2]/div/form/button'.

2022-01-15 16:53:56 - [MESSAGE][PASSED] - Object: 'Object Repository/Page_AI Assignment 2/button_Add submission' is clicked on

2022-01-15 16:53:56 - [TEST_STEP][PASSED] - click(findTestObject("Object Repository/Page_AI Assignment 2 - Edit submission/input_Online text_submitbutton")): Object: 'Object Repository/Page_AI Assignment 2 - Edit submission/input_Online text_submitbutton' is clicked on

2022-01-15 16:53:57 - [MESSAGE][PASSED] - Object: 'Object Repository/Page_AI Assignment 2 - Edit submission/input_Online text_submitbutton' is clicked on

2022-01-15 16:53:57 - [TEST_STEP][PASSED] - verifyElementVisible(findTestObject("Object Repository/Page_AI Assignment 2 - Edit submission/div_Nothing was submitted")): Object 'Object Repository/Page_AI Assignment 2 - Edit submission/div_Nothing was submitted' is visible

2022-01-15 16:53:58 - [MESSAGE][PASSED] - Object 'Object Repository/Page_AI Assignment 2 - Edit submission/div_Nothing was submitted' is visible

2022-01-15 16:53:58 - [TEST_STEP][PASSED] - closeBrowser(): Browser is closed

2022-01-15 16:53:59 - [MESSAGE][PASSED] - Browser is closed]]></system-out>
         <system-err><![CDATA[]]></system-err>
      </testcase>
      <testcase name="Test Cases/33_Sinh viên nộp bài đúng hạn" time="25.677" classname="Test Cases/33_Sinh viên nộp bài đúng hạn" status="PASSED">
         <system-out><![CDATA[2022-01-15 16:53:59 - [TEST_CASE][PASSED] - Test Cases/33_Sinh viên nộp bài đúng hạn: Test Cases/33_Sinh viên nộp bài đúng hạn

2022-01-15 16:54:00 - [TEST_STEP][PASSED] - openBrowser(""): Browser is opened with url: ''

2022-01-15 16:54:00 - [MESSAGE][INFO] - Starting 'Chrome' driver

2022-01-15 16:54:00 - [MESSAGE][INFO] - Action delay is set to 0 milliseconds

2022-01-15 16:54:01 - [MESSAGE][PASSED] - Browser is opened with url: ''

2022-01-15 16:54:01 - [TEST_STEP][PASSED] - navigateToUrl("http://localhost/"): Navigate to 'http://localhost/' successfully

2022-01-15 16:54:02 - [MESSAGE][PASSED] - Navigate to 'http://localhost/' successfully

2022-01-15 16:54:02 - [TEST_STEP][PASSED] - click(findTestObject("Object Repository/Page_HCMUS/a_Nhp mn tr tu nhn to")): Object: 'Object Repository/Page_HCMUS/a_Nhp mn tr tu nhn to' is clicked on

2022-01-15 16:54:02 - [MESSAGE][PASSED] - Object: 'Object Repository/Page_HCMUS/a_Nhp mn tr tu nhn to' is clicked on

2022-01-15 16:54:02 - [TEST_STEP][PASSED] - setText(findTestObject("Object Repository/Page_HCMUS Log in to the site/input_Username_username"), "student3"): Text 'student3' is set on object 'Object Repository/Page_HCMUS Log in to the site/input_Username_username'

2022-01-15 16:54:03 - [MESSAGE][PASSED] - Text 'student3' is set on object 'Object Repository/Page_HCMUS Log in to the site/input_Username_username'

2022-01-15 16:54:03 - [TEST_STEP][PASSED] - setEncryptedText(findTestObject("Object Repository/Page_HCMUS Log in to the site/input_Password_password"), "xsue+lrReh7u7aVNaHEoWw=="): Text ****** has been set on object 'Object Repository/Page_HCMUS Log in to the site/input_Password_password'

2022-01-15 16:54:03 - [MESSAGE][PASSED] - Text ****** has been set on object 'Object Repository/Page_HCMUS Log in to the site/input_Password_password'

2022-01-15 16:54:03 - [TEST_STEP][PASSED] - click(findTestObject("Object Repository/Page_HCMUS Log in to the site/button_Log in")): Object: 'Object Repository/Page_HCMUS Log in to the site/button_Log in' is clicked on

2022-01-15 16:54:04 - [MESSAGE][PASSED] - Object: 'Object Repository/Page_HCMUS Log in to the site/button_Log in' is clicked on

2022-01-15 16:54:04 - [TEST_STEP][PASSED] - click(findTestObject("Object Repository/Page_Course Nhp mn tr tu nhn to/span_Assignment 2")): Object: 'Object Repository/Page_Course Nhp mn tr tu nhn to/span_Assignment 2' is clicked on

2022-01-15 16:54:05 - [MESSAGE][PASSED] - Object: 'Object Repository/Page_Course Nhp mn tr tu nhn to/span_Assignment 2' is clicked on

2022-01-15 16:54:05 - [TEST_STEP][PASSED] - click(findTestObject("Object Repository/Page_AI Assignment 2/button_Add submission")): Object: 'Object Repository/Page_AI Assignment 2/button_Add submission' is clicked on

2022-01-15 16:54:12 - [MESSAGE][INFO] - Unable to find the element located by 'By.xpath: //button[@id='single_button61deb702b8d2215']'. Please recheck the objects properties to make sure the desired element is located. 

2022-01-15 16:54:12 - [MESSAGE][WARNING] - [SELF-HEALING] Failed to find element with id 'Object Repository/Page_AI Assignment 2/button_Add submission'. Try using Self-healing.

2022-01-15 16:54:12 - [MESSAGE][WARNING] - [SELF-HEALING] The current locator of test object 'Object Repository/Page_AI Assignment 2/button_Add submission' was broken. Propose an alternative one: '//section[@id='region-main']/div/div[3]/div[2]/div/form/button'.

2022-01-15 16:54:13 - [MESSAGE][PASSED] - Object: 'Object Repository/Page_AI Assignment 2/button_Add submission' is clicked on

2022-01-15 16:54:13 - [TEST_STEP][PASSED] - setText(findTestObject("Object Repository/Page_AI Assignment 2 - Edit submission/div_Noi dung bai nop"), "Noi dung bai nop"): Text 'Noi dung bai nop' is set on object 'Object Repository/Page_AI Assignment 2 - Edit submission/div_Noi dung bai nop'

2022-01-15 16:54:14 - [MESSAGE][PASSED] - Text 'Noi dung bai nop' is set on object 'Object Repository/Page_AI Assignment 2 - Edit submission/div_Noi dung bai nop'

2022-01-15 16:54:14 - [TEST_STEP][PASSED] - click(findTestObject("Object Repository/Page_AI Assignment 2 - Edit submission/input_Online text_submitbutton")): Object: 'Object Repository/Page_AI Assignment 2 - Edit submission/input_Online text_submitbutton' is clicked on

2022-01-15 16:54:17 - [MESSAGE][PASSED] - Object: 'Object Repository/Page_AI Assignment 2 - Edit submission/input_Online text_submitbutton' is clicked on

2022-01-15 16:54:17 - [TEST_STEP][PASSED] - verifyElementText(findTestObject("Object Repository/Page_AI Assignment 2/td_Submitted for grading"), "Submitted for grading"): Actual text and expected text of test object 'Object Repository/Page_AI Assignment 2/td_Submitted for grading' are matched.

2022-01-15 16:54:18 - [MESSAGE][PASSED] - Actual text and expected text of test object 'Object Repository/Page_AI Assignment 2/td_Submitted for grading' are matched.

2022-01-15 16:54:18 - [TEST_STEP][PASSED] - verifyElementText(findTestObject("Object Repository/Page_AI Assignment 2/p_Noi dung bai nop"), "Noi dung bai nop"): Actual text and expected text of test object 'Object Repository/Page_AI Assignment 2/p_Noi dung bai nop' are matched.

2022-01-15 16:54:24 - [MESSAGE][INFO] - Unable to find the element located by 'By.xpath: //section[@id='region-main']/div/div[3]/div/table/tbody/tr[5]/td/div/div/p'. Please recheck the objects properties to make sure the desired element is located. 

2022-01-15 16:54:24 - [MESSAGE][WARNING] - [SELF-HEALING] Failed to find element with id 'Object Repository/Page_AI Assignment 2/p_Noi dung bai nop'. Try using Self-healing.

2022-01-15 16:54:24 - [MESSAGE][WARNING] - [SELF-HEALING] The current locator of test object 'Object Repository/Page_AI Assignment 2/p_Noi dung bai nop' was broken. Propose an alternative one: '//*[(text() = 'Noi dung bai nop' or . = 'Noi dung bai nop')]'.

2022-01-15 16:54:24 - [MESSAGE][PASSED] - Actual text and expected text of test object 'Object Repository/Page_AI Assignment 2/p_Noi dung bai nop' are matched.

2022-01-15 16:54:24 - [TEST_STEP][PASSED] - closeBrowser(): Browser is closed

2022-01-15 16:54:25 - [MESSAGE][PASSED] - Browser is closed]]></system-out>
         <system-err><![CDATA[]]></system-err>
      </testcase>
      <testcase name="Test Cases/34_Sinh viên gửi lời mời kết bạn" time="14.419" classname="Test Cases/34_Sinh viên gửi lời mời kết bạn" status="PASSED">
         <system-out><![CDATA[2022-01-15 16:54:25 - [TEST_CASE][PASSED] - Test Cases/34_Sinh viên gửi lời mời kết bạn: Test Cases/34_Sinh viên gửi lời mời kết bạn

2022-01-15 16:54:25 - [TEST_STEP][PASSED] - openBrowser(""): Browser is opened with url: ''

2022-01-15 16:54:25 - [MESSAGE][INFO] - Starting 'Chrome' driver

2022-01-15 16:54:25 - [MESSAGE][INFO] - Action delay is set to 0 milliseconds

2022-01-15 16:54:26 - [MESSAGE][PASSED] - Browser is opened with url: ''

2022-01-15 16:54:26 - [TEST_STEP][PASSED] - navigateToUrl("http://localhost/"): Navigate to 'http://localhost/' successfully

2022-01-15 16:54:27 - [MESSAGE][PASSED] - Navigate to 'http://localhost/' successfully

2022-01-15 16:54:27 - [TEST_STEP][PASSED] - click(findTestObject("Object Repository/Page_HCMUS/a_Nhp mn tr tu nhn to")): Object: 'Object Repository/Page_HCMUS/a_Nhp mn tr tu nhn to' is clicked on

2022-01-15 16:54:28 - [MESSAGE][PASSED] - Object: 'Object Repository/Page_HCMUS/a_Nhp mn tr tu nhn to' is clicked on

2022-01-15 16:54:28 - [TEST_STEP][PASSED] - setText(findTestObject("Object Repository/Page_HCMUS Log in to the site/input_Username_username"), "student3"): Text 'student3' is set on object 'Object Repository/Page_HCMUS Log in to the site/input_Username_username'

2022-01-15 16:54:28 - [MESSAGE][PASSED] - Text 'student3' is set on object 'Object Repository/Page_HCMUS Log in to the site/input_Username_username'

2022-01-15 16:54:28 - [TEST_STEP][PASSED] - setEncryptedText(findTestObject("Object Repository/Page_HCMUS Log in to the site/input_Password_password"), "xsue+lrReh7u7aVNaHEoWw=="): Text ****** has been set on object 'Object Repository/Page_HCMUS Log in to the site/input_Password_password'

2022-01-15 16:54:29 - [MESSAGE][PASSED] - Text ****** has been set on object 'Object Repository/Page_HCMUS Log in to the site/input_Password_password'

2022-01-15 16:54:29 - [TEST_STEP][PASSED] - click(findTestObject("Object Repository/Page_HCMUS Log in to the site/button_Log in")): Object: 'Object Repository/Page_HCMUS Log in to the site/button_Log in' is clicked on

2022-01-15 16:54:30 - [MESSAGE][PASSED] - Object: 'Object Repository/Page_HCMUS Log in to the site/button_Log in' is clicked on

2022-01-15 16:54:30 - [TEST_STEP][PASSED] - click(findTestObject("Object Repository/Page_Course Nhp mn tr tu nhn to/span_Participants")): Object: 'Object Repository/Page_Course Nhp mn tr tu nhn to/span_Participants' is clicked on

2022-01-15 16:54:31 - [MESSAGE][PASSED] - Object: 'Object Repository/Page_Course Nhp mn tr tu nhn to/span_Participants' is clicked on

2022-01-15 16:54:31 - [TEST_STEP][PASSED] - click(findTestObject("Object Repository/Page_AI Participants/a_Student Tremblay")): Object: 'Object Repository/Page_AI Participants/a_Student Tremblay' is clicked on

2022-01-15 16:54:32 - [MESSAGE][PASSED] - Object: 'Object Repository/Page_AI Participants/a_Student Tremblay' is clicked on

2022-01-15 16:54:32 - [TEST_STEP][PASSED] - click(findTestObject("Object Repository/Page_Nhp mn tr tu nhn to Personal profile S_718f45/span_Add to contacts")): Object: 'Object Repository/Page_Nhp mn tr tu nhn to Personal profile S_718f45/span_Add to contacts' is clicked on

2022-01-15 16:54:32 - [MESSAGE][PASSED] - Object: 'Object Repository/Page_Nhp mn tr tu nhn to Personal profile S_718f45/span_Add to contacts' is clicked on

2022-01-15 16:54:32 - [TEST_STEP][PASSED] - verifyElementText(findTestObject("Object Repository/Page_Nhp mn tr tu nhn to Personal profile S_718f45/span_Remove from contacts"), "Remove from contacts"): Actual text and expected text of test object 'Object Repository/Page_Nhp mn tr tu nhn to Personal profile S_718f45/span_Remove from contacts' are matched.

2022-01-15 16:54:38 - [MESSAGE][INFO] - Unable to find the element located by 'By.xpath: //span[@id='yui_3_17_2_1_1641968678670_37']/span'. Please recheck the objects properties to make sure the desired element is located. 

2022-01-15 16:54:38 - [MESSAGE][WARNING] - [SELF-HEALING] Failed to find element with id 'Object Repository/Page_Nhp mn tr tu nhn to Personal profile S_718f45/span_Remove from contacts'. Try using Self-healing.

2022-01-15 16:54:39 - [MESSAGE][WARNING] - [SELF-HEALING] The current locator of test object 'Object Repository/Page_Nhp mn tr tu nhn to Personal profile S_718f45/span_Remove from contacts' was broken. Propose an alternative one: '(.//*[normalize-space(text()) and normalize-space(.)='Message'])[1]/following::span[3]'.

2022-01-15 16:54:39 - [MESSAGE][PASSED] - Actual text and expected text of test object 'Object Repository/Page_Nhp mn tr tu nhn to Personal profile S_718f45/span_Remove from contacts' are matched.

2022-01-15 16:54:39 - [TEST_STEP][PASSED] - closeBrowser(): Browser is closed

2022-01-15 16:54:39 - [MESSAGE][PASSED] - Browser is closed]]></system-out>
         <system-err><![CDATA[]]></system-err>
      </testcase>
      <testcase name="Test Cases/35_Sinh viên chấp nhận lời mời kết bạn" time="45.535" classname="Test Cases/35_Sinh viên chấp nhận lời mời kết bạn" status="PASSED">
         <system-out><![CDATA[2022-01-15 16:54:39 - [TEST_CASE][PASSED] - Test Cases/35_Sinh viên chấp nhận lời mời kết bạn: Test Cases/35_Sinh viên chấp nhận lời mời kết bạn

2022-01-15 16:54:40 - [TEST_STEP][PASSED] - openBrowser(""): Browser is opened with url: ''

2022-01-15 16:54:40 - [MESSAGE][INFO] - Starting 'Chrome' driver

2022-01-15 16:54:40 - [MESSAGE][INFO] - Action delay is set to 0 milliseconds

2022-01-15 16:54:41 - [MESSAGE][PASSED] - Browser is opened with url: ''

2022-01-15 16:54:41 - [TEST_STEP][PASSED] - navigateToUrl("http://localhost/"): Navigate to 'http://localhost/' successfully

2022-01-15 16:54:41 - [MESSAGE][PASSED] - Navigate to 'http://localhost/' successfully

2022-01-15 16:54:41 - [TEST_STEP][PASSED] - click(findTestObject("Object Repository/Page_HCMUS/a_Log in")): Object: 'Object Repository/Page_HCMUS/a_Log in' is clicked on

2022-01-15 16:54:42 - [MESSAGE][PASSED] - Object: 'Object Repository/Page_HCMUS/a_Log in' is clicked on

2022-01-15 16:54:42 - [TEST_STEP][PASSED] - setText(findTestObject("Object Repository/Page_HCMUS Log in to the site/input_Username_username"), "student4"): Text 'student4' is set on object 'Object Repository/Page_HCMUS Log in to the site/input_Username_username'

2022-01-15 16:54:43 - [MESSAGE][PASSED] - Text 'student4' is set on object 'Object Repository/Page_HCMUS Log in to the site/input_Username_username'

2022-01-15 16:54:43 - [TEST_STEP][PASSED] - setEncryptedText(findTestObject("Object Repository/Page_HCMUS Log in to the site/input_Password_password"), "xsue+lrReh4ZVHWELaqxDw=="): Text ****** has been set on object 'Object Repository/Page_HCMUS Log in to the site/input_Password_password'

2022-01-15 16:54:43 - [MESSAGE][PASSED] - Text ****** has been set on object 'Object Repository/Page_HCMUS Log in to the site/input_Password_password'

2022-01-15 16:54:43 - [TEST_STEP][PASSED] - click(findTestObject("Object Repository/Page_HCMUS Log in to the site/button_Log in")): Object: 'Object Repository/Page_HCMUS Log in to the site/button_Log in' is clicked on

2022-01-15 16:54:44 - [MESSAGE][PASSED] - Object: 'Object Repository/Page_HCMUS Log in to the site/button_Log in' is clicked on

2022-01-15 16:54:44 - [TEST_STEP][PASSED] - click(findTestObject("Object Repository/Page_Dashboard/i_See all_icon fa fa-comment fa-fw")): Object: 'Object Repository/Page_Dashboard/i_See all_icon fa fa-comment fa-fw' is clicked on

2022-01-15 16:54:50 - [MESSAGE][INFO] - Unable to find the element located by 'By.xpath: //a[@id='message-drawer-toggle-61de75556871461de7555228969']/i'. Please recheck the objects properties to make sure the desired element is located. 

2022-01-15 16:54:50 - [MESSAGE][WARNING] - [SELF-HEALING] Failed to find element with id 'Object Repository/Page_Dashboard/i_See all_icon fa fa-comment fa-fw'. Try using Self-healing.

2022-01-15 16:54:51 - [MESSAGE][WARNING] - [SELF-HEALING] The current locator of test object 'Object Repository/Page_Dashboard/i_See all_icon fa fa-comment fa-fw' was broken. Propose an alternative one: '//div[2]/a/i'.

2022-01-15 16:54:51 - [MESSAGE][PASSED] - Object: 'Object Repository/Page_Dashboard/i_See all_icon fa fa-comment fa-fw' is clicked on

2022-01-15 16:54:51 - [TEST_STEP][PASSED] - click(findTestObject("Object Repository/Page_Dashboard/a_Contacts                                 _4239a2")): Object: 'Object Repository/Page_Dashboard/a_Contacts                                 _4239a2' is clicked on

2022-01-15 16:54:57 - [MESSAGE][INFO] - Unable to find the element located by 'By.xpath: //div[@id='message-drawer-61de74972abc661de7496b721d18']/div[2]/div[3]/div[2]/a'. Please recheck the objects properties to make sure the desired element is located. 

2022-01-15 16:54:57 - [MESSAGE][WARNING] - [SELF-HEALING] Failed to find element with id 'Object Repository/Page_Dashboard/a_Contacts                                 _4239a2'. Try using Self-healing.

2022-01-15 16:54:57 - [MESSAGE][WARNING] - [SELF-HEALING] The current locator of test object 'Object Repository/Page_Dashboard/a_Contacts                                 _4239a2' was broken. Propose an alternative one: '(.//*[normalize-space(text()) and normalize-space(.)='Contacts'])[1]/following::a[3]'.

2022-01-15 16:54:57 - [MESSAGE][PASSED] - Object: 'Object Repository/Page_Dashboard/a_Contacts                                 _4239a2' is clicked on

2022-01-15 16:54:57 - [TEST_STEP][PASSED] - click(findTestObject("Object Repository/Page_Dashboard/a_Requests                                 _76dac8")): Object: 'Object Repository/Page_Dashboard/a_Requests                                 _76dac8' is clicked on

2022-01-15 16:55:03 - [MESSAGE][INFO] - Unable to find the element located by 'By.xpath: '. Please recheck the objects properties to make sure the desired element is located. 

2022-01-15 16:55:03 - [MESSAGE][WARNING] - [SELF-HEALING] Failed to find element with id 'Object Repository/Page_Dashboard/a_Requests                                 _76dac8'. Try using Self-healing.

2022-01-15 16:55:04 - [MESSAGE][WARNING] - [SELF-HEALING] The current locator of test object 'Object Repository/Page_Dashboard/a_Requests                                 _76dac8' was broken. Propose an alternative one: '(.//*[normalize-space(text()) and normalize-space(.)='Contacts'])[2]/following::a[1]'.

2022-01-15 16:55:04 - [MESSAGE][PASSED] - Object: 'Object Repository/Page_Dashboard/a_Requests                                 _76dac8' is clicked on

2022-01-15 16:55:04 - [TEST_STEP][PASSED] - click(findTestObject("Object Repository/Page_Dashboard/p_Would like to contact you")): Object: 'Object Repository/Page_Dashboard/p_Would like to contact you' is clicked on

2022-01-15 16:55:10 - [MESSAGE][INFO] - Unable to find the element located by 'By.xpath: //div[@id='requests-tab-panel-61de74972abc661de7496b721d18']/div[2]/a/div/p'. Please recheck the objects properties to make sure the desired element is located. 

2022-01-15 16:55:10 - [MESSAGE][WARNING] - [SELF-HEALING] Failed to find element with id 'Object Repository/Page_Dashboard/p_Would like to contact you'. Try using Self-healing.

2022-01-15 16:55:10 - [MESSAGE][WARNING] - [SELF-HEALING] The current locator of test object 'Object Repository/Page_Dashboard/p_Would like to contact you' was broken. Propose an alternative one: '(.//*[normalize-space(text()) and normalize-space(.)='Student Walston'])[2]/following::p[1]'.

2022-01-15 16:55:10 - [MESSAGE][PASSED] - Object: 'Object Repository/Page_Dashboard/p_Would like to contact you' is clicked on

2022-01-15 16:55:10 - [TEST_STEP][PASSED] - click(findTestObject("Object Repository/Page_Dashboard/span_Accept and add to contacts")): Object: 'Object Repository/Page_Dashboard/span_Accept and add to contacts' is clicked on

2022-01-15 16:55:17 - [MESSAGE][INFO] - Unable to find the element located by 'By.xpath: //div[@id='yui_3_17_2_1_1641968791226_197']/div[3]/div/div[2]/div/button[8]/span'. Please recheck the objects properties to make sure the desired element is located. 

2022-01-15 16:55:17 - [MESSAGE][WARNING] - [SELF-HEALING] Failed to find element with id 'Object Repository/Page_Dashboard/span_Accept and add to contacts'. Try using Self-healing.

2022-01-15 16:55:17 - [MESSAGE][WARNING] - [SELF-HEALING] The current locator of test object 'Object Repository/Page_Dashboard/span_Accept and add to contacts' was broken. Propose an alternative one: '(.//*[normalize-space(text()) and normalize-space(.)='Send contact request'])[1]/following::span[3]'.

2022-01-15 16:55:17 - [MESSAGE][PASSED] - Object: 'Object Repository/Page_Dashboard/span_Accept and add to contacts' is clicked on

2022-01-15 16:55:17 - [TEST_STEP][PASSED] - click(findTestObject("Object Repository/Page_Dashboard/strong_Student Walston")): Object: 'Object Repository/Page_Dashboard/strong_Student Walston' is clicked on

2022-01-15 16:55:23 - [MESSAGE][INFO] - Unable to find the element located by 'By.xpath: //div[@id='yui_3_17_2_1_1641968791226_245']/div[2]/a/div[2]/div/strong'. Please recheck the objects properties to make sure the desired element is located. 

2022-01-15 16:55:23 - [MESSAGE][WARNING] - [SELF-HEALING] Failed to find element with id 'Object Repository/Page_Dashboard/strong_Student Walston'. Try using Self-healing.

2022-01-15 16:55:23 - [MESSAGE][WARNING] - [SELF-HEALING] The current locator of test object 'Object Repository/Page_Dashboard/strong_Student Walston' was broken. Propose an alternative one: '(.//*[normalize-space(text()) and normalize-space(.)='Contacts'])[1]/following::strong[1]'.

2022-01-15 16:55:23 - [MESSAGE][PASSED] - Object: 'Object Repository/Page_Dashboard/strong_Student Walston' is clicked on

2022-01-15 16:55:23 - [TEST_STEP][PASSED] - verifyElementText(findTestObject("Object Repository/Page_Dashboard/button_Remove from contacts"), "Remove from contacts"): Actual text and expected text of test object 'Object Repository/Page_Dashboard/button_Remove from contacts' are matched.

2022-01-15 16:55:24 - [MESSAGE][PASSED] - Actual text and expected text of test object 'Object Repository/Page_Dashboard/button_Remove from contacts' are matched.

2022-01-15 16:55:24 - [TEST_STEP][PASSED] - closeBrowser(): Browser is closed

2022-01-15 16:55:25 - [MESSAGE][PASSED] - Browser is closed]]></system-out>
         <system-err><![CDATA[]]></system-err>
      </testcase>
      <testcase name="Test Cases/37_Sinh viên xem event trên lịch" time="7.745" classname="Test Cases/37_Sinh viên xem event trên lịch" status="PASSED">
         <system-out><![CDATA[2022-01-15 16:55:25 - [TEST_CASE][PASSED] - Test Cases/37_Sinh viên xem event trên lịch: Test Cases/37_Sinh viên xem event trên lịch

2022-01-15 16:55:25 - [TEST_STEP][PASSED] - openBrowser(""): Browser is opened with url: ''

2022-01-15 16:55:25 - [MESSAGE][INFO] - Starting 'Chrome' driver

2022-01-15 16:55:25 - [MESSAGE][INFO] - Action delay is set to 0 milliseconds

2022-01-15 16:55:26 - [MESSAGE][PASSED] - Browser is opened with url: ''

2022-01-15 16:55:26 - [TEST_STEP][PASSED] - navigateToUrl("http://localhost/"): Navigate to 'http://localhost/' successfully

2022-01-15 16:55:27 - [MESSAGE][PASSED] - Navigate to 'http://localhost/' successfully

2022-01-15 16:55:27 - [TEST_STEP][PASSED] - click(findTestObject("Object Repository/Page_HCMUS/a_Log in")): Object: 'Object Repository/Page_HCMUS/a_Log in' is clicked on

2022-01-15 16:55:28 - [MESSAGE][PASSED] - Object: 'Object Repository/Page_HCMUS/a_Log in' is clicked on

2022-01-15 16:55:28 - [TEST_STEP][PASSED] - setText(findTestObject("Object Repository/Page_HCMUS Log in to the site/input_Username_username"), "student1"): Text 'student1' is set on object 'Object Repository/Page_HCMUS Log in to the site/input_Username_username'

2022-01-15 16:55:28 - [MESSAGE][PASSED] - Text 'student1' is set on object 'Object Repository/Page_HCMUS Log in to the site/input_Username_username'

2022-01-15 16:55:28 - [TEST_STEP][PASSED] - setEncryptedText(findTestObject("Object Repository/Page_HCMUS Log in to the site/input_Password_password"), "xsue+lrReh6nSDZIylEEKg=="): Text ****** has been set on object 'Object Repository/Page_HCMUS Log in to the site/input_Password_password'

2022-01-15 16:55:29 - [MESSAGE][PASSED] - Text ****** has been set on object 'Object Repository/Page_HCMUS Log in to the site/input_Password_password'

2022-01-15 16:55:29 - [TEST_STEP][PASSED] - click(findTestObject("Object Repository/Page_HCMUS Log in to the site/button_Log in")): Object: 'Object Repository/Page_HCMUS Log in to the site/button_Log in' is clicked on

2022-01-15 16:55:30 - [MESSAGE][PASSED] - Object: 'Object Repository/Page_HCMUS Log in to the site/button_Log in' is clicked on

2022-01-15 16:55:30 - [TEST_STEP][PASSED] - click(findTestObject("Object Repository/Page_Dashboard/span_Calendar")): Object: 'Object Repository/Page_Dashboard/span_Calendar' is clicked on

2022-01-15 16:55:31 - [MESSAGE][PASSED] - Object: 'Object Repository/Page_Dashboard/span_Calendar' is clicked on

2022-01-15 16:55:31 - [TEST_STEP][PASSED] - verifyElementVisible(findTestObject("Object Repository/Page_KHTN Calendar Detailed month view Janu_a46fbf/section_Month                              _0f1fe9")): Object 'Object Repository/Page_KHTN Calendar Detailed month view Janu_a46fbf/section_Month                              _0f1fe9' is visible

2022-01-15 16:55:32 - [MESSAGE][PASSED] - Object 'Object Repository/Page_KHTN Calendar Detailed month view Janu_a46fbf/section_Month                              _0f1fe9' is visible

2022-01-15 16:55:32 - [TEST_STEP][PASSED] - closeBrowser(): Browser is closed

2022-01-15 16:55:33 - [MESSAGE][PASSED] - Browser is closed]]></system-out>
         <system-err><![CDATA[]]></system-err>
      </testcase>
      <testcase name="Test Cases/36_Sinh viên nhắn tin cho nhau" time="80.99" classname="Test Cases/36_Sinh viên nhắn tin cho nhau" status="PASSED">
         <system-out><![CDATA[2022-01-15 16:55:33 - [TEST_CASE][PASSED] - Test Cases/36_Sinh viên nhắn tin cho nhau: Test Cases/36_Sinh viên nhắn tin cho nhau

2022-01-15 16:55:33 - [TEST_STEP][PASSED] - openBrowser(""): Browser is opened with url: ''

2022-01-15 16:55:33 - [MESSAGE][INFO] - Starting 'Chrome' driver

2022-01-15 16:55:33 - [MESSAGE][INFO] - Action delay is set to 0 milliseconds

2022-01-15 16:55:34 - [MESSAGE][PASSED] - Browser is opened with url: ''

2022-01-15 16:55:34 - [TEST_STEP][PASSED] - navigateToUrl("http://localhost/"): Navigate to 'http://localhost/' successfully

2022-01-15 16:55:35 - [MESSAGE][PASSED] - Navigate to 'http://localhost/' successfully

2022-01-15 16:55:35 - [TEST_STEP][PASSED] - click(findTestObject("Object Repository/Page_HCMUS/a_Log in")): Object: 'Object Repository/Page_HCMUS/a_Log in' is clicked on

2022-01-15 16:55:35 - [MESSAGE][PASSED] - Object: 'Object Repository/Page_HCMUS/a_Log in' is clicked on

2022-01-15 16:55:35 - [TEST_STEP][PASSED] - setText(findTestObject("Object Repository/Page_HCMUS Log in to the site/input_Username_username"), "student3"): Text 'student3' is set on object 'Object Repository/Page_HCMUS Log in to the site/input_Username_username'

2022-01-15 16:55:36 - [MESSAGE][PASSED] - Text 'student3' is set on object 'Object Repository/Page_HCMUS Log in to the site/input_Username_username'

2022-01-15 16:55:36 - [TEST_STEP][PASSED] - setEncryptedText(findTestObject("Object Repository/Page_HCMUS Log in to the site/input_Password_password"), "xsue+lrReh7u7aVNaHEoWw=="): Text ****** has been set on object 'Object Repository/Page_HCMUS Log in to the site/input_Password_password'

2022-01-15 16:55:37 - [MESSAGE][PASSED] - Text ****** has been set on object 'Object Repository/Page_HCMUS Log in to the site/input_Password_password'

2022-01-15 16:55:37 - [TEST_STEP][PASSED] - click(findTestObject("Object Repository/Page_HCMUS Log in to the site/button_Log in")): Object: 'Object Repository/Page_HCMUS Log in to the site/button_Log in' is clicked on

2022-01-15 16:55:37 - [MESSAGE][PASSED] - Object: 'Object Repository/Page_HCMUS Log in to the site/button_Log in' is clicked on

2022-01-15 16:55:37 - [TEST_STEP][PASSED] - click(findTestObject("Object Repository/Page_Dashboard/i_See all_icon fa fa-comment fa-fw")): Object: 'Object Repository/Page_Dashboard/i_See all_icon fa fa-comment fa-fw' is clicked on

2022-01-15 16:55:44 - [MESSAGE][INFO] - Unable to find the element located by 'By.xpath: //a[@id='message-drawer-toggle-61de75556871461de7555228969']/i'. Please recheck the objects properties to make sure the desired element is located. 

2022-01-15 16:55:44 - [MESSAGE][WARNING] - [SELF-HEALING] Failed to find element with id 'Object Repository/Page_Dashboard/i_See all_icon fa fa-comment fa-fw'. Try using Self-healing.

2022-01-15 16:55:44 - [MESSAGE][WARNING] - [SELF-HEALING] The current locator of test object 'Object Repository/Page_Dashboard/i_See all_icon fa fa-comment fa-fw' was broken. Propose an alternative one: '//div[2]/a/i'.

2022-01-15 16:55:44 - [MESSAGE][PASSED] - Object: 'Object Repository/Page_Dashboard/i_See all_icon fa fa-comment fa-fw' is clicked on

2022-01-15 16:55:44 - [TEST_STEP][PASSED] - click(findTestObject("Object Repository/Page_Dashboard/a_Contacts                                 _f6a0b6")): Object: 'Object Repository/Page_Dashboard/a_Contacts                                 _f6a0b6' is clicked on

2022-01-15 16:55:50 - [MESSAGE][INFO] - Unable to find the element located by 'By.xpath: //div[@id='message-drawer-61de75556c03661de75552289618']/div[2]/div[3]/div[2]/a'. Please recheck the objects properties to make sure the desired element is located. 

2022-01-15 16:55:50 - [MESSAGE][WARNING] - [SELF-HEALING] Failed to find element with id 'Object Repository/Page_Dashboard/a_Contacts                                 _f6a0b6'. Try using Self-healing.

2022-01-15 16:55:51 - [MESSAGE][WARNING] - [SELF-HEALING] The current locator of test object 'Object Repository/Page_Dashboard/a_Contacts                                 _f6a0b6' was broken. Propose an alternative one: '(.//*[normalize-space(text()) and normalize-space(.)='Contacts'])[1]/following::a[3]'.

2022-01-15 16:55:51 - [MESSAGE][PASSED] - Object: 'Object Repository/Page_Dashboard/a_Contacts                                 _f6a0b6' is clicked on

2022-01-15 16:55:51 - [TEST_STEP][PASSED] - click(findTestObject("Object Repository/Page_Dashboard/h6_Student Tremblay")): Object: 'Object Repository/Page_Dashboard/h6_Student Tremblay' is clicked on

2022-01-15 16:55:57 - [MESSAGE][INFO] - Unable to find the element located by 'By.xpath: //div[@id='contacts-tab-panel-61de75556c03661de75552289618']/div[2]/a/h6'. Please recheck the objects properties to make sure the desired element is located. 

2022-01-15 16:55:57 - [MESSAGE][WARNING] - [SELF-HEALING] Failed to find element with id 'Object Repository/Page_Dashboard/h6_Student Tremblay'. Try using Self-healing.

2022-01-15 16:55:57 - [MESSAGE][WARNING] - [SELF-HEALING] The current locator of test object 'Object Repository/Page_Dashboard/h6_Student Tremblay' was broken. Propose an alternative one: '(.//*[normalize-space(text()) and normalize-space(.)='No contacts'])[1]/following::h6[1]'.

2022-01-15 16:55:57 - [MESSAGE][PASSED] - Object: 'Object Repository/Page_Dashboard/h6_Student Tremblay' is clicked on

2022-01-15 16:55:57 - [TEST_STEP][PASSED] - setText(findTestObject("Object Repository/Page_Dashboard/textarea_Use enter to send_yui_3_17_2_1_164_c7019d"), "Xin chao ban"): Text 'Xin chao ban' is set on object 'Object Repository/Page_Dashboard/textarea_Use enter to send_yui_3_17_2_1_164_c7019d'

2022-01-15 16:56:03 - [MESSAGE][INFO] - Unable to find the element located by 'By.xpath: //textarea[@id='yui_3_17_2_1_1641968981501_212']'. Please recheck the objects properties to make sure the desired element is located. 

2022-01-15 16:56:03 - [MESSAGE][WARNING] - [SELF-HEALING] Failed to find element with id 'Object Repository/Page_Dashboard/textarea_Use enter to send_yui_3_17_2_1_164_c7019d'. Try using Self-healing.

2022-01-15 16:56:03 - [MESSAGE][WARNING] - [SELF-HEALING] The current locator of test object 'Object Repository/Page_Dashboard/textarea_Use enter to send_yui_3_17_2_1_164_c7019d' was broken. Propose an alternative one: '//textarea'.

2022-01-15 16:56:10 - [MESSAGE][INFO] - Unable to find the element located by 'By.xpath: //textarea[@id='yui_3_17_2_1_1641968981501_212']'. Please recheck the objects properties to make sure the desired element is located. 

2022-01-15 16:56:10 - [MESSAGE][WARNING] - [SELF-HEALING] Failed to find element with id 'Object Repository/Page_Dashboard/textarea_Use enter to send_yui_3_17_2_1_164_c7019d'. Try using Self-healing.

2022-01-15 16:56:10 - [MESSAGE][WARNING] - [SELF-HEALING] The current locator of test object 'Object Repository/Page_Dashboard/textarea_Use enter to send_yui_3_17_2_1_164_c7019d' was broken. Propose an alternative one: '//textarea'.

2022-01-15 16:56:10 - [MESSAGE][PASSED] - Text 'Xin chao ban' is set on object 'Object Repository/Page_Dashboard/textarea_Use enter to send_yui_3_17_2_1_164_c7019d'

2022-01-15 16:56:10 - [TEST_STEP][PASSED] - click(findTestObject("Object Repository/Page_Dashboard/button_Use enter to send_btn btn-link btn-i_5cb4c7")): Object: 'Object Repository/Page_Dashboard/button_Use enter to send_btn btn-link btn-i_5cb4c7' is clicked on

2022-01-15 16:56:16 - [MESSAGE][INFO] - Unable to find the element located by 'By.xpath: //div[@id='yui_3_17_2_1_1641968981501_213']/div/button'. Please recheck the objects properties to make sure the desired element is located. 

2022-01-15 16:56:16 - [MESSAGE][WARNING] - [SELF-HEALING] Failed to find element with id 'Object Repository/Page_Dashboard/button_Use enter to send_btn btn-link btn-i_5cb4c7'. Try using Self-healing.

2022-01-15 16:56:16 - [MESSAGE][WARNING] - [SELF-HEALING] The current locator of test object 'Object Repository/Page_Dashboard/button_Use enter to send_btn btn-link btn-i_5cb4c7' was broken. Propose an alternative one: 'button.btn.btn-link.btn-icon.icon-size-3.ml-1.mt-auto'.

2022-01-15 16:56:16 - [MESSAGE][PASSED] - Object: 'Object Repository/Page_Dashboard/button_Use enter to send_btn btn-link btn-i_5cb4c7' is clicked on

2022-01-15 16:56:16 - [TEST_STEP][PASSED] - verifyElementText(findTestObject("Object Repository/Page_Dashboard/p_Xin chao ban"), "Xin chao ban"): Actual text and expected text of test object 'Object Repository/Page_Dashboard/p_Xin chao ban' are matched.

2022-01-15 16:56:23 - [MESSAGE][INFO] - Unable to find the element located by 'By.xpath: //div[@id='yui_3_17_2_1_1641968981501_197']/div[3]/div/div/div[4]/div/div/div[3]/p'. Please recheck the objects properties to make sure the desired element is located. 

2022-01-15 16:56:23 - [MESSAGE][WARNING] - [SELF-HEALING] Failed to find element with id 'Object Repository/Page_Dashboard/p_Xin chao ban'. Try using Self-healing.

2022-01-15 16:56:23 - [MESSAGE][WARNING] - [SELF-HEALING] The current locator of test object 'Object Repository/Page_Dashboard/p_Xin chao ban' was broken. Propose an alternative one: '(.//*[normalize-space(text()) and normalize-space(.)='Retry'])[1]/following::p[1]'.

2022-01-15 16:56:23 - [MESSAGE][PASSED] - Actual text and expected text of test object 'Object Repository/Page_Dashboard/p_Xin chao ban' are matched.

2022-01-15 16:56:23 - [TEST_STEP][PASSED] - click(findTestObject("Object Repository/Page_Dashboard/a_Student Walston")): Object: 'Object Repository/Page_Dashboard/a_Student Walston' is clicked on

2022-01-15 16:56:23 - [MESSAGE][PASSED] - Object: 'Object Repository/Page_Dashboard/a_Student Walston' is clicked on

2022-01-15 16:56:23 - [TEST_STEP][PASSED] - click(findTestObject("Object Repository/Page_Dashboard/a_Log out")): Object: 'Object Repository/Page_Dashboard/a_Log out' is clicked on

2022-01-15 16:56:24 - [MESSAGE][PASSED] - Object: 'Object Repository/Page_Dashboard/a_Log out' is clicked on

2022-01-15 16:56:24 - [TEST_STEP][PASSED] - click(findTestObject("Object Repository/Page_HCMUS/a_Log in")): Object: 'Object Repository/Page_HCMUS/a_Log in' is clicked on

2022-01-15 16:56:24 - [MESSAGE][PASSED] - Object: 'Object Repository/Page_HCMUS/a_Log in' is clicked on

2022-01-15 16:56:24 - [TEST_STEP][PASSED] - setText(findTestObject("Object Repository/Page_HCMUS Log in to the site/input_Username_username"), "student4"): Text 'student4' is set on object 'Object Repository/Page_HCMUS Log in to the site/input_Username_username'

2022-01-15 16:56:25 - [MESSAGE][PASSED] - Text 'student4' is set on object 'Object Repository/Page_HCMUS Log in to the site/input_Username_username'

2022-01-15 16:56:25 - [TEST_STEP][PASSED] - setEncryptedText(findTestObject("Object Repository/Page_HCMUS Log in to the site/input_Password_password"), "xsue+lrReh4ZVHWELaqxDw=="): Text ****** has been set on object 'Object Repository/Page_HCMUS Log in to the site/input_Password_password'

2022-01-15 16:56:26 - [MESSAGE][PASSED] - Text ****** has been set on object 'Object Repository/Page_HCMUS Log in to the site/input_Password_password'

2022-01-15 16:56:26 - [TEST_STEP][PASSED] - click(findTestObject("Object Repository/Page_HCMUS Log in to the site/button_Log in")): Object: 'Object Repository/Page_HCMUS Log in to the site/button_Log in' is clicked on

2022-01-15 16:56:27 - [MESSAGE][PASSED] - Object: 'Object Repository/Page_HCMUS Log in to the site/button_Log in' is clicked on

2022-01-15 16:56:27 - [TEST_STEP][PASSED] - click(findTestObject("Object Repository/Page_Dashboard/i_See all_icon fa fa-comment fa-fw")): Object: 'Object Repository/Page_Dashboard/i_See all_icon fa fa-comment fa-fw' is clicked on

2022-01-15 16:56:33 - [MESSAGE][INFO] - Unable to find the element located by 'By.xpath: //a[@id='message-drawer-toggle-61de75556871461de7555228969']/i'. Please recheck the objects properties to make sure the desired element is located. 

2022-01-15 16:56:33 - [MESSAGE][WARNING] - [SELF-HEALING] Failed to find element with id 'Object Repository/Page_Dashboard/i_See all_icon fa fa-comment fa-fw'. Try using Self-healing.

2022-01-15 16:56:33 - [MESSAGE][WARNING] - [SELF-HEALING] The current locator of test object 'Object Repository/Page_Dashboard/i_See all_icon fa fa-comment fa-fw' was broken. Propose an alternative one: '//div[2]/a/i'.

2022-01-15 16:56:33 - [MESSAGE][PASSED] - Object: 'Object Repository/Page_Dashboard/i_See all_icon fa fa-comment fa-fw' is clicked on

2022-01-15 16:56:33 - [TEST_STEP][PASSED] - click(findTestObject("Object Repository/Page_Dashboard/p_Xin chao ban_1")): Object: 'Object Repository/Page_Dashboard/p_Xin chao ban_1' is clicked on

2022-01-15 16:56:39 - [MESSAGE][INFO] - Unable to find the element located by 'By.xpath: //div[@id='view-overview-messages-target-61de757f8a46761de757f3cf1018']/div[2]/a/div/p'. Please recheck the objects properties to make sure the desired element is located. 

2022-01-15 16:56:39 - [MESSAGE][WARNING] - [SELF-HEALING] Failed to find element with id 'Object Repository/Page_Dashboard/p_Xin chao ban_1'. Try using Self-healing.

2022-01-15 16:56:40 - [MESSAGE][WARNING] - [SELF-HEALING] The current locator of test object 'Object Repository/Page_Dashboard/p_Xin chao ban_1' was broken. Propose an alternative one: '(.//*[normalize-space(text()) and normalize-space(.)='Student Walston'])[2]/following::p[1]'.

2022-01-15 16:56:40 - [MESSAGE][PASSED] - Object: 'Object Repository/Page_Dashboard/p_Xin chao ban_1' is clicked on

2022-01-15 16:56:40 - [TEST_STEP][PASSED] - verifyElementText(findTestObject("Object Repository/Page_Dashboard/h6_Student Walston"), "Student Walston"): Actual text and expected text of test object 'Object Repository/Page_Dashboard/h6_Student Walston' are matched.

2022-01-15 16:56:46 - [MESSAGE][INFO] - Unable to find the element located by 'By.xpath: //div[@id='yui_3_17_2_1_1641969023631_197']/div[3]/div/div/div[4]/div/div/div[2]/div[2]/h6'. Please recheck the objects properties to make sure the desired element is located. 

2022-01-15 16:56:46 - [MESSAGE][WARNING] - [SELF-HEALING] Failed to find element with id 'Object Repository/Page_Dashboard/h6_Student Walston'. Try using Self-healing.

2022-01-15 16:56:46 - [MESSAGE][WARNING] - [SELF-HEALING] The current locator of test object 'Object Repository/Page_Dashboard/h6_Student Walston' was broken. Propose an alternative one: '(.//*[normalize-space(text()) and normalize-space(.)='No contact requests'])[1]/following::h6[2]'.

2022-01-15 16:56:46 - [MESSAGE][PASSED] - Actual text and expected text of test object 'Object Repository/Page_Dashboard/h6_Student Walston' are matched.

2022-01-15 16:56:46 - [TEST_STEP][PASSED] - verifyElementText(findTestObject("Object Repository/Page_Dashboard/p_Xin chao ban"), "Xin chao ban"): Actual text and expected text of test object 'Object Repository/Page_Dashboard/p_Xin chao ban' are matched.

2022-01-15 16:56:53 - [MESSAGE][INFO] - Unable to find the element located by 'By.xpath: //div[@id='yui_3_17_2_1_1641968981501_197']/div[3]/div/div/div[4]/div/div/div[3]/p'. Please recheck the objects properties to make sure the desired element is located. 

2022-01-15 16:56:53 - [MESSAGE][WARNING] - [SELF-HEALING] Failed to find element with id 'Object Repository/Page_Dashboard/p_Xin chao ban'. Try using Self-healing.

2022-01-15 16:56:53 - [MESSAGE][WARNING] - [SELF-HEALING] The current locator of test object 'Object Repository/Page_Dashboard/p_Xin chao ban' was broken. Propose an alternative one: '(.//*[normalize-space(text()) and normalize-space(.)='Retry'])[1]/following::p[1]'.

2022-01-15 16:56:53 - [MESSAGE][PASSED] - Actual text and expected text of test object 'Object Repository/Page_Dashboard/p_Xin chao ban' are matched.

2022-01-15 16:56:53 - [TEST_STEP][PASSED] - closeBrowser(): Browser is closed

2022-01-15 16:56:54 - [MESSAGE][PASSED] - Browser is closed]]></system-out>
         <system-err><![CDATA[]]></system-err>
      </testcase>
      <testcase name="Test Cases/38_Giáo viên thêm một thư mục vào môn học" time="31.92" classname="Test Cases/38_Giáo viên thêm một thư mục vào môn học" status="PASSED">
         <system-out><![CDATA[2022-01-15 16:56:54 - [TEST_CASE][PASSED] - Test Cases/38_Giáo viên thêm một thư mục vào môn học: Test Cases/38_Giáo viên thêm một thư mục vào môn học

2022-01-15 16:56:54 - [TEST_STEP][PASSED] - openBrowser(""): Browser is opened with url: ''

2022-01-15 16:56:54 - [MESSAGE][INFO] - Starting 'Chrome' driver

2022-01-15 16:56:54 - [MESSAGE][INFO] - Action delay is set to 0 milliseconds

2022-01-15 16:56:55 - [MESSAGE][PASSED] - Browser is opened with url: ''

2022-01-15 16:56:55 - [TEST_STEP][PASSED] - navigateToUrl("http://localhost/"): Navigate to 'http://localhost/' successfully

2022-01-15 16:56:56 - [MESSAGE][PASSED] - Navigate to 'http://localhost/' successfully

2022-01-15 16:56:56 - [TEST_STEP][PASSED] - click(findTestObject("Object Repository/Page_HCMUS/a_Log in")): Object: 'Object Repository/Page_HCMUS/a_Log in' is clicked on

2022-01-15 16:56:56 - [MESSAGE][PASSED] - Object: 'Object Repository/Page_HCMUS/a_Log in' is clicked on

2022-01-15 16:56:56 - [TEST_STEP][PASSED] - setText(findTestObject("Object Repository/Page_HCMUS Log in to the site/input_Username_username"), "teacher1"): Text 'teacher1' is set on object 'Object Repository/Page_HCMUS Log in to the site/input_Username_username'

2022-01-15 16:56:57 - [MESSAGE][PASSED] - Text 'teacher1' is set on object 'Object Repository/Page_HCMUS Log in to the site/input_Username_username'

2022-01-15 16:56:57 - [TEST_STEP][PASSED] - setEncryptedText(findTestObject("Object Repository/Page_HCMUS Log in to the site/input_Password_password"), "iKb8CrY6A/iqm08K47hQLA=="): Text ****** has been set on object 'Object Repository/Page_HCMUS Log in to the site/input_Password_password'

2022-01-15 16:56:57 - [MESSAGE][PASSED] - Text ****** has been set on object 'Object Repository/Page_HCMUS Log in to the site/input_Password_password'

2022-01-15 16:56:57 - [TEST_STEP][PASSED] - click(findTestObject("Object Repository/Page_HCMUS Log in to the site/button_Log in")): Object: 'Object Repository/Page_HCMUS Log in to the site/button_Log in' is clicked on

2022-01-15 16:56:58 - [MESSAGE][PASSED] - Object: 'Object Repository/Page_HCMUS Log in to the site/button_Log in' is clicked on

2022-01-15 16:56:58 - [TEST_STEP][PASSED] - click(findTestObject("Object Repository/Page_Dashboard/span_Site home")): Object: 'Object Repository/Page_Dashboard/span_Site home' is clicked on

2022-01-15 16:57:00 - [MESSAGE][PASSED] - Object: 'Object Repository/Page_Dashboard/span_Site home' is clicked on

2022-01-15 16:57:00 - [TEST_STEP][PASSED] - click(findTestObject("Object Repository/Page_HCMUS/a_Nhp mn tr tu nhn to")): Object: 'Object Repository/Page_HCMUS/a_Nhp mn tr tu nhn to' is clicked on

2022-01-15 16:57:01 - [MESSAGE][PASSED] - Object: 'Object Repository/Page_HCMUS/a_Nhp mn tr tu nhn to' is clicked on

2022-01-15 16:57:01 - [TEST_STEP][PASSED] - click(findTestObject("Object Repository/Page_Course Nhp mn tr tu nhn to/button_Turn editing on")): Object: 'Object Repository/Page_Course Nhp mn tr tu nhn to/button_Turn editing on' is clicked on

2022-01-15 16:57:07 - [MESSAGE][INFO] - Unable to find the element located by 'By.xpath: //button[@id='single_button61deb918b38a91']'. Please recheck the objects properties to make sure the desired element is located. 

2022-01-15 16:57:07 - [MESSAGE][WARNING] - [SELF-HEALING] Failed to find element with id 'Object Repository/Page_Course Nhp mn tr tu nhn to/button_Turn editing on'. Try using Self-healing.

2022-01-15 16:57:07 - [MESSAGE][WARNING] - [SELF-HEALING] The current locator of test object 'Object Repository/Page_Course Nhp mn tr tu nhn to/button_Turn editing on' was broken. Propose an alternative one: '(.//*[normalize-space(text()) and normalize-space(.)='AI'])[2]/following::button[1]'.

2022-01-15 16:57:07 - [MESSAGE][PASSED] - Object: 'Object Repository/Page_Course Nhp mn tr tu nhn to/button_Turn editing on' is clicked on

2022-01-15 16:57:07 - [TEST_STEP][PASSED] - click(findTestObject("Object Repository/Page_Course Nhp mn tr tu nhn to/span_Add an activity or resource")): Object: 'Object Repository/Page_Course Nhp mn tr tu nhn to/span_Add an activity or resource' is clicked on

2022-01-15 16:57:14 - [MESSAGE][INFO] - Unable to find the element located by 'By.xpath: //span[@id='yui_3_17_2_1_1641986354069_794']'. Please recheck the objects properties to make sure the desired element is located. 

2022-01-15 16:57:14 - [MESSAGE][WARNING] - [SELF-HEALING] Failed to find element with id 'Object Repository/Page_Course Nhp mn tr tu nhn to/span_Add an activity or resource'. Try using Self-healing.

2022-01-15 16:57:14 - [MESSAGE][WARNING] - [SELF-HEALING] The current locator of test object 'Object Repository/Page_Course Nhp mn tr tu nhn to/span_Add an activity or resource' was broken. Propose an alternative one: '(.//*[normalize-space(text()) and normalize-space(.)='Add file(s) here'])[1]/following::span[1]'.

2022-01-15 16:57:14 - [MESSAGE][PASSED] - Object: 'Object Repository/Page_Course Nhp mn tr tu nhn to/span_Add an activity or resource' is clicked on

2022-01-15 16:57:14 - [TEST_STEP][PASSED] - click(findTestObject("Object Repository/Page_Course Nhp mn tr tu nhn to/div_Folder")): Object: 'Object Repository/Page_Course Nhp mn tr tu nhn to/div_Folder' is clicked on

2022-01-15 16:57:20 - [MESSAGE][INFO] - Unable to find the element located by 'By.xpath: //div[@id='all-5']/div/div[9]/div/a/div[2]'. Please recheck the objects properties to make sure the desired element is located. 

2022-01-15 16:57:20 - [MESSAGE][WARNING] - [SELF-HEALING] Failed to find element with id 'Object Repository/Page_Course Nhp mn tr tu nhn to/div_Folder'. Try using Self-healing.

2022-01-15 16:57:20 - [MESSAGE][INFO] - [SELF-HEALING] Failed Locator: '//div[@id='all-5']/div/div[9]/div/a/div[2]'.

2022-01-15 16:57:21 - [MESSAGE][INFO] - [SELF-HEALING] Working Locator: '(.//*[normalize-space(text()) and normalize-space(.)='Information about the File activity'])[1]/following::div[4]'.

2022-01-15 16:57:21 - [MESSAGE][INFO] - [SELF-HEALING] Screenshot: C:/Users/congt/git/Test-Automation-SE-Bonus/Reports/Self-healing/Object Repository/Page_Course Nhp mn tr tu nhn to/div_Folder_neighbor.png

2022-01-15 16:57:21 - [MESSAGE][WARNING] - [SELF-HEALING] The current locator of test object 'Object Repository/Page_Course Nhp mn tr tu nhn to/div_Folder' was broken. Propose an alternative one: '(.//*[normalize-space(text()) and normalize-space(.)='Information about the File activity'])[1]/following::div[4]'.

2022-01-15 16:57:22 - [MESSAGE][PASSED] - Object: 'Object Repository/Page_Course Nhp mn tr tu nhn to/div_Folder' is clicked on

2022-01-15 16:57:22 - [TEST_STEP][PASSED] - setText(findTestObject("Object Repository/Page_Editing Folder/input_Name_name"), "Documents"): Text 'Documents' is set on object 'Object Repository/Page_Editing Folder/input_Name_name'

2022-01-15 16:57:23 - [MESSAGE][PASSED] - Text 'Documents' is set on object 'Object Repository/Page_Editing Folder/input_Name_name'

2022-01-15 16:57:23 - [TEST_STEP][PASSED] - click(findTestObject("Object Repository/Page_Editing Folder/input_Upon activity completion_submitbutton")): Object: 'Object Repository/Page_Editing Folder/input_Upon activity completion_submitbutton' is clicked on

2022-01-15 16:57:24 - [MESSAGE][PASSED] - Object: 'Object Repository/Page_Editing Folder/input_Upon activity completion_submitbutton' is clicked on

2022-01-15 16:57:24 - [TEST_STEP][PASSED] - verifyElementText(findTestObject("Object Repository/Page_AI Documents/h2_Documents"), "Documents"): Actual text and expected text of test object 'Object Repository/Page_AI Documents/h2_Documents' are matched.

2022-01-15 16:57:25 - [MESSAGE][PASSED] - Actual text and expected text of test object 'Object Repository/Page_AI Documents/h2_Documents' are matched.

2022-01-15 16:57:25 - [TEST_STEP][PASSED] - closeBrowser(): Browser is closed

2022-01-15 16:57:26 - [MESSAGE][PASSED] - Browser is closed]]></system-out>
         <system-err><![CDATA[]]></system-err>
      </testcase>
      <testcase name="Test Cases/39_Giáo viên pin một discussion trong forum" time="18.959" classname="Test Cases/39_Giáo viên pin một discussion trong forum" status="FAILED">
         <failure type="FAILED" message="Test Cases/39_Giáo viên pin một discussion trong forum FAILED.
Reason:
com.kms.katalon.core.exception.StepFailedException: Unable to click on object 'Object Repository/Page_Forum 1/i_Subscribe to this discussion_icon fa fa-e_f628f6'
	at com.kms.katalon.core.webui.keyword.internal.WebUIKeywordMain.stepFailed(WebUIKeywordMain.groovy:64)
	at com.kms.katalon.core.webui.keyword.internal.WebUIKeywordMain.runKeyword(WebUIKeywordMain.groovy:26)
	at com.kms.katalon.core.webui.keyword.builtin.ClickKeyword.click(ClickKeyword.groovy:74)
	at com.kms.katalon.core.webui.keyword.builtin.ClickKeyword.execute(ClickKeyword.groovy:40)
	at com.kms.katalon.core.keyword.internal.KeywordExecutor.executeKeywordForPlatform(KeywordExecutor.groovy:74)
	at com.kms.katalon.core.webui.keyword.WebUiBuiltInKeywords.click(WebUiBuiltInKeywords.groovy:620)
	at com.kms.katalon.core.webui.keyword.WebUiBuiltInKeywords$click$1.call(Unknown Source)
	at 39_Giáo viên pin một discussion trong forum.run(39_Giáo viên pin một discussion trong forum:38)
	at com.kms.katalon.core.main.ScriptEngine.run(ScriptEngine.java:194)
	at com.kms.katalon.core.main.ScriptEngine.runScriptAsRawText(ScriptEngine.java:119)
	at com.kms.katalon.core.main.TestCaseExecutor.runScript(TestCaseExecutor.java:442)
	at com.kms.katalon.core.main.TestCaseExecutor.doExecute(TestCaseExecutor.java:433)
	at com.kms.katalon.core.main.TestCaseExecutor.processExecutionPhase(TestCaseExecutor.java:412)
	at com.kms.katalon.core.main.TestCaseExecutor.accessMainPhase(TestCaseExecutor.java:404)
	at com.kms.katalon.core.main.TestCaseExecutor.execute(TestCaseExecutor.java:281)
	at com.kms.katalon.core.main.TestCaseExecutor.execute(TestCaseExecutor.java:363)
	at com.kms.katalon.core.main.TestCaseExecutor.execute(TestCaseExecutor.java:363)
	at com.kms.katalon.core.main.TestCaseExecutor.execute(TestCaseExecutor.java:363)
	at com.kms.katalon.core.main.TestSuiteExecutor.accessTestCaseMainPhase(TestSuiteExecutor.java:202)
	at com.kms.katalon.core.main.TestSuiteExecutor.accessTestSuiteMainPhase(TestSuiteExecutor.java:164)
	at com.kms.katalon.core.main.TestSuiteExecutor.execute(TestSuiteExecutor.java:105)
	at com.kms.katalon.core.main.TestCaseMain.startTestSuite(TestCaseMain.java:181)
	at com.kms.katalon.core.main.TestCaseMain$startTestSuite$0.call(Unknown Source)
	at TempTestSuite1642239075402.run(TempTestSuite1642239075402.groovy:36)
Caused by: com.kms.katalon.core.webui.exception.WebElementNotFoundException: Web element with id: 'Object Repository/Page_Forum 1/i_Subscribe to this discussion_icon fa fa-e_f628f6' located by '//a[@id='yui_3_17_2_1_1641986967470_501']/i' not found
	at com.kms.katalon.core.webui.common.WebUiCommonHelper.findWebElement(WebUiCommonHelper.java:1368)
	at com.kms.katalon.core.webui.keyword.internal.WebUIAbstractKeyword.findWebElement(WebUIAbstractKeyword.groovy:27)
	at com.kms.katalon.core.webui.keyword.builtin.ClickKeyword$_click_closure1.doCall(ClickKeyword.groovy:65)
	at com.kms.katalon.core.webui.keyword.builtin.ClickKeyword$_click_closure1.call(ClickKeyword.groovy)
	at com.kms.katalon.core.webui.keyword.internal.WebUIKeywordMain.runKeyword(WebUIKeywordMain.groovy:20)
	... 22 more
"/>
         <system-out><![CDATA[2022-01-15 16:58:23 - [TEST_CASE][FAILED] - Test Cases/39_Giáo viên pin một discussion trong forum: Test Cases/39_Giáo viên pin một discussion trong forum FAILED.
Reason:
com.kms.katalon.core.exception.StepFailedException: Unable to click on object 'Object Repository/Page_Forum 1/i_Subscribe to this discussion_icon fa fa-e_f628f6'
	at com.kms.katalon.core.webui.keyword.internal.WebUIKeywordMain.stepFailed(WebUIKeywordMain.groovy:64)
	at com.kms.katalon.core.webui.keyword.internal.WebUIKeywordMain.runKeyword(WebUIKeywordMain.groovy:26)
	at com.kms.katalon.core.webui.keyword.builtin.ClickKeyword.click(ClickKeyword.groovy:74)
	at com.kms.katalon.core.webui.keyword.builtin.ClickKeyword.execute(ClickKeyword.groovy:40)
	at com.kms.katalon.core.keyword.internal.KeywordExecutor.executeKeywordForPlatform(KeywordExecutor.groovy:74)
	at com.kms.katalon.core.webui.keyword.WebUiBuiltInKeywords.click(WebUiBuiltInKeywords.groovy:620)
	at com.kms.katalon.core.webui.keyword.WebUiBuiltInKeywords$click$1.call(Unknown Source)
	at 39_Giáo viên pin một discussion trong forum.run(39_Giáo viên pin một discussion trong forum:38)
	at com.kms.katalon.core.main.ScriptEngine.run(ScriptEngine.java:194)
	at com.kms.katalon.core.main.ScriptEngine.runScriptAsRawText(ScriptEngine.java:119)
	at com.kms.katalon.core.main.TestCaseExecutor.runScript(TestCaseExecutor.java:442)
	at com.kms.katalon.core.main.TestCaseExecutor.doExecute(TestCaseExecutor.java:433)
	at com.kms.katalon.core.main.TestCaseExecutor.processExecutionPhase(TestCaseExecutor.java:412)
	at com.kms.katalon.core.main.TestCaseExecutor.accessMainPhase(TestCaseExecutor.java:404)
	at com.kms.katalon.core.main.TestCaseExecutor.execute(TestCaseExecutor.java:281)
	at com.kms.katalon.core.main.TestCaseExecutor.execute(TestCaseExecutor.java:363)
	at com.kms.katalon.core.main.TestCaseExecutor.execute(TestCaseExecutor.java:363)
	at com.kms.katalon.core.main.TestCaseExecutor.execute(TestCaseExecutor.java:363)
	at com.kms.katalon.core.main.TestSuiteExecutor.accessTestCaseMainPhase(TestSuiteExecutor.java:202)
	at com.kms.katalon.core.main.TestSuiteExecutor.accessTestSuiteMainPhase(TestSuiteExecutor.java:164)
	at com.kms.katalon.core.main.TestSuiteExecutor.execute(TestSuiteExecutor.java:105)
	at com.kms.katalon.core.main.TestCaseMain.startTestSuite(TestCaseMain.java:181)
	at com.kms.katalon.core.main.TestCaseMain$startTestSuite$0.call(Unknown Source)
	at TempTestSuite1642239075402.run(TempTestSuite1642239075402.groovy:36)
Caused by: com.kms.katalon.core.webui.exception.WebElementNotFoundException: Web element with id: 'Object Repository/Page_Forum 1/i_Subscribe to this discussion_icon fa fa-e_f628f6' located by '//a[@id='yui_3_17_2_1_1641986967470_501']/i' not found
	at com.kms.katalon.core.webui.common.WebUiCommonHelper.findWebElement(WebUiCommonHelper.java:1368)
	at com.kms.katalon.core.webui.keyword.internal.WebUIAbstractKeyword.findWebElement(WebUIAbstractKeyword.groovy:27)
	at com.kms.katalon.core.webui.keyword.builtin.ClickKeyword$_click_closure1.doCall(ClickKeyword.groovy:65)
	at com.kms.katalon.core.webui.keyword.builtin.ClickKeyword$_click_closure1.call(ClickKeyword.groovy)
	at com.kms.katalon.core.webui.keyword.internal.WebUIKeywordMain.runKeyword(WebUIKeywordMain.groovy:20)
	... 22 more


2022-01-15 16:58:23 - [TEST_STEP][PASSED] - openBrowser(""): Browser is opened with url: ''

2022-01-15 16:58:23 - [MESSAGE][WARNING] - A browser is already opened. Closing browser and opening a new one

2022-01-15 16:58:24 - [MESSAGE][INFO] - Starting 'Chrome' driver

2022-01-15 16:58:24 - [MESSAGE][INFO] - Action delay is set to 0 milliseconds

2022-01-15 16:58:25 - [MESSAGE][PASSED] - Browser is opened with url: ''

2022-01-15 16:58:25 - [TEST_STEP][PASSED] - navigateToUrl("http://localhost/"): Navigate to 'http://localhost/' successfully

2022-01-15 16:58:26 - [MESSAGE][PASSED] - Navigate to 'http://localhost/' successfully

2022-01-15 16:58:26 - [TEST_STEP][PASSED] - click(findTestObject("Object Repository/Page_HCMUS/a_Log in")): Object: 'Object Repository/Page_HCMUS/a_Log in' is clicked on

2022-01-15 16:58:27 - [MESSAGE][PASSED] - Object: 'Object Repository/Page_HCMUS/a_Log in' is clicked on

2022-01-15 16:58:27 - [TEST_STEP][PASSED] - setText(findTestObject("Object Repository/Page_HCMUS Log in to the site/input_Username_username"), "teacher1"): Text 'teacher1' is set on object 'Object Repository/Page_HCMUS Log in to the site/input_Username_username'

2022-01-15 16:58:27 - [MESSAGE][PASSED] - Text 'teacher1' is set on object 'Object Repository/Page_HCMUS Log in to the site/input_Username_username'

2022-01-15 16:58:27 - [TEST_STEP][PASSED] - setEncryptedText(findTestObject("Object Repository/Page_HCMUS Log in to the site/input_Password_password"), "iKb8CrY6A/iqm08K47hQLA=="): Text ****** has been set on object 'Object Repository/Page_HCMUS Log in to the site/input_Password_password'

2022-01-15 16:58:28 - [MESSAGE][PASSED] - Text ****** has been set on object 'Object Repository/Page_HCMUS Log in to the site/input_Password_password'

2022-01-15 16:58:28 - [TEST_STEP][PASSED] - click(findTestObject("Object Repository/Page_HCMUS Log in to the site/button_Log in")): Object: 'Object Repository/Page_HCMUS Log in to the site/button_Log in' is clicked on

2022-01-15 16:58:29 - [MESSAGE][PASSED] - Object: 'Object Repository/Page_HCMUS Log in to the site/button_Log in' is clicked on

2022-01-15 16:58:29 - [TEST_STEP][PASSED] - click(findTestObject("Object Repository/Page_Dashboard/span_Site home")): Object: 'Object Repository/Page_Dashboard/span_Site home' is clicked on

2022-01-15 16:58:30 - [MESSAGE][PASSED] - Object: 'Object Repository/Page_Dashboard/span_Site home' is clicked on

2022-01-15 16:58:30 - [TEST_STEP][PASSED] - click(findTestObject("Object Repository/Page_HCMUS/a_Nhp mn tr tu nhn to")): Object: 'Object Repository/Page_HCMUS/a_Nhp mn tr tu nhn to' is clicked on

2022-01-15 16:58:31 - [MESSAGE][PASSED] - Object: 'Object Repository/Page_HCMUS/a_Nhp mn tr tu nhn to' is clicked on

2022-01-15 16:58:31 - [TEST_STEP][PASSED] - click(findTestObject("Object Repository/Page_Course Nhp mn tr tu nhn to/span_Forum 1")): Object: 'Object Repository/Page_Course Nhp mn tr tu nhn to/span_Forum 1' is clicked on

2022-01-15 16:58:32 - [MESSAGE][PASSED] - Object: 'Object Repository/Page_Course Nhp mn tr tu nhn to/span_Forum 1' is clicked on

2022-01-15 16:58:32 - [TEST_STEP][FAILED] - click(findTestObject("Object Repository/Page_Forum 1/i_Subscribe to this discussion_icon fa fa-e_f628f6")): Unable to click on object 'Object Repository/Page_Forum 1/i_Subscribe to this discussion_icon fa fa-e_f628f6' (Root cause: com.kms.katalon.core.exception.StepFailedException: Unable to click on object 'Object Repository/Page_Forum 1/i_Subscribe to this discussion_icon fa fa-e_f628f6'
	at com.kms.katalon.core.webui.keyword.internal.WebUIKeywordMain.stepFailed(WebUIKeywordMain.groovy:64)
	at com.kms.katalon.core.webui.keyword.internal.WebUIKeywordMain.runKeyword(WebUIKeywordMain.groovy:26)
	at com.kms.katalon.core.webui.keyword.builtin.ClickKeyword.click(ClickKeyword.groovy:74)
	at com.kms.katalon.core.webui.keyword.builtin.ClickKeyword.execute(ClickKeyword.groovy:40)
	at com.kms.katalon.core.keyword.internal.KeywordExecutor.executeKeywordForPlatform(KeywordExecutor.groovy:74)
	at com.kms.katalon.core.webui.keyword.WebUiBuiltInKeywords.click(WebUiBuiltInKeywords.groovy:620)
	at com.kms.katalon.core.webui.keyword.WebUiBuiltInKeywords$click$1.call(Unknown Source)
	at 39_Giáo viên pin một discussion trong forum.run(39_Giáo viên pin một discussion trong forum:38)
	at com.kms.katalon.core.main.ScriptEngine.run(ScriptEngine.java:194)
	at com.kms.katalon.core.main.ScriptEngine.runScriptAsRawText(ScriptEngine.java:119)
	at com.kms.katalon.core.main.TestCaseExecutor.runScript(TestCaseExecutor.java:442)
	at com.kms.katalon.core.main.TestCaseExecutor.doExecute(TestCaseExecutor.java:433)
	at com.kms.katalon.core.main.TestCaseExecutor.processExecutionPhase(TestCaseExecutor.java:412)
	at com.kms.katalon.core.main.TestCaseExecutor.accessMainPhase(TestCaseExecutor.java:404)
	at com.kms.katalon.core.main.TestCaseExecutor.execute(TestCaseExecutor.java:281)
	at com.kms.katalon.core.main.TestCaseExecutor.execute(TestCaseExecutor.java:363)
	at com.kms.katalon.core.main.TestCaseExecutor.execute(TestCaseExecutor.java:363)
	at com.kms.katalon.core.main.TestCaseExecutor.execute(TestCaseExecutor.java:363)
	at com.kms.katalon.core.main.TestSuiteExecutor.accessTestCaseMainPhase(TestSuiteExecutor.java:202)
	at com.kms.katalon.core.main.TestSuiteExecutor.accessTestSuiteMainPhase(TestSuiteExecutor.java:164)
	at com.kms.katalon.core.main.TestSuiteExecutor.execute(TestSuiteExecutor.java:105)
	at com.kms.katalon.core.main.TestCaseMain.startTestSuite(TestCaseMain.java:181)
	at com.kms.katalon.core.main.TestCaseMain$startTestSuite$0.call(Unknown Source)
	at TempTestSuite1642239075402.run(TempTestSuite1642239075402.groovy:36)
Caused by: com.kms.katalon.core.webui.exception.WebElementNotFoundException: Web element with id: 'Object Repository/Page_Forum 1/i_Subscribe to this discussion_icon fa fa-e_f628f6' located by '//a[@id='yui_3_17_2_1_1641986967470_501']/i' not found
	at com.kms.katalon.core.webui.common.WebUiCommonHelper.findWebElement(WebUiCommonHelper.java:1368)
	at com.kms.katalon.core.webui.keyword.internal.WebUIAbstractKeyword.findWebElement(WebUIAbstractKeyword.groovy:27)
	at com.kms.katalon.core.webui.keyword.builtin.ClickKeyword$_click_closure1.doCall(ClickKeyword.groovy:65)
	at com.kms.katalon.core.webui.keyword.builtin.ClickKeyword$_click_closure1.call(ClickKeyword.groovy)
	at com.kms.katalon.core.webui.keyword.internal.WebUIKeywordMain.runKeyword(WebUIKeywordMain.groovy:20)
	at com.kms.katalon.core.webui.keyword.builtin.ClickKeyword.click(ClickKeyword.groovy:74)
	at com.kms.katalon.core.webui.keyword.builtin.ClickKeyword.execute(ClickKeyword.groovy:40)
	at com.kms.katalon.core.keyword.internal.KeywordExecutor.executeKeywordForPlatform(KeywordExecutor.groovy:74)
	at com.kms.katalon.core.webui.keyword.WebUiBuiltInKeywords.click(WebUiBuiltInKeywords.groovy:620)
	at com.kms.katalon.core.webui.keyword.WebUiBuiltInKeywords$click$1.call(Unknown Source)
	at Script1641986436339.run(Script1641986436339.groovy:38)
	... 16 more
)

2022-01-15 16:58:38 - [MESSAGE][INFO] - Unable to find the element located by 'By.xpath: //a[@id='yui_3_17_2_1_1641986967470_501']/i'. Please recheck the objects properties to make sure the desired element is located. 

2022-01-15 16:58:38 - [MESSAGE][WARNING] - [SELF-HEALING] Failed to find element with id 'Object Repository/Page_Forum 1/i_Subscribe to this discussion_icon fa fa-e_f628f6'. Try using Self-healing.

2022-01-15 16:58:39 - [MESSAGE][INFO] - [SELF-HEALING] Failed Locator: '//a[@id='yui_3_17_2_1_1641986967470_501']/i'.

2022-01-15 16:58:39 - [MESSAGE][INFO] - [SELF-HEALING] Failed Locator: '//td[6]/div/div/div/a/i'.

2022-01-15 16:58:39 - [MESSAGE][INFO] - [SELF-HEALING] Failed Locator: '//a[@id='yui_3_17_2_1_1641986468256_501']/i'.

2022-01-15 16:58:40 - [MESSAGE][INFO] - [SELF-HEALING] Failed Locator: '//a[@id='yui_3_17_2_1_1641986967470_501']/i'.

2022-01-15 16:58:40 - [MESSAGE][INFO] - [SELF-HEALING] Failed Locator: '//td[6]/div/div/div/a/i'.

2022-01-15 16:58:40 - [MESSAGE][INFO] - [SELF-HEALING] Failed Locator: '//a[@id='yui_3_17_2_1_1641986468256_501']/i'.

2022-01-15 16:58:41 - [MESSAGE][INFO] - Unable to find the element located by 'By.xpath: id("yui_3_17_2_1_1641986967470_501")/i[@class="icon fa fa-ellipsis-v fa-fw"]'. Please recheck the objects properties to make sure the desired element is located. 

2022-01-15 16:58:42 - [MESSAGE][INFO] - Unable to find the element located by 'By.cssSelector: '. Please recheck the objects properties to make sure the desired element is located. 

2022-01-15 16:58:42 - [MESSAGE][FAILED] - Unable to click on object 'Object Repository/Page_Forum 1/i_Subscribe to this discussion_icon fa fa-e_f628f6' (Root cause: com.kms.katalon.core.exception.StepFailedException: Unable to click on object 'Object Repository/Page_Forum 1/i_Subscribe to this discussion_icon fa fa-e_f628f6'
	at com.kms.katalon.core.webui.keyword.internal.WebUIKeywordMain.stepFailed(WebUIKeywordMain.groovy:64)
	at com.kms.katalon.core.webui.keyword.internal.WebUIKeywordMain.runKeyword(WebUIKeywordMain.groovy:26)
	at com.kms.katalon.core.webui.keyword.builtin.ClickKeyword.click(ClickKeyword.groovy:74)
	at com.kms.katalon.core.webui.keyword.builtin.ClickKeyword.execute(ClickKeyword.groovy:40)
	at com.kms.katalon.core.keyword.internal.KeywordExecutor.executeKeywordForPlatform(KeywordExecutor.groovy:74)
	at com.kms.katalon.core.webui.keyword.WebUiBuiltInKeywords.click(WebUiBuiltInKeywords.groovy:620)
	at com.kms.katalon.core.webui.keyword.WebUiBuiltInKeywords$click$1.call(Unknown Source)
	at 39_Giáo viên pin một discussion trong forum.run(39_Giáo viên pin một discussion trong forum:38)
	at com.kms.katalon.core.main.ScriptEngine.run(ScriptEngine.java:194)
	at com.kms.katalon.core.main.ScriptEngine.runScriptAsRawText(ScriptEngine.java:119)
	at com.kms.katalon.core.main.TestCaseExecutor.runScript(TestCaseExecutor.java:442)
	at com.kms.katalon.core.main.TestCaseExecutor.doExecute(TestCaseExecutor.java:433)
	at com.kms.katalon.core.main.TestCaseExecutor.processExecutionPhase(TestCaseExecutor.java:412)
	at com.kms.katalon.core.main.TestCaseExecutor.accessMainPhase(TestCaseExecutor.java:404)
	at com.kms.katalon.core.main.TestCaseExecutor.execute(TestCaseExecutor.java:281)
	at com.kms.katalon.core.main.TestCaseExecutor.execute(TestCaseExecutor.java:363)
	at com.kms.katalon.core.main.TestCaseExecutor.execute(TestCaseExecutor.java:363)
	at com.kms.katalon.core.main.TestCaseExecutor.execute(TestCaseExecutor.java:363)
	at com.kms.katalon.core.main.TestSuiteExecutor.accessTestCaseMainPhase(TestSuiteExecutor.java:202)
	at com.kms.katalon.core.main.TestSuiteExecutor.accessTestSuiteMainPhase(TestSuiteExecutor.java:164)
	at com.kms.katalon.core.main.TestSuiteExecutor.execute(TestSuiteExecutor.java:105)
	at com.kms.katalon.core.main.TestCaseMain.startTestSuite(TestCaseMain.java:181)
	at com.kms.katalon.core.main.TestCaseMain$startTestSuite$0.call(Unknown Source)
	at TempTestSuite1642239075402.run(TempTestSuite1642239075402.groovy:36)
Caused by: com.kms.katalon.core.webui.exception.WebElementNotFoundException: Web element with id: 'Object Repository/Page_Forum 1/i_Subscribe to this discussion_icon fa fa-e_f628f6' located by '//a[@id='yui_3_17_2_1_1641986967470_501']/i' not found
	at com.kms.katalon.core.webui.common.WebUiCommonHelper.findWebElement(WebUiCommonHelper.java:1368)
	at com.kms.katalon.core.webui.keyword.internal.WebUIAbstractKeyword.findWebElement(WebUIAbstractKeyword.groovy:27)
	at com.kms.katalon.core.webui.keyword.builtin.ClickKeyword$_click_closure1.doCall(ClickKeyword.groovy:65)
	at com.kms.katalon.core.webui.keyword.builtin.ClickKeyword$_click_closure1.call(ClickKeyword.groovy)
	at com.kms.katalon.core.webui.keyword.internal.WebUIKeywordMain.runKeyword(WebUIKeywordMain.groovy:20)
	at com.kms.katalon.core.webui.keyword.builtin.ClickKeyword.click(ClickKeyword.groovy:74)
	at com.kms.katalon.core.webui.keyword.builtin.ClickKeyword.execute(ClickKeyword.groovy:40)
	at com.kms.katalon.core.keyword.internal.KeywordExecutor.executeKeywordForPlatform(KeywordExecutor.groovy:74)
	at com.kms.katalon.core.webui.keyword.WebUiBuiltInKeywords.click(WebUiBuiltInKeywords.groovy:620)
	at com.kms.katalon.core.webui.keyword.WebUiBuiltInKeywords$click$1.call(Unknown Source)
	at Script1641986436339.run(Script1641986436339.groovy:38)
	... 16 more
)
[[ATTACHMENT|C:\\Users\\congt\\git\\Test-Automation-SE-Bonus\\Reports\\20220115_163115\\Run all test cases\\20220115_163115\\1642240722678.png]]]]></system-out>
         <system-err><![CDATA[2022-01-15 16:58:23 - [TEST_CASE][FAILED] - Test Cases/39_Giáo viên pin một discussion trong forum: Test Cases/39_Giáo viên pin một discussion trong forum FAILED.
Reason:
com.kms.katalon.core.exception.StepFailedException: Unable to click on object 'Object Repository/Page_Forum 1/i_Subscribe to this discussion_icon fa fa-e_f628f6'
	at com.kms.katalon.core.webui.keyword.internal.WebUIKeywordMain.stepFailed(WebUIKeywordMain.groovy:64)
	at com.kms.katalon.core.webui.keyword.internal.WebUIKeywordMain.runKeyword(WebUIKeywordMain.groovy:26)
	at com.kms.katalon.core.webui.keyword.builtin.ClickKeyword.click(ClickKeyword.groovy:74)
	at com.kms.katalon.core.webui.keyword.builtin.ClickKeyword.execute(ClickKeyword.groovy:40)
	at com.kms.katalon.core.keyword.internal.KeywordExecutor.executeKeywordForPlatform(KeywordExecutor.groovy:74)
	at com.kms.katalon.core.webui.keyword.WebUiBuiltInKeywords.click(WebUiBuiltInKeywords.groovy:620)
	at com.kms.katalon.core.webui.keyword.WebUiBuiltInKeywords$click$1.call(Unknown Source)
	at 39_Giáo viên pin một discussion trong forum.run(39_Giáo viên pin một discussion trong forum:38)
	at com.kms.katalon.core.main.ScriptEngine.run(ScriptEngine.java:194)
	at com.kms.katalon.core.main.ScriptEngine.runScriptAsRawText(ScriptEngine.java:119)
	at com.kms.katalon.core.main.TestCaseExecutor.runScript(TestCaseExecutor.java:442)
	at com.kms.katalon.core.main.TestCaseExecutor.doExecute(TestCaseExecutor.java:433)
	at com.kms.katalon.core.main.TestCaseExecutor.processExecutionPhase(TestCaseExecutor.java:412)
	at com.kms.katalon.core.main.TestCaseExecutor.accessMainPhase(TestCaseExecutor.java:404)
	at com.kms.katalon.core.main.TestCaseExecutor.execute(TestCaseExecutor.java:281)
	at com.kms.katalon.core.main.TestCaseExecutor.execute(TestCaseExecutor.java:363)
	at com.kms.katalon.core.main.TestCaseExecutor.execute(TestCaseExecutor.java:363)
	at com.kms.katalon.core.main.TestCaseExecutor.execute(TestCaseExecutor.java:363)
	at com.kms.katalon.core.main.TestSuiteExecutor.accessTestCaseMainPhase(TestSuiteExecutor.java:202)
	at com.kms.katalon.core.main.TestSuiteExecutor.accessTestSuiteMainPhase(TestSuiteExecutor.java:164)
	at com.kms.katalon.core.main.TestSuiteExecutor.execute(TestSuiteExecutor.java:105)
	at com.kms.katalon.core.main.TestCaseMain.startTestSuite(TestCaseMain.java:181)
	at com.kms.katalon.core.main.TestCaseMain$startTestSuite$0.call(Unknown Source)
	at TempTestSuite1642239075402.run(TempTestSuite1642239075402.groovy:36)
Caused by: com.kms.katalon.core.webui.exception.WebElementNotFoundException: Web element with id: 'Object Repository/Page_Forum 1/i_Subscribe to this discussion_icon fa fa-e_f628f6' located by '//a[@id='yui_3_17_2_1_1641986967470_501']/i' not found
	at com.kms.katalon.core.webui.common.WebUiCommonHelper.findWebElement(WebUiCommonHelper.java:1368)
	at com.kms.katalon.core.webui.keyword.internal.WebUIAbstractKeyword.findWebElement(WebUIAbstractKeyword.groovy:27)
	at com.kms.katalon.core.webui.keyword.builtin.ClickKeyword$_click_closure1.doCall(ClickKeyword.groovy:65)
	at com.kms.katalon.core.webui.keyword.builtin.ClickKeyword$_click_closure1.call(ClickKeyword.groovy)
	at com.kms.katalon.core.webui.keyword.internal.WebUIKeywordMain.runKeyword(WebUIKeywordMain.groovy:20)
	... 22 more]]></system-err>
      </testcase>
      <testcase name="Test Cases/40_Admin thêm danh mục với tên trống" time="12.277" classname="Test Cases/40_Admin thêm danh mục với tên trống" status="PASSED">
         <system-out><![CDATA[2022-01-15 16:58:42 - [TEST_CASE][PASSED] - Test Cases/40_Admin thêm danh mục với tên trống: Test Cases/40_Admin thêm danh mục với tên trống

2022-01-15 16:58:43 - [TEST_STEP][PASSED] - openBrowser(""): Browser is opened with url: ''

2022-01-15 16:58:43 - [MESSAGE][WARNING] - A browser is already opened. Closing browser and opening a new one

2022-01-15 16:58:43 - [MESSAGE][INFO] - Starting 'Chrome' driver

2022-01-15 16:58:43 - [MESSAGE][INFO] - Action delay is set to 0 milliseconds

2022-01-15 16:58:44 - [MESSAGE][PASSED] - Browser is opened with url: ''

2022-01-15 16:58:45 - [TEST_STEP][PASSED] - navigateToUrl("http://localhost/"): Navigate to 'http://localhost/' successfully

2022-01-15 16:58:45 - [MESSAGE][PASSED] - Navigate to 'http://localhost/' successfully

2022-01-15 16:58:45 - [TEST_STEP][PASSED] - click(findTestObject("Object Repository/Page_HCMUS/a_Log in")): Object: 'Object Repository/Page_HCMUS/a_Log in' is clicked on

2022-01-15 16:58:46 - [MESSAGE][PASSED] - Object: 'Object Repository/Page_HCMUS/a_Log in' is clicked on

2022-01-15 16:58:46 - [TEST_STEP][PASSED] - setText(findTestObject("Object Repository/Page_HCMUS Log in to the site/input_Username_username"), "admin"): Text 'admin' is set on object 'Object Repository/Page_HCMUS Log in to the site/input_Username_username'

2022-01-15 16:58:47 - [MESSAGE][PASSED] - Text 'admin' is set on object 'Object Repository/Page_HCMUS Log in to the site/input_Username_username'

2022-01-15 16:58:47 - [TEST_STEP][PASSED] - setEncryptedText(findTestObject("Object Repository/Page_HCMUS Log in to the site/input_Password_password"), "5MU2PI2jvJCK/lBTYOwt6g=="): Text ****** has been set on object 'Object Repository/Page_HCMUS Log in to the site/input_Password_password'

2022-01-15 16:58:47 - [MESSAGE][PASSED] - Text ****** has been set on object 'Object Repository/Page_HCMUS Log in to the site/input_Password_password'

2022-01-15 16:58:47 - [TEST_STEP][PASSED] - click(findTestObject("Object Repository/Page_HCMUS Log in to the site/button_Log in")): Object: 'Object Repository/Page_HCMUS Log in to the site/button_Log in' is clicked on

2022-01-15 16:58:48 - [MESSAGE][PASSED] - Object: 'Object Repository/Page_HCMUS Log in to the site/button_Log in' is clicked on

2022-01-15 16:58:48 - [TEST_STEP][PASSED] - click(findTestObject("Object Repository/Page_Dashboard/span_Site administration")): Object: 'Object Repository/Page_Dashboard/span_Site administration' is clicked on

2022-01-15 16:58:50 - [MESSAGE][PASSED] - Object: 'Object Repository/Page_Dashboard/span_Site administration' is clicked on

2022-01-15 16:58:50 - [TEST_STEP][PASSED] - click(findTestObject("Object Repository/Page_KHTN Administration Search/a_Courses")): Object: 'Object Repository/Page_KHTN Administration Search/a_Courses' is clicked on

2022-01-15 16:58:50 - [MESSAGE][PASSED] - Object: 'Object Repository/Page_KHTN Administration Search/a_Courses' is clicked on

2022-01-15 16:58:50 - [TEST_STEP][PASSED] - click(findTestObject("Object Repository/Page_KHTN Administration Search/a_Add a category")): Object: 'Object Repository/Page_KHTN Administration Search/a_Add a category' is clicked on

2022-01-15 16:58:51 - [MESSAGE][PASSED] - Object: 'Object Repository/Page_KHTN Administration Search/a_Add a category' is clicked on

2022-01-15 16:58:51 - [TEST_STEP][PASSED] - click(findTestObject("Object Repository/Page_KHTN Add new category/input_Description_submitbutton")): Object: 'Object Repository/Page_KHTN Add new category/input_Description_submitbutton' is clicked on

2022-01-15 16:58:53 - [MESSAGE][PASSED] - Object: 'Object Repository/Page_KHTN Add new category/input_Description_submitbutton' is clicked on

2022-01-15 16:58:53 - [TEST_STEP][PASSED] - verifyElementText(findTestObject("Object Repository/Page_KHTN Add new category/div_Required"), "Required"): Actual text and expected text of test object 'Object Repository/Page_KHTN Add new category/div_Required' are matched.

2022-01-15 16:58:54 - [MESSAGE][PASSED] - Actual text and expected text of test object 'Object Repository/Page_KHTN Add new category/div_Required' are matched.

2022-01-15 16:58:54 - [TEST_STEP][PASSED] - closeBrowser(): Browser is closed

2022-01-15 16:58:55 - [MESSAGE][PASSED] - Browser is closed]]></system-out>
         <system-err><![CDATA[]]></system-err>
      </testcase>
      <testcase name="Test Cases/41_Admin thêm danh mục với thông tin chính xác" time="12.479" classname="Test Cases/41_Admin thêm danh mục với thông tin chính xác" status="PASSED">
         <system-out><![CDATA[2022-01-15 16:58:55 - [TEST_CASE][PASSED] - Test Cases/41_Admin thêm danh mục với thông tin chính xác: Test Cases/41_Admin thêm danh mục với thông tin chính xác

2022-01-15 16:58:55 - [TEST_STEP][PASSED] - openBrowser(""): Browser is opened with url: ''

2022-01-15 16:58:55 - [MESSAGE][INFO] - Starting 'Chrome' driver

2022-01-15 16:58:55 - [MESSAGE][INFO] - Action delay is set to 0 milliseconds

2022-01-15 16:58:56 - [MESSAGE][PASSED] - Browser is opened with url: ''

2022-01-15 16:58:56 - [TEST_STEP][PASSED] - navigateToUrl("http://localhost/"): Navigate to 'http://localhost/' successfully

2022-01-15 16:58:57 - [MESSAGE][PASSED] - Navigate to 'http://localhost/' successfully

2022-01-15 16:58:57 - [TEST_STEP][PASSED] - click(findTestObject("Object Repository/Page_HCMUS/a_Log in")): Object: 'Object Repository/Page_HCMUS/a_Log in' is clicked on

2022-01-15 16:58:57 - [MESSAGE][PASSED] - Object: 'Object Repository/Page_HCMUS/a_Log in' is clicked on

2022-01-15 16:58:57 - [TEST_STEP][PASSED] - setText(findTestObject("Object Repository/Page_HCMUS Log in to the site/input_Username_username"), "admin"): Text 'admin' is set on object 'Object Repository/Page_HCMUS Log in to the site/input_Username_username'

2022-01-15 16:58:58 - [MESSAGE][PASSED] - Text 'admin' is set on object 'Object Repository/Page_HCMUS Log in to the site/input_Username_username'

2022-01-15 16:58:58 - [TEST_STEP][PASSED] - setEncryptedText(findTestObject("Object Repository/Page_HCMUS Log in to the site/input_Password_password"), "5MU2PI2jvJCK/lBTYOwt6g=="): Text ****** has been set on object 'Object Repository/Page_HCMUS Log in to the site/input_Password_password'

2022-01-15 16:58:59 - [MESSAGE][PASSED] - Text ****** has been set on object 'Object Repository/Page_HCMUS Log in to the site/input_Password_password'

2022-01-15 16:58:59 - [TEST_STEP][PASSED] - click(findTestObject("Object Repository/Page_HCMUS Log in to the site/button_Log in")): Object: 'Object Repository/Page_HCMUS Log in to the site/button_Log in' is clicked on

2022-01-15 16:59:00 - [MESSAGE][PASSED] - Object: 'Object Repository/Page_HCMUS Log in to the site/button_Log in' is clicked on

2022-01-15 16:59:00 - [TEST_STEP][PASSED] - click(findTestObject("Object Repository/Page_Dashboard/span_Site administration")): Object: 'Object Repository/Page_Dashboard/span_Site administration' is clicked on

2022-01-15 16:59:02 - [MESSAGE][PASSED] - Object: 'Object Repository/Page_Dashboard/span_Site administration' is clicked on

2022-01-15 16:59:02 - [TEST_STEP][PASSED] - click(findTestObject("Object Repository/Page_KHTN Administration Search/a_Courses")): Object: 'Object Repository/Page_KHTN Administration Search/a_Courses' is clicked on

2022-01-15 16:59:02 - [MESSAGE][PASSED] - Object: 'Object Repository/Page_KHTN Administration Search/a_Courses' is clicked on

2022-01-15 16:59:02 - [TEST_STEP][PASSED] - click(findTestObject("Object Repository/Page_KHTN Administration Search/a_Add a category")): Object: 'Object Repository/Page_KHTN Administration Search/a_Add a category' is clicked on

2022-01-15 16:59:03 - [MESSAGE][PASSED] - Object: 'Object Repository/Page_KHTN Administration Search/a_Add a category' is clicked on

2022-01-15 16:59:03 - [TEST_STEP][PASSED] - setText(findTestObject("Object Repository/Page_KHTN Add new category/input_Category name_name"), "IT"): Text 'IT' is set on object 'Object Repository/Page_KHTN Add new category/input_Category name_name'

2022-01-15 16:59:05 - [MESSAGE][PASSED] - Text 'IT' is set on object 'Object Repository/Page_KHTN Add new category/input_Category name_name'

2022-01-15 16:59:05 - [TEST_STEP][PASSED] - click(findTestObject("Object Repository/Page_KHTN Add new category/input_Description_submitbutton")): Object: 'Object Repository/Page_KHTN Add new category/input_Description_submitbutton' is clicked on

2022-01-15 16:59:06 - [MESSAGE][PASSED] - Object: 'Object Repository/Page_KHTN Add new category/input_Description_submitbutton' is clicked on

2022-01-15 16:59:06 - [TEST_STEP][PASSED] - verifyElementText(findTestObject("Object Repository/Page_Course and category management/a_IT"), "IT"): Actual text and expected text of test object 'Object Repository/Page_Course and category management/a_IT' are matched.

2022-01-15 16:59:06 - [MESSAGE][PASSED] - Actual text and expected text of test object 'Object Repository/Page_Course and category management/a_IT' are matched.

2022-01-15 16:59:06 - [TEST_STEP][PASSED] - closeBrowser(): Browser is closed

2022-01-15 16:59:07 - [MESSAGE][PASSED] - Browser is closed]]></system-out>
         <system-err><![CDATA[]]></system-err>
      </testcase>
      <testcase name="Test Cases/42_Sinh viên trả lời một cuộc thảo luận trong diễn đàn" time="52.796" classname="Test Cases/42_Sinh viên trả lời một cuộc thảo luận trong diễn đàn" status="PASSED">
         <system-out><![CDATA[2022-01-15 16:59:07 - [TEST_CASE][PASSED] - Test Cases/42_Sinh viên trả lời một cuộc thảo luận trong diễn đàn: Test Cases/42_Sinh viên trả lời một cuộc thảo luận trong diễn đàn

2022-01-15 16:59:07 - [TEST_STEP][PASSED] - openBrowser(""): Browser is opened with url: ''

2022-01-15 16:59:07 - [MESSAGE][INFO] - Starting 'Chrome' driver

2022-01-15 16:59:07 - [MESSAGE][INFO] - Action delay is set to 0 milliseconds

2022-01-15 16:59:09 - [MESSAGE][PASSED] - Browser is opened with url: ''

2022-01-15 16:59:09 - [TEST_STEP][PASSED] - navigateToUrl("http://localhost/"): Navigate to 'http://localhost/' successfully

2022-01-15 16:59:09 - [MESSAGE][PASSED] - Navigate to 'http://localhost/' successfully

2022-01-15 16:59:09 - [TEST_STEP][PASSED] - click(findTestObject("Object Repository/Page_HCMUS/a_Log in")): Object: 'Object Repository/Page_HCMUS/a_Log in' is clicked on

2022-01-15 16:59:10 - [MESSAGE][PASSED] - Object: 'Object Repository/Page_HCMUS/a_Log in' is clicked on

2022-01-15 16:59:10 - [TEST_STEP][PASSED] - setText(findTestObject("Object Repository/Page_HCMUS Log in to the site/input_Username_username"), "student2"): Text 'student2' is set on object 'Object Repository/Page_HCMUS Log in to the site/input_Username_username'

2022-01-15 16:59:11 - [MESSAGE][PASSED] - Text 'student2' is set on object 'Object Repository/Page_HCMUS Log in to the site/input_Username_username'

2022-01-15 16:59:11 - [TEST_STEP][PASSED] - setEncryptedText(findTestObject("Object Repository/Page_HCMUS Log in to the site/input_Password_password"), "xsue+lrReh4l5AYY/zkcYA=="): Text ****** has been set on object 'Object Repository/Page_HCMUS Log in to the site/input_Password_password'

2022-01-15 16:59:11 - [MESSAGE][PASSED] - Text ****** has been set on object 'Object Repository/Page_HCMUS Log in to the site/input_Password_password'

2022-01-15 16:59:11 - [TEST_STEP][PASSED] - click(findTestObject("Object Repository/Page_HCMUS Log in to the site/button_Log in")): Object: 'Object Repository/Page_HCMUS Log in to the site/button_Log in' is clicked on

2022-01-15 16:59:12 - [MESSAGE][PASSED] - Object: 'Object Repository/Page_HCMUS Log in to the site/button_Log in' is clicked on

2022-01-15 16:59:12 - [TEST_STEP][PASSED] - click(findTestObject("Object Repository/Page_Dashboard/span_Site home")): Object: 'Object Repository/Page_Dashboard/span_Site home' is clicked on

2022-01-15 16:59:14 - [MESSAGE][PASSED] - Object: 'Object Repository/Page_Dashboard/span_Site home' is clicked on

2022-01-15 16:59:14 - [TEST_STEP][PASSED] - click(findTestObject("Object Repository/Page_HCMUS/a_Nhp mn tr tu nhn to")): Object: 'Object Repository/Page_HCMUS/a_Nhp mn tr tu nhn to' is clicked on

2022-01-15 16:59:15 - [MESSAGE][PASSED] - Object: 'Object Repository/Page_HCMUS/a_Nhp mn tr tu nhn to' is clicked on

2022-01-15 16:59:15 - [TEST_STEP][PASSED] - click(findTestObject("Object Repository/Page_Course Nhp mn tr tu nhn to/button_End tour"), OPTIONAL): Object: 'Object Repository/Page_Course Nhp mn tr tu nhn to/button_End tour' is clicked on

2022-01-15 16:59:21 - [MESSAGE][INFO] - Unable to find the element located by 'By.xpath: //span[@id='tour-step-tool_usertours_4_2_1620109487-0']/div/div/div[4]/button[3]'. Please recheck the objects properties to make sure the desired element is located. 

2022-01-15 16:59:21 - [MESSAGE][WARNING] - [SELF-HEALING] Failed to find element with id 'Object Repository/Page_Course Nhp mn tr tu nhn to/button_End tour'. Try using Self-healing.

2022-01-15 16:59:21 - [MESSAGE][WARNING] - [SELF-HEALING] The current locator of test object 'Object Repository/Page_Course Nhp mn tr tu nhn to/button_End tour' was broken. Propose an alternative one: '(.//*[normalize-space(text()) and normalize-space(.)='Next'])[1]/following::button[1]'.

2022-01-15 16:59:21 - [MESSAGE][PASSED] - Object: 'Object Repository/Page_Course Nhp mn tr tu nhn to/button_End tour' is clicked on

2022-01-15 16:59:21 - [TEST_STEP][PASSED] - click(findTestObject("Object Repository/Page_Course Nhp mn tr tu nhn to/span_Forum 1")): Object: 'Object Repository/Page_Course Nhp mn tr tu nhn to/span_Forum 1' is clicked on

2022-01-15 16:59:23 - [MESSAGE][PASSED] - Object: 'Object Repository/Page_Course Nhp mn tr tu nhn to/span_Forum 1' is clicked on

2022-01-15 16:59:23 - [TEST_STEP][PASSED] - click(findTestObject("Object Repository/Page_Forum 1/button_End tour"), OPTIONAL): Object: 'Object Repository/Page_Forum 1/button_End tour' is clicked on

2022-01-15 16:59:29 - [MESSAGE][INFO] - Unable to find the element located by 'By.xpath: //button[@id='yui_3_17_2_1_1641988309066_485']'. Please recheck the objects properties to make sure the desired element is located. 

2022-01-15 16:59:29 - [MESSAGE][WARNING] - [SELF-HEALING] Failed to find element with id 'Object Repository/Page_Forum 1/button_End tour'. Try using Self-healing.

2022-01-15 16:59:29 - [MESSAGE][WARNING] - [SELF-HEALING] The current locator of test object 'Object Repository/Page_Forum 1/button_End tour' was broken. Propose an alternative one: '(.//*[normalize-space(text()) and normalize-space(.)='Next'])[1]/following::button[1]'.

2022-01-15 16:59:29 - [MESSAGE][PASSED] - Object: 'Object Repository/Page_Forum 1/button_End tour' is clicked on

2022-01-15 16:59:29 - [TEST_STEP][PASSED] - click(findTestObject("Object Repository/Page_Forum 1/a_Topic 1")): Object: 'Object Repository/Page_Forum 1/a_Topic 1' is clicked on

2022-01-15 16:59:35 - [MESSAGE][INFO] - Unable to find the element located by 'By.xpath: //a[@id='yui_3_17_2_1_1641988371525_492']'. Please recheck the objects properties to make sure the desired element is located. 

2022-01-15 16:59:35 - [MESSAGE][WARNING] - [SELF-HEALING] Failed to find element with id 'Object Repository/Page_Forum 1/a_Topic 1'. Try using Self-healing.

2022-01-15 16:59:36 - [MESSAGE][WARNING] - [SELF-HEALING] The current locator of test object 'Object Repository/Page_Forum 1/a_Topic 1' was broken. Propose an alternative one: '//a[contains(text(),'Topic 1')]'.

2022-01-15 16:59:36 - [MESSAGE][PASSED] - Object: 'Object Repository/Page_Forum 1/a_Topic 1' is clicked on

2022-01-15 16:59:36 - [TEST_STEP][PASSED] - click(findTestObject("Object Repository/Page_AI Topic 1/a_Reply")): Object: 'Object Repository/Page_AI Topic 1/a_Reply' is clicked on

2022-01-15 16:59:42 - [MESSAGE][INFO] - Unable to find the element located by 'By.xpath: //article[@id='p4']/div/div/div/div[2]/div[2]/div/a[2]'. Please recheck the objects properties to make sure the desired element is located. 

2022-01-15 16:59:42 - [MESSAGE][WARNING] - [SELF-HEALING] Failed to find element with id 'Object Repository/Page_AI Topic 1/a_Reply'. Try using Self-healing.

2022-01-15 16:59:42 - [MESSAGE][INFO] - [SELF-HEALING] Failed Locator: '//article[@id='p4']/div/div/div/div[2]/div[2]/div/a[2]'.

2022-01-15 16:59:43 - [MESSAGE][INFO] - [SELF-HEALING] Working Locator: '//a[contains(text(),'Reply')]'.

2022-01-15 16:59:43 - [MESSAGE][INFO] - [SELF-HEALING] Screenshot: C:/Users/congt/git/Test-Automation-SE-Bonus/Reports/Self-healing/Object Repository/Page_AI Topic 1/a_Reply_link.png

2022-01-15 16:59:43 - [MESSAGE][WARNING] - [SELF-HEALING] The current locator of test object 'Object Repository/Page_AI Topic 1/a_Reply' was broken. Propose an alternative one: '//a[contains(text(),'Reply')]'.

2022-01-15 16:59:43 - [MESSAGE][PASSED] - Object: 'Object Repository/Page_AI Topic 1/a_Reply' is clicked on

2022-01-15 16:59:43 - [TEST_STEP][PASSED] - setText(findTestObject("Object Repository/Page_AI Topic 1/textarea_Reply_post"), "Chao ban"): Text 'Chao ban' is set on object 'Object Repository/Page_AI Topic 1/textarea_Reply_post'

2022-01-15 16:59:44 - [MESSAGE][PASSED] - Text 'Chao ban' is set on object 'Object Repository/Page_AI Topic 1/textarea_Reply_post'

2022-01-15 16:59:44 - [TEST_STEP][PASSED] - click(findTestObject("Object Repository/Page_AI Topic 1/span_Post to forum")): Object: 'Object Repository/Page_AI Topic 1/span_Post to forum' is clicked on

2022-01-15 16:59:50 - [MESSAGE][INFO] - Unable to find the element located by 'By.xpath: //button[@id='yui_3_17_2_1_1641988375102_68']/span'. Please recheck the objects properties to make sure the desired element is located. 

2022-01-15 16:59:50 - [MESSAGE][WARNING] - [SELF-HEALING] Failed to find element with id 'Object Repository/Page_AI Topic 1/span_Post to forum'. Try using Self-healing.

2022-01-15 16:59:51 - [MESSAGE][INFO] - [SELF-HEALING] Failed Locator: '//button[@id='yui_3_17_2_1_1641988375102_68']/span'.

2022-01-15 16:59:51 - [MESSAGE][INFO] - [SELF-HEALING] Working Locator: '(.//*[normalize-space(text()) and normalize-space(.)='Reply'])[1]/following::span[2]'.

2022-01-15 16:59:51 - [MESSAGE][INFO] - [SELF-HEALING] Screenshot: C:/Users/congt/git/Test-Automation-SE-Bonus/Reports/Self-healing/Object Repository/Page_AI Topic 1/span_Post to forum_neighbor.png

2022-01-15 16:59:51 - [MESSAGE][WARNING] - [SELF-HEALING] The current locator of test object 'Object Repository/Page_AI Topic 1/span_Post to forum' was broken. Propose an alternative one: '(.//*[normalize-space(text()) and normalize-space(.)='Reply'])[1]/following::span[2]'.

2022-01-15 16:59:51 - [MESSAGE][PASSED] - Object: 'Object Repository/Page_AI Topic 1/span_Post to forum' is clicked on

2022-01-15 16:59:51 - [TEST_STEP][PASSED] - verifyElementText(findTestObject("Object Repository/Page_AI Topic 1/p_Your post was successfully added"), "Your post was successfully added."): Actual text and expected text of test object 'Object Repository/Page_AI Topic 1/p_Your post was successfully added' are matched.

2022-01-15 16:59:52 - [MESSAGE][PASSED] - Actual text and expected text of test object 'Object Repository/Page_AI Topic 1/p_Your post was successfully added' are matched.

2022-01-15 16:59:52 - [TEST_STEP][PASSED] - verifyElementText(findTestObject("Object Repository/Page_AI Topic 1/div_Chao ban"), "Chao ban"): Actual text and expected text of test object 'Object Repository/Page_AI Topic 1/div_Chao ban' are matched.

2022-01-15 16:59:58 - [MESSAGE][INFO] - Unable to find the element located by 'By.xpath: //div[@id='post-content-6']/div'. Please recheck the objects properties to make sure the desired element is located. 

2022-01-15 16:59:58 - [MESSAGE][WARNING] - [SELF-HEALING] Failed to find element with id 'Object Repository/Page_AI Topic 1/div_Chao ban'. Try using Self-healing.

2022-01-15 16:59:58 - [MESSAGE][INFO] - [SELF-HEALING] Failed Locator: '//div[@id='post-content-6']/div'.

2022-01-15 16:59:59 - [MESSAGE][INFO] - [SELF-HEALING] Failed Locator: '(.//*[normalize-space(text()) and normalize-space(.)='Wednesday, 12 January 2022, 6:53 PM'])[1]/following::div[5]'.

2022-01-15 16:59:59 - [MESSAGE][INFO] - [SELF-HEALING] Working Locator: '(.//*[normalize-space(text()) and normalize-space(.)='Student Epperson'])[2]/following::div[5]'.

2022-01-15 16:59:59 - [MESSAGE][INFO] - [SELF-HEALING] Screenshot: C:/Users/congt/git/Test-Automation-SE-Bonus/Reports/Self-healing/Object Repository/Page_AI Topic 1/div_Chao ban_neighbor.png

2022-01-15 16:59:59 - [MESSAGE][WARNING] - [SELF-HEALING] The current locator of test object 'Object Repository/Page_AI Topic 1/div_Chao ban' was broken. Propose an alternative one: '(.//*[normalize-space(text()) and normalize-space(.)='Student Epperson'])[2]/following::div[5]'.

2022-01-15 16:59:59 - [MESSAGE][PASSED] - Actual text and expected text of test object 'Object Repository/Page_AI Topic 1/div_Chao ban' are matched.

2022-01-15 16:59:59 - [TEST_STEP][PASSED] - closeBrowser(): Browser is closed

2022-01-15 17:00:00 - [MESSAGE][PASSED] - Browser is closed]]></system-out>
         <system-err><![CDATA[]]></system-err>
      </testcase>
      <testcase name="Test Cases/43_Giáo viên backup forum môn học" time="26.391" classname="Test Cases/43_Giáo viên backup forum môn học" status="PASSED">
         <system-out><![CDATA[2022-01-15 17:00:00 - [TEST_CASE][PASSED] - Test Cases/43_Giáo viên backup forum môn học: Test Cases/43_Giáo viên backup forum môn học

2022-01-15 17:00:00 - [TEST_STEP][PASSED] - openBrowser(""): Browser is opened with url: ''

2022-01-15 17:00:00 - [MESSAGE][INFO] - Starting 'Chrome' driver

2022-01-15 17:00:00 - [MESSAGE][INFO] - Action delay is set to 0 milliseconds

2022-01-15 17:00:02 - [MESSAGE][PASSED] - Browser is opened with url: ''

2022-01-15 17:00:02 - [TEST_STEP][PASSED] - navigateToUrl("http://localhost/"): Navigate to 'http://localhost/' successfully

2022-01-15 17:00:02 - [MESSAGE][PASSED] - Navigate to 'http://localhost/' successfully

2022-01-15 17:00:02 - [TEST_STEP][PASSED] - click(findTestObject("Object Repository/Page_HCMUS/a_Log in")): Object: 'Object Repository/Page_HCMUS/a_Log in' is clicked on

2022-01-15 17:00:03 - [MESSAGE][PASSED] - Object: 'Object Repository/Page_HCMUS/a_Log in' is clicked on

2022-01-15 17:00:03 - [TEST_STEP][PASSED] - setText(findTestObject("Object Repository/Page_HCMUS Log in to the site/input_Username_username"), "teacher1"): Text 'teacher1' is set on object 'Object Repository/Page_HCMUS Log in to the site/input_Username_username'

2022-01-15 17:00:03 - [MESSAGE][PASSED] - Text 'teacher1' is set on object 'Object Repository/Page_HCMUS Log in to the site/input_Username_username'

2022-01-15 17:00:03 - [TEST_STEP][PASSED] - setEncryptedText(findTestObject("Object Repository/Page_HCMUS Log in to the site/input_Password_password"), "iKb8CrY6A/iqm08K47hQLA=="): Text ****** has been set on object 'Object Repository/Page_HCMUS Log in to the site/input_Password_password'

2022-01-15 17:00:04 - [MESSAGE][PASSED] - Text ****** has been set on object 'Object Repository/Page_HCMUS Log in to the site/input_Password_password'

2022-01-15 17:00:04 - [TEST_STEP][PASSED] - click(findTestObject("Object Repository/Page_HCMUS Log in to the site/button_Log in")): Object: 'Object Repository/Page_HCMUS Log in to the site/button_Log in' is clicked on

2022-01-15 17:00:05 - [MESSAGE][PASSED] - Object: 'Object Repository/Page_HCMUS Log in to the site/button_Log in' is clicked on

2022-01-15 17:00:05 - [TEST_STEP][PASSED] - click(findTestObject("Object Repository/Page_Dashboard/span_Site home")): Object: 'Object Repository/Page_Dashboard/span_Site home' is clicked on

2022-01-15 17:00:06 - [MESSAGE][PASSED] - Object: 'Object Repository/Page_Dashboard/span_Site home' is clicked on

2022-01-15 17:00:06 - [TEST_STEP][PASSED] - click(findTestObject("Object Repository/Page_HCMUS/a_Nhp mn tr tu nhn to")): Object: 'Object Repository/Page_HCMUS/a_Nhp mn tr tu nhn to' is clicked on

2022-01-15 17:00:07 - [MESSAGE][PASSED] - Object: 'Object Repository/Page_HCMUS/a_Nhp mn tr tu nhn to' is clicked on

2022-01-15 17:00:07 - [TEST_STEP][PASSED] - click(findTestObject("Object Repository/Page_Course Nhp mn tr tu nhn to/span_Forum 1")): Object: 'Object Repository/Page_Course Nhp mn tr tu nhn to/span_Forum 1' is clicked on

2022-01-15 17:00:09 - [MESSAGE][PASSED] - Object: 'Object Repository/Page_Course Nhp mn tr tu nhn to/span_Forum 1' is clicked on

2022-01-15 17:00:09 - [TEST_STEP][PASSED] - click(findTestObject("Object Repository/Page_Forum 1/a_Search forums_action-menu-toggle-3")): Object: 'Object Repository/Page_Forum 1/a_Search forums_action-menu-toggle-3' is clicked on

2022-01-15 17:00:10 - [MESSAGE][PASSED] - Object: 'Object Repository/Page_Forum 1/a_Search forums_action-menu-toggle-3' is clicked on

2022-01-15 17:00:10 - [TEST_STEP][PASSED] - click(findTestObject("Object Repository/Page_Forum 1/a_Backup")): Object: 'Object Repository/Page_Forum 1/a_Backup' is clicked on

2022-01-15 17:00:16 - [MESSAGE][INFO] - Unable to find the element located by 'By.xpath: //a[@id='action_link61debc6f6f9b140']'. Please recheck the objects properties to make sure the desired element is located. 

2022-01-15 17:00:16 - [MESSAGE][WARNING] - [SELF-HEALING] Failed to find element with id 'Object Repository/Page_Forum 1/a_Backup'. Try using Self-healing.

2022-01-15 17:00:16 - [MESSAGE][WARNING] - [SELF-HEALING] The current locator of test object 'Object Repository/Page_Forum 1/a_Backup' was broken. Propose an alternative one: '//a[contains(text(),'Backup')]'.

2022-01-15 17:00:17 - [MESSAGE][PASSED] - Object: 'Object Repository/Page_Forum 1/a_Backup' is clicked on

2022-01-15 17:00:17 - [TEST_STEP][PASSED] - click(findTestObject("Object Repository/Page_Backup activity Forum 1/input_Include legacy course files_oneclickbackup")): Object: 'Object Repository/Page_Backup activity Forum 1/input_Include legacy course files_oneclickbackup' is clicked on

2022-01-15 17:00:18 - [MESSAGE][PASSED] - Object: 'Object Repository/Page_Backup activity Forum 1/input_Include legacy course files_oneclickbackup' is clicked on

2022-01-15 17:00:18 - [TEST_STEP][PASSED] - verifyElementVisible(findTestObject("Object Repository/Page_Backup activity Forum 1/div_The backup file was successfully created")): Object 'Object Repository/Page_Backup activity Forum 1/div_The backup file was successfully created' is visible

2022-01-15 17:00:18 - [MESSAGE][PASSED] - Object 'Object Repository/Page_Backup activity Forum 1/div_The backup file was successfully created' is visible

2022-01-15 17:00:18 - [TEST_STEP][PASSED] - click(findTestObject("Object Repository/Page_Backup activity Forum 1/button_Continue")): Object: 'Object Repository/Page_Backup activity Forum 1/button_Continue' is clicked on

2022-01-15 17:00:24 - [MESSAGE][INFO] - Unable to find the element located by 'By.xpath: //button[@id='single_button61debc7e2875f15']'. Please recheck the objects properties to make sure the desired element is located. 

2022-01-15 17:00:24 - [MESSAGE][WARNING] - [SELF-HEALING] Failed to find element with id 'Object Repository/Page_Backup activity Forum 1/button_Continue'. Try using Self-healing.

2022-01-15 17:00:25 - [MESSAGE][WARNING] - [SELF-HEALING] The current locator of test object 'Object Repository/Page_Backup activity Forum 1/button_Continue' was broken. Propose an alternative one: '//section[@id='region-main']/div/div[3]/div[2]/form/button'.

2022-01-15 17:00:25 - [MESSAGE][PASSED] - Object: 'Object Repository/Page_Backup activity Forum 1/button_Continue' is clicked on

2022-01-15 17:00:25 - [TEST_STEP][PASSED] - verifyElementVisible(findTestObject("Object Repository/Page_Course Nhp mn tr tu nhn to/td_backup-moodle2-activity-6-forum6-2022011_0970fb")): Object 'Object Repository/Page_Course Nhp mn tr tu nhn to/td_backup-moodle2-activity-6-forum6-2022011_0970fb' is visible

2022-01-15 17:00:26 - [MESSAGE][PASSED] - Object 'Object Repository/Page_Course Nhp mn tr tu nhn to/td_backup-moodle2-activity-6-forum6-2022011_0970fb' is visible

2022-01-15 17:00:26 - [TEST_STEP][PASSED] - closeBrowser(): Browser is closed

2022-01-15 17:00:26 - [MESSAGE][PASSED] - Browser is closed]]></system-out>
         <system-err><![CDATA[]]></system-err>
      </testcase>
      <testcase name="Test Cases/44_Giáo viên restore forum môn học" time="34.411" classname="Test Cases/44_Giáo viên restore forum môn học" status="PASSED">
         <system-out><![CDATA[2022-01-15 17:00:26 - [TEST_CASE][PASSED] - Test Cases/44_Giáo viên restore forum môn học: Test Cases/44_Giáo viên restore forum môn học

2022-01-15 17:00:27 - [TEST_STEP][PASSED] - openBrowser(""): Browser is opened with url: ''

2022-01-15 17:00:27 - [MESSAGE][INFO] - Starting 'Chrome' driver

2022-01-15 17:00:27 - [MESSAGE][INFO] - Action delay is set to 0 milliseconds

2022-01-15 17:00:28 - [MESSAGE][PASSED] - Browser is opened with url: ''

2022-01-15 17:00:28 - [TEST_STEP][PASSED] - navigateToUrl("http://localhost/"): Navigate to 'http://localhost/' successfully

2022-01-15 17:00:28 - [MESSAGE][PASSED] - Navigate to 'http://localhost/' successfully

2022-01-15 17:00:28 - [TEST_STEP][PASSED] - click(findTestObject("Object Repository/Page_HCMUS/a_Log in")): Object: 'Object Repository/Page_HCMUS/a_Log in' is clicked on

2022-01-15 17:00:29 - [MESSAGE][PASSED] - Object: 'Object Repository/Page_HCMUS/a_Log in' is clicked on

2022-01-15 17:00:29 - [TEST_STEP][PASSED] - setText(findTestObject("Object Repository/Page_HCMUS Log in to the site/input_Username_username"), "teacher1"): Text 'teacher1' is set on object 'Object Repository/Page_HCMUS Log in to the site/input_Username_username'

2022-01-15 17:00:30 - [MESSAGE][PASSED] - Text 'teacher1' is set on object 'Object Repository/Page_HCMUS Log in to the site/input_Username_username'

2022-01-15 17:00:30 - [TEST_STEP][PASSED] - setEncryptedText(findTestObject("Object Repository/Page_HCMUS Log in to the site/input_Password_password"), "iKb8CrY6A/iqm08K47hQLA=="): Text ****** has been set on object 'Object Repository/Page_HCMUS Log in to the site/input_Password_password'

2022-01-15 17:00:30 - [MESSAGE][PASSED] - Text ****** has been set on object 'Object Repository/Page_HCMUS Log in to the site/input_Password_password'

2022-01-15 17:00:30 - [TEST_STEP][PASSED] - click(findTestObject("Object Repository/Page_HCMUS Log in to the site/button_Log in")): Object: 'Object Repository/Page_HCMUS Log in to the site/button_Log in' is clicked on

2022-01-15 17:00:31 - [MESSAGE][PASSED] - Object: 'Object Repository/Page_HCMUS Log in to the site/button_Log in' is clicked on

2022-01-15 17:00:31 - [TEST_STEP][PASSED] - click(findTestObject("Object Repository/Page_Dashboard/span_Site home")): Object: 'Object Repository/Page_Dashboard/span_Site home' is clicked on

2022-01-15 17:00:32 - [MESSAGE][PASSED] - Object: 'Object Repository/Page_Dashboard/span_Site home' is clicked on

2022-01-15 17:00:32 - [TEST_STEP][PASSED] - click(findTestObject("Object Repository/Page_HCMUS/a_Nhp mn tr tu nhn to")): Object: 'Object Repository/Page_HCMUS/a_Nhp mn tr tu nhn to' is clicked on

2022-01-15 17:00:33 - [MESSAGE][PASSED] - Object: 'Object Repository/Page_HCMUS/a_Nhp mn tr tu nhn to' is clicked on

2022-01-15 17:00:33 - [TEST_STEP][PASSED] - click(findTestObject("Object Repository/Page_Course Nhp mn tr tu nhn to/a_Nhp mn tr tu nhn to_action-menu-toggle-2")): Object: 'Object Repository/Page_Course Nhp mn tr tu nhn to/a_Nhp mn tr tu nhn to_action-menu-toggle-2' is clicked on

2022-01-15 17:00:34 - [MESSAGE][PASSED] - Object: 'Object Repository/Page_Course Nhp mn tr tu nhn to/a_Nhp mn tr tu nhn to_action-menu-toggle-2' is clicked on

2022-01-15 17:00:34 - [TEST_STEP][PASSED] - click(findTestObject("Object Repository/Page_Course Nhp mn tr tu nhn to/a_Restore_1")): Object: 'Object Repository/Page_Course Nhp mn tr tu nhn to/a_Restore_1' is clicked on

2022-01-15 17:00:40 - [MESSAGE][INFO] - Unable to find the element located by 'By.xpath: //a[@id='action_link61debd57e7d4719']'. Please recheck the objects properties to make sure the desired element is located. 

2022-01-15 17:00:40 - [MESSAGE][WARNING] - [SELF-HEALING] Failed to find element with id 'Object Repository/Page_Course Nhp mn tr tu nhn to/a_Restore_1'. Try using Self-healing.

2022-01-15 17:00:40 - [MESSAGE][WARNING] - [SELF-HEALING] The current locator of test object 'Object Repository/Page_Course Nhp mn tr tu nhn to/a_Restore_1' was broken. Propose an alternative one: '//div[@id='action-menu-2-menu']/div[6]/a'.

2022-01-15 17:00:41 - [MESSAGE][PASSED] - Object: 'Object Repository/Page_Course Nhp mn tr tu nhn to/a_Restore_1' is clicked on

2022-01-15 17:00:41 - [TEST_STEP][PASSED] - click(findTestObject("Object Repository/Page_Course Nhp mn tr tu nhn to/a_Restore_1_2")): Object: 'Object Repository/Page_Course Nhp mn tr tu nhn to/a_Restore_1_2' is clicked on

2022-01-15 17:00:42 - [MESSAGE][PASSED] - Object: 'Object Repository/Page_Course Nhp mn tr tu nhn to/a_Restore_1_2' is clicked on

2022-01-15 17:00:42 - [TEST_STEP][PASSED] - click(findTestObject("Object Repository/Page_AI Restore/button_Continue")): Object: 'Object Repository/Page_AI Restore/button_Continue' is clicked on

2022-01-15 17:00:48 - [MESSAGE][INFO] - Unable to find the element located by 'By.xpath: //button[@id='single_button61debd62bdb0b14']'. Please recheck the objects properties to make sure the desired element is located. 

2022-01-15 17:00:48 - [MESSAGE][WARNING] - [SELF-HEALING] Failed to find element with id 'Object Repository/Page_AI Restore/button_Continue'. Try using Self-healing.

2022-01-15 17:00:48 - [MESSAGE][WARNING] - [SELF-HEALING] The current locator of test object 'Object Repository/Page_AI Restore/button_Continue' was broken. Propose an alternative one: '//section[@id='region-main']/div/div[2]/div[3]/form/button'.

2022-01-15 17:00:48 - [MESSAGE][PASSED] - Object: 'Object Repository/Page_AI Restore/button_Continue' is clicked on

2022-01-15 17:00:48 - [TEST_STEP][PASSED] - click(findTestObject("Object Repository/Page_AI Restore/input_Course full name_targetid")): Object: 'Object Repository/Page_AI Restore/input_Course full name_targetid' is clicked on

2022-01-15 17:00:49 - [MESSAGE][PASSED] - Object: 'Object Repository/Page_AI Restore/input_Course full name_targetid' is clicked on

2022-01-15 17:00:49 - [TEST_STEP][PASSED] - click(findTestObject("Object Repository/Page_AI Restore/input_Search courses_btn btn-primary")): Object: 'Object Repository/Page_AI Restore/input_Search courses_btn btn-primary' is clicked on

2022-01-15 17:00:50 - [MESSAGE][PASSED] - Object: 'Object Repository/Page_AI Restore/input_Search courses_btn btn-primary' is clicked on

2022-01-15 17:00:50 - [TEST_STEP][PASSED] - click(findTestObject("Object Repository/Page_AI Restore/input_Include legacy course files_submitbutton")): Object: 'Object Repository/Page_AI Restore/input_Include legacy course files_submitbutton' is clicked on

2022-01-15 17:00:50 - [MESSAGE][PASSED] - Object: 'Object Repository/Page_AI Restore/input_Include legacy course files_submitbutton' is clicked on

2022-01-15 17:00:50 - [TEST_STEP][PASSED] - click(findTestObject("Object Repository/Page_AI Restore/input_Include legacy course files_submitbutton")): Object: 'Object Repository/Page_AI Restore/input_Include legacy course files_submitbutton' is clicked on

2022-01-15 17:00:51 - [MESSAGE][PASSED] - Object: 'Object Repository/Page_AI Restore/input_Include legacy course files_submitbutton' is clicked on

2022-01-15 17:00:51 - [TEST_STEP][PASSED] - click(findTestObject("Object Repository/Page_AI Restore/input_Include legacy course files_submitbutton")): Object: 'Object Repository/Page_AI Restore/input_Include legacy course files_submitbutton' is clicked on

2022-01-15 17:00:52 - [MESSAGE][PASSED] - Object: 'Object Repository/Page_AI Restore/input_Include legacy course files_submitbutton' is clicked on

2022-01-15 17:00:52 - [TEST_STEP][PASSED] - verifyElementVisible(findTestObject("Object Repository/Page_AI Restore/div_The course was restored successfully, c_90f1d8")): Object 'Object Repository/Page_AI Restore/div_The course was restored successfully, c_90f1d8' is visible

2022-01-15 17:00:53 - [MESSAGE][PASSED] - Object 'Object Repository/Page_AI Restore/div_The course was restored successfully, c_90f1d8' is visible

2022-01-15 17:00:53 - [TEST_STEP][PASSED] - click(findTestObject("Object Repository/Page_AI Restore/button_Continue_1")): Object: 'Object Repository/Page_AI Restore/button_Continue_1' is clicked on

2022-01-15 17:00:59 - [MESSAGE][INFO] - Unable to find the element located by 'By.xpath: //button[@id='single_button61debd808e03d14']'. Please recheck the objects properties to make sure the desired element is located. 

2022-01-15 17:00:59 - [MESSAGE][WARNING] - [SELF-HEALING] Failed to find element with id 'Object Repository/Page_AI Restore/button_Continue_1'. Try using Self-healing.

2022-01-15 17:00:59 - [MESSAGE][WARNING] - [SELF-HEALING] The current locator of test object 'Object Repository/Page_AI Restore/button_Continue_1' was broken. Propose an alternative one: '//section[@id='region-main']/div/div[3]/div[2]/form/button'.

2022-01-15 17:00:59 - [MESSAGE][PASSED] - Object: 'Object Repository/Page_AI Restore/button_Continue_1' is clicked on

2022-01-15 17:00:59 - [TEST_STEP][PASSED] - verifyElementText(findTestObject("Object Repository/Page_Course Nhp mn tr tu nhn to/span_Forum 1"), "Forum 1"): Actual text and expected text of test object 'Object Repository/Page_Course Nhp mn tr tu nhn to/span_Forum 1' are matched.

2022-01-15 17:01:00 - [MESSAGE][PASSED] - Actual text and expected text of test object 'Object Repository/Page_Course Nhp mn tr tu nhn to/span_Forum 1' are matched.

2022-01-15 17:01:00 - [TEST_STEP][PASSED] - closeBrowser(): Browser is closed

2022-01-15 17:01:01 - [MESSAGE][PASSED] - Browser is closed]]></system-out>
         <system-err><![CDATA[]]></system-err>
      </testcase>
      <testcase name="Test Cases/45_Admin chỉnh sửa thông tin của một user" time="25.035" classname="Test Cases/45_Admin chỉnh sửa thông tin của một user" status="PASSED">
         <system-out><![CDATA[2022-01-15 17:01:01 - [TEST_CASE][PASSED] - Test Cases/45_Admin chỉnh sửa thông tin của một user: Test Cases/45_Admin chỉnh sửa thông tin của một user

2022-01-15 17:01:01 - [TEST_STEP][PASSED] - openBrowser(""): Browser is opened with url: ''

2022-01-15 17:01:01 - [MESSAGE][INFO] - Starting 'Chrome' driver

2022-01-15 17:01:01 - [MESSAGE][INFO] - Action delay is set to 0 milliseconds

2022-01-15 17:01:02 - [MESSAGE][PASSED] - Browser is opened with url: ''

2022-01-15 17:01:02 - [TEST_STEP][PASSED] - navigateToUrl("http://localhost/"): Navigate to 'http://localhost/' successfully

2022-01-15 17:01:03 - [MESSAGE][PASSED] - Navigate to 'http://localhost/' successfully

2022-01-15 17:01:03 - [TEST_STEP][PASSED] - click(findTestObject("Object Repository/Page_HCMUS/a_Log in")): Object: 'Object Repository/Page_HCMUS/a_Log in' is clicked on

2022-01-15 17:01:03 - [MESSAGE][PASSED] - Object: 'Object Repository/Page_HCMUS/a_Log in' is clicked on

2022-01-15 17:01:03 - [TEST_STEP][PASSED] - setText(findTestObject("Object Repository/Page_HCMUS Log in to the site/input_Username_username"), "admin"): Text 'admin' is set on object 'Object Repository/Page_HCMUS Log in to the site/input_Username_username'

2022-01-15 17:01:04 - [MESSAGE][PASSED] - Text 'admin' is set on object 'Object Repository/Page_HCMUS Log in to the site/input_Username_username'

2022-01-15 17:01:04 - [TEST_STEP][PASSED] - setEncryptedText(findTestObject("Object Repository/Page_HCMUS Log in to the site/input_Password_password"), "5MU2PI2jvJCK/lBTYOwt6g=="): Text ****** has been set on object 'Object Repository/Page_HCMUS Log in to the site/input_Password_password'

2022-01-15 17:01:04 - [MESSAGE][PASSED] - Text ****** has been set on object 'Object Repository/Page_HCMUS Log in to the site/input_Password_password'

2022-01-15 17:01:04 - [TEST_STEP][PASSED] - click(findTestObject("Object Repository/Page_HCMUS Log in to the site/button_Log in")): Object: 'Object Repository/Page_HCMUS Log in to the site/button_Log in' is clicked on

2022-01-15 17:01:05 - [MESSAGE][PASSED] - Object: 'Object Repository/Page_HCMUS Log in to the site/button_Log in' is clicked on

2022-01-15 17:01:05 - [TEST_STEP][PASSED] - click(findTestObject("Object Repository/Page_Course Nhp mn tr tu nhn to/span_Site administration")): Object: 'Object Repository/Page_Course Nhp mn tr tu nhn to/span_Site administration' is clicked on

2022-01-15 17:01:12 - [MESSAGE][INFO] - Unable to find the element located by 'By.xpath: //div[@id='nav-drawer']/nav[3]/ul/li/a/div/div/span[2]'. Please recheck the objects properties to make sure the desired element is located. 

2022-01-15 17:01:12 - [MESSAGE][WARNING] - [SELF-HEALING] Failed to find element with id 'Object Repository/Page_Course Nhp mn tr tu nhn to/span_Site administration'. Try using Self-healing.

2022-01-15 17:01:12 - [MESSAGE][WARNING] - [SELF-HEALING] The current locator of test object 'Object Repository/Page_Course Nhp mn tr tu nhn to/span_Site administration' was broken. Propose an alternative one: '(.//*[normalize-space(text()) and normalize-space(.)='Content bank'])[1]/following::span[2]'.

2022-01-15 17:01:13 - [MESSAGE][PASSED] - Object: 'Object Repository/Page_Course Nhp mn tr tu nhn to/span_Site administration' is clicked on

2022-01-15 17:01:13 - [TEST_STEP][PASSED] - click(findTestObject("Object Repository/Page_KHTN Administration Search/a_Users")): Object: 'Object Repository/Page_KHTN Administration Search/a_Users' is clicked on

2022-01-15 17:01:13 - [MESSAGE][PASSED] - Object: 'Object Repository/Page_KHTN Administration Search/a_Users' is clicked on

2022-01-15 17:01:13 - [TEST_STEP][PASSED] - click(findTestObject("Object Repository/Page_KHTN Administration Search/a_Browse list of users")): Object: 'Object Repository/Page_KHTN Administration Search/a_Browse list of users' is clicked on

2022-01-15 17:01:14 - [MESSAGE][PASSED] - Object: 'Object Repository/Page_KHTN Administration Search/a_Browse list of users' is clicked on

2022-01-15 17:01:14 - [TEST_STEP][PASSED] - click(findTestObject("Object Repository/Page_KHTN Administration Users Accounts Bro_45ce40/i_s1example.com_icon fa fa-cog fa-fw")): Object: 'Object Repository/Page_KHTN Administration Users Accounts Bro_45ce40/i_s1example.com_icon fa fa-cog fa-fw' is clicked on

2022-01-15 17:01:20 - [MESSAGE][INFO] - Unable to find the element located by 'By.xpath: //a[@id='yui_3_17_2_1_1641987635853_555']/i'. Please recheck the objects properties to make sure the desired element is located. 

2022-01-15 17:01:20 - [MESSAGE][WARNING] - [SELF-HEALING] Failed to find element with id 'Object Repository/Page_KHTN Administration Users Accounts Bro_45ce40/i_s1example.com_icon fa fa-cog fa-fw'. Try using Self-healing.

2022-01-15 17:01:21 - [MESSAGE][WARNING] - [SELF-HEALING] The current locator of test object 'Object Repository/Page_KHTN Administration Users Accounts Bro_45ce40/i_s1example.com_icon fa fa-cog fa-fw' was broken. Propose an alternative one: '//td[6]/a[3]/i'.

2022-01-15 17:01:21 - [MESSAGE][PASSED] - Object: 'Object Repository/Page_KHTN Administration Users Accounts Bro_45ce40/i_s1example.com_icon fa fa-cog fa-fw' is clicked on

2022-01-15 17:01:21 - [TEST_STEP][PASSED] - click(findTestObject("Object Repository/Page_KHTN Edit profile - Student Waldrop/div_Email address")): Object: 'Object Repository/Page_KHTN Edit profile - Student Waldrop/div_Email address' is clicked on

2022-01-15 17:01:22 - [MESSAGE][PASSED] - Object: 'Object Repository/Page_KHTN Edit profile - Student Waldrop/div_Email address' is clicked on

2022-01-15 17:01:22 - [TEST_STEP][PASSED] - setText(findTestObject("Object Repository/Page_KHTN Edit profile - Student Waldrop/input_Email address_email"), "email_changed@example.com"): Text 'email_changed@example.com' is set on object 'Object Repository/Page_KHTN Edit profile - Student Waldrop/input_Email address_email'

2022-01-15 17:01:23 - [MESSAGE][PASSED] - Text 'email_changed@example.com' is set on object 'Object Repository/Page_KHTN Edit profile - Student Waldrop/input_Email address_email'

2022-01-15 17:01:23 - [TEST_STEP][PASSED] - click(findTestObject("Object Repository/Page_KHTN Edit profile - Student Waldrop/input_Address_submitbutton")): Object: 'Object Repository/Page_KHTN Edit profile - Student Waldrop/input_Address_submitbutton' is clicked on

2022-01-15 17:01:24 - [MESSAGE][PASSED] - Object: 'Object Repository/Page_KHTN Edit profile - Student Waldrop/input_Address_submitbutton' is clicked on

2022-01-15 17:01:24 - [TEST_STEP][PASSED] - verifyElementVisible(findTestObject("Object Repository/Page_KHTN Administration Users Accounts Bro_45ce40/div_Changes saved")): Object 'Object Repository/Page_KHTN Administration Users Accounts Bro_45ce40/div_Changes saved' is visible

2022-01-15 17:01:25 - [MESSAGE][PASSED] - Object 'Object Repository/Page_KHTN Administration Users Accounts Bro_45ce40/div_Changes saved' is visible

2022-01-15 17:01:25 - [TEST_STEP][PASSED] - verifyElementText(findTestObject("Object Repository/Page_KHTN Administration Users Accounts Bro_45ce40/td_email_changedexample.com"), "email_changed@example.com"): Actual text and expected text of test object 'Object Repository/Page_KHTN Administration Users Accounts Bro_45ce40/td_email_changedexample.com' are matched.

2022-01-15 17:01:25 - [MESSAGE][PASSED] - Actual text and expected text of test object 'Object Repository/Page_KHTN Administration Users Accounts Bro_45ce40/td_email_changedexample.com' are matched.

2022-01-15 17:01:25 - [TEST_STEP][PASSED] - closeBrowser(): Browser is closed

2022-01-15 17:01:26 - [MESSAGE][PASSED] - Browser is closed]]></system-out>
         <system-err><![CDATA[]]></system-err>
      </testcase>
      <testcase name="Test Cases/46_Sinh viên xem profile của người khác trong cùng khoá học" time="10.727" classname="Test Cases/46_Sinh viên xem profile của người khác trong cùng khoá học" status="PASSED">
         <system-out><![CDATA[2022-01-15 17:01:26 - [TEST_CASE][PASSED] - Test Cases/46_Sinh viên xem profile của người khác trong cùng khoá học: Test Cases/46_Sinh viên xem profile của người khác trong cùng khoá học

2022-01-15 17:01:26 - [TEST_STEP][PASSED] - openBrowser(""): Browser is opened with url: ''

2022-01-15 17:01:26 - [MESSAGE][INFO] - Starting 'Chrome' driver

2022-01-15 17:01:26 - [MESSAGE][INFO] - Action delay is set to 0 milliseconds

2022-01-15 17:01:27 - [MESSAGE][PASSED] - Browser is opened with url: ''

2022-01-15 17:01:27 - [TEST_STEP][PASSED] - navigateToUrl("http://localhost/"): Navigate to 'http://localhost/' successfully

2022-01-15 17:01:28 - [MESSAGE][PASSED] - Navigate to 'http://localhost/' successfully

2022-01-15 17:01:28 - [TEST_STEP][PASSED] - click(findTestObject("Object Repository/Page_HCMUS/a_Log in")): Object: 'Object Repository/Page_HCMUS/a_Log in' is clicked on

2022-01-15 17:01:29 - [MESSAGE][PASSED] - Object: 'Object Repository/Page_HCMUS/a_Log in' is clicked on

2022-01-15 17:01:29 - [TEST_STEP][PASSED] - setText(findTestObject("Object Repository/Page_HCMUS Log in to the site/input_Username_username"), "student1"): Text 'student1' is set on object 'Object Repository/Page_HCMUS Log in to the site/input_Username_username'

2022-01-15 17:01:29 - [MESSAGE][PASSED] - Text 'student1' is set on object 'Object Repository/Page_HCMUS Log in to the site/input_Username_username'

2022-01-15 17:01:29 - [TEST_STEP][PASSED] - setEncryptedText(findTestObject("Object Repository/Page_HCMUS Log in to the site/input_Password_password"), "xsue+lrReh6nSDZIylEEKg=="): Text ****** has been set on object 'Object Repository/Page_HCMUS Log in to the site/input_Password_password'

2022-01-15 17:01:30 - [MESSAGE][PASSED] - Text ****** has been set on object 'Object Repository/Page_HCMUS Log in to the site/input_Password_password'

2022-01-15 17:01:30 - [TEST_STEP][PASSED] - click(findTestObject("Object Repository/Page_HCMUS Log in to the site/button_Log in")): Object: 'Object Repository/Page_HCMUS Log in to the site/button_Log in' is clicked on

2022-01-15 17:01:31 - [MESSAGE][PASSED] - Object: 'Object Repository/Page_HCMUS Log in to the site/button_Log in' is clicked on

2022-01-15 17:01:31 - [TEST_STEP][PASSED] - click(findTestObject("Object Repository/Page_Dashboard/span_Site home")): Object: 'Object Repository/Page_Dashboard/span_Site home' is clicked on

2022-01-15 17:01:32 - [MESSAGE][PASSED] - Object: 'Object Repository/Page_Dashboard/span_Site home' is clicked on

2022-01-15 17:01:32 - [TEST_STEP][PASSED] - click(findTestObject("Object Repository/Page_HCMUS/a_Nhp mn tr tu nhn to")): Object: 'Object Repository/Page_HCMUS/a_Nhp mn tr tu nhn to' is clicked on

2022-01-15 17:01:33 - [MESSAGE][PASSED] - Object: 'Object Repository/Page_HCMUS/a_Nhp mn tr tu nhn to' is clicked on

2022-01-15 17:01:33 - [TEST_STEP][PASSED] - click(findTestObject("Object Repository/Page_Course Nhp mn tr tu nhn to/span_Participants")): Object: 'Object Repository/Page_Course Nhp mn tr tu nhn to/span_Participants' is clicked on

2022-01-15 17:01:34 - [MESSAGE][PASSED] - Object: 'Object Repository/Page_Course Nhp mn tr tu nhn to/span_Participants' is clicked on

2022-01-15 17:01:34 - [TEST_STEP][PASSED] - click(findTestObject("Object Repository/Page_AI Participants/a_Student Branch")): Object: 'Object Repository/Page_AI Participants/a_Student Branch' is clicked on

2022-01-15 17:01:35 - [MESSAGE][PASSED] - Object: 'Object Repository/Page_AI Participants/a_Student Branch' is clicked on

2022-01-15 17:01:35 - [TEST_STEP][PASSED] - verifyElementText(findTestObject("Object Repository/Page_Nhp mn tr tu nhn to Personal profile S_802039/h2_Student Branch"), "Student Branch"): Actual text and expected text of test object 'Object Repository/Page_Nhp mn tr tu nhn to Personal profile S_802039/h2_Student Branch' are matched.

2022-01-15 17:01:35 - [MESSAGE][PASSED] - Actual text and expected text of test object 'Object Repository/Page_Nhp mn tr tu nhn to Personal profile S_802039/h2_Student Branch' are matched.

2022-01-15 17:01:35 - [TEST_STEP][PASSED] - verifyElementText(findTestObject("Object Repository/Page_Nhp mn tr tu nhn to Personal profile S_802039/a_s9example.com"), "s9@example.com"): Actual text and expected text of test object 'Object Repository/Page_Nhp mn tr tu nhn to Personal profile S_802039/a_s9example.com' are matched.

2022-01-15 17:01:36 - [MESSAGE][PASSED] - Actual text and expected text of test object 'Object Repository/Page_Nhp mn tr tu nhn to Personal profile S_802039/a_s9example.com' are matched.

2022-01-15 17:01:36 - [TEST_STEP][PASSED] - closeBrowser(): Browser is closed

2022-01-15 17:01:36 - [MESSAGE][PASSED] - Browser is closed]]></system-out>
         <system-err><![CDATA[]]></system-err>
      </testcase>
      <testcase name="Test Cases/47_Sinh viên trả lời khảo sát trong môn học" time="20.592" classname="Test Cases/47_Sinh viên trả lời khảo sát trong môn học" status="PASSED">
         <system-out><![CDATA[2022-01-15 17:01:36 - [TEST_CASE][PASSED] - Test Cases/47_Sinh viên trả lời khảo sát trong môn học: Test Cases/47_Sinh viên trả lời khảo sát trong môn học

2022-01-15 17:01:37 - [TEST_STEP][PASSED] - openBrowser(""): Browser is opened with url: ''

2022-01-15 17:01:37 - [MESSAGE][INFO] - Starting 'Chrome' driver

2022-01-15 17:01:37 - [MESSAGE][INFO] - Action delay is set to 0 milliseconds

2022-01-15 17:01:38 - [MESSAGE][PASSED] - Browser is opened with url: ''

2022-01-15 17:01:38 - [TEST_STEP][PASSED] - navigateToUrl("http://localhost/"): Navigate to 'http://localhost/' successfully

2022-01-15 17:01:38 - [MESSAGE][PASSED] - Navigate to 'http://localhost/' successfully

2022-01-15 17:01:38 - [TEST_STEP][PASSED] - click(findTestObject("Object Repository/Page_HCMUS/a_Log in")): Object: 'Object Repository/Page_HCMUS/a_Log in' is clicked on

2022-01-15 17:01:39 - [MESSAGE][PASSED] - Object: 'Object Repository/Page_HCMUS/a_Log in' is clicked on

2022-01-15 17:01:39 - [TEST_STEP][PASSED] - setText(findTestObject("Object Repository/Page_HCMUS Log in to the site/input_Username_username"), "student1"): Text 'student1' is set on object 'Object Repository/Page_HCMUS Log in to the site/input_Username_username'

2022-01-15 17:01:40 - [MESSAGE][PASSED] - Text 'student1' is set on object 'Object Repository/Page_HCMUS Log in to the site/input_Username_username'

2022-01-15 17:01:40 - [TEST_STEP][PASSED] - setEncryptedText(findTestObject("Object Repository/Page_HCMUS Log in to the site/input_Password_password"), "xsue+lrReh6nSDZIylEEKg=="): Text ****** has been set on object 'Object Repository/Page_HCMUS Log in to the site/input_Password_password'

2022-01-15 17:01:40 - [MESSAGE][PASSED] - Text ****** has been set on object 'Object Repository/Page_HCMUS Log in to the site/input_Password_password'

2022-01-15 17:01:40 - [TEST_STEP][PASSED] - click(findTestObject("Object Repository/Page_HCMUS Log in to the site/button_Log in")): Object: 'Object Repository/Page_HCMUS Log in to the site/button_Log in' is clicked on

2022-01-15 17:01:41 - [MESSAGE][PASSED] - Object: 'Object Repository/Page_HCMUS Log in to the site/button_Log in' is clicked on

2022-01-15 17:01:41 - [TEST_STEP][PASSED] - click(findTestObject("Object Repository/Page_Dashboard/span_Site home")): Object: 'Object Repository/Page_Dashboard/span_Site home' is clicked on

2022-01-15 17:01:43 - [MESSAGE][PASSED] - Object: 'Object Repository/Page_Dashboard/span_Site home' is clicked on

2022-01-15 17:01:43 - [TEST_STEP][PASSED] - click(findTestObject("Object Repository/Page_HCMUS/a_Nhp mn tr tu nhn to")): Object: 'Object Repository/Page_HCMUS/a_Nhp mn tr tu nhn to' is clicked on

2022-01-15 17:01:44 - [MESSAGE][PASSED] - Object: 'Object Repository/Page_HCMUS/a_Nhp mn tr tu nhn to' is clicked on

2022-01-15 17:01:44 - [TEST_STEP][PASSED] - click(findTestObject("Object Repository/Page_Course Nhp mn tr tu nhn to/span_Survey 1")): Object: 'Object Repository/Page_Course Nhp mn tr tu nhn to/span_Survey 1' is clicked on

2022-01-15 17:01:44 - [MESSAGE][PASSED] - Object: 'Object Repository/Page_Course Nhp mn tr tu nhn to/span_Survey 1' is clicked on

2022-01-15 17:01:44 - [TEST_STEP][PASSED] - setText(findTestObject("Object Repository/Page_Survey 1/textarea_At what moment in class were you m_f5425c"), "A"): Text 'A' is set on object 'Object Repository/Page_Survey 1/textarea_At what moment in class were you m_f5425c'

2022-01-15 17:01:46 - [MESSAGE][PASSED] - Text 'A' is set on object 'Object Repository/Page_Survey 1/textarea_At what moment in class were you m_f5425c'

2022-01-15 17:01:46 - [TEST_STEP][PASSED] - setText(findTestObject("Object Repository/Page_Survey 1/textarea_At what moment in class were you m_a98c70"), "B"): Text 'B' is set on object 'Object Repository/Page_Survey 1/textarea_At what moment in class were you m_a98c70'

2022-01-15 17:01:46 - [MESSAGE][PASSED] - Text 'B' is set on object 'Object Repository/Page_Survey 1/textarea_At what moment in class were you m_a98c70'

2022-01-15 17:01:46 - [TEST_STEP][PASSED] - setText(findTestObject("Object Repository/Page_Survey 1/textarea_What action from anyone in the for_4db313"), "C"): Text 'C' is set on object 'Object Repository/Page_Survey 1/textarea_What action from anyone in the for_4db313'

2022-01-15 17:01:47 - [MESSAGE][PASSED] - Text 'C' is set on object 'Object Repository/Page_Survey 1/textarea_What action from anyone in the for_4db313'

2022-01-15 17:01:47 - [TEST_STEP][PASSED] - setText(findTestObject("Object Repository/Page_Survey 1/textarea_What action from anyone in the for_b7ee52"), "D"): Text 'D' is set on object 'Object Repository/Page_Survey 1/textarea_What action from anyone in the for_b7ee52'

2022-01-15 17:01:48 - [MESSAGE][PASSED] - Text 'D' is set on object 'Object Repository/Page_Survey 1/textarea_What action from anyone in the for_b7ee52'

2022-01-15 17:01:48 - [TEST_STEP][PASSED] - setText(findTestObject("Object Repository/Page_Survey 1/textarea_What event surprised you most_q73"), "E"): Text 'E' is set on object 'Object Repository/Page_Survey 1/textarea_What event surprised you most_q73'

2022-01-15 17:01:48 - [MESSAGE][PASSED] - Text 'E' is set on object 'Object Repository/Page_Survey 1/textarea_What event surprised you most_q73'

2022-01-15 17:01:48 - [TEST_STEP][PASSED] - click(findTestObject("Object Repository/Page_Survey 1/input_What event surprised you most_btn btn_1c5d04")): Object: 'Object Repository/Page_Survey 1/input_What event surprised you most_btn btn_1c5d04' is clicked on

2022-01-15 17:01:49 - [MESSAGE][PASSED] - Object: 'Object Repository/Page_Survey 1/input_What event surprised you most_btn btn_1c5d04' is clicked on

2022-01-15 17:01:49 - [TEST_STEP][PASSED] - verifyElementText(findTestObject("Object Repository/Page_Survey saved/div_Thanks for answering this survey, Student"), "Thanks for answering this survey, Student"): Actual text and expected text of test object 'Object Repository/Page_Survey saved/div_Thanks for answering this survey, Student' are matched.

2022-01-15 17:01:50 - [MESSAGE][PASSED] - Actual text and expected text of test object 'Object Repository/Page_Survey saved/div_Thanks for answering this survey, Student' are matched.

2022-01-15 17:01:50 - [TEST_STEP][PASSED] - click(findTestObject("Object Repository/Page_Survey saved/button_Continue")): Object: 'Object Repository/Page_Survey saved/button_Continue' is clicked on

2022-01-15 17:01:56 - [MESSAGE][INFO] - Unable to find the element located by 'By.xpath: //button[@id='single_button61debfc263a3314']'. Please recheck the objects properties to make sure the desired element is located. 

2022-01-15 17:01:56 - [MESSAGE][WARNING] - [SELF-HEALING] Failed to find element with id 'Object Repository/Page_Survey saved/button_Continue'. Try using Self-healing.

2022-01-15 17:01:56 - [MESSAGE][WARNING] - [SELF-HEALING] The current locator of test object 'Object Repository/Page_Survey saved/button_Continue' was broken. Propose an alternative one: '//section[@id='region-main']/div/div[2]/form/button'.

2022-01-15 17:01:56 - [MESSAGE][PASSED] - Object: 'Object Repository/Page_Survey saved/button_Continue' is clicked on

2022-01-15 17:01:56 - [TEST_STEP][PASSED] - closeBrowser(): Browser is closed

2022-01-15 17:01:57 - [MESSAGE][PASSED] - Browser is closed]]></system-out>
         <system-err><![CDATA[]]></system-err>
      </testcase>
      <testcase name="Test Cases/48_Sinh viên đánh dấu đã xong một đối tượng trong môn học" time="15.178" classname="Test Cases/48_Sinh viên đánh dấu đã xong một đối tượng trong môn học" status="PASSED">
         <system-out><![CDATA[2022-01-15 17:01:57 - [TEST_CASE][PASSED] - Test Cases/48_Sinh viên đánh dấu đã xong một đối tượng trong môn học: Test Cases/48_Sinh viên đánh dấu đã xong một đối tượng trong môn học

2022-01-15 17:01:57 - [TEST_STEP][PASSED] - openBrowser(""): Browser is opened with url: ''

2022-01-15 17:01:57 - [MESSAGE][INFO] - Starting 'Chrome' driver

2022-01-15 17:01:57 - [MESSAGE][INFO] - Action delay is set to 0 milliseconds

2022-01-15 17:01:59 - [MESSAGE][PASSED] - Browser is opened with url: ''

2022-01-15 17:01:59 - [TEST_STEP][PASSED] - navigateToUrl("http://localhost/"): Navigate to 'http://localhost/' successfully

2022-01-15 17:01:59 - [MESSAGE][PASSED] - Navigate to 'http://localhost/' successfully

2022-01-15 17:01:59 - [TEST_STEP][PASSED] - click(findTestObject("Object Repository/Page_HCMUS/a_Log in")): Object: 'Object Repository/Page_HCMUS/a_Log in' is clicked on

2022-01-15 17:02:00 - [MESSAGE][PASSED] - Object: 'Object Repository/Page_HCMUS/a_Log in' is clicked on

2022-01-15 17:02:00 - [TEST_STEP][PASSED] - setText(findTestObject("Object Repository/Page_HCMUS Log in to the site/input_Username_username"), "student1"): Text 'student1' is set on object 'Object Repository/Page_HCMUS Log in to the site/input_Username_username'

2022-01-15 17:02:01 - [MESSAGE][PASSED] - Text 'student1' is set on object 'Object Repository/Page_HCMUS Log in to the site/input_Username_username'

2022-01-15 17:02:01 - [TEST_STEP][PASSED] - setEncryptedText(findTestObject("Object Repository/Page_HCMUS Log in to the site/input_Password_password"), "xsue+lrReh6nSDZIylEEKg=="): Text ****** has been set on object 'Object Repository/Page_HCMUS Log in to the site/input_Password_password'

2022-01-15 17:02:01 - [MESSAGE][PASSED] - Text ****** has been set on object 'Object Repository/Page_HCMUS Log in to the site/input_Password_password'

2022-01-15 17:02:01 - [TEST_STEP][PASSED] - click(findTestObject("Object Repository/Page_HCMUS Log in to the site/button_Log in")): Object: 'Object Repository/Page_HCMUS Log in to the site/button_Log in' is clicked on

2022-01-15 17:02:02 - [MESSAGE][PASSED] - Object: 'Object Repository/Page_HCMUS Log in to the site/button_Log in' is clicked on

2022-01-15 17:02:02 - [TEST_STEP][PASSED] - click(findTestObject("Object Repository/Page_Dashboard/span_Site home")): Object: 'Object Repository/Page_Dashboard/span_Site home' is clicked on

2022-01-15 17:02:04 - [MESSAGE][PASSED] - Object: 'Object Repository/Page_Dashboard/span_Site home' is clicked on

2022-01-15 17:02:04 - [TEST_STEP][PASSED] - click(findTestObject("Object Repository/Page_HCMUS/a_Nhp mn tr tu nhn to")): Object: 'Object Repository/Page_HCMUS/a_Nhp mn tr tu nhn to' is clicked on

2022-01-15 17:02:04 - [MESSAGE][PASSED] - Object: 'Object Repository/Page_HCMUS/a_Nhp mn tr tu nhn to' is clicked on

2022-01-15 17:02:04 - [TEST_STEP][PASSED] - click(findTestObject("Object Repository/Page_Course Nhp mn tr tu nhn to/button_Mark as done")): Object: 'Object Repository/Page_Course Nhp mn tr tu nhn to/button_Mark as done' is clicked on

2022-01-15 17:02:05 - [MESSAGE][PASSED] - Object: 'Object Repository/Page_Course Nhp mn tr tu nhn to/button_Mark as done' is clicked on

2022-01-15 17:02:05 - [TEST_STEP][PASSED] - verifyElementText(findTestObject("Object Repository/Page_Course Nhp mn tr tu nhn to/button_Done"), "Done"): Actual text and expected text of test object 'Object Repository/Page_Course Nhp mn tr tu nhn to/button_Done' are matched.

2022-01-15 17:02:11 - [MESSAGE][INFO] - Unable to find the element located by 'By.xpath: //button[@id='yui_3_17_2_1_1641988112401_46']'. Please recheck the objects properties to make sure the desired element is located. 

2022-01-15 17:02:11 - [MESSAGE][WARNING] - [SELF-HEALING] Failed to find element with id 'Object Repository/Page_Course Nhp mn tr tu nhn to/button_Done'. Try using Self-healing.

2022-01-15 17:02:11 - [MESSAGE][WARNING] - [SELF-HEALING] The current locator of test object 'Object Repository/Page_Course Nhp mn tr tu nhn to/button_Done' was broken. Propose an alternative one: '(.//*[normalize-space(text()) and normalize-space(.)='Closed:'])[1]/following::button[1]'.

2022-01-15 17:02:11 - [MESSAGE][PASSED] - Actual text and expected text of test object 'Object Repository/Page_Course Nhp mn tr tu nhn to/button_Done' are matched.

2022-01-15 17:02:11 - [TEST_STEP][PASSED] - closeBrowser(): Browser is closed

2022-01-15 17:02:12 - [MESSAGE][PASSED] - Browser is closed]]></system-out>
         <system-err><![CDATA[]]></system-err>
      </testcase>
      <testcase name="Test Cases/49_Giáo viên lock một discussion trong forum môn học" time="18.613" classname="Test Cases/49_Giáo viên lock một discussion trong forum môn học" status="FAILED">
         <failure type="FAILED" message="Test Cases/49_Giáo viên lock một discussion trong forum môn học FAILED.
Reason:
com.kms.katalon.core.exception.StepFailedException: Unable to click on object 'Object Repository/Page_Forum 1/i_Subscribe to this discussion_icon fa fa-e_f628f6'
	at com.kms.katalon.core.webui.keyword.internal.WebUIKeywordMain.stepFailed(WebUIKeywordMain.groovy:64)
	at com.kms.katalon.core.webui.keyword.internal.WebUIKeywordMain.runKeyword(WebUIKeywordMain.groovy:26)
	at com.kms.katalon.core.webui.keyword.builtin.ClickKeyword.click(ClickKeyword.groovy:74)
	at com.kms.katalon.core.webui.keyword.builtin.ClickKeyword.execute(ClickKeyword.groovy:40)
	at com.kms.katalon.core.keyword.internal.KeywordExecutor.executeKeywordForPlatform(KeywordExecutor.groovy:74)
	at com.kms.katalon.core.webui.keyword.WebUiBuiltInKeywords.click(WebUiBuiltInKeywords.groovy:620)
	at com.kms.katalon.core.webui.keyword.WebUiBuiltInKeywords$click$1.call(Unknown Source)
	at 49_Giáo viên lock một discussion trong forum môn học.run(49_Giáo viên lock một discussion trong forum môn học:38)
	at com.kms.katalon.core.main.ScriptEngine.run(ScriptEngine.java:194)
	at com.kms.katalon.core.main.ScriptEngine.runScriptAsRawText(ScriptEngine.java:119)
	at com.kms.katalon.core.main.TestCaseExecutor.runScript(TestCaseExecutor.java:442)
	at com.kms.katalon.core.main.TestCaseExecutor.doExecute(TestCaseExecutor.java:433)
	at com.kms.katalon.core.main.TestCaseExecutor.processExecutionPhase(TestCaseExecutor.java:412)
	at com.kms.katalon.core.main.TestCaseExecutor.accessMainPhase(TestCaseExecutor.java:404)
	at com.kms.katalon.core.main.TestCaseExecutor.execute(TestCaseExecutor.java:281)
	at com.kms.katalon.core.main.TestCaseExecutor.execute(TestCaseExecutor.java:363)
	at com.kms.katalon.core.main.TestCaseExecutor.execute(TestCaseExecutor.java:363)
	at com.kms.katalon.core.main.TestCaseExecutor.execute(TestCaseExecutor.java:363)
	at com.kms.katalon.core.main.TestSuiteExecutor.accessTestCaseMainPhase(TestSuiteExecutor.java:202)
	at com.kms.katalon.core.main.TestSuiteExecutor.accessTestSuiteMainPhase(TestSuiteExecutor.java:164)
	at com.kms.katalon.core.main.TestSuiteExecutor.execute(TestSuiteExecutor.java:105)
	at com.kms.katalon.core.main.TestCaseMain.startTestSuite(TestCaseMain.java:181)
	at com.kms.katalon.core.main.TestCaseMain$startTestSuite$0.call(Unknown Source)
	at TempTestSuite1642239075402.run(TempTestSuite1642239075402.groovy:36)
Caused by: com.kms.katalon.core.webui.exception.WebElementNotFoundException: Web element with id: 'Object Repository/Page_Forum 1/i_Subscribe to this discussion_icon fa fa-e_f628f6' located by '//a[@id='yui_3_17_2_1_1641986967470_501']/i' not found
	at com.kms.katalon.core.webui.common.WebUiCommonHelper.findWebElement(WebUiCommonHelper.java:1368)
	at com.kms.katalon.core.webui.keyword.internal.WebUIAbstractKeyword.findWebElement(WebUIAbstractKeyword.groovy:27)
	at com.kms.katalon.core.webui.keyword.builtin.ClickKeyword$_click_closure1.doCall(ClickKeyword.groovy:65)
	at com.kms.katalon.core.webui.keyword.builtin.ClickKeyword$_click_closure1.call(ClickKeyword.groovy)
	at com.kms.katalon.core.webui.keyword.internal.WebUIKeywordMain.runKeyword(WebUIKeywordMain.groovy:20)
	... 22 more
"/>
         <system-out><![CDATA[2022-01-15 17:03:08 - [TEST_CASE][FAILED] - Test Cases/49_Giáo viên lock một discussion trong forum môn học: Test Cases/49_Giáo viên lock một discussion trong forum môn học FAILED.
Reason:
com.kms.katalon.core.exception.StepFailedException: Unable to click on object 'Object Repository/Page_Forum 1/i_Subscribe to this discussion_icon fa fa-e_f628f6'
	at com.kms.katalon.core.webui.keyword.internal.WebUIKeywordMain.stepFailed(WebUIKeywordMain.groovy:64)
	at com.kms.katalon.core.webui.keyword.internal.WebUIKeywordMain.runKeyword(WebUIKeywordMain.groovy:26)
	at com.kms.katalon.core.webui.keyword.builtin.ClickKeyword.click(ClickKeyword.groovy:74)
	at com.kms.katalon.core.webui.keyword.builtin.ClickKeyword.execute(ClickKeyword.groovy:40)
	at com.kms.katalon.core.keyword.internal.KeywordExecutor.executeKeywordForPlatform(KeywordExecutor.groovy:74)
	at com.kms.katalon.core.webui.keyword.WebUiBuiltInKeywords.click(WebUiBuiltInKeywords.groovy:620)
	at com.kms.katalon.core.webui.keyword.WebUiBuiltInKeywords$click$1.call(Unknown Source)
	at 49_Giáo viên lock một discussion trong forum môn học.run(49_Giáo viên lock một discussion trong forum môn học:38)
	at com.kms.katalon.core.main.ScriptEngine.run(ScriptEngine.java:194)
	at com.kms.katalon.core.main.ScriptEngine.runScriptAsRawText(ScriptEngine.java:119)
	at com.kms.katalon.core.main.TestCaseExecutor.runScript(TestCaseExecutor.java:442)
	at com.kms.katalon.core.main.TestCaseExecutor.doExecute(TestCaseExecutor.java:433)
	at com.kms.katalon.core.main.TestCaseExecutor.processExecutionPhase(TestCaseExecutor.java:412)
	at com.kms.katalon.core.main.TestCaseExecutor.accessMainPhase(TestCaseExecutor.java:404)
	at com.kms.katalon.core.main.TestCaseExecutor.execute(TestCaseExecutor.java:281)
	at com.kms.katalon.core.main.TestCaseExecutor.execute(TestCaseExecutor.java:363)
	at com.kms.katalon.core.main.TestCaseExecutor.execute(TestCaseExecutor.java:363)
	at com.kms.katalon.core.main.TestCaseExecutor.execute(TestCaseExecutor.java:363)
	at com.kms.katalon.core.main.TestSuiteExecutor.accessTestCaseMainPhase(TestSuiteExecutor.java:202)
	at com.kms.katalon.core.main.TestSuiteExecutor.accessTestSuiteMainPhase(TestSuiteExecutor.java:164)
	at com.kms.katalon.core.main.TestSuiteExecutor.execute(TestSuiteExecutor.java:105)
	at com.kms.katalon.core.main.TestCaseMain.startTestSuite(TestCaseMain.java:181)
	at com.kms.katalon.core.main.TestCaseMain$startTestSuite$0.call(Unknown Source)
	at TempTestSuite1642239075402.run(TempTestSuite1642239075402.groovy:36)
Caused by: com.kms.katalon.core.webui.exception.WebElementNotFoundException: Web element with id: 'Object Repository/Page_Forum 1/i_Subscribe to this discussion_icon fa fa-e_f628f6' located by '//a[@id='yui_3_17_2_1_1641986967470_501']/i' not found
	at com.kms.katalon.core.webui.common.WebUiCommonHelper.findWebElement(WebUiCommonHelper.java:1368)
	at com.kms.katalon.core.webui.keyword.internal.WebUIAbstractKeyword.findWebElement(WebUIAbstractKeyword.groovy:27)
	at com.kms.katalon.core.webui.keyword.builtin.ClickKeyword$_click_closure1.doCall(ClickKeyword.groovy:65)
	at com.kms.katalon.core.webui.keyword.builtin.ClickKeyword$_click_closure1.call(ClickKeyword.groovy)
	at com.kms.katalon.core.webui.keyword.internal.WebUIKeywordMain.runKeyword(WebUIKeywordMain.groovy:20)
	... 22 more


2022-01-15 17:03:08 - [TEST_STEP][PASSED] - openBrowser(""): Browser is opened with url: ''

2022-01-15 17:03:08 - [MESSAGE][WARNING] - A browser is already opened. Closing browser and opening a new one

2022-01-15 17:03:09 - [MESSAGE][INFO] - Starting 'Chrome' driver

2022-01-15 17:03:09 - [MESSAGE][INFO] - Action delay is set to 0 milliseconds

2022-01-15 17:03:10 - [MESSAGE][PASSED] - Browser is opened with url: ''

2022-01-15 17:03:10 - [TEST_STEP][PASSED] - navigateToUrl("http://localhost/"): Navigate to 'http://localhost/' successfully

2022-01-15 17:03:10 - [MESSAGE][PASSED] - Navigate to 'http://localhost/' successfully

2022-01-15 17:03:10 - [TEST_STEP][PASSED] - click(findTestObject("Object Repository/Page_HCMUS/a_Log in")): Object: 'Object Repository/Page_HCMUS/a_Log in' is clicked on

2022-01-15 17:03:11 - [MESSAGE][PASSED] - Object: 'Object Repository/Page_HCMUS/a_Log in' is clicked on

2022-01-15 17:03:11 - [TEST_STEP][PASSED] - setText(findTestObject("Object Repository/Page_HCMUS Log in to the site/input_Username_username"), "teacher1"): Text 'teacher1' is set on object 'Object Repository/Page_HCMUS Log in to the site/input_Username_username'

2022-01-15 17:03:12 - [MESSAGE][PASSED] - Text 'teacher1' is set on object 'Object Repository/Page_HCMUS Log in to the site/input_Username_username'

2022-01-15 17:03:12 - [TEST_STEP][PASSED] - setEncryptedText(findTestObject("Object Repository/Page_HCMUS Log in to the site/input_Password_password"), "iKb8CrY6A/iqm08K47hQLA=="): Text ****** has been set on object 'Object Repository/Page_HCMUS Log in to the site/input_Password_password'

2022-01-15 17:03:12 - [MESSAGE][PASSED] - Text ****** has been set on object 'Object Repository/Page_HCMUS Log in to the site/input_Password_password'

2022-01-15 17:03:12 - [TEST_STEP][PASSED] - click(findTestObject("Object Repository/Page_HCMUS Log in to the site/button_Log in")): Object: 'Object Repository/Page_HCMUS Log in to the site/button_Log in' is clicked on

2022-01-15 17:03:13 - [MESSAGE][PASSED] - Object: 'Object Repository/Page_HCMUS Log in to the site/button_Log in' is clicked on

2022-01-15 17:03:13 - [TEST_STEP][PASSED] - click(findTestObject("Object Repository/Page_Dashboard/span_Site home")): Object: 'Object Repository/Page_Dashboard/span_Site home' is clicked on

2022-01-15 17:03:15 - [MESSAGE][PASSED] - Object: 'Object Repository/Page_Dashboard/span_Site home' is clicked on

2022-01-15 17:03:15 - [TEST_STEP][PASSED] - click(findTestObject("Object Repository/Page_HCMUS/a_Nhp mn tr tu nhn to")): Object: 'Object Repository/Page_HCMUS/a_Nhp mn tr tu nhn to' is clicked on

2022-01-15 17:03:15 - [MESSAGE][PASSED] - Object: 'Object Repository/Page_HCMUS/a_Nhp mn tr tu nhn to' is clicked on

2022-01-15 17:03:15 - [TEST_STEP][PASSED] - click(findTestObject("Object Repository/Page_Course Nhp mn tr tu nhn to/span_Forum 1")): Object: 'Object Repository/Page_Course Nhp mn tr tu nhn to/span_Forum 1' is clicked on

2022-01-15 17:03:16 - [MESSAGE][PASSED] - Object: 'Object Repository/Page_Course Nhp mn tr tu nhn to/span_Forum 1' is clicked on

2022-01-15 17:03:16 - [TEST_STEP][FAILED] - click(findTestObject("Object Repository/Page_Forum 1/i_Subscribe to this discussion_icon fa fa-e_f628f6")): Unable to click on object 'Object Repository/Page_Forum 1/i_Subscribe to this discussion_icon fa fa-e_f628f6' (Root cause: com.kms.katalon.core.exception.StepFailedException: Unable to click on object 'Object Repository/Page_Forum 1/i_Subscribe to this discussion_icon fa fa-e_f628f6'
	at com.kms.katalon.core.webui.keyword.internal.WebUIKeywordMain.stepFailed(WebUIKeywordMain.groovy:64)
	at com.kms.katalon.core.webui.keyword.internal.WebUIKeywordMain.runKeyword(WebUIKeywordMain.groovy:26)
	at com.kms.katalon.core.webui.keyword.builtin.ClickKeyword.click(ClickKeyword.groovy:74)
	at com.kms.katalon.core.webui.keyword.builtin.ClickKeyword.execute(ClickKeyword.groovy:40)
	at com.kms.katalon.core.keyword.internal.KeywordExecutor.executeKeywordForPlatform(KeywordExecutor.groovy:74)
	at com.kms.katalon.core.webui.keyword.WebUiBuiltInKeywords.click(WebUiBuiltInKeywords.groovy:620)
	at com.kms.katalon.core.webui.keyword.WebUiBuiltInKeywords$click$1.call(Unknown Source)
	at 49_Giáo viên lock một discussion trong forum môn học.run(49_Giáo viên lock một discussion trong forum môn học:38)
	at com.kms.katalon.core.main.ScriptEngine.run(ScriptEngine.java:194)
	at com.kms.katalon.core.main.ScriptEngine.runScriptAsRawText(ScriptEngine.java:119)
	at com.kms.katalon.core.main.TestCaseExecutor.runScript(TestCaseExecutor.java:442)
	at com.kms.katalon.core.main.TestCaseExecutor.doExecute(TestCaseExecutor.java:433)
	at com.kms.katalon.core.main.TestCaseExecutor.processExecutionPhase(TestCaseExecutor.java:412)
	at com.kms.katalon.core.main.TestCaseExecutor.accessMainPhase(TestCaseExecutor.java:404)
	at com.kms.katalon.core.main.TestCaseExecutor.execute(TestCaseExecutor.java:281)
	at com.kms.katalon.core.main.TestCaseExecutor.execute(TestCaseExecutor.java:363)
	at com.kms.katalon.core.main.TestCaseExecutor.execute(TestCaseExecutor.java:363)
	at com.kms.katalon.core.main.TestCaseExecutor.execute(TestCaseExecutor.java:363)
	at com.kms.katalon.core.main.TestSuiteExecutor.accessTestCaseMainPhase(TestSuiteExecutor.java:202)
	at com.kms.katalon.core.main.TestSuiteExecutor.accessTestSuiteMainPhase(TestSuiteExecutor.java:164)
	at com.kms.katalon.core.main.TestSuiteExecutor.execute(TestSuiteExecutor.java:105)
	at com.kms.katalon.core.main.TestCaseMain.startTestSuite(TestCaseMain.java:181)
	at com.kms.katalon.core.main.TestCaseMain$startTestSuite$0.call(Unknown Source)
	at TempTestSuite1642239075402.run(TempTestSuite1642239075402.groovy:36)
Caused by: com.kms.katalon.core.webui.exception.WebElementNotFoundException: Web element with id: 'Object Repository/Page_Forum 1/i_Subscribe to this discussion_icon fa fa-e_f628f6' located by '//a[@id='yui_3_17_2_1_1641986967470_501']/i' not found
	at com.kms.katalon.core.webui.common.WebUiCommonHelper.findWebElement(WebUiCommonHelper.java:1368)
	at com.kms.katalon.core.webui.keyword.internal.WebUIAbstractKeyword.findWebElement(WebUIAbstractKeyword.groovy:27)
	at com.kms.katalon.core.webui.keyword.builtin.ClickKeyword$_click_closure1.doCall(ClickKeyword.groovy:65)
	at com.kms.katalon.core.webui.keyword.builtin.ClickKeyword$_click_closure1.call(ClickKeyword.groovy)
	at com.kms.katalon.core.webui.keyword.internal.WebUIKeywordMain.runKeyword(WebUIKeywordMain.groovy:20)
	at com.kms.katalon.core.webui.keyword.builtin.ClickKeyword.click(ClickKeyword.groovy:74)
	at com.kms.katalon.core.webui.keyword.builtin.ClickKeyword.execute(ClickKeyword.groovy:40)
	at com.kms.katalon.core.keyword.internal.KeywordExecutor.executeKeywordForPlatform(KeywordExecutor.groovy:74)
	at com.kms.katalon.core.webui.keyword.WebUiBuiltInKeywords.click(WebUiBuiltInKeywords.groovy:620)
	at com.kms.katalon.core.webui.keyword.WebUiBuiltInKeywords$click$1.call(Unknown Source)
	at Script1641988439967.run(Script1641988439967.groovy:38)
	... 16 more
)

2022-01-15 17:03:23 - [MESSAGE][INFO] - Unable to find the element located by 'By.xpath: //a[@id='yui_3_17_2_1_1641986967470_501']/i'. Please recheck the objects properties to make sure the desired element is located. 

2022-01-15 17:03:23 - [MESSAGE][WARNING] - [SELF-HEALING] Failed to find element with id 'Object Repository/Page_Forum 1/i_Subscribe to this discussion_icon fa fa-e_f628f6'. Try using Self-healing.

2022-01-15 17:03:23 - [MESSAGE][INFO] - [SELF-HEALING] Failed Locator: '//a[@id='yui_3_17_2_1_1641986967470_501']/i'.

2022-01-15 17:03:23 - [MESSAGE][INFO] - [SELF-HEALING] Failed Locator: '//td[6]/div/div/div/a/i'.

2022-01-15 17:03:23 - [MESSAGE][INFO] - [SELF-HEALING] Failed Locator: '//a[@id='yui_3_17_2_1_1641986468256_501']/i'.

2022-01-15 17:03:24 - [MESSAGE][INFO] - [SELF-HEALING] Failed Locator: '//a[@id='yui_3_17_2_1_1641986967470_501']/i'.

2022-01-15 17:03:24 - [MESSAGE][INFO] - [SELF-HEALING] Failed Locator: '//td[6]/div/div/div/a/i'.

2022-01-15 17:03:24 - [MESSAGE][INFO] - [SELF-HEALING] Failed Locator: '//a[@id='yui_3_17_2_1_1641986468256_501']/i'.

2022-01-15 17:03:25 - [MESSAGE][INFO] - Unable to find the element located by 'By.xpath: id("yui_3_17_2_1_1641986967470_501")/i[@class="icon fa fa-ellipsis-v fa-fw"]'. Please recheck the objects properties to make sure the desired element is located. 

2022-01-15 17:03:26 - [MESSAGE][INFO] - Unable to find the element located by 'By.cssSelector: '. Please recheck the objects properties to make sure the desired element is located. 

2022-01-15 17:03:27 - [MESSAGE][FAILED] - Unable to click on object 'Object Repository/Page_Forum 1/i_Subscribe to this discussion_icon fa fa-e_f628f6' (Root cause: com.kms.katalon.core.exception.StepFailedException: Unable to click on object 'Object Repository/Page_Forum 1/i_Subscribe to this discussion_icon fa fa-e_f628f6'
	at com.kms.katalon.core.webui.keyword.internal.WebUIKeywordMain.stepFailed(WebUIKeywordMain.groovy:64)
	at com.kms.katalon.core.webui.keyword.internal.WebUIKeywordMain.runKeyword(WebUIKeywordMain.groovy:26)
	at com.kms.katalon.core.webui.keyword.builtin.ClickKeyword.click(ClickKeyword.groovy:74)
	at com.kms.katalon.core.webui.keyword.builtin.ClickKeyword.execute(ClickKeyword.groovy:40)
	at com.kms.katalon.core.keyword.internal.KeywordExecutor.executeKeywordForPlatform(KeywordExecutor.groovy:74)
	at com.kms.katalon.core.webui.keyword.WebUiBuiltInKeywords.click(WebUiBuiltInKeywords.groovy:620)
	at com.kms.katalon.core.webui.keyword.WebUiBuiltInKeywords$click$1.call(Unknown Source)
	at 49_Giáo viên lock một discussion trong forum môn học.run(49_Giáo viên lock một discussion trong forum môn học:38)
	at com.kms.katalon.core.main.ScriptEngine.run(ScriptEngine.java:194)
	at com.kms.katalon.core.main.ScriptEngine.runScriptAsRawText(ScriptEngine.java:119)
	at com.kms.katalon.core.main.TestCaseExecutor.runScript(TestCaseExecutor.java:442)
	at com.kms.katalon.core.main.TestCaseExecutor.doExecute(TestCaseExecutor.java:433)
	at com.kms.katalon.core.main.TestCaseExecutor.processExecutionPhase(TestCaseExecutor.java:412)
	at com.kms.katalon.core.main.TestCaseExecutor.accessMainPhase(TestCaseExecutor.java:404)
	at com.kms.katalon.core.main.TestCaseExecutor.execute(TestCaseExecutor.java:281)
	at com.kms.katalon.core.main.TestCaseExecutor.execute(TestCaseExecutor.java:363)
	at com.kms.katalon.core.main.TestCaseExecutor.execute(TestCaseExecutor.java:363)
	at com.kms.katalon.core.main.TestCaseExecutor.execute(TestCaseExecutor.java:363)
	at com.kms.katalon.core.main.TestSuiteExecutor.accessTestCaseMainPhase(TestSuiteExecutor.java:202)
	at com.kms.katalon.core.main.TestSuiteExecutor.accessTestSuiteMainPhase(TestSuiteExecutor.java:164)
	at com.kms.katalon.core.main.TestSuiteExecutor.execute(TestSuiteExecutor.java:105)
	at com.kms.katalon.core.main.TestCaseMain.startTestSuite(TestCaseMain.java:181)
	at com.kms.katalon.core.main.TestCaseMain$startTestSuite$0.call(Unknown Source)
	at TempTestSuite1642239075402.run(TempTestSuite1642239075402.groovy:36)
Caused by: com.kms.katalon.core.webui.exception.WebElementNotFoundException: Web element with id: 'Object Repository/Page_Forum 1/i_Subscribe to this discussion_icon fa fa-e_f628f6' located by '//a[@id='yui_3_17_2_1_1641986967470_501']/i' not found
	at com.kms.katalon.core.webui.common.WebUiCommonHelper.findWebElement(WebUiCommonHelper.java:1368)
	at com.kms.katalon.core.webui.keyword.internal.WebUIAbstractKeyword.findWebElement(WebUIAbstractKeyword.groovy:27)
	at com.kms.katalon.core.webui.keyword.builtin.ClickKeyword$_click_closure1.doCall(ClickKeyword.groovy:65)
	at com.kms.katalon.core.webui.keyword.builtin.ClickKeyword$_click_closure1.call(ClickKeyword.groovy)
	at com.kms.katalon.core.webui.keyword.internal.WebUIKeywordMain.runKeyword(WebUIKeywordMain.groovy:20)
	at com.kms.katalon.core.webui.keyword.builtin.ClickKeyword.click(ClickKeyword.groovy:74)
	at com.kms.katalon.core.webui.keyword.builtin.ClickKeyword.execute(ClickKeyword.groovy:40)
	at com.kms.katalon.core.keyword.internal.KeywordExecutor.executeKeywordForPlatform(KeywordExecutor.groovy:74)
	at com.kms.katalon.core.webui.keyword.WebUiBuiltInKeywords.click(WebUiBuiltInKeywords.groovy:620)
	at com.kms.katalon.core.webui.keyword.WebUiBuiltInKeywords$click$1.call(Unknown Source)
	at Script1641988439967.run(Script1641988439967.groovy:38)
	... 16 more
)
[[ATTACHMENT|C:\\Users\\congt\\git\\Test-Automation-SE-Bonus\\Reports\\20220115_163115\\Run all test cases\\20220115_163115\\1642241006968.png]]]]></system-out>
         <system-err><![CDATA[2022-01-15 17:03:08 - [TEST_CASE][FAILED] - Test Cases/49_Giáo viên lock một discussion trong forum môn học: Test Cases/49_Giáo viên lock một discussion trong forum môn học FAILED.
Reason:
com.kms.katalon.core.exception.StepFailedException: Unable to click on object 'Object Repository/Page_Forum 1/i_Subscribe to this discussion_icon fa fa-e_f628f6'
	at com.kms.katalon.core.webui.keyword.internal.WebUIKeywordMain.stepFailed(WebUIKeywordMain.groovy:64)
	at com.kms.katalon.core.webui.keyword.internal.WebUIKeywordMain.runKeyword(WebUIKeywordMain.groovy:26)
	at com.kms.katalon.core.webui.keyword.builtin.ClickKeyword.click(ClickKeyword.groovy:74)
	at com.kms.katalon.core.webui.keyword.builtin.ClickKeyword.execute(ClickKeyword.groovy:40)
	at com.kms.katalon.core.keyword.internal.KeywordExecutor.executeKeywordForPlatform(KeywordExecutor.groovy:74)
	at com.kms.katalon.core.webui.keyword.WebUiBuiltInKeywords.click(WebUiBuiltInKeywords.groovy:620)
	at com.kms.katalon.core.webui.keyword.WebUiBuiltInKeywords$click$1.call(Unknown Source)
	at 49_Giáo viên lock một discussion trong forum môn học.run(49_Giáo viên lock một discussion trong forum môn học:38)
	at com.kms.katalon.core.main.ScriptEngine.run(ScriptEngine.java:194)
	at com.kms.katalon.core.main.ScriptEngine.runScriptAsRawText(ScriptEngine.java:119)
	at com.kms.katalon.core.main.TestCaseExecutor.runScript(TestCaseExecutor.java:442)
	at com.kms.katalon.core.main.TestCaseExecutor.doExecute(TestCaseExecutor.java:433)
	at com.kms.katalon.core.main.TestCaseExecutor.processExecutionPhase(TestCaseExecutor.java:412)
	at com.kms.katalon.core.main.TestCaseExecutor.accessMainPhase(TestCaseExecutor.java:404)
	at com.kms.katalon.core.main.TestCaseExecutor.execute(TestCaseExecutor.java:281)
	at com.kms.katalon.core.main.TestCaseExecutor.execute(TestCaseExecutor.java:363)
	at com.kms.katalon.core.main.TestCaseExecutor.execute(TestCaseExecutor.java:363)
	at com.kms.katalon.core.main.TestCaseExecutor.execute(TestCaseExecutor.java:363)
	at com.kms.katalon.core.main.TestSuiteExecutor.accessTestCaseMainPhase(TestSuiteExecutor.java:202)
	at com.kms.katalon.core.main.TestSuiteExecutor.accessTestSuiteMainPhase(TestSuiteExecutor.java:164)
	at com.kms.katalon.core.main.TestSuiteExecutor.execute(TestSuiteExecutor.java:105)
	at com.kms.katalon.core.main.TestCaseMain.startTestSuite(TestCaseMain.java:181)
	at com.kms.katalon.core.main.TestCaseMain$startTestSuite$0.call(Unknown Source)
	at TempTestSuite1642239075402.run(TempTestSuite1642239075402.groovy:36)
Caused by: com.kms.katalon.core.webui.exception.WebElementNotFoundException: Web element with id: 'Object Repository/Page_Forum 1/i_Subscribe to this discussion_icon fa fa-e_f628f6' located by '//a[@id='yui_3_17_2_1_1641986967470_501']/i' not found
	at com.kms.katalon.core.webui.common.WebUiCommonHelper.findWebElement(WebUiCommonHelper.java:1368)
	at com.kms.katalon.core.webui.keyword.internal.WebUIAbstractKeyword.findWebElement(WebUIAbstractKeyword.groovy:27)
	at com.kms.katalon.core.webui.keyword.builtin.ClickKeyword$_click_closure1.doCall(ClickKeyword.groovy:65)
	at com.kms.katalon.core.webui.keyword.builtin.ClickKeyword$_click_closure1.call(ClickKeyword.groovy)
	at com.kms.katalon.core.webui.keyword.internal.WebUIKeywordMain.runKeyword(WebUIKeywordMain.groovy:20)
	... 22 more]]></system-err>
      </testcase>
      <testcase name="Test Cases/50_Sinh viên chỉnh sửa thông tin cá nhân của mình" time="12.534" classname="Test Cases/50_Sinh viên chỉnh sửa thông tin cá nhân của mình" status="PASSED">
         <system-out><![CDATA[2022-01-15 17:03:27 - [TEST_CASE][PASSED] - Test Cases/50_Sinh viên chỉnh sửa thông tin cá nhân của mình: Test Cases/50_Sinh viên chỉnh sửa thông tin cá nhân của mình

2022-01-15 17:03:27 - [TEST_STEP][PASSED] - openBrowser(""): Browser is opened with url: ''

2022-01-15 17:03:27 - [MESSAGE][WARNING] - A browser is already opened. Closing browser and opening a new one

2022-01-15 17:03:28 - [MESSAGE][INFO] - Starting 'Chrome' driver

2022-01-15 17:03:28 - [MESSAGE][INFO] - Action delay is set to 0 milliseconds

2022-01-15 17:03:29 - [MESSAGE][PASSED] - Browser is opened with url: ''

2022-01-15 17:03:29 - [TEST_STEP][PASSED] - navigateToUrl("http://localhost/"): Navigate to 'http://localhost/' successfully

2022-01-15 17:03:29 - [MESSAGE][PASSED] - Navigate to 'http://localhost/' successfully

2022-01-15 17:03:29 - [TEST_STEP][PASSED] - click(findTestObject("Object Repository/Page_HCMUS/a_Log in")): Object: 'Object Repository/Page_HCMUS/a_Log in' is clicked on

2022-01-15 17:03:30 - [MESSAGE][PASSED] - Object: 'Object Repository/Page_HCMUS/a_Log in' is clicked on

2022-01-15 17:03:30 - [TEST_STEP][PASSED] - setText(findTestObject("Object Repository/Page_HCMUS Log in to the site/input_Username_username"), "student1"): Text 'student1' is set on object 'Object Repository/Page_HCMUS Log in to the site/input_Username_username'

2022-01-15 17:03:31 - [MESSAGE][PASSED] - Text 'student1' is set on object 'Object Repository/Page_HCMUS Log in to the site/input_Username_username'

2022-01-15 17:03:31 - [TEST_STEP][PASSED] - setEncryptedText(findTestObject("Object Repository/Page_HCMUS Log in to the site/input_Password_password"), "xsue+lrReh6nSDZIylEEKg=="): Text ****** has been set on object 'Object Repository/Page_HCMUS Log in to the site/input_Password_password'

2022-01-15 17:03:31 - [MESSAGE][PASSED] - Text ****** has been set on object 'Object Repository/Page_HCMUS Log in to the site/input_Password_password'

2022-01-15 17:03:31 - [TEST_STEP][PASSED] - click(findTestObject("Object Repository/Page_HCMUS Log in to the site/button_Log in")): Object: 'Object Repository/Page_HCMUS Log in to the site/button_Log in' is clicked on

2022-01-15 17:03:32 - [MESSAGE][PASSED] - Object: 'Object Repository/Page_HCMUS Log in to the site/button_Log in' is clicked on

2022-01-15 17:03:32 - [TEST_STEP][PASSED] - click(findTestObject("Object Repository/Page_Dashboard/a_Student Waldrop")): Object: 'Object Repository/Page_Dashboard/a_Student Waldrop' is clicked on

2022-01-15 17:03:33 - [MESSAGE][PASSED] - Object: 'Object Repository/Page_Dashboard/a_Student Waldrop' is clicked on

2022-01-15 17:03:33 - [TEST_STEP][PASSED] - click(findTestObject("Object Repository/Page_Dashboard/span_Profile")): Object: 'Object Repository/Page_Dashboard/span_Profile' is clicked on

2022-01-15 17:03:34 - [MESSAGE][PASSED] - Object: 'Object Repository/Page_Dashboard/span_Profile' is clicked on

2022-01-15 17:03:34 - [TEST_STEP][PASSED] - click(findTestObject("Object Repository/Page_Student Waldrop Public profile/a_Edit profile")): Object: 'Object Repository/Page_Student Waldrop Public profile/a_Edit profile' is clicked on

2022-01-15 17:03:35 - [MESSAGE][PASSED] - Object: 'Object Repository/Page_Student Waldrop Public profile/a_Edit profile' is clicked on

2022-01-15 17:03:35 - [TEST_STEP][PASSED] - setText(findTestObject("Object Repository/Page_KHTN Edit profile/input_First name_firstname"), "S"): Text 'S' is set on object 'Object Repository/Page_KHTN Edit profile/input_First name_firstname'

2022-01-15 17:03:37 - [MESSAGE][PASSED] - Text 'S' is set on object 'Object Repository/Page_KHTN Edit profile/input_First name_firstname'

2022-01-15 17:03:37 - [TEST_STEP][PASSED] - click(findTestObject("Object Repository/Page_KHTN Edit profile/input_Address_submitbutton")): Object: 'Object Repository/Page_KHTN Edit profile/input_Address_submitbutton' is clicked on

2022-01-15 17:03:37 - [MESSAGE][PASSED] - Object: 'Object Repository/Page_KHTN Edit profile/input_Address_submitbutton' is clicked on

2022-01-15 17:03:37 - [TEST_STEP][PASSED] - verifyElementVisible(findTestObject("Object Repository/Page_S Waldrop Public profile/div_Changes saved")): Object 'Object Repository/Page_S Waldrop Public profile/div_Changes saved' is visible

2022-01-15 17:03:38 - [MESSAGE][PASSED] - Object 'Object Repository/Page_S Waldrop Public profile/div_Changes saved' is visible

2022-01-15 17:03:38 - [TEST_STEP][PASSED] - verifyElementText(findTestObject("Object Repository/Page_S Waldrop Public profile/h1_S Waldrop"), "S Waldrop"): Actual text and expected text of test object 'Object Repository/Page_S Waldrop Public profile/h1_S Waldrop' are matched.

2022-01-15 17:03:38 - [MESSAGE][PASSED] - Actual text and expected text of test object 'Object Repository/Page_S Waldrop Public profile/h1_S Waldrop' are matched.

2022-01-15 17:03:38 - [TEST_STEP][PASSED] - closeBrowser(): Browser is closed

2022-01-15 17:03:39 - [MESSAGE][PASSED] - Browser is closed]]></system-out>
         <system-err><![CDATA[]]></system-err>
      </testcase>
      <system-out><![CDATA[2022-01-15 16:31:24 - [TEST_SUITE][FAILED] - Run all test cases: Test Cases/15_thêm lịch cho 1 course thành công FAILED.
Reason:
com.kms.katalon.core.exception.StepFailedException: Unable to set text 'event one' of object 'Object Repository/Page_AI Calendar Detailed month view January 2022/input_Event title_name'
	at com.kms.katalon.core.webui.keyword.internal.WebUIKeywordMain.stepFailed(WebUIKeywordMain.groovy:64)
	at com.kms.katalon.core.webui.keyword.internal.WebUIKeywordMain.runKeyword(WebUIKeywordMain.groovy:26)
	at com.kms.katalon.core.webui.keyword.builtin.SetTextKeyword.setText(SetTextKeyword.groovy:66)
	at com.kms.katalon.core.webui.keyword.builtin.SetTextKeyword.execute(SetTextKeyword.groovy:37)
	at com.kms.katalon.core.keyword.internal.KeywordExecutor.executeKeywordForPlatform(KeywordExecutor.groovy:74)
	at com.kms.katalon.core.webui.keyword.WebUiBuiltInKeywords.setText(WebUiBuiltInKeywords.groovy:980)
	at com.kms.katalon.core.webui.keyword.WebUiBuiltInKeywords$setText$2.call(Unknown Source)
	at 15_thêm lịch cho 1 course thành công.run(15_thêm lịch cho 1 course thành công:42)
	at com.kms.katalon.core.main.ScriptEngine.run(ScriptEngine.java:194)
	at com.kms.katalon.core.main.ScriptEngine.runScriptAsRawText(ScriptEngine.java:119)
	at com.kms.katalon.core.main.TestCaseExecutor.runScript(TestCaseExecutor.java:442)
	at com.kms.katalon.core.main.TestCaseExecutor.doExecute(TestCaseExecutor.java:433)
	at com.kms.katalon.core.main.TestCaseExecutor.processExecutionPhase(TestCaseExecutor.java:412)
	at com.kms.katalon.core.main.TestCaseExecutor.accessMainPhase(TestCaseExecutor.java:404)
	at com.kms.katalon.core.main.TestCaseExecutor.execute(TestCaseExecutor.java:281)
	at com.kms.katalon.core.main.TestSuiteExecutor.accessTestCaseMainPhase(TestSuiteExecutor.java:202)
	at com.kms.katalon.core.main.TestSuiteExecutor.accessTestSuiteMainPhase(TestSuiteExecutor.java:164)
	at com.kms.katalon.core.main.TestSuiteExecutor.execute(TestSuiteExecutor.java:105)
	at com.kms.katalon.core.main.TestCaseMain.startTestSuite(TestCaseMain.java:181)
	at com.kms.katalon.core.main.TestCaseMain$startTestSuite$0.call(Unknown Source)
	at TempTestSuite1642239075402.run(TempTestSuite1642239075402.groovy:36)
Caused by: com.kms.katalon.core.webui.exception.WebElementNotFoundException: Web element with id: 'Object Repository/Page_AI Calendar Detailed month view January 2022/input_Event title_name' located by '//input[@id='id_name']' not found
	at com.kms.katalon.core.webui.common.WebUiCommonHelper.findWebElement(WebUiCommonHelper.java:1368)
	at com.kms.katalon.core.webui.keyword.internal.WebUIAbstractKeyword.findWebElement(WebUIAbstractKeyword.groovy:27)
	at com.kms.katalon.core.webui.keyword.internal.WebUIAbstractKeyword.findWebElement(WebUIAbstractKeyword.groovy:26)
	at com.kms.katalon.core.webui.keyword.builtin.SetTextKeyword$_setText_closure1.doCall(SetTextKeyword.groovy:51)
	at com.kms.katalon.core.webui.keyword.builtin.SetTextKeyword$_setText_closure1.call(SetTextKeyword.groovy)
	at com.kms.katalon.core.webui.keyword.internal.WebUIKeywordMain.runKeyword(WebUIKeywordMain.groovy:20)
	... 19 more]]></system-out>
      <system-err><![CDATA[2022-01-15 16:31:24 - [TEST_SUITE][FAILED] - Run all test cases: Test Cases/15_thêm lịch cho 1 course thành công FAILED.
Reason:
com.kms.katalon.core.exception.StepFailedException: Unable to set text 'event one' of object 'Object Repository/Page_AI Calendar Detailed month view January 2022/input_Event title_name'
	at com.kms.katalon.core.webui.keyword.internal.WebUIKeywordMain.stepFailed(WebUIKeywordMain.groovy:64)
	at com.kms.katalon.core.webui.keyword.internal.WebUIKeywordMain.runKeyword(WebUIKeywordMain.groovy:26)
	at com.kms.katalon.core.webui.keyword.builtin.SetTextKeyword.setText(SetTextKeyword.groovy:66)
	at com.kms.katalon.core.webui.keyword.builtin.SetTextKeyword.execute(SetTextKeyword.groovy:37)
	at com.kms.katalon.core.keyword.internal.KeywordExecutor.executeKeywordForPlatform(KeywordExecutor.groovy:74)
	at com.kms.katalon.core.webui.keyword.WebUiBuiltInKeywords.setText(WebUiBuiltInKeywords.groovy:980)
	at com.kms.katalon.core.webui.keyword.WebUiBuiltInKeywords$setText$2.call(Unknown Source)
	at 15_thêm lịch cho 1 course thành công.run(15_thêm lịch cho 1 course thành công:42)
	at com.kms.katalon.core.main.ScriptEngine.run(ScriptEngine.java:194)
	at com.kms.katalon.core.main.ScriptEngine.runScriptAsRawText(ScriptEngine.java:119)
	at com.kms.katalon.core.main.TestCaseExecutor.runScript(TestCaseExecutor.java:442)
	at com.kms.katalon.core.main.TestCaseExecutor.doExecute(TestCaseExecutor.java:433)
	at com.kms.katalon.core.main.TestCaseExecutor.processExecutionPhase(TestCaseExecutor.java:412)
	at com.kms.katalon.core.main.TestCaseExecutor.accessMainPhase(TestCaseExecutor.java:404)
	at com.kms.katalon.core.main.TestCaseExecutor.execute(TestCaseExecutor.java:281)
	at com.kms.katalon.core.main.TestSuiteExecutor.accessTestCaseMainPhase(TestSuiteExecutor.java:202)
	at com.kms.katalon.core.main.TestSuiteExecutor.accessTestSuiteMainPhase(TestSuiteExecutor.java:164)
	at com.kms.katalon.core.main.TestSuiteExecutor.execute(TestSuiteExecutor.java:105)
	at com.kms.katalon.core.main.TestCaseMain.startTestSuite(TestCaseMain.java:181)
	at com.kms.katalon.core.main.TestCaseMain$startTestSuite$0.call(Unknown Source)
	at TempTestSuite1642239075402.run(TempTestSuite1642239075402.groovy:36)
Caused by: com.kms.katalon.core.webui.exception.WebElementNotFoundException: Web element with id: 'Object Repository/Page_AI Calendar Detailed month view January 2022/input_Event title_name' located by '//input[@id='id_name']' not found
	at com.kms.katalon.core.webui.common.WebUiCommonHelper.findWebElement(WebUiCommonHelper.java:1368)
	at com.kms.katalon.core.webui.keyword.internal.WebUIAbstractKeyword.findWebElement(WebUIAbstractKeyword.groovy:27)
	at com.kms.katalon.core.webui.keyword.internal.WebUIAbstractKeyword.findWebElement(WebUIAbstractKeyword.groovy:26)
	at com.kms.katalon.core.webui.keyword.builtin.SetTextKeyword$_setText_closure1.doCall(SetTextKeyword.groovy:51)
	at com.kms.katalon.core.webui.keyword.builtin.SetTextKeyword$_setText_closure1.call(SetTextKeyword.groovy)
	at com.kms.katalon.core.webui.keyword.internal.WebUIKeywordMain.runKeyword(WebUIKeywordMain.groovy:20)
	... 19 more]]></system-err>
   </testsuite>
</testsuites>
