<?xml version="1.0" encoding="UTF-8"?>
<testsuites name="Run all test cases" time="2740.526" tests="42" failures="17" errors="0">
   <testsuite name="Run all test cases" tests="42" failures="17" errors="0" time="2740.526" skipped="0" timestamp="2022-01-14 19:57:31" hostname="Admin - Admin.sctvnet.vn" id="Test Suites/Run all test cases">
      <properties>
         <property name="deviceName" value=""/>
         <property name="devicePlatform" value=""/>
         <property name="logFolder" value="D:\\nam 3\\nhap mon CNPM\\bonus project\\Test-Automation-SE-Bonus\\Reports\\20220114_195717\\Run all test cases\\20220114_195717"/>
         <property name="logFiles" value="D:\\nam 3\\nhap mon CNPM\\bonus project\\Test-Automation-SE-Bonus\\Reports\\20220114_195717\\Run all test cases\\20220114_195717\\execution0.log"/>
         <property name="attachments" value="D:\\nam 3\\nhap mon CNPM\\bonus project\\Test-Automation-SE-Bonus\\Reports\\20220114_195717\\Run all test cases\\20220114_195717\\1642165608679.png, D:\\nam 3\\nhap mon CNPM\\bonus project\\Test-Automation-SE-Bonus\\Reports\\20220114_195717\\Run all test cases\\20220114_195717\\1642165660540.png, D:\\nam 3\\nhap mon CNPM\\bonus project\\Test-Automation-SE-Bonus\\Reports\\20220114_195717\\Run all test cases\\20220114_195717\\1642165713358.png, D:\\nam 3\\nhap mon CNPM\\bonus project\\Test-Automation-SE-Bonus\\Reports\\20220114_195717\\Run all test cases\\20220114_195717\\1642165765614.png, D:\\nam 3\\nhap mon CNPM\\bonus project\\Test-Automation-SE-Bonus\\Reports\\20220114_195717\\Run all test cases\\20220114_195717\\1642165825959.png, D:\\nam 3\\nhap mon CNPM\\bonus project\\Test-Automation-SE-Bonus\\Reports\\20220114_195717\\Run all test cases\\20220114_195717\\1642165826433.png, D:\\nam 3\\nhap mon CNPM\\bonus project\\Test-Automation-SE-Bonus\\Reports\\20220114_195717\\Run all test cases\\20220114_195717\\1642165891370.png, D:\\nam 3\\nhap mon CNPM\\bonus project\\Test-Automation-SE-Bonus\\Reports\\20220114_195717\\Run all test cases\\20220114_195717\\1642165891596.png, D:\\nam 3\\nhap mon CNPM\\bonus project\\Test-Automation-SE-Bonus\\Reports\\20220114_195717\\Run all test cases\\20220114_195717\\1642165951151.png, D:\\nam 3\\nhap mon CNPM\\bonus project\\Test-Automation-SE-Bonus\\Reports\\20220114_195717\\Run all test cases\\20220114_195717\\1642165951325.png, D:\\nam 3\\nhap mon CNPM\\bonus project\\Test-Automation-SE-Bonus\\Reports\\20220114_195717\\Run all test cases\\20220114_195717\\1642166010311.png, D:\\nam 3\\nhap mon CNPM\\bonus project\\Test-Automation-SE-Bonus\\Reports\\20220114_195717\\Run all test cases\\20220114_195717\\1642166010476.png, D:\\nam 3\\nhap mon CNPM\\bonus project\\Test-Automation-SE-Bonus\\Reports\\20220114_195717\\Run all test cases\\20220114_195717\\1642166050841.png, D:\\nam 3\\nhap mon CNPM\\bonus project\\Test-Automation-SE-Bonus\\Reports\\20220114_195717\\Run all test cases\\20220114_195717\\1642166088982.png, D:\\nam 3\\nhap mon CNPM\\bonus project\\Test-Automation-SE-Bonus\\Reports\\20220114_195717\\Run all test cases\\20220114_195717\\1642166129283.png, D:\\nam 3\\nhap mon CNPM\\bonus project\\Test-Automation-SE-Bonus\\Reports\\20220114_195717\\Run all test cases\\20220114_195717\\1642166171824.png, D:\\nam 3\\nhap mon CNPM\\bonus project\\Test-Automation-SE-Bonus\\Reports\\20220114_195717\\Run all test cases\\20220114_195717\\1642166214949.png, D:\\nam 3\\nhap mon CNPM\\bonus project\\Test-Automation-SE-Bonus\\Reports\\20220114_195717\\Run all test cases\\20220114_195717\\1642166215087.png, D:\\nam 3\\nhap mon CNPM\\bonus project\\Test-Automation-SE-Bonus\\Reports\\20220114_195717\\Run all test cases\\20220114_195717\\1642166236403.png, D:\\nam 3\\nhap mon CNPM\\bonus project\\Test-Automation-SE-Bonus\\Reports\\20220114_195717\\Run all test cases\\20220114_195717\\1642166236527.png, D:\\nam 3\\nhap mon CNPM\\bonus project\\Test-Automation-SE-Bonus\\Reports\\20220114_195717\\Run all test cases\\20220114_195717\\1642166257994.png, D:\\nam 3\\nhap mon CNPM\\bonus project\\Test-Automation-SE-Bonus\\Reports\\20220114_195717\\Run all test cases\\20220114_195717\\1642166258162.png, D:\\nam 3\\nhap mon CNPM\\bonus project\\Test-Automation-SE-Bonus\\Reports\\20220114_195717\\Run all test cases\\20220114_195717\\1642166278993.png, D:\\nam 3\\nhap mon CNPM\\bonus project\\Test-Automation-SE-Bonus\\Reports\\20220114_195717\\Run all test cases\\20220114_195717\\1642166279172.png, D:\\nam 3\\nhap mon CNPM\\bonus project\\Test-Automation-SE-Bonus\\Reports\\20220114_195717\\Run all test cases\\20220114_195717\\1642166297226.png, D:\\nam 3\\nhap mon CNPM\\bonus project\\Test-Automation-SE-Bonus\\Reports\\20220114_195717\\Run all test cases\\20220114_195717\\1642166320716.png, D:\\nam 3\\nhap mon CNPM\\bonus project\\Test-Automation-SE-Bonus\\Reports\\20220114_195717\\Run all test cases\\20220114_195717\\1642166337029.png, D:\\nam 3\\nhap mon CNPM\\bonus project\\Test-Automation-SE-Bonus\\Reports\\20220114_195717\\Run all test cases\\20220114_195717\\1642166360318.png, D:\\nam 3\\nhap mon CNPM\\bonus project\\Test-Automation-SE-Bonus\\Reports\\20220114_195717\\Run all test cases\\20220114_195717\\1642166377537.png, D:\\nam 3\\nhap mon CNPM\\bonus project\\Test-Automation-SE-Bonus\\Reports\\20220114_195717\\Run all test cases\\20220114_195717\\1642166400210.png, D:\\nam 3\\nhap mon CNPM\\bonus project\\Test-Automation-SE-Bonus\\Reports\\20220114_195717\\Run all test cases\\20220114_195717\\1642166416977.png, D:\\nam 3\\nhap mon CNPM\\bonus project\\Test-Automation-SE-Bonus\\Reports\\20220114_195717\\Run all test cases\\20220114_195717\\1642166439703.png, D:\\nam 3\\nhap mon CNPM\\bonus project\\Test-Automation-SE-Bonus\\Reports\\20220114_195717\\Run all test cases\\20220114_195717\\1642166456417.png, D:\\nam 3\\nhap mon CNPM\\bonus project\\Test-Automation-SE-Bonus\\Reports\\20220114_195717\\Run all test cases\\20220114_195717\\1642166479206.png, D:\\nam 3\\nhap mon CNPM\\bonus project\\Test-Automation-SE-Bonus\\Reports\\20220114_195717\\Run all test cases\\20220114_195717\\1642166495732.png, D:\\nam 3\\nhap mon CNPM\\bonus project\\Test-Automation-SE-Bonus\\Reports\\20220114_195717\\Run all test cases\\20220114_195717\\1642166518857.png, D:\\nam 3\\nhap mon CNPM\\bonus project\\Test-Automation-SE-Bonus\\Reports\\20220114_195717\\Run all test cases\\20220114_195717\\1642166535318.png, D:\\nam 3\\nhap mon CNPM\\bonus project\\Test-Automation-SE-Bonus\\Reports\\20220114_195717\\Run all test cases\\20220114_195717\\1642166557851.png, D:\\nam 3\\nhap mon CNPM\\bonus project\\Test-Automation-SE-Bonus\\Reports\\20220114_195717\\Run all test cases\\20220114_195717\\1642166574428.png, D:\\nam 3\\nhap mon CNPM\\bonus project\\Test-Automation-SE-Bonus\\Reports\\20220114_195717\\Run all test cases\\20220114_195717\\1642166597115.png, D:\\nam 3\\nhap mon CNPM\\bonus project\\Test-Automation-SE-Bonus\\Reports\\20220114_195717\\Run all test cases\\20220114_195717\\1642166614027.png, D:\\nam 3\\nhap mon CNPM\\bonus project\\Test-Automation-SE-Bonus\\Reports\\20220114_195717\\Run all test cases\\20220114_195717\\1642166631209.png, D:\\nam 3\\nhap mon CNPM\\bonus project\\Test-Automation-SE-Bonus\\Reports\\20220114_195717\\Run all test cases\\20220114_195717\\1642166648323.png, D:\\nam 3\\nhap mon CNPM\\bonus project\\Test-Automation-SE-Bonus\\Reports\\20220114_195717\\Run all test cases\\20220114_195717\\1642166665209.png, D:\\nam 3\\nhap mon CNPM\\bonus project\\Test-Automation-SE-Bonus\\Reports\\20220114_195717\\Run all test cases\\20220114_195717\\1642166693190.png, D:\\nam 3\\nhap mon CNPM\\bonus project\\Test-Automation-SE-Bonus\\Reports\\20220114_195717\\Run all test cases\\20220114_195717\\1642166721212.png, D:\\nam 3\\nhap mon CNPM\\bonus project\\Test-Automation-SE-Bonus\\Reports\\20220114_195717\\Run all test cases\\20220114_195717\\1642166750862.png, D:\\nam 3\\nhap mon CNPM\\bonus project\\Test-Automation-SE-Bonus\\Reports\\20220114_195717\\Run all test cases\\20220114_195717\\1642166781212.png, D:\\nam 3\\nhap mon CNPM\\bonus project\\Test-Automation-SE-Bonus\\Reports\\20220114_195717\\Run all test cases\\20220114_195717\\1642166804614.png, D:\\nam 3\\nhap mon CNPM\\bonus project\\Test-Automation-SE-Bonus\\Reports\\20220114_195717\\Run all test cases\\20220114_195717\\1642166828872.png, D:\\nam 3\\nhap mon CNPM\\bonus project\\Test-Automation-SE-Bonus\\Reports\\20220114_195717\\Run all test cases\\20220114_195717\\1642166852940.png, D:\\nam 3\\nhap mon CNPM\\bonus project\\Test-Automation-SE-Bonus\\Reports\\20220114_195717\\Run all test cases\\20220114_195717\\1642166893002.png, D:\\nam 3\\nhap mon CNPM\\bonus project\\Test-Automation-SE-Bonus\\Reports\\20220114_195717\\Run all test cases\\20220114_195717\\1642166923719.png, D:\\nam 3\\nhap mon CNPM\\bonus project\\Test-Automation-SE-Bonus\\Reports\\20220114_195717\\Run all test cases\\20220114_195717\\1642166953945.png, D:\\nam 3\\nhap mon CNPM\\bonus project\\Test-Automation-SE-Bonus\\Reports\\20220114_195717\\Run all test cases\\20220114_195717\\1642166983657.png, D:\\nam 3\\nhap mon CNPM\\bonus project\\Test-Automation-SE-Bonus\\Reports\\20220114_195717\\Run all test cases\\20220114_195717\\1642167012887.png, D:\\nam 3\\nhap mon CNPM\\bonus project\\Test-Automation-SE-Bonus\\Reports\\20220114_195717\\Run all test cases\\20220114_195717\\1642167032037.png, D:\\nam 3\\nhap mon CNPM\\bonus project\\Test-Automation-SE-Bonus\\Reports\\20220114_195717\\Run all test cases\\20220114_195717\\1642167046069.png, D:\\nam 3\\nhap mon CNPM\\bonus project\\Test-Automation-SE-Bonus\\Reports\\20220114_195717\\Run all test cases\\20220114_195717\\1642167064774.png, D:\\nam 3\\nhap mon CNPM\\bonus project\\Test-Automation-SE-Bonus\\Reports\\20220114_195717\\Run all test cases\\20220114_195717\\1642167078500.png, D:\\nam 3\\nhap mon CNPM\\bonus project\\Test-Automation-SE-Bonus\\Reports\\20220114_195717\\Run all test cases\\20220114_195717\\1642167097606.png, D:\\nam 3\\nhap mon CNPM\\bonus project\\Test-Automation-SE-Bonus\\Reports\\20220114_195717\\Run all test cases\\20220114_195717\\1642167111494.png, D:\\nam 3\\nhap mon CNPM\\bonus project\\Test-Automation-SE-Bonus\\Reports\\20220114_195717\\Run all test cases\\20220114_195717\\1642167130048.png, D:\\nam 3\\nhap mon CNPM\\bonus project\\Test-Automation-SE-Bonus\\Reports\\20220114_195717\\Run all test cases\\20220114_195717\\1642167143936.png, D:\\nam 3\\nhap mon CNPM\\bonus project\\Test-Automation-SE-Bonus\\Reports\\20220114_195717\\Run all test cases\\20220114_195717\\1642167180949.png, D:\\nam 3\\nhap mon CNPM\\bonus project\\Test-Automation-SE-Bonus\\Reports\\20220114_195717\\Run all test cases\\20220114_195717\\1642167200644.png, D:\\nam 3\\nhap mon CNPM\\bonus project\\Test-Automation-SE-Bonus\\Reports\\20220114_195717\\Run all test cases\\20220114_195717\\1642167218306.png, D:\\nam 3\\nhap mon CNPM\\bonus project\\Test-Automation-SE-Bonus\\Reports\\20220114_195717\\Run all test cases\\20220114_195717\\1642167238063.png, D:\\nam 3\\nhap mon CNPM\\bonus project\\Test-Automation-SE-Bonus\\Reports\\20220114_195717\\Run all test cases\\20220114_195717\\1642167255380.png, D:\\nam 3\\nhap mon CNPM\\bonus project\\Test-Automation-SE-Bonus\\Reports\\20220114_195717\\Run all test cases\\20220114_195717\\1642167273404.png, D:\\nam 3\\nhap mon CNPM\\bonus project\\Test-Automation-SE-Bonus\\Reports\\20220114_195717\\Run all test cases\\20220114_195717\\1642167292148.png, D:\\nam 3\\nhap mon CNPM\\bonus project\\Test-Automation-SE-Bonus\\Reports\\20220114_195717\\Run all test cases\\20220114_195717\\1642167308617.png, D:\\nam 3\\nhap mon CNPM\\bonus project\\Test-Automation-SE-Bonus\\Reports\\20220114_195717\\Run all test cases\\20220114_195717\\1642167326914.png, D:\\nam 3\\nhap mon CNPM\\bonus project\\Test-Automation-SE-Bonus\\Reports\\20220114_195717\\Run all test cases\\20220114_195717\\1642167363988.png, D:\\nam 3\\nhap mon CNPM\\bonus project\\Test-Automation-SE-Bonus\\Reports\\20220114_195717\\Run all test cases\\20220114_195717\\1642167381465.png, D:\\nam 3\\nhap mon CNPM\\bonus project\\Test-Automation-SE-Bonus\\Reports\\20220114_195717\\Run all test cases\\20220114_195717\\1642167399241.png, D:\\nam 3\\nhap mon CNPM\\bonus project\\Test-Automation-SE-Bonus\\Reports\\20220114_195717\\Run all test cases\\20220114_195717\\1642167431593.png, D:\\nam 3\\nhap mon CNPM\\bonus project\\Test-Automation-SE-Bonus\\Reports\\20220114_195717\\Run all test cases\\20220114_195717\\1642167463431.png, D:\\nam 3\\nhap mon CNPM\\bonus project\\Test-Automation-SE-Bonus\\Reports\\20220114_195717\\Run all test cases\\20220114_195717\\1642167548971.png, D:\\nam 3\\nhap mon CNPM\\bonus project\\Test-Automation-SE-Bonus\\Reports\\20220114_195717\\Run all test cases\\20220114_195717\\1642167582879.png, D:\\nam 3\\nhap mon CNPM\\bonus project\\Test-Automation-SE-Bonus\\Reports\\20220114_195717\\Run all test cases\\20220114_195717\\1642167616633.png, D:\\nam 3\\nhap mon CNPM\\bonus project\\Test-Automation-SE-Bonus\\Reports\\20220114_195717\\Run all test cases\\20220114_195717\\1642167647679.png, D:\\nam 3\\nhap mon CNPM\\bonus project\\Test-Automation-SE-Bonus\\Reports\\20220114_195717\\Run all test cases\\20220114_195717\\1642167678904.png, D:\\nam 3\\nhap mon CNPM\\bonus project\\Test-Automation-SE-Bonus\\Reports\\20220114_195717\\Run all test cases\\20220114_195717\\1642167709256.png, D:\\nam 3\\nhap mon CNPM\\bonus project\\Test-Automation-SE-Bonus\\Reports\\20220114_195717\\Run all test cases\\20220114_195717\\1642167725530.png, D:\\nam 3\\nhap mon CNPM\\bonus project\\Test-Automation-SE-Bonus\\Reports\\20220114_195717\\Run all test cases\\20220114_195717\\1642167743957.png, D:\\nam 3\\nhap mon CNPM\\bonus project\\Test-Automation-SE-Bonus\\Reports\\20220114_195717\\Run all test cases\\20220114_195717\\1642167773980.png, D:\\nam 3\\nhap mon CNPM\\bonus project\\Test-Automation-SE-Bonus\\Reports\\20220114_195717\\Run all test cases\\20220114_195717\\1642167792208.png"/>
         <property name="hostName" value="Admin - Admin.sctvnet.vn"/>
         <property name="os" value="Windows 10 64bit"/>
         <property name="katalonVersion" value="8.2.0.208"/>
         <property name="browser" value="Chrome 97.0.4692.71"/>
         <property name="hostAddress" value="192.168.1.148"/>
         <property name="sessionId" value="cc0489fc4f8bf2ecfc549a6377bdd4db"/>
         <property name="seleniumVersion" value="3.141.59"/>
         <property name="proxyInformation" value="ProxyInformation { proxyOption=NO_PROXY, proxyServerType=HTTP, username=, password=********, proxyServerAddress=, proxyServerPort=0, executionList=&quot;&quot;, isApplyToDesiredCapabilities=true }"/>
         <property name="platform" value="Windows 10"/>
      </properties>
      <testcase name="Test Cases/1_admin đăng nhập thành công" time="10.467" classname="Test Cases/1_admin đăng nhập thành công" status="PASSED">
         <system-out><![CDATA[2022-01-14 19:57:32 - [TEST_CASE][PASSED] - Test Cases/1_admin đăng nhập thành công: Test Cases/1_admin đăng nhập thành công

2022-01-14 19:57:32 - [TEST_STEP][PASSED] - openBrowser(""): Browser is opened with url: ''

2022-01-14 19:57:33 - [MESSAGE][INFO] - Starting 'Chrome' driver

2022-01-14 19:57:33 - [MESSAGE][INFO] - Action delay is set to 0 milliseconds

2022-01-14 19:57:35 - [MESSAGE][PASSED] - Browser is opened with url: ''

2022-01-14 19:57:35 - [TEST_STEP][PASSED] - navigateToUrl("http://localhost/"): Navigate to 'http://localhost/' successfully

2022-01-14 19:57:36 - [MESSAGE][PASSED] - Navigate to 'http://localhost/' successfully

2022-01-14 19:57:36 - [TEST_STEP][PASSED] - click(findTestObject("Object Repository/Page_HCMUS/a_Log in")): Object: 'Object Repository/Page_HCMUS/a_Log in' is clicked on

2022-01-14 19:57:37 - [MESSAGE][PASSED] - Object: 'Object Repository/Page_HCMUS/a_Log in' is clicked on

2022-01-14 19:57:37 - [TEST_STEP][PASSED] - setText(findTestObject("Object Repository/Page_HCMUS Log in to the site/input_Username_username"), "admin"): Text 'admin' is set on object 'Object Repository/Page_HCMUS Log in to the site/input_Username_username'

2022-01-14 19:57:38 - [MESSAGE][PASSED] - Text 'admin' is set on object 'Object Repository/Page_HCMUS Log in to the site/input_Username_username'

2022-01-14 19:57:38 - [TEST_STEP][PASSED] - setEncryptedText(findTestObject("Object Repository/Page_HCMUS Log in to the site/input_Password_password"), "5MU2PI2jvJCK/lBTYOwt6g=="): Text ****** has been set on object 'Object Repository/Page_HCMUS Log in to the site/input_Password_password'

2022-01-14 19:57:38 - [MESSAGE][PASSED] - Text ****** has been set on object 'Object Repository/Page_HCMUS Log in to the site/input_Password_password'

2022-01-14 19:57:38 - [TEST_STEP][PASSED] - click(findTestObject("Object Repository/Page_HCMUS Log in to the site/button_Log in")): Object: 'Object Repository/Page_HCMUS Log in to the site/button_Log in' is clicked on

2022-01-14 19:57:40 - [MESSAGE][PASSED] - Object: 'Object Repository/Page_HCMUS Log in to the site/button_Log in' is clicked on

2022-01-14 19:57:40 - [TEST_STEP][PASSED] - verifyElementVisible(findTestObject("Object Repository/Page_Dashboard/span_Admin User")): Object 'Object Repository/Page_Dashboard/span_Admin User' is visible

2022-01-14 19:57:42 - [MESSAGE][PASSED] - Object 'Object Repository/Page_Dashboard/span_Admin User' is visible

2022-01-14 19:57:42 - [TEST_STEP][PASSED] - closeBrowser(): Browser is closed

2022-01-14 19:57:42 - [MESSAGE][PASSED] - Browser is closed]]></system-out>
         <system-err><![CDATA[]]></system-err>
      </testcase>
      <testcase name="Test Cases/2_admin đăng nhập thất bại" time="12.431" classname="Test Cases/2_admin đăng nhập thất bại" status="PASSED">
         <system-out><![CDATA[2022-01-14 19:57:42 - [TEST_CASE][PASSED] - Test Cases/2_admin đăng nhập thất bại: Test Cases/2_admin đăng nhập thất bại

2022-01-14 19:57:42 - [TEST_STEP][PASSED] - openBrowser(""): Browser is opened with url: ''

2022-01-14 19:57:42 - [MESSAGE][INFO] - Starting 'Chrome' driver

2022-01-14 19:57:42 - [MESSAGE][INFO] - Action delay is set to 0 milliseconds

2022-01-14 19:57:44 - [MESSAGE][PASSED] - Browser is opened with url: ''

2022-01-14 19:57:44 - [TEST_STEP][PASSED] - navigateToUrl("http://localhost/"): Navigate to 'http://localhost/' successfully

2022-01-14 19:57:44 - [MESSAGE][PASSED] - Navigate to 'http://localhost/' successfully

2022-01-14 19:57:44 - [TEST_STEP][PASSED] - click(findTestObject("Object Repository/Page_HCMUS/a_Log in")): Object: 'Object Repository/Page_HCMUS/a_Log in' is clicked on

2022-01-14 19:57:45 - [MESSAGE][PASSED] - Object: 'Object Repository/Page_HCMUS/a_Log in' is clicked on

2022-01-14 19:57:45 - [TEST_STEP][PASSED] - setText(findTestObject("Object Repository/Page_HCMUS Log in to the site/input_Username_username"), "admin1234"): Text 'admin1234' is set on object 'Object Repository/Page_HCMUS Log in to the site/input_Username_username'

2022-01-14 19:57:46 - [MESSAGE][PASSED] - Text 'admin1234' is set on object 'Object Repository/Page_HCMUS Log in to the site/input_Username_username'

2022-01-14 19:57:46 - [TEST_STEP][PASSED] - setEncryptedText(findTestObject("Object Repository/Page_HCMUS Log in to the site/input_Password_password"), "5MU2PI2jvJCK/lBTYOwt6g=="): Text ****** has been set on object 'Object Repository/Page_HCMUS Log in to the site/input_Password_password'

2022-01-14 19:57:46 - [MESSAGE][PASSED] - Text ****** has been set on object 'Object Repository/Page_HCMUS Log in to the site/input_Password_password'

2022-01-14 19:57:46 - [TEST_STEP][PASSED] - click(findTestObject("Object Repository/Page_HCMUS Log in to the site/button_Log in")): Object: 'Object Repository/Page_HCMUS Log in to the site/button_Log in' is clicked on

2022-01-14 19:57:47 - [MESSAGE][PASSED] - Object: 'Object Repository/Page_HCMUS Log in to the site/button_Log in' is clicked on

2022-01-14 19:57:47 - [TEST_STEP][PASSED] - click(findTestObject("Object Repository/Page_HCMUS Log in to the site/div_Invalid login, please try again")): Object: 'Object Repository/Page_HCMUS Log in to the site/div_Invalid login, please try again' is clicked on

2022-01-14 19:57:47 - [MESSAGE][PASSED] - Object: 'Object Repository/Page_HCMUS Log in to the site/div_Invalid login, please try again' is clicked on

2022-01-14 19:57:47 - [TEST_STEP][PASSED] - verifyElementVisible(findTestObject("Object Repository/Page_HCMUS Log in to the site/div_Invalid login, please try again_1")): Object 'Object Repository/Page_HCMUS Log in to the site/div_Invalid login, please try again_1' is visible

2022-01-14 19:57:54 - [MESSAGE][INFO] - Unable to find the element located by 'By.xpath: //div[@id='yui_3_17_2_1_1641916242453_20']'. Please recheck the objects properties to make sure the desired element is located. 

2022-01-14 19:57:54 - [MESSAGE][WARNING] - [SELF-HEALING] Failed to find element with id 'Object Repository/Page_HCMUS Log in to the site/div_Invalid login, please try again_1'. Try using Self-healing.

2022-01-14 19:57:54 - [MESSAGE][WARNING] - [SELF-HEALING] The current locator of test object 'Object Repository/Page_HCMUS Log in to the site/div_Invalid login, please try again_1' was broken. Propose an alternative one: '(.//*[normalize-space(text()) and normalize-space(.)='HCMUS'])[1]/following::div[3]'.

2022-01-14 19:57:54 - [MESSAGE][PASSED] - Object 'Object Repository/Page_HCMUS Log in to the site/div_Invalid login, please try again_1' is visible

2022-01-14 19:57:54 - [TEST_STEP][PASSED] - closeBrowser(): Browser is closed

2022-01-14 19:57:55 - [MESSAGE][PASSED] - Browser is closed]]></system-out>
         <system-err><![CDATA[]]></system-err>
      </testcase>
      <testcase name="Test Cases/3_tạo tài khoản và bắt buộc thay đổi mật khẩu" time="35.397" classname="Test Cases/3_tạo tài khoản và bắt buộc thay đổi mật khẩu" status="PASSED">
         <system-out><![CDATA[2022-01-14 19:57:55 - [TEST_CASE][PASSED] - Test Cases/3_tạo tài khoản và bắt buộc thay đổi mật khẩu: Test Cases/3_tạo tài khoản và bắt buộc thay đổi mật khẩu

2022-01-14 19:57:55 - [TEST_STEP][PASSED] - openBrowser(""): Browser is opened with url: ''

2022-01-14 19:57:55 - [MESSAGE][INFO] - Starting 'Chrome' driver

2022-01-14 19:57:55 - [MESSAGE][INFO] - Action delay is set to 0 milliseconds

2022-01-14 19:57:56 - [MESSAGE][PASSED] - Browser is opened with url: ''

2022-01-14 19:57:56 - [TEST_STEP][PASSED] - navigateToUrl("http://localhost/"): Navigate to 'http://localhost/' successfully

2022-01-14 19:57:57 - [MESSAGE][PASSED] - Navigate to 'http://localhost/' successfully

2022-01-14 19:57:57 - [TEST_STEP][PASSED] - click(findTestObject("Object Repository/Page_HCMUS/a_Log in")): Object: 'Object Repository/Page_HCMUS/a_Log in' is clicked on

2022-01-14 19:57:57 - [MESSAGE][PASSED] - Object: 'Object Repository/Page_HCMUS/a_Log in' is clicked on

2022-01-14 19:57:57 - [TEST_STEP][PASSED] - setText(findTestObject("Object Repository/Page_HCMUS Log in to the site/input_Username_username"), "admin"): Text 'admin' is set on object 'Object Repository/Page_HCMUS Log in to the site/input_Username_username'

2022-01-14 19:57:58 - [MESSAGE][PASSED] - Text 'admin' is set on object 'Object Repository/Page_HCMUS Log in to the site/input_Username_username'

2022-01-14 19:57:58 - [TEST_STEP][PASSED] - setEncryptedText(findTestObject("Object Repository/Page_HCMUS Log in to the site/input_Password_password"), "5MU2PI2jvJCK/lBTYOwt6g=="): Text ****** has been set on object 'Object Repository/Page_HCMUS Log in to the site/input_Password_password'

2022-01-14 19:57:59 - [MESSAGE][PASSED] - Text ****** has been set on object 'Object Repository/Page_HCMUS Log in to the site/input_Password_password'

2022-01-14 19:57:59 - [TEST_STEP][PASSED] - click(findTestObject("Object Repository/Page_HCMUS Log in to the site/button_Log in")): Object: 'Object Repository/Page_HCMUS Log in to the site/button_Log in' is clicked on

2022-01-14 19:58:00 - [MESSAGE][PASSED] - Object: 'Object Repository/Page_HCMUS Log in to the site/button_Log in' is clicked on

2022-01-14 19:58:00 - [TEST_STEP][PASSED] - click(findTestObject("Object Repository/Page_Dashboard/span_Site administration")): Object: 'Object Repository/Page_Dashboard/span_Site administration' is clicked on

2022-01-14 19:58:04 - [MESSAGE][PASSED] - Object: 'Object Repository/Page_Dashboard/span_Site administration' is clicked on

2022-01-14 19:58:04 - [TEST_STEP][PASSED] - click(findTestObject("Object Repository/Page_KHTN Administration Search/a_Users")): Object: 'Object Repository/Page_KHTN Administration Search/a_Users' is clicked on

2022-01-14 19:58:04 - [MESSAGE][PASSED] - Object: 'Object Repository/Page_KHTN Administration Search/a_Users' is clicked on

2022-01-14 19:58:04 - [TEST_STEP][PASSED] - click(findTestObject("Object Repository/Page_KHTN Administration Search/a_Add a new user")): Object: 'Object Repository/Page_KHTN Administration Search/a_Add a new user' is clicked on

2022-01-14 19:58:06 - [MESSAGE][PASSED] - Object: 'Object Repository/Page_KHTN Administration Search/a_Add a new user' is clicked on

2022-01-14 19:58:06 - [TEST_STEP][PASSED] - setText(findTestObject("Object Repository/Page_KHTN Administration Users Accounts Add_aad8ed/input_Username_username"), "student11"): Text 'student11' is set on object 'Object Repository/Page_KHTN Administration Users Accounts Add_aad8ed/input_Username_username'

2022-01-14 19:58:08 - [MESSAGE][PASSED] - Text 'student11' is set on object 'Object Repository/Page_KHTN Administration Users Accounts Add_aad8ed/input_Username_username'

2022-01-14 19:58:08 - [TEST_STEP][PASSED] - click(findTestObject("Object Repository/Page_KHTN Administration Users Accounts Add_aad8ed/em_Click to enter text")): Object: 'Object Repository/Page_KHTN Administration Users Accounts Add_aad8ed/em_Click to enter text' is clicked on

2022-01-14 19:58:08 - [MESSAGE][PASSED] - Object: 'Object Repository/Page_KHTN Administration Users Accounts Add_aad8ed/em_Click to enter text' is clicked on

2022-01-14 19:58:08 - [TEST_STEP][PASSED] - setEncryptedText(findTestObject("Object Repository/Page_KHTN Administration Users Accounts Add_aad8ed/input_New password_newpassword"), "5MU2PI2jvJCK/lBTYOwt6g=="): Text ****** has been set on object 'Object Repository/Page_KHTN Administration Users Accounts Add_aad8ed/input_New password_newpassword'

2022-01-14 19:58:09 - [MESSAGE][PASSED] - Text ****** has been set on object 'Object Repository/Page_KHTN Administration Users Accounts Add_aad8ed/input_New password_newpassword'

2022-01-14 19:58:09 - [TEST_STEP][PASSED] - setText(findTestObject("Object Repository/Page_KHTN Administration Users Accounts Add_aad8ed/input_First name_firstname"), "Student"): Text 'Student' is set on object 'Object Repository/Page_KHTN Administration Users Accounts Add_aad8ed/input_First name_firstname'

2022-01-14 19:58:09 - [MESSAGE][PASSED] - Text 'Student' is set on object 'Object Repository/Page_KHTN Administration Users Accounts Add_aad8ed/input_First name_firstname'

2022-01-14 19:58:09 - [TEST_STEP][PASSED] - setText(findTestObject("Object Repository/Page_KHTN Administration Users Accounts Add_aad8ed/input_Surname_lastname"), "Zack"): Text 'Zack' is set on object 'Object Repository/Page_KHTN Administration Users Accounts Add_aad8ed/input_Surname_lastname'

2022-01-14 19:58:10 - [MESSAGE][PASSED] - Text 'Zack' is set on object 'Object Repository/Page_KHTN Administration Users Accounts Add_aad8ed/input_Surname_lastname'

2022-01-14 19:58:10 - [TEST_STEP][PASSED] - setText(findTestObject("Object Repository/Page_KHTN Administration Users Accounts Add_aad8ed/input_Email address_email"), "s11@example.com"): Text 's11@example.com' is set on object 'Object Repository/Page_KHTN Administration Users Accounts Add_aad8ed/input_Email address_email'

2022-01-14 19:58:11 - [MESSAGE][PASSED] - Text 's11@example.com' is set on object 'Object Repository/Page_KHTN Administration Users Accounts Add_aad8ed/input_Email address_email'

2022-01-14 19:58:11 - [TEST_STEP][PASSED] - click(findTestObject("Object Repository/Page_KHTN Administration Users Accounts Add_aad8ed/input_Press enter to save changes_preferenc_a80a7a")): Object: 'Object Repository/Page_KHTN Administration Users Accounts Add_aad8ed/input_Press enter to save changes_preferenc_a80a7a' is clicked on

2022-01-14 19:58:11 - [MESSAGE][PASSED] - Object: 'Object Repository/Page_KHTN Administration Users Accounts Add_aad8ed/input_Press enter to save changes_preferenc_a80a7a' is clicked on

2022-01-14 19:58:11 - [TEST_STEP][PASSED] - click(findTestObject("Object Repository/Page_KHTN Administration Users Accounts Add_aad8ed/input_Address_submitbutton")): Object: 'Object Repository/Page_KHTN Administration Users Accounts Add_aad8ed/input_Address_submitbutton' is clicked on

2022-01-14 19:58:13 - [MESSAGE][PASSED] - Object: 'Object Repository/Page_KHTN Administration Users Accounts Add_aad8ed/input_Address_submitbutton' is clicked on

2022-01-14 19:58:13 - [TEST_STEP][PASSED] - navigateToUrl("http://localhost/admin/user.php"): Navigate to 'http://localhost/admin/user.php' successfully

2022-01-14 19:58:14 - [MESSAGE][PASSED] - Navigate to 'http://localhost/admin/user.php' successfully

2022-01-14 19:58:14 - [TEST_STEP][PASSED] - verifyElementVisible(findTestObject("Object Repository/Page_KHTN Administration Users Accounts Bro_45ce40/div_Changes saved")): Object 'Object Repository/Page_KHTN Administration Users Accounts Bro_45ce40/div_Changes saved' is visible

2022-01-14 19:58:20 - [MESSAGE][INFO] - Unable to find the element located by 'By.xpath: //span[@id='user-notifications']/div'. Please recheck the objects properties to make sure the desired element is located. 

2022-01-14 19:58:20 - [MESSAGE][WARNING] - [SELF-HEALING] Failed to find element with id 'Object Repository/Page_KHTN Administration Users Accounts Bro_45ce40/div_Changes saved'. Try using Self-healing.

2022-01-14 19:58:21 - [MESSAGE][WARNING] - [SELF-HEALING] The current locator of test object 'Object Repository/Page_KHTN Administration Users Accounts Bro_45ce40/div_Changes saved' was broken. Propose an alternative one: '(.//*[normalize-space(text()) and normalize-space(.)='Blocks editing on'])[1]/following::div[4]'.

2022-01-14 19:58:21 - [MESSAGE][PASSED] - Object 'Object Repository/Page_KHTN Administration Users Accounts Bro_45ce40/div_Changes saved' is visible

2022-01-14 19:58:21 - [TEST_STEP][PASSED] - click(findTestObject("Object Repository/Page_KHTN Administration Users Accounts Bro_45ce40/a_Admin User")): Object: 'Object Repository/Page_KHTN Administration Users Accounts Bro_45ce40/a_Admin User' is clicked on

2022-01-14 19:58:21 - [MESSAGE][PASSED] - Object: 'Object Repository/Page_KHTN Administration Users Accounts Bro_45ce40/a_Admin User' is clicked on

2022-01-14 19:58:21 - [TEST_STEP][PASSED] - click(findTestObject("Object Repository/Page_KHTN Administration Users Accounts Bro_45ce40/a_Log out")): Object: 'Object Repository/Page_KHTN Administration Users Accounts Bro_45ce40/a_Log out' is clicked on

2022-01-14 19:58:22 - [MESSAGE][PASSED] - Object: 'Object Repository/Page_KHTN Administration Users Accounts Bro_45ce40/a_Log out' is clicked on

2022-01-14 19:58:22 - [TEST_STEP][PASSED] - click(findTestObject("Object Repository/Page_HCMUS/a_Log in")): Object: 'Object Repository/Page_HCMUS/a_Log in' is clicked on

2022-01-14 19:58:23 - [MESSAGE][PASSED] - Object: 'Object Repository/Page_HCMUS/a_Log in' is clicked on

2022-01-14 19:58:23 - [TEST_STEP][PASSED] - setText(findTestObject("Object Repository/Page_HCMUS Log in to the site/input_Username_username"), "student11"): Text 'student11' is set on object 'Object Repository/Page_HCMUS Log in to the site/input_Username_username'

2022-01-14 19:58:24 - [MESSAGE][PASSED] - Text 'student11' is set on object 'Object Repository/Page_HCMUS Log in to the site/input_Username_username'

2022-01-14 19:58:24 - [TEST_STEP][PASSED] - setEncryptedText(findTestObject("Object Repository/Page_HCMUS Log in to the site/input_Password_password"), "5MU2PI2jvJCK/lBTYOwt6g=="): Text ****** has been set on object 'Object Repository/Page_HCMUS Log in to the site/input_Password_password'

2022-01-14 19:58:24 - [MESSAGE][PASSED] - Text ****** has been set on object 'Object Repository/Page_HCMUS Log in to the site/input_Password_password'

2022-01-14 19:58:24 - [TEST_STEP][PASSED] - click(findTestObject("Object Repository/Page_HCMUS Log in to the site/button_Log in")): Object: 'Object Repository/Page_HCMUS Log in to the site/button_Log in' is clicked on

2022-01-14 19:58:25 - [MESSAGE][PASSED] - Object: 'Object Repository/Page_HCMUS Log in to the site/button_Log in' is clicked on

2022-01-14 19:58:25 - [TEST_STEP][PASSED] - verifyElementVisible(findTestObject("Object Repository/Page_Change password/div_You must change your password to proceed")): Object 'Object Repository/Page_Change password/div_You must change your password to proceed' is visible

2022-01-14 19:58:26 - [MESSAGE][PASSED] - Object 'Object Repository/Page_Change password/div_You must change your password to proceed' is visible

2022-01-14 19:58:26 - [TEST_STEP][PASSED] - setEncryptedText(findTestObject("Object Repository/Page_Change password/input_Current password_password"), "5MU2PI2jvJCK/lBTYOwt6g=="): Text ****** has been set on object 'Object Repository/Page_Change password/input_Current password_password'

2022-01-14 19:58:26 - [MESSAGE][PASSED] - Text ****** has been set on object 'Object Repository/Page_Change password/input_Current password_password'

2022-01-14 19:58:26 - [TEST_STEP][PASSED] - setEncryptedText(findTestObject("Object Repository/Page_Change password/input_New password_newpassword1"), "xsue+lrReh5yW1Jtmbf0PA=="): Text ****** has been set on object 'Object Repository/Page_Change password/input_New password_newpassword1'

2022-01-14 19:58:27 - [MESSAGE][PASSED] - Text ****** has been set on object 'Object Repository/Page_Change password/input_New password_newpassword1'

2022-01-14 19:58:27 - [TEST_STEP][PASSED] - setEncryptedText(findTestObject("Object Repository/Page_Change password/input_New password (again)_newpassword2"), "xsue+lrReh5yW1Jtmbf0PA=="): Text ****** has been set on object 'Object Repository/Page_Change password/input_New password (again)_newpassword2'

2022-01-14 19:58:27 - [MESSAGE][PASSED] - Text ****** has been set on object 'Object Repository/Page_Change password/input_New password (again)_newpassword2'

2022-01-14 19:58:27 - [TEST_STEP][PASSED] - click(findTestObject("Object Repository/Page_Change password/input_New password (again)_submitbutton")): Object: 'Object Repository/Page_Change password/input_New password (again)_submitbutton' is clicked on

2022-01-14 19:58:28 - [MESSAGE][PASSED] - Object: 'Object Repository/Page_Change password/input_New password (again)_submitbutton' is clicked on

2022-01-14 19:58:28 - [TEST_STEP][PASSED] - verifyElementVisible(findTestObject("Object Repository/Page_Password has been changed/div_Password has been changed")): Object 'Object Repository/Page_Password has been changed/div_Password has been changed' is visible

2022-01-14 19:58:29 - [MESSAGE][PASSED] - Object 'Object Repository/Page_Password has been changed/div_Password has been changed' is visible

2022-01-14 19:58:29 - [TEST_STEP][PASSED] - click(findTestObject("Object Repository/Page_Password has been changed/button_Continue")): Object: 'Object Repository/Page_Password has been changed/button_Continue' is clicked on

2022-01-14 19:58:29 - [MESSAGE][PASSED] - Object: 'Object Repository/Page_Password has been changed/button_Continue' is clicked on

2022-01-14 19:58:29 - [TEST_STEP][PASSED] - closeBrowser(): Browser is closed

2022-01-14 19:58:30 - [MESSAGE][PASSED] - Browser is closed]]></system-out>
         <system-err><![CDATA[]]></system-err>
      </testcase>
      <testcase name="Test Cases/4_tạo tài khoản user với username đã tồn tại" time="17.091" classname="Test Cases/4_tạo tài khoản user với username đã tồn tại" status="PASSED">
         <system-out><![CDATA[2022-01-14 19:58:30 - [TEST_CASE][PASSED] - Test Cases/4_tạo tài khoản user với username đã tồn tại: Test Cases/4_tạo tài khoản user với username đã tồn tại

2022-01-14 19:58:30 - [TEST_STEP][PASSED] - openBrowser(""): Browser is opened with url: ''

2022-01-14 19:58:30 - [MESSAGE][INFO] - Starting 'Chrome' driver

2022-01-14 19:58:30 - [MESSAGE][INFO] - Action delay is set to 0 milliseconds

2022-01-14 19:58:31 - [MESSAGE][PASSED] - Browser is opened with url: ''

2022-01-14 19:58:31 - [TEST_STEP][PASSED] - navigateToUrl("http://localhost/"): Navigate to 'http://localhost/' successfully

2022-01-14 19:58:32 - [MESSAGE][PASSED] - Navigate to 'http://localhost/' successfully

2022-01-14 19:58:32 - [TEST_STEP][PASSED] - click(findTestObject("Object Repository/Page_HCMUS/a_Log in")): Object: 'Object Repository/Page_HCMUS/a_Log in' is clicked on

2022-01-14 19:58:33 - [MESSAGE][PASSED] - Object: 'Object Repository/Page_HCMUS/a_Log in' is clicked on

2022-01-14 19:58:33 - [TEST_STEP][PASSED] - setText(findTestObject("Object Repository/Page_HCMUS Log in to the site/input_Username_username"), "admin"): Text 'admin' is set on object 'Object Repository/Page_HCMUS Log in to the site/input_Username_username'

2022-01-14 19:58:33 - [MESSAGE][PASSED] - Text 'admin' is set on object 'Object Repository/Page_HCMUS Log in to the site/input_Username_username'

2022-01-14 19:58:33 - [TEST_STEP][PASSED] - setEncryptedText(findTestObject("Object Repository/Page_HCMUS Log in to the site/input_Password_password"), "5MU2PI2jvJCK/lBTYOwt6g=="): Text ****** has been set on object 'Object Repository/Page_HCMUS Log in to the site/input_Password_password'

2022-01-14 19:58:34 - [MESSAGE][PASSED] - Text ****** has been set on object 'Object Repository/Page_HCMUS Log in to the site/input_Password_password'

2022-01-14 19:58:34 - [TEST_STEP][PASSED] - click(findTestObject("Object Repository/Page_HCMUS Log in to the site/button_Log in")): Object: 'Object Repository/Page_HCMUS Log in to the site/button_Log in' is clicked on

2022-01-14 19:58:35 - [MESSAGE][PASSED] - Object: 'Object Repository/Page_HCMUS Log in to the site/button_Log in' is clicked on

2022-01-14 19:58:35 - [TEST_STEP][PASSED] - click(findTestObject("Object Repository/Page_Dashboard/span_Site administration")): Object: 'Object Repository/Page_Dashboard/span_Site administration' is clicked on

2022-01-14 19:58:37 - [MESSAGE][PASSED] - Object: 'Object Repository/Page_Dashboard/span_Site administration' is clicked on

2022-01-14 19:58:37 - [TEST_STEP][PASSED] - click(findTestObject("Object Repository/Page_KHTN Administration Search/a_Users")): Object: 'Object Repository/Page_KHTN Administration Search/a_Users' is clicked on

2022-01-14 19:58:37 - [MESSAGE][PASSED] - Object: 'Object Repository/Page_KHTN Administration Search/a_Users' is clicked on

2022-01-14 19:58:37 - [TEST_STEP][PASSED] - click(findTestObject("Object Repository/Page_KHTN Administration Search/a_Add a new user")): Object: 'Object Repository/Page_KHTN Administration Search/a_Add a new user' is clicked on

2022-01-14 19:58:39 - [MESSAGE][PASSED] - Object: 'Object Repository/Page_KHTN Administration Search/a_Add a new user' is clicked on

2022-01-14 19:58:39 - [TEST_STEP][PASSED] - setText(findTestObject("Object Repository/Page_KHTN Administration Users Accounts Add_aad8ed/input_Username_username"), "student11"): Text 'student11' is set on object 'Object Repository/Page_KHTN Administration Users Accounts Add_aad8ed/input_Username_username'

2022-01-14 19:58:40 - [MESSAGE][PASSED] - Text 'student11' is set on object 'Object Repository/Page_KHTN Administration Users Accounts Add_aad8ed/input_Username_username'

2022-01-14 19:58:40 - [TEST_STEP][PASSED] - setText(findTestObject("Object Repository/Page_KHTN Administration Users Accounts Add_aad8ed/input_First name_firstname"), "a"): Text 'a' is set on object 'Object Repository/Page_KHTN Administration Users Accounts Add_aad8ed/input_First name_firstname'

2022-01-14 19:58:41 - [MESSAGE][PASSED] - Text 'a' is set on object 'Object Repository/Page_KHTN Administration Users Accounts Add_aad8ed/input_First name_firstname'

2022-01-14 19:58:41 - [TEST_STEP][PASSED] - setText(findTestObject("Object Repository/Page_KHTN Administration Users Accounts Add_aad8ed/input_Surname_lastname"), "b"): Text 'b' is set on object 'Object Repository/Page_KHTN Administration Users Accounts Add_aad8ed/input_Surname_lastname'

2022-01-14 19:58:42 - [MESSAGE][PASSED] - Text 'b' is set on object 'Object Repository/Page_KHTN Administration Users Accounts Add_aad8ed/input_Surname_lastname'

2022-01-14 19:58:42 - [TEST_STEP][PASSED] - setText(findTestObject("Object Repository/Page_KHTN Administration Users Accounts Add_aad8ed/input_Email address_email"), "a@gmail.com"): Text 'a@gmail.com' is set on object 'Object Repository/Page_KHTN Administration Users Accounts Add_aad8ed/input_Email address_email'

2022-01-14 19:58:42 - [MESSAGE][PASSED] - Text 'a@gmail.com' is set on object 'Object Repository/Page_KHTN Administration Users Accounts Add_aad8ed/input_Email address_email'

2022-01-14 19:58:42 - [TEST_STEP][PASSED] - click(findTestObject("Object Repository/Page_KHTN Administration Users Accounts Add_aad8ed/em_Click to enter text")): Object: 'Object Repository/Page_KHTN Administration Users Accounts Add_aad8ed/em_Click to enter text' is clicked on

2022-01-14 19:58:43 - [MESSAGE][PASSED] - Object: 'Object Repository/Page_KHTN Administration Users Accounts Add_aad8ed/em_Click to enter text' is clicked on

2022-01-14 19:58:43 - [TEST_STEP][PASSED] - setEncryptedText(findTestObject("Object Repository/Page_KHTN Administration Users Accounts Add_aad8ed/input_New password_newpassword"), "8pa5q0hY+sdM2cG6/p2tPQ=="): Text ****** has been set on object 'Object Repository/Page_KHTN Administration Users Accounts Add_aad8ed/input_New password_newpassword'

2022-01-14 19:58:43 - [MESSAGE][PASSED] - Text ****** has been set on object 'Object Repository/Page_KHTN Administration Users Accounts Add_aad8ed/input_New password_newpassword'

2022-01-14 19:58:43 - [TEST_STEP][PASSED] - click(findTestObject("Object Repository/Page_KHTN Administration Users Accounts Add_aad8ed/input_Address_submitbutton")): Object: 'Object Repository/Page_KHTN Administration Users Accounts Add_aad8ed/input_Address_submitbutton' is clicked on

2022-01-14 19:58:45 - [MESSAGE][PASSED] - Object: 'Object Repository/Page_KHTN Administration Users Accounts Add_aad8ed/input_Address_submitbutton' is clicked on

2022-01-14 19:58:45 - [TEST_STEP][PASSED] - verifyElementVisible(findTestObject("Object Repository/Page_KHTN Administration Users Accounts Add_aad8ed/div_This username already exists, choose another")): Object 'Object Repository/Page_KHTN Administration Users Accounts Add_aad8ed/div_This username already exists, choose another' is visible

2022-01-14 19:58:46 - [MESSAGE][PASSED] - Object 'Object Repository/Page_KHTN Administration Users Accounts Add_aad8ed/div_This username already exists, choose another' is visible

2022-01-14 19:58:46 - [TEST_STEP][PASSED] - verifyElementVisible(findTestObject("Object Repository/Page_KHTN Administration Users Accounts Add_aad8ed/div_This username already exists, choose another_1")): Object 'Object Repository/Page_KHTN Administration Users Accounts Add_aad8ed/div_This username already exists, choose another_1' is visible

2022-01-14 19:58:46 - [MESSAGE][PASSED] - Object 'Object Repository/Page_KHTN Administration Users Accounts Add_aad8ed/div_This username already exists, choose another_1' is visible

2022-01-14 19:58:46 - [TEST_STEP][PASSED] - closeBrowser(): Browser is closed

2022-01-14 19:58:47 - [MESSAGE][PASSED] - Browser is closed]]></system-out>
         <system-err><![CDATA[]]></system-err>
      </testcase>
      <testcase name="Test Cases/5_tạo tài khoản với mật khẩu không theo chuẩn" time="18.061" classname="Test Cases/5_tạo tài khoản với mật khẩu không theo chuẩn" status="PASSED">
         <system-out><![CDATA[2022-01-14 19:58:47 - [TEST_CASE][PASSED] - Test Cases/5_tạo tài khoản với mật khẩu không theo chuẩn: Test Cases/5_tạo tài khoản với mật khẩu không theo chuẩn

2022-01-14 19:58:47 - [TEST_STEP][PASSED] - openBrowser(""): Browser is opened with url: ''

2022-01-14 19:58:47 - [MESSAGE][INFO] - Starting 'Chrome' driver

2022-01-14 19:58:47 - [MESSAGE][INFO] - Action delay is set to 0 milliseconds

2022-01-14 19:58:48 - [MESSAGE][PASSED] - Browser is opened with url: ''

2022-01-14 19:58:48 - [TEST_STEP][PASSED] - navigateToUrl("http://localhost/"): Navigate to 'http://localhost/' successfully

2022-01-14 19:58:49 - [MESSAGE][PASSED] - Navigate to 'http://localhost/' successfully

2022-01-14 19:58:49 - [TEST_STEP][PASSED] - click(findTestObject("Object Repository/Page_HCMUS/a_Log in")): Object: 'Object Repository/Page_HCMUS/a_Log in' is clicked on

2022-01-14 19:58:50 - [MESSAGE][PASSED] - Object: 'Object Repository/Page_HCMUS/a_Log in' is clicked on

2022-01-14 19:58:50 - [TEST_STEP][PASSED] - setText(findTestObject("Object Repository/Page_HCMUS Log in to the site/input_Username_username"), "admin"): Text 'admin' is set on object 'Object Repository/Page_HCMUS Log in to the site/input_Username_username'

2022-01-14 19:58:50 - [MESSAGE][PASSED] - Text 'admin' is set on object 'Object Repository/Page_HCMUS Log in to the site/input_Username_username'

2022-01-14 19:58:50 - [TEST_STEP][PASSED] - setEncryptedText(findTestObject("Object Repository/Page_HCMUS Log in to the site/input_Password_password"), "5MU2PI2jvJCK/lBTYOwt6g=="): Text ****** has been set on object 'Object Repository/Page_HCMUS Log in to the site/input_Password_password'

2022-01-14 19:58:51 - [MESSAGE][PASSED] - Text ****** has been set on object 'Object Repository/Page_HCMUS Log in to the site/input_Password_password'

2022-01-14 19:58:51 - [TEST_STEP][PASSED] - click(findTestObject("Object Repository/Page_HCMUS Log in to the site/button_Log in")): Object: 'Object Repository/Page_HCMUS Log in to the site/button_Log in' is clicked on

2022-01-14 19:58:52 - [MESSAGE][PASSED] - Object: 'Object Repository/Page_HCMUS Log in to the site/button_Log in' is clicked on

2022-01-14 19:58:52 - [TEST_STEP][PASSED] - click(findTestObject("Object Repository/Page_Dashboard/span_Site administration")): Object: 'Object Repository/Page_Dashboard/span_Site administration' is clicked on

2022-01-14 19:58:54 - [MESSAGE][PASSED] - Object: 'Object Repository/Page_Dashboard/span_Site administration' is clicked on

2022-01-14 19:58:54 - [TEST_STEP][PASSED] - click(findTestObject("Object Repository/Page_KHTN Administration Search/a_Users")): Object: 'Object Repository/Page_KHTN Administration Search/a_Users' is clicked on

2022-01-14 19:58:54 - [MESSAGE][PASSED] - Object: 'Object Repository/Page_KHTN Administration Search/a_Users' is clicked on

2022-01-14 19:58:54 - [TEST_STEP][PASSED] - click(findTestObject("Object Repository/Page_KHTN Administration Search/a_Add a new user")): Object: 'Object Repository/Page_KHTN Administration Search/a_Add a new user' is clicked on

2022-01-14 19:58:55 - [MESSAGE][PASSED] - Object: 'Object Repository/Page_KHTN Administration Search/a_Add a new user' is clicked on

2022-01-14 19:58:55 - [TEST_STEP][PASSED] - setText(findTestObject("Object Repository/Page_KHTN Administration Users Accounts Add_aad8ed/input_Username_username"), "student2"): Text 'student2' is set on object 'Object Repository/Page_KHTN Administration Users Accounts Add_aad8ed/input_Username_username'

2022-01-14 19:58:57 - [MESSAGE][PASSED] - Text 'student2' is set on object 'Object Repository/Page_KHTN Administration Users Accounts Add_aad8ed/input_Username_username'

2022-01-14 19:58:57 - [TEST_STEP][PASSED] - click(findTestObject("Object Repository/Page_KHTN Administration Users Accounts Add_aad8ed/em_Click to enter text")): Object: 'Object Repository/Page_KHTN Administration Users Accounts Add_aad8ed/em_Click to enter text' is clicked on

2022-01-14 19:58:57 - [MESSAGE][PASSED] - Object: 'Object Repository/Page_KHTN Administration Users Accounts Add_aad8ed/em_Click to enter text' is clicked on

2022-01-14 19:58:57 - [TEST_STEP][PASSED] - setEncryptedText(findTestObject("Object Repository/Page_KHTN Administration Users Accounts Add_aad8ed/input_New password_newpassword"), "J7R4ejOak4Y="): Text ****** has been set on object 'Object Repository/Page_KHTN Administration Users Accounts Add_aad8ed/input_New password_newpassword'

2022-01-14 19:58:58 - [MESSAGE][PASSED] - Text ****** has been set on object 'Object Repository/Page_KHTN Administration Users Accounts Add_aad8ed/input_New password_newpassword'

2022-01-14 19:58:58 - [TEST_STEP][PASSED] - setText(findTestObject("Object Repository/Page_KHTN Administration Users Accounts Add_aad8ed/input_First name_firstname"), "student2"): Text 'student2' is set on object 'Object Repository/Page_KHTN Administration Users Accounts Add_aad8ed/input_First name_firstname'

2022-01-14 19:58:59 - [MESSAGE][PASSED] - Text 'student2' is set on object 'Object Repository/Page_KHTN Administration Users Accounts Add_aad8ed/input_First name_firstname'

2022-01-14 19:58:59 - [TEST_STEP][PASSED] - click(findTestObject("Object Repository/Page_KHTN Administration Users Accounts Add_aad8ed/div_First name")): Object: 'Object Repository/Page_KHTN Administration Users Accounts Add_aad8ed/div_First name' is clicked on

2022-01-14 19:58:59 - [MESSAGE][PASSED] - Object: 'Object Repository/Page_KHTN Administration Users Accounts Add_aad8ed/div_First name' is clicked on

2022-01-14 19:58:59 - [TEST_STEP][PASSED] - setText(findTestObject("Object Repository/Page_KHTN Administration Users Accounts Add_aad8ed/input_First name_firstname"), "Student"): Text 'Student' is set on object 'Object Repository/Page_KHTN Administration Users Accounts Add_aad8ed/input_First name_firstname'

2022-01-14 19:59:00 - [MESSAGE][PASSED] - Text 'Student' is set on object 'Object Repository/Page_KHTN Administration Users Accounts Add_aad8ed/input_First name_firstname'

2022-01-14 19:59:00 - [TEST_STEP][PASSED] - setText(findTestObject("Object Repository/Page_KHTN Administration Users Accounts Add_aad8ed/input_Surname_lastname"), "Epperson"): Text 'Epperson' is set on object 'Object Repository/Page_KHTN Administration Users Accounts Add_aad8ed/input_Surname_lastname'

2022-01-14 19:59:01 - [MESSAGE][PASSED] - Text 'Epperson' is set on object 'Object Repository/Page_KHTN Administration Users Accounts Add_aad8ed/input_Surname_lastname'

2022-01-14 19:59:01 - [TEST_STEP][PASSED] - setText(findTestObject("Object Repository/Page_KHTN Administration Users Accounts Add_aad8ed/input_Email address_email"), "s2@example.com"): Text 's2@example.com' is set on object 'Object Repository/Page_KHTN Administration Users Accounts Add_aad8ed/input_Email address_email'

2022-01-14 19:59:01 - [MESSAGE][PASSED] - Text 's2@example.com' is set on object 'Object Repository/Page_KHTN Administration Users Accounts Add_aad8ed/input_Email address_email'

2022-01-14 19:59:01 - [TEST_STEP][PASSED] - click(findTestObject("Object Repository/Page_KHTN Administration Users Accounts Add_aad8ed/input_Address_submitbutton")): Object: 'Object Repository/Page_KHTN Administration Users Accounts Add_aad8ed/input_Address_submitbutton' is clicked on

2022-01-14 19:59:03 - [MESSAGE][PASSED] - Object: 'Object Repository/Page_KHTN Administration Users Accounts Add_aad8ed/input_Address_submitbutton' is clicked on

2022-01-14 19:59:03 - [TEST_STEP][PASSED] - verifyElementVisible(findTestObject("Object Repository/Page_KHTN Administration Users Accounts Add_aad8ed/div_Passwords must be at least 8 characters long")): Object 'Object Repository/Page_KHTN Administration Users Accounts Add_aad8ed/div_Passwords must be at least 8 characters long' is visible

2022-01-14 19:59:04 - [MESSAGE][PASSED] - Object 'Object Repository/Page_KHTN Administration Users Accounts Add_aad8ed/div_Passwords must be at least 8 characters long' is visible

2022-01-14 19:59:04 - [TEST_STEP][PASSED] - verifyElementVisible(findTestObject("Object Repository/Page_KHTN Administration Users Accounts Add_aad8ed/div_Passwords must have at least 1 digit(s)")): Object 'Object Repository/Page_KHTN Administration Users Accounts Add_aad8ed/div_Passwords must have at least 1 digit(s)' is visible

2022-01-14 19:59:04 - [MESSAGE][PASSED] - Object 'Object Repository/Page_KHTN Administration Users Accounts Add_aad8ed/div_Passwords must have at least 1 digit(s)' is visible

2022-01-14 19:59:04 - [TEST_STEP][PASSED] - verifyElementVisible(findTestObject("Object Repository/Page_KHTN Administration Users Accounts Add_aad8ed/div_Passwords must have at least 1 digit(s)")): Object 'Object Repository/Page_KHTN Administration Users Accounts Add_aad8ed/div_Passwords must have at least 1 digit(s)' is visible

2022-01-14 19:59:04 - [MESSAGE][PASSED] - Object 'Object Repository/Page_KHTN Administration Users Accounts Add_aad8ed/div_Passwords must have at least 1 digit(s)' is visible

2022-01-14 19:59:04 - [TEST_STEP][PASSED] - verifyElementVisible(findTestObject("Object Repository/Page_KHTN Administration Users Accounts Add_aad8ed/div_Passwords must have at least 1 upper ca_8e926f")): Object 'Object Repository/Page_KHTN Administration Users Accounts Add_aad8ed/div_Passwords must have at least 1 upper ca_8e926f' is visible

2022-01-14 19:59:05 - [MESSAGE][PASSED] - Object 'Object Repository/Page_KHTN Administration Users Accounts Add_aad8ed/div_Passwords must have at least 1 upper ca_8e926f' is visible

2022-01-14 19:59:05 - [TEST_STEP][PASSED] - closeBrowser(): Browser is closed

2022-01-14 19:59:05 - [MESSAGE][PASSED] - Browser is closed]]></system-out>
         <system-err><![CDATA[]]></system-err>
      </testcase>
      <testcase name="Test Cases/6_tạo tài khoản thiếu thuộc tính bắt buộc" time="11.687" classname="Test Cases/6_tạo tài khoản thiếu thuộc tính bắt buộc" status="PASSED">
         <system-out><![CDATA[2022-01-14 19:59:05 - [TEST_CASE][PASSED] - Test Cases/6_tạo tài khoản thiếu thuộc tính bắt buộc: Test Cases/6_tạo tài khoản thiếu thuộc tính bắt buộc

2022-01-14 19:59:05 - [TEST_STEP][PASSED] - openBrowser(""): Browser is opened with url: ''

2022-01-14 19:59:05 - [MESSAGE][INFO] - Starting 'Chrome' driver

2022-01-14 19:59:05 - [MESSAGE][INFO] - Action delay is set to 0 milliseconds

2022-01-14 19:59:07 - [MESSAGE][PASSED] - Browser is opened with url: ''

2022-01-14 19:59:07 - [TEST_STEP][PASSED] - navigateToUrl("http://localhost/"): Navigate to 'http://localhost/' successfully

2022-01-14 19:59:07 - [MESSAGE][PASSED] - Navigate to 'http://localhost/' successfully

2022-01-14 19:59:07 - [TEST_STEP][PASSED] - click(findTestObject("Object Repository/Page_HCMUS/a_Log in")): Object: 'Object Repository/Page_HCMUS/a_Log in' is clicked on

2022-01-14 19:59:08 - [MESSAGE][PASSED] - Object: 'Object Repository/Page_HCMUS/a_Log in' is clicked on

2022-01-14 19:59:08 - [TEST_STEP][PASSED] - setText(findTestObject("Object Repository/Page_HCMUS Log in to the site/input_Username_username"), "admin"): Text 'admin' is set on object 'Object Repository/Page_HCMUS Log in to the site/input_Username_username'

2022-01-14 19:59:08 - [MESSAGE][PASSED] - Text 'admin' is set on object 'Object Repository/Page_HCMUS Log in to the site/input_Username_username'

2022-01-14 19:59:08 - [TEST_STEP][PASSED] - setEncryptedText(findTestObject("Object Repository/Page_HCMUS Log in to the site/input_Password_password"), "5MU2PI2jvJCK/lBTYOwt6g=="): Text ****** has been set on object 'Object Repository/Page_HCMUS Log in to the site/input_Password_password'

2022-01-14 19:59:09 - [MESSAGE][PASSED] - Text ****** has been set on object 'Object Repository/Page_HCMUS Log in to the site/input_Password_password'

2022-01-14 19:59:09 - [TEST_STEP][PASSED] - click(findTestObject("Object Repository/Page_HCMUS Log in to the site/button_Log in")): Object: 'Object Repository/Page_HCMUS Log in to the site/button_Log in' is clicked on

2022-01-14 19:59:10 - [MESSAGE][PASSED] - Object: 'Object Repository/Page_HCMUS Log in to the site/button_Log in' is clicked on

2022-01-14 19:59:10 - [TEST_STEP][PASSED] - click(findTestObject("Object Repository/Page_Dashboard/span_Site administration")): Object: 'Object Repository/Page_Dashboard/span_Site administration' is clicked on

2022-01-14 19:59:12 - [MESSAGE][PASSED] - Object: 'Object Repository/Page_Dashboard/span_Site administration' is clicked on

2022-01-14 19:59:12 - [TEST_STEP][PASSED] - click(findTestObject("Object Repository/Page_KHTN Administration Search/a_Users")): Object: 'Object Repository/Page_KHTN Administration Search/a_Users' is clicked on

2022-01-14 19:59:12 - [MESSAGE][PASSED] - Object: 'Object Repository/Page_KHTN Administration Search/a_Users' is clicked on

2022-01-14 19:59:12 - [TEST_STEP][PASSED] - click(findTestObject("Object Repository/Page_KHTN Administration Search/a_Add a new user")): Object: 'Object Repository/Page_KHTN Administration Search/a_Add a new user' is clicked on

2022-01-14 19:59:13 - [MESSAGE][PASSED] - Object: 'Object Repository/Page_KHTN Administration Search/a_Add a new user' is clicked on

2022-01-14 19:59:13 - [TEST_STEP][PASSED] - click(findTestObject("Object Repository/Page_KHTN Administration Users Accounts Add_aad8ed/input_Address_submitbutton")): Object: 'Object Repository/Page_KHTN Administration Users Accounts Add_aad8ed/input_Address_submitbutton' is clicked on

2022-01-14 19:59:15 - [MESSAGE][PASSED] - Object: 'Object Repository/Page_KHTN Administration Users Accounts Add_aad8ed/input_Address_submitbutton' is clicked on

2022-01-14 19:59:15 - [TEST_STEP][PASSED] - verifyElementVisible(findTestObject("Object Repository/Page_KHTN Administration Users Accounts Add_aad8ed/div_- Missing given name")): Object 'Object Repository/Page_KHTN Administration Users Accounts Add_aad8ed/div_- Missing given name' is visible

2022-01-14 19:59:15 - [MESSAGE][PASSED] - Object 'Object Repository/Page_KHTN Administration Users Accounts Add_aad8ed/div_- Missing given name' is visible

2022-01-14 19:59:15 - [TEST_STEP][PASSED] - verifyElementVisible(findTestObject("Object Repository/Page_KHTN Administration Users Accounts Add_aad8ed/div_- Missing surname")): Object 'Object Repository/Page_KHTN Administration Users Accounts Add_aad8ed/div_- Missing surname' is visible

2022-01-14 19:59:15 - [MESSAGE][PASSED] - Object 'Object Repository/Page_KHTN Administration Users Accounts Add_aad8ed/div_- Missing surname' is visible

2022-01-14 19:59:15 - [TEST_STEP][PASSED] - verifyElementVisible(findTestObject("Object Repository/Page_KHTN Administration Users Accounts Add_aad8ed/div_- Required")): Object 'Object Repository/Page_KHTN Administration Users Accounts Add_aad8ed/div_- Required' is visible

2022-01-14 19:59:16 - [MESSAGE][PASSED] - Object 'Object Repository/Page_KHTN Administration Users Accounts Add_aad8ed/div_- Required' is visible

2022-01-14 19:59:16 - [TEST_STEP][PASSED] - verifyElementVisible(findTestObject("Object Repository/Page_KHTN Administration Users Accounts Add_aad8ed/input_Email address_email")): Object 'Object Repository/Page_KHTN Administration Users Accounts Add_aad8ed/input_Email address_email' is visible

2022-01-14 19:59:16 - [MESSAGE][PASSED] - Object 'Object Repository/Page_KHTN Administration Users Accounts Add_aad8ed/input_Email address_email' is visible

2022-01-14 19:59:16 - [TEST_STEP][PASSED] - verifyElementVisible(findTestObject("Object Repository/Page_KHTN Administration Users Accounts Add_aad8ed/div_- Required")): Object 'Object Repository/Page_KHTN Administration Users Accounts Add_aad8ed/div_- Required' is visible

2022-01-14 19:59:16 - [MESSAGE][PASSED] - Object 'Object Repository/Page_KHTN Administration Users Accounts Add_aad8ed/div_- Required' is visible

2022-01-14 19:59:16 - [TEST_STEP][PASSED] - closeBrowser(): Browser is closed

2022-01-14 19:59:17 - [MESSAGE][PASSED] - Browser is closed]]></system-out>
         <system-err><![CDATA[]]></system-err>
      </testcase>
      <testcase name="Test Cases/7_tạo tài khoản user chính xác" time="23.051" classname="Test Cases/7_tạo tài khoản user chính xác" status="PASSED">
         <system-out><![CDATA[2022-01-14 19:59:17 - [TEST_CASE][PASSED] - Test Cases/7_tạo tài khoản user chính xác: Test Cases/7_tạo tài khoản user chính xác

2022-01-14 19:59:17 - [TEST_STEP][PASSED] - openBrowser(""): Browser is opened with url: ''

2022-01-14 19:59:17 - [MESSAGE][INFO] - Starting 'Chrome' driver

2022-01-14 19:59:17 - [MESSAGE][INFO] - Action delay is set to 0 milliseconds

2022-01-14 19:59:18 - [MESSAGE][PASSED] - Browser is opened with url: ''

2022-01-14 19:59:18 - [TEST_STEP][PASSED] - navigateToUrl("http://localhost/"): Navigate to 'http://localhost/' successfully

2022-01-14 19:59:19 - [MESSAGE][PASSED] - Navigate to 'http://localhost/' successfully

2022-01-14 19:59:19 - [TEST_STEP][PASSED] - click(findTestObject("Object Repository/Page_HCMUS/a_Log in")): Object: 'Object Repository/Page_HCMUS/a_Log in' is clicked on

2022-01-14 19:59:20 - [MESSAGE][PASSED] - Object: 'Object Repository/Page_HCMUS/a_Log in' is clicked on

2022-01-14 19:59:20 - [TEST_STEP][PASSED] - setText(findTestObject("Object Repository/Page_HCMUS Log in to the site/input_Username_username"), "admin"): Text 'admin' is set on object 'Object Repository/Page_HCMUS Log in to the site/input_Username_username'

2022-01-14 19:59:20 - [MESSAGE][PASSED] - Text 'admin' is set on object 'Object Repository/Page_HCMUS Log in to the site/input_Username_username'

2022-01-14 19:59:20 - [TEST_STEP][PASSED] - setEncryptedText(findTestObject("Object Repository/Page_HCMUS Log in to the site/input_Password_password"), "5MU2PI2jvJCK/lBTYOwt6g=="): Text ****** has been set on object 'Object Repository/Page_HCMUS Log in to the site/input_Password_password'

2022-01-14 19:59:21 - [MESSAGE][PASSED] - Text ****** has been set on object 'Object Repository/Page_HCMUS Log in to the site/input_Password_password'

2022-01-14 19:59:21 - [TEST_STEP][PASSED] - click(findTestObject("Object Repository/Page_HCMUS Log in to the site/button_Log in")): Object: 'Object Repository/Page_HCMUS Log in to the site/button_Log in' is clicked on

2022-01-14 19:59:22 - [MESSAGE][PASSED] - Object: 'Object Repository/Page_HCMUS Log in to the site/button_Log in' is clicked on

2022-01-14 19:59:22 - [TEST_STEP][PASSED] - click(findTestObject("Object Repository/Page_Dashboard/span_Site administration")): Object: 'Object Repository/Page_Dashboard/span_Site administration' is clicked on

2022-01-14 19:59:24 - [MESSAGE][PASSED] - Object: 'Object Repository/Page_Dashboard/span_Site administration' is clicked on

2022-01-14 19:59:24 - [TEST_STEP][PASSED] - click(findTestObject("Object Repository/Page_KHTN Administration Search/a_Users")): Object: 'Object Repository/Page_KHTN Administration Search/a_Users' is clicked on

2022-01-14 19:59:24 - [MESSAGE][PASSED] - Object: 'Object Repository/Page_KHTN Administration Search/a_Users' is clicked on

2022-01-14 19:59:24 - [TEST_STEP][PASSED] - click(findTestObject("Object Repository/Page_KHTN Administration Search/a_Add a new user")): Object: 'Object Repository/Page_KHTN Administration Search/a_Add a new user' is clicked on

2022-01-14 19:59:26 - [MESSAGE][PASSED] - Object: 'Object Repository/Page_KHTN Administration Search/a_Add a new user' is clicked on

2022-01-14 19:59:26 - [TEST_STEP][PASSED] - setText(findTestObject("Object Repository/Page_KHTN Administration Users Accounts Add_aad8ed/input_Username_username"), username): Text 'student1' is set on object 'Object Repository/Page_KHTN Administration Users Accounts Add_aad8ed/input_Username_username'

2022-01-14 19:59:27 - [MESSAGE][PASSED] - Text 'student1' is set on object 'Object Repository/Page_KHTN Administration Users Accounts Add_aad8ed/input_Username_username'

2022-01-14 19:59:27 - [TEST_STEP][PASSED] - click(findTestObject("Object Repository/Page_KHTN Administration Users Accounts Add_aad8ed/em_Click to enter text")): Object: 'Object Repository/Page_KHTN Administration Users Accounts Add_aad8ed/em_Click to enter text' is clicked on

2022-01-14 19:59:28 - [MESSAGE][PASSED] - Object: 'Object Repository/Page_KHTN Administration Users Accounts Add_aad8ed/em_Click to enter text' is clicked on

2022-01-14 19:59:28 - [TEST_STEP][PASSED] - setText(findTestObject("Object Repository/Page_KHTN Administration Users Accounts Add_aad8ed/input_New password_newpassword"), password): Text 'Mstudent1#' is set on object 'Object Repository/Page_KHTN Administration Users Accounts Add_aad8ed/input_New password_newpassword'

2022-01-14 19:59:29 - [MESSAGE][PASSED] - Text 'Mstudent1#' is set on object 'Object Repository/Page_KHTN Administration Users Accounts Add_aad8ed/input_New password_newpassword'

2022-01-14 19:59:29 - [TEST_STEP][PASSED] - setText(findTestObject("Object Repository/Page_KHTN Administration Users Accounts Add_aad8ed/input_First name_firstname"), firstname): Text 'Student' is set on object 'Object Repository/Page_KHTN Administration Users Accounts Add_aad8ed/input_First name_firstname'

2022-01-14 19:59:29 - [MESSAGE][PASSED] - Text 'Student' is set on object 'Object Repository/Page_KHTN Administration Users Accounts Add_aad8ed/input_First name_firstname'

2022-01-14 19:59:29 - [TEST_STEP][PASSED] - click(findTestObject("Object Repository/Page_KHTN Administration Users Accounts Add_aad8ed/div_Username                               _ccea4b")): Object: 'Object Repository/Page_KHTN Administration Users Accounts Add_aad8ed/div_Username                               _ccea4b' is clicked on

2022-01-14 19:59:30 - [MESSAGE][PASSED] - Object: 'Object Repository/Page_KHTN Administration Users Accounts Add_aad8ed/div_Username                               _ccea4b' is clicked on

2022-01-14 19:59:30 - [TEST_STEP][PASSED] - setText(findTestObject("Object Repository/Page_KHTN Administration Users Accounts Add_aad8ed/input_Surname_lastname"), lastname): Text 'Waldrop' is set on object 'Object Repository/Page_KHTN Administration Users Accounts Add_aad8ed/input_Surname_lastname'

2022-01-14 19:59:31 - [MESSAGE][PASSED] - Text 'Waldrop' is set on object 'Object Repository/Page_KHTN Administration Users Accounts Add_aad8ed/input_Surname_lastname'

2022-01-14 19:59:31 - [TEST_STEP][PASSED] - setText(findTestObject("Object Repository/Page_KHTN Administration Users Accounts Add_aad8ed/input_Email address_email"), email): Text 's1@example.com' is set on object 'Object Repository/Page_KHTN Administration Users Accounts Add_aad8ed/input_Email address_email'

2022-01-14 19:59:31 - [MESSAGE][PASSED] - Text 's1@example.com' is set on object 'Object Repository/Page_KHTN Administration Users Accounts Add_aad8ed/input_Email address_email'

2022-01-14 19:59:31 - [TEST_STEP][PASSED] - click(findTestObject("Object Repository/Page_KHTN Administration Users Accounts Add_aad8ed/input_Address_submitbutton")): Object: 'Object Repository/Page_KHTN Administration Users Accounts Add_aad8ed/input_Address_submitbutton' is clicked on

2022-01-14 19:59:33 - [MESSAGE][PASSED] - Object: 'Object Repository/Page_KHTN Administration Users Accounts Add_aad8ed/input_Address_submitbutton' is clicked on

2022-01-14 19:59:33 - [TEST_STEP][PASSED] - verifyElementVisible(findTestObject("Object Repository/Page_KHTN Administration Users Accounts Bro_45ce40/div_Changes saved")): Object 'Object Repository/Page_KHTN Administration Users Accounts Bro_45ce40/div_Changes saved' is visible

2022-01-14 19:59:34 - [MESSAGE][PASSED] - Object 'Object Repository/Page_KHTN Administration Users Accounts Bro_45ce40/div_Changes saved' is visible

2022-01-14 19:59:34 - [TEST_STEP][PASSED] - verifyElementVisible(findTestObject("Object Repository/Page_KHTN Administration Users Accounts Bro_45ce40/td_s1example.com")): Object 'Object Repository/Page_KHTN Administration Users Accounts Bro_45ce40/td_s1example.com' is visible

2022-01-14 19:59:34 - [MESSAGE][PASSED] - Object 'Object Repository/Page_KHTN Administration Users Accounts Bro_45ce40/td_s1example.com' is visible

2022-01-14 19:59:34 - [TEST_STEP][PASSED] - click(findTestObject("Object Repository/Page_KHTN Administration Users Accounts Bro_45ce40/a_Admin User")): Object: 'Object Repository/Page_KHTN Administration Users Accounts Bro_45ce40/a_Admin User' is clicked on

2022-01-14 19:59:34 - [MESSAGE][PASSED] - Object: 'Object Repository/Page_KHTN Administration Users Accounts Bro_45ce40/a_Admin User' is clicked on

2022-01-14 19:59:34 - [TEST_STEP][PASSED] - click(findTestObject("Object Repository/Page_KHTN Administration Users Accounts Bro_45ce40/span_Log out")): Object: 'Object Repository/Page_KHTN Administration Users Accounts Bro_45ce40/span_Log out' is clicked on

2022-01-14 19:59:35 - [MESSAGE][PASSED] - Object: 'Object Repository/Page_KHTN Administration Users Accounts Bro_45ce40/span_Log out' is clicked on

2022-01-14 19:59:35 - [TEST_STEP][PASSED] - click(findTestObject("Object Repository/Page_HCMUS/a_Log in")): Object: 'Object Repository/Page_HCMUS/a_Log in' is clicked on

2022-01-14 19:59:36 - [MESSAGE][PASSED] - Object: 'Object Repository/Page_HCMUS/a_Log in' is clicked on

2022-01-14 19:59:36 - [TEST_STEP][PASSED] - setText(findTestObject("Object Repository/Page_HCMUS Log in to the site/input_Username_username"), username): Text 'student1' is set on object 'Object Repository/Page_HCMUS Log in to the site/input_Username_username'

2022-01-14 19:59:36 - [MESSAGE][PASSED] - Text 'student1' is set on object 'Object Repository/Page_HCMUS Log in to the site/input_Username_username'

2022-01-14 19:59:36 - [TEST_STEP][PASSED] - setText(findTestObject("Object Repository/Page_HCMUS Log in to the site/input_Password_password"), password): Text 'Mstudent1#' is set on object 'Object Repository/Page_HCMUS Log in to the site/input_Password_password'

2022-01-14 19:59:37 - [MESSAGE][PASSED] - Text 'Mstudent1#' is set on object 'Object Repository/Page_HCMUS Log in to the site/input_Password_password'

2022-01-14 19:59:37 - [TEST_STEP][PASSED] - click(findTestObject("Object Repository/Page_HCMUS Log in to the site/button_Log in")): Object: 'Object Repository/Page_HCMUS Log in to the site/button_Log in' is clicked on

2022-01-14 19:59:38 - [MESSAGE][PASSED] - Object: 'Object Repository/Page_HCMUS Log in to the site/button_Log in' is clicked on

2022-01-14 19:59:38 - [TEST_STEP][PASSED] - verifyElementVisible(findTestObject("Object Repository/Page_Dashboard/span_Student Waldrop")): Object 'Object Repository/Page_Dashboard/span_Student Waldrop' is visible

2022-01-14 19:59:39 - [MESSAGE][PASSED] - Object 'Object Repository/Page_Dashboard/span_Student Waldrop' is visible

2022-01-14 19:59:39 - [TEST_STEP][PASSED] - closeBrowser(): Browser is closed

2022-01-14 19:59:40 - [MESSAGE][PASSED] - Browser is closed]]></system-out>
         <system-err><![CDATA[]]></system-err>
      </testcase>
      <testcase name="Test Cases/7_tạo tài khoản user chính xác" time="24.035" classname="Test Cases/7_tạo tài khoản user chính xác" status="PASSED">
         <system-out><![CDATA[2022-01-14 19:59:40 - [TEST_CASE][PASSED] - Test Cases/7_tạo tài khoản user chính xác: Test Cases/7_tạo tài khoản user chính xác

2022-01-14 19:59:40 - [TEST_STEP][PASSED] - openBrowser(""): Browser is opened with url: ''

2022-01-14 19:59:40 - [MESSAGE][INFO] - Starting 'Chrome' driver

2022-01-14 19:59:40 - [MESSAGE][INFO] - Action delay is set to 0 milliseconds

2022-01-14 19:59:41 - [MESSAGE][PASSED] - Browser is opened with url: ''

2022-01-14 19:59:41 - [TEST_STEP][PASSED] - navigateToUrl("http://localhost/"): Navigate to 'http://localhost/' successfully

2022-01-14 19:59:42 - [MESSAGE][PASSED] - Navigate to 'http://localhost/' successfully

2022-01-14 19:59:42 - [TEST_STEP][PASSED] - click(findTestObject("Object Repository/Page_HCMUS/a_Log in")): Object: 'Object Repository/Page_HCMUS/a_Log in' is clicked on

2022-01-14 19:59:42 - [MESSAGE][PASSED] - Object: 'Object Repository/Page_HCMUS/a_Log in' is clicked on

2022-01-14 19:59:42 - [TEST_STEP][PASSED] - setText(findTestObject("Object Repository/Page_HCMUS Log in to the site/input_Username_username"), "admin"): Text 'admin' is set on object 'Object Repository/Page_HCMUS Log in to the site/input_Username_username'

2022-01-14 19:59:43 - [MESSAGE][PASSED] - Text 'admin' is set on object 'Object Repository/Page_HCMUS Log in to the site/input_Username_username'

2022-01-14 19:59:43 - [TEST_STEP][PASSED] - setEncryptedText(findTestObject("Object Repository/Page_HCMUS Log in to the site/input_Password_password"), "5MU2PI2jvJCK/lBTYOwt6g=="): Text ****** has been set on object 'Object Repository/Page_HCMUS Log in to the site/input_Password_password'

2022-01-14 19:59:44 - [MESSAGE][PASSED] - Text ****** has been set on object 'Object Repository/Page_HCMUS Log in to the site/input_Password_password'

2022-01-14 19:59:44 - [TEST_STEP][PASSED] - click(findTestObject("Object Repository/Page_HCMUS Log in to the site/button_Log in")): Object: 'Object Repository/Page_HCMUS Log in to the site/button_Log in' is clicked on

2022-01-14 19:59:45 - [MESSAGE][PASSED] - Object: 'Object Repository/Page_HCMUS Log in to the site/button_Log in' is clicked on

2022-01-14 19:59:45 - [TEST_STEP][PASSED] - click(findTestObject("Object Repository/Page_Dashboard/span_Site administration")): Object: 'Object Repository/Page_Dashboard/span_Site administration' is clicked on

2022-01-14 19:59:47 - [MESSAGE][PASSED] - Object: 'Object Repository/Page_Dashboard/span_Site administration' is clicked on

2022-01-14 19:59:47 - [TEST_STEP][PASSED] - click(findTestObject("Object Repository/Page_KHTN Administration Search/a_Users")): Object: 'Object Repository/Page_KHTN Administration Search/a_Users' is clicked on

2022-01-14 19:59:48 - [MESSAGE][PASSED] - Object: 'Object Repository/Page_KHTN Administration Search/a_Users' is clicked on

2022-01-14 19:59:48 - [TEST_STEP][PASSED] - click(findTestObject("Object Repository/Page_KHTN Administration Search/a_Add a new user")): Object: 'Object Repository/Page_KHTN Administration Search/a_Add a new user' is clicked on

2022-01-14 19:59:50 - [MESSAGE][PASSED] - Object: 'Object Repository/Page_KHTN Administration Search/a_Add a new user' is clicked on

2022-01-14 19:59:50 - [TEST_STEP][PASSED] - setText(findTestObject("Object Repository/Page_KHTN Administration Users Accounts Add_aad8ed/input_Username_username"), username): Text 'student2' is set on object 'Object Repository/Page_KHTN Administration Users Accounts Add_aad8ed/input_Username_username'

2022-01-14 19:59:51 - [MESSAGE][PASSED] - Text 'student2' is set on object 'Object Repository/Page_KHTN Administration Users Accounts Add_aad8ed/input_Username_username'

2022-01-14 19:59:51 - [TEST_STEP][PASSED] - click(findTestObject("Object Repository/Page_KHTN Administration Users Accounts Add_aad8ed/em_Click to enter text")): Object: 'Object Repository/Page_KHTN Administration Users Accounts Add_aad8ed/em_Click to enter text' is clicked on

2022-01-14 19:59:51 - [MESSAGE][PASSED] - Object: 'Object Repository/Page_KHTN Administration Users Accounts Add_aad8ed/em_Click to enter text' is clicked on

2022-01-14 19:59:51 - [TEST_STEP][PASSED] - setText(findTestObject("Object Repository/Page_KHTN Administration Users Accounts Add_aad8ed/input_New password_newpassword"), password): Text 'Mstudent2#' is set on object 'Object Repository/Page_KHTN Administration Users Accounts Add_aad8ed/input_New password_newpassword'

2022-01-14 19:59:52 - [MESSAGE][PASSED] - Text 'Mstudent2#' is set on object 'Object Repository/Page_KHTN Administration Users Accounts Add_aad8ed/input_New password_newpassword'

2022-01-14 19:59:52 - [TEST_STEP][PASSED] - setText(findTestObject("Object Repository/Page_KHTN Administration Users Accounts Add_aad8ed/input_First name_firstname"), firstname): Text 'Student' is set on object 'Object Repository/Page_KHTN Administration Users Accounts Add_aad8ed/input_First name_firstname'

2022-01-14 19:59:53 - [MESSAGE][PASSED] - Text 'Student' is set on object 'Object Repository/Page_KHTN Administration Users Accounts Add_aad8ed/input_First name_firstname'

2022-01-14 19:59:53 - [TEST_STEP][PASSED] - click(findTestObject("Object Repository/Page_KHTN Administration Users Accounts Add_aad8ed/div_Username                               _ccea4b")): Object: 'Object Repository/Page_KHTN Administration Users Accounts Add_aad8ed/div_Username                               _ccea4b' is clicked on

2022-01-14 19:59:54 - [MESSAGE][PASSED] - Object: 'Object Repository/Page_KHTN Administration Users Accounts Add_aad8ed/div_Username                               _ccea4b' is clicked on

2022-01-14 19:59:54 - [TEST_STEP][PASSED] - setText(findTestObject("Object Repository/Page_KHTN Administration Users Accounts Add_aad8ed/input_Surname_lastname"), lastname): Text 'Epperson' is set on object 'Object Repository/Page_KHTN Administration Users Accounts Add_aad8ed/input_Surname_lastname'

2022-01-14 19:59:54 - [MESSAGE][PASSED] - Text 'Epperson' is set on object 'Object Repository/Page_KHTN Administration Users Accounts Add_aad8ed/input_Surname_lastname'

2022-01-14 19:59:54 - [TEST_STEP][PASSED] - setText(findTestObject("Object Repository/Page_KHTN Administration Users Accounts Add_aad8ed/input_Email address_email"), email): Text 's2@example.com' is set on object 'Object Repository/Page_KHTN Administration Users Accounts Add_aad8ed/input_Email address_email'

2022-01-14 19:59:55 - [MESSAGE][PASSED] - Text 's2@example.com' is set on object 'Object Repository/Page_KHTN Administration Users Accounts Add_aad8ed/input_Email address_email'

2022-01-14 19:59:55 - [TEST_STEP][PASSED] - click(findTestObject("Object Repository/Page_KHTN Administration Users Accounts Add_aad8ed/input_Address_submitbutton")): Object: 'Object Repository/Page_KHTN Administration Users Accounts Add_aad8ed/input_Address_submitbutton' is clicked on

2022-01-14 19:59:57 - [MESSAGE][PASSED] - Object: 'Object Repository/Page_KHTN Administration Users Accounts Add_aad8ed/input_Address_submitbutton' is clicked on

2022-01-14 19:59:57 - [TEST_STEP][PASSED] - verifyElementVisible(findTestObject("Object Repository/Page_KHTN Administration Users Accounts Bro_45ce40/div_Changes saved")): Object 'Object Repository/Page_KHTN Administration Users Accounts Bro_45ce40/div_Changes saved' is visible

2022-01-14 19:59:57 - [MESSAGE][PASSED] - Object 'Object Repository/Page_KHTN Administration Users Accounts Bro_45ce40/div_Changes saved' is visible

2022-01-14 19:59:57 - [TEST_STEP][PASSED] - verifyElementVisible(findTestObject("Object Repository/Page_KHTN Administration Users Accounts Bro_45ce40/td_s1example.com")): Object 'Object Repository/Page_KHTN Administration Users Accounts Bro_45ce40/td_s1example.com' is visible

2022-01-14 19:59:58 - [MESSAGE][PASSED] - Object 'Object Repository/Page_KHTN Administration Users Accounts Bro_45ce40/td_s1example.com' is visible

2022-01-14 19:59:58 - [TEST_STEP][PASSED] - click(findTestObject("Object Repository/Page_KHTN Administration Users Accounts Bro_45ce40/a_Admin User")): Object: 'Object Repository/Page_KHTN Administration Users Accounts Bro_45ce40/a_Admin User' is clicked on

2022-01-14 19:59:58 - [MESSAGE][PASSED] - Object: 'Object Repository/Page_KHTN Administration Users Accounts Bro_45ce40/a_Admin User' is clicked on

2022-01-14 19:59:58 - [TEST_STEP][PASSED] - click(findTestObject("Object Repository/Page_KHTN Administration Users Accounts Bro_45ce40/span_Log out")): Object: 'Object Repository/Page_KHTN Administration Users Accounts Bro_45ce40/span_Log out' is clicked on

2022-01-14 19:59:59 - [MESSAGE][PASSED] - Object: 'Object Repository/Page_KHTN Administration Users Accounts Bro_45ce40/span_Log out' is clicked on

2022-01-14 19:59:59 - [TEST_STEP][PASSED] - click(findTestObject("Object Repository/Page_HCMUS/a_Log in")): Object: 'Object Repository/Page_HCMUS/a_Log in' is clicked on

2022-01-14 20:00:00 - [MESSAGE][PASSED] - Object: 'Object Repository/Page_HCMUS/a_Log in' is clicked on

2022-01-14 20:00:00 - [TEST_STEP][PASSED] - setText(findTestObject("Object Repository/Page_HCMUS Log in to the site/input_Username_username"), username): Text 'student2' is set on object 'Object Repository/Page_HCMUS Log in to the site/input_Username_username'

2022-01-14 20:00:00 - [MESSAGE][PASSED] - Text 'student2' is set on object 'Object Repository/Page_HCMUS Log in to the site/input_Username_username'

2022-01-14 20:00:00 - [TEST_STEP][PASSED] - setText(findTestObject("Object Repository/Page_HCMUS Log in to the site/input_Password_password"), password): Text 'Mstudent2#' is set on object 'Object Repository/Page_HCMUS Log in to the site/input_Password_password'

2022-01-14 20:00:01 - [MESSAGE][PASSED] - Text 'Mstudent2#' is set on object 'Object Repository/Page_HCMUS Log in to the site/input_Password_password'

2022-01-14 20:00:01 - [TEST_STEP][PASSED] - click(findTestObject("Object Repository/Page_HCMUS Log in to the site/button_Log in")): Object: 'Object Repository/Page_HCMUS Log in to the site/button_Log in' is clicked on

2022-01-14 20:00:02 - [MESSAGE][PASSED] - Object: 'Object Repository/Page_HCMUS Log in to the site/button_Log in' is clicked on

2022-01-14 20:00:02 - [TEST_STEP][PASSED] - verifyElementVisible(findTestObject("Object Repository/Page_Dashboard/span_Student Waldrop")): Object 'Object Repository/Page_Dashboard/span_Student Waldrop' is visible

2022-01-14 20:00:03 - [MESSAGE][PASSED] - Object 'Object Repository/Page_Dashboard/span_Student Waldrop' is visible

2022-01-14 20:00:03 - [TEST_STEP][PASSED] - closeBrowser(): Browser is closed

2022-01-14 20:00:04 - [MESSAGE][PASSED] - Browser is closed]]></system-out>
         <system-err><![CDATA[]]></system-err>
      </testcase>
      <testcase name="Test Cases/7_tạo tài khoản user chính xác" time="22.692" classname="Test Cases/7_tạo tài khoản user chính xác" status="PASSED">
         <system-out><![CDATA[2022-01-14 20:00:04 - [TEST_CASE][PASSED] - Test Cases/7_tạo tài khoản user chính xác: Test Cases/7_tạo tài khoản user chính xác

2022-01-14 20:00:04 - [TEST_STEP][PASSED] - openBrowser(""): Browser is opened with url: ''

2022-01-14 20:00:04 - [MESSAGE][INFO] - Starting 'Chrome' driver

2022-01-14 20:00:04 - [MESSAGE][INFO] - Action delay is set to 0 milliseconds

2022-01-14 20:00:05 - [MESSAGE][PASSED] - Browser is opened with url: ''

2022-01-14 20:00:05 - [TEST_STEP][PASSED] - navigateToUrl("http://localhost/"): Navigate to 'http://localhost/' successfully

2022-01-14 20:00:06 - [MESSAGE][PASSED] - Navigate to 'http://localhost/' successfully

2022-01-14 20:00:06 - [TEST_STEP][PASSED] - click(findTestObject("Object Repository/Page_HCMUS/a_Log in")): Object: 'Object Repository/Page_HCMUS/a_Log in' is clicked on

2022-01-14 20:00:07 - [MESSAGE][PASSED] - Object: 'Object Repository/Page_HCMUS/a_Log in' is clicked on

2022-01-14 20:00:07 - [TEST_STEP][PASSED] - setText(findTestObject("Object Repository/Page_HCMUS Log in to the site/input_Username_username"), "admin"): Text 'admin' is set on object 'Object Repository/Page_HCMUS Log in to the site/input_Username_username'

2022-01-14 20:00:07 - [MESSAGE][PASSED] - Text 'admin' is set on object 'Object Repository/Page_HCMUS Log in to the site/input_Username_username'

2022-01-14 20:00:07 - [TEST_STEP][PASSED] - setEncryptedText(findTestObject("Object Repository/Page_HCMUS Log in to the site/input_Password_password"), "5MU2PI2jvJCK/lBTYOwt6g=="): Text ****** has been set on object 'Object Repository/Page_HCMUS Log in to the site/input_Password_password'

2022-01-14 20:00:08 - [MESSAGE][PASSED] - Text ****** has been set on object 'Object Repository/Page_HCMUS Log in to the site/input_Password_password'

2022-01-14 20:00:08 - [TEST_STEP][PASSED] - click(findTestObject("Object Repository/Page_HCMUS Log in to the site/button_Log in")): Object: 'Object Repository/Page_HCMUS Log in to the site/button_Log in' is clicked on

2022-01-14 20:00:09 - [MESSAGE][PASSED] - Object: 'Object Repository/Page_HCMUS Log in to the site/button_Log in' is clicked on

2022-01-14 20:00:09 - [TEST_STEP][PASSED] - click(findTestObject("Object Repository/Page_Dashboard/span_Site administration")): Object: 'Object Repository/Page_Dashboard/span_Site administration' is clicked on

2022-01-14 20:00:11 - [MESSAGE][PASSED] - Object: 'Object Repository/Page_Dashboard/span_Site administration' is clicked on

2022-01-14 20:00:11 - [TEST_STEP][PASSED] - click(findTestObject("Object Repository/Page_KHTN Administration Search/a_Users")): Object: 'Object Repository/Page_KHTN Administration Search/a_Users' is clicked on

2022-01-14 20:00:11 - [MESSAGE][PASSED] - Object: 'Object Repository/Page_KHTN Administration Search/a_Users' is clicked on

2022-01-14 20:00:11 - [TEST_STEP][PASSED] - click(findTestObject("Object Repository/Page_KHTN Administration Search/a_Add a new user")): Object: 'Object Repository/Page_KHTN Administration Search/a_Add a new user' is clicked on

2022-01-14 20:00:13 - [MESSAGE][PASSED] - Object: 'Object Repository/Page_KHTN Administration Search/a_Add a new user' is clicked on

2022-01-14 20:00:13 - [TEST_STEP][PASSED] - setText(findTestObject("Object Repository/Page_KHTN Administration Users Accounts Add_aad8ed/input_Username_username"), username): Text 'student3' is set on object 'Object Repository/Page_KHTN Administration Users Accounts Add_aad8ed/input_Username_username'

2022-01-14 20:00:14 - [MESSAGE][PASSED] - Text 'student3' is set on object 'Object Repository/Page_KHTN Administration Users Accounts Add_aad8ed/input_Username_username'

2022-01-14 20:00:14 - [TEST_STEP][PASSED] - click(findTestObject("Object Repository/Page_KHTN Administration Users Accounts Add_aad8ed/em_Click to enter text")): Object: 'Object Repository/Page_KHTN Administration Users Accounts Add_aad8ed/em_Click to enter text' is clicked on

2022-01-14 20:00:15 - [MESSAGE][PASSED] - Object: 'Object Repository/Page_KHTN Administration Users Accounts Add_aad8ed/em_Click to enter text' is clicked on

2022-01-14 20:00:15 - [TEST_STEP][PASSED] - setText(findTestObject("Object Repository/Page_KHTN Administration Users Accounts Add_aad8ed/input_New password_newpassword"), password): Text 'Mstudent3#' is set on object 'Object Repository/Page_KHTN Administration Users Accounts Add_aad8ed/input_New password_newpassword'

2022-01-14 20:00:15 - [MESSAGE][PASSED] - Text 'Mstudent3#' is set on object 'Object Repository/Page_KHTN Administration Users Accounts Add_aad8ed/input_New password_newpassword'

2022-01-14 20:00:15 - [TEST_STEP][PASSED] - setText(findTestObject("Object Repository/Page_KHTN Administration Users Accounts Add_aad8ed/input_First name_firstname"), firstname): Text 'Student' is set on object 'Object Repository/Page_KHTN Administration Users Accounts Add_aad8ed/input_First name_firstname'

2022-01-14 20:00:16 - [MESSAGE][PASSED] - Text 'Student' is set on object 'Object Repository/Page_KHTN Administration Users Accounts Add_aad8ed/input_First name_firstname'

2022-01-14 20:00:16 - [TEST_STEP][PASSED] - click(findTestObject("Object Repository/Page_KHTN Administration Users Accounts Add_aad8ed/div_Username                               _ccea4b")): Object: 'Object Repository/Page_KHTN Administration Users Accounts Add_aad8ed/div_Username                               _ccea4b' is clicked on

2022-01-14 20:00:17 - [MESSAGE][PASSED] - Object: 'Object Repository/Page_KHTN Administration Users Accounts Add_aad8ed/div_Username                               _ccea4b' is clicked on

2022-01-14 20:00:17 - [TEST_STEP][PASSED] - setText(findTestObject("Object Repository/Page_KHTN Administration Users Accounts Add_aad8ed/input_Surname_lastname"), lastname): Text 'Walston' is set on object 'Object Repository/Page_KHTN Administration Users Accounts Add_aad8ed/input_Surname_lastname'

2022-01-14 20:00:17 - [MESSAGE][PASSED] - Text 'Walston' is set on object 'Object Repository/Page_KHTN Administration Users Accounts Add_aad8ed/input_Surname_lastname'

2022-01-14 20:00:17 - [TEST_STEP][PASSED] - setText(findTestObject("Object Repository/Page_KHTN Administration Users Accounts Add_aad8ed/input_Email address_email"), email): Text 's3@example.com' is set on object 'Object Repository/Page_KHTN Administration Users Accounts Add_aad8ed/input_Email address_email'

2022-01-14 20:00:18 - [MESSAGE][PASSED] - Text 's3@example.com' is set on object 'Object Repository/Page_KHTN Administration Users Accounts Add_aad8ed/input_Email address_email'

2022-01-14 20:00:18 - [TEST_STEP][PASSED] - click(findTestObject("Object Repository/Page_KHTN Administration Users Accounts Add_aad8ed/input_Address_submitbutton")): Object: 'Object Repository/Page_KHTN Administration Users Accounts Add_aad8ed/input_Address_submitbutton' is clicked on

2022-01-14 20:00:20 - [MESSAGE][PASSED] - Object: 'Object Repository/Page_KHTN Administration Users Accounts Add_aad8ed/input_Address_submitbutton' is clicked on

2022-01-14 20:00:20 - [TEST_STEP][PASSED] - verifyElementVisible(findTestObject("Object Repository/Page_KHTN Administration Users Accounts Bro_45ce40/div_Changes saved")): Object 'Object Repository/Page_KHTN Administration Users Accounts Bro_45ce40/div_Changes saved' is visible

2022-01-14 20:00:20 - [MESSAGE][PASSED] - Object 'Object Repository/Page_KHTN Administration Users Accounts Bro_45ce40/div_Changes saved' is visible

2022-01-14 20:00:20 - [TEST_STEP][PASSED] - verifyElementVisible(findTestObject("Object Repository/Page_KHTN Administration Users Accounts Bro_45ce40/td_s1example.com")): Object 'Object Repository/Page_KHTN Administration Users Accounts Bro_45ce40/td_s1example.com' is visible

2022-01-14 20:00:21 - [MESSAGE][PASSED] - Object 'Object Repository/Page_KHTN Administration Users Accounts Bro_45ce40/td_s1example.com' is visible

2022-01-14 20:00:21 - [TEST_STEP][PASSED] - click(findTestObject("Object Repository/Page_KHTN Administration Users Accounts Bro_45ce40/a_Admin User")): Object: 'Object Repository/Page_KHTN Administration Users Accounts Bro_45ce40/a_Admin User' is clicked on

2022-01-14 20:00:21 - [MESSAGE][PASSED] - Object: 'Object Repository/Page_KHTN Administration Users Accounts Bro_45ce40/a_Admin User' is clicked on

2022-01-14 20:00:21 - [TEST_STEP][PASSED] - click(findTestObject("Object Repository/Page_KHTN Administration Users Accounts Bro_45ce40/span_Log out")): Object: 'Object Repository/Page_KHTN Administration Users Accounts Bro_45ce40/span_Log out' is clicked on

2022-01-14 20:00:22 - [MESSAGE][PASSED] - Object: 'Object Repository/Page_KHTN Administration Users Accounts Bro_45ce40/span_Log out' is clicked on

2022-01-14 20:00:22 - [TEST_STEP][PASSED] - click(findTestObject("Object Repository/Page_HCMUS/a_Log in")): Object: 'Object Repository/Page_HCMUS/a_Log in' is clicked on

2022-01-14 20:00:22 - [MESSAGE][PASSED] - Object: 'Object Repository/Page_HCMUS/a_Log in' is clicked on

2022-01-14 20:00:22 - [TEST_STEP][PASSED] - setText(findTestObject("Object Repository/Page_HCMUS Log in to the site/input_Username_username"), username): Text 'student3' is set on object 'Object Repository/Page_HCMUS Log in to the site/input_Username_username'

2022-01-14 20:00:23 - [MESSAGE][PASSED] - Text 'student3' is set on object 'Object Repository/Page_HCMUS Log in to the site/input_Username_username'

2022-01-14 20:00:23 - [TEST_STEP][PASSED] - setText(findTestObject("Object Repository/Page_HCMUS Log in to the site/input_Password_password"), password): Text 'Mstudent3#' is set on object 'Object Repository/Page_HCMUS Log in to the site/input_Password_password'

2022-01-14 20:00:24 - [MESSAGE][PASSED] - Text 'Mstudent3#' is set on object 'Object Repository/Page_HCMUS Log in to the site/input_Password_password'

2022-01-14 20:00:24 - [TEST_STEP][PASSED] - click(findTestObject("Object Repository/Page_HCMUS Log in to the site/button_Log in")): Object: 'Object Repository/Page_HCMUS Log in to the site/button_Log in' is clicked on

2022-01-14 20:00:25 - [MESSAGE][PASSED] - Object: 'Object Repository/Page_HCMUS Log in to the site/button_Log in' is clicked on

2022-01-14 20:00:25 - [TEST_STEP][PASSED] - verifyElementVisible(findTestObject("Object Repository/Page_Dashboard/span_Student Waldrop")): Object 'Object Repository/Page_Dashboard/span_Student Waldrop' is visible

2022-01-14 20:00:26 - [MESSAGE][PASSED] - Object 'Object Repository/Page_Dashboard/span_Student Waldrop' is visible

2022-01-14 20:00:26 - [TEST_STEP][PASSED] - closeBrowser(): Browser is closed

2022-01-14 20:00:27 - [MESSAGE][PASSED] - Browser is closed]]></system-out>
         <system-err><![CDATA[]]></system-err>
      </testcase>
      <testcase name="Test Cases/7_tạo tài khoản user chính xác" time="22.746" classname="Test Cases/7_tạo tài khoản user chính xác" status="PASSED">
         <system-out><![CDATA[2022-01-14 20:00:27 - [TEST_CASE][PASSED] - Test Cases/7_tạo tài khoản user chính xác: Test Cases/7_tạo tài khoản user chính xác

2022-01-14 20:00:27 - [TEST_STEP][PASSED] - openBrowser(""): Browser is opened with url: ''

2022-01-14 20:00:27 - [MESSAGE][INFO] - Starting 'Chrome' driver

2022-01-14 20:00:27 - [MESSAGE][INFO] - Action delay is set to 0 milliseconds

2022-01-14 20:00:28 - [MESSAGE][PASSED] - Browser is opened with url: ''

2022-01-14 20:00:28 - [TEST_STEP][PASSED] - navigateToUrl("http://localhost/"): Navigate to 'http://localhost/' successfully

2022-01-14 20:00:29 - [MESSAGE][PASSED] - Navigate to 'http://localhost/' successfully

2022-01-14 20:00:29 - [TEST_STEP][PASSED] - click(findTestObject("Object Repository/Page_HCMUS/a_Log in")): Object: 'Object Repository/Page_HCMUS/a_Log in' is clicked on

2022-01-14 20:00:30 - [MESSAGE][PASSED] - Object: 'Object Repository/Page_HCMUS/a_Log in' is clicked on

2022-01-14 20:00:30 - [TEST_STEP][PASSED] - setText(findTestObject("Object Repository/Page_HCMUS Log in to the site/input_Username_username"), "admin"): Text 'admin' is set on object 'Object Repository/Page_HCMUS Log in to the site/input_Username_username'

2022-01-14 20:00:30 - [MESSAGE][PASSED] - Text 'admin' is set on object 'Object Repository/Page_HCMUS Log in to the site/input_Username_username'

2022-01-14 20:00:30 - [TEST_STEP][PASSED] - setEncryptedText(findTestObject("Object Repository/Page_HCMUS Log in to the site/input_Password_password"), "5MU2PI2jvJCK/lBTYOwt6g=="): Text ****** has been set on object 'Object Repository/Page_HCMUS Log in to the site/input_Password_password'

2022-01-14 20:00:31 - [MESSAGE][PASSED] - Text ****** has been set on object 'Object Repository/Page_HCMUS Log in to the site/input_Password_password'

2022-01-14 20:00:31 - [TEST_STEP][PASSED] - click(findTestObject("Object Repository/Page_HCMUS Log in to the site/button_Log in")): Object: 'Object Repository/Page_HCMUS Log in to the site/button_Log in' is clicked on

2022-01-14 20:00:32 - [MESSAGE][PASSED] - Object: 'Object Repository/Page_HCMUS Log in to the site/button_Log in' is clicked on

2022-01-14 20:00:32 - [TEST_STEP][PASSED] - click(findTestObject("Object Repository/Page_Dashboard/span_Site administration")): Object: 'Object Repository/Page_Dashboard/span_Site administration' is clicked on

2022-01-14 20:00:34 - [MESSAGE][PASSED] - Object: 'Object Repository/Page_Dashboard/span_Site administration' is clicked on

2022-01-14 20:00:34 - [TEST_STEP][PASSED] - click(findTestObject("Object Repository/Page_KHTN Administration Search/a_Users")): Object: 'Object Repository/Page_KHTN Administration Search/a_Users' is clicked on

2022-01-14 20:00:35 - [MESSAGE][PASSED] - Object: 'Object Repository/Page_KHTN Administration Search/a_Users' is clicked on

2022-01-14 20:00:35 - [TEST_STEP][PASSED] - click(findTestObject("Object Repository/Page_KHTN Administration Search/a_Add a new user")): Object: 'Object Repository/Page_KHTN Administration Search/a_Add a new user' is clicked on

2022-01-14 20:00:36 - [MESSAGE][PASSED] - Object: 'Object Repository/Page_KHTN Administration Search/a_Add a new user' is clicked on

2022-01-14 20:00:36 - [TEST_STEP][PASSED] - setText(findTestObject("Object Repository/Page_KHTN Administration Users Accounts Add_aad8ed/input_Username_username"), username): Text 'student4' is set on object 'Object Repository/Page_KHTN Administration Users Accounts Add_aad8ed/input_Username_username'

2022-01-14 20:00:37 - [MESSAGE][PASSED] - Text 'student4' is set on object 'Object Repository/Page_KHTN Administration Users Accounts Add_aad8ed/input_Username_username'

2022-01-14 20:00:37 - [TEST_STEP][PASSED] - click(findTestObject("Object Repository/Page_KHTN Administration Users Accounts Add_aad8ed/em_Click to enter text")): Object: 'Object Repository/Page_KHTN Administration Users Accounts Add_aad8ed/em_Click to enter text' is clicked on

2022-01-14 20:00:38 - [MESSAGE][PASSED] - Object: 'Object Repository/Page_KHTN Administration Users Accounts Add_aad8ed/em_Click to enter text' is clicked on

2022-01-14 20:00:38 - [TEST_STEP][PASSED] - setText(findTestObject("Object Repository/Page_KHTN Administration Users Accounts Add_aad8ed/input_New password_newpassword"), password): Text 'Mstudent4#' is set on object 'Object Repository/Page_KHTN Administration Users Accounts Add_aad8ed/input_New password_newpassword'

2022-01-14 20:00:38 - [MESSAGE][PASSED] - Text 'Mstudent4#' is set on object 'Object Repository/Page_KHTN Administration Users Accounts Add_aad8ed/input_New password_newpassword'

2022-01-14 20:00:38 - [TEST_STEP][PASSED] - setText(findTestObject("Object Repository/Page_KHTN Administration Users Accounts Add_aad8ed/input_First name_firstname"), firstname): Text 'Student' is set on object 'Object Repository/Page_KHTN Administration Users Accounts Add_aad8ed/input_First name_firstname'

2022-01-14 20:00:39 - [MESSAGE][PASSED] - Text 'Student' is set on object 'Object Repository/Page_KHTN Administration Users Accounts Add_aad8ed/input_First name_firstname'

2022-01-14 20:00:39 - [TEST_STEP][PASSED] - click(findTestObject("Object Repository/Page_KHTN Administration Users Accounts Add_aad8ed/div_Username                               _ccea4b")): Object: 'Object Repository/Page_KHTN Administration Users Accounts Add_aad8ed/div_Username                               _ccea4b' is clicked on

2022-01-14 20:00:40 - [MESSAGE][PASSED] - Object: 'Object Repository/Page_KHTN Administration Users Accounts Add_aad8ed/div_Username                               _ccea4b' is clicked on

2022-01-14 20:00:40 - [TEST_STEP][PASSED] - setText(findTestObject("Object Repository/Page_KHTN Administration Users Accounts Add_aad8ed/input_Surname_lastname"), lastname): Text 'Tremblay' is set on object 'Object Repository/Page_KHTN Administration Users Accounts Add_aad8ed/input_Surname_lastname'

2022-01-14 20:00:40 - [MESSAGE][PASSED] - Text 'Tremblay' is set on object 'Object Repository/Page_KHTN Administration Users Accounts Add_aad8ed/input_Surname_lastname'

2022-01-14 20:00:40 - [TEST_STEP][PASSED] - setText(findTestObject("Object Repository/Page_KHTN Administration Users Accounts Add_aad8ed/input_Email address_email"), email): Text 's4@example.com' is set on object 'Object Repository/Page_KHTN Administration Users Accounts Add_aad8ed/input_Email address_email'

2022-01-14 20:00:41 - [MESSAGE][PASSED] - Text 's4@example.com' is set on object 'Object Repository/Page_KHTN Administration Users Accounts Add_aad8ed/input_Email address_email'

2022-01-14 20:00:41 - [TEST_STEP][PASSED] - click(findTestObject("Object Repository/Page_KHTN Administration Users Accounts Add_aad8ed/input_Address_submitbutton")): Object: 'Object Repository/Page_KHTN Administration Users Accounts Add_aad8ed/input_Address_submitbutton' is clicked on

2022-01-14 20:00:43 - [MESSAGE][PASSED] - Object: 'Object Repository/Page_KHTN Administration Users Accounts Add_aad8ed/input_Address_submitbutton' is clicked on

2022-01-14 20:00:43 - [TEST_STEP][PASSED] - verifyElementVisible(findTestObject("Object Repository/Page_KHTN Administration Users Accounts Bro_45ce40/div_Changes saved")): Object 'Object Repository/Page_KHTN Administration Users Accounts Bro_45ce40/div_Changes saved' is visible

2022-01-14 20:00:43 - [MESSAGE][PASSED] - Object 'Object Repository/Page_KHTN Administration Users Accounts Bro_45ce40/div_Changes saved' is visible

2022-01-14 20:00:43 - [TEST_STEP][PASSED] - verifyElementVisible(findTestObject("Object Repository/Page_KHTN Administration Users Accounts Bro_45ce40/td_s1example.com")): Object 'Object Repository/Page_KHTN Administration Users Accounts Bro_45ce40/td_s1example.com' is visible

2022-01-14 20:00:43 - [MESSAGE][PASSED] - Object 'Object Repository/Page_KHTN Administration Users Accounts Bro_45ce40/td_s1example.com' is visible

2022-01-14 20:00:43 - [TEST_STEP][PASSED] - click(findTestObject("Object Repository/Page_KHTN Administration Users Accounts Bro_45ce40/a_Admin User")): Object: 'Object Repository/Page_KHTN Administration Users Accounts Bro_45ce40/a_Admin User' is clicked on

2022-01-14 20:00:44 - [MESSAGE][PASSED] - Object: 'Object Repository/Page_KHTN Administration Users Accounts Bro_45ce40/a_Admin User' is clicked on

2022-01-14 20:00:44 - [TEST_STEP][PASSED] - click(findTestObject("Object Repository/Page_KHTN Administration Users Accounts Bro_45ce40/span_Log out")): Object: 'Object Repository/Page_KHTN Administration Users Accounts Bro_45ce40/span_Log out' is clicked on

2022-01-14 20:00:45 - [MESSAGE][PASSED] - Object: 'Object Repository/Page_KHTN Administration Users Accounts Bro_45ce40/span_Log out' is clicked on

2022-01-14 20:00:45 - [TEST_STEP][PASSED] - click(findTestObject("Object Repository/Page_HCMUS/a_Log in")): Object: 'Object Repository/Page_HCMUS/a_Log in' is clicked on

2022-01-14 20:00:45 - [MESSAGE][PASSED] - Object: 'Object Repository/Page_HCMUS/a_Log in' is clicked on

2022-01-14 20:00:45 - [TEST_STEP][PASSED] - setText(findTestObject("Object Repository/Page_HCMUS Log in to the site/input_Username_username"), username): Text 'student4' is set on object 'Object Repository/Page_HCMUS Log in to the site/input_Username_username'

2022-01-14 20:00:46 - [MESSAGE][PASSED] - Text 'student4' is set on object 'Object Repository/Page_HCMUS Log in to the site/input_Username_username'

2022-01-14 20:00:46 - [TEST_STEP][PASSED] - setText(findTestObject("Object Repository/Page_HCMUS Log in to the site/input_Password_password"), password): Text 'Mstudent4#' is set on object 'Object Repository/Page_HCMUS Log in to the site/input_Password_password'

2022-01-14 20:00:47 - [MESSAGE][PASSED] - Text 'Mstudent4#' is set on object 'Object Repository/Page_HCMUS Log in to the site/input_Password_password'

2022-01-14 20:00:47 - [TEST_STEP][PASSED] - click(findTestObject("Object Repository/Page_HCMUS Log in to the site/button_Log in")): Object: 'Object Repository/Page_HCMUS Log in to the site/button_Log in' is clicked on

2022-01-14 20:00:48 - [MESSAGE][PASSED] - Object: 'Object Repository/Page_HCMUS Log in to the site/button_Log in' is clicked on

2022-01-14 20:00:48 - [TEST_STEP][PASSED] - verifyElementVisible(findTestObject("Object Repository/Page_Dashboard/span_Student Waldrop")): Object 'Object Repository/Page_Dashboard/span_Student Waldrop' is visible

2022-01-14 20:00:49 - [MESSAGE][PASSED] - Object 'Object Repository/Page_Dashboard/span_Student Waldrop' is visible

2022-01-14 20:00:49 - [TEST_STEP][PASSED] - closeBrowser(): Browser is closed

2022-01-14 20:00:50 - [MESSAGE][PASSED] - Browser is closed]]></system-out>
         <system-err><![CDATA[]]></system-err>
      </testcase>
      <testcase name="Test Cases/7_tạo tài khoản user chính xác" time="22.903" classname="Test Cases/7_tạo tài khoản user chính xác" status="PASSED">
         <system-out><![CDATA[2022-01-14 20:00:50 - [TEST_CASE][PASSED] - Test Cases/7_tạo tài khoản user chính xác: Test Cases/7_tạo tài khoản user chính xác

2022-01-14 20:00:50 - [TEST_STEP][PASSED] - openBrowser(""): Browser is opened with url: ''

2022-01-14 20:00:50 - [MESSAGE][INFO] - Starting 'Chrome' driver

2022-01-14 20:00:50 - [MESSAGE][INFO] - Action delay is set to 0 milliseconds

2022-01-14 20:00:51 - [MESSAGE][PASSED] - Browser is opened with url: ''

2022-01-14 20:00:51 - [TEST_STEP][PASSED] - navigateToUrl("http://localhost/"): Navigate to 'http://localhost/' successfully

2022-01-14 20:00:51 - [MESSAGE][PASSED] - Navigate to 'http://localhost/' successfully

2022-01-14 20:00:51 - [TEST_STEP][PASSED] - click(findTestObject("Object Repository/Page_HCMUS/a_Log in")): Object: 'Object Repository/Page_HCMUS/a_Log in' is clicked on

2022-01-14 20:00:52 - [MESSAGE][PASSED] - Object: 'Object Repository/Page_HCMUS/a_Log in' is clicked on

2022-01-14 20:00:52 - [TEST_STEP][PASSED] - setText(findTestObject("Object Repository/Page_HCMUS Log in to the site/input_Username_username"), "admin"): Text 'admin' is set on object 'Object Repository/Page_HCMUS Log in to the site/input_Username_username'

2022-01-14 20:00:53 - [MESSAGE][PASSED] - Text 'admin' is set on object 'Object Repository/Page_HCMUS Log in to the site/input_Username_username'

2022-01-14 20:00:53 - [TEST_STEP][PASSED] - setEncryptedText(findTestObject("Object Repository/Page_HCMUS Log in to the site/input_Password_password"), "5MU2PI2jvJCK/lBTYOwt6g=="): Text ****** has been set on object 'Object Repository/Page_HCMUS Log in to the site/input_Password_password'

2022-01-14 20:00:53 - [MESSAGE][PASSED] - Text ****** has been set on object 'Object Repository/Page_HCMUS Log in to the site/input_Password_password'

2022-01-14 20:00:53 - [TEST_STEP][PASSED] - click(findTestObject("Object Repository/Page_HCMUS Log in to the site/button_Log in")): Object: 'Object Repository/Page_HCMUS Log in to the site/button_Log in' is clicked on

2022-01-14 20:00:54 - [MESSAGE][PASSED] - Object: 'Object Repository/Page_HCMUS Log in to the site/button_Log in' is clicked on

2022-01-14 20:00:54 - [TEST_STEP][PASSED] - click(findTestObject("Object Repository/Page_Dashboard/span_Site administration")): Object: 'Object Repository/Page_Dashboard/span_Site administration' is clicked on

2022-01-14 20:00:56 - [MESSAGE][PASSED] - Object: 'Object Repository/Page_Dashboard/span_Site administration' is clicked on

2022-01-14 20:00:56 - [TEST_STEP][PASSED] - click(findTestObject("Object Repository/Page_KHTN Administration Search/a_Users")): Object: 'Object Repository/Page_KHTN Administration Search/a_Users' is clicked on

2022-01-14 20:00:57 - [MESSAGE][PASSED] - Object: 'Object Repository/Page_KHTN Administration Search/a_Users' is clicked on

2022-01-14 20:00:57 - [TEST_STEP][PASSED] - click(findTestObject("Object Repository/Page_KHTN Administration Search/a_Add a new user")): Object: 'Object Repository/Page_KHTN Administration Search/a_Add a new user' is clicked on

2022-01-14 20:00:58 - [MESSAGE][PASSED] - Object: 'Object Repository/Page_KHTN Administration Search/a_Add a new user' is clicked on

2022-01-14 20:00:58 - [TEST_STEP][PASSED] - setText(findTestObject("Object Repository/Page_KHTN Administration Users Accounts Add_aad8ed/input_Username_username"), username): Text 'student5' is set on object 'Object Repository/Page_KHTN Administration Users Accounts Add_aad8ed/input_Username_username'

2022-01-14 20:01:00 - [MESSAGE][PASSED] - Text 'student5' is set on object 'Object Repository/Page_KHTN Administration Users Accounts Add_aad8ed/input_Username_username'

2022-01-14 20:01:00 - [TEST_STEP][PASSED] - click(findTestObject("Object Repository/Page_KHTN Administration Users Accounts Add_aad8ed/em_Click to enter text")): Object: 'Object Repository/Page_KHTN Administration Users Accounts Add_aad8ed/em_Click to enter text' is clicked on

2022-01-14 20:01:00 - [MESSAGE][PASSED] - Object: 'Object Repository/Page_KHTN Administration Users Accounts Add_aad8ed/em_Click to enter text' is clicked on

2022-01-14 20:01:00 - [TEST_STEP][PASSED] - setText(findTestObject("Object Repository/Page_KHTN Administration Users Accounts Add_aad8ed/input_New password_newpassword"), password): Text 'Mstudent5#' is set on object 'Object Repository/Page_KHTN Administration Users Accounts Add_aad8ed/input_New password_newpassword'

2022-01-14 20:01:02 - [MESSAGE][PASSED] - Text 'Mstudent5#' is set on object 'Object Repository/Page_KHTN Administration Users Accounts Add_aad8ed/input_New password_newpassword'

2022-01-14 20:01:02 - [TEST_STEP][PASSED] - setText(findTestObject("Object Repository/Page_KHTN Administration Users Accounts Add_aad8ed/input_First name_firstname"), firstname): Text 'Student' is set on object 'Object Repository/Page_KHTN Administration Users Accounts Add_aad8ed/input_First name_firstname'

2022-01-14 20:01:02 - [MESSAGE][PASSED] - Text 'Student' is set on object 'Object Repository/Page_KHTN Administration Users Accounts Add_aad8ed/input_First name_firstname'

2022-01-14 20:01:02 - [TEST_STEP][PASSED] - click(findTestObject("Object Repository/Page_KHTN Administration Users Accounts Add_aad8ed/div_Username                               _ccea4b")): Object: 'Object Repository/Page_KHTN Administration Users Accounts Add_aad8ed/div_Username                               _ccea4b' is clicked on

2022-01-14 20:01:03 - [MESSAGE][PASSED] - Object: 'Object Repository/Page_KHTN Administration Users Accounts Add_aad8ed/div_Username                               _ccea4b' is clicked on

2022-01-14 20:01:03 - [TEST_STEP][PASSED] - setText(findTestObject("Object Repository/Page_KHTN Administration Users Accounts Add_aad8ed/input_Surname_lastname"), lastname): Text 'Weller' is set on object 'Object Repository/Page_KHTN Administration Users Accounts Add_aad8ed/input_Surname_lastname'

2022-01-14 20:01:03 - [MESSAGE][PASSED] - Text 'Weller' is set on object 'Object Repository/Page_KHTN Administration Users Accounts Add_aad8ed/input_Surname_lastname'

2022-01-14 20:01:03 - [TEST_STEP][PASSED] - setText(findTestObject("Object Repository/Page_KHTN Administration Users Accounts Add_aad8ed/input_Email address_email"), email): Text 's5@example.com' is set on object 'Object Repository/Page_KHTN Administration Users Accounts Add_aad8ed/input_Email address_email'

2022-01-14 20:01:04 - [MESSAGE][PASSED] - Text 's5@example.com' is set on object 'Object Repository/Page_KHTN Administration Users Accounts Add_aad8ed/input_Email address_email'

2022-01-14 20:01:04 - [TEST_STEP][PASSED] - click(findTestObject("Object Repository/Page_KHTN Administration Users Accounts Add_aad8ed/input_Address_submitbutton")): Object: 'Object Repository/Page_KHTN Administration Users Accounts Add_aad8ed/input_Address_submitbutton' is clicked on

2022-01-14 20:01:06 - [MESSAGE][PASSED] - Object: 'Object Repository/Page_KHTN Administration Users Accounts Add_aad8ed/input_Address_submitbutton' is clicked on

2022-01-14 20:01:06 - [TEST_STEP][PASSED] - verifyElementVisible(findTestObject("Object Repository/Page_KHTN Administration Users Accounts Bro_45ce40/div_Changes saved")): Object 'Object Repository/Page_KHTN Administration Users Accounts Bro_45ce40/div_Changes saved' is visible

2022-01-14 20:01:06 - [MESSAGE][PASSED] - Object 'Object Repository/Page_KHTN Administration Users Accounts Bro_45ce40/div_Changes saved' is visible

2022-01-14 20:01:06 - [TEST_STEP][PASSED] - verifyElementVisible(findTestObject("Object Repository/Page_KHTN Administration Users Accounts Bro_45ce40/td_s1example.com")): Object 'Object Repository/Page_KHTN Administration Users Accounts Bro_45ce40/td_s1example.com' is visible

2022-01-14 20:01:07 - [MESSAGE][PASSED] - Object 'Object Repository/Page_KHTN Administration Users Accounts Bro_45ce40/td_s1example.com' is visible

2022-01-14 20:01:07 - [TEST_STEP][PASSED] - click(findTestObject("Object Repository/Page_KHTN Administration Users Accounts Bro_45ce40/a_Admin User")): Object: 'Object Repository/Page_KHTN Administration Users Accounts Bro_45ce40/a_Admin User' is clicked on

2022-01-14 20:01:07 - [MESSAGE][PASSED] - Object: 'Object Repository/Page_KHTN Administration Users Accounts Bro_45ce40/a_Admin User' is clicked on

2022-01-14 20:01:07 - [TEST_STEP][PASSED] - click(findTestObject("Object Repository/Page_KHTN Administration Users Accounts Bro_45ce40/span_Log out")): Object: 'Object Repository/Page_KHTN Administration Users Accounts Bro_45ce40/span_Log out' is clicked on

2022-01-14 20:01:08 - [MESSAGE][PASSED] - Object: 'Object Repository/Page_KHTN Administration Users Accounts Bro_45ce40/span_Log out' is clicked on

2022-01-14 20:01:08 - [TEST_STEP][PASSED] - click(findTestObject("Object Repository/Page_HCMUS/a_Log in")): Object: 'Object Repository/Page_HCMUS/a_Log in' is clicked on

2022-01-14 20:01:08 - [MESSAGE][PASSED] - Object: 'Object Repository/Page_HCMUS/a_Log in' is clicked on

2022-01-14 20:01:08 - [TEST_STEP][PASSED] - setText(findTestObject("Object Repository/Page_HCMUS Log in to the site/input_Username_username"), username): Text 'student5' is set on object 'Object Repository/Page_HCMUS Log in to the site/input_Username_username'

2022-01-14 20:01:09 - [MESSAGE][PASSED] - Text 'student5' is set on object 'Object Repository/Page_HCMUS Log in to the site/input_Username_username'

2022-01-14 20:01:09 - [TEST_STEP][PASSED] - setText(findTestObject("Object Repository/Page_HCMUS Log in to the site/input_Password_password"), password): Text 'Mstudent5#' is set on object 'Object Repository/Page_HCMUS Log in to the site/input_Password_password'

2022-01-14 20:01:10 - [MESSAGE][PASSED] - Text 'Mstudent5#' is set on object 'Object Repository/Page_HCMUS Log in to the site/input_Password_password'

2022-01-14 20:01:10 - [TEST_STEP][PASSED] - click(findTestObject("Object Repository/Page_HCMUS Log in to the site/button_Log in")): Object: 'Object Repository/Page_HCMUS Log in to the site/button_Log in' is clicked on

2022-01-14 20:01:11 - [MESSAGE][PASSED] - Object: 'Object Repository/Page_HCMUS Log in to the site/button_Log in' is clicked on

2022-01-14 20:01:11 - [TEST_STEP][PASSED] - verifyElementVisible(findTestObject("Object Repository/Page_Dashboard/span_Student Waldrop")): Object 'Object Repository/Page_Dashboard/span_Student Waldrop' is visible

2022-01-14 20:01:12 - [MESSAGE][PASSED] - Object 'Object Repository/Page_Dashboard/span_Student Waldrop' is visible

2022-01-14 20:01:12 - [TEST_STEP][PASSED] - closeBrowser(): Browser is closed

2022-01-14 20:01:13 - [MESSAGE][PASSED] - Browser is closed]]></system-out>
         <system-err><![CDATA[]]></system-err>
      </testcase>
      <testcase name="Test Cases/7_tạo tài khoản user chính xác" time="21.904" classname="Test Cases/7_tạo tài khoản user chính xác" status="PASSED">
         <system-out><![CDATA[2022-01-14 20:01:13 - [TEST_CASE][PASSED] - Test Cases/7_tạo tài khoản user chính xác: Test Cases/7_tạo tài khoản user chính xác

2022-01-14 20:01:13 - [TEST_STEP][PASSED] - openBrowser(""): Browser is opened with url: ''

2022-01-14 20:01:13 - [MESSAGE][INFO] - Starting 'Chrome' driver

2022-01-14 20:01:13 - [MESSAGE][INFO] - Action delay is set to 0 milliseconds

2022-01-14 20:01:14 - [MESSAGE][PASSED] - Browser is opened with url: ''

2022-01-14 20:01:14 - [TEST_STEP][PASSED] - navigateToUrl("http://localhost/"): Navigate to 'http://localhost/' successfully

2022-01-14 20:01:14 - [MESSAGE][PASSED] - Navigate to 'http://localhost/' successfully

2022-01-14 20:01:14 - [TEST_STEP][PASSED] - click(findTestObject("Object Repository/Page_HCMUS/a_Log in")): Object: 'Object Repository/Page_HCMUS/a_Log in' is clicked on

2022-01-14 20:01:15 - [MESSAGE][PASSED] - Object: 'Object Repository/Page_HCMUS/a_Log in' is clicked on

2022-01-14 20:01:15 - [TEST_STEP][PASSED] - setText(findTestObject("Object Repository/Page_HCMUS Log in to the site/input_Username_username"), "admin"): Text 'admin' is set on object 'Object Repository/Page_HCMUS Log in to the site/input_Username_username'

2022-01-14 20:01:16 - [MESSAGE][PASSED] - Text 'admin' is set on object 'Object Repository/Page_HCMUS Log in to the site/input_Username_username'

2022-01-14 20:01:16 - [TEST_STEP][PASSED] - setEncryptedText(findTestObject("Object Repository/Page_HCMUS Log in to the site/input_Password_password"), "5MU2PI2jvJCK/lBTYOwt6g=="): Text ****** has been set on object 'Object Repository/Page_HCMUS Log in to the site/input_Password_password'

2022-01-14 20:01:16 - [MESSAGE][PASSED] - Text ****** has been set on object 'Object Repository/Page_HCMUS Log in to the site/input_Password_password'

2022-01-14 20:01:16 - [TEST_STEP][PASSED] - click(findTestObject("Object Repository/Page_HCMUS Log in to the site/button_Log in")): Object: 'Object Repository/Page_HCMUS Log in to the site/button_Log in' is clicked on

2022-01-14 20:01:17 - [MESSAGE][PASSED] - Object: 'Object Repository/Page_HCMUS Log in to the site/button_Log in' is clicked on

2022-01-14 20:01:17 - [TEST_STEP][PASSED] - click(findTestObject("Object Repository/Page_Dashboard/span_Site administration")): Object: 'Object Repository/Page_Dashboard/span_Site administration' is clicked on

2022-01-14 20:01:19 - [MESSAGE][PASSED] - Object: 'Object Repository/Page_Dashboard/span_Site administration' is clicked on

2022-01-14 20:01:19 - [TEST_STEP][PASSED] - click(findTestObject("Object Repository/Page_KHTN Administration Search/a_Users")): Object: 'Object Repository/Page_KHTN Administration Search/a_Users' is clicked on

2022-01-14 20:01:19 - [MESSAGE][PASSED] - Object: 'Object Repository/Page_KHTN Administration Search/a_Users' is clicked on

2022-01-14 20:01:19 - [TEST_STEP][PASSED] - click(findTestObject("Object Repository/Page_KHTN Administration Search/a_Add a new user")): Object: 'Object Repository/Page_KHTN Administration Search/a_Add a new user' is clicked on

2022-01-14 20:01:21 - [MESSAGE][PASSED] - Object: 'Object Repository/Page_KHTN Administration Search/a_Add a new user' is clicked on

2022-01-14 20:01:21 - [TEST_STEP][PASSED] - setText(findTestObject("Object Repository/Page_KHTN Administration Users Accounts Add_aad8ed/input_Username_username"), username): Text 'student6' is set on object 'Object Repository/Page_KHTN Administration Users Accounts Add_aad8ed/input_Username_username'

2022-01-14 20:01:22 - [MESSAGE][PASSED] - Text 'student6' is set on object 'Object Repository/Page_KHTN Administration Users Accounts Add_aad8ed/input_Username_username'

2022-01-14 20:01:22 - [TEST_STEP][PASSED] - click(findTestObject("Object Repository/Page_KHTN Administration Users Accounts Add_aad8ed/em_Click to enter text")): Object: 'Object Repository/Page_KHTN Administration Users Accounts Add_aad8ed/em_Click to enter text' is clicked on

2022-01-14 20:01:23 - [MESSAGE][PASSED] - Object: 'Object Repository/Page_KHTN Administration Users Accounts Add_aad8ed/em_Click to enter text' is clicked on

2022-01-14 20:01:23 - [TEST_STEP][PASSED] - setText(findTestObject("Object Repository/Page_KHTN Administration Users Accounts Add_aad8ed/input_New password_newpassword"), password): Text 'Mstudent6#' is set on object 'Object Repository/Page_KHTN Administration Users Accounts Add_aad8ed/input_New password_newpassword'

2022-01-14 20:01:23 - [MESSAGE][PASSED] - Text 'Mstudent6#' is set on object 'Object Repository/Page_KHTN Administration Users Accounts Add_aad8ed/input_New password_newpassword'

2022-01-14 20:01:23 - [TEST_STEP][PASSED] - setText(findTestObject("Object Repository/Page_KHTN Administration Users Accounts Add_aad8ed/input_First name_firstname"), firstname): Text 'Student' is set on object 'Object Repository/Page_KHTN Administration Users Accounts Add_aad8ed/input_First name_firstname'

2022-01-14 20:01:24 - [MESSAGE][PASSED] - Text 'Student' is set on object 'Object Repository/Page_KHTN Administration Users Accounts Add_aad8ed/input_First name_firstname'

2022-01-14 20:01:24 - [TEST_STEP][PASSED] - click(findTestObject("Object Repository/Page_KHTN Administration Users Accounts Add_aad8ed/div_Username                               _ccea4b")): Object: 'Object Repository/Page_KHTN Administration Users Accounts Add_aad8ed/div_Username                               _ccea4b' is clicked on

2022-01-14 20:01:25 - [MESSAGE][PASSED] - Object: 'Object Repository/Page_KHTN Administration Users Accounts Add_aad8ed/div_Username                               _ccea4b' is clicked on

2022-01-14 20:01:25 - [TEST_STEP][PASSED] - setText(findTestObject("Object Repository/Page_KHTN Administration Users Accounts Add_aad8ed/input_Surname_lastname"), lastname): Text 'Haller' is set on object 'Object Repository/Page_KHTN Administration Users Accounts Add_aad8ed/input_Surname_lastname'

2022-01-14 20:01:25 - [MESSAGE][PASSED] - Text 'Haller' is set on object 'Object Repository/Page_KHTN Administration Users Accounts Add_aad8ed/input_Surname_lastname'

2022-01-14 20:01:25 - [TEST_STEP][PASSED] - setText(findTestObject("Object Repository/Page_KHTN Administration Users Accounts Add_aad8ed/input_Email address_email"), email): Text 's6@example.com' is set on object 'Object Repository/Page_KHTN Administration Users Accounts Add_aad8ed/input_Email address_email'

2022-01-14 20:01:26 - [MESSAGE][PASSED] - Text 's6@example.com' is set on object 'Object Repository/Page_KHTN Administration Users Accounts Add_aad8ed/input_Email address_email'

2022-01-14 20:01:26 - [TEST_STEP][PASSED] - click(findTestObject("Object Repository/Page_KHTN Administration Users Accounts Add_aad8ed/input_Address_submitbutton")): Object: 'Object Repository/Page_KHTN Administration Users Accounts Add_aad8ed/input_Address_submitbutton' is clicked on

2022-01-14 20:01:28 - [MESSAGE][PASSED] - Object: 'Object Repository/Page_KHTN Administration Users Accounts Add_aad8ed/input_Address_submitbutton' is clicked on

2022-01-14 20:01:28 - [TEST_STEP][PASSED] - verifyElementVisible(findTestObject("Object Repository/Page_KHTN Administration Users Accounts Bro_45ce40/div_Changes saved")): Object 'Object Repository/Page_KHTN Administration Users Accounts Bro_45ce40/div_Changes saved' is visible

2022-01-14 20:01:28 - [MESSAGE][PASSED] - Object 'Object Repository/Page_KHTN Administration Users Accounts Bro_45ce40/div_Changes saved' is visible

2022-01-14 20:01:28 - [TEST_STEP][PASSED] - verifyElementVisible(findTestObject("Object Repository/Page_KHTN Administration Users Accounts Bro_45ce40/td_s1example.com")): Object 'Object Repository/Page_KHTN Administration Users Accounts Bro_45ce40/td_s1example.com' is visible

2022-01-14 20:01:29 - [MESSAGE][PASSED] - Object 'Object Repository/Page_KHTN Administration Users Accounts Bro_45ce40/td_s1example.com' is visible

2022-01-14 20:01:29 - [TEST_STEP][PASSED] - click(findTestObject("Object Repository/Page_KHTN Administration Users Accounts Bro_45ce40/a_Admin User")): Object: 'Object Repository/Page_KHTN Administration Users Accounts Bro_45ce40/a_Admin User' is clicked on

2022-01-14 20:01:29 - [MESSAGE][PASSED] - Object: 'Object Repository/Page_KHTN Administration Users Accounts Bro_45ce40/a_Admin User' is clicked on

2022-01-14 20:01:29 - [TEST_STEP][PASSED] - click(findTestObject("Object Repository/Page_KHTN Administration Users Accounts Bro_45ce40/span_Log out")): Object: 'Object Repository/Page_KHTN Administration Users Accounts Bro_45ce40/span_Log out' is clicked on

2022-01-14 20:01:30 - [MESSAGE][PASSED] - Object: 'Object Repository/Page_KHTN Administration Users Accounts Bro_45ce40/span_Log out' is clicked on

2022-01-14 20:01:30 - [TEST_STEP][PASSED] - click(findTestObject("Object Repository/Page_HCMUS/a_Log in")): Object: 'Object Repository/Page_HCMUS/a_Log in' is clicked on

2022-01-14 20:01:30 - [MESSAGE][PASSED] - Object: 'Object Repository/Page_HCMUS/a_Log in' is clicked on

2022-01-14 20:01:30 - [TEST_STEP][PASSED] - setText(findTestObject("Object Repository/Page_HCMUS Log in to the site/input_Username_username"), username): Text 'student6' is set on object 'Object Repository/Page_HCMUS Log in to the site/input_Username_username'

2022-01-14 20:01:31 - [MESSAGE][PASSED] - Text 'student6' is set on object 'Object Repository/Page_HCMUS Log in to the site/input_Username_username'

2022-01-14 20:01:31 - [TEST_STEP][PASSED] - setText(findTestObject("Object Repository/Page_HCMUS Log in to the site/input_Password_password"), password): Text 'Mstudent6#' is set on object 'Object Repository/Page_HCMUS Log in to the site/input_Password_password'

2022-01-14 20:01:32 - [MESSAGE][PASSED] - Text 'Mstudent6#' is set on object 'Object Repository/Page_HCMUS Log in to the site/input_Password_password'

2022-01-14 20:01:32 - [TEST_STEP][PASSED] - click(findTestObject("Object Repository/Page_HCMUS Log in to the site/button_Log in")): Object: 'Object Repository/Page_HCMUS Log in to the site/button_Log in' is clicked on

2022-01-14 20:01:33 - [MESSAGE][PASSED] - Object: 'Object Repository/Page_HCMUS Log in to the site/button_Log in' is clicked on

2022-01-14 20:01:33 - [TEST_STEP][PASSED] - verifyElementVisible(findTestObject("Object Repository/Page_Dashboard/span_Student Waldrop")): Object 'Object Repository/Page_Dashboard/span_Student Waldrop' is visible

2022-01-14 20:01:34 - [MESSAGE][PASSED] - Object 'Object Repository/Page_Dashboard/span_Student Waldrop' is visible

2022-01-14 20:01:34 - [TEST_STEP][PASSED] - closeBrowser(): Browser is closed

2022-01-14 20:01:35 - [MESSAGE][PASSED] - Browser is closed]]></system-out>
         <system-err><![CDATA[]]></system-err>
      </testcase>
      <testcase name="Test Cases/7_tạo tài khoản user chính xác" time="22.866" classname="Test Cases/7_tạo tài khoản user chính xác" status="PASSED">
         <system-out><![CDATA[2022-01-14 20:01:35 - [TEST_CASE][PASSED] - Test Cases/7_tạo tài khoản user chính xác: Test Cases/7_tạo tài khoản user chính xác

2022-01-14 20:01:35 - [TEST_STEP][PASSED] - openBrowser(""): Browser is opened with url: ''

2022-01-14 20:01:35 - [MESSAGE][INFO] - Starting 'Chrome' driver

2022-01-14 20:01:35 - [MESSAGE][INFO] - Action delay is set to 0 milliseconds

2022-01-14 20:01:36 - [MESSAGE][PASSED] - Browser is opened with url: ''

2022-01-14 20:01:36 - [TEST_STEP][PASSED] - navigateToUrl("http://localhost/"): Navigate to 'http://localhost/' successfully

2022-01-14 20:01:36 - [MESSAGE][PASSED] - Navigate to 'http://localhost/' successfully

2022-01-14 20:01:36 - [TEST_STEP][PASSED] - click(findTestObject("Object Repository/Page_HCMUS/a_Log in")): Object: 'Object Repository/Page_HCMUS/a_Log in' is clicked on

2022-01-14 20:01:37 - [MESSAGE][PASSED] - Object: 'Object Repository/Page_HCMUS/a_Log in' is clicked on

2022-01-14 20:01:37 - [TEST_STEP][PASSED] - setText(findTestObject("Object Repository/Page_HCMUS Log in to the site/input_Username_username"), "admin"): Text 'admin' is set on object 'Object Repository/Page_HCMUS Log in to the site/input_Username_username'

2022-01-14 20:01:38 - [MESSAGE][PASSED] - Text 'admin' is set on object 'Object Repository/Page_HCMUS Log in to the site/input_Username_username'

2022-01-14 20:01:38 - [TEST_STEP][PASSED] - setEncryptedText(findTestObject("Object Repository/Page_HCMUS Log in to the site/input_Password_password"), "5MU2PI2jvJCK/lBTYOwt6g=="): Text ****** has been set on object 'Object Repository/Page_HCMUS Log in to the site/input_Password_password'

2022-01-14 20:01:38 - [MESSAGE][PASSED] - Text ****** has been set on object 'Object Repository/Page_HCMUS Log in to the site/input_Password_password'

2022-01-14 20:01:38 - [TEST_STEP][PASSED] - click(findTestObject("Object Repository/Page_HCMUS Log in to the site/button_Log in")): Object: 'Object Repository/Page_HCMUS Log in to the site/button_Log in' is clicked on

2022-01-14 20:01:40 - [MESSAGE][PASSED] - Object: 'Object Repository/Page_HCMUS Log in to the site/button_Log in' is clicked on

2022-01-14 20:01:40 - [TEST_STEP][PASSED] - click(findTestObject("Object Repository/Page_Dashboard/span_Site administration")): Object: 'Object Repository/Page_Dashboard/span_Site administration' is clicked on

2022-01-14 20:01:42 - [MESSAGE][PASSED] - Object: 'Object Repository/Page_Dashboard/span_Site administration' is clicked on

2022-01-14 20:01:42 - [TEST_STEP][PASSED] - click(findTestObject("Object Repository/Page_KHTN Administration Search/a_Users")): Object: 'Object Repository/Page_KHTN Administration Search/a_Users' is clicked on

2022-01-14 20:01:43 - [MESSAGE][PASSED] - Object: 'Object Repository/Page_KHTN Administration Search/a_Users' is clicked on

2022-01-14 20:01:43 - [TEST_STEP][PASSED] - click(findTestObject("Object Repository/Page_KHTN Administration Search/a_Add a new user")): Object: 'Object Repository/Page_KHTN Administration Search/a_Add a new user' is clicked on

2022-01-14 20:01:44 - [MESSAGE][PASSED] - Object: 'Object Repository/Page_KHTN Administration Search/a_Add a new user' is clicked on

2022-01-14 20:01:44 - [TEST_STEP][PASSED] - setText(findTestObject("Object Repository/Page_KHTN Administration Users Accounts Add_aad8ed/input_Username_username"), username): Text 'student7' is set on object 'Object Repository/Page_KHTN Administration Users Accounts Add_aad8ed/input_Username_username'

2022-01-14 20:01:45 - [MESSAGE][PASSED] - Text 'student7' is set on object 'Object Repository/Page_KHTN Administration Users Accounts Add_aad8ed/input_Username_username'

2022-01-14 20:01:45 - [TEST_STEP][PASSED] - click(findTestObject("Object Repository/Page_KHTN Administration Users Accounts Add_aad8ed/em_Click to enter text")): Object: 'Object Repository/Page_KHTN Administration Users Accounts Add_aad8ed/em_Click to enter text' is clicked on

2022-01-14 20:01:46 - [MESSAGE][PASSED] - Object: 'Object Repository/Page_KHTN Administration Users Accounts Add_aad8ed/em_Click to enter text' is clicked on

2022-01-14 20:01:46 - [TEST_STEP][PASSED] - setText(findTestObject("Object Repository/Page_KHTN Administration Users Accounts Add_aad8ed/input_New password_newpassword"), password): Text 'Mstudent7#' is set on object 'Object Repository/Page_KHTN Administration Users Accounts Add_aad8ed/input_New password_newpassword'

2022-01-14 20:01:46 - [MESSAGE][PASSED] - Text 'Mstudent7#' is set on object 'Object Repository/Page_KHTN Administration Users Accounts Add_aad8ed/input_New password_newpassword'

2022-01-14 20:01:46 - [TEST_STEP][PASSED] - setText(findTestObject("Object Repository/Page_KHTN Administration Users Accounts Add_aad8ed/input_First name_firstname"), firstname): Text 'Student' is set on object 'Object Repository/Page_KHTN Administration Users Accounts Add_aad8ed/input_First name_firstname'

2022-01-14 20:01:47 - [MESSAGE][PASSED] - Text 'Student' is set on object 'Object Repository/Page_KHTN Administration Users Accounts Add_aad8ed/input_First name_firstname'

2022-01-14 20:01:47 - [TEST_STEP][PASSED] - click(findTestObject("Object Repository/Page_KHTN Administration Users Accounts Add_aad8ed/div_Username                               _ccea4b")): Object: 'Object Repository/Page_KHTN Administration Users Accounts Add_aad8ed/div_Username                               _ccea4b' is clicked on

2022-01-14 20:01:48 - [MESSAGE][PASSED] - Object: 'Object Repository/Page_KHTN Administration Users Accounts Add_aad8ed/div_Username                               _ccea4b' is clicked on

2022-01-14 20:01:48 - [TEST_STEP][PASSED] - setText(findTestObject("Object Repository/Page_KHTN Administration Users Accounts Add_aad8ed/input_Surname_lastname"), lastname): Text 'Venegas' is set on object 'Object Repository/Page_KHTN Administration Users Accounts Add_aad8ed/input_Surname_lastname'

2022-01-14 20:01:48 - [MESSAGE][PASSED] - Text 'Venegas' is set on object 'Object Repository/Page_KHTN Administration Users Accounts Add_aad8ed/input_Surname_lastname'

2022-01-14 20:01:48 - [TEST_STEP][PASSED] - setText(findTestObject("Object Repository/Page_KHTN Administration Users Accounts Add_aad8ed/input_Email address_email"), email): Text 's7@example.com' is set on object 'Object Repository/Page_KHTN Administration Users Accounts Add_aad8ed/input_Email address_email'

2022-01-14 20:01:49 - [MESSAGE][PASSED] - Text 's7@example.com' is set on object 'Object Repository/Page_KHTN Administration Users Accounts Add_aad8ed/input_Email address_email'

2022-01-14 20:01:49 - [TEST_STEP][PASSED] - click(findTestObject("Object Repository/Page_KHTN Administration Users Accounts Add_aad8ed/input_Address_submitbutton")): Object: 'Object Repository/Page_KHTN Administration Users Accounts Add_aad8ed/input_Address_submitbutton' is clicked on

2022-01-14 20:01:51 - [MESSAGE][PASSED] - Object: 'Object Repository/Page_KHTN Administration Users Accounts Add_aad8ed/input_Address_submitbutton' is clicked on

2022-01-14 20:01:51 - [TEST_STEP][PASSED] - verifyElementVisible(findTestObject("Object Repository/Page_KHTN Administration Users Accounts Bro_45ce40/div_Changes saved")): Object 'Object Repository/Page_KHTN Administration Users Accounts Bro_45ce40/div_Changes saved' is visible

2022-01-14 20:01:51 - [MESSAGE][PASSED] - Object 'Object Repository/Page_KHTN Administration Users Accounts Bro_45ce40/div_Changes saved' is visible

2022-01-14 20:01:51 - [TEST_STEP][PASSED] - verifyElementVisible(findTestObject("Object Repository/Page_KHTN Administration Users Accounts Bro_45ce40/td_s1example.com")): Object 'Object Repository/Page_KHTN Administration Users Accounts Bro_45ce40/td_s1example.com' is visible

2022-01-14 20:01:52 - [MESSAGE][PASSED] - Object 'Object Repository/Page_KHTN Administration Users Accounts Bro_45ce40/td_s1example.com' is visible

2022-01-14 20:01:52 - [TEST_STEP][PASSED] - click(findTestObject("Object Repository/Page_KHTN Administration Users Accounts Bro_45ce40/a_Admin User")): Object: 'Object Repository/Page_KHTN Administration Users Accounts Bro_45ce40/a_Admin User' is clicked on

2022-01-14 20:01:52 - [MESSAGE][PASSED] - Object: 'Object Repository/Page_KHTN Administration Users Accounts Bro_45ce40/a_Admin User' is clicked on

2022-01-14 20:01:52 - [TEST_STEP][PASSED] - click(findTestObject("Object Repository/Page_KHTN Administration Users Accounts Bro_45ce40/span_Log out")): Object: 'Object Repository/Page_KHTN Administration Users Accounts Bro_45ce40/span_Log out' is clicked on

2022-01-14 20:01:53 - [MESSAGE][PASSED] - Object: 'Object Repository/Page_KHTN Administration Users Accounts Bro_45ce40/span_Log out' is clicked on

2022-01-14 20:01:53 - [TEST_STEP][PASSED] - click(findTestObject("Object Repository/Page_HCMUS/a_Log in")): Object: 'Object Repository/Page_HCMUS/a_Log in' is clicked on

2022-01-14 20:01:53 - [MESSAGE][PASSED] - Object: 'Object Repository/Page_HCMUS/a_Log in' is clicked on

2022-01-14 20:01:53 - [TEST_STEP][PASSED] - setText(findTestObject("Object Repository/Page_HCMUS Log in to the site/input_Username_username"), username): Text 'student7' is set on object 'Object Repository/Page_HCMUS Log in to the site/input_Username_username'

2022-01-14 20:01:54 - [MESSAGE][PASSED] - Text 'student7' is set on object 'Object Repository/Page_HCMUS Log in to the site/input_Username_username'

2022-01-14 20:01:54 - [TEST_STEP][PASSED] - setText(findTestObject("Object Repository/Page_HCMUS Log in to the site/input_Password_password"), password): Text 'Mstudent7#' is set on object 'Object Repository/Page_HCMUS Log in to the site/input_Password_password'

2022-01-14 20:01:55 - [MESSAGE][PASSED] - Text 'Mstudent7#' is set on object 'Object Repository/Page_HCMUS Log in to the site/input_Password_password'

2022-01-14 20:01:55 - [TEST_STEP][PASSED] - click(findTestObject("Object Repository/Page_HCMUS Log in to the site/button_Log in")): Object: 'Object Repository/Page_HCMUS Log in to the site/button_Log in' is clicked on

2022-01-14 20:01:56 - [MESSAGE][PASSED] - Object: 'Object Repository/Page_HCMUS Log in to the site/button_Log in' is clicked on

2022-01-14 20:01:56 - [TEST_STEP][PASSED] - verifyElementVisible(findTestObject("Object Repository/Page_Dashboard/span_Student Waldrop")): Object 'Object Repository/Page_Dashboard/span_Student Waldrop' is visible

2022-01-14 20:01:57 - [MESSAGE][PASSED] - Object 'Object Repository/Page_Dashboard/span_Student Waldrop' is visible

2022-01-14 20:01:57 - [TEST_STEP][PASSED] - closeBrowser(): Browser is closed

2022-01-14 20:01:58 - [MESSAGE][PASSED] - Browser is closed]]></system-out>
         <system-err><![CDATA[]]></system-err>
      </testcase>
      <testcase name="Test Cases/7_tạo tài khoản user chính xác" time="23.825" classname="Test Cases/7_tạo tài khoản user chính xác" status="PASSED">
         <system-out><![CDATA[2022-01-14 20:01:58 - [TEST_CASE][PASSED] - Test Cases/7_tạo tài khoản user chính xác: Test Cases/7_tạo tài khoản user chính xác

2022-01-14 20:01:58 - [TEST_STEP][PASSED] - openBrowser(""): Browser is opened with url: ''

2022-01-14 20:01:58 - [MESSAGE][INFO] - Starting 'Chrome' driver

2022-01-14 20:01:58 - [MESSAGE][INFO] - Action delay is set to 0 milliseconds

2022-01-14 20:01:59 - [MESSAGE][PASSED] - Browser is opened with url: ''

2022-01-14 20:01:59 - [TEST_STEP][PASSED] - navigateToUrl("http://localhost/"): Navigate to 'http://localhost/' successfully

2022-01-14 20:01:59 - [MESSAGE][PASSED] - Navigate to 'http://localhost/' successfully

2022-01-14 20:01:59 - [TEST_STEP][PASSED] - click(findTestObject("Object Repository/Page_HCMUS/a_Log in")): Object: 'Object Repository/Page_HCMUS/a_Log in' is clicked on

2022-01-14 20:02:00 - [MESSAGE][PASSED] - Object: 'Object Repository/Page_HCMUS/a_Log in' is clicked on

2022-01-14 20:02:00 - [TEST_STEP][PASSED] - setText(findTestObject("Object Repository/Page_HCMUS Log in to the site/input_Username_username"), "admin"): Text 'admin' is set on object 'Object Repository/Page_HCMUS Log in to the site/input_Username_username'

2022-01-14 20:02:01 - [MESSAGE][PASSED] - Text 'admin' is set on object 'Object Repository/Page_HCMUS Log in to the site/input_Username_username'

2022-01-14 20:02:01 - [TEST_STEP][PASSED] - setEncryptedText(findTestObject("Object Repository/Page_HCMUS Log in to the site/input_Password_password"), "5MU2PI2jvJCK/lBTYOwt6g=="): Text ****** has been set on object 'Object Repository/Page_HCMUS Log in to the site/input_Password_password'

2022-01-14 20:02:01 - [MESSAGE][PASSED] - Text ****** has been set on object 'Object Repository/Page_HCMUS Log in to the site/input_Password_password'

2022-01-14 20:02:01 - [TEST_STEP][PASSED] - click(findTestObject("Object Repository/Page_HCMUS Log in to the site/button_Log in")): Object: 'Object Repository/Page_HCMUS Log in to the site/button_Log in' is clicked on

2022-01-14 20:02:02 - [MESSAGE][PASSED] - Object: 'Object Repository/Page_HCMUS Log in to the site/button_Log in' is clicked on

2022-01-14 20:02:02 - [TEST_STEP][PASSED] - click(findTestObject("Object Repository/Page_Dashboard/span_Site administration")): Object: 'Object Repository/Page_Dashboard/span_Site administration' is clicked on

2022-01-14 20:02:04 - [MESSAGE][PASSED] - Object: 'Object Repository/Page_Dashboard/span_Site administration' is clicked on

2022-01-14 20:02:04 - [TEST_STEP][PASSED] - click(findTestObject("Object Repository/Page_KHTN Administration Search/a_Users")): Object: 'Object Repository/Page_KHTN Administration Search/a_Users' is clicked on

2022-01-14 20:02:05 - [MESSAGE][PASSED] - Object: 'Object Repository/Page_KHTN Administration Search/a_Users' is clicked on

2022-01-14 20:02:05 - [TEST_STEP][PASSED] - click(findTestObject("Object Repository/Page_KHTN Administration Search/a_Add a new user")): Object: 'Object Repository/Page_KHTN Administration Search/a_Add a new user' is clicked on

2022-01-14 20:02:06 - [MESSAGE][PASSED] - Object: 'Object Repository/Page_KHTN Administration Search/a_Add a new user' is clicked on

2022-01-14 20:02:06 - [TEST_STEP][PASSED] - setText(findTestObject("Object Repository/Page_KHTN Administration Users Accounts Add_aad8ed/input_Username_username"), username): Text 'student8' is set on object 'Object Repository/Page_KHTN Administration Users Accounts Add_aad8ed/input_Username_username'

2022-01-14 20:02:07 - [MESSAGE][PASSED] - Text 'student8' is set on object 'Object Repository/Page_KHTN Administration Users Accounts Add_aad8ed/input_Username_username'

2022-01-14 20:02:07 - [TEST_STEP][PASSED] - click(findTestObject("Object Repository/Page_KHTN Administration Users Accounts Add_aad8ed/em_Click to enter text")): Object: 'Object Repository/Page_KHTN Administration Users Accounts Add_aad8ed/em_Click to enter text' is clicked on

2022-01-14 20:02:08 - [MESSAGE][PASSED] - Object: 'Object Repository/Page_KHTN Administration Users Accounts Add_aad8ed/em_Click to enter text' is clicked on

2022-01-14 20:02:08 - [TEST_STEP][PASSED] - setText(findTestObject("Object Repository/Page_KHTN Administration Users Accounts Add_aad8ed/input_New password_newpassword"), password): Text 'Mstudent8#' is set on object 'Object Repository/Page_KHTN Administration Users Accounts Add_aad8ed/input_New password_newpassword'

2022-01-14 20:02:09 - [MESSAGE][PASSED] - Text 'Mstudent8#' is set on object 'Object Repository/Page_KHTN Administration Users Accounts Add_aad8ed/input_New password_newpassword'

2022-01-14 20:02:09 - [TEST_STEP][PASSED] - setText(findTestObject("Object Repository/Page_KHTN Administration Users Accounts Add_aad8ed/input_First name_firstname"), firstname): Text 'Student' is set on object 'Object Repository/Page_KHTN Administration Users Accounts Add_aad8ed/input_First name_firstname'

2022-01-14 20:02:09 - [MESSAGE][PASSED] - Text 'Student' is set on object 'Object Repository/Page_KHTN Administration Users Accounts Add_aad8ed/input_First name_firstname'

2022-01-14 20:02:09 - [TEST_STEP][PASSED] - click(findTestObject("Object Repository/Page_KHTN Administration Users Accounts Add_aad8ed/div_Username                               _ccea4b")): Object: 'Object Repository/Page_KHTN Administration Users Accounts Add_aad8ed/div_Username                               _ccea4b' is clicked on

2022-01-14 20:02:10 - [MESSAGE][PASSED] - Object: 'Object Repository/Page_KHTN Administration Users Accounts Add_aad8ed/div_Username                               _ccea4b' is clicked on

2022-01-14 20:02:10 - [TEST_STEP][PASSED] - setText(findTestObject("Object Repository/Page_KHTN Administration Users Accounts Add_aad8ed/input_Surname_lastname"), lastname): Text 'Clifford' is set on object 'Object Repository/Page_KHTN Administration Users Accounts Add_aad8ed/input_Surname_lastname'

2022-01-14 20:02:11 - [MESSAGE][PASSED] - Text 'Clifford' is set on object 'Object Repository/Page_KHTN Administration Users Accounts Add_aad8ed/input_Surname_lastname'

2022-01-14 20:02:11 - [TEST_STEP][PASSED] - setText(findTestObject("Object Repository/Page_KHTN Administration Users Accounts Add_aad8ed/input_Email address_email"), email): Text 's8@example.com' is set on object 'Object Repository/Page_KHTN Administration Users Accounts Add_aad8ed/input_Email address_email'

2022-01-14 20:02:11 - [MESSAGE][PASSED] - Text 's8@example.com' is set on object 'Object Repository/Page_KHTN Administration Users Accounts Add_aad8ed/input_Email address_email'

2022-01-14 20:02:11 - [TEST_STEP][PASSED] - click(findTestObject("Object Repository/Page_KHTN Administration Users Accounts Add_aad8ed/input_Address_submitbutton")): Object: 'Object Repository/Page_KHTN Administration Users Accounts Add_aad8ed/input_Address_submitbutton' is clicked on

2022-01-14 20:02:13 - [MESSAGE][PASSED] - Object: 'Object Repository/Page_KHTN Administration Users Accounts Add_aad8ed/input_Address_submitbutton' is clicked on

2022-01-14 20:02:13 - [TEST_STEP][PASSED] - verifyElementVisible(findTestObject("Object Repository/Page_KHTN Administration Users Accounts Bro_45ce40/div_Changes saved")): Object 'Object Repository/Page_KHTN Administration Users Accounts Bro_45ce40/div_Changes saved' is visible

2022-01-14 20:02:14 - [MESSAGE][PASSED] - Object 'Object Repository/Page_KHTN Administration Users Accounts Bro_45ce40/div_Changes saved' is visible

2022-01-14 20:02:14 - [TEST_STEP][PASSED] - verifyElementVisible(findTestObject("Object Repository/Page_KHTN Administration Users Accounts Bro_45ce40/td_s1example.com")): Object 'Object Repository/Page_KHTN Administration Users Accounts Bro_45ce40/td_s1example.com' is visible

2022-01-14 20:02:14 - [MESSAGE][PASSED] - Object 'Object Repository/Page_KHTN Administration Users Accounts Bro_45ce40/td_s1example.com' is visible

2022-01-14 20:02:14 - [TEST_STEP][PASSED] - click(findTestObject("Object Repository/Page_KHTN Administration Users Accounts Bro_45ce40/a_Admin User")): Object: 'Object Repository/Page_KHTN Administration Users Accounts Bro_45ce40/a_Admin User' is clicked on

2022-01-14 20:02:15 - [MESSAGE][PASSED] - Object: 'Object Repository/Page_KHTN Administration Users Accounts Bro_45ce40/a_Admin User' is clicked on

2022-01-14 20:02:15 - [TEST_STEP][PASSED] - click(findTestObject("Object Repository/Page_KHTN Administration Users Accounts Bro_45ce40/span_Log out")): Object: 'Object Repository/Page_KHTN Administration Users Accounts Bro_45ce40/span_Log out' is clicked on

2022-01-14 20:02:16 - [MESSAGE][PASSED] - Object: 'Object Repository/Page_KHTN Administration Users Accounts Bro_45ce40/span_Log out' is clicked on

2022-01-14 20:02:16 - [TEST_STEP][PASSED] - click(findTestObject("Object Repository/Page_HCMUS/a_Log in")): Object: 'Object Repository/Page_HCMUS/a_Log in' is clicked on

2022-01-14 20:02:16 - [MESSAGE][PASSED] - Object: 'Object Repository/Page_HCMUS/a_Log in' is clicked on

2022-01-14 20:02:16 - [TEST_STEP][PASSED] - setText(findTestObject("Object Repository/Page_HCMUS Log in to the site/input_Username_username"), username): Text 'student8' is set on object 'Object Repository/Page_HCMUS Log in to the site/input_Username_username'

2022-01-14 20:02:17 - [MESSAGE][PASSED] - Text 'student8' is set on object 'Object Repository/Page_HCMUS Log in to the site/input_Username_username'

2022-01-14 20:02:17 - [TEST_STEP][PASSED] - setText(findTestObject("Object Repository/Page_HCMUS Log in to the site/input_Password_password"), password): Text 'Mstudent8#' is set on object 'Object Repository/Page_HCMUS Log in to the site/input_Password_password'

2022-01-14 20:02:18 - [MESSAGE][PASSED] - Text 'Mstudent8#' is set on object 'Object Repository/Page_HCMUS Log in to the site/input_Password_password'

2022-01-14 20:02:18 - [TEST_STEP][PASSED] - click(findTestObject("Object Repository/Page_HCMUS Log in to the site/button_Log in")): Object: 'Object Repository/Page_HCMUS Log in to the site/button_Log in' is clicked on

2022-01-14 20:02:19 - [MESSAGE][PASSED] - Object: 'Object Repository/Page_HCMUS Log in to the site/button_Log in' is clicked on

2022-01-14 20:02:19 - [TEST_STEP][PASSED] - verifyElementVisible(findTestObject("Object Repository/Page_Dashboard/span_Student Waldrop")): Object 'Object Repository/Page_Dashboard/span_Student Waldrop' is visible

2022-01-14 20:02:21 - [MESSAGE][PASSED] - Object 'Object Repository/Page_Dashboard/span_Student Waldrop' is visible

2022-01-14 20:02:21 - [TEST_STEP][PASSED] - closeBrowser(): Browser is closed

2022-01-14 20:02:21 - [MESSAGE][PASSED] - Browser is closed]]></system-out>
         <system-err><![CDATA[]]></system-err>
      </testcase>
      <testcase name="Test Cases/7_tạo tài khoản user chính xác" time="22.413" classname="Test Cases/7_tạo tài khoản user chính xác" status="PASSED">
         <system-out><![CDATA[2022-01-14 20:02:22 - [TEST_CASE][PASSED] - Test Cases/7_tạo tài khoản user chính xác: Test Cases/7_tạo tài khoản user chính xác

2022-01-14 20:02:22 - [TEST_STEP][PASSED] - openBrowser(""): Browser is opened with url: ''

2022-01-14 20:02:22 - [MESSAGE][INFO] - Starting 'Chrome' driver

2022-01-14 20:02:22 - [MESSAGE][INFO] - Action delay is set to 0 milliseconds

2022-01-14 20:02:23 - [MESSAGE][PASSED] - Browser is opened with url: ''

2022-01-14 20:02:23 - [TEST_STEP][PASSED] - navigateToUrl("http://localhost/"): Navigate to 'http://localhost/' successfully

2022-01-14 20:02:23 - [MESSAGE][PASSED] - Navigate to 'http://localhost/' successfully

2022-01-14 20:02:23 - [TEST_STEP][PASSED] - click(findTestObject("Object Repository/Page_HCMUS/a_Log in")): Object: 'Object Repository/Page_HCMUS/a_Log in' is clicked on

2022-01-14 20:02:24 - [MESSAGE][PASSED] - Object: 'Object Repository/Page_HCMUS/a_Log in' is clicked on

2022-01-14 20:02:24 - [TEST_STEP][PASSED] - setText(findTestObject("Object Repository/Page_HCMUS Log in to the site/input_Username_username"), "admin"): Text 'admin' is set on object 'Object Repository/Page_HCMUS Log in to the site/input_Username_username'

2022-01-14 20:02:25 - [MESSAGE][PASSED] - Text 'admin' is set on object 'Object Repository/Page_HCMUS Log in to the site/input_Username_username'

2022-01-14 20:02:25 - [TEST_STEP][PASSED] - setEncryptedText(findTestObject("Object Repository/Page_HCMUS Log in to the site/input_Password_password"), "5MU2PI2jvJCK/lBTYOwt6g=="): Text ****** has been set on object 'Object Repository/Page_HCMUS Log in to the site/input_Password_password'

2022-01-14 20:02:25 - [MESSAGE][PASSED] - Text ****** has been set on object 'Object Repository/Page_HCMUS Log in to the site/input_Password_password'

2022-01-14 20:02:25 - [TEST_STEP][PASSED] - click(findTestObject("Object Repository/Page_HCMUS Log in to the site/button_Log in")): Object: 'Object Repository/Page_HCMUS Log in to the site/button_Log in' is clicked on

2022-01-14 20:02:26 - [MESSAGE][PASSED] - Object: 'Object Repository/Page_HCMUS Log in to the site/button_Log in' is clicked on

2022-01-14 20:02:26 - [TEST_STEP][PASSED] - click(findTestObject("Object Repository/Page_Dashboard/span_Site administration")): Object: 'Object Repository/Page_Dashboard/span_Site administration' is clicked on

2022-01-14 20:02:28 - [MESSAGE][PASSED] - Object: 'Object Repository/Page_Dashboard/span_Site administration' is clicked on

2022-01-14 20:02:28 - [TEST_STEP][PASSED] - click(findTestObject("Object Repository/Page_KHTN Administration Search/a_Users")): Object: 'Object Repository/Page_KHTN Administration Search/a_Users' is clicked on

2022-01-14 20:02:29 - [MESSAGE][PASSED] - Object: 'Object Repository/Page_KHTN Administration Search/a_Users' is clicked on

2022-01-14 20:02:29 - [TEST_STEP][PASSED] - click(findTestObject("Object Repository/Page_KHTN Administration Search/a_Add a new user")): Object: 'Object Repository/Page_KHTN Administration Search/a_Add a new user' is clicked on

2022-01-14 20:02:30 - [MESSAGE][PASSED] - Object: 'Object Repository/Page_KHTN Administration Search/a_Add a new user' is clicked on

2022-01-14 20:02:30 - [TEST_STEP][PASSED] - setText(findTestObject("Object Repository/Page_KHTN Administration Users Accounts Add_aad8ed/input_Username_username"), username): Text 'student9' is set on object 'Object Repository/Page_KHTN Administration Users Accounts Add_aad8ed/input_Username_username'

2022-01-14 20:02:31 - [MESSAGE][PASSED] - Text 'student9' is set on object 'Object Repository/Page_KHTN Administration Users Accounts Add_aad8ed/input_Username_username'

2022-01-14 20:02:31 - [TEST_STEP][PASSED] - click(findTestObject("Object Repository/Page_KHTN Administration Users Accounts Add_aad8ed/em_Click to enter text")): Object: 'Object Repository/Page_KHTN Administration Users Accounts Add_aad8ed/em_Click to enter text' is clicked on

2022-01-14 20:02:32 - [MESSAGE][PASSED] - Object: 'Object Repository/Page_KHTN Administration Users Accounts Add_aad8ed/em_Click to enter text' is clicked on

2022-01-14 20:02:32 - [TEST_STEP][PASSED] - setText(findTestObject("Object Repository/Page_KHTN Administration Users Accounts Add_aad8ed/input_New password_newpassword"), password): Text 'Mstudent9#' is set on object 'Object Repository/Page_KHTN Administration Users Accounts Add_aad8ed/input_New password_newpassword'

2022-01-14 20:02:32 - [MESSAGE][PASSED] - Text 'Mstudent9#' is set on object 'Object Repository/Page_KHTN Administration Users Accounts Add_aad8ed/input_New password_newpassword'

2022-01-14 20:02:32 - [TEST_STEP][PASSED] - setText(findTestObject("Object Repository/Page_KHTN Administration Users Accounts Add_aad8ed/input_First name_firstname"), firstname): Text 'Student' is set on object 'Object Repository/Page_KHTN Administration Users Accounts Add_aad8ed/input_First name_firstname'

2022-01-14 20:02:33 - [MESSAGE][PASSED] - Text 'Student' is set on object 'Object Repository/Page_KHTN Administration Users Accounts Add_aad8ed/input_First name_firstname'

2022-01-14 20:02:33 - [TEST_STEP][PASSED] - click(findTestObject("Object Repository/Page_KHTN Administration Users Accounts Add_aad8ed/div_Username                               _ccea4b")): Object: 'Object Repository/Page_KHTN Administration Users Accounts Add_aad8ed/div_Username                               _ccea4b' is clicked on

2022-01-14 20:02:34 - [MESSAGE][PASSED] - Object: 'Object Repository/Page_KHTN Administration Users Accounts Add_aad8ed/div_Username                               _ccea4b' is clicked on

2022-01-14 20:02:34 - [TEST_STEP][PASSED] - setText(findTestObject("Object Repository/Page_KHTN Administration Users Accounts Add_aad8ed/input_Surname_lastname"), lastname): Text 'Branch' is set on object 'Object Repository/Page_KHTN Administration Users Accounts Add_aad8ed/input_Surname_lastname'

2022-01-14 20:02:34 - [MESSAGE][PASSED] - Text 'Branch' is set on object 'Object Repository/Page_KHTN Administration Users Accounts Add_aad8ed/input_Surname_lastname'

2022-01-14 20:02:34 - [TEST_STEP][PASSED] - setText(findTestObject("Object Repository/Page_KHTN Administration Users Accounts Add_aad8ed/input_Email address_email"), email): Text 's9@example.com' is set on object 'Object Repository/Page_KHTN Administration Users Accounts Add_aad8ed/input_Email address_email'

2022-01-14 20:02:35 - [MESSAGE][PASSED] - Text 's9@example.com' is set on object 'Object Repository/Page_KHTN Administration Users Accounts Add_aad8ed/input_Email address_email'

2022-01-14 20:02:35 - [TEST_STEP][PASSED] - click(findTestObject("Object Repository/Page_KHTN Administration Users Accounts Add_aad8ed/input_Address_submitbutton")): Object: 'Object Repository/Page_KHTN Administration Users Accounts Add_aad8ed/input_Address_submitbutton' is clicked on

2022-01-14 20:02:37 - [MESSAGE][PASSED] - Object: 'Object Repository/Page_KHTN Administration Users Accounts Add_aad8ed/input_Address_submitbutton' is clicked on

2022-01-14 20:02:37 - [TEST_STEP][PASSED] - verifyElementVisible(findTestObject("Object Repository/Page_KHTN Administration Users Accounts Bro_45ce40/div_Changes saved")): Object 'Object Repository/Page_KHTN Administration Users Accounts Bro_45ce40/div_Changes saved' is visible

2022-01-14 20:02:37 - [MESSAGE][PASSED] - Object 'Object Repository/Page_KHTN Administration Users Accounts Bro_45ce40/div_Changes saved' is visible

2022-01-14 20:02:37 - [TEST_STEP][PASSED] - verifyElementVisible(findTestObject("Object Repository/Page_KHTN Administration Users Accounts Bro_45ce40/td_s1example.com")): Object 'Object Repository/Page_KHTN Administration Users Accounts Bro_45ce40/td_s1example.com' is visible

2022-01-14 20:02:38 - [MESSAGE][PASSED] - Object 'Object Repository/Page_KHTN Administration Users Accounts Bro_45ce40/td_s1example.com' is visible

2022-01-14 20:02:38 - [TEST_STEP][PASSED] - click(findTestObject("Object Repository/Page_KHTN Administration Users Accounts Bro_45ce40/a_Admin User")): Object: 'Object Repository/Page_KHTN Administration Users Accounts Bro_45ce40/a_Admin User' is clicked on

2022-01-14 20:02:38 - [MESSAGE][PASSED] - Object: 'Object Repository/Page_KHTN Administration Users Accounts Bro_45ce40/a_Admin User' is clicked on

2022-01-14 20:02:38 - [TEST_STEP][PASSED] - click(findTestObject("Object Repository/Page_KHTN Administration Users Accounts Bro_45ce40/span_Log out")): Object: 'Object Repository/Page_KHTN Administration Users Accounts Bro_45ce40/span_Log out' is clicked on

2022-01-14 20:02:39 - [MESSAGE][PASSED] - Object: 'Object Repository/Page_KHTN Administration Users Accounts Bro_45ce40/span_Log out' is clicked on

2022-01-14 20:02:39 - [TEST_STEP][PASSED] - click(findTestObject("Object Repository/Page_HCMUS/a_Log in")): Object: 'Object Repository/Page_HCMUS/a_Log in' is clicked on

2022-01-14 20:02:40 - [MESSAGE][PASSED] - Object: 'Object Repository/Page_HCMUS/a_Log in' is clicked on

2022-01-14 20:02:40 - [TEST_STEP][PASSED] - setText(findTestObject("Object Repository/Page_HCMUS Log in to the site/input_Username_username"), username): Text 'student9' is set on object 'Object Repository/Page_HCMUS Log in to the site/input_Username_username'

2022-01-14 20:02:40 - [MESSAGE][PASSED] - Text 'student9' is set on object 'Object Repository/Page_HCMUS Log in to the site/input_Username_username'

2022-01-14 20:02:40 - [TEST_STEP][PASSED] - setText(findTestObject("Object Repository/Page_HCMUS Log in to the site/input_Password_password"), password): Text 'Mstudent9#' is set on object 'Object Repository/Page_HCMUS Log in to the site/input_Password_password'

2022-01-14 20:02:41 - [MESSAGE][PASSED] - Text 'Mstudent9#' is set on object 'Object Repository/Page_HCMUS Log in to the site/input_Password_password'

2022-01-14 20:02:41 - [TEST_STEP][PASSED] - click(findTestObject("Object Repository/Page_HCMUS Log in to the site/button_Log in")): Object: 'Object Repository/Page_HCMUS Log in to the site/button_Log in' is clicked on

2022-01-14 20:02:42 - [MESSAGE][PASSED] - Object: 'Object Repository/Page_HCMUS Log in to the site/button_Log in' is clicked on

2022-01-14 20:02:42 - [TEST_STEP][PASSED] - verifyElementVisible(findTestObject("Object Repository/Page_Dashboard/span_Student Waldrop")): Object 'Object Repository/Page_Dashboard/span_Student Waldrop' is visible

2022-01-14 20:02:43 - [MESSAGE][PASSED] - Object 'Object Repository/Page_Dashboard/span_Student Waldrop' is visible

2022-01-14 20:02:43 - [TEST_STEP][PASSED] - closeBrowser(): Browser is closed

2022-01-14 20:02:44 - [MESSAGE][PASSED] - Browser is closed]]></system-out>
         <system-err><![CDATA[]]></system-err>
      </testcase>
      <testcase name="Test Cases/7_tạo tài khoản user chính xác" time="22.952" classname="Test Cases/7_tạo tài khoản user chính xác" status="PASSED">
         <system-out><![CDATA[2022-01-14 20:02:44 - [TEST_CASE][PASSED] - Test Cases/7_tạo tài khoản user chính xác: Test Cases/7_tạo tài khoản user chính xác

2022-01-14 20:02:44 - [TEST_STEP][PASSED] - openBrowser(""): Browser is opened with url: ''

2022-01-14 20:02:44 - [MESSAGE][INFO] - Starting 'Chrome' driver

2022-01-14 20:02:44 - [MESSAGE][INFO] - Action delay is set to 0 milliseconds

2022-01-14 20:02:45 - [MESSAGE][PASSED] - Browser is opened with url: ''

2022-01-14 20:02:45 - [TEST_STEP][PASSED] - navigateToUrl("http://localhost/"): Navigate to 'http://localhost/' successfully

2022-01-14 20:02:46 - [MESSAGE][PASSED] - Navigate to 'http://localhost/' successfully

2022-01-14 20:02:46 - [TEST_STEP][PASSED] - click(findTestObject("Object Repository/Page_HCMUS/a_Log in")): Object: 'Object Repository/Page_HCMUS/a_Log in' is clicked on

2022-01-14 20:02:47 - [MESSAGE][PASSED] - Object: 'Object Repository/Page_HCMUS/a_Log in' is clicked on

2022-01-14 20:02:47 - [TEST_STEP][PASSED] - setText(findTestObject("Object Repository/Page_HCMUS Log in to the site/input_Username_username"), "admin"): Text 'admin' is set on object 'Object Repository/Page_HCMUS Log in to the site/input_Username_username'

2022-01-14 20:02:48 - [MESSAGE][PASSED] - Text 'admin' is set on object 'Object Repository/Page_HCMUS Log in to the site/input_Username_username'

2022-01-14 20:02:48 - [TEST_STEP][PASSED] - setEncryptedText(findTestObject("Object Repository/Page_HCMUS Log in to the site/input_Password_password"), "5MU2PI2jvJCK/lBTYOwt6g=="): Text ****** has been set on object 'Object Repository/Page_HCMUS Log in to the site/input_Password_password'

2022-01-14 20:02:48 - [MESSAGE][PASSED] - Text ****** has been set on object 'Object Repository/Page_HCMUS Log in to the site/input_Password_password'

2022-01-14 20:02:48 - [TEST_STEP][PASSED] - click(findTestObject("Object Repository/Page_HCMUS Log in to the site/button_Log in")): Object: 'Object Repository/Page_HCMUS Log in to the site/button_Log in' is clicked on

2022-01-14 20:02:49 - [MESSAGE][PASSED] - Object: 'Object Repository/Page_HCMUS Log in to the site/button_Log in' is clicked on

2022-01-14 20:02:49 - [TEST_STEP][PASSED] - click(findTestObject("Object Repository/Page_Dashboard/span_Site administration")): Object: 'Object Repository/Page_Dashboard/span_Site administration' is clicked on

2022-01-14 20:02:51 - [MESSAGE][PASSED] - Object: 'Object Repository/Page_Dashboard/span_Site administration' is clicked on

2022-01-14 20:02:51 - [TEST_STEP][PASSED] - click(findTestObject("Object Repository/Page_KHTN Administration Search/a_Users")): Object: 'Object Repository/Page_KHTN Administration Search/a_Users' is clicked on

2022-01-14 20:02:51 - [MESSAGE][PASSED] - Object: 'Object Repository/Page_KHTN Administration Search/a_Users' is clicked on

2022-01-14 20:02:51 - [TEST_STEP][PASSED] - click(findTestObject("Object Repository/Page_KHTN Administration Search/a_Add a new user")): Object: 'Object Repository/Page_KHTN Administration Search/a_Add a new user' is clicked on

2022-01-14 20:02:53 - [MESSAGE][PASSED] - Object: 'Object Repository/Page_KHTN Administration Search/a_Add a new user' is clicked on

2022-01-14 20:02:53 - [TEST_STEP][PASSED] - setText(findTestObject("Object Repository/Page_KHTN Administration Users Accounts Add_aad8ed/input_Username_username"), username): Text 'student10' is set on object 'Object Repository/Page_KHTN Administration Users Accounts Add_aad8ed/input_Username_username'

2022-01-14 20:02:54 - [MESSAGE][PASSED] - Text 'student10' is set on object 'Object Repository/Page_KHTN Administration Users Accounts Add_aad8ed/input_Username_username'

2022-01-14 20:02:54 - [TEST_STEP][PASSED] - click(findTestObject("Object Repository/Page_KHTN Administration Users Accounts Add_aad8ed/em_Click to enter text")): Object: 'Object Repository/Page_KHTN Administration Users Accounts Add_aad8ed/em_Click to enter text' is clicked on

2022-01-14 20:02:54 - [MESSAGE][PASSED] - Object: 'Object Repository/Page_KHTN Administration Users Accounts Add_aad8ed/em_Click to enter text' is clicked on

2022-01-14 20:02:54 - [TEST_STEP][PASSED] - setText(findTestObject("Object Repository/Page_KHTN Administration Users Accounts Add_aad8ed/input_New password_newpassword"), password): Text 'Mstudent10#' is set on object 'Object Repository/Page_KHTN Administration Users Accounts Add_aad8ed/input_New password_newpassword'

2022-01-14 20:02:55 - [MESSAGE][PASSED] - Text 'Mstudent10#' is set on object 'Object Repository/Page_KHTN Administration Users Accounts Add_aad8ed/input_New password_newpassword'

2022-01-14 20:02:55 - [TEST_STEP][PASSED] - setText(findTestObject("Object Repository/Page_KHTN Administration Users Accounts Add_aad8ed/input_First name_firstname"), firstname): Text 'Student' is set on object 'Object Repository/Page_KHTN Administration Users Accounts Add_aad8ed/input_First name_firstname'

2022-01-14 20:02:56 - [MESSAGE][PASSED] - Text 'Student' is set on object 'Object Repository/Page_KHTN Administration Users Accounts Add_aad8ed/input_First name_firstname'

2022-01-14 20:02:56 - [TEST_STEP][PASSED] - click(findTestObject("Object Repository/Page_KHTN Administration Users Accounts Add_aad8ed/div_Username                               _ccea4b")): Object: 'Object Repository/Page_KHTN Administration Users Accounts Add_aad8ed/div_Username                               _ccea4b' is clicked on

2022-01-14 20:02:57 - [MESSAGE][PASSED] - Object: 'Object Repository/Page_KHTN Administration Users Accounts Add_aad8ed/div_Username                               _ccea4b' is clicked on

2022-01-14 20:02:57 - [TEST_STEP][PASSED] - setText(findTestObject("Object Repository/Page_KHTN Administration Users Accounts Add_aad8ed/input_Surname_lastname"), lastname): Text 'Kessler' is set on object 'Object Repository/Page_KHTN Administration Users Accounts Add_aad8ed/input_Surname_lastname'

2022-01-14 20:02:57 - [MESSAGE][PASSED] - Text 'Kessler' is set on object 'Object Repository/Page_KHTN Administration Users Accounts Add_aad8ed/input_Surname_lastname'

2022-01-14 20:02:57 - [TEST_STEP][PASSED] - setText(findTestObject("Object Repository/Page_KHTN Administration Users Accounts Add_aad8ed/input_Email address_email"), email): Text 's10@example.com' is set on object 'Object Repository/Page_KHTN Administration Users Accounts Add_aad8ed/input_Email address_email'

2022-01-14 20:02:58 - [MESSAGE][PASSED] - Text 's10@example.com' is set on object 'Object Repository/Page_KHTN Administration Users Accounts Add_aad8ed/input_Email address_email'

2022-01-14 20:02:58 - [TEST_STEP][PASSED] - click(findTestObject("Object Repository/Page_KHTN Administration Users Accounts Add_aad8ed/input_Address_submitbutton")): Object: 'Object Repository/Page_KHTN Administration Users Accounts Add_aad8ed/input_Address_submitbutton' is clicked on

2022-01-14 20:03:00 - [MESSAGE][PASSED] - Object: 'Object Repository/Page_KHTN Administration Users Accounts Add_aad8ed/input_Address_submitbutton' is clicked on

2022-01-14 20:03:00 - [TEST_STEP][PASSED] - verifyElementVisible(findTestObject("Object Repository/Page_KHTN Administration Users Accounts Bro_45ce40/div_Changes saved")): Object 'Object Repository/Page_KHTN Administration Users Accounts Bro_45ce40/div_Changes saved' is visible

2022-01-14 20:03:00 - [MESSAGE][PASSED] - Object 'Object Repository/Page_KHTN Administration Users Accounts Bro_45ce40/div_Changes saved' is visible

2022-01-14 20:03:00 - [TEST_STEP][PASSED] - verifyElementVisible(findTestObject("Object Repository/Page_KHTN Administration Users Accounts Bro_45ce40/td_s1example.com")): Object 'Object Repository/Page_KHTN Administration Users Accounts Bro_45ce40/td_s1example.com' is visible

2022-01-14 20:03:01 - [MESSAGE][PASSED] - Object 'Object Repository/Page_KHTN Administration Users Accounts Bro_45ce40/td_s1example.com' is visible

2022-01-14 20:03:01 - [TEST_STEP][PASSED] - click(findTestObject("Object Repository/Page_KHTN Administration Users Accounts Bro_45ce40/a_Admin User")): Object: 'Object Repository/Page_KHTN Administration Users Accounts Bro_45ce40/a_Admin User' is clicked on

2022-01-14 20:03:01 - [MESSAGE][PASSED] - Object: 'Object Repository/Page_KHTN Administration Users Accounts Bro_45ce40/a_Admin User' is clicked on

2022-01-14 20:03:01 - [TEST_STEP][PASSED] - click(findTestObject("Object Repository/Page_KHTN Administration Users Accounts Bro_45ce40/span_Log out")): Object: 'Object Repository/Page_KHTN Administration Users Accounts Bro_45ce40/span_Log out' is clicked on

2022-01-14 20:03:02 - [MESSAGE][PASSED] - Object: 'Object Repository/Page_KHTN Administration Users Accounts Bro_45ce40/span_Log out' is clicked on

2022-01-14 20:03:02 - [TEST_STEP][PASSED] - click(findTestObject("Object Repository/Page_HCMUS/a_Log in")): Object: 'Object Repository/Page_HCMUS/a_Log in' is clicked on

2022-01-14 20:03:02 - [MESSAGE][PASSED] - Object: 'Object Repository/Page_HCMUS/a_Log in' is clicked on

2022-01-14 20:03:02 - [TEST_STEP][PASSED] - setText(findTestObject("Object Repository/Page_HCMUS Log in to the site/input_Username_username"), username): Text 'student10' is set on object 'Object Repository/Page_HCMUS Log in to the site/input_Username_username'

2022-01-14 20:03:03 - [MESSAGE][PASSED] - Text 'student10' is set on object 'Object Repository/Page_HCMUS Log in to the site/input_Username_username'

2022-01-14 20:03:03 - [TEST_STEP][PASSED] - setText(findTestObject("Object Repository/Page_HCMUS Log in to the site/input_Password_password"), password): Text 'Mstudent10#' is set on object 'Object Repository/Page_HCMUS Log in to the site/input_Password_password'

2022-01-14 20:03:04 - [MESSAGE][PASSED] - Text 'Mstudent10#' is set on object 'Object Repository/Page_HCMUS Log in to the site/input_Password_password'

2022-01-14 20:03:04 - [TEST_STEP][PASSED] - click(findTestObject("Object Repository/Page_HCMUS Log in to the site/button_Log in")): Object: 'Object Repository/Page_HCMUS Log in to the site/button_Log in' is clicked on

2022-01-14 20:03:05 - [MESSAGE][PASSED] - Object: 'Object Repository/Page_HCMUS Log in to the site/button_Log in' is clicked on

2022-01-14 20:03:05 - [TEST_STEP][PASSED] - verifyElementVisible(findTestObject("Object Repository/Page_Dashboard/span_Student Waldrop")): Object 'Object Repository/Page_Dashboard/span_Student Waldrop' is visible

2022-01-14 20:03:06 - [MESSAGE][PASSED] - Object 'Object Repository/Page_Dashboard/span_Student Waldrop' is visible

2022-01-14 20:03:06 - [TEST_STEP][PASSED] - closeBrowser(): Browser is closed

2022-01-14 20:03:07 - [MESSAGE][PASSED] - Browser is closed]]></system-out>
         <system-err><![CDATA[]]></system-err>
      </testcase>
      <testcase name="Test Cases/7_tạo tài khoản user chính xác" time="25.848" classname="Test Cases/7_tạo tài khoản user chính xác" status="PASSED">
         <system-out><![CDATA[2022-01-14 20:03:07 - [TEST_CASE][PASSED] - Test Cases/7_tạo tài khoản user chính xác: Test Cases/7_tạo tài khoản user chính xác

2022-01-14 20:03:07 - [TEST_STEP][PASSED] - openBrowser(""): Browser is opened with url: ''

2022-01-14 20:03:07 - [MESSAGE][INFO] - Starting 'Chrome' driver

2022-01-14 20:03:07 - [MESSAGE][INFO] - Action delay is set to 0 milliseconds

2022-01-14 20:03:08 - [MESSAGE][PASSED] - Browser is opened with url: ''

2022-01-14 20:03:08 - [TEST_STEP][PASSED] - navigateToUrl("http://localhost/"): Navigate to 'http://localhost/' successfully

2022-01-14 20:03:09 - [MESSAGE][PASSED] - Navigate to 'http://localhost/' successfully

2022-01-14 20:03:09 - [TEST_STEP][PASSED] - click(findTestObject("Object Repository/Page_HCMUS/a_Log in")): Object: 'Object Repository/Page_HCMUS/a_Log in' is clicked on

2022-01-14 20:03:10 - [MESSAGE][PASSED] - Object: 'Object Repository/Page_HCMUS/a_Log in' is clicked on

2022-01-14 20:03:10 - [TEST_STEP][PASSED] - setText(findTestObject("Object Repository/Page_HCMUS Log in to the site/input_Username_username"), "admin"): Text 'admin' is set on object 'Object Repository/Page_HCMUS Log in to the site/input_Username_username'

2022-01-14 20:03:10 - [MESSAGE][PASSED] - Text 'admin' is set on object 'Object Repository/Page_HCMUS Log in to the site/input_Username_username'

2022-01-14 20:03:10 - [TEST_STEP][PASSED] - setEncryptedText(findTestObject("Object Repository/Page_HCMUS Log in to the site/input_Password_password"), "5MU2PI2jvJCK/lBTYOwt6g=="): Text ****** has been set on object 'Object Repository/Page_HCMUS Log in to the site/input_Password_password'

2022-01-14 20:03:11 - [MESSAGE][PASSED] - Text ****** has been set on object 'Object Repository/Page_HCMUS Log in to the site/input_Password_password'

2022-01-14 20:03:11 - [TEST_STEP][PASSED] - click(findTestObject("Object Repository/Page_HCMUS Log in to the site/button_Log in")): Object: 'Object Repository/Page_HCMUS Log in to the site/button_Log in' is clicked on

2022-01-14 20:03:12 - [MESSAGE][PASSED] - Object: 'Object Repository/Page_HCMUS Log in to the site/button_Log in' is clicked on

2022-01-14 20:03:12 - [TEST_STEP][PASSED] - click(findTestObject("Object Repository/Page_Dashboard/span_Site administration")): Object: 'Object Repository/Page_Dashboard/span_Site administration' is clicked on

2022-01-14 20:03:14 - [MESSAGE][PASSED] - Object: 'Object Repository/Page_Dashboard/span_Site administration' is clicked on

2022-01-14 20:03:14 - [TEST_STEP][PASSED] - click(findTestObject("Object Repository/Page_KHTN Administration Search/a_Users")): Object: 'Object Repository/Page_KHTN Administration Search/a_Users' is clicked on

2022-01-14 20:03:14 - [MESSAGE][PASSED] - Object: 'Object Repository/Page_KHTN Administration Search/a_Users' is clicked on

2022-01-14 20:03:14 - [TEST_STEP][PASSED] - click(findTestObject("Object Repository/Page_KHTN Administration Search/a_Add a new user")): Object: 'Object Repository/Page_KHTN Administration Search/a_Add a new user' is clicked on

2022-01-14 20:03:16 - [MESSAGE][PASSED] - Object: 'Object Repository/Page_KHTN Administration Search/a_Add a new user' is clicked on

2022-01-14 20:03:16 - [TEST_STEP][PASSED] - setText(findTestObject("Object Repository/Page_KHTN Administration Users Accounts Add_aad8ed/input_Username_username"), username): Text 'teacher1' is set on object 'Object Repository/Page_KHTN Administration Users Accounts Add_aad8ed/input_Username_username'

2022-01-14 20:03:17 - [MESSAGE][PASSED] - Text 'teacher1' is set on object 'Object Repository/Page_KHTN Administration Users Accounts Add_aad8ed/input_Username_username'

2022-01-14 20:03:17 - [TEST_STEP][PASSED] - click(findTestObject("Object Repository/Page_KHTN Administration Users Accounts Add_aad8ed/em_Click to enter text")): Object: 'Object Repository/Page_KHTN Administration Users Accounts Add_aad8ed/em_Click to enter text' is clicked on

2022-01-14 20:03:18 - [MESSAGE][PASSED] - Object: 'Object Repository/Page_KHTN Administration Users Accounts Add_aad8ed/em_Click to enter text' is clicked on

2022-01-14 20:03:18 - [TEST_STEP][PASSED] - setText(findTestObject("Object Repository/Page_KHTN Administration Users Accounts Add_aad8ed/input_New password_newpassword"), password): Text 'Mteacher1#' is set on object 'Object Repository/Page_KHTN Administration Users Accounts Add_aad8ed/input_New password_newpassword'

2022-01-14 20:03:19 - [MESSAGE][PASSED] - Text 'Mteacher1#' is set on object 'Object Repository/Page_KHTN Administration Users Accounts Add_aad8ed/input_New password_newpassword'

2022-01-14 20:03:19 - [TEST_STEP][PASSED] - setText(findTestObject("Object Repository/Page_KHTN Administration Users Accounts Add_aad8ed/input_First name_firstname"), firstname): Text 'Teacher' is set on object 'Object Repository/Page_KHTN Administration Users Accounts Add_aad8ed/input_First name_firstname'

2022-01-14 20:03:19 - [MESSAGE][PASSED] - Text 'Teacher' is set on object 'Object Repository/Page_KHTN Administration Users Accounts Add_aad8ed/input_First name_firstname'

2022-01-14 20:03:19 - [TEST_STEP][PASSED] - click(findTestObject("Object Repository/Page_KHTN Administration Users Accounts Add_aad8ed/div_Username                               _ccea4b")): Object: 'Object Repository/Page_KHTN Administration Users Accounts Add_aad8ed/div_Username                               _ccea4b' is clicked on

2022-01-14 20:03:20 - [MESSAGE][PASSED] - Object: 'Object Repository/Page_KHTN Administration Users Accounts Add_aad8ed/div_Username                               _ccea4b' is clicked on

2022-01-14 20:03:20 - [TEST_STEP][PASSED] - setText(findTestObject("Object Repository/Page_KHTN Administration Users Accounts Add_aad8ed/input_Surname_lastname"), lastname): Text 'Hubbard' is set on object 'Object Repository/Page_KHTN Administration Users Accounts Add_aad8ed/input_Surname_lastname'

2022-01-14 20:03:21 - [MESSAGE][PASSED] - Text 'Hubbard' is set on object 'Object Repository/Page_KHTN Administration Users Accounts Add_aad8ed/input_Surname_lastname'

2022-01-14 20:03:21 - [TEST_STEP][PASSED] - setText(findTestObject("Object Repository/Page_KHTN Administration Users Accounts Add_aad8ed/input_Email address_email"), email): Text 't1@example.com' is set on object 'Object Repository/Page_KHTN Administration Users Accounts Add_aad8ed/input_Email address_email'

2022-01-14 20:03:22 - [MESSAGE][PASSED] - Text 't1@example.com' is set on object 'Object Repository/Page_KHTN Administration Users Accounts Add_aad8ed/input_Email address_email'

2022-01-14 20:03:22 - [TEST_STEP][PASSED] - click(findTestObject("Object Repository/Page_KHTN Administration Users Accounts Add_aad8ed/input_Address_submitbutton")): Object: 'Object Repository/Page_KHTN Administration Users Accounts Add_aad8ed/input_Address_submitbutton' is clicked on

2022-01-14 20:03:24 - [MESSAGE][PASSED] - Object: 'Object Repository/Page_KHTN Administration Users Accounts Add_aad8ed/input_Address_submitbutton' is clicked on

2022-01-14 20:03:24 - [TEST_STEP][PASSED] - verifyElementVisible(findTestObject("Object Repository/Page_KHTN Administration Users Accounts Bro_45ce40/div_Changes saved")): Object 'Object Repository/Page_KHTN Administration Users Accounts Bro_45ce40/div_Changes saved' is visible

2022-01-14 20:03:25 - [MESSAGE][PASSED] - Object 'Object Repository/Page_KHTN Administration Users Accounts Bro_45ce40/div_Changes saved' is visible

2022-01-14 20:03:25 - [TEST_STEP][PASSED] - verifyElementVisible(findTestObject("Object Repository/Page_KHTN Administration Users Accounts Bro_45ce40/td_s1example.com")): Object 'Object Repository/Page_KHTN Administration Users Accounts Bro_45ce40/td_s1example.com' is visible

2022-01-14 20:03:25 - [MESSAGE][PASSED] - Object 'Object Repository/Page_KHTN Administration Users Accounts Bro_45ce40/td_s1example.com' is visible

2022-01-14 20:03:25 - [TEST_STEP][PASSED] - click(findTestObject("Object Repository/Page_KHTN Administration Users Accounts Bro_45ce40/a_Admin User")): Object: 'Object Repository/Page_KHTN Administration Users Accounts Bro_45ce40/a_Admin User' is clicked on

2022-01-14 20:03:25 - [MESSAGE][PASSED] - Object: 'Object Repository/Page_KHTN Administration Users Accounts Bro_45ce40/a_Admin User' is clicked on

2022-01-14 20:03:25 - [TEST_STEP][PASSED] - click(findTestObject("Object Repository/Page_KHTN Administration Users Accounts Bro_45ce40/span_Log out")): Object: 'Object Repository/Page_KHTN Administration Users Accounts Bro_45ce40/span_Log out' is clicked on

2022-01-14 20:03:27 - [MESSAGE][PASSED] - Object: 'Object Repository/Page_KHTN Administration Users Accounts Bro_45ce40/span_Log out' is clicked on

2022-01-14 20:03:27 - [TEST_STEP][PASSED] - click(findTestObject("Object Repository/Page_HCMUS/a_Log in")): Object: 'Object Repository/Page_HCMUS/a_Log in' is clicked on

2022-01-14 20:03:28 - [MESSAGE][PASSED] - Object: 'Object Repository/Page_HCMUS/a_Log in' is clicked on

2022-01-14 20:03:28 - [TEST_STEP][PASSED] - setText(findTestObject("Object Repository/Page_HCMUS Log in to the site/input_Username_username"), username): Text 'teacher1' is set on object 'Object Repository/Page_HCMUS Log in to the site/input_Username_username'

2022-01-14 20:03:28 - [MESSAGE][PASSED] - Text 'teacher1' is set on object 'Object Repository/Page_HCMUS Log in to the site/input_Username_username'

2022-01-14 20:03:28 - [TEST_STEP][PASSED] - setText(findTestObject("Object Repository/Page_HCMUS Log in to the site/input_Password_password"), password): Text 'Mteacher1#' is set on object 'Object Repository/Page_HCMUS Log in to the site/input_Password_password'

2022-01-14 20:03:29 - [MESSAGE][PASSED] - Text 'Mteacher1#' is set on object 'Object Repository/Page_HCMUS Log in to the site/input_Password_password'

2022-01-14 20:03:29 - [TEST_STEP][PASSED] - click(findTestObject("Object Repository/Page_HCMUS Log in to the site/button_Log in")): Object: 'Object Repository/Page_HCMUS Log in to the site/button_Log in' is clicked on

2022-01-14 20:03:31 - [MESSAGE][PASSED] - Object: 'Object Repository/Page_HCMUS Log in to the site/button_Log in' is clicked on

2022-01-14 20:03:31 - [TEST_STEP][PASSED] - verifyElementVisible(findTestObject("Object Repository/Page_Dashboard/span_Student Waldrop")): Object 'Object Repository/Page_Dashboard/span_Student Waldrop' is visible

2022-01-14 20:03:32 - [MESSAGE][PASSED] - Object 'Object Repository/Page_Dashboard/span_Student Waldrop' is visible

2022-01-14 20:03:32 - [TEST_STEP][PASSED] - closeBrowser(): Browser is closed

2022-01-14 20:03:33 - [MESSAGE][PASSED] - Browser is closed]]></system-out>
         <system-err><![CDATA[]]></system-err>
      </testcase>
      <testcase name="Test Cases/7_tạo tài khoản user chính xác" time="24.336" classname="Test Cases/7_tạo tài khoản user chính xác" status="PASSED">
         <system-out><![CDATA[2022-01-14 20:03:33 - [TEST_CASE][PASSED] - Test Cases/7_tạo tài khoản user chính xác: Test Cases/7_tạo tài khoản user chính xác

2022-01-14 20:03:33 - [TEST_STEP][PASSED] - openBrowser(""): Browser is opened with url: ''

2022-01-14 20:03:33 - [MESSAGE][INFO] - Starting 'Chrome' driver

2022-01-14 20:03:33 - [MESSAGE][INFO] - Action delay is set to 0 milliseconds

2022-01-14 20:03:35 - [MESSAGE][PASSED] - Browser is opened with url: ''

2022-01-14 20:03:35 - [TEST_STEP][PASSED] - navigateToUrl("http://localhost/"): Navigate to 'http://localhost/' successfully

2022-01-14 20:03:36 - [MESSAGE][PASSED] - Navigate to 'http://localhost/' successfully

2022-01-14 20:03:36 - [TEST_STEP][PASSED] - click(findTestObject("Object Repository/Page_HCMUS/a_Log in")): Object: 'Object Repository/Page_HCMUS/a_Log in' is clicked on

2022-01-14 20:03:37 - [MESSAGE][PASSED] - Object: 'Object Repository/Page_HCMUS/a_Log in' is clicked on

2022-01-14 20:03:37 - [TEST_STEP][PASSED] - setText(findTestObject("Object Repository/Page_HCMUS Log in to the site/input_Username_username"), "admin"): Text 'admin' is set on object 'Object Repository/Page_HCMUS Log in to the site/input_Username_username'

2022-01-14 20:03:37 - [MESSAGE][PASSED] - Text 'admin' is set on object 'Object Repository/Page_HCMUS Log in to the site/input_Username_username'

2022-01-14 20:03:37 - [TEST_STEP][PASSED] - setEncryptedText(findTestObject("Object Repository/Page_HCMUS Log in to the site/input_Password_password"), "5MU2PI2jvJCK/lBTYOwt6g=="): Text ****** has been set on object 'Object Repository/Page_HCMUS Log in to the site/input_Password_password'

2022-01-14 20:03:38 - [MESSAGE][PASSED] - Text ****** has been set on object 'Object Repository/Page_HCMUS Log in to the site/input_Password_password'

2022-01-14 20:03:38 - [TEST_STEP][PASSED] - click(findTestObject("Object Repository/Page_HCMUS Log in to the site/button_Log in")): Object: 'Object Repository/Page_HCMUS Log in to the site/button_Log in' is clicked on

2022-01-14 20:03:39 - [MESSAGE][PASSED] - Object: 'Object Repository/Page_HCMUS Log in to the site/button_Log in' is clicked on

2022-01-14 20:03:39 - [TEST_STEP][PASSED] - click(findTestObject("Object Repository/Page_Dashboard/span_Site administration")): Object: 'Object Repository/Page_Dashboard/span_Site administration' is clicked on

2022-01-14 20:03:42 - [MESSAGE][PASSED] - Object: 'Object Repository/Page_Dashboard/span_Site administration' is clicked on

2022-01-14 20:03:42 - [TEST_STEP][PASSED] - click(findTestObject("Object Repository/Page_KHTN Administration Search/a_Users")): Object: 'Object Repository/Page_KHTN Administration Search/a_Users' is clicked on

2022-01-14 20:03:42 - [MESSAGE][PASSED] - Object: 'Object Repository/Page_KHTN Administration Search/a_Users' is clicked on

2022-01-14 20:03:42 - [TEST_STEP][PASSED] - click(findTestObject("Object Repository/Page_KHTN Administration Search/a_Add a new user")): Object: 'Object Repository/Page_KHTN Administration Search/a_Add a new user' is clicked on

2022-01-14 20:03:44 - [MESSAGE][PASSED] - Object: 'Object Repository/Page_KHTN Administration Search/a_Add a new user' is clicked on

2022-01-14 20:03:44 - [TEST_STEP][PASSED] - setText(findTestObject("Object Repository/Page_KHTN Administration Users Accounts Add_aad8ed/input_Username_username"), username): Text 'teacher2' is set on object 'Object Repository/Page_KHTN Administration Users Accounts Add_aad8ed/input_Username_username'

2022-01-14 20:03:45 - [MESSAGE][PASSED] - Text 'teacher2' is set on object 'Object Repository/Page_KHTN Administration Users Accounts Add_aad8ed/input_Username_username'

2022-01-14 20:03:45 - [TEST_STEP][PASSED] - click(findTestObject("Object Repository/Page_KHTN Administration Users Accounts Add_aad8ed/em_Click to enter text")): Object: 'Object Repository/Page_KHTN Administration Users Accounts Add_aad8ed/em_Click to enter text' is clicked on

2022-01-14 20:03:46 - [MESSAGE][PASSED] - Object: 'Object Repository/Page_KHTN Administration Users Accounts Add_aad8ed/em_Click to enter text' is clicked on

2022-01-14 20:03:46 - [TEST_STEP][PASSED] - setText(findTestObject("Object Repository/Page_KHTN Administration Users Accounts Add_aad8ed/input_New password_newpassword"), password): Text 'Mteacher2#' is set on object 'Object Repository/Page_KHTN Administration Users Accounts Add_aad8ed/input_New password_newpassword'

2022-01-14 20:03:46 - [MESSAGE][PASSED] - Text 'Mteacher2#' is set on object 'Object Repository/Page_KHTN Administration Users Accounts Add_aad8ed/input_New password_newpassword'

2022-01-14 20:03:46 - [TEST_STEP][PASSED] - setText(findTestObject("Object Repository/Page_KHTN Administration Users Accounts Add_aad8ed/input_First name_firstname"), firstname): Text 'Teacher' is set on object 'Object Repository/Page_KHTN Administration Users Accounts Add_aad8ed/input_First name_firstname'

2022-01-14 20:03:47 - [MESSAGE][PASSED] - Text 'Teacher' is set on object 'Object Repository/Page_KHTN Administration Users Accounts Add_aad8ed/input_First name_firstname'

2022-01-14 20:03:47 - [TEST_STEP][PASSED] - click(findTestObject("Object Repository/Page_KHTN Administration Users Accounts Add_aad8ed/div_Username                               _ccea4b")): Object: 'Object Repository/Page_KHTN Administration Users Accounts Add_aad8ed/div_Username                               _ccea4b' is clicked on

2022-01-14 20:03:48 - [MESSAGE][PASSED] - Object: 'Object Repository/Page_KHTN Administration Users Accounts Add_aad8ed/div_Username                               _ccea4b' is clicked on

2022-01-14 20:03:48 - [TEST_STEP][PASSED] - setText(findTestObject("Object Repository/Page_KHTN Administration Users Accounts Add_aad8ed/input_Surname_lastname"), lastname): Text 'Morrill' is set on object 'Object Repository/Page_KHTN Administration Users Accounts Add_aad8ed/input_Surname_lastname'

2022-01-14 20:03:48 - [MESSAGE][PASSED] - Text 'Morrill' is set on object 'Object Repository/Page_KHTN Administration Users Accounts Add_aad8ed/input_Surname_lastname'

2022-01-14 20:03:48 - [TEST_STEP][PASSED] - setText(findTestObject("Object Repository/Page_KHTN Administration Users Accounts Add_aad8ed/input_Email address_email"), email): Text 't2@example.com' is set on object 'Object Repository/Page_KHTN Administration Users Accounts Add_aad8ed/input_Email address_email'

2022-01-14 20:03:49 - [MESSAGE][PASSED] - Text 't2@example.com' is set on object 'Object Repository/Page_KHTN Administration Users Accounts Add_aad8ed/input_Email address_email'

2022-01-14 20:03:49 - [TEST_STEP][PASSED] - click(findTestObject("Object Repository/Page_KHTN Administration Users Accounts Add_aad8ed/input_Address_submitbutton")): Object: 'Object Repository/Page_KHTN Administration Users Accounts Add_aad8ed/input_Address_submitbutton' is clicked on

2022-01-14 20:03:51 - [MESSAGE][PASSED] - Object: 'Object Repository/Page_KHTN Administration Users Accounts Add_aad8ed/input_Address_submitbutton' is clicked on

2022-01-14 20:03:51 - [TEST_STEP][PASSED] - verifyElementVisible(findTestObject("Object Repository/Page_KHTN Administration Users Accounts Bro_45ce40/div_Changes saved")): Object 'Object Repository/Page_KHTN Administration Users Accounts Bro_45ce40/div_Changes saved' is visible

2022-01-14 20:03:51 - [MESSAGE][PASSED] - Object 'Object Repository/Page_KHTN Administration Users Accounts Bro_45ce40/div_Changes saved' is visible

2022-01-14 20:03:51 - [TEST_STEP][PASSED] - verifyElementVisible(findTestObject("Object Repository/Page_KHTN Administration Users Accounts Bro_45ce40/td_s1example.com")): Object 'Object Repository/Page_KHTN Administration Users Accounts Bro_45ce40/td_s1example.com' is visible

2022-01-14 20:03:51 - [MESSAGE][PASSED] - Object 'Object Repository/Page_KHTN Administration Users Accounts Bro_45ce40/td_s1example.com' is visible

2022-01-14 20:03:51 - [TEST_STEP][PASSED] - click(findTestObject("Object Repository/Page_KHTN Administration Users Accounts Bro_45ce40/a_Admin User")): Object: 'Object Repository/Page_KHTN Administration Users Accounts Bro_45ce40/a_Admin User' is clicked on

2022-01-14 20:03:52 - [MESSAGE][PASSED] - Object: 'Object Repository/Page_KHTN Administration Users Accounts Bro_45ce40/a_Admin User' is clicked on

2022-01-14 20:03:52 - [TEST_STEP][PASSED] - click(findTestObject("Object Repository/Page_KHTN Administration Users Accounts Bro_45ce40/span_Log out")): Object: 'Object Repository/Page_KHTN Administration Users Accounts Bro_45ce40/span_Log out' is clicked on

2022-01-14 20:03:52 - [MESSAGE][PASSED] - Object: 'Object Repository/Page_KHTN Administration Users Accounts Bro_45ce40/span_Log out' is clicked on

2022-01-14 20:03:52 - [TEST_STEP][PASSED] - click(findTestObject("Object Repository/Page_HCMUS/a_Log in")): Object: 'Object Repository/Page_HCMUS/a_Log in' is clicked on

2022-01-14 20:03:53 - [MESSAGE][PASSED] - Object: 'Object Repository/Page_HCMUS/a_Log in' is clicked on

2022-01-14 20:03:53 - [TEST_STEP][PASSED] - setText(findTestObject("Object Repository/Page_HCMUS Log in to the site/input_Username_username"), username): Text 'teacher2' is set on object 'Object Repository/Page_HCMUS Log in to the site/input_Username_username'

2022-01-14 20:03:54 - [MESSAGE][PASSED] - Text 'teacher2' is set on object 'Object Repository/Page_HCMUS Log in to the site/input_Username_username'

2022-01-14 20:03:54 - [TEST_STEP][PASSED] - setText(findTestObject("Object Repository/Page_HCMUS Log in to the site/input_Password_password"), password): Text 'Mteacher2#' is set on object 'Object Repository/Page_HCMUS Log in to the site/input_Password_password'

2022-01-14 20:03:54 - [MESSAGE][PASSED] - Text 'Mteacher2#' is set on object 'Object Repository/Page_HCMUS Log in to the site/input_Password_password'

2022-01-14 20:03:54 - [TEST_STEP][PASSED] - click(findTestObject("Object Repository/Page_HCMUS Log in to the site/button_Log in")): Object: 'Object Repository/Page_HCMUS Log in to the site/button_Log in' is clicked on

2022-01-14 20:03:55 - [MESSAGE][PASSED] - Object: 'Object Repository/Page_HCMUS Log in to the site/button_Log in' is clicked on

2022-01-14 20:03:55 - [TEST_STEP][PASSED] - verifyElementVisible(findTestObject("Object Repository/Page_Dashboard/span_Student Waldrop")): Object 'Object Repository/Page_Dashboard/span_Student Waldrop' is visible

2022-01-14 20:03:57 - [MESSAGE][PASSED] - Object 'Object Repository/Page_Dashboard/span_Student Waldrop' is visible

2022-01-14 20:03:57 - [TEST_STEP][PASSED] - closeBrowser(): Browser is closed

2022-01-14 20:03:58 - [MESSAGE][PASSED] - Browser is closed]]></system-out>
         <system-err><![CDATA[]]></system-err>
      </testcase>
      <testcase name="Test Cases/7_tạo tài khoản user chính xác" time="23.101" classname="Test Cases/7_tạo tài khoản user chính xác" status="PASSED">
         <system-out><![CDATA[2022-01-14 20:03:58 - [TEST_CASE][PASSED] - Test Cases/7_tạo tài khoản user chính xác: Test Cases/7_tạo tài khoản user chính xác

2022-01-14 20:03:58 - [TEST_STEP][PASSED] - openBrowser(""): Browser is opened with url: ''

2022-01-14 20:03:58 - [MESSAGE][INFO] - Starting 'Chrome' driver

2022-01-14 20:03:58 - [MESSAGE][INFO] - Action delay is set to 0 milliseconds

2022-01-14 20:03:59 - [MESSAGE][PASSED] - Browser is opened with url: ''

2022-01-14 20:03:59 - [TEST_STEP][PASSED] - navigateToUrl("http://localhost/"): Navigate to 'http://localhost/' successfully

2022-01-14 20:04:00 - [MESSAGE][PASSED] - Navigate to 'http://localhost/' successfully

2022-01-14 20:04:00 - [TEST_STEP][PASSED] - click(findTestObject("Object Repository/Page_HCMUS/a_Log in")): Object: 'Object Repository/Page_HCMUS/a_Log in' is clicked on

2022-01-14 20:04:00 - [MESSAGE][PASSED] - Object: 'Object Repository/Page_HCMUS/a_Log in' is clicked on

2022-01-14 20:04:00 - [TEST_STEP][PASSED] - setText(findTestObject("Object Repository/Page_HCMUS Log in to the site/input_Username_username"), "admin"): Text 'admin' is set on object 'Object Repository/Page_HCMUS Log in to the site/input_Username_username'

2022-01-14 20:04:01 - [MESSAGE][PASSED] - Text 'admin' is set on object 'Object Repository/Page_HCMUS Log in to the site/input_Username_username'

2022-01-14 20:04:01 - [TEST_STEP][PASSED] - setEncryptedText(findTestObject("Object Repository/Page_HCMUS Log in to the site/input_Password_password"), "5MU2PI2jvJCK/lBTYOwt6g=="): Text ****** has been set on object 'Object Repository/Page_HCMUS Log in to the site/input_Password_password'

2022-01-14 20:04:01 - [MESSAGE][PASSED] - Text ****** has been set on object 'Object Repository/Page_HCMUS Log in to the site/input_Password_password'

2022-01-14 20:04:01 - [TEST_STEP][PASSED] - click(findTestObject("Object Repository/Page_HCMUS Log in to the site/button_Log in")): Object: 'Object Repository/Page_HCMUS Log in to the site/button_Log in' is clicked on

2022-01-14 20:04:03 - [MESSAGE][PASSED] - Object: 'Object Repository/Page_HCMUS Log in to the site/button_Log in' is clicked on

2022-01-14 20:04:03 - [TEST_STEP][PASSED] - click(findTestObject("Object Repository/Page_Dashboard/span_Site administration")): Object: 'Object Repository/Page_Dashboard/span_Site administration' is clicked on

2022-01-14 20:04:05 - [MESSAGE][PASSED] - Object: 'Object Repository/Page_Dashboard/span_Site administration' is clicked on

2022-01-14 20:04:05 - [TEST_STEP][PASSED] - click(findTestObject("Object Repository/Page_KHTN Administration Search/a_Users")): Object: 'Object Repository/Page_KHTN Administration Search/a_Users' is clicked on

2022-01-14 20:04:05 - [MESSAGE][PASSED] - Object: 'Object Repository/Page_KHTN Administration Search/a_Users' is clicked on

2022-01-14 20:04:05 - [TEST_STEP][PASSED] - click(findTestObject("Object Repository/Page_KHTN Administration Search/a_Add a new user")): Object: 'Object Repository/Page_KHTN Administration Search/a_Add a new user' is clicked on

2022-01-14 20:04:07 - [MESSAGE][PASSED] - Object: 'Object Repository/Page_KHTN Administration Search/a_Add a new user' is clicked on

2022-01-14 20:04:07 - [TEST_STEP][PASSED] - setText(findTestObject("Object Repository/Page_KHTN Administration Users Accounts Add_aad8ed/input_Username_username"), username): Text 'teacher3' is set on object 'Object Repository/Page_KHTN Administration Users Accounts Add_aad8ed/input_Username_username'

2022-01-14 20:04:08 - [MESSAGE][PASSED] - Text 'teacher3' is set on object 'Object Repository/Page_KHTN Administration Users Accounts Add_aad8ed/input_Username_username'

2022-01-14 20:04:08 - [TEST_STEP][PASSED] - click(findTestObject("Object Repository/Page_KHTN Administration Users Accounts Add_aad8ed/em_Click to enter text")): Object: 'Object Repository/Page_KHTN Administration Users Accounts Add_aad8ed/em_Click to enter text' is clicked on

2022-01-14 20:04:08 - [MESSAGE][PASSED] - Object: 'Object Repository/Page_KHTN Administration Users Accounts Add_aad8ed/em_Click to enter text' is clicked on

2022-01-14 20:04:08 - [TEST_STEP][PASSED] - setText(findTestObject("Object Repository/Page_KHTN Administration Users Accounts Add_aad8ed/input_New password_newpassword"), password): Text 'Mteacher3#' is set on object 'Object Repository/Page_KHTN Administration Users Accounts Add_aad8ed/input_New password_newpassword'

2022-01-14 20:04:09 - [MESSAGE][PASSED] - Text 'Mteacher3#' is set on object 'Object Repository/Page_KHTN Administration Users Accounts Add_aad8ed/input_New password_newpassword'

2022-01-14 20:04:09 - [TEST_STEP][PASSED] - setText(findTestObject("Object Repository/Page_KHTN Administration Users Accounts Add_aad8ed/input_First name_firstname"), firstname): Text 'Teacher' is set on object 'Object Repository/Page_KHTN Administration Users Accounts Add_aad8ed/input_First name_firstname'

2022-01-14 20:04:10 - [MESSAGE][PASSED] - Text 'Teacher' is set on object 'Object Repository/Page_KHTN Administration Users Accounts Add_aad8ed/input_First name_firstname'

2022-01-14 20:04:10 - [TEST_STEP][PASSED] - click(findTestObject("Object Repository/Page_KHTN Administration Users Accounts Add_aad8ed/div_Username                               _ccea4b")): Object: 'Object Repository/Page_KHTN Administration Users Accounts Add_aad8ed/div_Username                               _ccea4b' is clicked on

2022-01-14 20:04:11 - [MESSAGE][PASSED] - Object: 'Object Repository/Page_KHTN Administration Users Accounts Add_aad8ed/div_Username                               _ccea4b' is clicked on

2022-01-14 20:04:11 - [TEST_STEP][PASSED] - setText(findTestObject("Object Repository/Page_KHTN Administration Users Accounts Add_aad8ed/input_Surname_lastname"), lastname): Text 'Quarles' is set on object 'Object Repository/Page_KHTN Administration Users Accounts Add_aad8ed/input_Surname_lastname'

2022-01-14 20:04:11 - [MESSAGE][PASSED] - Text 'Quarles' is set on object 'Object Repository/Page_KHTN Administration Users Accounts Add_aad8ed/input_Surname_lastname'

2022-01-14 20:04:11 - [TEST_STEP][PASSED] - setText(findTestObject("Object Repository/Page_KHTN Administration Users Accounts Add_aad8ed/input_Email address_email"), email): Text 't3@example.com' is set on object 'Object Repository/Page_KHTN Administration Users Accounts Add_aad8ed/input_Email address_email'

2022-01-14 20:04:12 - [MESSAGE][PASSED] - Text 't3@example.com' is set on object 'Object Repository/Page_KHTN Administration Users Accounts Add_aad8ed/input_Email address_email'

2022-01-14 20:04:12 - [TEST_STEP][PASSED] - click(findTestObject("Object Repository/Page_KHTN Administration Users Accounts Add_aad8ed/input_Address_submitbutton")): Object: 'Object Repository/Page_KHTN Administration Users Accounts Add_aad8ed/input_Address_submitbutton' is clicked on

2022-01-14 20:04:14 - [MESSAGE][PASSED] - Object: 'Object Repository/Page_KHTN Administration Users Accounts Add_aad8ed/input_Address_submitbutton' is clicked on

2022-01-14 20:04:14 - [TEST_STEP][PASSED] - verifyElementVisible(findTestObject("Object Repository/Page_KHTN Administration Users Accounts Bro_45ce40/div_Changes saved")): Object 'Object Repository/Page_KHTN Administration Users Accounts Bro_45ce40/div_Changes saved' is visible

2022-01-14 20:04:14 - [MESSAGE][PASSED] - Object 'Object Repository/Page_KHTN Administration Users Accounts Bro_45ce40/div_Changes saved' is visible

2022-01-14 20:04:14 - [TEST_STEP][PASSED] - verifyElementVisible(findTestObject("Object Repository/Page_KHTN Administration Users Accounts Bro_45ce40/td_s1example.com")): Object 'Object Repository/Page_KHTN Administration Users Accounts Bro_45ce40/td_s1example.com' is visible

2022-01-14 20:04:15 - [MESSAGE][PASSED] - Object 'Object Repository/Page_KHTN Administration Users Accounts Bro_45ce40/td_s1example.com' is visible

2022-01-14 20:04:15 - [TEST_STEP][PASSED] - click(findTestObject("Object Repository/Page_KHTN Administration Users Accounts Bro_45ce40/a_Admin User")): Object: 'Object Repository/Page_KHTN Administration Users Accounts Bro_45ce40/a_Admin User' is clicked on

2022-01-14 20:04:15 - [MESSAGE][PASSED] - Object: 'Object Repository/Page_KHTN Administration Users Accounts Bro_45ce40/a_Admin User' is clicked on

2022-01-14 20:04:15 - [TEST_STEP][PASSED] - click(findTestObject("Object Repository/Page_KHTN Administration Users Accounts Bro_45ce40/span_Log out")): Object: 'Object Repository/Page_KHTN Administration Users Accounts Bro_45ce40/span_Log out' is clicked on

2022-01-14 20:04:16 - [MESSAGE][PASSED] - Object: 'Object Repository/Page_KHTN Administration Users Accounts Bro_45ce40/span_Log out' is clicked on

2022-01-14 20:04:16 - [TEST_STEP][PASSED] - click(findTestObject("Object Repository/Page_HCMUS/a_Log in")): Object: 'Object Repository/Page_HCMUS/a_Log in' is clicked on

2022-01-14 20:04:16 - [MESSAGE][PASSED] - Object: 'Object Repository/Page_HCMUS/a_Log in' is clicked on

2022-01-14 20:04:16 - [TEST_STEP][PASSED] - setText(findTestObject("Object Repository/Page_HCMUS Log in to the site/input_Username_username"), username): Text 'teacher3' is set on object 'Object Repository/Page_HCMUS Log in to the site/input_Username_username'

2022-01-14 20:04:17 - [MESSAGE][PASSED] - Text 'teacher3' is set on object 'Object Repository/Page_HCMUS Log in to the site/input_Username_username'

2022-01-14 20:04:17 - [TEST_STEP][PASSED] - setText(findTestObject("Object Repository/Page_HCMUS Log in to the site/input_Password_password"), password): Text 'Mteacher3#' is set on object 'Object Repository/Page_HCMUS Log in to the site/input_Password_password'

2022-01-14 20:04:18 - [MESSAGE][PASSED] - Text 'Mteacher3#' is set on object 'Object Repository/Page_HCMUS Log in to the site/input_Password_password'

2022-01-14 20:04:18 - [TEST_STEP][PASSED] - click(findTestObject("Object Repository/Page_HCMUS Log in to the site/button_Log in")): Object: 'Object Repository/Page_HCMUS Log in to the site/button_Log in' is clicked on

2022-01-14 20:04:19 - [MESSAGE][PASSED] - Object: 'Object Repository/Page_HCMUS Log in to the site/button_Log in' is clicked on

2022-01-14 20:04:19 - [TEST_STEP][PASSED] - verifyElementVisible(findTestObject("Object Repository/Page_Dashboard/span_Student Waldrop")): Object 'Object Repository/Page_Dashboard/span_Student Waldrop' is visible

2022-01-14 20:04:20 - [MESSAGE][PASSED] - Object 'Object Repository/Page_Dashboard/span_Student Waldrop' is visible

2022-01-14 20:04:20 - [TEST_STEP][PASSED] - closeBrowser(): Browser is closed

2022-01-14 20:04:21 - [MESSAGE][PASSED] - Browser is closed]]></system-out>
         <system-err><![CDATA[]]></system-err>
      </testcase>
      <testcase name="Test Cases/8_admin kiểm tra thẻ site administration" time="9.424" classname="Test Cases/8_admin kiểm tra thẻ site administration" status="PASSED">
         <system-out><![CDATA[2022-01-14 20:04:21 - [TEST_CASE][PASSED] - Test Cases/8_admin kiểm tra thẻ site administration: Test Cases/8_admin kiểm tra thẻ site administration

2022-01-14 20:04:21 - [TEST_STEP][PASSED] - openBrowser(""): Browser is opened with url: ''

2022-01-14 20:04:21 - [MESSAGE][INFO] - Starting 'Chrome' driver

2022-01-14 20:04:21 - [MESSAGE][INFO] - Action delay is set to 0 milliseconds

2022-01-14 20:04:22 - [MESSAGE][PASSED] - Browser is opened with url: ''

2022-01-14 20:04:22 - [TEST_STEP][PASSED] - navigateToUrl("http://localhost/"): Navigate to 'http://localhost/' successfully

2022-01-14 20:04:23 - [MESSAGE][PASSED] - Navigate to 'http://localhost/' successfully

2022-01-14 20:04:23 - [TEST_STEP][PASSED] - click(findTestObject("Object Repository/Page_HCMUS/a_Log in")): Object: 'Object Repository/Page_HCMUS/a_Log in' is clicked on

2022-01-14 20:04:24 - [MESSAGE][PASSED] - Object: 'Object Repository/Page_HCMUS/a_Log in' is clicked on

2022-01-14 20:04:24 - [TEST_STEP][PASSED] - setText(findTestObject("Object Repository/Page_HCMUS Log in to the site/input_Username_username"), "admin"): Text 'admin' is set on object 'Object Repository/Page_HCMUS Log in to the site/input_Username_username'

2022-01-14 20:04:24 - [MESSAGE][PASSED] - Text 'admin' is set on object 'Object Repository/Page_HCMUS Log in to the site/input_Username_username'

2022-01-14 20:04:24 - [TEST_STEP][PASSED] - setEncryptedText(findTestObject("Object Repository/Page_HCMUS Log in to the site/input_Password_password"), "5MU2PI2jvJCK/lBTYOwt6g=="): Text ****** has been set on object 'Object Repository/Page_HCMUS Log in to the site/input_Password_password'

2022-01-14 20:04:25 - [MESSAGE][PASSED] - Text ****** has been set on object 'Object Repository/Page_HCMUS Log in to the site/input_Password_password'

2022-01-14 20:04:25 - [TEST_STEP][PASSED] - click(findTestObject("Object Repository/Page_HCMUS Log in to the site/button_Log in")): Object: 'Object Repository/Page_HCMUS Log in to the site/button_Log in' is clicked on

2022-01-14 20:04:26 - [MESSAGE][PASSED] - Object: 'Object Repository/Page_HCMUS Log in to the site/button_Log in' is clicked on

2022-01-14 20:04:26 - [TEST_STEP][PASSED] - click(findTestObject("Object Repository/Page_Dashboard/span_Site administration")): Object: 'Object Repository/Page_Dashboard/span_Site administration' is clicked on

2022-01-14 20:04:29 - [MESSAGE][PASSED] - Object: 'Object Repository/Page_Dashboard/span_Site administration' is clicked on

2022-01-14 20:04:29 - [TEST_STEP][PASSED] - verifyElementVisible(findTestObject("Object Repository/Page_KHTN Administration Search/a_Site administration")): Object 'Object Repository/Page_KHTN Administration Search/a_Site administration' is visible

2022-01-14 20:04:30 - [MESSAGE][PASSED] - Object 'Object Repository/Page_KHTN Administration Search/a_Site administration' is visible

2022-01-14 20:04:30 - [TEST_STEP][PASSED] - closeBrowser(): Browser is closed

2022-01-14 20:04:30 - [MESSAGE][PASSED] - Browser is closed]]></system-out>
         <system-err><![CDATA[]]></system-err>
      </testcase>
      <testcase name="Test Cases/9_tạo 1 course thành công" time="16.304" classname="Test Cases/9_tạo 1 course thành công" status="PASSED">
         <system-out><![CDATA[2022-01-14 20:04:30 - [TEST_CASE][PASSED] - Test Cases/9_tạo 1 course thành công: Test Cases/9_tạo 1 course thành công

2022-01-14 20:04:31 - [TEST_STEP][PASSED] - openBrowser(""): Browser is opened with url: ''

2022-01-14 20:04:31 - [MESSAGE][INFO] - Starting 'Chrome' driver

2022-01-14 20:04:31 - [MESSAGE][INFO] - Action delay is set to 0 milliseconds

2022-01-14 20:04:32 - [MESSAGE][PASSED] - Browser is opened with url: ''

2022-01-14 20:04:32 - [TEST_STEP][PASSED] - navigateToUrl("http://localhost/"): Navigate to 'http://localhost/' successfully

2022-01-14 20:04:32 - [MESSAGE][PASSED] - Navigate to 'http://localhost/' successfully

2022-01-14 20:04:32 - [TEST_STEP][PASSED] - click(findTestObject("Object Repository/Page_HCMUS/a_Log in")): Object: 'Object Repository/Page_HCMUS/a_Log in' is clicked on

2022-01-14 20:04:33 - [MESSAGE][PASSED] - Object: 'Object Repository/Page_HCMUS/a_Log in' is clicked on

2022-01-14 20:04:33 - [TEST_STEP][PASSED] - setText(findTestObject("Object Repository/Page_HCMUS Log in to the site/input_Username_username"), "admin"): Text 'admin' is set on object 'Object Repository/Page_HCMUS Log in to the site/input_Username_username'

2022-01-14 20:04:34 - [MESSAGE][PASSED] - Text 'admin' is set on object 'Object Repository/Page_HCMUS Log in to the site/input_Username_username'

2022-01-14 20:04:34 - [TEST_STEP][PASSED] - setEncryptedText(findTestObject("Object Repository/Page_HCMUS Log in to the site/input_Password_password"), "5MU2PI2jvJCK/lBTYOwt6g=="): Text ****** has been set on object 'Object Repository/Page_HCMUS Log in to the site/input_Password_password'

2022-01-14 20:04:34 - [MESSAGE][PASSED] - Text ****** has been set on object 'Object Repository/Page_HCMUS Log in to the site/input_Password_password'

2022-01-14 20:04:34 - [TEST_STEP][PASSED] - click(findTestObject("Object Repository/Page_HCMUS Log in to the site/button_Log in")): Object: 'Object Repository/Page_HCMUS Log in to the site/button_Log in' is clicked on

2022-01-14 20:04:35 - [MESSAGE][PASSED] - Object: 'Object Repository/Page_HCMUS Log in to the site/button_Log in' is clicked on

2022-01-14 20:04:35 - [TEST_STEP][PASSED] - click(findTestObject("Object Repository/Page_Dashboard/span_Site administration")): Object: 'Object Repository/Page_Dashboard/span_Site administration' is clicked on

2022-01-14 20:04:38 - [MESSAGE][PASSED] - Object: 'Object Repository/Page_Dashboard/span_Site administration' is clicked on

2022-01-14 20:04:38 - [TEST_STEP][PASSED] - click(findTestObject("Object Repository/Page_KHTN Administration Search/a_Courses")): Object: 'Object Repository/Page_KHTN Administration Search/a_Courses' is clicked on

2022-01-14 20:04:38 - [MESSAGE][PASSED] - Object: 'Object Repository/Page_KHTN Administration Search/a_Courses' is clicked on

2022-01-14 20:04:38 - [TEST_STEP][PASSED] - click(findTestObject("Object Repository/Page_KHTN Administration Search/a_Add a new course")): Object: 'Object Repository/Page_KHTN Administration Search/a_Add a new course' is clicked on

2022-01-14 20:04:40 - [MESSAGE][PASSED] - Object: 'Object Repository/Page_KHTN Administration Search/a_Add a new course' is clicked on

2022-01-14 20:04:40 - [TEST_STEP][PASSED] - setText(findTestObject("Object Repository/Page_KHTN Add a new course/input_Course full name_fullname"), "Nhập môn trí tuệ nhân tạo"): Text 'Nhập môn trí tuệ nhân tạo' is set on object 'Object Repository/Page_KHTN Add a new course/input_Course full name_fullname'

2022-01-14 20:04:41 - [MESSAGE][PASSED] - Text 'Nhập môn trí tuệ nhân tạo' is set on object 'Object Repository/Page_KHTN Add a new course/input_Course full name_fullname'

2022-01-14 20:04:41 - [TEST_STEP][PASSED] - setText(findTestObject("Object Repository/Page_KHTN Add a new course/input_Course short name_shortname"), "AI"): Text 'AI' is set on object 'Object Repository/Page_KHTN Add a new course/input_Course short name_shortname'

2022-01-14 20:04:42 - [MESSAGE][PASSED] - Text 'AI' is set on object 'Object Repository/Page_KHTN Add a new course/input_Course short name_shortname'

2022-01-14 20:04:42 - [TEST_STEP][PASSED] - selectOptionByValue(findTestObject("Object Repository/Page_KHTN Add a new course/select_1        2        3        4        _45ea30"), "22", true): All options with value '22' are selected in object 'Object Repository/Page_KHTN Add a new course/select_1        2        3        4        _45ea30'  using regular expression

2022-01-14 20:04:43 - [MESSAGE][PASSED] - All options with value '22' are selected in object 'Object Repository/Page_KHTN Add a new course/select_1        2        3        4        _45ea30'  using regular expression

2022-01-14 20:04:43 - [TEST_STEP][PASSED] - setText(findTestObject("Object Repository/Page_KHTN Add a new course/input_Course ID number_idnumber"), "1"): Text '1' is set on object 'Object Repository/Page_KHTN Add a new course/input_Course ID number_idnumber'

2022-01-14 20:04:44 - [MESSAGE][PASSED] - Text '1' is set on object 'Object Repository/Page_KHTN Add a new course/input_Course ID number_idnumber'

2022-01-14 20:04:44 - [TEST_STEP][PASSED] - click(findTestObject("Object Repository/Page_KHTN Add a new course/input__saveanddisplay")): Object: 'Object Repository/Page_KHTN Add a new course/input__saveanddisplay' is clicked on

2022-01-14 20:04:45 - [MESSAGE][PASSED] - Object: 'Object Repository/Page_KHTN Add a new course/input__saveanddisplay' is clicked on

2022-01-14 20:04:45 - [TEST_STEP][PASSED] - verifyElementVisible(findTestObject("Object Repository/Page_AI Participants/h1_Nhp mn tr tu nhn to")): Object 'Object Repository/Page_AI Participants/h1_Nhp mn tr tu nhn to' is visible

2022-01-14 20:04:46 - [MESSAGE][PASSED] - Object 'Object Repository/Page_AI Participants/h1_Nhp mn tr tu nhn to' is visible

2022-01-14 20:04:46 - [TEST_STEP][PASSED] - closeBrowser(): Browser is closed

2022-01-14 20:04:47 - [MESSAGE][PASSED] - Browser is closed]]></system-out>
         <system-err><![CDATA[]]></system-err>
      </testcase>
      <testcase name="Test Cases/10_tạo course với thuộc tính bị trùng" time="20.543" classname="Test Cases/10_tạo course với thuộc tính bị trùng" status="PASSED">
         <system-out><![CDATA[2022-01-14 20:04:47 - [TEST_CASE][PASSED] - Test Cases/10_tạo course với thuộc tính bị trùng: Test Cases/10_tạo course với thuộc tính bị trùng

2022-01-14 20:04:47 - [TEST_STEP][PASSED] - openBrowser(""): Browser is opened with url: ''

2022-01-14 20:04:47 - [MESSAGE][INFO] - Starting 'Chrome' driver

2022-01-14 20:04:47 - [MESSAGE][INFO] - Action delay is set to 0 milliseconds

2022-01-14 20:04:48 - [MESSAGE][PASSED] - Browser is opened with url: ''

2022-01-14 20:04:48 - [TEST_STEP][PASSED] - navigateToUrl("http://localhost/"): Navigate to 'http://localhost/' successfully

2022-01-14 20:04:49 - [MESSAGE][PASSED] - Navigate to 'http://localhost/' successfully

2022-01-14 20:04:49 - [TEST_STEP][PASSED] - click(findTestObject("Object Repository/Page_HCMUS/nav_Side panel                             _87ec86")): Object: 'Object Repository/Page_HCMUS/nav_Side panel                             _87ec86' is clicked on

2022-01-14 20:04:49 - [MESSAGE][PASSED] - Object: 'Object Repository/Page_HCMUS/nav_Side panel                             _87ec86' is clicked on

2022-01-14 20:04:49 - [TEST_STEP][PASSED] - click(findTestObject("Object Repository/Page_HCMUS/a_Log in")): Object: 'Object Repository/Page_HCMUS/a_Log in' is clicked on

2022-01-14 20:04:50 - [MESSAGE][PASSED] - Object: 'Object Repository/Page_HCMUS/a_Log in' is clicked on

2022-01-14 20:04:50 - [TEST_STEP][PASSED] - setText(findTestObject("Object Repository/Page_HCMUS Log in to the site/input_Username_username"), "admin"): Text 'admin' is set on object 'Object Repository/Page_HCMUS Log in to the site/input_Username_username'

2022-01-14 20:04:51 - [MESSAGE][PASSED] - Text 'admin' is set on object 'Object Repository/Page_HCMUS Log in to the site/input_Username_username'

2022-01-14 20:04:51 - [TEST_STEP][PASSED] - setEncryptedText(findTestObject("Object Repository/Page_HCMUS Log in to the site/input_Password_password"), "5MU2PI2jvJCK/lBTYOwt6g=="): Text ****** has been set on object 'Object Repository/Page_HCMUS Log in to the site/input_Password_password'

2022-01-14 20:04:51 - [MESSAGE][PASSED] - Text ****** has been set on object 'Object Repository/Page_HCMUS Log in to the site/input_Password_password'

2022-01-14 20:04:51 - [TEST_STEP][PASSED] - click(findTestObject("Object Repository/Page_HCMUS Log in to the site/button_Log in")): Object: 'Object Repository/Page_HCMUS Log in to the site/button_Log in' is clicked on

2022-01-14 20:04:53 - [MESSAGE][PASSED] - Object: 'Object Repository/Page_HCMUS Log in to the site/button_Log in' is clicked on

2022-01-14 20:04:53 - [TEST_STEP][PASSED] - click(findTestObject("Object Repository/Page_Dashboard/span_Site administration")): Object: 'Object Repository/Page_Dashboard/span_Site administration' is clicked on

2022-01-14 20:04:57 - [MESSAGE][PASSED] - Object: 'Object Repository/Page_Dashboard/span_Site administration' is clicked on

2022-01-14 20:04:57 - [TEST_STEP][PASSED] - click(findTestObject("Object Repository/Page_KHTN Administration Search/a_Courses")): Object: 'Object Repository/Page_KHTN Administration Search/a_Courses' is clicked on

2022-01-14 20:04:58 - [MESSAGE][PASSED] - Object: 'Object Repository/Page_KHTN Administration Search/a_Courses' is clicked on

2022-01-14 20:04:58 - [TEST_STEP][PASSED] - click(findTestObject("Object Repository/Page_KHTN Administration Search/a_Add a new course")): Object: 'Object Repository/Page_KHTN Administration Search/a_Add a new course' is clicked on

2022-01-14 20:05:00 - [MESSAGE][PASSED] - Object: 'Object Repository/Page_KHTN Administration Search/a_Add a new course' is clicked on

2022-01-14 20:05:00 - [TEST_STEP][PASSED] - setText(findTestObject("Object Repository/Page_KHTN Add a new course/input_Course full name_fullname"), "mobile"): Text 'mobile' is set on object 'Object Repository/Page_KHTN Add a new course/input_Course full name_fullname'

2022-01-14 20:05:01 - [MESSAGE][PASSED] - Text 'mobile' is set on object 'Object Repository/Page_KHTN Add a new course/input_Course full name_fullname'

2022-01-14 20:05:01 - [TEST_STEP][PASSED] - setText(findTestObject("Object Repository/Page_KHTN Add a new course/input_Course short name_shortname"), "AI"): Text 'AI' is set on object 'Object Repository/Page_KHTN Add a new course/input_Course short name_shortname'

2022-01-14 20:05:02 - [MESSAGE][PASSED] - Text 'AI' is set on object 'Object Repository/Page_KHTN Add a new course/input_Course short name_shortname'

2022-01-14 20:05:02 - [TEST_STEP][PASSED] - click(findTestObject("Object Repository/Page_KHTN Add a new course/input__saveanddisplay")): Object: 'Object Repository/Page_KHTN Add a new course/input__saveanddisplay' is clicked on

2022-01-14 20:05:05 - [MESSAGE][PASSED] - Object: 'Object Repository/Page_KHTN Add a new course/input__saveanddisplay' is clicked on

2022-01-14 20:05:05 - [TEST_STEP][PASSED] - verifyElementVisible(findTestObject("Object Repository/Page_KHTN Add a new course/div_Short name is already used for another _0ec0da")): Object 'Object Repository/Page_KHTN Add a new course/div_Short name is already used for another _0ec0da' is visible

2022-01-14 20:05:06 - [MESSAGE][PASSED] - Object 'Object Repository/Page_KHTN Add a new course/div_Short name is already used for another _0ec0da' is visible

2022-01-14 20:05:06 - [TEST_STEP][PASSED] - verifyElementVisible(findTestObject("Object Repository/Page_KHTN Add a new course/input_Course short name_shortname")): Object 'Object Repository/Page_KHTN Add a new course/input_Course short name_shortname' is visible

2022-01-14 20:05:06 - [MESSAGE][PASSED] - Object 'Object Repository/Page_KHTN Add a new course/input_Course short name_shortname' is visible

2022-01-14 20:05:06 - [TEST_STEP][PASSED] - closeBrowser(): Browser is closed

2022-01-14 20:05:07 - [MESSAGE][PASSED] - Browser is closed]]></system-out>
         <system-err><![CDATA[]]></system-err>
      </testcase>
      <testcase name="Test Cases/11_tạo course với thuộc tính rỗng" time="15.361" classname="Test Cases/11_tạo course với thuộc tính rỗng" status="PASSED">
         <system-out><![CDATA[2022-01-14 20:05:07 - [TEST_CASE][PASSED] - Test Cases/11_tạo course với thuộc tính rỗng: Test Cases/11_tạo course với thuộc tính rỗng

2022-01-14 20:05:08 - [TEST_STEP][PASSED] - openBrowser(""): Browser is opened with url: ''

2022-01-14 20:05:08 - [MESSAGE][INFO] - Starting 'Chrome' driver

2022-01-14 20:05:08 - [MESSAGE][INFO] - Action delay is set to 0 milliseconds

2022-01-14 20:05:09 - [MESSAGE][PASSED] - Browser is opened with url: ''

2022-01-14 20:05:09 - [TEST_STEP][PASSED] - navigateToUrl("http://localhost/"): Navigate to 'http://localhost/' successfully

2022-01-14 20:05:10 - [MESSAGE][PASSED] - Navigate to 'http://localhost/' successfully

2022-01-14 20:05:10 - [TEST_STEP][PASSED] - click(findTestObject("Object Repository/Page_HCMUS/a_Log in")): Object: 'Object Repository/Page_HCMUS/a_Log in' is clicked on

2022-01-14 20:05:11 - [MESSAGE][PASSED] - Object: 'Object Repository/Page_HCMUS/a_Log in' is clicked on

2022-01-14 20:05:11 - [TEST_STEP][PASSED] - setText(findTestObject("Object Repository/Page_HCMUS Log in to the site/input_Username_username"), "admin"): Text 'admin' is set on object 'Object Repository/Page_HCMUS Log in to the site/input_Username_username'

2022-01-14 20:05:12 - [MESSAGE][PASSED] - Text 'admin' is set on object 'Object Repository/Page_HCMUS Log in to the site/input_Username_username'

2022-01-14 20:05:12 - [TEST_STEP][PASSED] - setEncryptedText(findTestObject("Object Repository/Page_HCMUS Log in to the site/input_Password_password"), "5MU2PI2jvJCK/lBTYOwt6g=="): Text ****** has been set on object 'Object Repository/Page_HCMUS Log in to the site/input_Password_password'

2022-01-14 20:05:12 - [MESSAGE][PASSED] - Text ****** has been set on object 'Object Repository/Page_HCMUS Log in to the site/input_Password_password'

2022-01-14 20:05:12 - [TEST_STEP][PASSED] - click(findTestObject("Object Repository/Page_HCMUS Log in to the site/button_Log in")): Object: 'Object Repository/Page_HCMUS Log in to the site/button_Log in' is clicked on

2022-01-14 20:05:14 - [MESSAGE][PASSED] - Object: 'Object Repository/Page_HCMUS Log in to the site/button_Log in' is clicked on

2022-01-14 20:05:14 - [TEST_STEP][PASSED] - click(findTestObject("Object Repository/Page_Dashboard/span_Site administration")): Object: 'Object Repository/Page_Dashboard/span_Site administration' is clicked on

2022-01-14 20:05:17 - [MESSAGE][PASSED] - Object: 'Object Repository/Page_Dashboard/span_Site administration' is clicked on

2022-01-14 20:05:17 - [TEST_STEP][PASSED] - click(findTestObject("Object Repository/Page_KHTN Administration Search/a_Courses")): Object: 'Object Repository/Page_KHTN Administration Search/a_Courses' is clicked on

2022-01-14 20:05:18 - [MESSAGE][PASSED] - Object: 'Object Repository/Page_KHTN Administration Search/a_Courses' is clicked on

2022-01-14 20:05:18 - [TEST_STEP][PASSED] - click(findTestObject("Object Repository/Page_KHTN Administration Search/a_Add a new course")): Object: 'Object Repository/Page_KHTN Administration Search/a_Add a new course' is clicked on

2022-01-14 20:05:19 - [MESSAGE][PASSED] - Object: 'Object Repository/Page_KHTN Administration Search/a_Add a new course' is clicked on

2022-01-14 20:05:19 - [TEST_STEP][PASSED] - click(findTestObject("Object Repository/Page_KHTN Add a new course/input__saveanddisplay")): Object: 'Object Repository/Page_KHTN Add a new course/input__saveanddisplay' is clicked on

2022-01-14 20:05:21 - [MESSAGE][PASSED] - Object: 'Object Repository/Page_KHTN Add a new course/input__saveanddisplay' is clicked on

2022-01-14 20:05:21 - [TEST_STEP][PASSED] - verifyElementVisible(findTestObject("Object Repository/Page_KHTN Add a new course/div_- Missing full name")): Object 'Object Repository/Page_KHTN Add a new course/div_- Missing full name' is visible

2022-01-14 20:05:21 - [MESSAGE][PASSED] - Object 'Object Repository/Page_KHTN Add a new course/div_- Missing full name' is visible

2022-01-14 20:05:21 - [TEST_STEP][PASSED] - verifyElementVisible(findTestObject("Object Repository/Page_KHTN Add a new course/div_- Missing short name")): Object 'Object Repository/Page_KHTN Add a new course/div_- Missing short name' is visible

2022-01-14 20:05:22 - [MESSAGE][PASSED] - Object 'Object Repository/Page_KHTN Add a new course/div_- Missing short name' is visible

2022-01-14 20:05:22 - [TEST_STEP][PASSED] - closeBrowser(): Browser is closed

2022-01-14 20:05:22 - [MESSAGE][PASSED] - Browser is closed]]></system-out>
         <system-err><![CDATA[]]></system-err>
      </testcase>
      <testcase name="Test Cases/12_thêm sinh viên vào course" time="31.344" classname="Test Cases/12_thêm sinh viên vào course" status="PASSED">
         <system-out><![CDATA[2022-01-14 20:05:22 - [TEST_CASE][PASSED] - Test Cases/12_thêm sinh viên vào course: Test Cases/12_thêm sinh viên vào course

2022-01-14 20:05:23 - [TEST_STEP][PASSED] - openBrowser(""): Browser is opened with url: ''

2022-01-14 20:05:23 - [MESSAGE][INFO] - Starting 'Chrome' driver

2022-01-14 20:05:23 - [MESSAGE][INFO] - Action delay is set to 0 milliseconds

2022-01-14 20:05:24 - [MESSAGE][PASSED] - Browser is opened with url: ''

2022-01-14 20:05:24 - [TEST_STEP][PASSED] - navigateToUrl("http://localhost/"): Navigate to 'http://localhost/' successfully

2022-01-14 20:05:24 - [MESSAGE][PASSED] - Navigate to 'http://localhost/' successfully

2022-01-14 20:05:24 - [TEST_STEP][PASSED] - click(findTestObject("Object Repository/Page_HCMUS/a_Log in")): Object: 'Object Repository/Page_HCMUS/a_Log in' is clicked on

2022-01-14 20:05:25 - [MESSAGE][PASSED] - Object: 'Object Repository/Page_HCMUS/a_Log in' is clicked on

2022-01-14 20:05:25 - [TEST_STEP][PASSED] - setText(findTestObject("Object Repository/Page_HCMUS Log in to the site/input_Username_username"), "admin"): Text 'admin' is set on object 'Object Repository/Page_HCMUS Log in to the site/input_Username_username'

2022-01-14 20:05:26 - [MESSAGE][PASSED] - Text 'admin' is set on object 'Object Repository/Page_HCMUS Log in to the site/input_Username_username'

2022-01-14 20:05:26 - [TEST_STEP][PASSED] - setEncryptedText(findTestObject("Object Repository/Page_HCMUS Log in to the site/input_Password_password"), "5MU2PI2jvJCK/lBTYOwt6g=="): Text ****** has been set on object 'Object Repository/Page_HCMUS Log in to the site/input_Password_password'

2022-01-14 20:05:26 - [MESSAGE][PASSED] - Text ****** has been set on object 'Object Repository/Page_HCMUS Log in to the site/input_Password_password'

2022-01-14 20:05:26 - [TEST_STEP][PASSED] - click(findTestObject("Object Repository/Page_HCMUS Log in to the site/button_Log in")): Object: 'Object Repository/Page_HCMUS Log in to the site/button_Log in' is clicked on

2022-01-14 20:05:28 - [MESSAGE][PASSED] - Object: 'Object Repository/Page_HCMUS Log in to the site/button_Log in' is clicked on

2022-01-14 20:05:28 - [TEST_STEP][PASSED] - click(findTestObject("Object Repository/Page_Dashboard/span_Site home")): Object: 'Object Repository/Page_Dashboard/span_Site home' is clicked on

2022-01-14 20:05:30 - [MESSAGE][PASSED] - Object: 'Object Repository/Page_Dashboard/span_Site home' is clicked on

2022-01-14 20:05:30 - [TEST_STEP][PASSED] - click(findTestObject("Object Repository/Page_HCMUS/a_Nhp mn tr tu nhn to_1")): Object: 'Object Repository/Page_HCMUS/a_Nhp mn tr tu nhn to_1' is clicked on

2022-01-14 20:05:31 - [MESSAGE][PASSED] - Object: 'Object Repository/Page_HCMUS/a_Nhp mn tr tu nhn to_1' is clicked on

2022-01-14 20:05:31 - [TEST_STEP][PASSED] - click(findTestObject("Object Repository/Page_Course Nhp mn tr tu nhn to/span_Participants")): Object: 'Object Repository/Page_Course Nhp mn tr tu nhn to/span_Participants' is clicked on

2022-01-14 20:05:33 - [MESSAGE][PASSED] - Object: 'Object Repository/Page_Course Nhp mn tr tu nhn to/span_Participants' is clicked on

2022-01-14 20:05:33 - [TEST_STEP][PASSED] - click(findTestObject("Object Repository/Page_AI Participants/input_Participants_btn btn-secondary my-1")): Object: 'Object Repository/Page_AI Participants/input_Participants_btn btn-secondary my-1' is clicked on

2022-01-14 20:05:33 - [MESSAGE][PASSED] - Object: 'Object Repository/Page_AI Participants/input_Participants_btn btn-secondary my-1' is clicked on

2022-01-14 20:05:33 - [TEST_STEP][PASSED] - setText(findTestObject("Object Repository/Page_AI Participants/input_No selection_form_autocomplete_input-_6680aa"), "Student"): Text 'Student' is set on object 'Object Repository/Page_AI Participants/input_No selection_form_autocomplete_input-_6680aa'

2022-01-14 20:05:35 - [MESSAGE][PASSED] - Text 'Student' is set on object 'Object Repository/Page_AI Participants/input_No selection_form_autocomplete_input-_6680aa'

2022-01-14 20:05:35 - [TEST_STEP][PASSED] - click(findTestObject("Object Repository/Page_AI Participants/li_Student Branch    s9example.com")): Object: 'Object Repository/Page_AI Participants/li_Student Branch    s9example.com' is clicked on

2022-01-14 20:05:36 - [MESSAGE][PASSED] - Object: 'Object Repository/Page_AI Participants/li_Student Branch    s9example.com' is clicked on

2022-01-14 20:05:36 - [TEST_STEP][PASSED] - click(findTestObject("Object Repository/Page_AI Participants/li_Student Clifford    s8example.com")): Object: 'Object Repository/Page_AI Participants/li_Student Clifford    s8example.com' is clicked on

2022-01-14 20:05:37 - [MESSAGE][PASSED] - Object: 'Object Repository/Page_AI Participants/li_Student Clifford    s8example.com' is clicked on

2022-01-14 20:05:37 - [TEST_STEP][PASSED] - click(findTestObject("Object Repository/Page_AI Participants/li_Student Epperson    s2example.com")): Object: 'Object Repository/Page_AI Participants/li_Student Epperson    s2example.com' is clicked on

2022-01-14 20:05:38 - [MESSAGE][PASSED] - Object: 'Object Repository/Page_AI Participants/li_Student Epperson    s2example.com' is clicked on

2022-01-14 20:05:38 - [TEST_STEP][PASSED] - click(findTestObject("Object Repository/Page_AI Participants/li_Student Haller    s6example.com")): Object: 'Object Repository/Page_AI Participants/li_Student Haller    s6example.com' is clicked on

2022-01-14 20:05:39 - [MESSAGE][PASSED] - Object: 'Object Repository/Page_AI Participants/li_Student Haller    s6example.com' is clicked on

2022-01-14 20:05:39 - [TEST_STEP][PASSED] - click(findTestObject("Object Repository/Page_AI Participants/li_Student Kessler    s10example.com")): Object: 'Object Repository/Page_AI Participants/li_Student Kessler    s10example.com' is clicked on

2022-01-14 20:05:40 - [MESSAGE][PASSED] - Object: 'Object Repository/Page_AI Participants/li_Student Kessler    s10example.com' is clicked on

2022-01-14 20:05:40 - [TEST_STEP][PASSED] - click(findTestObject("Object Repository/Page_AI Participants/li_Student Tremblay    s4example.com")): Object: 'Object Repository/Page_AI Participants/li_Student Tremblay    s4example.com' is clicked on

2022-01-14 20:05:41 - [MESSAGE][PASSED] - Object: 'Object Repository/Page_AI Participants/li_Student Tremblay    s4example.com' is clicked on

2022-01-14 20:05:41 - [TEST_STEP][PASSED] - click(findTestObject("Object Repository/Page_AI Participants/li_Student Venegas    s7example.com")): Object: 'Object Repository/Page_AI Participants/li_Student Venegas    s7example.com' is clicked on

2022-01-14 20:05:42 - [MESSAGE][PASSED] - Object: 'Object Repository/Page_AI Participants/li_Student Venegas    s7example.com' is clicked on

2022-01-14 20:05:42 - [TEST_STEP][PASSED] - click(findTestObject("Object Repository/Page_AI Participants/li_Student Waldrop    s1example.com")): Object: 'Object Repository/Page_AI Participants/li_Student Waldrop    s1example.com' is clicked on

2022-01-14 20:05:43 - [MESSAGE][PASSED] - Object: 'Object Repository/Page_AI Participants/li_Student Waldrop    s1example.com' is clicked on

2022-01-14 20:05:43 - [TEST_STEP][PASSED] - click(findTestObject("Object Repository/Page_AI Participants/li_Student Walston    s3example.com")): Object: 'Object Repository/Page_AI Participants/li_Student Walston    s3example.com' is clicked on

2022-01-14 20:05:43 - [MESSAGE][PASSED] - Object: 'Object Repository/Page_AI Participants/li_Student Walston    s3example.com' is clicked on

2022-01-14 20:05:43 - [TEST_STEP][PASSED] - click(findTestObject("Object Repository/Page_AI Participants/li_Student Weller    s5example.com")): Object: 'Object Repository/Page_AI Participants/li_Student Weller    s5example.com' is clicked on

2022-01-14 20:05:44 - [MESSAGE][PASSED] - Object: 'Object Repository/Page_AI Participants/li_Student Weller    s5example.com' is clicked on

2022-01-14 20:05:44 - [TEST_STEP][PASSED] - click(findTestObject("Object Repository/Page_AI Participants/button_Enrol users_1")): Object: 'Object Repository/Page_AI Participants/button_Enrol users_1' is clicked on

2022-01-14 20:05:45 - [MESSAGE][PASSED] - Object: 'Object Repository/Page_AI Participants/button_Enrol users_1' is clicked on

2022-01-14 20:05:45 - [TEST_STEP][PASSED] - click(findTestObject("Object Repository/Page_AI Participants/a_S")): Object: 'Object Repository/Page_AI Participants/a_S' is clicked on

2022-01-14 20:05:52 - [MESSAGE][INFO] - Unable to find the element located by 'By.xpath: //a[@id='yui_3_17_2_1_1642092804322_1136']'. Please recheck the objects properties to make sure the desired element is located. 

2022-01-14 20:05:52 - [MESSAGE][WARNING] - [SELF-HEALING] Failed to find element with id 'Object Repository/Page_AI Participants/a_S'. Try using Self-healing.

2022-01-14 20:05:52 - [MESSAGE][WARNING] - [SELF-HEALING] The current locator of test object 'Object Repository/Page_AI Participants/a_S' was broken. Propose an alternative one: '(//a[contains(text(),'S')])[2]'.

2022-01-14 20:05:52 - [MESSAGE][PASSED] - Object: 'Object Repository/Page_AI Participants/a_S' is clicked on

2022-01-14 20:05:52 - [TEST_STEP][PASSED] - verifyElementVisible(findTestObject("Object Repository/Page_AI Participants/td_s9example.com")): Object 'Object Repository/Page_AI Participants/td_s9example.com' is visible

2022-01-14 20:05:53 - [MESSAGE][PASSED] - Object 'Object Repository/Page_AI Participants/td_s9example.com' is visible

2022-01-14 20:05:53 - [TEST_STEP][PASSED] - verifyElementText(findTestObject("Object Repository/Page_AI Participants/td_s9example.com"), "s9@example.com"): Actual text and expected text of test object 'Object Repository/Page_AI Participants/td_s9example.com' are matched.

2022-01-14 20:05:53 - [MESSAGE][PASSED] - Actual text and expected text of test object 'Object Repository/Page_AI Participants/td_s9example.com' are matched.

2022-01-14 20:05:53 - [TEST_STEP][PASSED] - closeBrowser(): Browser is closed

2022-01-14 20:05:54 - [MESSAGE][PASSED] - Browser is closed]]></system-out>
         <system-err><![CDATA[]]></system-err>
      </testcase>
      <testcase name="Test Cases/13_thêm giáo viên vào course" time="52.291" classname="Test Cases/13_thêm giáo viên vào course" status="FAILED">
         <failure type="FAILED" message="Test Cases/13_thêm giáo viên vào course FAILED.
Reason:
com.kms.katalon.core.exception.StepFailedException: Unable to select option by value '3' of object 'Object Repository/Page_AI Participants/select_Manager            Teacher          _ffc00f'  using regular expression
	at com.kms.katalon.core.webui.keyword.internal.WebUIKeywordMain.stepFailed(WebUIKeywordMain.groovy:64)
	at com.kms.katalon.core.webui.keyword.internal.WebUIKeywordMain.runKeyword(WebUIKeywordMain.groovy:26)
	at com.kms.katalon.core.webui.keyword.builtin.SelectOptionByValueKeyword.selectOptionByValue(SelectOptionByValueKeyword.groovy:99)
	at com.kms.katalon.core.webui.keyword.builtin.SelectOptionByValueKeyword.execute(SelectOptionByValueKeyword.groovy:71)
	at com.kms.katalon.core.keyword.internal.KeywordExecutor.executeKeywordForPlatform(KeywordExecutor.groovy:74)
	at com.kms.katalon.core.webui.keyword.WebUiBuiltInKeywords.selectOptionByValue(WebUiBuiltInKeywords.groovy:1168)
	at com.kms.katalon.core.webui.keyword.WebUiBuiltInKeywords$selectOptionByValue$6.call(Unknown Source)
	at 13_thêm giáo viên vào course.run(13_thêm giáo viên vào course:49)
	at com.kms.katalon.core.main.ScriptEngine.run(ScriptEngine.java:194)
	at com.kms.katalon.core.main.ScriptEngine.runScriptAsRawText(ScriptEngine.java:119)
	at com.kms.katalon.core.main.TestCaseExecutor.runScript(TestCaseExecutor.java:442)
	at com.kms.katalon.core.main.TestCaseExecutor.doExecute(TestCaseExecutor.java:433)
	at com.kms.katalon.core.main.TestCaseExecutor.processExecutionPhase(TestCaseExecutor.java:412)
	at com.kms.katalon.core.main.TestCaseExecutor.accessMainPhase(TestCaseExecutor.java:404)
	at com.kms.katalon.core.main.TestCaseExecutor.execute(TestCaseExecutor.java:281)
	at com.kms.katalon.core.main.TestCaseExecutor.execute(TestCaseExecutor.java:363)
	at com.kms.katalon.core.main.TestCaseExecutor.execute(TestCaseExecutor.java:363)
	at com.kms.katalon.core.main.TestCaseExecutor.execute(TestCaseExecutor.java:363)
	at com.kms.katalon.core.main.TestSuiteExecutor.accessTestCaseMainPhase(TestSuiteExecutor.java:202)
	at com.kms.katalon.core.main.TestSuiteExecutor.accessTestSuiteMainPhase(TestSuiteExecutor.java:164)
	at com.kms.katalon.core.main.TestSuiteExecutor.execute(TestSuiteExecutor.java:105)
	at com.kms.katalon.core.main.TestCaseMain.startTestSuite(TestCaseMain.java:181)
	at com.kms.katalon.core.main.TestCaseMain$startTestSuite$0.call(Unknown Source)
	at TempTestSuite1642165037865.run(TempTestSuite1642165037865.groovy:36)
Caused by: com.kms.katalon.core.webui.exception.WebElementNotFoundException: Web element with id: 'Object Repository/Page_AI Participants/select_Manager            Teacher          _ffc00f' located by '//select[@id='id_roletoassign']' not found
	at com.kms.katalon.core.webui.common.WebUiCommonHelper.findWebElement(WebUiCommonHelper.java:1368)
	at com.kms.katalon.core.webui.keyword.internal.WebUIAbstractKeyword.findWebElement(WebUIAbstractKeyword.groovy:27)
	at com.kms.katalon.core.webui.keyword.internal.WebUIAbstractKeyword.findWebElement(WebUIAbstractKeyword.groovy:26)
	at com.kms.katalon.core.webui.keyword.builtin.SelectOptionByValueKeyword$_selectOptionByValue_closure1.doCall(SelectOptionByValueKeyword.groovy:86)
	at com.kms.katalon.core.webui.keyword.builtin.SelectOptionByValueKeyword$_selectOptionByValue_closure1.call(SelectOptionByValueKeyword.groovy)
	at com.kms.katalon.core.webui.keyword.internal.WebUIKeywordMain.runKeyword(WebUIKeywordMain.groovy:20)
	... 22 more
"/>
         <system-out><![CDATA[2022-01-14 20:08:33 - [TEST_CASE][FAILED] - Test Cases/13_thêm giáo viên vào course: Test Cases/13_thêm giáo viên vào course FAILED.
Reason:
com.kms.katalon.core.exception.StepFailedException: Unable to select option by value '3' of object 'Object Repository/Page_AI Participants/select_Manager            Teacher          _ffc00f'  using regular expression
	at com.kms.katalon.core.webui.keyword.internal.WebUIKeywordMain.stepFailed(WebUIKeywordMain.groovy:64)
	at com.kms.katalon.core.webui.keyword.internal.WebUIKeywordMain.runKeyword(WebUIKeywordMain.groovy:26)
	at com.kms.katalon.core.webui.keyword.builtin.SelectOptionByValueKeyword.selectOptionByValue(SelectOptionByValueKeyword.groovy:99)
	at com.kms.katalon.core.webui.keyword.builtin.SelectOptionByValueKeyword.execute(SelectOptionByValueKeyword.groovy:71)
	at com.kms.katalon.core.keyword.internal.KeywordExecutor.executeKeywordForPlatform(KeywordExecutor.groovy:74)
	at com.kms.katalon.core.webui.keyword.WebUiBuiltInKeywords.selectOptionByValue(WebUiBuiltInKeywords.groovy:1168)
	at com.kms.katalon.core.webui.keyword.WebUiBuiltInKeywords$selectOptionByValue$6.call(Unknown Source)
	at 13_thêm giáo viên vào course.run(13_thêm giáo viên vào course:49)
	at com.kms.katalon.core.main.ScriptEngine.run(ScriptEngine.java:194)
	at com.kms.katalon.core.main.ScriptEngine.runScriptAsRawText(ScriptEngine.java:119)
	at com.kms.katalon.core.main.TestCaseExecutor.runScript(TestCaseExecutor.java:442)
	at com.kms.katalon.core.main.TestCaseExecutor.doExecute(TestCaseExecutor.java:433)
	at com.kms.katalon.core.main.TestCaseExecutor.processExecutionPhase(TestCaseExecutor.java:412)
	at com.kms.katalon.core.main.TestCaseExecutor.accessMainPhase(TestCaseExecutor.java:404)
	at com.kms.katalon.core.main.TestCaseExecutor.execute(TestCaseExecutor.java:281)
	at com.kms.katalon.core.main.TestCaseExecutor.execute(TestCaseExecutor.java:363)
	at com.kms.katalon.core.main.TestCaseExecutor.execute(TestCaseExecutor.java:363)
	at com.kms.katalon.core.main.TestCaseExecutor.execute(TestCaseExecutor.java:363)
	at com.kms.katalon.core.main.TestSuiteExecutor.accessTestCaseMainPhase(TestSuiteExecutor.java:202)
	at com.kms.katalon.core.main.TestSuiteExecutor.accessTestSuiteMainPhase(TestSuiteExecutor.java:164)
	at com.kms.katalon.core.main.TestSuiteExecutor.execute(TestSuiteExecutor.java:105)
	at com.kms.katalon.core.main.TestCaseMain.startTestSuite(TestCaseMain.java:181)
	at com.kms.katalon.core.main.TestCaseMain$startTestSuite$0.call(Unknown Source)
	at TempTestSuite1642165037865.run(TempTestSuite1642165037865.groovy:36)
Caused by: com.kms.katalon.core.webui.exception.WebElementNotFoundException: Web element with id: 'Object Repository/Page_AI Participants/select_Manager            Teacher          _ffc00f' located by '//select[@id='id_roletoassign']' not found
	at com.kms.katalon.core.webui.common.WebUiCommonHelper.findWebElement(WebUiCommonHelper.java:1368)
	at com.kms.katalon.core.webui.keyword.internal.WebUIAbstractKeyword.findWebElement(WebUIAbstractKeyword.groovy:27)
	at com.kms.katalon.core.webui.keyword.internal.WebUIAbstractKeyword.findWebElement(WebUIAbstractKeyword.groovy:26)
	at com.kms.katalon.core.webui.keyword.builtin.SelectOptionByValueKeyword$_selectOptionByValue_closure1.doCall(SelectOptionByValueKeyword.groovy:86)
	at com.kms.katalon.core.webui.keyword.builtin.SelectOptionByValueKeyword$_selectOptionByValue_closure1.call(SelectOptionByValueKeyword.groovy)
	at com.kms.katalon.core.webui.keyword.internal.WebUIKeywordMain.runKeyword(WebUIKeywordMain.groovy:20)
	... 22 more


2022-01-14 20:08:33 - [TEST_STEP][PASSED] - openBrowser(""): Browser is opened with url: ''

2022-01-14 20:08:33 - [MESSAGE][WARNING] - A browser is already opened. Closing browser and opening a new one

2022-01-14 20:08:34 - [MESSAGE][INFO] - Starting 'Chrome' driver

2022-01-14 20:08:34 - [MESSAGE][INFO] - Action delay is set to 0 milliseconds

2022-01-14 20:08:35 - [MESSAGE][PASSED] - Browser is opened with url: ''

2022-01-14 20:08:35 - [TEST_STEP][PASSED] - navigateToUrl("http://localhost/"): Navigate to 'http://localhost/' successfully

2022-01-14 20:08:36 - [MESSAGE][PASSED] - Navigate to 'http://localhost/' successfully

2022-01-14 20:08:36 - [TEST_STEP][PASSED] - click(findTestObject("Object Repository/Page_HCMUS/a_Log in")): Object: 'Object Repository/Page_HCMUS/a_Log in' is clicked on

2022-01-14 20:08:37 - [MESSAGE][PASSED] - Object: 'Object Repository/Page_HCMUS/a_Log in' is clicked on

2022-01-14 20:08:37 - [TEST_STEP][PASSED] - setText(findTestObject("Object Repository/Page_HCMUS Log in to the site/input_Username_username"), "admin"): Text 'admin' is set on object 'Object Repository/Page_HCMUS Log in to the site/input_Username_username'

2022-01-14 20:08:37 - [MESSAGE][PASSED] - Text 'admin' is set on object 'Object Repository/Page_HCMUS Log in to the site/input_Username_username'

2022-01-14 20:08:37 - [TEST_STEP][PASSED] - setEncryptedText(findTestObject("Object Repository/Page_HCMUS Log in to the site/input_Password_password"), "5MU2PI2jvJCK/lBTYOwt6g=="): Text ****** has been set on object 'Object Repository/Page_HCMUS Log in to the site/input_Password_password'

2022-01-14 20:08:38 - [MESSAGE][PASSED] - Text ****** has been set on object 'Object Repository/Page_HCMUS Log in to the site/input_Password_password'

2022-01-14 20:08:38 - [TEST_STEP][PASSED] - click(findTestObject("Object Repository/Page_HCMUS Log in to the site/button_Log in")): Object: 'Object Repository/Page_HCMUS Log in to the site/button_Log in' is clicked on

2022-01-14 20:08:39 - [MESSAGE][PASSED] - Object: 'Object Repository/Page_HCMUS Log in to the site/button_Log in' is clicked on

2022-01-14 20:08:39 - [TEST_STEP][PASSED] - click(findTestObject("Object Repository/Page_Dashboard/span_Site home")): Object: 'Object Repository/Page_Dashboard/span_Site home' is clicked on

2022-01-14 20:08:41 - [MESSAGE][PASSED] - Object: 'Object Repository/Page_Dashboard/span_Site home' is clicked on

2022-01-14 20:08:41 - [TEST_STEP][PASSED] - click(findTestObject("Object Repository/Page_HCMUS/a_Nhp mn tr tu nhn to")): Object: 'Object Repository/Page_HCMUS/a_Nhp mn tr tu nhn to' is clicked on

2022-01-14 20:08:42 - [MESSAGE][PASSED] - Object: 'Object Repository/Page_HCMUS/a_Nhp mn tr tu nhn to' is clicked on

2022-01-14 20:08:42 - [TEST_STEP][PASSED] - click(findTestObject("Object Repository/Page_Course Nhp mn tr tu nhn to/span_Participants")): Object: 'Object Repository/Page_Course Nhp mn tr tu nhn to/span_Participants' is clicked on

2022-01-14 20:08:43 - [MESSAGE][PASSED] - Object: 'Object Repository/Page_Course Nhp mn tr tu nhn to/span_Participants' is clicked on

2022-01-14 20:08:43 - [TEST_STEP][PASSED] - click(findTestObject("Object Repository/Page_AI Participants/input_Participants_btn btn-secondary my-1")): Object: 'Object Repository/Page_AI Participants/input_Participants_btn btn-secondary my-1' is clicked on

2022-01-14 20:08:43 - [MESSAGE][PASSED] - Object: 'Object Repository/Page_AI Participants/input_Participants_btn btn-secondary my-1' is clicked on

2022-01-14 20:08:43 - [TEST_STEP][PASSED] - setText(findTestObject("Object Repository/Page_AI Participants/input_No selection_form_autocomplete_input-_badfe2"), "Teacher"): Text 'Teacher' is set on object 'Object Repository/Page_AI Participants/input_No selection_form_autocomplete_input-_badfe2'

2022-01-14 20:08:50 - [MESSAGE][INFO] - Unable to find the element located by 'By.xpath: //input[@id='form_autocomplete_input-1641958206930']'. Please recheck the objects properties to make sure the desired element is located. 

2022-01-14 20:08:50 - [MESSAGE][WARNING] - [SELF-HEALING] Failed to find element with id 'Object Repository/Page_AI Participants/input_No selection_form_autocomplete_input-_badfe2'. Try using Self-healing.

2022-01-14 20:08:50 - [MESSAGE][WARNING] - [SELF-HEALING] The current locator of test object 'Object Repository/Page_AI Participants/input_No selection_form_autocomplete_input-_badfe2' was broken. Propose an alternative one: '//div[3]/input'.

2022-01-14 20:08:56 - [MESSAGE][INFO] - Unable to find the element located by 'By.xpath: //input[@id='form_autocomplete_input-1641958206930']'. Please recheck the objects properties to make sure the desired element is located. 

2022-01-14 20:08:56 - [MESSAGE][WARNING] - [SELF-HEALING] Failed to find element with id 'Object Repository/Page_AI Participants/input_No selection_form_autocomplete_input-_badfe2'. Try using Self-healing.

2022-01-14 20:08:56 - [MESSAGE][WARNING] - [SELF-HEALING] The current locator of test object 'Object Repository/Page_AI Participants/input_No selection_form_autocomplete_input-_badfe2' was broken. Propose an alternative one: '//div[3]/input'.

2022-01-14 20:08:57 - [MESSAGE][PASSED] - Text 'Teacher' is set on object 'Object Repository/Page_AI Participants/input_No selection_form_autocomplete_input-_badfe2'

2022-01-14 20:08:57 - [TEST_STEP][PASSED] - click(findTestObject("Object Repository/Page_AI Participants/span_Teacher Hubbard")): Object: 'Object Repository/Page_AI Participants/span_Teacher Hubbard' is clicked on

2022-01-14 20:09:03 - [MESSAGE][INFO] - Unable to find the element located by 'By.xpath: //li[@id='form_autocomplete_suggestions-1641958206930-0']/span/span'. Please recheck the objects properties to make sure the desired element is located. 

2022-01-14 20:09:03 - [MESSAGE][WARNING] - [SELF-HEALING] Failed to find element with id 'Object Repository/Page_AI Participants/span_Teacher Hubbard'. Try using Self-healing.

2022-01-14 20:09:03 - [MESSAGE][WARNING] - [SELF-HEALING] The current locator of test object 'Object Repository/Page_AI Participants/span_Teacher Hubbard' was broken. Propose an alternative one: '(.//*[normalize-space(text()) and normalize-space(.)='▼'])[1]/following::span[2]'.

2022-01-14 20:09:03 - [MESSAGE][PASSED] - Object: 'Object Repository/Page_AI Participants/span_Teacher Hubbard' is clicked on

2022-01-14 20:09:03 - [TEST_STEP][PASSED] - click(findTestObject("Object Repository/Page_AI Participants/span_Teacher Morrill")): Object: 'Object Repository/Page_AI Participants/span_Teacher Morrill' is clicked on

2022-01-14 20:09:09 - [MESSAGE][INFO] - Unable to find the element located by 'By.xpath: //li[@id='form_autocomplete_suggestions-1641958206930-0']/span/span'. Please recheck the objects properties to make sure the desired element is located. 

2022-01-14 20:09:09 - [MESSAGE][WARNING] - [SELF-HEALING] Failed to find element with id 'Object Repository/Page_AI Participants/span_Teacher Morrill'. Try using Self-healing.

2022-01-14 20:09:09 - [MESSAGE][WARNING] - [SELF-HEALING] The current locator of test object 'Object Repository/Page_AI Participants/span_Teacher Morrill' was broken. Propose an alternative one: '(.//*[normalize-space(text()) and normalize-space(.)='▼'])[1]/following::span[2]'.

2022-01-14 20:09:09 - [MESSAGE][PASSED] - Object: 'Object Repository/Page_AI Participants/span_Teacher Morrill' is clicked on

2022-01-14 20:09:09 - [TEST_STEP][PASSED] - click(findTestObject("Object Repository/Page_AI Participants/span_Teacher Quarles")): Object: 'Object Repository/Page_AI Participants/span_Teacher Quarles' is clicked on

2022-01-14 20:09:16 - [MESSAGE][INFO] - Unable to find the element located by 'By.xpath: //li[@id='form_autocomplete_suggestions-1641958206930-0']/span/span'. Please recheck the objects properties to make sure the desired element is located. 

2022-01-14 20:09:16 - [MESSAGE][WARNING] - [SELF-HEALING] Failed to find element with id 'Object Repository/Page_AI Participants/span_Teacher Quarles'. Try using Self-healing.

2022-01-14 20:09:16 - [MESSAGE][WARNING] - [SELF-HEALING] The current locator of test object 'Object Repository/Page_AI Participants/span_Teacher Quarles' was broken. Propose an alternative one: '(.//*[normalize-space(text()) and normalize-space(.)='▼'])[1]/following::span[2]'.

2022-01-14 20:09:16 - [MESSAGE][PASSED] - Object: 'Object Repository/Page_AI Participants/span_Teacher Quarles' is clicked on

2022-01-14 20:09:16 - [TEST_STEP][FAILED] - selectOptionByValue(findTestObject("Object Repository/Page_AI Participants/select_Manager            Teacher          _ffc00f"), "3", true): Unable to select option by value '3' of object 'Object Repository/Page_AI Participants/select_Manager            Teacher          _ffc00f'  using regular expression (Root cause: com.kms.katalon.core.exception.StepFailedException: Unable to select option by value '3' of object 'Object Repository/Page_AI Participants/select_Manager            Teacher          _ffc00f'  using regular expression
	at com.kms.katalon.core.webui.keyword.internal.WebUIKeywordMain.stepFailed(WebUIKeywordMain.groovy:64)
	at com.kms.katalon.core.webui.keyword.internal.WebUIKeywordMain.runKeyword(WebUIKeywordMain.groovy:26)
	at com.kms.katalon.core.webui.keyword.builtin.SelectOptionByValueKeyword.selectOptionByValue(SelectOptionByValueKeyword.groovy:99)
	at com.kms.katalon.core.webui.keyword.builtin.SelectOptionByValueKeyword.execute(SelectOptionByValueKeyword.groovy:71)
	at com.kms.katalon.core.keyword.internal.KeywordExecutor.executeKeywordForPlatform(KeywordExecutor.groovy:74)
	at com.kms.katalon.core.webui.keyword.WebUiBuiltInKeywords.selectOptionByValue(WebUiBuiltInKeywords.groovy:1168)
	at com.kms.katalon.core.webui.keyword.WebUiBuiltInKeywords$selectOptionByValue$6.call(Unknown Source)
	at 13_thêm giáo viên vào course.run(13_thêm giáo viên vào course:49)
	at com.kms.katalon.core.main.ScriptEngine.run(ScriptEngine.java:194)
	at com.kms.katalon.core.main.ScriptEngine.runScriptAsRawText(ScriptEngine.java:119)
	at com.kms.katalon.core.main.TestCaseExecutor.runScript(TestCaseExecutor.java:442)
	at com.kms.katalon.core.main.TestCaseExecutor.doExecute(TestCaseExecutor.java:433)
	at com.kms.katalon.core.main.TestCaseExecutor.processExecutionPhase(TestCaseExecutor.java:412)
	at com.kms.katalon.core.main.TestCaseExecutor.accessMainPhase(TestCaseExecutor.java:404)
	at com.kms.katalon.core.main.TestCaseExecutor.execute(TestCaseExecutor.java:281)
	at com.kms.katalon.core.main.TestCaseExecutor.execute(TestCaseExecutor.java:363)
	at com.kms.katalon.core.main.TestCaseExecutor.execute(TestCaseExecutor.java:363)
	at com.kms.katalon.core.main.TestCaseExecutor.execute(TestCaseExecutor.java:363)
	at com.kms.katalon.core.main.TestSuiteExecutor.accessTestCaseMainPhase(TestSuiteExecutor.java:202)
	at com.kms.katalon.core.main.TestSuiteExecutor.accessTestSuiteMainPhase(TestSuiteExecutor.java:164)
	at com.kms.katalon.core.main.TestSuiteExecutor.execute(TestSuiteExecutor.java:105)
	at com.kms.katalon.core.main.TestCaseMain.startTestSuite(TestCaseMain.java:181)
	at com.kms.katalon.core.main.TestCaseMain$startTestSuite$0.call(Unknown Source)
	at TempTestSuite1642165037865.run(TempTestSuite1642165037865.groovy:36)
Caused by: com.kms.katalon.core.webui.exception.WebElementNotFoundException: Web element with id: 'Object Repository/Page_AI Participants/select_Manager            Teacher          _ffc00f' located by '//select[@id='id_roletoassign']' not found
	at com.kms.katalon.core.webui.common.WebUiCommonHelper.findWebElement(WebUiCommonHelper.java:1368)
	at com.kms.katalon.core.webui.keyword.internal.WebUIAbstractKeyword.findWebElement(WebUIAbstractKeyword.groovy:27)
	at com.kms.katalon.core.webui.keyword.internal.WebUIAbstractKeyword.findWebElement(WebUIAbstractKeyword.groovy:26)
	at com.kms.katalon.core.webui.keyword.builtin.SelectOptionByValueKeyword$_selectOptionByValue_closure1.doCall(SelectOptionByValueKeyword.groovy:86)
	at com.kms.katalon.core.webui.keyword.builtin.SelectOptionByValueKeyword$_selectOptionByValue_closure1.call(SelectOptionByValueKeyword.groovy)
	at com.kms.katalon.core.webui.keyword.internal.WebUIKeywordMain.runKeyword(WebUIKeywordMain.groovy:20)
	at com.kms.katalon.core.webui.keyword.builtin.SelectOptionByValueKeyword.selectOptionByValue(SelectOptionByValueKeyword.groovy:99)
	at com.kms.katalon.core.webui.keyword.builtin.SelectOptionByValueKeyword.execute(SelectOptionByValueKeyword.groovy:71)
	at com.kms.katalon.core.keyword.internal.KeywordExecutor.executeKeywordForPlatform(KeywordExecutor.groovy:74)
	at com.kms.katalon.core.webui.keyword.WebUiBuiltInKeywords.selectOptionByValue(WebUiBuiltInKeywords.groovy:1168)
	at com.kms.katalon.core.webui.keyword.WebUiBuiltInKeywords$selectOptionByValue$6.call(Unknown Source)
	at Script1641923359943.run(Script1641923359943.groovy:49)
	... 16 more
)

2022-01-14 20:09:22 - [MESSAGE][INFO] - Unable to find the element located by 'By.xpath: //select[@id='id_roletoassign']'. Please recheck the objects properties to make sure the desired element is located. 

2022-01-14 20:09:22 - [MESSAGE][WARNING] - [SELF-HEALING] Failed to find element with id 'Object Repository/Page_AI Participants/select_Manager            Teacher          _ffc00f'. Try using Self-healing.

2022-01-14 20:09:22 - [MESSAGE][INFO] - [SELF-HEALING] Failed Locator: '//select[@id='id_roletoassign']'.

2022-01-14 20:09:23 - [MESSAGE][INFO] - [SELF-HEALING] Failed Locator: '//div[@id='yui_3_17_2_1_1641958206772_348']/select'.

2022-01-14 20:09:23 - [MESSAGE][INFO] - [SELF-HEALING] Working Locator: '(.//*[normalize-space(text()) and normalize-space(.)='Assign role'])[1]/following::select[1]'.

2022-01-14 20:09:23 - [MESSAGE][ERROR] - [SELF-HEALING] Cannot save screenshot to: D:\nam 3\nhap mon CNPM\bonus project\Test-Automation-SE-Bonus\Reports\Self-healing, reason: unknown error: unhandled inspector error: {"code":-32000,"message":"Cannot take screenshot with 0 width."}
  (Session info: chrome=97.0.4692.71)
Build info: version: '3.141.59', revision: 'e82be7d358', time: '2018-11-14T08:25:53'
System info: host: 'ADMIN', ip: '192.168.1.148', os.name: 'Windows 10', os.arch: 'amd64', os.version: '10.0', java.version: '1.8.0_282'
Driver info: com.kms.katalon.selenium.driver.CChromeDriver
Capabilities {acceptInsecureCerts: false, browserName: chrome, browserVersion: 97.0.4692.71, chrome: {chromedriverVersion: 97.0.4692.71 (adefa7837d02a..., userDataDir: C:\Users\Admin\AppData\Loca...}, goog:chromeOptions: {debuggerAddress: localhost:61804}, javascriptEnabled: true, networkConnectionEnabled: false, pageLoadStrategy: normal, platform: WINDOWS, platformName: WINDOWS, proxy: Proxy(), setWindowRect: true, strictFileInteractability: false, timeouts: {implicit: 0, pageLoad: 300000, script: 30000}, unhandledPromptBehavior: dismiss and notify, webauthn:extension:credBlob: true, webauthn:extension:largeBlob: true, webauthn:virtualAuthenticators: true}
Session ID: ff821a108ce487f67f3b077a8d033f83.

2022-01-14 20:09:23 - [MESSAGE][ERROR] - [SELF-HEALING] Cannot save screenshot to: D:\nam 3\nhap mon CNPM\bonus project\Test-Automation-SE-Bonus\Reports\Self-healing, reason: unknown error: unhandled inspector error: {"code":-32000,"message":"Cannot take screenshot with 0 width."}
  (Session info: chrome=97.0.4692.71)
Build info: version: '3.141.59', revision: 'e82be7d358', time: '2018-11-14T08:25:53'
System info: host: 'ADMIN', ip: '192.168.1.148', os.name: 'Windows 10', os.arch: 'amd64', os.version: '10.0', java.version: '1.8.0_282'
Driver info: com.kms.katalon.selenium.driver.CChromeDriver
Capabilities {acceptInsecureCerts: false, browserName: chrome, browserVersion: 97.0.4692.71, chrome: {chromedriverVersion: 97.0.4692.71 (adefa7837d02a..., userDataDir: C:\Users\Admin\AppData\Loca...}, goog:chromeOptions: {debuggerAddress: localhost:61804}, javascriptEnabled: true, networkConnectionEnabled: false, pageLoadStrategy: normal, platform: WINDOWS, platformName: WINDOWS, proxy: Proxy(), setWindowRect: true, strictFileInteractability: false, timeouts: {implicit: 0, pageLoad: 300000, script: 30000}, unhandledPromptBehavior: dismiss and notify, webauthn:extension:credBlob: true, webauthn:extension:largeBlob: true, webauthn:virtualAuthenticators: true}
Session ID: ff821a108ce487f67f3b077a8d033f83.

2022-01-14 20:09:23 - [MESSAGE][WARNING] - [SELF-HEALING] 'other' is different type of Path

2022-01-14 20:09:24 - [MESSAGE][INFO] - Unable to find the element located by 'By.xpath: //*[@name = 'roletoassign' and @id = 'id_roletoassign' and (text() = '
            Manager
            Teacher
            Non-editing teacher
            Student
        ' or . = '
            Manager
            Teacher
            Non-editing teacher
            Student
        ')]'. Please recheck the objects properties to make sure the desired element is located. 

2022-01-14 20:09:25 - [MESSAGE][INFO] - Unable to find the element located by 'By.cssSelector: #id_roletoassign'. Please recheck the objects properties to make sure the desired element is located. 

2022-01-14 20:09:25 - [MESSAGE][FAILED] - Unable to select option by value '3' of object 'Object Repository/Page_AI Participants/select_Manager            Teacher          _ffc00f'  using regular expression (Root cause: com.kms.katalon.core.exception.StepFailedException: Unable to select option by value '3' of object 'Object Repository/Page_AI Participants/select_Manager            Teacher          _ffc00f'  using regular expression
	at com.kms.katalon.core.webui.keyword.internal.WebUIKeywordMain.stepFailed(WebUIKeywordMain.groovy:64)
	at com.kms.katalon.core.webui.keyword.internal.WebUIKeywordMain.runKeyword(WebUIKeywordMain.groovy:26)
	at com.kms.katalon.core.webui.keyword.builtin.SelectOptionByValueKeyword.selectOptionByValue(SelectOptionByValueKeyword.groovy:99)
	at com.kms.katalon.core.webui.keyword.builtin.SelectOptionByValueKeyword.execute(SelectOptionByValueKeyword.groovy:71)
	at com.kms.katalon.core.keyword.internal.KeywordExecutor.executeKeywordForPlatform(KeywordExecutor.groovy:74)
	at com.kms.katalon.core.webui.keyword.WebUiBuiltInKeywords.selectOptionByValue(WebUiBuiltInKeywords.groovy:1168)
	at com.kms.katalon.core.webui.keyword.WebUiBuiltInKeywords$selectOptionByValue$6.call(Unknown Source)
	at 13_thêm giáo viên vào course.run(13_thêm giáo viên vào course:49)
	at com.kms.katalon.core.main.ScriptEngine.run(ScriptEngine.java:194)
	at com.kms.katalon.core.main.ScriptEngine.runScriptAsRawText(ScriptEngine.java:119)
	at com.kms.katalon.core.main.TestCaseExecutor.runScript(TestCaseExecutor.java:442)
	at com.kms.katalon.core.main.TestCaseExecutor.doExecute(TestCaseExecutor.java:433)
	at com.kms.katalon.core.main.TestCaseExecutor.processExecutionPhase(TestCaseExecutor.java:412)
	at com.kms.katalon.core.main.TestCaseExecutor.accessMainPhase(TestCaseExecutor.java:404)
	at com.kms.katalon.core.main.TestCaseExecutor.execute(TestCaseExecutor.java:281)
	at com.kms.katalon.core.main.TestCaseExecutor.execute(TestCaseExecutor.java:363)
	at com.kms.katalon.core.main.TestCaseExecutor.execute(TestCaseExecutor.java:363)
	at com.kms.katalon.core.main.TestCaseExecutor.execute(TestCaseExecutor.java:363)
	at com.kms.katalon.core.main.TestSuiteExecutor.accessTestCaseMainPhase(TestSuiteExecutor.java:202)
	at com.kms.katalon.core.main.TestSuiteExecutor.accessTestSuiteMainPhase(TestSuiteExecutor.java:164)
	at com.kms.katalon.core.main.TestSuiteExecutor.execute(TestSuiteExecutor.java:105)
	at com.kms.katalon.core.main.TestCaseMain.startTestSuite(TestCaseMain.java:181)
	at com.kms.katalon.core.main.TestCaseMain$startTestSuite$0.call(Unknown Source)
	at TempTestSuite1642165037865.run(TempTestSuite1642165037865.groovy:36)
Caused by: com.kms.katalon.core.webui.exception.WebElementNotFoundException: Web element with id: 'Object Repository/Page_AI Participants/select_Manager            Teacher          _ffc00f' located by '//select[@id='id_roletoassign']' not found
	at com.kms.katalon.core.webui.common.WebUiCommonHelper.findWebElement(WebUiCommonHelper.java:1368)
	at com.kms.katalon.core.webui.keyword.internal.WebUIAbstractKeyword.findWebElement(WebUIAbstractKeyword.groovy:27)
	at com.kms.katalon.core.webui.keyword.internal.WebUIAbstractKeyword.findWebElement(WebUIAbstractKeyword.groovy:26)
	at com.kms.katalon.core.webui.keyword.builtin.SelectOptionByValueKeyword$_selectOptionByValue_closure1.doCall(SelectOptionByValueKeyword.groovy:86)
	at com.kms.katalon.core.webui.keyword.builtin.SelectOptionByValueKeyword$_selectOptionByValue_closure1.call(SelectOptionByValueKeyword.groovy)
	at com.kms.katalon.core.webui.keyword.internal.WebUIKeywordMain.runKeyword(WebUIKeywordMain.groovy:20)
	at com.kms.katalon.core.webui.keyword.builtin.SelectOptionByValueKeyword.selectOptionByValue(SelectOptionByValueKeyword.groovy:99)
	at com.kms.katalon.core.webui.keyword.builtin.SelectOptionByValueKeyword.execute(SelectOptionByValueKeyword.groovy:71)
	at com.kms.katalon.core.keyword.internal.KeywordExecutor.executeKeywordForPlatform(KeywordExecutor.groovy:74)
	at com.kms.katalon.core.webui.keyword.WebUiBuiltInKeywords.selectOptionByValue(WebUiBuiltInKeywords.groovy:1168)
	at com.kms.katalon.core.webui.keyword.WebUiBuiltInKeywords$selectOptionByValue$6.call(Unknown Source)
	at Script1641923359943.run(Script1641923359943.groovy:49)
	... 16 more
)
[[ATTACHMENT|D:\\nam 3\\nhap mon CNPM\\bonus project\\Test-Automation-SE-Bonus\\Reports\\20220114_195717\\Run all test cases\\20220114_195717\\1642165765614.png]]]]></system-out>
         <system-err><![CDATA[2022-01-14 20:08:33 - [TEST_CASE][FAILED] - Test Cases/13_thêm giáo viên vào course: Test Cases/13_thêm giáo viên vào course FAILED.
Reason:
com.kms.katalon.core.exception.StepFailedException: Unable to select option by value '3' of object 'Object Repository/Page_AI Participants/select_Manager            Teacher          _ffc00f'  using regular expression
	at com.kms.katalon.core.webui.keyword.internal.WebUIKeywordMain.stepFailed(WebUIKeywordMain.groovy:64)
	at com.kms.katalon.core.webui.keyword.internal.WebUIKeywordMain.runKeyword(WebUIKeywordMain.groovy:26)
	at com.kms.katalon.core.webui.keyword.builtin.SelectOptionByValueKeyword.selectOptionByValue(SelectOptionByValueKeyword.groovy:99)
	at com.kms.katalon.core.webui.keyword.builtin.SelectOptionByValueKeyword.execute(SelectOptionByValueKeyword.groovy:71)
	at com.kms.katalon.core.keyword.internal.KeywordExecutor.executeKeywordForPlatform(KeywordExecutor.groovy:74)
	at com.kms.katalon.core.webui.keyword.WebUiBuiltInKeywords.selectOptionByValue(WebUiBuiltInKeywords.groovy:1168)
	at com.kms.katalon.core.webui.keyword.WebUiBuiltInKeywords$selectOptionByValue$6.call(Unknown Source)
	at 13_thêm giáo viên vào course.run(13_thêm giáo viên vào course:49)
	at com.kms.katalon.core.main.ScriptEngine.run(ScriptEngine.java:194)
	at com.kms.katalon.core.main.ScriptEngine.runScriptAsRawText(ScriptEngine.java:119)
	at com.kms.katalon.core.main.TestCaseExecutor.runScript(TestCaseExecutor.java:442)
	at com.kms.katalon.core.main.TestCaseExecutor.doExecute(TestCaseExecutor.java:433)
	at com.kms.katalon.core.main.TestCaseExecutor.processExecutionPhase(TestCaseExecutor.java:412)
	at com.kms.katalon.core.main.TestCaseExecutor.accessMainPhase(TestCaseExecutor.java:404)
	at com.kms.katalon.core.main.TestCaseExecutor.execute(TestCaseExecutor.java:281)
	at com.kms.katalon.core.main.TestCaseExecutor.execute(TestCaseExecutor.java:363)
	at com.kms.katalon.core.main.TestCaseExecutor.execute(TestCaseExecutor.java:363)
	at com.kms.katalon.core.main.TestCaseExecutor.execute(TestCaseExecutor.java:363)
	at com.kms.katalon.core.main.TestSuiteExecutor.accessTestCaseMainPhase(TestSuiteExecutor.java:202)
	at com.kms.katalon.core.main.TestSuiteExecutor.accessTestSuiteMainPhase(TestSuiteExecutor.java:164)
	at com.kms.katalon.core.main.TestSuiteExecutor.execute(TestSuiteExecutor.java:105)
	at com.kms.katalon.core.main.TestCaseMain.startTestSuite(TestCaseMain.java:181)
	at com.kms.katalon.core.main.TestCaseMain$startTestSuite$0.call(Unknown Source)
	at TempTestSuite1642165037865.run(TempTestSuite1642165037865.groovy:36)
Caused by: com.kms.katalon.core.webui.exception.WebElementNotFoundException: Web element with id: 'Object Repository/Page_AI Participants/select_Manager            Teacher          _ffc00f' located by '//select[@id='id_roletoassign']' not found
	at com.kms.katalon.core.webui.common.WebUiCommonHelper.findWebElement(WebUiCommonHelper.java:1368)
	at com.kms.katalon.core.webui.keyword.internal.WebUIAbstractKeyword.findWebElement(WebUIAbstractKeyword.groovy:27)
	at com.kms.katalon.core.webui.keyword.internal.WebUIAbstractKeyword.findWebElement(WebUIAbstractKeyword.groovy:26)
	at com.kms.katalon.core.webui.keyword.builtin.SelectOptionByValueKeyword$_selectOptionByValue_closure1.doCall(SelectOptionByValueKeyword.groovy:86)
	at com.kms.katalon.core.webui.keyword.builtin.SelectOptionByValueKeyword$_selectOptionByValue_closure1.call(SelectOptionByValueKeyword.groovy)
	at com.kms.katalon.core.webui.keyword.internal.WebUIKeywordMain.runKeyword(WebUIKeywordMain.groovy:20)
	... 22 more]]></system-err>
      </testcase>
      <testcase name="Test Cases/14_tìm kiếm theo vai trò" time="59.13" classname="Test Cases/14_tìm kiếm theo vai trò" status="FAILED">
         <failure type="FAILED" message="Test Cases/14_tìm kiếm theo vai trò FAILED.
Reason:
com.kms.katalon.core.exception.StepFailedException: Verify element text of test object 'Object Repository/Page_AI Participants/p_3 participants found' FAILED.
	at com.kms.katalon.core.webui.keyword.internal.WebUIKeywordMain.stepFailed(WebUIKeywordMain.groovy:64)
	at com.kms.katalon.core.webui.keyword.internal.WebUIKeywordMain.runKeyword(WebUIKeywordMain.groovy:26)
	at com.kms.katalon.core.webui.keyword.builtin.VerifyElementTextKeyword.verifyElementText(VerifyElementTextKeyword.groovy:72)
	at com.kms.katalon.core.webui.keyword.builtin.VerifyElementTextKeyword.execute(VerifyElementTextKeyword.groovy:40)
	at com.kms.katalon.core.keyword.internal.KeywordExecutor.executeKeywordForPlatform(KeywordExecutor.groovy:74)
	at com.kms.katalon.core.webui.keyword.WebUiBuiltInKeywords.verifyElementText(WebUiBuiltInKeywords.groovy:4749)
	at com.kms.katalon.core.webui.keyword.WebUiBuiltInKeywords$verifyElementText$7.call(Unknown Source)
	at 14_tìm kiếm theo vai trò.run(14_tìm kiếm theo vai trò:75)
	at com.kms.katalon.core.main.ScriptEngine.run(ScriptEngine.java:194)
	at com.kms.katalon.core.main.ScriptEngine.runScriptAsRawText(ScriptEngine.java:119)
	at com.kms.katalon.core.main.TestCaseExecutor.runScript(TestCaseExecutor.java:442)
	at com.kms.katalon.core.main.TestCaseExecutor.doExecute(TestCaseExecutor.java:433)
	at com.kms.katalon.core.main.TestCaseExecutor.processExecutionPhase(TestCaseExecutor.java:412)
	at com.kms.katalon.core.main.TestCaseExecutor.accessMainPhase(TestCaseExecutor.java:404)
	at com.kms.katalon.core.main.TestCaseExecutor.execute(TestCaseExecutor.java:281)
	at com.kms.katalon.core.main.TestCaseExecutor.execute(TestCaseExecutor.java:363)
	at com.kms.katalon.core.main.TestCaseExecutor.execute(TestCaseExecutor.java:363)
	at com.kms.katalon.core.main.TestCaseExecutor.execute(TestCaseExecutor.java:363)
	at com.kms.katalon.core.main.TestSuiteExecutor.accessTestCaseMainPhase(TestSuiteExecutor.java:202)
	at com.kms.katalon.core.main.TestSuiteExecutor.accessTestSuiteMainPhase(TestSuiteExecutor.java:164)
	at com.kms.katalon.core.main.TestSuiteExecutor.execute(TestSuiteExecutor.java:105)
	at com.kms.katalon.core.main.TestCaseMain.startTestSuite(TestCaseMain.java:181)
	at com.kms.katalon.core.main.TestCaseMain$startTestSuite$0.call(Unknown Source)
	at TempTestSuite1642165037865.run(TempTestSuite1642165037865.groovy:36)
Caused by: com.kms.katalon.core.exception.StepFailedException: Actual text '0 participants found' and expected text '3 participants found' of test object 'Object Repository/Page_AI Participants/p_3 participants found' are NOT matched.
	at com.kms.katalon.core.webui.keyword.internal.WebUIKeywordMain.stepFailed(WebUIKeywordMain.groovy:64)
	at com.kms.katalon.core.webui.keyword.builtin.VerifyElementTextKeyword$_verifyElementText_closure1.doCall(VerifyElementTextKeyword.groovy:57)
	at com.kms.katalon.core.webui.keyword.builtin.VerifyElementTextKeyword$_verifyElementText_closure1.call(VerifyElementTextKeyword.groovy)
	at com.kms.katalon.core.webui.keyword.internal.WebUIKeywordMain.runKeyword(WebUIKeywordMain.groovy:20)
	... 22 more
"/>
         <system-out><![CDATA[2022-01-14 20:12:31 - [TEST_CASE][FAILED] - Test Cases/14_tìm kiếm theo vai trò: Test Cases/14_tìm kiếm theo vai trò FAILED.
Reason:
com.kms.katalon.core.exception.StepFailedException: Verify element text of test object 'Object Repository/Page_AI Participants/p_3 participants found' FAILED.
	at com.kms.katalon.core.webui.keyword.internal.WebUIKeywordMain.stepFailed(WebUIKeywordMain.groovy:64)
	at com.kms.katalon.core.webui.keyword.internal.WebUIKeywordMain.runKeyword(WebUIKeywordMain.groovy:26)
	at com.kms.katalon.core.webui.keyword.builtin.VerifyElementTextKeyword.verifyElementText(VerifyElementTextKeyword.groovy:72)
	at com.kms.katalon.core.webui.keyword.builtin.VerifyElementTextKeyword.execute(VerifyElementTextKeyword.groovy:40)
	at com.kms.katalon.core.keyword.internal.KeywordExecutor.executeKeywordForPlatform(KeywordExecutor.groovy:74)
	at com.kms.katalon.core.webui.keyword.WebUiBuiltInKeywords.verifyElementText(WebUiBuiltInKeywords.groovy:4749)
	at com.kms.katalon.core.webui.keyword.WebUiBuiltInKeywords$verifyElementText$7.call(Unknown Source)
	at 14_tìm kiếm theo vai trò.run(14_tìm kiếm theo vai trò:75)
	at com.kms.katalon.core.main.ScriptEngine.run(ScriptEngine.java:194)
	at com.kms.katalon.core.main.ScriptEngine.runScriptAsRawText(ScriptEngine.java:119)
	at com.kms.katalon.core.main.TestCaseExecutor.runScript(TestCaseExecutor.java:442)
	at com.kms.katalon.core.main.TestCaseExecutor.doExecute(TestCaseExecutor.java:433)
	at com.kms.katalon.core.main.TestCaseExecutor.processExecutionPhase(TestCaseExecutor.java:412)
	at com.kms.katalon.core.main.TestCaseExecutor.accessMainPhase(TestCaseExecutor.java:404)
	at com.kms.katalon.core.main.TestCaseExecutor.execute(TestCaseExecutor.java:281)
	at com.kms.katalon.core.main.TestCaseExecutor.execute(TestCaseExecutor.java:363)
	at com.kms.katalon.core.main.TestCaseExecutor.execute(TestCaseExecutor.java:363)
	at com.kms.katalon.core.main.TestCaseExecutor.execute(TestCaseExecutor.java:363)
	at com.kms.katalon.core.main.TestSuiteExecutor.accessTestCaseMainPhase(TestSuiteExecutor.java:202)
	at com.kms.katalon.core.main.TestSuiteExecutor.accessTestSuiteMainPhase(TestSuiteExecutor.java:164)
	at com.kms.katalon.core.main.TestSuiteExecutor.execute(TestSuiteExecutor.java:105)
	at com.kms.katalon.core.main.TestCaseMain.startTestSuite(TestCaseMain.java:181)
	at com.kms.katalon.core.main.TestCaseMain$startTestSuite$0.call(Unknown Source)
	at TempTestSuite1642165037865.run(TempTestSuite1642165037865.groovy:36)
Caused by: com.kms.katalon.core.exception.StepFailedException: Actual text '0 participants found' and expected text '3 participants found' of test object 'Object Repository/Page_AI Participants/p_3 participants found' are NOT matched.
	at com.kms.katalon.core.webui.keyword.internal.WebUIKeywordMain.stepFailed(WebUIKeywordMain.groovy:64)
	at com.kms.katalon.core.webui.keyword.builtin.VerifyElementTextKeyword$_verifyElementText_closure1.doCall(VerifyElementTextKeyword.groovy:57)
	at com.kms.katalon.core.webui.keyword.builtin.VerifyElementTextKeyword$_verifyElementText_closure1.call(VerifyElementTextKeyword.groovy)
	at com.kms.katalon.core.webui.keyword.internal.WebUIKeywordMain.runKeyword(WebUIKeywordMain.groovy:20)
	... 22 more


2022-01-14 20:12:31 - [TEST_STEP][PASSED] - openBrowser(""): Browser is opened with url: ''

2022-01-14 20:12:31 - [MESSAGE][WARNING] - A browser is already opened. Closing browser and opening a new one

2022-01-14 20:12:32 - [MESSAGE][INFO] - Starting 'Chrome' driver

2022-01-14 20:12:32 - [MESSAGE][INFO] - Action delay is set to 0 milliseconds

2022-01-14 20:12:33 - [MESSAGE][PASSED] - Browser is opened with url: ''

2022-01-14 20:12:33 - [TEST_STEP][PASSED] - navigateToUrl("http://localhost/"): Navigate to 'http://localhost/' successfully

2022-01-14 20:12:34 - [MESSAGE][PASSED] - Navigate to 'http://localhost/' successfully

2022-01-14 20:12:34 - [TEST_STEP][PASSED] - click(findTestObject("Object Repository/Page_HCMUS/a_Log in")): Object: 'Object Repository/Page_HCMUS/a_Log in' is clicked on

2022-01-14 20:12:34 - [MESSAGE][PASSED] - Object: 'Object Repository/Page_HCMUS/a_Log in' is clicked on

2022-01-14 20:12:34 - [TEST_STEP][PASSED] - setText(findTestObject("Object Repository/Page_HCMUS Log in to the site/input_Username_username"), "admin"): Text 'admin' is set on object 'Object Repository/Page_HCMUS Log in to the site/input_Username_username'

2022-01-14 20:12:35 - [MESSAGE][PASSED] - Text 'admin' is set on object 'Object Repository/Page_HCMUS Log in to the site/input_Username_username'

2022-01-14 20:12:35 - [TEST_STEP][PASSED] - setEncryptedText(findTestObject("Object Repository/Page_HCMUS Log in to the site/input_Password_password"), "5MU2PI2jvJCK/lBTYOwt6g=="): Text ****** has been set on object 'Object Repository/Page_HCMUS Log in to the site/input_Password_password'

2022-01-14 20:12:36 - [MESSAGE][PASSED] - Text ****** has been set on object 'Object Repository/Page_HCMUS Log in to the site/input_Password_password'

2022-01-14 20:12:36 - [TEST_STEP][PASSED] - click(findTestObject("Object Repository/Page_HCMUS Log in to the site/button_Log in")): Object: 'Object Repository/Page_HCMUS Log in to the site/button_Log in' is clicked on

2022-01-14 20:12:37 - [MESSAGE][PASSED] - Object: 'Object Repository/Page_HCMUS Log in to the site/button_Log in' is clicked on

2022-01-14 20:12:37 - [TEST_STEP][PASSED] - click(findTestObject("Object Repository/Page_Dashboard/span_Site home")): Object: 'Object Repository/Page_Dashboard/span_Site home' is clicked on

2022-01-14 20:12:40 - [MESSAGE][PASSED] - Object: 'Object Repository/Page_Dashboard/span_Site home' is clicked on

2022-01-14 20:12:40 - [TEST_STEP][PASSED] - click(findTestObject("Object Repository/Page_HCMUS/a_Nhp mn tr tu nhn to")): Object: 'Object Repository/Page_HCMUS/a_Nhp mn tr tu nhn to' is clicked on

2022-01-14 20:12:41 - [MESSAGE][PASSED] - Object: 'Object Repository/Page_HCMUS/a_Nhp mn tr tu nhn to' is clicked on

2022-01-14 20:12:41 - [TEST_STEP][PASSED] - click(findTestObject("Object Repository/Page_Course Nhp mn tr tu nhn to/span_Participants")): Object: 'Object Repository/Page_Course Nhp mn tr tu nhn to/span_Participants' is clicked on

2022-01-14 20:12:42 - [MESSAGE][PASSED] - Object: 'Object Repository/Page_Course Nhp mn tr tu nhn to/span_Participants' is clicked on

2022-01-14 20:12:42 - [TEST_STEP][PASSED] - selectOptionByValue(findTestObject("Object Repository/Page_AI Participants/select_Select            Keyword           _1df56e"), "roles", true): All options with value 'roles' are selected in object 'Object Repository/Page_AI Participants/select_Select            Keyword           _1df56e'  using regular expression

2022-01-14 20:12:48 - [MESSAGE][INFO] - Unable to find the element located by 'By.xpath: //select[@id='core_user-local-participantsfilter-filterrow-filtertype-10']'. Please recheck the objects properties to make sure the desired element is located. 

2022-01-14 20:12:48 - [MESSAGE][WARNING] - [SELF-HEALING] Failed to find element with id 'Object Repository/Page_AI Participants/select_Select            Keyword           _1df56e'. Try using Self-healing.

2022-01-14 20:12:48 - [MESSAGE][WARNING] - [SELF-HEALING] The current locator of test object 'Object Repository/Page_AI Participants/select_Select            Keyword           _1df56e' was broken. Propose an alternative one: '(.//*[normalize-space(text()) and normalize-space(.)='Filter type'])[1]/following::select[1]'.

2022-01-14 20:12:49 - [MESSAGE][PASSED] - All options with value 'roles' are selected in object 'Object Repository/Page_AI Participants/select_Select            Keyword           _1df56e'  using regular expression

2022-01-14 20:12:49 - [TEST_STEP][PASSED] - setText(findTestObject("Object Repository/Page_AI Participants/input_Roles_form_autocomplete_input-1641958602006"), "Teacher"): Text 'Teacher' is set on object 'Object Repository/Page_AI Participants/input_Roles_form_autocomplete_input-1641958602006'

2022-01-14 20:12:55 - [MESSAGE][INFO] - Unable to find the element located by 'By.xpath: //input[@id='form_autocomplete_input-1641958602006']'. Please recheck the objects properties to make sure the desired element is located. 

2022-01-14 20:12:55 - [MESSAGE][WARNING] - [SELF-HEALING] Failed to find element with id 'Object Repository/Page_AI Participants/input_Roles_form_autocomplete_input-1641958602006'. Try using Self-healing.

2022-01-14 20:12:56 - [MESSAGE][WARNING] - [SELF-HEALING] The current locator of test object 'Object Repository/Page_AI Participants/input_Roles_form_autocomplete_input-1641958602006' was broken. Propose an alternative one: '//div[2]/div/input'.

2022-01-14 20:13:02 - [MESSAGE][INFO] - Unable to find the element located by 'By.xpath: //input[@id='form_autocomplete_input-1641958602006']'. Please recheck the objects properties to make sure the desired element is located. 

2022-01-14 20:13:02 - [MESSAGE][WARNING] - [SELF-HEALING] Failed to find element with id 'Object Repository/Page_AI Participants/input_Roles_form_autocomplete_input-1641958602006'. Try using Self-healing.

2022-01-14 20:13:02 - [MESSAGE][WARNING] - [SELF-HEALING] The current locator of test object 'Object Repository/Page_AI Participants/input_Roles_form_autocomplete_input-1641958602006' was broken. Propose an alternative one: '//div[2]/div/input'.

2022-01-14 20:13:02 - [MESSAGE][PASSED] - Text 'Teacher' is set on object 'Object Repository/Page_AI Participants/input_Roles_form_autocomplete_input-1641958602006'

2022-01-14 20:13:02 - [TEST_STEP][PASSED] - click(findTestObject("Object Repository/Page_AI Participants/li_Teacher")): Object: 'Object Repository/Page_AI Participants/li_Teacher' is clicked on

2022-01-14 20:13:09 - [MESSAGE][INFO] - Unable to find the element located by 'By.xpath: //li[@id='form_autocomplete_suggestions-1641958602006-3']'. Please recheck the objects properties to make sure the desired element is located. 

2022-01-14 20:13:09 - [MESSAGE][WARNING] - [SELF-HEALING] Failed to find element with id 'Object Repository/Page_AI Participants/li_Teacher'. Try using Self-healing.

2022-01-14 20:13:09 - [MESSAGE][WARNING] - [SELF-HEALING] The current locator of test object 'Object Repository/Page_AI Participants/li_Teacher' was broken. Propose an alternative one: '(.//*[normalize-space(text()) and normalize-space(.)='▼'])[1]/following::li[4]'.

2022-01-14 20:13:09 - [MESSAGE][PASSED] - Object: 'Object Repository/Page_AI Participants/li_Teacher' is clicked on

2022-01-14 20:13:09 - [TEST_STEP][PASSED] - selectOptionByValue(findTestObject("Object Repository/Page_AI Participants/select_No roles                    Manager _431b74"), "3", true): All options with value '3' are selected in object 'Object Repository/Page_AI Participants/select_No roles                    Manager _431b74'  using regular expression

2022-01-14 20:13:10 - [MESSAGE][PASSED] - All options with value '3' are selected in object 'Object Repository/Page_AI Participants/select_No roles                    Manager _431b74'  using regular expression

2022-01-14 20:13:10 - [TEST_STEP][PASSED] - selectOptionByValue(findTestObject("Object Repository/Page_AI Participants/select_No roles                    Manager _431b74"), "3", true): All options with value '3' are selected in object 'Object Repository/Page_AI Participants/select_No roles                    Manager _431b74'  using regular expression

2022-01-14 20:13:11 - [MESSAGE][PASSED] - All options with value '3' are selected in object 'Object Repository/Page_AI Participants/select_No roles                    Manager _431b74'  using regular expression

2022-01-14 20:13:11 - [TEST_STEP][PASSED] - selectOptionByValue(findTestObject("Object Repository/Page_AI Participants/select_No roles                    Manager _431b74"), "3", true): All options with value '3' are selected in object 'Object Repository/Page_AI Participants/select_No roles                    Manager _431b74'  using regular expression

2022-01-14 20:13:12 - [MESSAGE][PASSED] - All options with value '3' are selected in object 'Object Repository/Page_AI Participants/select_No roles                    Manager _431b74'  using regular expression

2022-01-14 20:13:12 - [TEST_STEP][PASSED] - selectOptionByValue(findTestObject("Object Repository/Page_AI Participants/select_No roles                    Manager _431b74"), "3", true): All options with value '3' are selected in object 'Object Repository/Page_AI Participants/select_No roles                    Manager _431b74'  using regular expression

2022-01-14 20:13:13 - [MESSAGE][PASSED] - All options with value '3' are selected in object 'Object Repository/Page_AI Participants/select_No roles                    Manager _431b74'  using regular expression

2022-01-14 20:13:13 - [TEST_STEP][PASSED] - selectOptionByValue(findTestObject("Object Repository/Page_AI Participants/select_No roles                    Manager _431b74"), "3", true): All options with value '3' are selected in object 'Object Repository/Page_AI Participants/select_No roles                    Manager _431b74'  using regular expression

2022-01-14 20:13:14 - [MESSAGE][PASSED] - All options with value '3' are selected in object 'Object Repository/Page_AI Participants/select_No roles                    Manager _431b74'  using regular expression

2022-01-14 20:13:14 - [TEST_STEP][PASSED] - selectOptionByValue(findTestObject("Object Repository/Page_AI Participants/select_No roles                    Manager _431b74"), "3", true): All options with value '3' are selected in object 'Object Repository/Page_AI Participants/select_No roles                    Manager _431b74'  using regular expression

2022-01-14 20:13:14 - [MESSAGE][PASSED] - All options with value '3' are selected in object 'Object Repository/Page_AI Participants/select_No roles                    Manager _431b74'  using regular expression

2022-01-14 20:13:14 - [TEST_STEP][PASSED] - selectOptionByValue(findTestObject("Object Repository/Page_AI Participants/select_No roles                    Manager _431b74"), "3", true): All options with value '3' are selected in object 'Object Repository/Page_AI Participants/select_No roles                    Manager _431b74'  using regular expression

2022-01-14 20:13:15 - [MESSAGE][PASSED] - All options with value '3' are selected in object 'Object Repository/Page_AI Participants/select_No roles                    Manager _431b74'  using regular expression

2022-01-14 20:13:15 - [TEST_STEP][PASSED] - selectOptionByValue(findTestObject("Object Repository/Page_AI Participants/select_No roles                    Manager _431b74"), "3", true): All options with value '3' are selected in object 'Object Repository/Page_AI Participants/select_No roles                    Manager _431b74'  using regular expression

2022-01-14 20:13:16 - [MESSAGE][PASSED] - All options with value '3' are selected in object 'Object Repository/Page_AI Participants/select_No roles                    Manager _431b74'  using regular expression

2022-01-14 20:13:16 - [TEST_STEP][PASSED] - selectOptionByValue(findTestObject("Object Repository/Page_AI Participants/select_No roles                    Manager _431b74"), "3", true): All options with value '3' are selected in object 'Object Repository/Page_AI Participants/select_No roles                    Manager _431b74'  using regular expression

2022-01-14 20:13:17 - [MESSAGE][PASSED] - All options with value '3' are selected in object 'Object Repository/Page_AI Participants/select_No roles                    Manager _431b74'  using regular expression

2022-01-14 20:13:17 - [TEST_STEP][PASSED] - click(findTestObject("Object Repository/Page_AI Participants/button_Apply filters_1")): Object: 'Object Repository/Page_AI Participants/button_Apply filters_1' is clicked on

2022-01-14 20:13:23 - [MESSAGE][INFO] - Unable to find the element located by 'By.xpath: //button[@id='yui_3_17_2_1_1641958601846_71']'. Please recheck the objects properties to make sure the desired element is located. 

2022-01-14 20:13:23 - [MESSAGE][WARNING] - [SELF-HEALING] Failed to find element with id 'Object Repository/Page_AI Participants/button_Apply filters_1'. Try using Self-healing.

2022-01-14 20:13:23 - [MESSAGE][WARNING] - [SELF-HEALING] The current locator of test object 'Object Repository/Page_AI Participants/button_Apply filters_1' was broken. Propose an alternative one: '(.//*[normalize-space(text()) and normalize-space(.)='Clear filters'])[1]/following::button[1]'.

2022-01-14 20:13:23 - [MESSAGE][PASSED] - Object: 'Object Repository/Page_AI Participants/button_Apply filters_1' is clicked on

2022-01-14 20:13:23 - [TEST_STEP][FAILED] - verifyElementText(findTestObject("Object Repository/Page_AI Participants/p_3 participants found"), "3 participants found"): Verify element text of test object 'Object Repository/Page_AI Participants/p_3 participants found' FAILED. (Root cause: com.kms.katalon.core.exception.StepFailedException: Verify element text of test object 'Object Repository/Page_AI Participants/p_3 participants found' FAILED.
	at com.kms.katalon.core.webui.keyword.internal.WebUIKeywordMain.stepFailed(WebUIKeywordMain.groovy:64)
	at com.kms.katalon.core.webui.keyword.internal.WebUIKeywordMain.runKeyword(WebUIKeywordMain.groovy:26)
	at com.kms.katalon.core.webui.keyword.builtin.VerifyElementTextKeyword.verifyElementText(VerifyElementTextKeyword.groovy:72)
	at com.kms.katalon.core.webui.keyword.builtin.VerifyElementTextKeyword.execute(VerifyElementTextKeyword.groovy:40)
	at com.kms.katalon.core.keyword.internal.KeywordExecutor.executeKeywordForPlatform(KeywordExecutor.groovy:74)
	at com.kms.katalon.core.webui.keyword.WebUiBuiltInKeywords.verifyElementText(WebUiBuiltInKeywords.groovy:4749)
	at com.kms.katalon.core.webui.keyword.WebUiBuiltInKeywords$verifyElementText$7.call(Unknown Source)
	at 14_tìm kiếm theo vai trò.run(14_tìm kiếm theo vai trò:75)
	at com.kms.katalon.core.main.ScriptEngine.run(ScriptEngine.java:194)
	at com.kms.katalon.core.main.ScriptEngine.runScriptAsRawText(ScriptEngine.java:119)
	at com.kms.katalon.core.main.TestCaseExecutor.runScript(TestCaseExecutor.java:442)
	at com.kms.katalon.core.main.TestCaseExecutor.doExecute(TestCaseExecutor.java:433)
	at com.kms.katalon.core.main.TestCaseExecutor.processExecutionPhase(TestCaseExecutor.java:412)
	at com.kms.katalon.core.main.TestCaseExecutor.accessMainPhase(TestCaseExecutor.java:404)
	at com.kms.katalon.core.main.TestCaseExecutor.execute(TestCaseExecutor.java:281)
	at com.kms.katalon.core.main.TestCaseExecutor.execute(TestCaseExecutor.java:363)
	at com.kms.katalon.core.main.TestCaseExecutor.execute(TestCaseExecutor.java:363)
	at com.kms.katalon.core.main.TestCaseExecutor.execute(TestCaseExecutor.java:363)
	at com.kms.katalon.core.main.TestSuiteExecutor.accessTestCaseMainPhase(TestSuiteExecutor.java:202)
	at com.kms.katalon.core.main.TestSuiteExecutor.accessTestSuiteMainPhase(TestSuiteExecutor.java:164)
	at com.kms.katalon.core.main.TestSuiteExecutor.execute(TestSuiteExecutor.java:105)
	at com.kms.katalon.core.main.TestCaseMain.startTestSuite(TestCaseMain.java:181)
	at com.kms.katalon.core.main.TestCaseMain$startTestSuite$0.call(Unknown Source)
	at TempTestSuite1642165037865.run(TempTestSuite1642165037865.groovy:36)
Caused by: com.kms.katalon.core.exception.StepFailedException: Actual text '0 participants found' and expected text '3 participants found' of test object 'Object Repository/Page_AI Participants/p_3 participants found' are NOT matched.
	at com.kms.katalon.core.webui.keyword.internal.WebUIKeywordMain.stepFailed(WebUIKeywordMain.groovy:64)
	at com.kms.katalon.core.webui.keyword.builtin.VerifyElementTextKeyword$_verifyElementText_closure1.doCall(VerifyElementTextKeyword.groovy:57)
	at com.kms.katalon.core.webui.keyword.builtin.VerifyElementTextKeyword$_verifyElementText_closure1.call(VerifyElementTextKeyword.groovy)
	at com.kms.katalon.core.webui.keyword.internal.WebUIKeywordMain.runKeyword(WebUIKeywordMain.groovy:20)
	... 22 more
)

2022-01-14 20:13:30 - [MESSAGE][INFO] - Unable to find the element located by 'By.xpath: //p[@id='yui_3_17_2_1_1641958601846_73']'. Please recheck the objects properties to make sure the desired element is located. 

2022-01-14 20:13:30 - [MESSAGE][WARNING] - [SELF-HEALING] Failed to find element with id 'Object Repository/Page_AI Participants/p_3 participants found'. Try using Self-healing.

2022-01-14 20:13:30 - [MESSAGE][WARNING] - [SELF-HEALING] The current locator of test object 'Object Repository/Page_AI Participants/p_3 participants found' was broken. Propose an alternative one: '(.//*[normalize-space(text()) and normalize-space(.)='Apply filters'])[1]/following::p[1]'.

2022-01-14 20:13:30 - [MESSAGE][FAILED] - Actual text '0 participants found' and expected text '3 participants found' of test object 'Object Repository/Page_AI Participants/p_3 participants found' are NOT matched. (Root cause: com.kms.katalon.core.exception.StepFailedException: Actual text '0 participants found' and expected text '3 participants found' of test object 'Object Repository/Page_AI Participants/p_3 participants found' are NOT matched.
	at com.kms.katalon.core.webui.keyword.internal.WebUIKeywordMain.stepFailed(WebUIKeywordMain.groovy:64)
	at com.kms.katalon.core.webui.keyword.builtin.VerifyElementTextKeyword$_verifyElementText_closure1.doCall(VerifyElementTextKeyword.groovy:57)
	at com.kms.katalon.core.webui.keyword.builtin.VerifyElementTextKeyword$_verifyElementText_closure1.call(VerifyElementTextKeyword.groovy)
	at com.kms.katalon.core.webui.keyword.internal.WebUIKeywordMain.runKeyword(WebUIKeywordMain.groovy:20)
	at com.kms.katalon.core.webui.keyword.builtin.VerifyElementTextKeyword.verifyElementText(VerifyElementTextKeyword.groovy:72)
	at com.kms.katalon.core.webui.keyword.builtin.VerifyElementTextKeyword.execute(VerifyElementTextKeyword.groovy:40)
	at com.kms.katalon.core.keyword.internal.KeywordExecutor.executeKeywordForPlatform(KeywordExecutor.groovy:74)
	at com.kms.katalon.core.webui.keyword.WebUiBuiltInKeywords.verifyElementText(WebUiBuiltInKeywords.groovy:4749)
	at com.kms.katalon.core.webui.keyword.WebUiBuiltInKeywords$verifyElementText$7.call(Unknown Source)
	at 14_tìm kiếm theo vai trò.run(14_tìm kiếm theo vai trò:75)
	at com.kms.katalon.core.main.ScriptEngine.run(ScriptEngine.java:194)
	at com.kms.katalon.core.main.ScriptEngine.runScriptAsRawText(ScriptEngine.java:119)
	at com.kms.katalon.core.main.TestCaseExecutor.runScript(TestCaseExecutor.java:442)
	at com.kms.katalon.core.main.TestCaseExecutor.doExecute(TestCaseExecutor.java:433)
	at com.kms.katalon.core.main.TestCaseExecutor.processExecutionPhase(TestCaseExecutor.java:412)
	at com.kms.katalon.core.main.TestCaseExecutor.accessMainPhase(TestCaseExecutor.java:404)
	at com.kms.katalon.core.main.TestCaseExecutor.execute(TestCaseExecutor.java:281)
	at com.kms.katalon.core.main.TestCaseExecutor.execute(TestCaseExecutor.java:363)
	at com.kms.katalon.core.main.TestCaseExecutor.execute(TestCaseExecutor.java:363)
	at com.kms.katalon.core.main.TestCaseExecutor.execute(TestCaseExecutor.java:363)
	at com.kms.katalon.core.main.TestSuiteExecutor.accessTestCaseMainPhase(TestSuiteExecutor.java:202)
	at com.kms.katalon.core.main.TestSuiteExecutor.accessTestSuiteMainPhase(TestSuiteExecutor.java:164)
	at com.kms.katalon.core.main.TestSuiteExecutor.execute(TestSuiteExecutor.java:105)
	at com.kms.katalon.core.main.TestCaseMain.startTestSuite(TestCaseMain.java:181)
	at com.kms.katalon.core.main.TestCaseMain$startTestSuite$0.call(Unknown Source)
	at TempTestSuite1642165037865.run(TempTestSuite1642165037865.groovy:36)
)
[[ATTACHMENT|D:\\nam 3\\nhap mon CNPM\\bonus project\\Test-Automation-SE-Bonus\\Reports\\20220114_195717\\Run all test cases\\20220114_195717\\1642166010311.png]]

2022-01-14 20:13:30 - [MESSAGE][FAILED] - Verify element text of test object 'Object Repository/Page_AI Participants/p_3 participants found' FAILED. (Root cause: com.kms.katalon.core.exception.StepFailedException: Verify element text of test object 'Object Repository/Page_AI Participants/p_3 participants found' FAILED.
	at com.kms.katalon.core.webui.keyword.internal.WebUIKeywordMain.stepFailed(WebUIKeywordMain.groovy:64)
	at com.kms.katalon.core.webui.keyword.internal.WebUIKeywordMain.runKeyword(WebUIKeywordMain.groovy:26)
	at com.kms.katalon.core.webui.keyword.builtin.VerifyElementTextKeyword.verifyElementText(VerifyElementTextKeyword.groovy:72)
	at com.kms.katalon.core.webui.keyword.builtin.VerifyElementTextKeyword.execute(VerifyElementTextKeyword.groovy:40)
	at com.kms.katalon.core.keyword.internal.KeywordExecutor.executeKeywordForPlatform(KeywordExecutor.groovy:74)
	at com.kms.katalon.core.webui.keyword.WebUiBuiltInKeywords.verifyElementText(WebUiBuiltInKeywords.groovy:4749)
	at com.kms.katalon.core.webui.keyword.WebUiBuiltInKeywords$verifyElementText$7.call(Unknown Source)
	at 14_tìm kiếm theo vai trò.run(14_tìm kiếm theo vai trò:75)
	at com.kms.katalon.core.main.ScriptEngine.run(ScriptEngine.java:194)
	at com.kms.katalon.core.main.ScriptEngine.runScriptAsRawText(ScriptEngine.java:119)
	at com.kms.katalon.core.main.TestCaseExecutor.runScript(TestCaseExecutor.java:442)
	at com.kms.katalon.core.main.TestCaseExecutor.doExecute(TestCaseExecutor.java:433)
	at com.kms.katalon.core.main.TestCaseExecutor.processExecutionPhase(TestCaseExecutor.java:412)
	at com.kms.katalon.core.main.TestCaseExecutor.accessMainPhase(TestCaseExecutor.java:404)
	at com.kms.katalon.core.main.TestCaseExecutor.execute(TestCaseExecutor.java:281)
	at com.kms.katalon.core.main.TestCaseExecutor.execute(TestCaseExecutor.java:363)
	at com.kms.katalon.core.main.TestCaseExecutor.execute(TestCaseExecutor.java:363)
	at com.kms.katalon.core.main.TestCaseExecutor.execute(TestCaseExecutor.java:363)
	at com.kms.katalon.core.main.TestSuiteExecutor.accessTestCaseMainPhase(TestSuiteExecutor.java:202)
	at com.kms.katalon.core.main.TestSuiteExecutor.accessTestSuiteMainPhase(TestSuiteExecutor.java:164)
	at com.kms.katalon.core.main.TestSuiteExecutor.execute(TestSuiteExecutor.java:105)
	at com.kms.katalon.core.main.TestCaseMain.startTestSuite(TestCaseMain.java:181)
	at com.kms.katalon.core.main.TestCaseMain$startTestSuite$0.call(Unknown Source)
	at TempTestSuite1642165037865.run(TempTestSuite1642165037865.groovy:36)
Caused by: com.kms.katalon.core.exception.StepFailedException: Actual text '0 participants found' and expected text '3 participants found' of test object 'Object Repository/Page_AI Participants/p_3 participants found' are NOT matched.
	at com.kms.katalon.core.webui.keyword.internal.WebUIKeywordMain.stepFailed(WebUIKeywordMain.groovy:64)
	at com.kms.katalon.core.webui.keyword.builtin.VerifyElementTextKeyword$_verifyElementText_closure1.doCall(VerifyElementTextKeyword.groovy:57)
	at com.kms.katalon.core.webui.keyword.builtin.VerifyElementTextKeyword$_verifyElementText_closure1.call(VerifyElementTextKeyword.groovy)
	at com.kms.katalon.core.webui.keyword.internal.WebUIKeywordMain.runKeyword(WebUIKeywordMain.groovy:20)
	... 22 more
)
[[ATTACHMENT|D:\\nam 3\\nhap mon CNPM\\bonus project\\Test-Automation-SE-Bonus\\Reports\\20220114_195717\\Run all test cases\\20220114_195717\\1642166010476.png]]]]></system-out>
         <system-err><![CDATA[2022-01-14 20:12:31 - [TEST_CASE][FAILED] - Test Cases/14_tìm kiếm theo vai trò: Test Cases/14_tìm kiếm theo vai trò FAILED.
Reason:
com.kms.katalon.core.exception.StepFailedException: Verify element text of test object 'Object Repository/Page_AI Participants/p_3 participants found' FAILED.
	at com.kms.katalon.core.webui.keyword.internal.WebUIKeywordMain.stepFailed(WebUIKeywordMain.groovy:64)
	at com.kms.katalon.core.webui.keyword.internal.WebUIKeywordMain.runKeyword(WebUIKeywordMain.groovy:26)
	at com.kms.katalon.core.webui.keyword.builtin.VerifyElementTextKeyword.verifyElementText(VerifyElementTextKeyword.groovy:72)
	at com.kms.katalon.core.webui.keyword.builtin.VerifyElementTextKeyword.execute(VerifyElementTextKeyword.groovy:40)
	at com.kms.katalon.core.keyword.internal.KeywordExecutor.executeKeywordForPlatform(KeywordExecutor.groovy:74)
	at com.kms.katalon.core.webui.keyword.WebUiBuiltInKeywords.verifyElementText(WebUiBuiltInKeywords.groovy:4749)
	at com.kms.katalon.core.webui.keyword.WebUiBuiltInKeywords$verifyElementText$7.call(Unknown Source)
	at 14_tìm kiếm theo vai trò.run(14_tìm kiếm theo vai trò:75)
	at com.kms.katalon.core.main.ScriptEngine.run(ScriptEngine.java:194)
	at com.kms.katalon.core.main.ScriptEngine.runScriptAsRawText(ScriptEngine.java:119)
	at com.kms.katalon.core.main.TestCaseExecutor.runScript(TestCaseExecutor.java:442)
	at com.kms.katalon.core.main.TestCaseExecutor.doExecute(TestCaseExecutor.java:433)
	at com.kms.katalon.core.main.TestCaseExecutor.processExecutionPhase(TestCaseExecutor.java:412)
	at com.kms.katalon.core.main.TestCaseExecutor.accessMainPhase(TestCaseExecutor.java:404)
	at com.kms.katalon.core.main.TestCaseExecutor.execute(TestCaseExecutor.java:281)
	at com.kms.katalon.core.main.TestCaseExecutor.execute(TestCaseExecutor.java:363)
	at com.kms.katalon.core.main.TestCaseExecutor.execute(TestCaseExecutor.java:363)
	at com.kms.katalon.core.main.TestCaseExecutor.execute(TestCaseExecutor.java:363)
	at com.kms.katalon.core.main.TestSuiteExecutor.accessTestCaseMainPhase(TestSuiteExecutor.java:202)
	at com.kms.katalon.core.main.TestSuiteExecutor.accessTestSuiteMainPhase(TestSuiteExecutor.java:164)
	at com.kms.katalon.core.main.TestSuiteExecutor.execute(TestSuiteExecutor.java:105)
	at com.kms.katalon.core.main.TestCaseMain.startTestSuite(TestCaseMain.java:181)
	at com.kms.katalon.core.main.TestCaseMain$startTestSuite$0.call(Unknown Source)
	at TempTestSuite1642165037865.run(TempTestSuite1642165037865.groovy:36)
Caused by: com.kms.katalon.core.exception.StepFailedException: Actual text '0 participants found' and expected text '3 participants found' of test object 'Object Repository/Page_AI Participants/p_3 participants found' are NOT matched.
	at com.kms.katalon.core.webui.keyword.internal.WebUIKeywordMain.stepFailed(WebUIKeywordMain.groovy:64)
	at com.kms.katalon.core.webui.keyword.builtin.VerifyElementTextKeyword$_verifyElementText_closure1.doCall(VerifyElementTextKeyword.groovy:57)
	at com.kms.katalon.core.webui.keyword.builtin.VerifyElementTextKeyword$_verifyElementText_closure1.call(VerifyElementTextKeyword.groovy)
	at com.kms.katalon.core.webui.keyword.internal.WebUIKeywordMain.runKeyword(WebUIKeywordMain.groovy:20)
	... 22 more]]></system-err>
      </testcase>
      <testcase name="Test Cases/15_thêm lịch cho 1 course thành công" time="42.34" classname="Test Cases/15_thêm lịch cho 1 course thành công" status="FAILED">
         <failure type="FAILED" message="Test Cases/15_thêm lịch cho 1 course thành công FAILED.
Reason:
com.kms.katalon.core.exception.StepFailedException: Unable to click on object 'Object Repository/Page_AI Calendar Detailed month view January 2022/button_Month'
	at com.kms.katalon.core.webui.keyword.internal.WebUIKeywordMain.stepFailed(WebUIKeywordMain.groovy:64)
	at com.kms.katalon.core.webui.keyword.internal.WebUIKeywordMain.runKeyword(WebUIKeywordMain.groovy:26)
	at com.kms.katalon.core.webui.keyword.builtin.ClickKeyword.click(ClickKeyword.groovy:74)
	at com.kms.katalon.core.webui.keyword.builtin.ClickKeyword.execute(ClickKeyword.groovy:40)
	at com.kms.katalon.core.keyword.internal.KeywordExecutor.executeKeywordForPlatform(KeywordExecutor.groovy:74)
	at com.kms.katalon.core.webui.keyword.WebUiBuiltInKeywords.click(WebUiBuiltInKeywords.groovy:620)
	at com.kms.katalon.core.webui.keyword.WebUiBuiltInKeywords$click$1.call(Unknown Source)
	at 15_thêm lịch cho 1 course thành công.run(15_thêm lịch cho 1 course thành công:47)
	at com.kms.katalon.core.main.ScriptEngine.run(ScriptEngine.java:194)
	at com.kms.katalon.core.main.ScriptEngine.runScriptAsRawText(ScriptEngine.java:119)
	at com.kms.katalon.core.main.TestCaseExecutor.runScript(TestCaseExecutor.java:442)
	at com.kms.katalon.core.main.TestCaseExecutor.doExecute(TestCaseExecutor.java:433)
	at com.kms.katalon.core.main.TestCaseExecutor.processExecutionPhase(TestCaseExecutor.java:412)
	at com.kms.katalon.core.main.TestCaseExecutor.accessMainPhase(TestCaseExecutor.java:404)
	at com.kms.katalon.core.main.TestCaseExecutor.execute(TestCaseExecutor.java:281)
	at com.kms.katalon.core.main.TestCaseExecutor.execute(TestCaseExecutor.java:363)
	at com.kms.katalon.core.main.TestCaseExecutor.execute(TestCaseExecutor.java:363)
	at com.kms.katalon.core.main.TestCaseExecutor.execute(TestCaseExecutor.java:363)
	at com.kms.katalon.core.main.TestSuiteExecutor.accessTestCaseMainPhase(TestSuiteExecutor.java:202)
	at com.kms.katalon.core.main.TestSuiteExecutor.accessTestSuiteMainPhase(TestSuiteExecutor.java:164)
	at com.kms.katalon.core.main.TestSuiteExecutor.execute(TestSuiteExecutor.java:105)
	at com.kms.katalon.core.main.TestCaseMain.startTestSuite(TestCaseMain.java:181)
	at com.kms.katalon.core.main.TestCaseMain$startTestSuite$0.call(Unknown Source)
	at TempTestSuite1642165037865.run(TempTestSuite1642165037865.groovy:36)
Caused by: org.openqa.selenium.ElementClickInterceptedException: element click intercepted: Element &lt;button id=&quot;calendarviewdropdown&quot; type=&quot;button&quot; class=&quot;btn btn-outline-secondary dropdown-toggle&quot; data-toggle=&quot;dropdown&quot; aria-haspopup=&quot;true&quot; aria-expanded=&quot;false&quot;>...&lt;/button> is not clickable at point (368, 256). Other element would receive the click: &lt;div class=&quot;col-md-9 form-inline align-items-start felement&quot; data-fieldtype=&quot;select&quot;>...&lt;/div>
  (Session info: chrome=97.0.4692.71)
Build info: version: '3.141.59', revision: 'e82be7d358', time: '2018-11-14T08:25:53'
System info: host: 'ADMIN', ip: '192.168.1.148', os.name: 'Windows 10', os.arch: 'amd64', os.version: '10.0', java.version: '1.8.0_282'
Driver info: com.kms.katalon.selenium.driver.CChromeDriver
Capabilities {acceptInsecureCerts: false, browserName: chrome, browserVersion: 97.0.4692.71, chrome: {chromedriverVersion: 97.0.4692.71 (adefa7837d02a..., userDataDir: C:\Users\Admin\AppData\Loca...}, goog:chromeOptions: {debuggerAddress: localhost:61659}, javascriptEnabled: true, networkConnectionEnabled: false, pageLoadStrategy: normal, platform: WINDOWS, platformName: WINDOWS, proxy: Proxy(), setWindowRect: true, strictFileInteractability: false, timeouts: {implicit: 0, pageLoad: 300000, script: 30000}, unhandledPromptBehavior: dismiss and notify, webauthn:extension:credBlob: true, webauthn:extension:largeBlob: true, webauthn:virtualAuthenticators: true}
Session ID: 5672d185f7ce3ea56b43595aca5f200e
	at org.openqa.selenium.remote.http.W3CHttpResponseCodec.createException(W3CHttpResponseCodec.java:187)
	at org.openqa.selenium.remote.http.W3CHttpResponseCodec.decode(W3CHttpResponseCodec.java:122)
	at org.openqa.selenium.remote.http.W3CHttpResponseCodec.decode(W3CHttpResponseCodec.java:49)
	at org.openqa.selenium.remote.HttpCommandExecutor.execute(HttpCommandExecutor.java:158)
	at org.openqa.selenium.remote.service.DriverCommandExecutor.execute(DriverCommandExecutor.java:83)
	at org.openqa.selenium.remote.RemoteWebDriver.execute(RemoteWebDriver.java:552)
	at com.kms.katalon.selenium.driver.CChromeDriver.execute(CChromeDriver.java:19)
	at org.openqa.selenium.remote.RemoteWebElement.execute(RemoteWebElement.java:285)
	at org.openqa.selenium.remote.RemoteWebElement.click(RemoteWebElement.java:84)
	at org.openqa.selenium.support.events.EventFiringWebDriver$EventFiringWebElement.lambda$new$0(EventFiringWebDriver.java:404)
	at com.sun.proxy.$Proxy11.click(Unknown Source)
	at org.openqa.selenium.support.events.EventFiringWebDriver$EventFiringWebElement.click(EventFiringWebDriver.java:417)
	at org.openqa.selenium.WebElement$click.call(Unknown Source)
	at com.kms.katalon.core.webui.keyword.builtin.ClickKeyword.clickUntilSuccessWithTimeout(ClickKeyword.groovy:81)
	at com.kms.katalon.core.webui.keyword.builtin.ClickKeyword.clickUntilSuccessWithTimeout(ClickKeyword.groovy)
	at com.kms.katalon.core.webui.keyword.builtin.ClickKeyword$_click_closure1.doCall(ClickKeyword.groovy:67)
	at com.kms.katalon.core.webui.keyword.builtin.ClickKeyword$_click_closure1.call(ClickKeyword.groovy)
	at com.kms.katalon.core.webui.keyword.internal.WebUIKeywordMain.runKeyword(WebUIKeywordMain.groovy:20)
	... 22 more
"/>
         <system-out><![CDATA[2022-01-14 20:15:29 - [TEST_CASE][FAILED] - Test Cases/15_thêm lịch cho 1 course thành công: Test Cases/15_thêm lịch cho 1 course thành công FAILED.
Reason:
com.kms.katalon.core.exception.StepFailedException: Unable to click on object 'Object Repository/Page_AI Calendar Detailed month view January 2022/button_Month'
	at com.kms.katalon.core.webui.keyword.internal.WebUIKeywordMain.stepFailed(WebUIKeywordMain.groovy:64)
	at com.kms.katalon.core.webui.keyword.internal.WebUIKeywordMain.runKeyword(WebUIKeywordMain.groovy:26)
	at com.kms.katalon.core.webui.keyword.builtin.ClickKeyword.click(ClickKeyword.groovy:74)
	at com.kms.katalon.core.webui.keyword.builtin.ClickKeyword.execute(ClickKeyword.groovy:40)
	at com.kms.katalon.core.keyword.internal.KeywordExecutor.executeKeywordForPlatform(KeywordExecutor.groovy:74)
	at com.kms.katalon.core.webui.keyword.WebUiBuiltInKeywords.click(WebUiBuiltInKeywords.groovy:620)
	at com.kms.katalon.core.webui.keyword.WebUiBuiltInKeywords$click$1.call(Unknown Source)
	at 15_thêm lịch cho 1 course thành công.run(15_thêm lịch cho 1 course thành công:47)
	at com.kms.katalon.core.main.ScriptEngine.run(ScriptEngine.java:194)
	at com.kms.katalon.core.main.ScriptEngine.runScriptAsRawText(ScriptEngine.java:119)
	at com.kms.katalon.core.main.TestCaseExecutor.runScript(TestCaseExecutor.java:442)
	at com.kms.katalon.core.main.TestCaseExecutor.doExecute(TestCaseExecutor.java:433)
	at com.kms.katalon.core.main.TestCaseExecutor.processExecutionPhase(TestCaseExecutor.java:412)
	at com.kms.katalon.core.main.TestCaseExecutor.accessMainPhase(TestCaseExecutor.java:404)
	at com.kms.katalon.core.main.TestCaseExecutor.execute(TestCaseExecutor.java:281)
	at com.kms.katalon.core.main.TestCaseExecutor.execute(TestCaseExecutor.java:363)
	at com.kms.katalon.core.main.TestCaseExecutor.execute(TestCaseExecutor.java:363)
	at com.kms.katalon.core.main.TestCaseExecutor.execute(TestCaseExecutor.java:363)
	at com.kms.katalon.core.main.TestSuiteExecutor.accessTestCaseMainPhase(TestSuiteExecutor.java:202)
	at com.kms.katalon.core.main.TestSuiteExecutor.accessTestSuiteMainPhase(TestSuiteExecutor.java:164)
	at com.kms.katalon.core.main.TestSuiteExecutor.execute(TestSuiteExecutor.java:105)
	at com.kms.katalon.core.main.TestCaseMain.startTestSuite(TestCaseMain.java:181)
	at com.kms.katalon.core.main.TestCaseMain$startTestSuite$0.call(Unknown Source)
	at TempTestSuite1642165037865.run(TempTestSuite1642165037865.groovy:36)
Caused by: org.openqa.selenium.ElementClickInterceptedException: element click intercepted: Element <button id="calendarviewdropdown" type="button" class="btn btn-outline-secondary dropdown-toggle" data-toggle="dropdown" aria-haspopup="true" aria-expanded="false">...</button> is not clickable at point (368, 256). Other element would receive the click: <div class="col-md-9 form-inline align-items-start felement" data-fieldtype="select">...</div>
  (Session info: chrome=97.0.4692.71)
Build info: version: '3.141.59', revision: 'e82be7d358', time: '2018-11-14T08:25:53'
System info: host: 'ADMIN', ip: '192.168.1.148', os.name: 'Windows 10', os.arch: 'amd64', os.version: '10.0', java.version: '1.8.0_282'
Driver info: com.kms.katalon.selenium.driver.CChromeDriver
Capabilities {acceptInsecureCerts: false, browserName: chrome, browserVersion: 97.0.4692.71, chrome: {chromedriverVersion: 97.0.4692.71 (adefa7837d02a..., userDataDir: C:\Users\Admin\AppData\Loca...}, goog:chromeOptions: {debuggerAddress: localhost:61659}, javascriptEnabled: true, networkConnectionEnabled: false, pageLoadStrategy: normal, platform: WINDOWS, platformName: WINDOWS, proxy: Proxy(), setWindowRect: true, strictFileInteractability: false, timeouts: {implicit: 0, pageLoad: 300000, script: 30000}, unhandledPromptBehavior: dismiss and notify, webauthn:extension:credBlob: true, webauthn:extension:largeBlob: true, webauthn:virtualAuthenticators: true}
Session ID: 5672d185f7ce3ea56b43595aca5f200e
	at org.openqa.selenium.remote.http.W3CHttpResponseCodec.createException(W3CHttpResponseCodec.java:187)
	at org.openqa.selenium.remote.http.W3CHttpResponseCodec.decode(W3CHttpResponseCodec.java:122)
	at org.openqa.selenium.remote.http.W3CHttpResponseCodec.decode(W3CHttpResponseCodec.java:49)
	at org.openqa.selenium.remote.HttpCommandExecutor.execute(HttpCommandExecutor.java:158)
	at org.openqa.selenium.remote.service.DriverCommandExecutor.execute(DriverCommandExecutor.java:83)
	at org.openqa.selenium.remote.RemoteWebDriver.execute(RemoteWebDriver.java:552)
	at com.kms.katalon.selenium.driver.CChromeDriver.execute(CChromeDriver.java:19)
	at org.openqa.selenium.remote.RemoteWebElement.execute(RemoteWebElement.java:285)
	at org.openqa.selenium.remote.RemoteWebElement.click(RemoteWebElement.java:84)
	at org.openqa.selenium.support.events.EventFiringWebDriver$EventFiringWebElement.lambda$new$0(EventFiringWebDriver.java:404)
	at com.sun.proxy.$Proxy11.click(Unknown Source)
	at org.openqa.selenium.support.events.EventFiringWebDriver$EventFiringWebElement.click(EventFiringWebDriver.java:417)
	at org.openqa.selenium.WebElement$click.call(Unknown Source)
	at com.kms.katalon.core.webui.keyword.builtin.ClickKeyword.clickUntilSuccessWithTimeout(ClickKeyword.groovy:81)
	at com.kms.katalon.core.webui.keyword.builtin.ClickKeyword.clickUntilSuccessWithTimeout(ClickKeyword.groovy)
	at com.kms.katalon.core.webui.keyword.builtin.ClickKeyword$_click_closure1.doCall(ClickKeyword.groovy:67)
	at com.kms.katalon.core.webui.keyword.builtin.ClickKeyword$_click_closure1.call(ClickKeyword.groovy)
	at com.kms.katalon.core.webui.keyword.internal.WebUIKeywordMain.runKeyword(WebUIKeywordMain.groovy:20)
	... 22 more


2022-01-14 20:15:29 - [TEST_STEP][PASSED] - openBrowser(""): Browser is opened with url: ''

2022-01-14 20:15:29 - [MESSAGE][WARNING] - A browser is already opened. Closing browser and opening a new one

2022-01-14 20:15:30 - [MESSAGE][INFO] - Starting 'Chrome' driver

2022-01-14 20:15:30 - [MESSAGE][INFO] - Action delay is set to 0 milliseconds

2022-01-14 20:15:31 - [MESSAGE][PASSED] - Browser is opened with url: ''

2022-01-14 20:15:31 - [TEST_STEP][PASSED] - navigateToUrl("http://localhost/"): Navigate to 'http://localhost/' successfully

2022-01-14 20:15:32 - [MESSAGE][PASSED] - Navigate to 'http://localhost/' successfully

2022-01-14 20:15:32 - [TEST_STEP][PASSED] - click(findTestObject("Object Repository/Page_HCMUS/a_Log in")): Object: 'Object Repository/Page_HCMUS/a_Log in' is clicked on

2022-01-14 20:15:32 - [MESSAGE][PASSED] - Object: 'Object Repository/Page_HCMUS/a_Log in' is clicked on

2022-01-14 20:15:32 - [TEST_STEP][PASSED] - setText(findTestObject("Object Repository/Page_HCMUS Log in to the site/input_Username_username"), "admin"): Text 'admin' is set on object 'Object Repository/Page_HCMUS Log in to the site/input_Username_username'

2022-01-14 20:15:33 - [MESSAGE][PASSED] - Text 'admin' is set on object 'Object Repository/Page_HCMUS Log in to the site/input_Username_username'

2022-01-14 20:15:33 - [TEST_STEP][PASSED] - setEncryptedText(findTestObject("Object Repository/Page_HCMUS Log in to the site/input_Password_password"), "5MU2PI2jvJCK/lBTYOwt6g=="): Text ****** has been set on object 'Object Repository/Page_HCMUS Log in to the site/input_Password_password'

2022-01-14 20:15:34 - [MESSAGE][PASSED] - Text ****** has been set on object 'Object Repository/Page_HCMUS Log in to the site/input_Password_password'

2022-01-14 20:15:34 - [TEST_STEP][PASSED] - click(findTestObject("Object Repository/Page_HCMUS Log in to the site/button_Log in")): Object: 'Object Repository/Page_HCMUS Log in to the site/button_Log in' is clicked on

2022-01-14 20:15:36 - [MESSAGE][PASSED] - Object: 'Object Repository/Page_HCMUS Log in to the site/button_Log in' is clicked on

2022-01-14 20:15:36 - [TEST_STEP][PASSED] - click(findTestObject("Object Repository/Page_Dashboard/span_Site home")): Object: 'Object Repository/Page_Dashboard/span_Site home' is clicked on

2022-01-14 20:15:38 - [MESSAGE][PASSED] - Object: 'Object Repository/Page_Dashboard/span_Site home' is clicked on

2022-01-14 20:15:38 - [TEST_STEP][PASSED] - click(findTestObject("Object Repository/Page_HCMUS/a_Nhp mn tr tu nhn to")): Object: 'Object Repository/Page_HCMUS/a_Nhp mn tr tu nhn to' is clicked on

2022-01-14 20:15:39 - [MESSAGE][PASSED] - Object: 'Object Repository/Page_HCMUS/a_Nhp mn tr tu nhn to' is clicked on

2022-01-14 20:15:39 - [TEST_STEP][PASSED] - click(findTestObject("Object Repository/Page_Course Nhp mn tr tu nhn to/span_Calendar")): Object: 'Object Repository/Page_Course Nhp mn tr tu nhn to/span_Calendar' is clicked on

2022-01-14 20:15:41 - [MESSAGE][PASSED] - Object: 'Object Repository/Page_Course Nhp mn tr tu nhn to/span_Calendar' is clicked on

2022-01-14 20:15:41 - [TEST_STEP][PASSED] - click(findTestObject("Object Repository/Page_AI Calendar Detailed month view January 2022/span_February 2022")): Object: 'Object Repository/Page_AI Calendar Detailed month view January 2022/span_February 2022' is clicked on

2022-01-14 20:15:47 - [MESSAGE][INFO] - Unable to find the element located by 'By.xpath: //a[@id='yui_3_17_2_1_1641959906329_3445']/span'. Please recheck the objects properties to make sure the desired element is located. 

2022-01-14 20:15:47 - [MESSAGE][WARNING] - [SELF-HEALING] Failed to find element with id 'Object Repository/Page_AI Calendar Detailed month view January 2022/span_February 2022'. Try using Self-healing.

2022-01-14 20:15:47 - [MESSAGE][WARNING] - [SELF-HEALING] The current locator of test object 'Object Repository/Page_AI Calendar Detailed month view January 2022/span_February 2022' was broken. Propose an alternative one: '(.//*[normalize-space(text()) and normalize-space(.)='|'])[2]/following::span[1]'.

2022-01-14 20:15:47 - [MESSAGE][PASSED] - Object: 'Object Repository/Page_AI Calendar Detailed month view January 2022/span_February 2022' is clicked on

2022-01-14 20:15:47 - [TEST_STEP][PASSED] - click(findTestObject("Object Repository/Page_AI Calendar Detailed month view January 2022/button_New event")): Object: 'Object Repository/Page_AI Calendar Detailed month view January 2022/button_New event' is clicked on

2022-01-14 20:15:53 - [MESSAGE][INFO] - Unable to find the element located by 'By.xpath: //div[@id='calendar-month-61de51e24fa7161de51e216fa116']/div/button'. Please recheck the objects properties to make sure the desired element is located. 

2022-01-14 20:15:53 - [MESSAGE][WARNING] - [SELF-HEALING] Failed to find element with id 'Object Repository/Page_AI Calendar Detailed month view January 2022/button_New event'. Try using Self-healing.

2022-01-14 20:15:54 - [MESSAGE][WARNING] - [SELF-HEALING] The current locator of test object 'Object Repository/Page_AI Calendar Detailed month view January 2022/button_New event' was broken. Propose an alternative one: '(.//*[normalize-space(text()) and normalize-space(.)='List of courses'])[1]/following::button[1]'.

2022-01-14 20:15:54 - [MESSAGE][PASSED] - Object: 'Object Repository/Page_AI Calendar Detailed month view January 2022/button_New event' is clicked on

2022-01-14 20:15:54 - [TEST_STEP][PASSED] - setText(findTestObject("Object Repository/Page_AI Calendar Detailed month view January 2022/input_Event title_name"), "event one"): Text 'event one' is set on object 'Object Repository/Page_AI Calendar Detailed month view January 2022/input_Event title_name'

2022-01-14 20:15:56 - [MESSAGE][PASSED] - Text 'event one' is set on object 'Object Repository/Page_AI Calendar Detailed month view January 2022/input_Event title_name'

2022-01-14 20:15:56 - [TEST_STEP][PASSED] - click(findTestObject("Object Repository/Page_AI Calendar Detailed month view January 2022/button_Save")): Object: 'Object Repository/Page_AI Calendar Detailed month view January 2022/button_Save' is clicked on

2022-01-14 20:16:02 - [MESSAGE][INFO] - Unable to find the element located by 'By.xpath: //button[@id='yui_3_17_2_1_1642117081098_1464']'. Please recheck the objects properties to make sure the desired element is located. 

2022-01-14 20:16:02 - [MESSAGE][WARNING] - [SELF-HEALING] Failed to find element with id 'Object Repository/Page_AI Calendar Detailed month view January 2022/button_Save'. Try using Self-healing.

2022-01-14 20:16:02 - [MESSAGE][WARNING] - [SELF-HEALING] The current locator of test object 'Object Repository/Page_AI Calendar Detailed month view January 2022/button_Save' was broken. Propose an alternative one: '(.//*[normalize-space(text()) and normalize-space(.)='Repeat weekly, creating altogether'])[1]/following::button[1]'.

2022-01-14 20:16:02 - [MESSAGE][PASSED] - Object: 'Object Repository/Page_AI Calendar Detailed month view January 2022/button_Save' is clicked on

2022-01-14 20:16:02 - [TEST_STEP][FAILED] - click(findTestObject("Object Repository/Page_AI Calendar Detailed month view January 2022/button_Month")): Unable to click on object 'Object Repository/Page_AI Calendar Detailed month view January 2022/button_Month' (Root cause: com.kms.katalon.core.exception.StepFailedException: Unable to click on object 'Object Repository/Page_AI Calendar Detailed month view January 2022/button_Month'
	at com.kms.katalon.core.webui.keyword.internal.WebUIKeywordMain.stepFailed(WebUIKeywordMain.groovy:64)
	at com.kms.katalon.core.webui.keyword.internal.WebUIKeywordMain.runKeyword(WebUIKeywordMain.groovy:26)
	at com.kms.katalon.core.webui.keyword.builtin.ClickKeyword.click(ClickKeyword.groovy:74)
	at com.kms.katalon.core.webui.keyword.builtin.ClickKeyword.execute(ClickKeyword.groovy:40)
	at com.kms.katalon.core.keyword.internal.KeywordExecutor.executeKeywordForPlatform(KeywordExecutor.groovy:74)
	at com.kms.katalon.core.webui.keyword.WebUiBuiltInKeywords.click(WebUiBuiltInKeywords.groovy:620)
	at com.kms.katalon.core.webui.keyword.WebUiBuiltInKeywords$click$1.call(Unknown Source)
	at 15_thêm lịch cho 1 course thành công.run(15_thêm lịch cho 1 course thành công:47)
	at com.kms.katalon.core.main.ScriptEngine.run(ScriptEngine.java:194)
	at com.kms.katalon.core.main.ScriptEngine.runScriptAsRawText(ScriptEngine.java:119)
	at com.kms.katalon.core.main.TestCaseExecutor.runScript(TestCaseExecutor.java:442)
	at com.kms.katalon.core.main.TestCaseExecutor.doExecute(TestCaseExecutor.java:433)
	at com.kms.katalon.core.main.TestCaseExecutor.processExecutionPhase(TestCaseExecutor.java:412)
	at com.kms.katalon.core.main.TestCaseExecutor.accessMainPhase(TestCaseExecutor.java:404)
	at com.kms.katalon.core.main.TestCaseExecutor.execute(TestCaseExecutor.java:281)
	at com.kms.katalon.core.main.TestCaseExecutor.execute(TestCaseExecutor.java:363)
	at com.kms.katalon.core.main.TestCaseExecutor.execute(TestCaseExecutor.java:363)
	at com.kms.katalon.core.main.TestCaseExecutor.execute(TestCaseExecutor.java:363)
	at com.kms.katalon.core.main.TestSuiteExecutor.accessTestCaseMainPhase(TestSuiteExecutor.java:202)
	at com.kms.katalon.core.main.TestSuiteExecutor.accessTestSuiteMainPhase(TestSuiteExecutor.java:164)
	at com.kms.katalon.core.main.TestSuiteExecutor.execute(TestSuiteExecutor.java:105)
	at com.kms.katalon.core.main.TestCaseMain.startTestSuite(TestCaseMain.java:181)
	at com.kms.katalon.core.main.TestCaseMain$startTestSuite$0.call(Unknown Source)
	at TempTestSuite1642165037865.run(TempTestSuite1642165037865.groovy:36)
Caused by: org.openqa.selenium.ElementClickInterceptedException: element click intercepted: Element <button id="calendarviewdropdown" type="button" class="btn btn-outline-secondary dropdown-toggle" data-toggle="dropdown" aria-haspopup="true" aria-expanded="false">...</button> is not clickable at point (368, 256). Other element would receive the click: <div class="col-md-9 form-inline align-items-start felement" data-fieldtype="select">...</div>
  (Session info: chrome=97.0.4692.71)
Build info: version: '3.141.59', revision: 'e82be7d358', time: '2018-11-14T08:25:53'
System info: host: 'ADMIN', ip: '192.168.1.148', os.name: 'Windows 10', os.arch: 'amd64', os.version: '10.0', java.version: '1.8.0_282'
Driver info: com.kms.katalon.selenium.driver.CChromeDriver
Capabilities {acceptInsecureCerts: false, browserName: chrome, browserVersion: 97.0.4692.71, chrome: {chromedriverVersion: 97.0.4692.71 (adefa7837d02a..., userDataDir: C:\Users\Admin\AppData\Loca...}, goog:chromeOptions: {debuggerAddress: localhost:61659}, javascriptEnabled: true, networkConnectionEnabled: false, pageLoadStrategy: normal, platform: WINDOWS, platformName: WINDOWS, proxy: Proxy(), setWindowRect: true, strictFileInteractability: false, timeouts: {implicit: 0, pageLoad: 300000, script: 30000}, unhandledPromptBehavior: dismiss and notify, webauthn:extension:credBlob: true, webauthn:extension:largeBlob: true, webauthn:virtualAuthenticators: true}
Session ID: 5672d185f7ce3ea56b43595aca5f200e
	at org.openqa.selenium.remote.http.W3CHttpResponseCodec.createException(W3CHttpResponseCodec.java:187)
	at org.openqa.selenium.remote.http.W3CHttpResponseCodec.decode(W3CHttpResponseCodec.java:122)
	at org.openqa.selenium.remote.http.W3CHttpResponseCodec.decode(W3CHttpResponseCodec.java:49)
	at org.openqa.selenium.remote.HttpCommandExecutor.execute(HttpCommandExecutor.java:158)
	at org.openqa.selenium.remote.service.DriverCommandExecutor.execute(DriverCommandExecutor.java:83)
	at org.openqa.selenium.remote.RemoteWebDriver.execute(RemoteWebDriver.java:552)
	at com.kms.katalon.selenium.driver.CChromeDriver.execute(CChromeDriver.java:19)
	at org.openqa.selenium.remote.RemoteWebElement.execute(RemoteWebElement.java:285)
	at org.openqa.selenium.remote.RemoteWebElement.click(RemoteWebElement.java:84)
	at org.openqa.selenium.support.events.EventFiringWebDriver$EventFiringWebElement.lambda$new$0(EventFiringWebDriver.java:404)
	at com.sun.proxy.$Proxy11.click(Unknown Source)
	at org.openqa.selenium.support.events.EventFiringWebDriver$EventFiringWebElement.click(EventFiringWebDriver.java:417)
	at org.openqa.selenium.WebElement$click.call(Unknown Source)
	at com.kms.katalon.core.webui.keyword.builtin.ClickKeyword.clickUntilSuccessWithTimeout(ClickKeyword.groovy:81)
	at com.kms.katalon.core.webui.keyword.builtin.ClickKeyword.clickUntilSuccessWithTimeout(ClickKeyword.groovy)
	at com.kms.katalon.core.webui.keyword.builtin.ClickKeyword$_click_closure1.doCall(ClickKeyword.groovy:67)
	at com.kms.katalon.core.webui.keyword.builtin.ClickKeyword$_click_closure1.call(ClickKeyword.groovy)
	at com.kms.katalon.core.webui.keyword.internal.WebUIKeywordMain.runKeyword(WebUIKeywordMain.groovy:20)
	at com.kms.katalon.core.webui.keyword.builtin.ClickKeyword.click(ClickKeyword.groovy:74)
	at com.kms.katalon.core.webui.keyword.builtin.ClickKeyword.execute(ClickKeyword.groovy:40)
	at com.kms.katalon.core.keyword.internal.KeywordExecutor.executeKeywordForPlatform(KeywordExecutor.groovy:74)
	at com.kms.katalon.core.webui.keyword.WebUiBuiltInKeywords.click(WebUiBuiltInKeywords.groovy:620)
	at com.kms.katalon.core.webui.keyword.WebUiBuiltInKeywords$click$1.call(Unknown Source)
	at Script1641923716314.run(Script1641923716314.groovy:47)
	... 16 more
)

2022-01-14 20:16:11 - [MESSAGE][FAILED] - Unable to click on object 'Object Repository/Page_AI Calendar Detailed month view January 2022/button_Month' (Root cause: com.kms.katalon.core.exception.StepFailedException: Unable to click on object 'Object Repository/Page_AI Calendar Detailed month view January 2022/button_Month'
	at com.kms.katalon.core.webui.keyword.internal.WebUIKeywordMain.stepFailed(WebUIKeywordMain.groovy:64)
	at com.kms.katalon.core.webui.keyword.internal.WebUIKeywordMain.runKeyword(WebUIKeywordMain.groovy:26)
	at com.kms.katalon.core.webui.keyword.builtin.ClickKeyword.click(ClickKeyword.groovy:74)
	at com.kms.katalon.core.webui.keyword.builtin.ClickKeyword.execute(ClickKeyword.groovy:40)
	at com.kms.katalon.core.keyword.internal.KeywordExecutor.executeKeywordForPlatform(KeywordExecutor.groovy:74)
	at com.kms.katalon.core.webui.keyword.WebUiBuiltInKeywords.click(WebUiBuiltInKeywords.groovy:620)
	at com.kms.katalon.core.webui.keyword.WebUiBuiltInKeywords$click$1.call(Unknown Source)
	at 15_thêm lịch cho 1 course thành công.run(15_thêm lịch cho 1 course thành công:47)
	at com.kms.katalon.core.main.ScriptEngine.run(ScriptEngine.java:194)
	at com.kms.katalon.core.main.ScriptEngine.runScriptAsRawText(ScriptEngine.java:119)
	at com.kms.katalon.core.main.TestCaseExecutor.runScript(TestCaseExecutor.java:442)
	at com.kms.katalon.core.main.TestCaseExecutor.doExecute(TestCaseExecutor.java:433)
	at com.kms.katalon.core.main.TestCaseExecutor.processExecutionPhase(TestCaseExecutor.java:412)
	at com.kms.katalon.core.main.TestCaseExecutor.accessMainPhase(TestCaseExecutor.java:404)
	at com.kms.katalon.core.main.TestCaseExecutor.execute(TestCaseExecutor.java:281)
	at com.kms.katalon.core.main.TestCaseExecutor.execute(TestCaseExecutor.java:363)
	at com.kms.katalon.core.main.TestCaseExecutor.execute(TestCaseExecutor.java:363)
	at com.kms.katalon.core.main.TestCaseExecutor.execute(TestCaseExecutor.java:363)
	at com.kms.katalon.core.main.TestSuiteExecutor.accessTestCaseMainPhase(TestSuiteExecutor.java:202)
	at com.kms.katalon.core.main.TestSuiteExecutor.accessTestSuiteMainPhase(TestSuiteExecutor.java:164)
	at com.kms.katalon.core.main.TestSuiteExecutor.execute(TestSuiteExecutor.java:105)
	at com.kms.katalon.core.main.TestCaseMain.startTestSuite(TestCaseMain.java:181)
	at com.kms.katalon.core.main.TestCaseMain$startTestSuite$0.call(Unknown Source)
	at TempTestSuite1642165037865.run(TempTestSuite1642165037865.groovy:36)
Caused by: org.openqa.selenium.ElementClickInterceptedException: element click intercepted: Element <button id="calendarviewdropdown" type="button" class="btn btn-outline-secondary dropdown-toggle" data-toggle="dropdown" aria-haspopup="true" aria-expanded="false">...</button> is not clickable at point (368, 256). Other element would receive the click: <div class="col-md-9 form-inline align-items-start felement" data-fieldtype="select">...</div>
  (Session info: chrome=97.0.4692.71)
Build info: version: '3.141.59', revision: 'e82be7d358', time: '2018-11-14T08:25:53'
System info: host: 'ADMIN', ip: '192.168.1.148', os.name: 'Windows 10', os.arch: 'amd64', os.version: '10.0', java.version: '1.8.0_282'
Driver info: com.kms.katalon.selenium.driver.CChromeDriver
Capabilities {acceptInsecureCerts: false, browserName: chrome, browserVersion: 97.0.4692.71, chrome: {chromedriverVersion: 97.0.4692.71 (adefa7837d02a..., userDataDir: C:\Users\Admin\AppData\Loca...}, goog:chromeOptions: {debuggerAddress: localhost:61659}, javascriptEnabled: true, networkConnectionEnabled: false, pageLoadStrategy: normal, platform: WINDOWS, platformName: WINDOWS, proxy: Proxy(), setWindowRect: true, strictFileInteractability: false, timeouts: {implicit: 0, pageLoad: 300000, script: 30000}, unhandledPromptBehavior: dismiss and notify, webauthn:extension:credBlob: true, webauthn:extension:largeBlob: true, webauthn:virtualAuthenticators: true}
Session ID: 5672d185f7ce3ea56b43595aca5f200e
	at org.openqa.selenium.remote.http.W3CHttpResponseCodec.createException(W3CHttpResponseCodec.java:187)
	at org.openqa.selenium.remote.http.W3CHttpResponseCodec.decode(W3CHttpResponseCodec.java:122)
	at org.openqa.selenium.remote.http.W3CHttpResponseCodec.decode(W3CHttpResponseCodec.java:49)
	at org.openqa.selenium.remote.HttpCommandExecutor.execute(HttpCommandExecutor.java:158)
	at org.openqa.selenium.remote.service.DriverCommandExecutor.execute(DriverCommandExecutor.java:83)
	at org.openqa.selenium.remote.RemoteWebDriver.execute(RemoteWebDriver.java:552)
	at com.kms.katalon.selenium.driver.CChromeDriver.execute(CChromeDriver.java:19)
	at org.openqa.selenium.remote.RemoteWebElement.execute(RemoteWebElement.java:285)
	at org.openqa.selenium.remote.RemoteWebElement.click(RemoteWebElement.java:84)
	at org.openqa.selenium.support.events.EventFiringWebDriver$EventFiringWebElement.lambda$new$0(EventFiringWebDriver.java:404)
	at com.sun.proxy.$Proxy11.click(Unknown Source)
	at org.openqa.selenium.support.events.EventFiringWebDriver$EventFiringWebElement.click(EventFiringWebDriver.java:417)
	at org.openqa.selenium.WebElement$click.call(Unknown Source)
	at com.kms.katalon.core.webui.keyword.builtin.ClickKeyword.clickUntilSuccessWithTimeout(ClickKeyword.groovy:81)
	at com.kms.katalon.core.webui.keyword.builtin.ClickKeyword.clickUntilSuccessWithTimeout(ClickKeyword.groovy)
	at com.kms.katalon.core.webui.keyword.builtin.ClickKeyword$_click_closure1.doCall(ClickKeyword.groovy:67)
	at com.kms.katalon.core.webui.keyword.builtin.ClickKeyword$_click_closure1.call(ClickKeyword.groovy)
	at com.kms.katalon.core.webui.keyword.internal.WebUIKeywordMain.runKeyword(WebUIKeywordMain.groovy:20)
	at com.kms.katalon.core.webui.keyword.builtin.ClickKeyword.click(ClickKeyword.groovy:74)
	at com.kms.katalon.core.webui.keyword.builtin.ClickKeyword.execute(ClickKeyword.groovy:40)
	at com.kms.katalon.core.keyword.internal.KeywordExecutor.executeKeywordForPlatform(KeywordExecutor.groovy:74)
	at com.kms.katalon.core.webui.keyword.WebUiBuiltInKeywords.click(WebUiBuiltInKeywords.groovy:620)
	at com.kms.katalon.core.webui.keyword.WebUiBuiltInKeywords$click$1.call(Unknown Source)
	at Script1641923716314.run(Script1641923716314.groovy:47)
	... 16 more
)
[[ATTACHMENT|D:\\nam 3\\nhap mon CNPM\\bonus project\\Test-Automation-SE-Bonus\\Reports\\20220114_195717\\Run all test cases\\20220114_195717\\1642166171824.png]]]]></system-out>
         <system-err><![CDATA[2022-01-14 20:15:29 - [TEST_CASE][FAILED] - Test Cases/15_thêm lịch cho 1 course thành công: Test Cases/15_thêm lịch cho 1 course thành công FAILED.
Reason:
com.kms.katalon.core.exception.StepFailedException: Unable to click on object 'Object Repository/Page_AI Calendar Detailed month view January 2022/button_Month'
	at com.kms.katalon.core.webui.keyword.internal.WebUIKeywordMain.stepFailed(WebUIKeywordMain.groovy:64)
	at com.kms.katalon.core.webui.keyword.internal.WebUIKeywordMain.runKeyword(WebUIKeywordMain.groovy:26)
	at com.kms.katalon.core.webui.keyword.builtin.ClickKeyword.click(ClickKeyword.groovy:74)
	at com.kms.katalon.core.webui.keyword.builtin.ClickKeyword.execute(ClickKeyword.groovy:40)
	at com.kms.katalon.core.keyword.internal.KeywordExecutor.executeKeywordForPlatform(KeywordExecutor.groovy:74)
	at com.kms.katalon.core.webui.keyword.WebUiBuiltInKeywords.click(WebUiBuiltInKeywords.groovy:620)
	at com.kms.katalon.core.webui.keyword.WebUiBuiltInKeywords$click$1.call(Unknown Source)
	at 15_thêm lịch cho 1 course thành công.run(15_thêm lịch cho 1 course thành công:47)
	at com.kms.katalon.core.main.ScriptEngine.run(ScriptEngine.java:194)
	at com.kms.katalon.core.main.ScriptEngine.runScriptAsRawText(ScriptEngine.java:119)
	at com.kms.katalon.core.main.TestCaseExecutor.runScript(TestCaseExecutor.java:442)
	at com.kms.katalon.core.main.TestCaseExecutor.doExecute(TestCaseExecutor.java:433)
	at com.kms.katalon.core.main.TestCaseExecutor.processExecutionPhase(TestCaseExecutor.java:412)
	at com.kms.katalon.core.main.TestCaseExecutor.accessMainPhase(TestCaseExecutor.java:404)
	at com.kms.katalon.core.main.TestCaseExecutor.execute(TestCaseExecutor.java:281)
	at com.kms.katalon.core.main.TestCaseExecutor.execute(TestCaseExecutor.java:363)
	at com.kms.katalon.core.main.TestCaseExecutor.execute(TestCaseExecutor.java:363)
	at com.kms.katalon.core.main.TestCaseExecutor.execute(TestCaseExecutor.java:363)
	at com.kms.katalon.core.main.TestSuiteExecutor.accessTestCaseMainPhase(TestSuiteExecutor.java:202)
	at com.kms.katalon.core.main.TestSuiteExecutor.accessTestSuiteMainPhase(TestSuiteExecutor.java:164)
	at com.kms.katalon.core.main.TestSuiteExecutor.execute(TestSuiteExecutor.java:105)
	at com.kms.katalon.core.main.TestCaseMain.startTestSuite(TestCaseMain.java:181)
	at com.kms.katalon.core.main.TestCaseMain$startTestSuite$0.call(Unknown Source)
	at TempTestSuite1642165037865.run(TempTestSuite1642165037865.groovy:36)
Caused by: org.openqa.selenium.ElementClickInterceptedException: element click intercepted: Element <button id="calendarviewdropdown" type="button" class="btn btn-outline-secondary dropdown-toggle" data-toggle="dropdown" aria-haspopup="true" aria-expanded="false">...</button> is not clickable at point (368, 256). Other element would receive the click: <div class="col-md-9 form-inline align-items-start felement" data-fieldtype="select">...</div>
  (Session info: chrome=97.0.4692.71)
Build info: version: '3.141.59', revision: 'e82be7d358', time: '2018-11-14T08:25:53'
System info: host: 'ADMIN', ip: '192.168.1.148', os.name: 'Windows 10', os.arch: 'amd64', os.version: '10.0', java.version: '1.8.0_282'
Driver info: com.kms.katalon.selenium.driver.CChromeDriver
Capabilities {acceptInsecureCerts: false, browserName: chrome, browserVersion: 97.0.4692.71, chrome: {chromedriverVersion: 97.0.4692.71 (adefa7837d02a..., userDataDir: C:\Users\Admin\AppData\Loca...}, goog:chromeOptions: {debuggerAddress: localhost:61659}, javascriptEnabled: true, networkConnectionEnabled: false, pageLoadStrategy: normal, platform: WINDOWS, platformName: WINDOWS, proxy: Proxy(), setWindowRect: true, strictFileInteractability: false, timeouts: {implicit: 0, pageLoad: 300000, script: 30000}, unhandledPromptBehavior: dismiss and notify, webauthn:extension:credBlob: true, webauthn:extension:largeBlob: true, webauthn:virtualAuthenticators: true}
Session ID: 5672d185f7ce3ea56b43595aca5f200e
	at org.openqa.selenium.remote.http.W3CHttpResponseCodec.createException(W3CHttpResponseCodec.java:187)
	at org.openqa.selenium.remote.http.W3CHttpResponseCodec.decode(W3CHttpResponseCodec.java:122)
	at org.openqa.selenium.remote.http.W3CHttpResponseCodec.decode(W3CHttpResponseCodec.java:49)
	at org.openqa.selenium.remote.HttpCommandExecutor.execute(HttpCommandExecutor.java:158)
	at org.openqa.selenium.remote.service.DriverCommandExecutor.execute(DriverCommandExecutor.java:83)
	at org.openqa.selenium.remote.RemoteWebDriver.execute(RemoteWebDriver.java:552)
	at com.kms.katalon.selenium.driver.CChromeDriver.execute(CChromeDriver.java:19)
	at org.openqa.selenium.remote.RemoteWebElement.execute(RemoteWebElement.java:285)
	at org.openqa.selenium.remote.RemoteWebElement.click(RemoteWebElement.java:84)
	at org.openqa.selenium.support.events.EventFiringWebDriver$EventFiringWebElement.lambda$new$0(EventFiringWebDriver.java:404)
	at com.sun.proxy.$Proxy11.click(Unknown Source)
	at org.openqa.selenium.support.events.EventFiringWebDriver$EventFiringWebElement.click(EventFiringWebDriver.java:417)
	at org.openqa.selenium.WebElement$click.call(Unknown Source)
	at com.kms.katalon.core.webui.keyword.builtin.ClickKeyword.clickUntilSuccessWithTimeout(ClickKeyword.groovy:81)
	at com.kms.katalon.core.webui.keyword.builtin.ClickKeyword.clickUntilSuccessWithTimeout(ClickKeyword.groovy)
	at com.kms.katalon.core.webui.keyword.builtin.ClickKeyword$_click_closure1.doCall(ClickKeyword.groovy:67)
	at com.kms.katalon.core.webui.keyword.builtin.ClickKeyword$_click_closure1.call(ClickKeyword.groovy)
	at com.kms.katalon.core.webui.keyword.internal.WebUIKeywordMain.runKeyword(WebUIKeywordMain.groovy:20)
	... 22 more]]></system-err>
      </testcase>
      <testcase name="Test Cases/16_thêm lịch cho 1 course với tiêu đề rỗng" time="22.896" classname="Test Cases/16_thêm lịch cho 1 course với tiêu đề rỗng" status="PASSED">
         <system-out><![CDATA[2022-01-14 20:16:11 - [TEST_CASE][PASSED] - Test Cases/16_thêm lịch cho 1 course với tiêu đề rỗng: Test Cases/16_thêm lịch cho 1 course với tiêu đề rỗng

2022-01-14 20:16:12 - [TEST_STEP][PASSED] - openBrowser(""): Browser is opened with url: ''

2022-01-14 20:16:12 - [MESSAGE][WARNING] - A browser is already opened. Closing browser and opening a new one

2022-01-14 20:16:12 - [MESSAGE][INFO] - Starting 'Chrome' driver

2022-01-14 20:16:12 - [MESSAGE][INFO] - Action delay is set to 0 milliseconds

2022-01-14 20:16:14 - [MESSAGE][PASSED] - Browser is opened with url: ''

2022-01-14 20:16:14 - [TEST_STEP][PASSED] - navigateToUrl("http://localhost/"): Navigate to 'http://localhost/' successfully

2022-01-14 20:16:15 - [MESSAGE][PASSED] - Navigate to 'http://localhost/' successfully

2022-01-14 20:16:15 - [TEST_STEP][PASSED] - click(findTestObject("Object Repository/Page_HCMUS/a_Nhp mn tr tu nhn to")): Object: 'Object Repository/Page_HCMUS/a_Nhp mn tr tu nhn to' is clicked on

2022-01-14 20:16:15 - [MESSAGE][PASSED] - Object: 'Object Repository/Page_HCMUS/a_Nhp mn tr tu nhn to' is clicked on

2022-01-14 20:16:15 - [TEST_STEP][PASSED] - setText(findTestObject("Object Repository/Page_HCMUS Log in to the site/input_Username_username"), "admin"): Text 'admin' is set on object 'Object Repository/Page_HCMUS Log in to the site/input_Username_username'

2022-01-14 20:16:16 - [MESSAGE][PASSED] - Text 'admin' is set on object 'Object Repository/Page_HCMUS Log in to the site/input_Username_username'

2022-01-14 20:16:16 - [TEST_STEP][PASSED] - setEncryptedText(findTestObject("Object Repository/Page_HCMUS Log in to the site/input_Password_password"), "5MU2PI2jvJCK/lBTYOwt6g=="): Text ****** has been set on object 'Object Repository/Page_HCMUS Log in to the site/input_Password_password'

2022-01-14 20:16:17 - [MESSAGE][PASSED] - Text ****** has been set on object 'Object Repository/Page_HCMUS Log in to the site/input_Password_password'

2022-01-14 20:16:17 - [TEST_STEP][PASSED] - click(findTestObject("Object Repository/Page_HCMUS Log in to the site/button_Log in")): Object: 'Object Repository/Page_HCMUS Log in to the site/button_Log in' is clicked on

2022-01-14 20:16:18 - [MESSAGE][PASSED] - Object: 'Object Repository/Page_HCMUS Log in to the site/button_Log in' is clicked on

2022-01-14 20:16:18 - [TEST_STEP][PASSED] - click(findTestObject("Object Repository/Page_Course Nhp mn tr tu nhn to/span_Calendar")): Object: 'Object Repository/Page_Course Nhp mn tr tu nhn to/span_Calendar' is clicked on

2022-01-14 20:16:19 - [MESSAGE][PASSED] - Object: 'Object Repository/Page_Course Nhp mn tr tu nhn to/span_Calendar' is clicked on

2022-01-14 20:16:19 - [TEST_STEP][PASSED] - click(findTestObject("Object Repository/Page_AI Calendar Detailed month view January 2022/div_No events, Saturday, 22 January        _e72aa9")): Object: 'Object Repository/Page_AI Calendar Detailed month view January 2022/div_No events, Saturday, 22 January        _e72aa9' is clicked on

2022-01-14 20:16:25 - [MESSAGE][INFO] - Unable to find the element located by 'By.xpath: //table[@id='month-detailed-61ddc50941d6161ddc508d29a316']/tbody/tr[4]/td[6]/div'. Please recheck the objects properties to make sure the desired element is located. 

2022-01-14 20:16:25 - [MESSAGE][WARNING] - [SELF-HEALING] Failed to find element with id 'Object Repository/Page_AI Calendar Detailed month view January 2022/div_No events, Saturday, 22 January        _e72aa9'. Try using Self-healing.

2022-01-14 20:16:26 - [MESSAGE][WARNING] - [SELF-HEALING] The current locator of test object 'Object Repository/Page_AI Calendar Detailed month view January 2022/div_No events, Saturday, 22 January        _e72aa9' was broken. Propose an alternative one: '(.//*[normalize-space(text()) and normalize-space(.)='No events, Friday, 21 January'])[2]/following::div[1]'.

2022-01-14 20:16:26 - [MESSAGE][PASSED] - Object: 'Object Repository/Page_AI Calendar Detailed month view January 2022/div_No events, Saturday, 22 January        _e72aa9' is clicked on

2022-01-14 20:16:26 - [TEST_STEP][PASSED] - click(findTestObject("Object Repository/Page_AI Calendar Detailed month view January 2022/button_Save")): Object: 'Object Repository/Page_AI Calendar Detailed month view January 2022/button_Save' is clicked on

2022-01-14 20:16:32 - [MESSAGE][INFO] - Unable to find the element located by 'By.xpath: //button[@id='yui_3_17_2_1_1642117081098_1464']'. Please recheck the objects properties to make sure the desired element is located. 

2022-01-14 20:16:32 - [MESSAGE][WARNING] - [SELF-HEALING] Failed to find element with id 'Object Repository/Page_AI Calendar Detailed month view January 2022/button_Save'. Try using Self-healing.

2022-01-14 20:16:33 - [MESSAGE][WARNING] - [SELF-HEALING] The current locator of test object 'Object Repository/Page_AI Calendar Detailed month view January 2022/button_Save' was broken. Propose an alternative one: '(.//*[normalize-space(text()) and normalize-space(.)='Repeat weekly, creating altogether'])[1]/following::button[1]'.

2022-01-14 20:16:33 - [MESSAGE][PASSED] - Object: 'Object Repository/Page_AI Calendar Detailed month view January 2022/button_Save' is clicked on

2022-01-14 20:16:33 - [TEST_STEP][PASSED] - verifyElementVisible(findTestObject("Object Repository/Page_AI Calendar Detailed month view January 2022/div_- Required")): Object 'Object Repository/Page_AI Calendar Detailed month view January 2022/div_- Required' is visible

2022-01-14 20:16:33 - [MESSAGE][PASSED] - Object 'Object Repository/Page_AI Calendar Detailed month view January 2022/div_- Required' is visible

2022-01-14 20:16:33 - [TEST_STEP][PASSED] - verifyElementVisible(findTestObject("Object Repository/Page_AI Calendar Detailed month view January 2022/input_Event title_name")): Object 'Object Repository/Page_AI Calendar Detailed month view January 2022/input_Event title_name' is visible

2022-01-14 20:16:34 - [MESSAGE][PASSED] - Object 'Object Repository/Page_AI Calendar Detailed month view January 2022/input_Event title_name' is visible

2022-01-14 20:16:34 - [TEST_STEP][PASSED] - closeBrowser(): Browser is closed

2022-01-14 20:16:34 - [MESSAGE][PASSED] - Browser is closed]]></system-out>
         <system-err><![CDATA[]]></system-err>
      </testcase>
      <testcase name="Test Cases/17_xem điểm của 1 course" time="21.049" classname="Test Cases/17_xem điểm của 1 course" status="FAILED">
         <failure type="FAILED" message="Test Cases/17_xem điểm của 1 course FAILED.
Reason:
com.kms.katalon.core.exception.StepFailedException: Unable to verify object 'Object Repository/Page_Grades View/th_Overall average' is visible
	at com.kms.katalon.core.webui.keyword.internal.WebUIKeywordMain.stepFailed(WebUIKeywordMain.groovy:64)
	at com.kms.katalon.core.webui.keyword.internal.WebUIKeywordMain.runKeyword(WebUIKeywordMain.groovy:26)
	at com.kms.katalon.core.webui.keyword.builtin.VerifyElementVisibleKeyword.verifyElementVisible(VerifyElementVisibleKeyword.groovy:97)
	at com.kms.katalon.core.webui.keyword.builtin.VerifyElementVisibleKeyword.execute(VerifyElementVisibleKeyword.groovy:67)
	at com.kms.katalon.core.keyword.internal.KeywordExecutor.executeKeywordForPlatform(KeywordExecutor.groovy:74)
	at com.kms.katalon.core.webui.keyword.WebUiBuiltInKeywords.verifyElementVisible(WebUiBuiltInKeywords.groovy:376)
	at com.kms.katalon.core.webui.keyword.WebUiBuiltInKeywords$verifyElementVisible$4.call(Unknown Source)
	at 17_xem điểm của 1 course.run(17_xem điểm của 1 course:40)
	at com.kms.katalon.core.main.ScriptEngine.run(ScriptEngine.java:194)
	at com.kms.katalon.core.main.ScriptEngine.runScriptAsRawText(ScriptEngine.java:119)
	at com.kms.katalon.core.main.TestCaseExecutor.runScript(TestCaseExecutor.java:442)
	at com.kms.katalon.core.main.TestCaseExecutor.doExecute(TestCaseExecutor.java:433)
	at com.kms.katalon.core.main.TestCaseExecutor.processExecutionPhase(TestCaseExecutor.java:412)
	at com.kms.katalon.core.main.TestCaseExecutor.accessMainPhase(TestCaseExecutor.java:404)
	at com.kms.katalon.core.main.TestCaseExecutor.execute(TestCaseExecutor.java:281)
	at com.kms.katalon.core.main.TestCaseExecutor.execute(TestCaseExecutor.java:363)
	at com.kms.katalon.core.main.TestCaseExecutor.execute(TestCaseExecutor.java:363)
	at com.kms.katalon.core.main.TestCaseExecutor.execute(TestCaseExecutor.java:363)
	at com.kms.katalon.core.main.TestSuiteExecutor.accessTestCaseMainPhase(TestSuiteExecutor.java:202)
	at com.kms.katalon.core.main.TestSuiteExecutor.accessTestSuiteMainPhase(TestSuiteExecutor.java:164)
	at com.kms.katalon.core.main.TestSuiteExecutor.execute(TestSuiteExecutor.java:105)
	at com.kms.katalon.core.main.TestCaseMain.startTestSuite(TestCaseMain.java:181)
	at com.kms.katalon.core.main.TestCaseMain$startTestSuite$0.call(Unknown Source)
	at TempTestSuite1642165037865.run(TempTestSuite1642165037865.groovy:36)
Caused by: com.kms.katalon.core.exception.StepFailedException: Web element with id: 'Object Repository/Page_Grades View/th_Overall average' located by '//tr[@id='yui_3_17_2_1_1641924129250_86']/th' not found
	at com.kms.katalon.core.webui.keyword.internal.WebUIKeywordMain.stepFailed(WebUIKeywordMain.groovy:64)
	at com.kms.katalon.core.webui.keyword.builtin.VerifyElementVisibleKeyword$_verifyElementVisible_closure1.doCall(VerifyElementVisibleKeyword.groovy:89)
	at com.kms.katalon.core.webui.keyword.builtin.VerifyElementVisibleKeyword$_verifyElementVisible_closure1.call(VerifyElementVisibleKeyword.groovy)
	at com.kms.katalon.core.webui.keyword.internal.WebUIKeywordMain.runKeyword(WebUIKeywordMain.groovy:20)
	... 22 more
"/>
         <system-out><![CDATA[2022-01-14 20:17:38 - [TEST_CASE][FAILED] - Test Cases/17_xem điểm của 1 course: Test Cases/17_xem điểm của 1 course FAILED.
Reason:
com.kms.katalon.core.exception.StepFailedException: Unable to verify object 'Object Repository/Page_Grades View/th_Overall average' is visible
	at com.kms.katalon.core.webui.keyword.internal.WebUIKeywordMain.stepFailed(WebUIKeywordMain.groovy:64)
	at com.kms.katalon.core.webui.keyword.internal.WebUIKeywordMain.runKeyword(WebUIKeywordMain.groovy:26)
	at com.kms.katalon.core.webui.keyword.builtin.VerifyElementVisibleKeyword.verifyElementVisible(VerifyElementVisibleKeyword.groovy:97)
	at com.kms.katalon.core.webui.keyword.builtin.VerifyElementVisibleKeyword.execute(VerifyElementVisibleKeyword.groovy:67)
	at com.kms.katalon.core.keyword.internal.KeywordExecutor.executeKeywordForPlatform(KeywordExecutor.groovy:74)
	at com.kms.katalon.core.webui.keyword.WebUiBuiltInKeywords.verifyElementVisible(WebUiBuiltInKeywords.groovy:376)
	at com.kms.katalon.core.webui.keyword.WebUiBuiltInKeywords$verifyElementVisible$4.call(Unknown Source)
	at 17_xem điểm của 1 course.run(17_xem điểm của 1 course:40)
	at com.kms.katalon.core.main.ScriptEngine.run(ScriptEngine.java:194)
	at com.kms.katalon.core.main.ScriptEngine.runScriptAsRawText(ScriptEngine.java:119)
	at com.kms.katalon.core.main.TestCaseExecutor.runScript(TestCaseExecutor.java:442)
	at com.kms.katalon.core.main.TestCaseExecutor.doExecute(TestCaseExecutor.java:433)
	at com.kms.katalon.core.main.TestCaseExecutor.processExecutionPhase(TestCaseExecutor.java:412)
	at com.kms.katalon.core.main.TestCaseExecutor.accessMainPhase(TestCaseExecutor.java:404)
	at com.kms.katalon.core.main.TestCaseExecutor.execute(TestCaseExecutor.java:281)
	at com.kms.katalon.core.main.TestCaseExecutor.execute(TestCaseExecutor.java:363)
	at com.kms.katalon.core.main.TestCaseExecutor.execute(TestCaseExecutor.java:363)
	at com.kms.katalon.core.main.TestCaseExecutor.execute(TestCaseExecutor.java:363)
	at com.kms.katalon.core.main.TestSuiteExecutor.accessTestCaseMainPhase(TestSuiteExecutor.java:202)
	at com.kms.katalon.core.main.TestSuiteExecutor.accessTestSuiteMainPhase(TestSuiteExecutor.java:164)
	at com.kms.katalon.core.main.TestSuiteExecutor.execute(TestSuiteExecutor.java:105)
	at com.kms.katalon.core.main.TestCaseMain.startTestSuite(TestCaseMain.java:181)
	at com.kms.katalon.core.main.TestCaseMain$startTestSuite$0.call(Unknown Source)
	at TempTestSuite1642165037865.run(TempTestSuite1642165037865.groovy:36)
Caused by: com.kms.katalon.core.exception.StepFailedException: Web element with id: 'Object Repository/Page_Grades View/th_Overall average' located by '//tr[@id='yui_3_17_2_1_1641924129250_86']/th' not found
	at com.kms.katalon.core.webui.keyword.internal.WebUIKeywordMain.stepFailed(WebUIKeywordMain.groovy:64)
	at com.kms.katalon.core.webui.keyword.builtin.VerifyElementVisibleKeyword$_verifyElementVisible_closure1.doCall(VerifyElementVisibleKeyword.groovy:89)
	at com.kms.katalon.core.webui.keyword.builtin.VerifyElementVisibleKeyword$_verifyElementVisible_closure1.call(VerifyElementVisibleKeyword.groovy)
	at com.kms.katalon.core.webui.keyword.internal.WebUIKeywordMain.runKeyword(WebUIKeywordMain.groovy:20)
	... 22 more


2022-01-14 20:17:38 - [TEST_STEP][PASSED] - openBrowser(""): Browser is opened with url: ''

2022-01-14 20:17:38 - [MESSAGE][WARNING] - A browser is already opened. Closing browser and opening a new one

2022-01-14 20:17:38 - [MESSAGE][INFO] - Starting 'Chrome' driver

2022-01-14 20:17:38 - [MESSAGE][INFO] - Action delay is set to 0 milliseconds

2022-01-14 20:17:40 - [MESSAGE][PASSED] - Browser is opened with url: ''

2022-01-14 20:17:40 - [TEST_STEP][PASSED] - navigateToUrl("http://localhost/"): Navigate to 'http://localhost/' successfully

2022-01-14 20:17:40 - [MESSAGE][PASSED] - Navigate to 'http://localhost/' successfully

2022-01-14 20:17:40 - [TEST_STEP][PASSED] - click(findTestObject("Object Repository/Page_HCMUS/a_Log in")): Object: 'Object Repository/Page_HCMUS/a_Log in' is clicked on

2022-01-14 20:17:41 - [MESSAGE][PASSED] - Object: 'Object Repository/Page_HCMUS/a_Log in' is clicked on

2022-01-14 20:17:41 - [TEST_STEP][PASSED] - setText(findTestObject("Object Repository/Page_HCMUS Log in to the site/input_Username_username"), "admin"): Text 'admin' is set on object 'Object Repository/Page_HCMUS Log in to the site/input_Username_username'

2022-01-14 20:17:42 - [MESSAGE][PASSED] - Text 'admin' is set on object 'Object Repository/Page_HCMUS Log in to the site/input_Username_username'

2022-01-14 20:17:42 - [TEST_STEP][PASSED] - setEncryptedText(findTestObject("Object Repository/Page_HCMUS Log in to the site/input_Password_password"), "5MU2PI2jvJCK/lBTYOwt6g=="): Text ****** has been set on object 'Object Repository/Page_HCMUS Log in to the site/input_Password_password'

2022-01-14 20:17:42 - [MESSAGE][PASSED] - Text ****** has been set on object 'Object Repository/Page_HCMUS Log in to the site/input_Password_password'

2022-01-14 20:17:42 - [TEST_STEP][PASSED] - click(findTestObject("Object Repository/Page_HCMUS Log in to the site/button_Log in")): Object: 'Object Repository/Page_HCMUS Log in to the site/button_Log in' is clicked on

2022-01-14 20:17:43 - [MESSAGE][PASSED] - Object: 'Object Repository/Page_HCMUS Log in to the site/button_Log in' is clicked on

2022-01-14 20:17:43 - [TEST_STEP][PASSED] - click(findTestObject("Object Repository/Page_Dashboard/span_Site home")): Object: 'Object Repository/Page_Dashboard/span_Site home' is clicked on

2022-01-14 20:17:45 - [MESSAGE][PASSED] - Object: 'Object Repository/Page_Dashboard/span_Site home' is clicked on

2022-01-14 20:17:45 - [TEST_STEP][PASSED] - click(findTestObject("Object Repository/Page_HCMUS/a_Nhp mn tr tu nhn to")): Object: 'Object Repository/Page_HCMUS/a_Nhp mn tr tu nhn to' is clicked on

2022-01-14 20:17:46 - [MESSAGE][PASSED] - Object: 'Object Repository/Page_HCMUS/a_Nhp mn tr tu nhn to' is clicked on

2022-01-14 20:17:46 - [TEST_STEP][PASSED] - click(findTestObject("Object Repository/Page_Course Nhp mn tr tu nhn to/span_Grades")): Object: 'Object Repository/Page_Course Nhp mn tr tu nhn to/span_Grades' is clicked on

2022-01-14 20:17:47 - [MESSAGE][PASSED] - Object: 'Object Repository/Page_Course Nhp mn tr tu nhn to/span_Grades' is clicked on

2022-01-14 20:17:47 - [TEST_STEP][PASSED] - verifyElementVisible(findTestObject("Object Repository/Page_Grades View/span_Course total")): Object 'Object Repository/Page_Grades View/span_Course total' is visible

2022-01-14 20:17:47 - [MESSAGE][PASSED] - Object 'Object Repository/Page_Grades View/span_Course total' is visible

2022-01-14 20:17:47 - [TEST_STEP][FAILED] - verifyElementVisible(findTestObject("Object Repository/Page_Grades View/th_Overall average")): Unable to verify object 'Object Repository/Page_Grades View/th_Overall average' is visible (Root cause: com.kms.katalon.core.exception.StepFailedException: Unable to verify object 'Object Repository/Page_Grades View/th_Overall average' is visible
	at com.kms.katalon.core.webui.keyword.internal.WebUIKeywordMain.stepFailed(WebUIKeywordMain.groovy:64)
	at com.kms.katalon.core.webui.keyword.internal.WebUIKeywordMain.runKeyword(WebUIKeywordMain.groovy:26)
	at com.kms.katalon.core.webui.keyword.builtin.VerifyElementVisibleKeyword.verifyElementVisible(VerifyElementVisibleKeyword.groovy:97)
	at com.kms.katalon.core.webui.keyword.builtin.VerifyElementVisibleKeyword.execute(VerifyElementVisibleKeyword.groovy:67)
	at com.kms.katalon.core.keyword.internal.KeywordExecutor.executeKeywordForPlatform(KeywordExecutor.groovy:74)
	at com.kms.katalon.core.webui.keyword.WebUiBuiltInKeywords.verifyElementVisible(WebUiBuiltInKeywords.groovy:376)
	at com.kms.katalon.core.webui.keyword.WebUiBuiltInKeywords$verifyElementVisible$4.call(Unknown Source)
	at 17_xem điểm của 1 course.run(17_xem điểm của 1 course:40)
	at com.kms.katalon.core.main.ScriptEngine.run(ScriptEngine.java:194)
	at com.kms.katalon.core.main.ScriptEngine.runScriptAsRawText(ScriptEngine.java:119)
	at com.kms.katalon.core.main.TestCaseExecutor.runScript(TestCaseExecutor.java:442)
	at com.kms.katalon.core.main.TestCaseExecutor.doExecute(TestCaseExecutor.java:433)
	at com.kms.katalon.core.main.TestCaseExecutor.processExecutionPhase(TestCaseExecutor.java:412)
	at com.kms.katalon.core.main.TestCaseExecutor.accessMainPhase(TestCaseExecutor.java:404)
	at com.kms.katalon.core.main.TestCaseExecutor.execute(TestCaseExecutor.java:281)
	at com.kms.katalon.core.main.TestCaseExecutor.execute(TestCaseExecutor.java:363)
	at com.kms.katalon.core.main.TestCaseExecutor.execute(TestCaseExecutor.java:363)
	at com.kms.katalon.core.main.TestCaseExecutor.execute(TestCaseExecutor.java:363)
	at com.kms.katalon.core.main.TestSuiteExecutor.accessTestCaseMainPhase(TestSuiteExecutor.java:202)
	at com.kms.katalon.core.main.TestSuiteExecutor.accessTestSuiteMainPhase(TestSuiteExecutor.java:164)
	at com.kms.katalon.core.main.TestSuiteExecutor.execute(TestSuiteExecutor.java:105)
	at com.kms.katalon.core.main.TestCaseMain.startTestSuite(TestCaseMain.java:181)
	at com.kms.katalon.core.main.TestCaseMain$startTestSuite$0.call(Unknown Source)
	at TempTestSuite1642165037865.run(TempTestSuite1642165037865.groovy:36)
Caused by: com.kms.katalon.core.exception.StepFailedException: Web element with id: 'Object Repository/Page_Grades View/th_Overall average' located by '//tr[@id='yui_3_17_2_1_1641924129250_86']/th' not found
	at com.kms.katalon.core.webui.keyword.internal.WebUIKeywordMain.stepFailed(WebUIKeywordMain.groovy:64)
	at com.kms.katalon.core.webui.keyword.builtin.VerifyElementVisibleKeyword$_verifyElementVisible_closure1.doCall(VerifyElementVisibleKeyword.groovy:89)
	at com.kms.katalon.core.webui.keyword.builtin.VerifyElementVisibleKeyword$_verifyElementVisible_closure1.call(VerifyElementVisibleKeyword.groovy)
	at com.kms.katalon.core.webui.keyword.internal.WebUIKeywordMain.runKeyword(WebUIKeywordMain.groovy:20)
	... 22 more
)

2022-01-14 20:17:54 - [MESSAGE][INFO] - Unable to find the element located by 'By.xpath: //tr[@id='yui_3_17_2_1_1641924129250_86']/th'. Please recheck the objects properties to make sure the desired element is located. 

2022-01-14 20:17:54 - [MESSAGE][WARNING] - [SELF-HEALING] Failed to find element with id 'Object Repository/Page_Grades View/th_Overall average'. Try using Self-healing.

2022-01-14 20:17:55 - [MESSAGE][INFO] - Unable to find the element located by 'By.xpath: (.//*[normalize-space(text()) and normalize-space(.)='-'])[10]/following::th[1]'. Please recheck the objects properties to make sure the desired element is located. 

2022-01-14 20:17:55 - [MESSAGE][INFO] - [SELF-HEALING] Failed Locator: '//tr[@id='yui_3_17_2_1_1641924129250_86']/th'.

2022-01-14 20:17:55 - [MESSAGE][INFO] - [SELF-HEALING] Failed Locator: '(.//*[normalize-space(text()) and normalize-space(.)='-'])[10]/following::th[1]'.

2022-01-14 20:17:55 - [MESSAGE][INFO] - [SELF-HEALING] Failed Locator: '(.//*[normalize-space(text()) and normalize-space(.)='s5@example.com'])[1]/following::th[1]'.

2022-01-14 20:17:56 - [MESSAGE][INFO] - [SELF-HEALING] Failed Locator: '(.//*[normalize-space(text()) and normalize-space(.)='-'])[11]/preceding::th[1]'.

2022-01-14 20:17:56 - [MESSAGE][INFO] - [SELF-HEALING] Failed Locator: '(.//*[normalize-space(text()) and normalize-space(.)='Student Branch'])[2]/preceding::th[1]'.

2022-01-14 20:17:56 - [MESSAGE][INFO] - [SELF-HEALING] Failed Locator: '//*/text()[normalize-space(.)='Overall average']/parent::*'.

2022-01-14 20:17:56 - [MESSAGE][INFO] - [SELF-HEALING] Failed Locator: '//tr[13]/th'.

2022-01-14 20:17:57 - [MESSAGE][INFO] - Unable to find the element located by 'By.xpath: //*[(text() = 'Overall average' or . = 'Overall average')]'. Please recheck the objects properties to make sure the desired element is located. 

2022-01-14 20:17:58 - [MESSAGE][INFO] - Unable to find the element located by 'By.cssSelector: th.header.range.cell.c0'. Please recheck the objects properties to make sure the desired element is located. 

2022-01-14 20:17:59 - [MESSAGE][FAILED] - Web element with id: 'Object Repository/Page_Grades View/th_Overall average' located by '//tr[@id='yui_3_17_2_1_1641924129250_86']/th' not found (Root cause: com.kms.katalon.core.exception.StepFailedException: Web element with id: 'Object Repository/Page_Grades View/th_Overall average' located by '//tr[@id='yui_3_17_2_1_1641924129250_86']/th' not found
	at com.kms.katalon.core.webui.keyword.internal.WebUIKeywordMain.stepFailed(WebUIKeywordMain.groovy:64)
	at com.kms.katalon.core.webui.keyword.builtin.VerifyElementVisibleKeyword$_verifyElementVisible_closure1.doCall(VerifyElementVisibleKeyword.groovy:89)
	at com.kms.katalon.core.webui.keyword.builtin.VerifyElementVisibleKeyword$_verifyElementVisible_closure1.call(VerifyElementVisibleKeyword.groovy)
	at com.kms.katalon.core.webui.keyword.internal.WebUIKeywordMain.runKeyword(WebUIKeywordMain.groovy:20)
	at com.kms.katalon.core.webui.keyword.builtin.VerifyElementVisibleKeyword.verifyElementVisible(VerifyElementVisibleKeyword.groovy:97)
	at com.kms.katalon.core.webui.keyword.builtin.VerifyElementVisibleKeyword.execute(VerifyElementVisibleKeyword.groovy:67)
	at com.kms.katalon.core.keyword.internal.KeywordExecutor.executeKeywordForPlatform(KeywordExecutor.groovy:74)
	at com.kms.katalon.core.webui.keyword.WebUiBuiltInKeywords.verifyElementVisible(WebUiBuiltInKeywords.groovy:376)
	at com.kms.katalon.core.webui.keyword.WebUiBuiltInKeywords$verifyElementVisible$4.call(Unknown Source)
	at 17_xem điểm của 1 course.run(17_xem điểm của 1 course:40)
	at com.kms.katalon.core.main.ScriptEngine.run(ScriptEngine.java:194)
	at com.kms.katalon.core.main.ScriptEngine.runScriptAsRawText(ScriptEngine.java:119)
	at com.kms.katalon.core.main.TestCaseExecutor.runScript(TestCaseExecutor.java:442)
	at com.kms.katalon.core.main.TestCaseExecutor.doExecute(TestCaseExecutor.java:433)
	at com.kms.katalon.core.main.TestCaseExecutor.processExecutionPhase(TestCaseExecutor.java:412)
	at com.kms.katalon.core.main.TestCaseExecutor.accessMainPhase(TestCaseExecutor.java:404)
	at com.kms.katalon.core.main.TestCaseExecutor.execute(TestCaseExecutor.java:281)
	at com.kms.katalon.core.main.TestCaseExecutor.execute(TestCaseExecutor.java:363)
	at com.kms.katalon.core.main.TestCaseExecutor.execute(TestCaseExecutor.java:363)
	at com.kms.katalon.core.main.TestCaseExecutor.execute(TestCaseExecutor.java:363)
	at com.kms.katalon.core.main.TestSuiteExecutor.accessTestCaseMainPhase(TestSuiteExecutor.java:202)
	at com.kms.katalon.core.main.TestSuiteExecutor.accessTestSuiteMainPhase(TestSuiteExecutor.java:164)
	at com.kms.katalon.core.main.TestSuiteExecutor.execute(TestSuiteExecutor.java:105)
	at com.kms.katalon.core.main.TestCaseMain.startTestSuite(TestCaseMain.java:181)
	at com.kms.katalon.core.main.TestCaseMain$startTestSuite$0.call(Unknown Source)
	at TempTestSuite1642165037865.run(TempTestSuite1642165037865.groovy:36)
)
[[ATTACHMENT|D:\\nam 3\\nhap mon CNPM\\bonus project\\Test-Automation-SE-Bonus\\Reports\\20220114_195717\\Run all test cases\\20220114_195717\\1642166278993.png]]

2022-01-14 20:17:59 - [MESSAGE][FAILED] - Unable to verify object 'Object Repository/Page_Grades View/th_Overall average' is visible (Root cause: com.kms.katalon.core.exception.StepFailedException: Unable to verify object 'Object Repository/Page_Grades View/th_Overall average' is visible
	at com.kms.katalon.core.webui.keyword.internal.WebUIKeywordMain.stepFailed(WebUIKeywordMain.groovy:64)
	at com.kms.katalon.core.webui.keyword.internal.WebUIKeywordMain.runKeyword(WebUIKeywordMain.groovy:26)
	at com.kms.katalon.core.webui.keyword.builtin.VerifyElementVisibleKeyword.verifyElementVisible(VerifyElementVisibleKeyword.groovy:97)
	at com.kms.katalon.core.webui.keyword.builtin.VerifyElementVisibleKeyword.execute(VerifyElementVisibleKeyword.groovy:67)
	at com.kms.katalon.core.keyword.internal.KeywordExecutor.executeKeywordForPlatform(KeywordExecutor.groovy:74)
	at com.kms.katalon.core.webui.keyword.WebUiBuiltInKeywords.verifyElementVisible(WebUiBuiltInKeywords.groovy:376)
	at com.kms.katalon.core.webui.keyword.WebUiBuiltInKeywords$verifyElementVisible$4.call(Unknown Source)
	at 17_xem điểm của 1 course.run(17_xem điểm của 1 course:40)
	at com.kms.katalon.core.main.ScriptEngine.run(ScriptEngine.java:194)
	at com.kms.katalon.core.main.ScriptEngine.runScriptAsRawText(ScriptEngine.java:119)
	at com.kms.katalon.core.main.TestCaseExecutor.runScript(TestCaseExecutor.java:442)
	at com.kms.katalon.core.main.TestCaseExecutor.doExecute(TestCaseExecutor.java:433)
	at com.kms.katalon.core.main.TestCaseExecutor.processExecutionPhase(TestCaseExecutor.java:412)
	at com.kms.katalon.core.main.TestCaseExecutor.accessMainPhase(TestCaseExecutor.java:404)
	at com.kms.katalon.core.main.TestCaseExecutor.execute(TestCaseExecutor.java:281)
	at com.kms.katalon.core.main.TestCaseExecutor.execute(TestCaseExecutor.java:363)
	at com.kms.katalon.core.main.TestCaseExecutor.execute(TestCaseExecutor.java:363)
	at com.kms.katalon.core.main.TestCaseExecutor.execute(TestCaseExecutor.java:363)
	at com.kms.katalon.core.main.TestSuiteExecutor.accessTestCaseMainPhase(TestSuiteExecutor.java:202)
	at com.kms.katalon.core.main.TestSuiteExecutor.accessTestSuiteMainPhase(TestSuiteExecutor.java:164)
	at com.kms.katalon.core.main.TestSuiteExecutor.execute(TestSuiteExecutor.java:105)
	at com.kms.katalon.core.main.TestCaseMain.startTestSuite(TestCaseMain.java:181)
	at com.kms.katalon.core.main.TestCaseMain$startTestSuite$0.call(Unknown Source)
	at TempTestSuite1642165037865.run(TempTestSuite1642165037865.groovy:36)
Caused by: com.kms.katalon.core.exception.StepFailedException: Web element with id: 'Object Repository/Page_Grades View/th_Overall average' located by '//tr[@id='yui_3_17_2_1_1641924129250_86']/th' not found
	at com.kms.katalon.core.webui.keyword.internal.WebUIKeywordMain.stepFailed(WebUIKeywordMain.groovy:64)
	at com.kms.katalon.core.webui.keyword.builtin.VerifyElementVisibleKeyword$_verifyElementVisible_closure1.doCall(VerifyElementVisibleKeyword.groovy:89)
	at com.kms.katalon.core.webui.keyword.builtin.VerifyElementVisibleKeyword$_verifyElementVisible_closure1.call(VerifyElementVisibleKeyword.groovy)
	at com.kms.katalon.core.webui.keyword.internal.WebUIKeywordMain.runKeyword(WebUIKeywordMain.groovy:20)
	... 22 more
)
[[ATTACHMENT|D:\\nam 3\\nhap mon CNPM\\bonus project\\Test-Automation-SE-Bonus\\Reports\\20220114_195717\\Run all test cases\\20220114_195717\\1642166279172.png]]]]></system-out>
         <system-err><![CDATA[2022-01-14 20:17:38 - [TEST_CASE][FAILED] - Test Cases/17_xem điểm của 1 course: Test Cases/17_xem điểm của 1 course FAILED.
Reason:
com.kms.katalon.core.exception.StepFailedException: Unable to verify object 'Object Repository/Page_Grades View/th_Overall average' is visible
	at com.kms.katalon.core.webui.keyword.internal.WebUIKeywordMain.stepFailed(WebUIKeywordMain.groovy:64)
	at com.kms.katalon.core.webui.keyword.internal.WebUIKeywordMain.runKeyword(WebUIKeywordMain.groovy:26)
	at com.kms.katalon.core.webui.keyword.builtin.VerifyElementVisibleKeyword.verifyElementVisible(VerifyElementVisibleKeyword.groovy:97)
	at com.kms.katalon.core.webui.keyword.builtin.VerifyElementVisibleKeyword.execute(VerifyElementVisibleKeyword.groovy:67)
	at com.kms.katalon.core.keyword.internal.KeywordExecutor.executeKeywordForPlatform(KeywordExecutor.groovy:74)
	at com.kms.katalon.core.webui.keyword.WebUiBuiltInKeywords.verifyElementVisible(WebUiBuiltInKeywords.groovy:376)
	at com.kms.katalon.core.webui.keyword.WebUiBuiltInKeywords$verifyElementVisible$4.call(Unknown Source)
	at 17_xem điểm của 1 course.run(17_xem điểm của 1 course:40)
	at com.kms.katalon.core.main.ScriptEngine.run(ScriptEngine.java:194)
	at com.kms.katalon.core.main.ScriptEngine.runScriptAsRawText(ScriptEngine.java:119)
	at com.kms.katalon.core.main.TestCaseExecutor.runScript(TestCaseExecutor.java:442)
	at com.kms.katalon.core.main.TestCaseExecutor.doExecute(TestCaseExecutor.java:433)
	at com.kms.katalon.core.main.TestCaseExecutor.processExecutionPhase(TestCaseExecutor.java:412)
	at com.kms.katalon.core.main.TestCaseExecutor.accessMainPhase(TestCaseExecutor.java:404)
	at com.kms.katalon.core.main.TestCaseExecutor.execute(TestCaseExecutor.java:281)
	at com.kms.katalon.core.main.TestCaseExecutor.execute(TestCaseExecutor.java:363)
	at com.kms.katalon.core.main.TestCaseExecutor.execute(TestCaseExecutor.java:363)
	at com.kms.katalon.core.main.TestCaseExecutor.execute(TestCaseExecutor.java:363)
	at com.kms.katalon.core.main.TestSuiteExecutor.accessTestCaseMainPhase(TestSuiteExecutor.java:202)
	at com.kms.katalon.core.main.TestSuiteExecutor.accessTestSuiteMainPhase(TestSuiteExecutor.java:164)
	at com.kms.katalon.core.main.TestSuiteExecutor.execute(TestSuiteExecutor.java:105)
	at com.kms.katalon.core.main.TestCaseMain.startTestSuite(TestCaseMain.java:181)
	at com.kms.katalon.core.main.TestCaseMain$startTestSuite$0.call(Unknown Source)
	at TempTestSuite1642165037865.run(TempTestSuite1642165037865.groovy:36)
Caused by: com.kms.katalon.core.exception.StepFailedException: Web element with id: 'Object Repository/Page_Grades View/th_Overall average' located by '//tr[@id='yui_3_17_2_1_1641924129250_86']/th' not found
	at com.kms.katalon.core.webui.keyword.internal.WebUIKeywordMain.stepFailed(WebUIKeywordMain.groovy:64)
	at com.kms.katalon.core.webui.keyword.builtin.VerifyElementVisibleKeyword$_verifyElementVisible_closure1.doCall(VerifyElementVisibleKeyword.groovy:89)
	at com.kms.katalon.core.webui.keyword.builtin.VerifyElementVisibleKeyword$_verifyElementVisible_closure1.call(VerifyElementVisibleKeyword.groovy)
	at com.kms.katalon.core.webui.keyword.internal.WebUIKeywordMain.runKeyword(WebUIKeywordMain.groovy:20)
	... 22 more]]></system-err>
      </testcase>
      <testcase name="Test Cases/18_Giáo viên thêm quiz với thời gian đóng ở quá khứ" time="39.443" classname="Test Cases/18_Giáo viên thêm quiz với thời gian đóng ở quá khứ" status="FAILED">
         <failure type="FAILED" message="Test Cases/18_Giáo viên thêm quiz với thời gian đóng ở quá khứ FAILED.
Reason:
com.kms.katalon.core.exception.StepFailedException: Unable to click on object 'Object Repository/Page_Course Nhp mn tr tu nhn to/span_Add an activity or resource'
	at com.kms.katalon.core.webui.keyword.internal.WebUIKeywordMain.stepFailed(WebUIKeywordMain.groovy:64)
	at com.kms.katalon.core.webui.keyword.internal.WebUIKeywordMain.runKeyword(WebUIKeywordMain.groovy:26)
	at com.kms.katalon.core.webui.keyword.builtin.ClickKeyword.click(ClickKeyword.groovy:74)
	at com.kms.katalon.core.webui.keyword.builtin.ClickKeyword.execute(ClickKeyword.groovy:40)
	at com.kms.katalon.core.keyword.internal.KeywordExecutor.executeKeywordForPlatform(KeywordExecutor.groovy:74)
	at com.kms.katalon.core.webui.keyword.WebUiBuiltInKeywords.click(WebUiBuiltInKeywords.groovy:620)
	at com.kms.katalon.core.webui.keyword.WebUiBuiltInKeywords$click$1.call(Unknown Source)
	at 18_Giáo viên thêm quiz với thời gian đóng ở quá khứ.run(18_Giáo viên thêm quiz với thời gian đóng ở quá khứ:36)
	at com.kms.katalon.core.main.ScriptEngine.run(ScriptEngine.java:194)
	at com.kms.katalon.core.main.ScriptEngine.runScriptAsRawText(ScriptEngine.java:119)
	at com.kms.katalon.core.main.TestCaseExecutor.runScript(TestCaseExecutor.java:442)
	at com.kms.katalon.core.main.TestCaseExecutor.doExecute(TestCaseExecutor.java:433)
	at com.kms.katalon.core.main.TestCaseExecutor.processExecutionPhase(TestCaseExecutor.java:412)
	at com.kms.katalon.core.main.TestCaseExecutor.accessMainPhase(TestCaseExecutor.java:404)
	at com.kms.katalon.core.main.TestCaseExecutor.execute(TestCaseExecutor.java:281)
	at com.kms.katalon.core.main.TestCaseExecutor.execute(TestCaseExecutor.java:363)
	at com.kms.katalon.core.main.TestCaseExecutor.execute(TestCaseExecutor.java:363)
	at com.kms.katalon.core.main.TestCaseExecutor.execute(TestCaseExecutor.java:363)
	at com.kms.katalon.core.main.TestSuiteExecutor.accessTestCaseMainPhase(TestSuiteExecutor.java:202)
	at com.kms.katalon.core.main.TestSuiteExecutor.accessTestSuiteMainPhase(TestSuiteExecutor.java:164)
	at com.kms.katalon.core.main.TestSuiteExecutor.execute(TestSuiteExecutor.java:105)
	at com.kms.katalon.core.main.TestCaseMain.startTestSuite(TestCaseMain.java:181)
	at com.kms.katalon.core.main.TestCaseMain$startTestSuite$0.call(Unknown Source)
	at TempTestSuite1642165037865.run(TempTestSuite1642165037865.groovy:36)
Caused by: com.kms.katalon.core.webui.exception.WebElementNotFoundException: Web element with id: 'Object Repository/Page_Course Nhp mn tr tu nhn to/span_Add an activity or resource' located by '//span[@id='yui_3_17_2_1_1641986354069_794']' not found
	at com.kms.katalon.core.webui.common.WebUiCommonHelper.findWebElement(WebUiCommonHelper.java:1368)
	at com.kms.katalon.core.webui.keyword.internal.WebUIAbstractKeyword.findWebElement(WebUIAbstractKeyword.groovy:27)
	at com.kms.katalon.core.webui.keyword.builtin.ClickKeyword$_click_closure1.doCall(ClickKeyword.groovy:65)
	at com.kms.katalon.core.webui.keyword.builtin.ClickKeyword$_click_closure1.call(ClickKeyword.groovy)
	at com.kms.katalon.core.webui.keyword.internal.WebUIKeywordMain.runKeyword(WebUIKeywordMain.groovy:20)
	... 22 more
"/>
         <system-out><![CDATA[2022-01-14 20:20:00 - [TEST_CASE][FAILED] - Test Cases/18_Giáo viên thêm quiz với thời gian đóng ở quá khứ: Test Cases/18_Giáo viên thêm quiz với thời gian đóng ở quá khứ FAILED.
Reason:
com.kms.katalon.core.exception.StepFailedException: Unable to click on object 'Object Repository/Page_Course Nhp mn tr tu nhn to/span_Add an activity or resource'
	at com.kms.katalon.core.webui.keyword.internal.WebUIKeywordMain.stepFailed(WebUIKeywordMain.groovy:64)
	at com.kms.katalon.core.webui.keyword.internal.WebUIKeywordMain.runKeyword(WebUIKeywordMain.groovy:26)
	at com.kms.katalon.core.webui.keyword.builtin.ClickKeyword.click(ClickKeyword.groovy:74)
	at com.kms.katalon.core.webui.keyword.builtin.ClickKeyword.execute(ClickKeyword.groovy:40)
	at com.kms.katalon.core.keyword.internal.KeywordExecutor.executeKeywordForPlatform(KeywordExecutor.groovy:74)
	at com.kms.katalon.core.webui.keyword.WebUiBuiltInKeywords.click(WebUiBuiltInKeywords.groovy:620)
	at com.kms.katalon.core.webui.keyword.WebUiBuiltInKeywords$click$1.call(Unknown Source)
	at 18_Giáo viên thêm quiz với thời gian đóng ở quá khứ.run(18_Giáo viên thêm quiz với thời gian đóng ở quá khứ:36)
	at com.kms.katalon.core.main.ScriptEngine.run(ScriptEngine.java:194)
	at com.kms.katalon.core.main.ScriptEngine.runScriptAsRawText(ScriptEngine.java:119)
	at com.kms.katalon.core.main.TestCaseExecutor.runScript(TestCaseExecutor.java:442)
	at com.kms.katalon.core.main.TestCaseExecutor.doExecute(TestCaseExecutor.java:433)
	at com.kms.katalon.core.main.TestCaseExecutor.processExecutionPhase(TestCaseExecutor.java:412)
	at com.kms.katalon.core.main.TestCaseExecutor.accessMainPhase(TestCaseExecutor.java:404)
	at com.kms.katalon.core.main.TestCaseExecutor.execute(TestCaseExecutor.java:281)
	at com.kms.katalon.core.main.TestCaseExecutor.execute(TestCaseExecutor.java:363)
	at com.kms.katalon.core.main.TestCaseExecutor.execute(TestCaseExecutor.java:363)
	at com.kms.katalon.core.main.TestCaseExecutor.execute(TestCaseExecutor.java:363)
	at com.kms.katalon.core.main.TestSuiteExecutor.accessTestCaseMainPhase(TestSuiteExecutor.java:202)
	at com.kms.katalon.core.main.TestSuiteExecutor.accessTestSuiteMainPhase(TestSuiteExecutor.java:164)
	at com.kms.katalon.core.main.TestSuiteExecutor.execute(TestSuiteExecutor.java:105)
	at com.kms.katalon.core.main.TestCaseMain.startTestSuite(TestCaseMain.java:181)
	at com.kms.katalon.core.main.TestCaseMain$startTestSuite$0.call(Unknown Source)
	at TempTestSuite1642165037865.run(TempTestSuite1642165037865.groovy:36)
Caused by: com.kms.katalon.core.webui.exception.WebElementNotFoundException: Web element with id: 'Object Repository/Page_Course Nhp mn tr tu nhn to/span_Add an activity or resource' located by '//span[@id='yui_3_17_2_1_1641986354069_794']' not found
	at com.kms.katalon.core.webui.common.WebUiCommonHelper.findWebElement(WebUiCommonHelper.java:1368)
	at com.kms.katalon.core.webui.keyword.internal.WebUIAbstractKeyword.findWebElement(WebUIAbstractKeyword.groovy:27)
	at com.kms.katalon.core.webui.keyword.builtin.ClickKeyword$_click_closure1.doCall(ClickKeyword.groovy:65)
	at com.kms.katalon.core.webui.keyword.builtin.ClickKeyword$_click_closure1.call(ClickKeyword.groovy)
	at com.kms.katalon.core.webui.keyword.internal.WebUIKeywordMain.runKeyword(WebUIKeywordMain.groovy:20)
	... 22 more


2022-01-14 20:20:00 - [TEST_STEP][PASSED] - openBrowser(""): Browser is opened with url: ''

2022-01-14 20:20:00 - [MESSAGE][WARNING] - A browser is already opened. Closing browser and opening a new one

2022-01-14 20:20:01 - [MESSAGE][INFO] - Starting 'Chrome' driver

2022-01-14 20:20:01 - [MESSAGE][INFO] - Action delay is set to 0 milliseconds

2022-01-14 20:20:02 - [MESSAGE][PASSED] - Browser is opened with url: ''

2022-01-14 20:20:02 - [TEST_STEP][PASSED] - navigateToUrl("http://localhost/"): Navigate to 'http://localhost/' successfully

2022-01-14 20:20:02 - [MESSAGE][PASSED] - Navigate to 'http://localhost/' successfully

2022-01-14 20:20:02 - [TEST_STEP][PASSED] - click(findTestObject("Object Repository/Page_HCMUS/a_Nhp mn tr tu nhn to")): Object: 'Object Repository/Page_HCMUS/a_Nhp mn tr tu nhn to' is clicked on

2022-01-14 20:20:03 - [MESSAGE][PASSED] - Object: 'Object Repository/Page_HCMUS/a_Nhp mn tr tu nhn to' is clicked on

2022-01-14 20:20:03 - [TEST_STEP][PASSED] - setText(findTestObject("Object Repository/Page_HCMUS Log in to the site/input_Username_username"), "teacher1"): Text 'teacher1' is set on object 'Object Repository/Page_HCMUS Log in to the site/input_Username_username'

2022-01-14 20:20:04 - [MESSAGE][PASSED] - Text 'teacher1' is set on object 'Object Repository/Page_HCMUS Log in to the site/input_Username_username'

2022-01-14 20:20:04 - [TEST_STEP][PASSED] - setEncryptedText(findTestObject("Object Repository/Page_HCMUS Log in to the site/input_Password_password"), "iKb8CrY6A/iqm08K47hQLA=="): Text ****** has been set on object 'Object Repository/Page_HCMUS Log in to the site/input_Password_password'

2022-01-14 20:20:04 - [MESSAGE][PASSED] - Text ****** has been set on object 'Object Repository/Page_HCMUS Log in to the site/input_Password_password'

2022-01-14 20:20:04 - [TEST_STEP][PASSED] - click(findTestObject("Object Repository/Page_HCMUS Log in to the site/button_Log in")): Object: 'Object Repository/Page_HCMUS Log in to the site/button_Log in' is clicked on

2022-01-14 20:20:05 - [MESSAGE][PASSED] - Object: 'Object Repository/Page_HCMUS Log in to the site/button_Log in' is clicked on

2022-01-14 20:20:05 - [TEST_STEP][PASSED] - click(findTestObject("Object Repository/Page_Course Nhp mn tr tu nhn to/button_End tour"), OPTIONAL): Unable to click on object 'Object Repository/Page_Course Nhp mn tr tu nhn to/button_End tour' (Root cause: com.kms.katalon.core.exception.StepFailedException: Unable to click on object 'Object Repository/Page_Course Nhp mn tr tu nhn to/button_End tour'
	at com.kms.katalon.core.webui.keyword.internal.WebUIKeywordMain.stepFailed(WebUIKeywordMain.groovy:64)
	at com.kms.katalon.core.webui.keyword.internal.WebUIKeywordMain.runKeyword(WebUIKeywordMain.groovy:26)
	at com.kms.katalon.core.webui.keyword.builtin.ClickKeyword.click(ClickKeyword.groovy:74)
	at com.kms.katalon.core.webui.keyword.builtin.ClickKeyword.execute(ClickKeyword.groovy:40)
	at com.kms.katalon.core.keyword.internal.KeywordExecutor.executeKeywordForPlatform(KeywordExecutor.groovy:74)
	at com.kms.katalon.core.webui.keyword.WebUiBuiltInKeywords.click(WebUiBuiltInKeywords.groovy:608)
	at com.kms.katalon.core.webui.keyword.WebUiBuiltInKeywords$click$8.call(Unknown Source)
	at 18_Giáo viên thêm quiz với thời gian đóng ở quá khứ.run(18_Giáo viên thêm quiz với thời gian đóng ở quá khứ:32)
	at com.kms.katalon.core.main.ScriptEngine.run(ScriptEngine.java:194)
	at com.kms.katalon.core.main.ScriptEngine.runScriptAsRawText(ScriptEngine.java:119)
	at com.kms.katalon.core.main.TestCaseExecutor.runScript(TestCaseExecutor.java:442)
	at com.kms.katalon.core.main.TestCaseExecutor.doExecute(TestCaseExecutor.java:433)
	at com.kms.katalon.core.main.TestCaseExecutor.processExecutionPhase(TestCaseExecutor.java:412)
	at com.kms.katalon.core.main.TestCaseExecutor.accessMainPhase(TestCaseExecutor.java:404)
	at com.kms.katalon.core.main.TestCaseExecutor.execute(TestCaseExecutor.java:281)
	at com.kms.katalon.core.main.TestCaseExecutor.execute(TestCaseExecutor.java:363)
	at com.kms.katalon.core.main.TestCaseExecutor.execute(TestCaseExecutor.java:363)
	at com.kms.katalon.core.main.TestCaseExecutor.execute(TestCaseExecutor.java:363)
	at com.kms.katalon.core.main.TestSuiteExecutor.accessTestCaseMainPhase(TestSuiteExecutor.java:202)
	at com.kms.katalon.core.main.TestSuiteExecutor.accessTestSuiteMainPhase(TestSuiteExecutor.java:164)
	at com.kms.katalon.core.main.TestSuiteExecutor.execute(TestSuiteExecutor.java:105)
	at com.kms.katalon.core.main.TestCaseMain.startTestSuite(TestCaseMain.java:181)
	at com.kms.katalon.core.main.TestCaseMain$startTestSuite$0.call(Unknown Source)
	at TempTestSuite1642165037865.run(TempTestSuite1642165037865.groovy:36)
Caused by: com.kms.katalon.core.webui.exception.WebElementNotFoundException: Web element with id: 'Object Repository/Page_Course Nhp mn tr tu nhn to/button_End tour' located by '//span[@id='tour-step-tool_usertours_4_2_1620109487-0']/div/div/div[4]/button[3]' not found
	at com.kms.katalon.core.webui.common.WebUiCommonHelper.findWebElement(WebUiCommonHelper.java:1368)
	at com.kms.katalon.core.webui.keyword.internal.WebUIAbstractKeyword.findWebElement(WebUIAbstractKeyword.groovy:27)
	at com.kms.katalon.core.webui.keyword.builtin.ClickKeyword$_click_closure1.doCall(ClickKeyword.groovy:65)
	at com.kms.katalon.core.webui.keyword.builtin.ClickKeyword$_click_closure1.call(ClickKeyword.groovy)
	at com.kms.katalon.core.webui.keyword.internal.WebUIKeywordMain.runKeyword(WebUIKeywordMain.groovy:20)
	at com.kms.katalon.core.webui.keyword.builtin.ClickKeyword.click(ClickKeyword.groovy:74)
	at com.kms.katalon.core.webui.keyword.builtin.ClickKeyword.execute(ClickKeyword.groovy:40)
	at com.kms.katalon.core.keyword.internal.KeywordExecutor.executeKeywordForPlatform(KeywordExecutor.groovy:74)
	at com.kms.katalon.core.webui.keyword.WebUiBuiltInKeywords.click(WebUiBuiltInKeywords.groovy:608)
	at com.kms.katalon.core.webui.keyword.WebUiBuiltInKeywords$click$8.call(Unknown Source)
	at Script1641964778859.run(Script1641964778859.groovy:32)
	... 16 more
)

2022-01-14 20:20:11 - [MESSAGE][INFO] - Unable to find the element located by 'By.xpath: //span[@id='tour-step-tool_usertours_4_2_1620109487-0']/div/div/div[4]/button[3]'. Please recheck the objects properties to make sure the desired element is located. 

2022-01-14 20:20:11 - [MESSAGE][WARNING] - [SELF-HEALING] Failed to find element with id 'Object Repository/Page_Course Nhp mn tr tu nhn to/button_End tour'. Try using Self-healing.

2022-01-14 20:20:13 - [MESSAGE][INFO] - Unable to find the element located by 'By.xpath: (.//*[normalize-space(text()) and normalize-space(.)='Next'])[1]/following::button[1]'. Please recheck the objects properties to make sure the desired element is located. 

2022-01-14 20:20:13 - [MESSAGE][INFO] - [SELF-HEALING] Failed Locator: '//span[@id='tour-step-tool_usertours_4_2_1620109487-0']/div/div/div[4]/button[3]'.

2022-01-14 20:20:13 - [MESSAGE][INFO] - [SELF-HEALING] Failed Locator: '(.//*[normalize-space(text()) and normalize-space(.)='Next'])[1]/following::button[1]'.

2022-01-14 20:20:13 - [MESSAGE][INFO] - [SELF-HEALING] Failed Locator: '(.//*[normalize-space(text()) and normalize-space(.)='Previous'])[1]/following::button[2]'.

2022-01-14 20:20:14 - [MESSAGE][INFO] - [SELF-HEALING] Failed Locator: '//*/text()[normalize-space(.)='End tour']/parent::*'.

2022-01-14 20:20:14 - [MESSAGE][INFO] - [SELF-HEALING] Failed Locator: '//div[4]/button[3]'.

2022-01-14 20:20:14 - [MESSAGE][INFO] - [SELF-HEALING] Failed Locator: '//span[@id='tour-step-tool_usertours_8_2_1620109487-0']/div/div/div[4]/button[3]'.

2022-01-14 20:20:14 - [MESSAGE][INFO] - [SELF-HEALING] Failed Locator: '//span[@id='tour-step-tool_usertours_16_1_1620109487-0']/div/div/div[4]/button[3]'.

2022-01-14 20:20:15 - [MESSAGE][INFO] - Unable to find the element located by 'By.xpath: //*[(text() = ' End tour ' or . = ' End tour ')]'. Please recheck the objects properties to make sure the desired element is located. 

2022-01-14 20:20:16 - [MESSAGE][INFO] - Unable to find the element located by 'By.cssSelector: '. Please recheck the objects properties to make sure the desired element is located. 

2022-01-14 20:20:17 - [MESSAGE][WARNING] - Unable to click on object 'Object Repository/Page_Course Nhp mn tr tu nhn to/button_End tour' (Root cause: com.kms.katalon.core.exception.StepFailedException: Unable to click on object 'Object Repository/Page_Course Nhp mn tr tu nhn to/button_End tour'
	at com.kms.katalon.core.webui.keyword.internal.WebUIKeywordMain.stepFailed(WebUIKeywordMain.groovy:64)
	at com.kms.katalon.core.webui.keyword.internal.WebUIKeywordMain.runKeyword(WebUIKeywordMain.groovy:26)
	at com.kms.katalon.core.webui.keyword.builtin.ClickKeyword.click(ClickKeyword.groovy:74)
	at com.kms.katalon.core.webui.keyword.builtin.ClickKeyword.execute(ClickKeyword.groovy:40)
	at com.kms.katalon.core.keyword.internal.KeywordExecutor.executeKeywordForPlatform(KeywordExecutor.groovy:74)
	at com.kms.katalon.core.webui.keyword.WebUiBuiltInKeywords.click(WebUiBuiltInKeywords.groovy:608)
	at com.kms.katalon.core.webui.keyword.WebUiBuiltInKeywords$click$8.call(Unknown Source)
	at 18_Giáo viên thêm quiz với thời gian đóng ở quá khứ.run(18_Giáo viên thêm quiz với thời gian đóng ở quá khứ:32)
	at com.kms.katalon.core.main.ScriptEngine.run(ScriptEngine.java:194)
	at com.kms.katalon.core.main.ScriptEngine.runScriptAsRawText(ScriptEngine.java:119)
	at com.kms.katalon.core.main.TestCaseExecutor.runScript(TestCaseExecutor.java:442)
	at com.kms.katalon.core.main.TestCaseExecutor.doExecute(TestCaseExecutor.java:433)
	at com.kms.katalon.core.main.TestCaseExecutor.processExecutionPhase(TestCaseExecutor.java:412)
	at com.kms.katalon.core.main.TestCaseExecutor.accessMainPhase(TestCaseExecutor.java:404)
	at com.kms.katalon.core.main.TestCaseExecutor.execute(TestCaseExecutor.java:281)
	at com.kms.katalon.core.main.TestCaseExecutor.execute(TestCaseExecutor.java:363)
	at com.kms.katalon.core.main.TestCaseExecutor.execute(TestCaseExecutor.java:363)
	at com.kms.katalon.core.main.TestCaseExecutor.execute(TestCaseExecutor.java:363)
	at com.kms.katalon.core.main.TestSuiteExecutor.accessTestCaseMainPhase(TestSuiteExecutor.java:202)
	at com.kms.katalon.core.main.TestSuiteExecutor.accessTestSuiteMainPhase(TestSuiteExecutor.java:164)
	at com.kms.katalon.core.main.TestSuiteExecutor.execute(TestSuiteExecutor.java:105)
	at com.kms.katalon.core.main.TestCaseMain.startTestSuite(TestCaseMain.java:181)
	at com.kms.katalon.core.main.TestCaseMain$startTestSuite$0.call(Unknown Source)
	at TempTestSuite1642165037865.run(TempTestSuite1642165037865.groovy:36)
Caused by: com.kms.katalon.core.webui.exception.WebElementNotFoundException: Web element with id: 'Object Repository/Page_Course Nhp mn tr tu nhn to/button_End tour' located by '//span[@id='tour-step-tool_usertours_4_2_1620109487-0']/div/div/div[4]/button[3]' not found
	at com.kms.katalon.core.webui.common.WebUiCommonHelper.findWebElement(WebUiCommonHelper.java:1368)
	at com.kms.katalon.core.webui.keyword.internal.WebUIAbstractKeyword.findWebElement(WebUIAbstractKeyword.groovy:27)
	at com.kms.katalon.core.webui.keyword.builtin.ClickKeyword$_click_closure1.doCall(ClickKeyword.groovy:65)
	at com.kms.katalon.core.webui.keyword.builtin.ClickKeyword$_click_closure1.call(ClickKeyword.groovy)
	at com.kms.katalon.core.webui.keyword.internal.WebUIKeywordMain.runKeyword(WebUIKeywordMain.groovy:20)
	at com.kms.katalon.core.webui.keyword.builtin.ClickKeyword.click(ClickKeyword.groovy:74)
	at com.kms.katalon.core.webui.keyword.builtin.ClickKeyword.execute(ClickKeyword.groovy:40)
	at com.kms.katalon.core.keyword.internal.KeywordExecutor.executeKeywordForPlatform(KeywordExecutor.groovy:74)
	at com.kms.katalon.core.webui.keyword.WebUiBuiltInKeywords.click(WebUiBuiltInKeywords.groovy:608)
	at com.kms.katalon.core.webui.keyword.WebUiBuiltInKeywords$click$8.call(Unknown Source)
	at Script1641964778859.run(Script1641964778859.groovy:32)
	... 16 more
)
[[ATTACHMENT|D:\\nam 3\\nhap mon CNPM\\bonus project\\Test-Automation-SE-Bonus\\Reports\\20220114_195717\\Run all test cases\\20220114_195717\\1642166416977.png]]

2022-01-14 20:20:17 - [TEST_STEP][PASSED] - click(findTestObject("Object Repository/Page_Course Nhp mn tr tu nhn to/button_Turn editing on")): Object: 'Object Repository/Page_Course Nhp mn tr tu nhn to/button_Turn editing on' is clicked on

2022-01-14 20:20:23 - [MESSAGE][INFO] - Unable to find the element located by 'By.xpath: //button[@id='single_button61deb918b38a91']'. Please recheck the objects properties to make sure the desired element is located. 

2022-01-14 20:20:23 - [MESSAGE][WARNING] - [SELF-HEALING] Failed to find element with id 'Object Repository/Page_Course Nhp mn tr tu nhn to/button_Turn editing on'. Try using Self-healing.

2022-01-14 20:20:23 - [MESSAGE][WARNING] - [SELF-HEALING] The current locator of test object 'Object Repository/Page_Course Nhp mn tr tu nhn to/button_Turn editing on' was broken. Propose an alternative one: '(.//*[normalize-space(text()) and normalize-space(.)='AI'])[2]/following::button[1]'.

2022-01-14 20:20:23 - [MESSAGE][PASSED] - Object: 'Object Repository/Page_Course Nhp mn tr tu nhn to/button_Turn editing on' is clicked on

2022-01-14 20:20:23 - [TEST_STEP][FAILED] - click(findTestObject("Object Repository/Page_Course Nhp mn tr tu nhn to/span_Add an activity or resource")): Unable to click on object 'Object Repository/Page_Course Nhp mn tr tu nhn to/span_Add an activity or resource' (Root cause: com.kms.katalon.core.exception.StepFailedException: Unable to click on object 'Object Repository/Page_Course Nhp mn tr tu nhn to/span_Add an activity or resource'
	at com.kms.katalon.core.webui.keyword.internal.WebUIKeywordMain.stepFailed(WebUIKeywordMain.groovy:64)
	at com.kms.katalon.core.webui.keyword.internal.WebUIKeywordMain.runKeyword(WebUIKeywordMain.groovy:26)
	at com.kms.katalon.core.webui.keyword.builtin.ClickKeyword.click(ClickKeyword.groovy:74)
	at com.kms.katalon.core.webui.keyword.builtin.ClickKeyword.execute(ClickKeyword.groovy:40)
	at com.kms.katalon.core.keyword.internal.KeywordExecutor.executeKeywordForPlatform(KeywordExecutor.groovy:74)
	at com.kms.katalon.core.webui.keyword.WebUiBuiltInKeywords.click(WebUiBuiltInKeywords.groovy:620)
	at com.kms.katalon.core.webui.keyword.WebUiBuiltInKeywords$click$1.call(Unknown Source)
	at 18_Giáo viên thêm quiz với thời gian đóng ở quá khứ.run(18_Giáo viên thêm quiz với thời gian đóng ở quá khứ:36)
	at com.kms.katalon.core.main.ScriptEngine.run(ScriptEngine.java:194)
	at com.kms.katalon.core.main.ScriptEngine.runScriptAsRawText(ScriptEngine.java:119)
	at com.kms.katalon.core.main.TestCaseExecutor.runScript(TestCaseExecutor.java:442)
	at com.kms.katalon.core.main.TestCaseExecutor.doExecute(TestCaseExecutor.java:433)
	at com.kms.katalon.core.main.TestCaseExecutor.processExecutionPhase(TestCaseExecutor.java:412)
	at com.kms.katalon.core.main.TestCaseExecutor.accessMainPhase(TestCaseExecutor.java:404)
	at com.kms.katalon.core.main.TestCaseExecutor.execute(TestCaseExecutor.java:281)
	at com.kms.katalon.core.main.TestCaseExecutor.execute(TestCaseExecutor.java:363)
	at com.kms.katalon.core.main.TestCaseExecutor.execute(TestCaseExecutor.java:363)
	at com.kms.katalon.core.main.TestCaseExecutor.execute(TestCaseExecutor.java:363)
	at com.kms.katalon.core.main.TestSuiteExecutor.accessTestCaseMainPhase(TestSuiteExecutor.java:202)
	at com.kms.katalon.core.main.TestSuiteExecutor.accessTestSuiteMainPhase(TestSuiteExecutor.java:164)
	at com.kms.katalon.core.main.TestSuiteExecutor.execute(TestSuiteExecutor.java:105)
	at com.kms.katalon.core.main.TestCaseMain.startTestSuite(TestCaseMain.java:181)
	at com.kms.katalon.core.main.TestCaseMain$startTestSuite$0.call(Unknown Source)
	at TempTestSuite1642165037865.run(TempTestSuite1642165037865.groovy:36)
Caused by: com.kms.katalon.core.webui.exception.WebElementNotFoundException: Web element with id: 'Object Repository/Page_Course Nhp mn tr tu nhn to/span_Add an activity or resource' located by '//span[@id='yui_3_17_2_1_1641986354069_794']' not found
	at com.kms.katalon.core.webui.common.WebUiCommonHelper.findWebElement(WebUiCommonHelper.java:1368)
	at com.kms.katalon.core.webui.keyword.internal.WebUIAbstractKeyword.findWebElement(WebUIAbstractKeyword.groovy:27)
	at com.kms.katalon.core.webui.keyword.builtin.ClickKeyword$_click_closure1.doCall(ClickKeyword.groovy:65)
	at com.kms.katalon.core.webui.keyword.builtin.ClickKeyword$_click_closure1.call(ClickKeyword.groovy)
	at com.kms.katalon.core.webui.keyword.internal.WebUIKeywordMain.runKeyword(WebUIKeywordMain.groovy:20)
	at com.kms.katalon.core.webui.keyword.builtin.ClickKeyword.click(ClickKeyword.groovy:74)
	at com.kms.katalon.core.webui.keyword.builtin.ClickKeyword.execute(ClickKeyword.groovy:40)
	at com.kms.katalon.core.keyword.internal.KeywordExecutor.executeKeywordForPlatform(KeywordExecutor.groovy:74)
	at com.kms.katalon.core.webui.keyword.WebUiBuiltInKeywords.click(WebUiBuiltInKeywords.groovy:620)
	at com.kms.katalon.core.webui.keyword.WebUiBuiltInKeywords$click$1.call(Unknown Source)
	at Script1641964778859.run(Script1641964778859.groovy:36)
	... 16 more
)

2022-01-14 20:20:29 - [MESSAGE][INFO] - Unable to find the element located by 'By.xpath: //span[@id='yui_3_17_2_1_1641986354069_794']'. Please recheck the objects properties to make sure the desired element is located. 

2022-01-14 20:20:29 - [MESSAGE][WARNING] - [SELF-HEALING] Failed to find element with id 'Object Repository/Page_Course Nhp mn tr tu nhn to/span_Add an activity or resource'. Try using Self-healing.

2022-01-14 20:20:31 - [MESSAGE][INFO] - Unable to find the element located by 'By.xpath: (.//*[normalize-space(text()) and normalize-space(.)='Add file(s) here'])[1]/following::span[1]'. Please recheck the objects properties to make sure the desired element is located. 

2022-01-14 20:20:31 - [MESSAGE][INFO] - [SELF-HEALING] Failed Locator: '//span[@id='yui_3_17_2_1_1641986354069_794']'.

2022-01-14 20:20:31 - [MESSAGE][INFO] - [SELF-HEALING] Failed Locator: '//button[@id='yui_3_17_2_1_1641986354069_795']/span'.

2022-01-14 20:20:31 - [MESSAGE][INFO] - [SELF-HEALING] Failed Locator: '(.//*[normalize-space(text()) and normalize-space(.)='Add file(s) here'])[1]/following::span[1]'.

2022-01-14 20:20:32 - [MESSAGE][INFO] - [SELF-HEALING] Failed Locator: '(.//*[normalize-space(text()) and normalize-space(.)='Mark as done'])[6]/following::span[2]'.

2022-01-14 20:20:32 - [MESSAGE][INFO] - [SELF-HEALING] Failed Locator: '(.//*[normalize-space(text()) and normalize-space(.)='Edit topic'])[1]/preceding::span[2]'.

2022-01-14 20:20:32 - [MESSAGE][INFO] - [SELF-HEALING] Failed Locator: '(.//*[normalize-space(text()) and normalize-space(.)='Highlight'])[1]/preceding::span[3]'.

2022-01-14 20:20:32 - [MESSAGE][INFO] - [SELF-HEALING] Failed Locator: '//*/text()[normalize-space(.)='Add an activity or resource']/parent::*'.

2022-01-14 20:20:32 - [MESSAGE][INFO] - [SELF-HEALING] Failed Locator: '//div[3]/div/button/span'.

2022-01-14 20:20:33 - [MESSAGE][INFO] - [SELF-HEALING] Failed Locator: '//span[@id='yui_3_17_2_1_1641968219070_816']'.

2022-01-14 20:20:33 - [MESSAGE][INFO] - [SELF-HEALING] Failed Locator: '//button[@id='yui_3_17_2_1_1641968219070_817']/span'.

2022-01-14 20:20:33 - [MESSAGE][INFO] - [SELF-HEALING] Failed Locator: '(.//*[normalize-space(text()) and normalize-space(.)='Mark as done'])[7]/following::span[2]'.

2022-01-14 20:20:33 - [MESSAGE][INFO] - [SELF-HEALING] Failed Locator: '//span[@id='yui_3_17_2_1_1641967946979_782']'.

2022-01-14 20:20:34 - [MESSAGE][INFO] - [SELF-HEALING] Failed Locator: '//button[@id='yui_3_17_2_1_1641967946979_783']/span'.

2022-01-14 20:20:34 - [MESSAGE][INFO] - [SELF-HEALING] Failed Locator: '//span[@id='yui_3_17_2_1_1641967681819_749']'.

2022-01-14 20:20:34 - [MESSAGE][INFO] - [SELF-HEALING] Failed Locator: '//button[@id='yui_3_17_2_1_1641967681819_750']/span'.

2022-01-14 20:20:34 - [MESSAGE][INFO] - [SELF-HEALING] Failed Locator: '(.//*[normalize-space(text()) and normalize-space(.)='Mark as done'])[5]/following::span[2]'.

2022-01-14 20:20:34 - [MESSAGE][INFO] - [SELF-HEALING] Failed Locator: '//span[@id='yui_3_17_2_1_1641966312257_733']'.

2022-01-14 20:20:35 - [MESSAGE][INFO] - [SELF-HEALING] Failed Locator: '//button[@id='yui_3_17_2_1_1641966312257_734']/span'.

2022-01-14 20:20:35 - [MESSAGE][INFO] - [SELF-HEALING] Failed Locator: '(.//*[normalize-space(text()) and normalize-space(.)='Mark as done'])[4]/following::span[2]'.

2022-01-14 20:20:35 - [MESSAGE][INFO] - [SELF-HEALING] Failed Locator: '//span[@id='yui_3_17_2_1_1641965818242_672']'.

2022-01-14 20:20:35 - [MESSAGE][INFO] - [SELF-HEALING] Failed Locator: '//button[@id='yui_3_17_2_1_1641965818242_673']/span'.

2022-01-14 20:20:36 - [MESSAGE][INFO] - [SELF-HEALING] Failed Locator: '(.//*[normalize-space(text()) and normalize-space(.)='Mark as done'])[2]/following::span[2]'.

2022-01-14 20:20:36 - [MESSAGE][INFO] - [SELF-HEALING] Failed Locator: '//span[@id='yui_3_17_2_1_1641965314944_642']'.

2022-01-14 20:20:36 - [MESSAGE][INFO] - [SELF-HEALING] Failed Locator: '//button[@id='yui_3_17_2_1_1641965314944_643']/span'.

2022-01-14 20:20:36 - [MESSAGE][INFO] - [SELF-HEALING] Failed Locator: '(.//*[normalize-space(text()) and normalize-space(.)='Mark as done'])[1]/following::span[2]'.

2022-01-14 20:20:37 - [MESSAGE][INFO] - [SELF-HEALING] Failed Locator: '//span[@id='yui_3_17_2_1_1641964893302_615']'.

2022-01-14 20:20:37 - [MESSAGE][INFO] - [SELF-HEALING] Failed Locator: '//button[@id='yui_3_17_2_1_1641964893302_616']/span'.

2022-01-14 20:20:37 - [MESSAGE][INFO] - [SELF-HEALING] Failed Locator: '(.//*[normalize-space(text()) and normalize-space(.)='Delete'])[1]/following::span[2]'.

2022-01-14 20:20:38 - [MESSAGE][INFO] - Unable to find the element located by 'By.xpath: //*[@id = 'yui_3_17_2_1_1641986354069_794' and (text() = 'Add an activity or resource' or . = 'Add an activity or resource')]'. Please recheck the objects properties to make sure the desired element is located. 

2022-01-14 20:20:39 - [MESSAGE][INFO] - Unable to find the element located by 'By.cssSelector: #yui_3_17_2_1_1641986354069_794'. Please recheck the objects properties to make sure the desired element is located. 

2022-01-14 20:20:39 - [MESSAGE][FAILED] - Unable to click on object 'Object Repository/Page_Course Nhp mn tr tu nhn to/span_Add an activity or resource' (Root cause: com.kms.katalon.core.exception.StepFailedException: Unable to click on object 'Object Repository/Page_Course Nhp mn tr tu nhn to/span_Add an activity or resource'
	at com.kms.katalon.core.webui.keyword.internal.WebUIKeywordMain.stepFailed(WebUIKeywordMain.groovy:64)
	at com.kms.katalon.core.webui.keyword.internal.WebUIKeywordMain.runKeyword(WebUIKeywordMain.groovy:26)
	at com.kms.katalon.core.webui.keyword.builtin.ClickKeyword.click(ClickKeyword.groovy:74)
	at com.kms.katalon.core.webui.keyword.builtin.ClickKeyword.execute(ClickKeyword.groovy:40)
	at com.kms.katalon.core.keyword.internal.KeywordExecutor.executeKeywordForPlatform(KeywordExecutor.groovy:74)
	at com.kms.katalon.core.webui.keyword.WebUiBuiltInKeywords.click(WebUiBuiltInKeywords.groovy:620)
	at com.kms.katalon.core.webui.keyword.WebUiBuiltInKeywords$click$1.call(Unknown Source)
	at 18_Giáo viên thêm quiz với thời gian đóng ở quá khứ.run(18_Giáo viên thêm quiz với thời gian đóng ở quá khứ:36)
	at com.kms.katalon.core.main.ScriptEngine.run(ScriptEngine.java:194)
	at com.kms.katalon.core.main.ScriptEngine.runScriptAsRawText(ScriptEngine.java:119)
	at com.kms.katalon.core.main.TestCaseExecutor.runScript(TestCaseExecutor.java:442)
	at com.kms.katalon.core.main.TestCaseExecutor.doExecute(TestCaseExecutor.java:433)
	at com.kms.katalon.core.main.TestCaseExecutor.processExecutionPhase(TestCaseExecutor.java:412)
	at com.kms.katalon.core.main.TestCaseExecutor.accessMainPhase(TestCaseExecutor.java:404)
	at com.kms.katalon.core.main.TestCaseExecutor.execute(TestCaseExecutor.java:281)
	at com.kms.katalon.core.main.TestCaseExecutor.execute(TestCaseExecutor.java:363)
	at com.kms.katalon.core.main.TestCaseExecutor.execute(TestCaseExecutor.java:363)
	at com.kms.katalon.core.main.TestCaseExecutor.execute(TestCaseExecutor.java:363)
	at com.kms.katalon.core.main.TestSuiteExecutor.accessTestCaseMainPhase(TestSuiteExecutor.java:202)
	at com.kms.katalon.core.main.TestSuiteExecutor.accessTestSuiteMainPhase(TestSuiteExecutor.java:164)
	at com.kms.katalon.core.main.TestSuiteExecutor.execute(TestSuiteExecutor.java:105)
	at com.kms.katalon.core.main.TestCaseMain.startTestSuite(TestCaseMain.java:181)
	at com.kms.katalon.core.main.TestCaseMain$startTestSuite$0.call(Unknown Source)
	at TempTestSuite1642165037865.run(TempTestSuite1642165037865.groovy:36)
Caused by: com.kms.katalon.core.webui.exception.WebElementNotFoundException: Web element with id: 'Object Repository/Page_Course Nhp mn tr tu nhn to/span_Add an activity or resource' located by '//span[@id='yui_3_17_2_1_1641986354069_794']' not found
	at com.kms.katalon.core.webui.common.WebUiCommonHelper.findWebElement(WebUiCommonHelper.java:1368)
	at com.kms.katalon.core.webui.keyword.internal.WebUIAbstractKeyword.findWebElement(WebUIAbstractKeyword.groovy:27)
	at com.kms.katalon.core.webui.keyword.builtin.ClickKeyword$_click_closure1.doCall(ClickKeyword.groovy:65)
	at com.kms.katalon.core.webui.keyword.builtin.ClickKeyword$_click_closure1.call(ClickKeyword.groovy)
	at com.kms.katalon.core.webui.keyword.internal.WebUIKeywordMain.runKeyword(WebUIKeywordMain.groovy:20)
	at com.kms.katalon.core.webui.keyword.builtin.ClickKeyword.click(ClickKeyword.groovy:74)
	at com.kms.katalon.core.webui.keyword.builtin.ClickKeyword.execute(ClickKeyword.groovy:40)
	at com.kms.katalon.core.keyword.internal.KeywordExecutor.executeKeywordForPlatform(KeywordExecutor.groovy:74)
	at com.kms.katalon.core.webui.keyword.WebUiBuiltInKeywords.click(WebUiBuiltInKeywords.groovy:620)
	at com.kms.katalon.core.webui.keyword.WebUiBuiltInKeywords$click$1.call(Unknown Source)
	at Script1641964778859.run(Script1641964778859.groovy:36)
	... 16 more
)
[[ATTACHMENT|D:\\nam 3\\nhap mon CNPM\\bonus project\\Test-Automation-SE-Bonus\\Reports\\20220114_195717\\Run all test cases\\20220114_195717\\1642166439703.png]]]]></system-out>
         <system-err><![CDATA[2022-01-14 20:20:00 - [TEST_CASE][FAILED] - Test Cases/18_Giáo viên thêm quiz với thời gian đóng ở quá khứ: Test Cases/18_Giáo viên thêm quiz với thời gian đóng ở quá khứ FAILED.
Reason:
com.kms.katalon.core.exception.StepFailedException: Unable to click on object 'Object Repository/Page_Course Nhp mn tr tu nhn to/span_Add an activity or resource'
	at com.kms.katalon.core.webui.keyword.internal.WebUIKeywordMain.stepFailed(WebUIKeywordMain.groovy:64)
	at com.kms.katalon.core.webui.keyword.internal.WebUIKeywordMain.runKeyword(WebUIKeywordMain.groovy:26)
	at com.kms.katalon.core.webui.keyword.builtin.ClickKeyword.click(ClickKeyword.groovy:74)
	at com.kms.katalon.core.webui.keyword.builtin.ClickKeyword.execute(ClickKeyword.groovy:40)
	at com.kms.katalon.core.keyword.internal.KeywordExecutor.executeKeywordForPlatform(KeywordExecutor.groovy:74)
	at com.kms.katalon.core.webui.keyword.WebUiBuiltInKeywords.click(WebUiBuiltInKeywords.groovy:620)
	at com.kms.katalon.core.webui.keyword.WebUiBuiltInKeywords$click$1.call(Unknown Source)
	at 18_Giáo viên thêm quiz với thời gian đóng ở quá khứ.run(18_Giáo viên thêm quiz với thời gian đóng ở quá khứ:36)
	at com.kms.katalon.core.main.ScriptEngine.run(ScriptEngine.java:194)
	at com.kms.katalon.core.main.ScriptEngine.runScriptAsRawText(ScriptEngine.java:119)
	at com.kms.katalon.core.main.TestCaseExecutor.runScript(TestCaseExecutor.java:442)
	at com.kms.katalon.core.main.TestCaseExecutor.doExecute(TestCaseExecutor.java:433)
	at com.kms.katalon.core.main.TestCaseExecutor.processExecutionPhase(TestCaseExecutor.java:412)
	at com.kms.katalon.core.main.TestCaseExecutor.accessMainPhase(TestCaseExecutor.java:404)
	at com.kms.katalon.core.main.TestCaseExecutor.execute(TestCaseExecutor.java:281)
	at com.kms.katalon.core.main.TestCaseExecutor.execute(TestCaseExecutor.java:363)
	at com.kms.katalon.core.main.TestCaseExecutor.execute(TestCaseExecutor.java:363)
	at com.kms.katalon.core.main.TestCaseExecutor.execute(TestCaseExecutor.java:363)
	at com.kms.katalon.core.main.TestSuiteExecutor.accessTestCaseMainPhase(TestSuiteExecutor.java:202)
	at com.kms.katalon.core.main.TestSuiteExecutor.accessTestSuiteMainPhase(TestSuiteExecutor.java:164)
	at com.kms.katalon.core.main.TestSuiteExecutor.execute(TestSuiteExecutor.java:105)
	at com.kms.katalon.core.main.TestCaseMain.startTestSuite(TestCaseMain.java:181)
	at com.kms.katalon.core.main.TestCaseMain$startTestSuite$0.call(Unknown Source)
	at TempTestSuite1642165037865.run(TempTestSuite1642165037865.groovy:36)
Caused by: com.kms.katalon.core.webui.exception.WebElementNotFoundException: Web element with id: 'Object Repository/Page_Course Nhp mn tr tu nhn to/span_Add an activity or resource' located by '//span[@id='yui_3_17_2_1_1641986354069_794']' not found
	at com.kms.katalon.core.webui.common.WebUiCommonHelper.findWebElement(WebUiCommonHelper.java:1368)
	at com.kms.katalon.core.webui.keyword.internal.WebUIAbstractKeyword.findWebElement(WebUIAbstractKeyword.groovy:27)
	at com.kms.katalon.core.webui.keyword.builtin.ClickKeyword$_click_closure1.doCall(ClickKeyword.groovy:65)
	at com.kms.katalon.core.webui.keyword.builtin.ClickKeyword$_click_closure1.call(ClickKeyword.groovy)
	at com.kms.katalon.core.webui.keyword.internal.WebUIKeywordMain.runKeyword(WebUIKeywordMain.groovy:20)
	... 22 more]]></system-err>
      </testcase>
      <testcase name="Test Cases/19_Giáo viên thêm quiz với thông tin chính xác" time="39.214" classname="Test Cases/19_Giáo viên thêm quiz với thông tin chính xác" status="FAILED">
         <failure type="FAILED" message="Test Cases/19_Giáo viên thêm quiz với thông tin chính xác FAILED.
Reason:
com.kms.katalon.core.exception.StepFailedException: Unable to click on object 'Object Repository/Page_Course Nhp mn tr tu nhn to/span_Add an activity or resource'
	at com.kms.katalon.core.webui.keyword.internal.WebUIKeywordMain.stepFailed(WebUIKeywordMain.groovy:64)
	at com.kms.katalon.core.webui.keyword.internal.WebUIKeywordMain.runKeyword(WebUIKeywordMain.groovy:26)
	at com.kms.katalon.core.webui.keyword.builtin.ClickKeyword.click(ClickKeyword.groovy:74)
	at com.kms.katalon.core.webui.keyword.builtin.ClickKeyword.execute(ClickKeyword.groovy:40)
	at com.kms.katalon.core.keyword.internal.KeywordExecutor.executeKeywordForPlatform(KeywordExecutor.groovy:74)
	at com.kms.katalon.core.webui.keyword.WebUiBuiltInKeywords.click(WebUiBuiltInKeywords.groovy:620)
	at com.kms.katalon.core.webui.keyword.WebUiBuiltInKeywords$click$1.call(Unknown Source)
	at 19_Giáo viên thêm quiz với thông tin chính xác.run(19_Giáo viên thêm quiz với thông tin chính xác:36)
	at com.kms.katalon.core.main.ScriptEngine.run(ScriptEngine.java:194)
	at com.kms.katalon.core.main.ScriptEngine.runScriptAsRawText(ScriptEngine.java:119)
	at com.kms.katalon.core.main.TestCaseExecutor.runScript(TestCaseExecutor.java:442)
	at com.kms.katalon.core.main.TestCaseExecutor.doExecute(TestCaseExecutor.java:433)
	at com.kms.katalon.core.main.TestCaseExecutor.processExecutionPhase(TestCaseExecutor.java:412)
	at com.kms.katalon.core.main.TestCaseExecutor.accessMainPhase(TestCaseExecutor.java:404)
	at com.kms.katalon.core.main.TestCaseExecutor.execute(TestCaseExecutor.java:281)
	at com.kms.katalon.core.main.TestCaseExecutor.execute(TestCaseExecutor.java:363)
	at com.kms.katalon.core.main.TestCaseExecutor.execute(TestCaseExecutor.java:363)
	at com.kms.katalon.core.main.TestCaseExecutor.execute(TestCaseExecutor.java:363)
	at com.kms.katalon.core.main.TestSuiteExecutor.accessTestCaseMainPhase(TestSuiteExecutor.java:202)
	at com.kms.katalon.core.main.TestSuiteExecutor.accessTestSuiteMainPhase(TestSuiteExecutor.java:164)
	at com.kms.katalon.core.main.TestSuiteExecutor.execute(TestSuiteExecutor.java:105)
	at com.kms.katalon.core.main.TestCaseMain.startTestSuite(TestCaseMain.java:181)
	at com.kms.katalon.core.main.TestCaseMain$startTestSuite$0.call(Unknown Source)
	at TempTestSuite1642165037865.run(TempTestSuite1642165037865.groovy:36)
Caused by: com.kms.katalon.core.webui.exception.WebElementNotFoundException: Web element with id: 'Object Repository/Page_Course Nhp mn tr tu nhn to/span_Add an activity or resource' located by '//span[@id='yui_3_17_2_1_1641986354069_794']' not found
	at com.kms.katalon.core.webui.common.WebUiCommonHelper.findWebElement(WebUiCommonHelper.java:1368)
	at com.kms.katalon.core.webui.keyword.internal.WebUIAbstractKeyword.findWebElement(WebUIAbstractKeyword.groovy:27)
	at com.kms.katalon.core.webui.keyword.builtin.ClickKeyword$_click_closure1.doCall(ClickKeyword.groovy:65)
	at com.kms.katalon.core.webui.keyword.builtin.ClickKeyword$_click_closure1.call(ClickKeyword.groovy)
	at com.kms.katalon.core.webui.keyword.internal.WebUIKeywordMain.runKeyword(WebUIKeywordMain.groovy:20)
	... 22 more
"/>
         <system-out><![CDATA[2022-01-14 20:22:38 - [TEST_CASE][FAILED] - Test Cases/19_Giáo viên thêm quiz với thông tin chính xác: Test Cases/19_Giáo viên thêm quiz với thông tin chính xác FAILED.
Reason:
com.kms.katalon.core.exception.StepFailedException: Unable to click on object 'Object Repository/Page_Course Nhp mn tr tu nhn to/span_Add an activity or resource'
	at com.kms.katalon.core.webui.keyword.internal.WebUIKeywordMain.stepFailed(WebUIKeywordMain.groovy:64)
	at com.kms.katalon.core.webui.keyword.internal.WebUIKeywordMain.runKeyword(WebUIKeywordMain.groovy:26)
	at com.kms.katalon.core.webui.keyword.builtin.ClickKeyword.click(ClickKeyword.groovy:74)
	at com.kms.katalon.core.webui.keyword.builtin.ClickKeyword.execute(ClickKeyword.groovy:40)
	at com.kms.katalon.core.keyword.internal.KeywordExecutor.executeKeywordForPlatform(KeywordExecutor.groovy:74)
	at com.kms.katalon.core.webui.keyword.WebUiBuiltInKeywords.click(WebUiBuiltInKeywords.groovy:620)
	at com.kms.katalon.core.webui.keyword.WebUiBuiltInKeywords$click$1.call(Unknown Source)
	at 19_Giáo viên thêm quiz với thông tin chính xác.run(19_Giáo viên thêm quiz với thông tin chính xác:36)
	at com.kms.katalon.core.main.ScriptEngine.run(ScriptEngine.java:194)
	at com.kms.katalon.core.main.ScriptEngine.runScriptAsRawText(ScriptEngine.java:119)
	at com.kms.katalon.core.main.TestCaseExecutor.runScript(TestCaseExecutor.java:442)
	at com.kms.katalon.core.main.TestCaseExecutor.doExecute(TestCaseExecutor.java:433)
	at com.kms.katalon.core.main.TestCaseExecutor.processExecutionPhase(TestCaseExecutor.java:412)
	at com.kms.katalon.core.main.TestCaseExecutor.accessMainPhase(TestCaseExecutor.java:404)
	at com.kms.katalon.core.main.TestCaseExecutor.execute(TestCaseExecutor.java:281)
	at com.kms.katalon.core.main.TestCaseExecutor.execute(TestCaseExecutor.java:363)
	at com.kms.katalon.core.main.TestCaseExecutor.execute(TestCaseExecutor.java:363)
	at com.kms.katalon.core.main.TestCaseExecutor.execute(TestCaseExecutor.java:363)
	at com.kms.katalon.core.main.TestSuiteExecutor.accessTestCaseMainPhase(TestSuiteExecutor.java:202)
	at com.kms.katalon.core.main.TestSuiteExecutor.accessTestSuiteMainPhase(TestSuiteExecutor.java:164)
	at com.kms.katalon.core.main.TestSuiteExecutor.execute(TestSuiteExecutor.java:105)
	at com.kms.katalon.core.main.TestCaseMain.startTestSuite(TestCaseMain.java:181)
	at com.kms.katalon.core.main.TestCaseMain$startTestSuite$0.call(Unknown Source)
	at TempTestSuite1642165037865.run(TempTestSuite1642165037865.groovy:36)
Caused by: com.kms.katalon.core.webui.exception.WebElementNotFoundException: Web element with id: 'Object Repository/Page_Course Nhp mn tr tu nhn to/span_Add an activity or resource' located by '//span[@id='yui_3_17_2_1_1641986354069_794']' not found
	at com.kms.katalon.core.webui.common.WebUiCommonHelper.findWebElement(WebUiCommonHelper.java:1368)
	at com.kms.katalon.core.webui.keyword.internal.WebUIAbstractKeyword.findWebElement(WebUIAbstractKeyword.groovy:27)
	at com.kms.katalon.core.webui.keyword.builtin.ClickKeyword$_click_closure1.doCall(ClickKeyword.groovy:65)
	at com.kms.katalon.core.webui.keyword.builtin.ClickKeyword$_click_closure1.call(ClickKeyword.groovy)
	at com.kms.katalon.core.webui.keyword.internal.WebUIKeywordMain.runKeyword(WebUIKeywordMain.groovy:20)
	... 22 more


2022-01-14 20:22:38 - [TEST_STEP][PASSED] - openBrowser(""): Browser is opened with url: ''

2022-01-14 20:22:38 - [MESSAGE][WARNING] - A browser is already opened. Closing browser and opening a new one

2022-01-14 20:22:38 - [MESSAGE][INFO] - Starting 'Chrome' driver

2022-01-14 20:22:38 - [MESSAGE][INFO] - Action delay is set to 0 milliseconds

2022-01-14 20:22:39 - [MESSAGE][PASSED] - Browser is opened with url: ''

2022-01-14 20:22:39 - [TEST_STEP][PASSED] - navigateToUrl("http://localhost/"): Navigate to 'http://localhost/' successfully

2022-01-14 20:22:40 - [MESSAGE][PASSED] - Navigate to 'http://localhost/' successfully

2022-01-14 20:22:40 - [TEST_STEP][PASSED] - click(findTestObject("Object Repository/Page_HCMUS/a_Nhp mn tr tu nhn to")): Object: 'Object Repository/Page_HCMUS/a_Nhp mn tr tu nhn to' is clicked on

2022-01-14 20:22:41 - [MESSAGE][PASSED] - Object: 'Object Repository/Page_HCMUS/a_Nhp mn tr tu nhn to' is clicked on

2022-01-14 20:22:41 - [TEST_STEP][PASSED] - setText(findTestObject("Object Repository/Page_HCMUS Log in to the site/input_Username_username"), "teacher1"): Text 'teacher1' is set on object 'Object Repository/Page_HCMUS Log in to the site/input_Username_username'

2022-01-14 20:22:41 - [MESSAGE][PASSED] - Text 'teacher1' is set on object 'Object Repository/Page_HCMUS Log in to the site/input_Username_username'

2022-01-14 20:22:41 - [TEST_STEP][PASSED] - setEncryptedText(findTestObject("Object Repository/Page_HCMUS Log in to the site/input_Password_password"), "iKb8CrY6A/iqm08K47hQLA=="): Text ****** has been set on object 'Object Repository/Page_HCMUS Log in to the site/input_Password_password'

2022-01-14 20:22:42 - [MESSAGE][PASSED] - Text ****** has been set on object 'Object Repository/Page_HCMUS Log in to the site/input_Password_password'

2022-01-14 20:22:42 - [TEST_STEP][PASSED] - click(findTestObject("Object Repository/Page_HCMUS Log in to the site/button_Log in")): Object: 'Object Repository/Page_HCMUS Log in to the site/button_Log in' is clicked on

2022-01-14 20:22:43 - [MESSAGE][PASSED] - Object: 'Object Repository/Page_HCMUS Log in to the site/button_Log in' is clicked on

2022-01-14 20:22:43 - [TEST_STEP][PASSED] - click(findTestObject("Object Repository/Page_Course Nhp mn tr tu nhn to/button_End tour"), OPTIONAL): Unable to click on object 'Object Repository/Page_Course Nhp mn tr tu nhn to/button_End tour' (Root cause: com.kms.katalon.core.exception.StepFailedException: Unable to click on object 'Object Repository/Page_Course Nhp mn tr tu nhn to/button_End tour'
	at com.kms.katalon.core.webui.keyword.internal.WebUIKeywordMain.stepFailed(WebUIKeywordMain.groovy:64)
	at com.kms.katalon.core.webui.keyword.internal.WebUIKeywordMain.runKeyword(WebUIKeywordMain.groovy:26)
	at com.kms.katalon.core.webui.keyword.builtin.ClickKeyword.click(ClickKeyword.groovy:74)
	at com.kms.katalon.core.webui.keyword.builtin.ClickKeyword.execute(ClickKeyword.groovy:40)
	at com.kms.katalon.core.keyword.internal.KeywordExecutor.executeKeywordForPlatform(KeywordExecutor.groovy:74)
	at com.kms.katalon.core.webui.keyword.WebUiBuiltInKeywords.click(WebUiBuiltInKeywords.groovy:608)
	at com.kms.katalon.core.webui.keyword.WebUiBuiltInKeywords$click$8.call(Unknown Source)
	at 19_Giáo viên thêm quiz với thông tin chính xác.run(19_Giáo viên thêm quiz với thông tin chính xác:32)
	at com.kms.katalon.core.main.ScriptEngine.run(ScriptEngine.java:194)
	at com.kms.katalon.core.main.ScriptEngine.runScriptAsRawText(ScriptEngine.java:119)
	at com.kms.katalon.core.main.TestCaseExecutor.runScript(TestCaseExecutor.java:442)
	at com.kms.katalon.core.main.TestCaseExecutor.doExecute(TestCaseExecutor.java:433)
	at com.kms.katalon.core.main.TestCaseExecutor.processExecutionPhase(TestCaseExecutor.java:412)
	at com.kms.katalon.core.main.TestCaseExecutor.accessMainPhase(TestCaseExecutor.java:404)
	at com.kms.katalon.core.main.TestCaseExecutor.execute(TestCaseExecutor.java:281)
	at com.kms.katalon.core.main.TestCaseExecutor.execute(TestCaseExecutor.java:363)
	at com.kms.katalon.core.main.TestCaseExecutor.execute(TestCaseExecutor.java:363)
	at com.kms.katalon.core.main.TestCaseExecutor.execute(TestCaseExecutor.java:363)
	at com.kms.katalon.core.main.TestSuiteExecutor.accessTestCaseMainPhase(TestSuiteExecutor.java:202)
	at com.kms.katalon.core.main.TestSuiteExecutor.accessTestSuiteMainPhase(TestSuiteExecutor.java:164)
	at com.kms.katalon.core.main.TestSuiteExecutor.execute(TestSuiteExecutor.java:105)
	at com.kms.katalon.core.main.TestCaseMain.startTestSuite(TestCaseMain.java:181)
	at com.kms.katalon.core.main.TestCaseMain$startTestSuite$0.call(Unknown Source)
	at TempTestSuite1642165037865.run(TempTestSuite1642165037865.groovy:36)
Caused by: com.kms.katalon.core.webui.exception.WebElementNotFoundException: Web element with id: 'Object Repository/Page_Course Nhp mn tr tu nhn to/button_End tour' located by '//span[@id='tour-step-tool_usertours_4_2_1620109487-0']/div/div/div[4]/button[3]' not found
	at com.kms.katalon.core.webui.common.WebUiCommonHelper.findWebElement(WebUiCommonHelper.java:1368)
	at com.kms.katalon.core.webui.keyword.internal.WebUIAbstractKeyword.findWebElement(WebUIAbstractKeyword.groovy:27)
	at com.kms.katalon.core.webui.keyword.builtin.ClickKeyword$_click_closure1.doCall(ClickKeyword.groovy:65)
	at com.kms.katalon.core.webui.keyword.builtin.ClickKeyword$_click_closure1.call(ClickKeyword.groovy)
	at com.kms.katalon.core.webui.keyword.internal.WebUIKeywordMain.runKeyword(WebUIKeywordMain.groovy:20)
	at com.kms.katalon.core.webui.keyword.builtin.ClickKeyword.click(ClickKeyword.groovy:74)
	at com.kms.katalon.core.webui.keyword.builtin.ClickKeyword.execute(ClickKeyword.groovy:40)
	at com.kms.katalon.core.keyword.internal.KeywordExecutor.executeKeywordForPlatform(KeywordExecutor.groovy:74)
	at com.kms.katalon.core.webui.keyword.WebUiBuiltInKeywords.click(WebUiBuiltInKeywords.groovy:608)
	at com.kms.katalon.core.webui.keyword.WebUiBuiltInKeywords$click$8.call(Unknown Source)
	at Script1641965237621.run(Script1641965237621.groovy:32)
	... 16 more
)

2022-01-14 20:22:49 - [MESSAGE][INFO] - Unable to find the element located by 'By.xpath: //span[@id='tour-step-tool_usertours_4_2_1620109487-0']/div/div/div[4]/button[3]'. Please recheck the objects properties to make sure the desired element is located. 

2022-01-14 20:22:49 - [MESSAGE][WARNING] - [SELF-HEALING] Failed to find element with id 'Object Repository/Page_Course Nhp mn tr tu nhn to/button_End tour'. Try using Self-healing.

2022-01-14 20:22:50 - [MESSAGE][INFO] - Unable to find the element located by 'By.xpath: (.//*[normalize-space(text()) and normalize-space(.)='Next'])[1]/following::button[1]'. Please recheck the objects properties to make sure the desired element is located. 

2022-01-14 20:22:50 - [MESSAGE][INFO] - [SELF-HEALING] Failed Locator: '//span[@id='tour-step-tool_usertours_4_2_1620109487-0']/div/div/div[4]/button[3]'.

2022-01-14 20:22:51 - [MESSAGE][INFO] - [SELF-HEALING] Failed Locator: '(.//*[normalize-space(text()) and normalize-space(.)='Next'])[1]/following::button[1]'.

2022-01-14 20:22:51 - [MESSAGE][INFO] - [SELF-HEALING] Failed Locator: '(.//*[normalize-space(text()) and normalize-space(.)='Previous'])[1]/following::button[2]'.

2022-01-14 20:22:51 - [MESSAGE][INFO] - [SELF-HEALING] Failed Locator: '//*/text()[normalize-space(.)='End tour']/parent::*'.

2022-01-14 20:22:51 - [MESSAGE][INFO] - [SELF-HEALING] Failed Locator: '//div[4]/button[3]'.

2022-01-14 20:22:51 - [MESSAGE][INFO] - [SELF-HEALING] Failed Locator: '//span[@id='tour-step-tool_usertours_8_2_1620109487-0']/div/div/div[4]/button[3]'.

2022-01-14 20:22:52 - [MESSAGE][INFO] - [SELF-HEALING] Failed Locator: '//span[@id='tour-step-tool_usertours_16_1_1620109487-0']/div/div/div[4]/button[3]'.

2022-01-14 20:22:53 - [MESSAGE][INFO] - Unable to find the element located by 'By.xpath: //*[(text() = ' End tour ' or . = ' End tour ')]'. Please recheck the objects properties to make sure the desired element is located. 

2022-01-14 20:22:54 - [MESSAGE][INFO] - Unable to find the element located by 'By.cssSelector: '. Please recheck the objects properties to make sure the desired element is located. 

2022-01-14 20:22:54 - [MESSAGE][WARNING] - Unable to click on object 'Object Repository/Page_Course Nhp mn tr tu nhn to/button_End tour' (Root cause: com.kms.katalon.core.exception.StepFailedException: Unable to click on object 'Object Repository/Page_Course Nhp mn tr tu nhn to/button_End tour'
	at com.kms.katalon.core.webui.keyword.internal.WebUIKeywordMain.stepFailed(WebUIKeywordMain.groovy:64)
	at com.kms.katalon.core.webui.keyword.internal.WebUIKeywordMain.runKeyword(WebUIKeywordMain.groovy:26)
	at com.kms.katalon.core.webui.keyword.builtin.ClickKeyword.click(ClickKeyword.groovy:74)
	at com.kms.katalon.core.webui.keyword.builtin.ClickKeyword.execute(ClickKeyword.groovy:40)
	at com.kms.katalon.core.keyword.internal.KeywordExecutor.executeKeywordForPlatform(KeywordExecutor.groovy:74)
	at com.kms.katalon.core.webui.keyword.WebUiBuiltInKeywords.click(WebUiBuiltInKeywords.groovy:608)
	at com.kms.katalon.core.webui.keyword.WebUiBuiltInKeywords$click$8.call(Unknown Source)
	at 19_Giáo viên thêm quiz với thông tin chính xác.run(19_Giáo viên thêm quiz với thông tin chính xác:32)
	at com.kms.katalon.core.main.ScriptEngine.run(ScriptEngine.java:194)
	at com.kms.katalon.core.main.ScriptEngine.runScriptAsRawText(ScriptEngine.java:119)
	at com.kms.katalon.core.main.TestCaseExecutor.runScript(TestCaseExecutor.java:442)
	at com.kms.katalon.core.main.TestCaseExecutor.doExecute(TestCaseExecutor.java:433)
	at com.kms.katalon.core.main.TestCaseExecutor.processExecutionPhase(TestCaseExecutor.java:412)
	at com.kms.katalon.core.main.TestCaseExecutor.accessMainPhase(TestCaseExecutor.java:404)
	at com.kms.katalon.core.main.TestCaseExecutor.execute(TestCaseExecutor.java:281)
	at com.kms.katalon.core.main.TestCaseExecutor.execute(TestCaseExecutor.java:363)
	at com.kms.katalon.core.main.TestCaseExecutor.execute(TestCaseExecutor.java:363)
	at com.kms.katalon.core.main.TestCaseExecutor.execute(TestCaseExecutor.java:363)
	at com.kms.katalon.core.main.TestSuiteExecutor.accessTestCaseMainPhase(TestSuiteExecutor.java:202)
	at com.kms.katalon.core.main.TestSuiteExecutor.accessTestSuiteMainPhase(TestSuiteExecutor.java:164)
	at com.kms.katalon.core.main.TestSuiteExecutor.execute(TestSuiteExecutor.java:105)
	at com.kms.katalon.core.main.TestCaseMain.startTestSuite(TestCaseMain.java:181)
	at com.kms.katalon.core.main.TestCaseMain$startTestSuite$0.call(Unknown Source)
	at TempTestSuite1642165037865.run(TempTestSuite1642165037865.groovy:36)
Caused by: com.kms.katalon.core.webui.exception.WebElementNotFoundException: Web element with id: 'Object Repository/Page_Course Nhp mn tr tu nhn to/button_End tour' located by '//span[@id='tour-step-tool_usertours_4_2_1620109487-0']/div/div/div[4]/button[3]' not found
	at com.kms.katalon.core.webui.common.WebUiCommonHelper.findWebElement(WebUiCommonHelper.java:1368)
	at com.kms.katalon.core.webui.keyword.internal.WebUIAbstractKeyword.findWebElement(WebUIAbstractKeyword.groovy:27)
	at com.kms.katalon.core.webui.keyword.builtin.ClickKeyword$_click_closure1.doCall(ClickKeyword.groovy:65)
	at com.kms.katalon.core.webui.keyword.builtin.ClickKeyword$_click_closure1.call(ClickKeyword.groovy)
	at com.kms.katalon.core.webui.keyword.internal.WebUIKeywordMain.runKeyword(WebUIKeywordMain.groovy:20)
	at com.kms.katalon.core.webui.keyword.builtin.ClickKeyword.click(ClickKeyword.groovy:74)
	at com.kms.katalon.core.webui.keyword.builtin.ClickKeyword.execute(ClickKeyword.groovy:40)
	at com.kms.katalon.core.keyword.internal.KeywordExecutor.executeKeywordForPlatform(KeywordExecutor.groovy:74)
	at com.kms.katalon.core.webui.keyword.WebUiBuiltInKeywords.click(WebUiBuiltInKeywords.groovy:608)
	at com.kms.katalon.core.webui.keyword.WebUiBuiltInKeywords$click$8.call(Unknown Source)
	at Script1641965237621.run(Script1641965237621.groovy:32)
	... 16 more
)
[[ATTACHMENT|D:\\nam 3\\nhap mon CNPM\\bonus project\\Test-Automation-SE-Bonus\\Reports\\20220114_195717\\Run all test cases\\20220114_195717\\1642166574428.png]]

2022-01-14 20:22:54 - [TEST_STEP][PASSED] - click(findTestObject("Object Repository/Page_Course Nhp mn tr tu nhn to/button_Turn editing on")): Object: 'Object Repository/Page_Course Nhp mn tr tu nhn to/button_Turn editing on' is clicked on

2022-01-14 20:23:00 - [MESSAGE][INFO] - Unable to find the element located by 'By.xpath: //button[@id='single_button61deb918b38a91']'. Please recheck the objects properties to make sure the desired element is located. 

2022-01-14 20:23:00 - [MESSAGE][WARNING] - [SELF-HEALING] Failed to find element with id 'Object Repository/Page_Course Nhp mn tr tu nhn to/button_Turn editing on'. Try using Self-healing.

2022-01-14 20:23:00 - [MESSAGE][WARNING] - [SELF-HEALING] The current locator of test object 'Object Repository/Page_Course Nhp mn tr tu nhn to/button_Turn editing on' was broken. Propose an alternative one: '(.//*[normalize-space(text()) and normalize-space(.)='AI'])[2]/following::button[1]'.

2022-01-14 20:23:01 - [MESSAGE][PASSED] - Object: 'Object Repository/Page_Course Nhp mn tr tu nhn to/button_Turn editing on' is clicked on

2022-01-14 20:23:01 - [TEST_STEP][FAILED] - click(findTestObject("Object Repository/Page_Course Nhp mn tr tu nhn to/span_Add an activity or resource")): Unable to click on object 'Object Repository/Page_Course Nhp mn tr tu nhn to/span_Add an activity or resource' (Root cause: com.kms.katalon.core.exception.StepFailedException: Unable to click on object 'Object Repository/Page_Course Nhp mn tr tu nhn to/span_Add an activity or resource'
	at com.kms.katalon.core.webui.keyword.internal.WebUIKeywordMain.stepFailed(WebUIKeywordMain.groovy:64)
	at com.kms.katalon.core.webui.keyword.internal.WebUIKeywordMain.runKeyword(WebUIKeywordMain.groovy:26)
	at com.kms.katalon.core.webui.keyword.builtin.ClickKeyword.click(ClickKeyword.groovy:74)
	at com.kms.katalon.core.webui.keyword.builtin.ClickKeyword.execute(ClickKeyword.groovy:40)
	at com.kms.katalon.core.keyword.internal.KeywordExecutor.executeKeywordForPlatform(KeywordExecutor.groovy:74)
	at com.kms.katalon.core.webui.keyword.WebUiBuiltInKeywords.click(WebUiBuiltInKeywords.groovy:620)
	at com.kms.katalon.core.webui.keyword.WebUiBuiltInKeywords$click$1.call(Unknown Source)
	at 19_Giáo viên thêm quiz với thông tin chính xác.run(19_Giáo viên thêm quiz với thông tin chính xác:36)
	at com.kms.katalon.core.main.ScriptEngine.run(ScriptEngine.java:194)
	at com.kms.katalon.core.main.ScriptEngine.runScriptAsRawText(ScriptEngine.java:119)
	at com.kms.katalon.core.main.TestCaseExecutor.runScript(TestCaseExecutor.java:442)
	at com.kms.katalon.core.main.TestCaseExecutor.doExecute(TestCaseExecutor.java:433)
	at com.kms.katalon.core.main.TestCaseExecutor.processExecutionPhase(TestCaseExecutor.java:412)
	at com.kms.katalon.core.main.TestCaseExecutor.accessMainPhase(TestCaseExecutor.java:404)
	at com.kms.katalon.core.main.TestCaseExecutor.execute(TestCaseExecutor.java:281)
	at com.kms.katalon.core.main.TestCaseExecutor.execute(TestCaseExecutor.java:363)
	at com.kms.katalon.core.main.TestCaseExecutor.execute(TestCaseExecutor.java:363)
	at com.kms.katalon.core.main.TestCaseExecutor.execute(TestCaseExecutor.java:363)
	at com.kms.katalon.core.main.TestSuiteExecutor.accessTestCaseMainPhase(TestSuiteExecutor.java:202)
	at com.kms.katalon.core.main.TestSuiteExecutor.accessTestSuiteMainPhase(TestSuiteExecutor.java:164)
	at com.kms.katalon.core.main.TestSuiteExecutor.execute(TestSuiteExecutor.java:105)
	at com.kms.katalon.core.main.TestCaseMain.startTestSuite(TestCaseMain.java:181)
	at com.kms.katalon.core.main.TestCaseMain$startTestSuite$0.call(Unknown Source)
	at TempTestSuite1642165037865.run(TempTestSuite1642165037865.groovy:36)
Caused by: com.kms.katalon.core.webui.exception.WebElementNotFoundException: Web element with id: 'Object Repository/Page_Course Nhp mn tr tu nhn to/span_Add an activity or resource' located by '//span[@id='yui_3_17_2_1_1641986354069_794']' not found
	at com.kms.katalon.core.webui.common.WebUiCommonHelper.findWebElement(WebUiCommonHelper.java:1368)
	at com.kms.katalon.core.webui.keyword.internal.WebUIAbstractKeyword.findWebElement(WebUIAbstractKeyword.groovy:27)
	at com.kms.katalon.core.webui.keyword.builtin.ClickKeyword$_click_closure1.doCall(ClickKeyword.groovy:65)
	at com.kms.katalon.core.webui.keyword.builtin.ClickKeyword$_click_closure1.call(ClickKeyword.groovy)
	at com.kms.katalon.core.webui.keyword.internal.WebUIKeywordMain.runKeyword(WebUIKeywordMain.groovy:20)
	at com.kms.katalon.core.webui.keyword.builtin.ClickKeyword.click(ClickKeyword.groovy:74)
	at com.kms.katalon.core.webui.keyword.builtin.ClickKeyword.execute(ClickKeyword.groovy:40)
	at com.kms.katalon.core.keyword.internal.KeywordExecutor.executeKeywordForPlatform(KeywordExecutor.groovy:74)
	at com.kms.katalon.core.webui.keyword.WebUiBuiltInKeywords.click(WebUiBuiltInKeywords.groovy:620)
	at com.kms.katalon.core.webui.keyword.WebUiBuiltInKeywords$click$1.call(Unknown Source)
	at Script1641965237621.run(Script1641965237621.groovy:36)
	... 16 more
)

2022-01-14 20:23:07 - [MESSAGE][INFO] - Unable to find the element located by 'By.xpath: //span[@id='yui_3_17_2_1_1641986354069_794']'. Please recheck the objects properties to make sure the desired element is located. 

2022-01-14 20:23:07 - [MESSAGE][WARNING] - [SELF-HEALING] Failed to find element with id 'Object Repository/Page_Course Nhp mn tr tu nhn to/span_Add an activity or resource'. Try using Self-healing.

2022-01-14 20:23:08 - [MESSAGE][INFO] - Unable to find the element located by 'By.xpath: (.//*[normalize-space(text()) and normalize-space(.)='Add file(s) here'])[1]/following::span[1]'. Please recheck the objects properties to make sure the desired element is located. 

2022-01-14 20:23:08 - [MESSAGE][INFO] - [SELF-HEALING] Failed Locator: '//span[@id='yui_3_17_2_1_1641986354069_794']'.

2022-01-14 20:23:08 - [MESSAGE][INFO] - [SELF-HEALING] Failed Locator: '//button[@id='yui_3_17_2_1_1641986354069_795']/span'.

2022-01-14 20:23:09 - [MESSAGE][INFO] - [SELF-HEALING] Failed Locator: '(.//*[normalize-space(text()) and normalize-space(.)='Add file(s) here'])[1]/following::span[1]'.

2022-01-14 20:23:09 - [MESSAGE][INFO] - [SELF-HEALING] Failed Locator: '(.//*[normalize-space(text()) and normalize-space(.)='Mark as done'])[6]/following::span[2]'.

2022-01-14 20:23:09 - [MESSAGE][INFO] - [SELF-HEALING] Failed Locator: '(.//*[normalize-space(text()) and normalize-space(.)='Edit topic'])[1]/preceding::span[2]'.

2022-01-14 20:23:09 - [MESSAGE][INFO] - [SELF-HEALING] Failed Locator: '(.//*[normalize-space(text()) and normalize-space(.)='Highlight'])[1]/preceding::span[3]'.

2022-01-14 20:23:10 - [MESSAGE][INFO] - [SELF-HEALING] Failed Locator: '//*/text()[normalize-space(.)='Add an activity or resource']/parent::*'.

2022-01-14 20:23:10 - [MESSAGE][INFO] - [SELF-HEALING] Failed Locator: '//div[3]/div/button/span'.

2022-01-14 20:23:10 - [MESSAGE][INFO] - [SELF-HEALING] Failed Locator: '//span[@id='yui_3_17_2_1_1641968219070_816']'.

2022-01-14 20:23:10 - [MESSAGE][INFO] - [SELF-HEALING] Failed Locator: '//button[@id='yui_3_17_2_1_1641968219070_817']/span'.

2022-01-14 20:23:11 - [MESSAGE][INFO] - [SELF-HEALING] Failed Locator: '(.//*[normalize-space(text()) and normalize-space(.)='Mark as done'])[7]/following::span[2]'.

2022-01-14 20:23:11 - [MESSAGE][INFO] - [SELF-HEALING] Failed Locator: '//span[@id='yui_3_17_2_1_1641967946979_782']'.

2022-01-14 20:23:11 - [MESSAGE][INFO] - [SELF-HEALING] Failed Locator: '//button[@id='yui_3_17_2_1_1641967946979_783']/span'.

2022-01-14 20:23:11 - [MESSAGE][INFO] - [SELF-HEALING] Failed Locator: '//span[@id='yui_3_17_2_1_1641967681819_749']'.

2022-01-14 20:23:11 - [MESSAGE][INFO] - [SELF-HEALING] Failed Locator: '//button[@id='yui_3_17_2_1_1641967681819_750']/span'.

2022-01-14 20:23:12 - [MESSAGE][INFO] - [SELF-HEALING] Failed Locator: '(.//*[normalize-space(text()) and normalize-space(.)='Mark as done'])[5]/following::span[2]'.

2022-01-14 20:23:12 - [MESSAGE][INFO] - [SELF-HEALING] Failed Locator: '//span[@id='yui_3_17_2_1_1641966312257_733']'.

2022-01-14 20:23:12 - [MESSAGE][INFO] - [SELF-HEALING] Failed Locator: '//button[@id='yui_3_17_2_1_1641966312257_734']/span'.

2022-01-14 20:23:12 - [MESSAGE][INFO] - [SELF-HEALING] Failed Locator: '(.//*[normalize-space(text()) and normalize-space(.)='Mark as done'])[4]/following::span[2]'.

2022-01-14 20:23:13 - [MESSAGE][INFO] - [SELF-HEALING] Failed Locator: '//span[@id='yui_3_17_2_1_1641965818242_672']'.

2022-01-14 20:23:13 - [MESSAGE][INFO] - [SELF-HEALING] Failed Locator: '//button[@id='yui_3_17_2_1_1641965818242_673']/span'.

2022-01-14 20:23:13 - [MESSAGE][INFO] - [SELF-HEALING] Failed Locator: '(.//*[normalize-space(text()) and normalize-space(.)='Mark as done'])[2]/following::span[2]'.

2022-01-14 20:23:13 - [MESSAGE][INFO] - [SELF-HEALING] Failed Locator: '//span[@id='yui_3_17_2_1_1641965314944_642']'.

2022-01-14 20:23:13 - [MESSAGE][INFO] - [SELF-HEALING] Failed Locator: '//button[@id='yui_3_17_2_1_1641965314944_643']/span'.

2022-01-14 20:23:14 - [MESSAGE][INFO] - [SELF-HEALING] Failed Locator: '(.//*[normalize-space(text()) and normalize-space(.)='Mark as done'])[1]/following::span[2]'.

2022-01-14 20:23:14 - [MESSAGE][INFO] - [SELF-HEALING] Failed Locator: '//span[@id='yui_3_17_2_1_1641964893302_615']'.

2022-01-14 20:23:14 - [MESSAGE][INFO] - [SELF-HEALING] Failed Locator: '//button[@id='yui_3_17_2_1_1641964893302_616']/span'.

2022-01-14 20:23:14 - [MESSAGE][INFO] - [SELF-HEALING] Failed Locator: '(.//*[normalize-space(text()) and normalize-space(.)='Delete'])[1]/following::span[2]'.

2022-01-14 20:23:15 - [MESSAGE][INFO] - Unable to find the element located by 'By.xpath: //*[@id = 'yui_3_17_2_1_1641986354069_794' and (text() = 'Add an activity or resource' or . = 'Add an activity or resource')]'. Please recheck the objects properties to make sure the desired element is located. 

2022-01-14 20:23:17 - [MESSAGE][INFO] - Unable to find the element located by 'By.cssSelector: #yui_3_17_2_1_1641986354069_794'. Please recheck the objects properties to make sure the desired element is located. 

2022-01-14 20:23:17 - [MESSAGE][FAILED] - Unable to click on object 'Object Repository/Page_Course Nhp mn tr tu nhn to/span_Add an activity or resource' (Root cause: com.kms.katalon.core.exception.StepFailedException: Unable to click on object 'Object Repository/Page_Course Nhp mn tr tu nhn to/span_Add an activity or resource'
	at com.kms.katalon.core.webui.keyword.internal.WebUIKeywordMain.stepFailed(WebUIKeywordMain.groovy:64)
	at com.kms.katalon.core.webui.keyword.internal.WebUIKeywordMain.runKeyword(WebUIKeywordMain.groovy:26)
	at com.kms.katalon.core.webui.keyword.builtin.ClickKeyword.click(ClickKeyword.groovy:74)
	at com.kms.katalon.core.webui.keyword.builtin.ClickKeyword.execute(ClickKeyword.groovy:40)
	at com.kms.katalon.core.keyword.internal.KeywordExecutor.executeKeywordForPlatform(KeywordExecutor.groovy:74)
	at com.kms.katalon.core.webui.keyword.WebUiBuiltInKeywords.click(WebUiBuiltInKeywords.groovy:620)
	at com.kms.katalon.core.webui.keyword.WebUiBuiltInKeywords$click$1.call(Unknown Source)
	at 19_Giáo viên thêm quiz với thông tin chính xác.run(19_Giáo viên thêm quiz với thông tin chính xác:36)
	at com.kms.katalon.core.main.ScriptEngine.run(ScriptEngine.java:194)
	at com.kms.katalon.core.main.ScriptEngine.runScriptAsRawText(ScriptEngine.java:119)
	at com.kms.katalon.core.main.TestCaseExecutor.runScript(TestCaseExecutor.java:442)
	at com.kms.katalon.core.main.TestCaseExecutor.doExecute(TestCaseExecutor.java:433)
	at com.kms.katalon.core.main.TestCaseExecutor.processExecutionPhase(TestCaseExecutor.java:412)
	at com.kms.katalon.core.main.TestCaseExecutor.accessMainPhase(TestCaseExecutor.java:404)
	at com.kms.katalon.core.main.TestCaseExecutor.execute(TestCaseExecutor.java:281)
	at com.kms.katalon.core.main.TestCaseExecutor.execute(TestCaseExecutor.java:363)
	at com.kms.katalon.core.main.TestCaseExecutor.execute(TestCaseExecutor.java:363)
	at com.kms.katalon.core.main.TestCaseExecutor.execute(TestCaseExecutor.java:363)
	at com.kms.katalon.core.main.TestSuiteExecutor.accessTestCaseMainPhase(TestSuiteExecutor.java:202)
	at com.kms.katalon.core.main.TestSuiteExecutor.accessTestSuiteMainPhase(TestSuiteExecutor.java:164)
	at com.kms.katalon.core.main.TestSuiteExecutor.execute(TestSuiteExecutor.java:105)
	at com.kms.katalon.core.main.TestCaseMain.startTestSuite(TestCaseMain.java:181)
	at com.kms.katalon.core.main.TestCaseMain$startTestSuite$0.call(Unknown Source)
	at TempTestSuite1642165037865.run(TempTestSuite1642165037865.groovy:36)
Caused by: com.kms.katalon.core.webui.exception.WebElementNotFoundException: Web element with id: 'Object Repository/Page_Course Nhp mn tr tu nhn to/span_Add an activity or resource' located by '//span[@id='yui_3_17_2_1_1641986354069_794']' not found
	at com.kms.katalon.core.webui.common.WebUiCommonHelper.findWebElement(WebUiCommonHelper.java:1368)
	at com.kms.katalon.core.webui.keyword.internal.WebUIAbstractKeyword.findWebElement(WebUIAbstractKeyword.groovy:27)
	at com.kms.katalon.core.webui.keyword.builtin.ClickKeyword$_click_closure1.doCall(ClickKeyword.groovy:65)
	at com.kms.katalon.core.webui.keyword.builtin.ClickKeyword$_click_closure1.call(ClickKeyword.groovy)
	at com.kms.katalon.core.webui.keyword.internal.WebUIKeywordMain.runKeyword(WebUIKeywordMain.groovy:20)
	at com.kms.katalon.core.webui.keyword.builtin.ClickKeyword.click(ClickKeyword.groovy:74)
	at com.kms.katalon.core.webui.keyword.builtin.ClickKeyword.execute(ClickKeyword.groovy:40)
	at com.kms.katalon.core.keyword.internal.KeywordExecutor.executeKeywordForPlatform(KeywordExecutor.groovy:74)
	at com.kms.katalon.core.webui.keyword.WebUiBuiltInKeywords.click(WebUiBuiltInKeywords.groovy:620)
	at com.kms.katalon.core.webui.keyword.WebUiBuiltInKeywords$click$1.call(Unknown Source)
	at Script1641965237621.run(Script1641965237621.groovy:36)
	... 16 more
)
[[ATTACHMENT|D:\\nam 3\\nhap mon CNPM\\bonus project\\Test-Automation-SE-Bonus\\Reports\\20220114_195717\\Run all test cases\\20220114_195717\\1642166597115.png]]]]></system-out>
         <system-err><![CDATA[2022-01-14 20:22:38 - [TEST_CASE][FAILED] - Test Cases/19_Giáo viên thêm quiz với thông tin chính xác: Test Cases/19_Giáo viên thêm quiz với thông tin chính xác FAILED.
Reason:
com.kms.katalon.core.exception.StepFailedException: Unable to click on object 'Object Repository/Page_Course Nhp mn tr tu nhn to/span_Add an activity or resource'
	at com.kms.katalon.core.webui.keyword.internal.WebUIKeywordMain.stepFailed(WebUIKeywordMain.groovy:64)
	at com.kms.katalon.core.webui.keyword.internal.WebUIKeywordMain.runKeyword(WebUIKeywordMain.groovy:26)
	at com.kms.katalon.core.webui.keyword.builtin.ClickKeyword.click(ClickKeyword.groovy:74)
	at com.kms.katalon.core.webui.keyword.builtin.ClickKeyword.execute(ClickKeyword.groovy:40)
	at com.kms.katalon.core.keyword.internal.KeywordExecutor.executeKeywordForPlatform(KeywordExecutor.groovy:74)
	at com.kms.katalon.core.webui.keyword.WebUiBuiltInKeywords.click(WebUiBuiltInKeywords.groovy:620)
	at com.kms.katalon.core.webui.keyword.WebUiBuiltInKeywords$click$1.call(Unknown Source)
	at 19_Giáo viên thêm quiz với thông tin chính xác.run(19_Giáo viên thêm quiz với thông tin chính xác:36)
	at com.kms.katalon.core.main.ScriptEngine.run(ScriptEngine.java:194)
	at com.kms.katalon.core.main.ScriptEngine.runScriptAsRawText(ScriptEngine.java:119)
	at com.kms.katalon.core.main.TestCaseExecutor.runScript(TestCaseExecutor.java:442)
	at com.kms.katalon.core.main.TestCaseExecutor.doExecute(TestCaseExecutor.java:433)
	at com.kms.katalon.core.main.TestCaseExecutor.processExecutionPhase(TestCaseExecutor.java:412)
	at com.kms.katalon.core.main.TestCaseExecutor.accessMainPhase(TestCaseExecutor.java:404)
	at com.kms.katalon.core.main.TestCaseExecutor.execute(TestCaseExecutor.java:281)
	at com.kms.katalon.core.main.TestCaseExecutor.execute(TestCaseExecutor.java:363)
	at com.kms.katalon.core.main.TestCaseExecutor.execute(TestCaseExecutor.java:363)
	at com.kms.katalon.core.main.TestCaseExecutor.execute(TestCaseExecutor.java:363)
	at com.kms.katalon.core.main.TestSuiteExecutor.accessTestCaseMainPhase(TestSuiteExecutor.java:202)
	at com.kms.katalon.core.main.TestSuiteExecutor.accessTestSuiteMainPhase(TestSuiteExecutor.java:164)
	at com.kms.katalon.core.main.TestSuiteExecutor.execute(TestSuiteExecutor.java:105)
	at com.kms.katalon.core.main.TestCaseMain.startTestSuite(TestCaseMain.java:181)
	at com.kms.katalon.core.main.TestCaseMain$startTestSuite$0.call(Unknown Source)
	at TempTestSuite1642165037865.run(TempTestSuite1642165037865.groovy:36)
Caused by: com.kms.katalon.core.webui.exception.WebElementNotFoundException: Web element with id: 'Object Repository/Page_Course Nhp mn tr tu nhn to/span_Add an activity or resource' located by '//span[@id='yui_3_17_2_1_1641986354069_794']' not found
	at com.kms.katalon.core.webui.common.WebUiCommonHelper.findWebElement(WebUiCommonHelper.java:1368)
	at com.kms.katalon.core.webui.keyword.internal.WebUIAbstractKeyword.findWebElement(WebUIAbstractKeyword.groovy:27)
	at com.kms.katalon.core.webui.keyword.builtin.ClickKeyword$_click_closure1.doCall(ClickKeyword.groovy:65)
	at com.kms.katalon.core.webui.keyword.builtin.ClickKeyword$_click_closure1.call(ClickKeyword.groovy)
	at com.kms.katalon.core.webui.keyword.internal.WebUIKeywordMain.runKeyword(WebUIKeywordMain.groovy:20)
	... 22 more]]></system-err>
      </testcase>
      <testcase name="Test Cases/20_Giáo viên thêm câu hỏi cho quiz" time="16.837" classname="Test Cases/20_Giáo viên thêm câu hỏi cho quiz" status="FAILED">
         <failure type="FAILED" message="Test Cases/20_Giáo viên thêm câu hỏi cho quiz FAILED.
Reason:
com.kms.katalon.core.exception.StepFailedException: Unable to click on object 'Object Repository/Page_Course Nhp mn tr tu nhn to/span_Quiz 2'
	at com.kms.katalon.core.webui.keyword.internal.WebUIKeywordMain.stepFailed(WebUIKeywordMain.groovy:64)
	at com.kms.katalon.core.webui.keyword.internal.WebUIKeywordMain.runKeyword(WebUIKeywordMain.groovy:26)
	at com.kms.katalon.core.webui.keyword.builtin.ClickKeyword.click(ClickKeyword.groovy:74)
	at com.kms.katalon.core.webui.keyword.builtin.ClickKeyword.execute(ClickKeyword.groovy:40)
	at com.kms.katalon.core.keyword.internal.KeywordExecutor.executeKeywordForPlatform(KeywordExecutor.groovy:74)
	at com.kms.katalon.core.webui.keyword.WebUiBuiltInKeywords.click(WebUiBuiltInKeywords.groovy:620)
	at com.kms.katalon.core.webui.keyword.WebUiBuiltInKeywords$click$1.call(Unknown Source)
	at 20_Giáo viên thêm câu hỏi cho quiz.run(20_Giáo viên thêm câu hỏi cho quiz:32)
	at com.kms.katalon.core.main.ScriptEngine.run(ScriptEngine.java:194)
	at com.kms.katalon.core.main.ScriptEngine.runScriptAsRawText(ScriptEngine.java:119)
	at com.kms.katalon.core.main.TestCaseExecutor.runScript(TestCaseExecutor.java:442)
	at com.kms.katalon.core.main.TestCaseExecutor.doExecute(TestCaseExecutor.java:433)
	at com.kms.katalon.core.main.TestCaseExecutor.processExecutionPhase(TestCaseExecutor.java:412)
	at com.kms.katalon.core.main.TestCaseExecutor.accessMainPhase(TestCaseExecutor.java:404)
	at com.kms.katalon.core.main.TestCaseExecutor.execute(TestCaseExecutor.java:281)
	at com.kms.katalon.core.main.TestCaseExecutor.execute(TestCaseExecutor.java:363)
	at com.kms.katalon.core.main.TestCaseExecutor.execute(TestCaseExecutor.java:363)
	at com.kms.katalon.core.main.TestCaseExecutor.execute(TestCaseExecutor.java:363)
	at com.kms.katalon.core.main.TestSuiteExecutor.accessTestCaseMainPhase(TestSuiteExecutor.java:202)
	at com.kms.katalon.core.main.TestSuiteExecutor.accessTestSuiteMainPhase(TestSuiteExecutor.java:164)
	at com.kms.katalon.core.main.TestSuiteExecutor.execute(TestSuiteExecutor.java:105)
	at com.kms.katalon.core.main.TestCaseMain.startTestSuite(TestCaseMain.java:181)
	at com.kms.katalon.core.main.TestCaseMain$startTestSuite$0.call(Unknown Source)
	at TempTestSuite1642165037865.run(TempTestSuite1642165037865.groovy:36)
Caused by: com.kms.katalon.core.webui.exception.WebElementNotFoundException: Web element with id: 'Object Repository/Page_Course Nhp mn tr tu nhn to/span_Quiz 2' located by '//li[@id='module-3']/div/div/div[2]/div/a/span' not found
	at com.kms.katalon.core.webui.common.WebUiCommonHelper.findWebElement(WebUiCommonHelper.java:1368)
	at com.kms.katalon.core.webui.keyword.internal.WebUIAbstractKeyword.findWebElement(WebUIAbstractKeyword.groovy:27)
	at com.kms.katalon.core.webui.keyword.builtin.ClickKeyword$_click_closure1.doCall(ClickKeyword.groovy:65)
	at com.kms.katalon.core.webui.keyword.builtin.ClickKeyword$_click_closure1.call(ClickKeyword.groovy)
	at com.kms.katalon.core.webui.keyword.internal.WebUIKeywordMain.runKeyword(WebUIKeywordMain.groovy:20)
	... 22 more
"/>
         <system-out><![CDATA[2022-01-14 20:24:08 - [TEST_CASE][FAILED] - Test Cases/20_Giáo viên thêm câu hỏi cho quiz: Test Cases/20_Giáo viên thêm câu hỏi cho quiz FAILED.
Reason:
com.kms.katalon.core.exception.StepFailedException: Unable to click on object 'Object Repository/Page_Course Nhp mn tr tu nhn to/span_Quiz 2'
	at com.kms.katalon.core.webui.keyword.internal.WebUIKeywordMain.stepFailed(WebUIKeywordMain.groovy:64)
	at com.kms.katalon.core.webui.keyword.internal.WebUIKeywordMain.runKeyword(WebUIKeywordMain.groovy:26)
	at com.kms.katalon.core.webui.keyword.builtin.ClickKeyword.click(ClickKeyword.groovy:74)
	at com.kms.katalon.core.webui.keyword.builtin.ClickKeyword.execute(ClickKeyword.groovy:40)
	at com.kms.katalon.core.keyword.internal.KeywordExecutor.executeKeywordForPlatform(KeywordExecutor.groovy:74)
	at com.kms.katalon.core.webui.keyword.WebUiBuiltInKeywords.click(WebUiBuiltInKeywords.groovy:620)
	at com.kms.katalon.core.webui.keyword.WebUiBuiltInKeywords$click$1.call(Unknown Source)
	at 20_Giáo viên thêm câu hỏi cho quiz.run(20_Giáo viên thêm câu hỏi cho quiz:32)
	at com.kms.katalon.core.main.ScriptEngine.run(ScriptEngine.java:194)
	at com.kms.katalon.core.main.ScriptEngine.runScriptAsRawText(ScriptEngine.java:119)
	at com.kms.katalon.core.main.TestCaseExecutor.runScript(TestCaseExecutor.java:442)
	at com.kms.katalon.core.main.TestCaseExecutor.doExecute(TestCaseExecutor.java:433)
	at com.kms.katalon.core.main.TestCaseExecutor.processExecutionPhase(TestCaseExecutor.java:412)
	at com.kms.katalon.core.main.TestCaseExecutor.accessMainPhase(TestCaseExecutor.java:404)
	at com.kms.katalon.core.main.TestCaseExecutor.execute(TestCaseExecutor.java:281)
	at com.kms.katalon.core.main.TestCaseExecutor.execute(TestCaseExecutor.java:363)
	at com.kms.katalon.core.main.TestCaseExecutor.execute(TestCaseExecutor.java:363)
	at com.kms.katalon.core.main.TestCaseExecutor.execute(TestCaseExecutor.java:363)
	at com.kms.katalon.core.main.TestSuiteExecutor.accessTestCaseMainPhase(TestSuiteExecutor.java:202)
	at com.kms.katalon.core.main.TestSuiteExecutor.accessTestSuiteMainPhase(TestSuiteExecutor.java:164)
	at com.kms.katalon.core.main.TestSuiteExecutor.execute(TestSuiteExecutor.java:105)
	at com.kms.katalon.core.main.TestCaseMain.startTestSuite(TestCaseMain.java:181)
	at com.kms.katalon.core.main.TestCaseMain$startTestSuite$0.call(Unknown Source)
	at TempTestSuite1642165037865.run(TempTestSuite1642165037865.groovy:36)
Caused by: com.kms.katalon.core.webui.exception.WebElementNotFoundException: Web element with id: 'Object Repository/Page_Course Nhp mn tr tu nhn to/span_Quiz 2' located by '//li[@id='module-3']/div/div/div[2]/div/a/span' not found
	at com.kms.katalon.core.webui.common.WebUiCommonHelper.findWebElement(WebUiCommonHelper.java:1368)
	at com.kms.katalon.core.webui.keyword.internal.WebUIAbstractKeyword.findWebElement(WebUIAbstractKeyword.groovy:27)
	at com.kms.katalon.core.webui.keyword.builtin.ClickKeyword$_click_closure1.doCall(ClickKeyword.groovy:65)
	at com.kms.katalon.core.webui.keyword.builtin.ClickKeyword$_click_closure1.call(ClickKeyword.groovy)
	at com.kms.katalon.core.webui.keyword.internal.WebUIKeywordMain.runKeyword(WebUIKeywordMain.groovy:20)
	... 22 more


2022-01-14 20:24:08 - [TEST_STEP][PASSED] - openBrowser(""): Browser is opened with url: ''

2022-01-14 20:24:08 - [MESSAGE][WARNING] - A browser is already opened. Closing browser and opening a new one

2022-01-14 20:24:09 - [MESSAGE][INFO] - Starting 'Chrome' driver

2022-01-14 20:24:09 - [MESSAGE][INFO] - Action delay is set to 0 milliseconds

2022-01-14 20:24:10 - [MESSAGE][PASSED] - Browser is opened with url: ''

2022-01-14 20:24:10 - [TEST_STEP][PASSED] - navigateToUrl("http://localhost/"): Navigate to 'http://localhost/' successfully

2022-01-14 20:24:10 - [MESSAGE][PASSED] - Navigate to 'http://localhost/' successfully

2022-01-14 20:24:10 - [TEST_STEP][PASSED] - click(findTestObject("Object Repository/Page_HCMUS/a_Nhp mn tr tu nhn to")): Object: 'Object Repository/Page_HCMUS/a_Nhp mn tr tu nhn to' is clicked on

2022-01-14 20:24:11 - [MESSAGE][PASSED] - Object: 'Object Repository/Page_HCMUS/a_Nhp mn tr tu nhn to' is clicked on

2022-01-14 20:24:11 - [TEST_STEP][PASSED] - setText(findTestObject("Object Repository/Page_HCMUS Log in to the site/input_Username_username"), "teacher1"): Text 'teacher1' is set on object 'Object Repository/Page_HCMUS Log in to the site/input_Username_username'

2022-01-14 20:24:12 - [MESSAGE][PASSED] - Text 'teacher1' is set on object 'Object Repository/Page_HCMUS Log in to the site/input_Username_username'

2022-01-14 20:24:12 - [TEST_STEP][PASSED] - setEncryptedText(findTestObject("Object Repository/Page_HCMUS Log in to the site/input_Password_password"), "iKb8CrY6A/iqm08K47hQLA=="): Text ****** has been set on object 'Object Repository/Page_HCMUS Log in to the site/input_Password_password'

2022-01-14 20:24:12 - [MESSAGE][PASSED] - Text ****** has been set on object 'Object Repository/Page_HCMUS Log in to the site/input_Password_password'

2022-01-14 20:24:12 - [TEST_STEP][PASSED] - click(findTestObject("Object Repository/Page_HCMUS Log in to the site/button_Log in")): Object: 'Object Repository/Page_HCMUS Log in to the site/button_Log in' is clicked on

2022-01-14 20:24:13 - [MESSAGE][PASSED] - Object: 'Object Repository/Page_HCMUS Log in to the site/button_Log in' is clicked on

2022-01-14 20:24:13 - [TEST_STEP][FAILED] - click(findTestObject("Object Repository/Page_Course Nhp mn tr tu nhn to/span_Quiz 2")): Unable to click on object 'Object Repository/Page_Course Nhp mn tr tu nhn to/span_Quiz 2' (Root cause: com.kms.katalon.core.exception.StepFailedException: Unable to click on object 'Object Repository/Page_Course Nhp mn tr tu nhn to/span_Quiz 2'
	at com.kms.katalon.core.webui.keyword.internal.WebUIKeywordMain.stepFailed(WebUIKeywordMain.groovy:64)
	at com.kms.katalon.core.webui.keyword.internal.WebUIKeywordMain.runKeyword(WebUIKeywordMain.groovy:26)
	at com.kms.katalon.core.webui.keyword.builtin.ClickKeyword.click(ClickKeyword.groovy:74)
	at com.kms.katalon.core.webui.keyword.builtin.ClickKeyword.execute(ClickKeyword.groovy:40)
	at com.kms.katalon.core.keyword.internal.KeywordExecutor.executeKeywordForPlatform(KeywordExecutor.groovy:74)
	at com.kms.katalon.core.webui.keyword.WebUiBuiltInKeywords.click(WebUiBuiltInKeywords.groovy:620)
	at com.kms.katalon.core.webui.keyword.WebUiBuiltInKeywords$click$1.call(Unknown Source)
	at 20_Giáo viên thêm câu hỏi cho quiz.run(20_Giáo viên thêm câu hỏi cho quiz:32)
	at com.kms.katalon.core.main.ScriptEngine.run(ScriptEngine.java:194)
	at com.kms.katalon.core.main.ScriptEngine.runScriptAsRawText(ScriptEngine.java:119)
	at com.kms.katalon.core.main.TestCaseExecutor.runScript(TestCaseExecutor.java:442)
	at com.kms.katalon.core.main.TestCaseExecutor.doExecute(TestCaseExecutor.java:433)
	at com.kms.katalon.core.main.TestCaseExecutor.processExecutionPhase(TestCaseExecutor.java:412)
	at com.kms.katalon.core.main.TestCaseExecutor.accessMainPhase(TestCaseExecutor.java:404)
	at com.kms.katalon.core.main.TestCaseExecutor.execute(TestCaseExecutor.java:281)
	at com.kms.katalon.core.main.TestCaseExecutor.execute(TestCaseExecutor.java:363)
	at com.kms.katalon.core.main.TestCaseExecutor.execute(TestCaseExecutor.java:363)
	at com.kms.katalon.core.main.TestCaseExecutor.execute(TestCaseExecutor.java:363)
	at com.kms.katalon.core.main.TestSuiteExecutor.accessTestCaseMainPhase(TestSuiteExecutor.java:202)
	at com.kms.katalon.core.main.TestSuiteExecutor.accessTestSuiteMainPhase(TestSuiteExecutor.java:164)
	at com.kms.katalon.core.main.TestSuiteExecutor.execute(TestSuiteExecutor.java:105)
	at com.kms.katalon.core.main.TestCaseMain.startTestSuite(TestCaseMain.java:181)
	at com.kms.katalon.core.main.TestCaseMain$startTestSuite$0.call(Unknown Source)
	at TempTestSuite1642165037865.run(TempTestSuite1642165037865.groovy:36)
Caused by: com.kms.katalon.core.webui.exception.WebElementNotFoundException: Web element with id: 'Object Repository/Page_Course Nhp mn tr tu nhn to/span_Quiz 2' located by '//li[@id='module-3']/div/div/div[2]/div/a/span' not found
	at com.kms.katalon.core.webui.common.WebUiCommonHelper.findWebElement(WebUiCommonHelper.java:1368)
	at com.kms.katalon.core.webui.keyword.internal.WebUIAbstractKeyword.findWebElement(WebUIAbstractKeyword.groovy:27)
	at com.kms.katalon.core.webui.keyword.builtin.ClickKeyword$_click_closure1.doCall(ClickKeyword.groovy:65)
	at com.kms.katalon.core.webui.keyword.builtin.ClickKeyword$_click_closure1.call(ClickKeyword.groovy)
	at com.kms.katalon.core.webui.keyword.internal.WebUIKeywordMain.runKeyword(WebUIKeywordMain.groovy:20)
	at com.kms.katalon.core.webui.keyword.builtin.ClickKeyword.click(ClickKeyword.groovy:74)
	at com.kms.katalon.core.webui.keyword.builtin.ClickKeyword.execute(ClickKeyword.groovy:40)
	at com.kms.katalon.core.keyword.internal.KeywordExecutor.executeKeywordForPlatform(KeywordExecutor.groovy:74)
	at com.kms.katalon.core.webui.keyword.WebUiBuiltInKeywords.click(WebUiBuiltInKeywords.groovy:620)
	at com.kms.katalon.core.webui.keyword.WebUiBuiltInKeywords$click$1.call(Unknown Source)
	at Script1641965435922.run(Script1641965435922.groovy:32)
	... 16 more
)

2022-01-14 20:24:20 - [MESSAGE][INFO] - Unable to find the element located by 'By.xpath: //li[@id='module-3']/div/div/div[2]/div/a/span'. Please recheck the objects properties to make sure the desired element is located. 

2022-01-14 20:24:20 - [MESSAGE][WARNING] - [SELF-HEALING] Failed to find element with id 'Object Repository/Page_Course Nhp mn tr tu nhn to/span_Quiz 2'. Try using Self-healing.

2022-01-14 20:24:21 - [MESSAGE][INFO] - Unable to find the element located by 'By.xpath: (.//*[normalize-space(text()) and normalize-space(.)='Topic 1'])[2]/preceding::span[1]'. Please recheck the objects properties to make sure the desired element is located. 

2022-01-14 20:24:21 - [MESSAGE][INFO] - [SELF-HEALING] Failed Locator: '//li[@id='module-3']/div/div/div[2]/div/a/span'.

2022-01-14 20:24:21 - [MESSAGE][INFO] - [SELF-HEALING] Failed Locator: '(.//*[normalize-space(text()) and normalize-space(.)='Mark as done'])[1]/following::span[1]'.

2022-01-14 20:24:21 - [MESSAGE][INFO] - [SELF-HEALING] Failed Locator: '(.//*[normalize-space(text()) and normalize-space(.)='Closed:'])[1]/following::span[1]'.

2022-01-14 20:24:22 - [MESSAGE][INFO] - [SELF-HEALING] Failed Locator: '(.//*[normalize-space(text()) and normalize-space(.)='Mark as done'])[2]/preceding::span[1]'.

2022-01-14 20:24:22 - [MESSAGE][INFO] - [SELF-HEALING] Failed Locator: '(.//*[normalize-space(text()) and normalize-space(.)='Survey 1'])[1]/preceding::span[1]'.

2022-01-14 20:24:22 - [MESSAGE][INFO] - [SELF-HEALING] Failed Locator: '//*/text()[normalize-space(.)='Quiz 2']/parent::*'.

2022-01-14 20:24:22 - [MESSAGE][INFO] - [SELF-HEALING] Failed Locator: '//li[3]/div/div/div[2]/div/a/span'.

2022-01-14 20:24:22 - [MESSAGE][INFO] - [SELF-HEALING] Failed Locator: '(.//*[normalize-space(text()) and normalize-space(.)='Topic 1'])[2]/preceding::span[1]'.

2022-01-14 20:24:24 - [MESSAGE][INFO] - Unable to find the element located by 'By.xpath: //*[(text() = 'Quiz 2' or . = 'Quiz 2')]'. Please recheck the objects properties to make sure the desired element is located. 

2022-01-14 20:24:25 - [MESSAGE][INFO] - Unable to find the element located by 'By.cssSelector: '. Please recheck the objects properties to make sure the desired element is located. 

2022-01-14 20:24:25 - [MESSAGE][FAILED] - Unable to click on object 'Object Repository/Page_Course Nhp mn tr tu nhn to/span_Quiz 2' (Root cause: com.kms.katalon.core.exception.StepFailedException: Unable to click on object 'Object Repository/Page_Course Nhp mn tr tu nhn to/span_Quiz 2'
	at com.kms.katalon.core.webui.keyword.internal.WebUIKeywordMain.stepFailed(WebUIKeywordMain.groovy:64)
	at com.kms.katalon.core.webui.keyword.internal.WebUIKeywordMain.runKeyword(WebUIKeywordMain.groovy:26)
	at com.kms.katalon.core.webui.keyword.builtin.ClickKeyword.click(ClickKeyword.groovy:74)
	at com.kms.katalon.core.webui.keyword.builtin.ClickKeyword.execute(ClickKeyword.groovy:40)
	at com.kms.katalon.core.keyword.internal.KeywordExecutor.executeKeywordForPlatform(KeywordExecutor.groovy:74)
	at com.kms.katalon.core.webui.keyword.WebUiBuiltInKeywords.click(WebUiBuiltInKeywords.groovy:620)
	at com.kms.katalon.core.webui.keyword.WebUiBuiltInKeywords$click$1.call(Unknown Source)
	at 20_Giáo viên thêm câu hỏi cho quiz.run(20_Giáo viên thêm câu hỏi cho quiz:32)
	at com.kms.katalon.core.main.ScriptEngine.run(ScriptEngine.java:194)
	at com.kms.katalon.core.main.ScriptEngine.runScriptAsRawText(ScriptEngine.java:119)
	at com.kms.katalon.core.main.TestCaseExecutor.runScript(TestCaseExecutor.java:442)
	at com.kms.katalon.core.main.TestCaseExecutor.doExecute(TestCaseExecutor.java:433)
	at com.kms.katalon.core.main.TestCaseExecutor.processExecutionPhase(TestCaseExecutor.java:412)
	at com.kms.katalon.core.main.TestCaseExecutor.accessMainPhase(TestCaseExecutor.java:404)
	at com.kms.katalon.core.main.TestCaseExecutor.execute(TestCaseExecutor.java:281)
	at com.kms.katalon.core.main.TestCaseExecutor.execute(TestCaseExecutor.java:363)
	at com.kms.katalon.core.main.TestCaseExecutor.execute(TestCaseExecutor.java:363)
	at com.kms.katalon.core.main.TestCaseExecutor.execute(TestCaseExecutor.java:363)
	at com.kms.katalon.core.main.TestSuiteExecutor.accessTestCaseMainPhase(TestSuiteExecutor.java:202)
	at com.kms.katalon.core.main.TestSuiteExecutor.accessTestSuiteMainPhase(TestSuiteExecutor.java:164)
	at com.kms.katalon.core.main.TestSuiteExecutor.execute(TestSuiteExecutor.java:105)
	at com.kms.katalon.core.main.TestCaseMain.startTestSuite(TestCaseMain.java:181)
	at com.kms.katalon.core.main.TestCaseMain$startTestSuite$0.call(Unknown Source)
	at TempTestSuite1642165037865.run(TempTestSuite1642165037865.groovy:36)
Caused by: com.kms.katalon.core.webui.exception.WebElementNotFoundException: Web element with id: 'Object Repository/Page_Course Nhp mn tr tu nhn to/span_Quiz 2' located by '//li[@id='module-3']/div/div/div[2]/div/a/span' not found
	at com.kms.katalon.core.webui.common.WebUiCommonHelper.findWebElement(WebUiCommonHelper.java:1368)
	at com.kms.katalon.core.webui.keyword.internal.WebUIAbstractKeyword.findWebElement(WebUIAbstractKeyword.groovy:27)
	at com.kms.katalon.core.webui.keyword.builtin.ClickKeyword$_click_closure1.doCall(ClickKeyword.groovy:65)
	at com.kms.katalon.core.webui.keyword.builtin.ClickKeyword$_click_closure1.call(ClickKeyword.groovy)
	at com.kms.katalon.core.webui.keyword.internal.WebUIKeywordMain.runKeyword(WebUIKeywordMain.groovy:20)
	at com.kms.katalon.core.webui.keyword.builtin.ClickKeyword.click(ClickKeyword.groovy:74)
	at com.kms.katalon.core.webui.keyword.builtin.ClickKeyword.execute(ClickKeyword.groovy:40)
	at com.kms.katalon.core.keyword.internal.KeywordExecutor.executeKeywordForPlatform(KeywordExecutor.groovy:74)
	at com.kms.katalon.core.webui.keyword.WebUiBuiltInKeywords.click(WebUiBuiltInKeywords.groovy:620)
	at com.kms.katalon.core.webui.keyword.WebUiBuiltInKeywords$click$1.call(Unknown Source)
	at Script1641965435922.run(Script1641965435922.groovy:32)
	... 16 more
)
[[ATTACHMENT|D:\\nam 3\\nhap mon CNPM\\bonus project\\Test-Automation-SE-Bonus\\Reports\\20220114_195717\\Run all test cases\\20220114_195717\\1642166665209.png]]]]></system-out>
         <system-err><![CDATA[2022-01-14 20:24:08 - [TEST_CASE][FAILED] - Test Cases/20_Giáo viên thêm câu hỏi cho quiz: Test Cases/20_Giáo viên thêm câu hỏi cho quiz FAILED.
Reason:
com.kms.katalon.core.exception.StepFailedException: Unable to click on object 'Object Repository/Page_Course Nhp mn tr tu nhn to/span_Quiz 2'
	at com.kms.katalon.core.webui.keyword.internal.WebUIKeywordMain.stepFailed(WebUIKeywordMain.groovy:64)
	at com.kms.katalon.core.webui.keyword.internal.WebUIKeywordMain.runKeyword(WebUIKeywordMain.groovy:26)
	at com.kms.katalon.core.webui.keyword.builtin.ClickKeyword.click(ClickKeyword.groovy:74)
	at com.kms.katalon.core.webui.keyword.builtin.ClickKeyword.execute(ClickKeyword.groovy:40)
	at com.kms.katalon.core.keyword.internal.KeywordExecutor.executeKeywordForPlatform(KeywordExecutor.groovy:74)
	at com.kms.katalon.core.webui.keyword.WebUiBuiltInKeywords.click(WebUiBuiltInKeywords.groovy:620)
	at com.kms.katalon.core.webui.keyword.WebUiBuiltInKeywords$click$1.call(Unknown Source)
	at 20_Giáo viên thêm câu hỏi cho quiz.run(20_Giáo viên thêm câu hỏi cho quiz:32)
	at com.kms.katalon.core.main.ScriptEngine.run(ScriptEngine.java:194)
	at com.kms.katalon.core.main.ScriptEngine.runScriptAsRawText(ScriptEngine.java:119)
	at com.kms.katalon.core.main.TestCaseExecutor.runScript(TestCaseExecutor.java:442)
	at com.kms.katalon.core.main.TestCaseExecutor.doExecute(TestCaseExecutor.java:433)
	at com.kms.katalon.core.main.TestCaseExecutor.processExecutionPhase(TestCaseExecutor.java:412)
	at com.kms.katalon.core.main.TestCaseExecutor.accessMainPhase(TestCaseExecutor.java:404)
	at com.kms.katalon.core.main.TestCaseExecutor.execute(TestCaseExecutor.java:281)
	at com.kms.katalon.core.main.TestCaseExecutor.execute(TestCaseExecutor.java:363)
	at com.kms.katalon.core.main.TestCaseExecutor.execute(TestCaseExecutor.java:363)
	at com.kms.katalon.core.main.TestCaseExecutor.execute(TestCaseExecutor.java:363)
	at com.kms.katalon.core.main.TestSuiteExecutor.accessTestCaseMainPhase(TestSuiteExecutor.java:202)
	at com.kms.katalon.core.main.TestSuiteExecutor.accessTestSuiteMainPhase(TestSuiteExecutor.java:164)
	at com.kms.katalon.core.main.TestSuiteExecutor.execute(TestSuiteExecutor.java:105)
	at com.kms.katalon.core.main.TestCaseMain.startTestSuite(TestCaseMain.java:181)
	at com.kms.katalon.core.main.TestCaseMain$startTestSuite$0.call(Unknown Source)
	at TempTestSuite1642165037865.run(TempTestSuite1642165037865.groovy:36)
Caused by: com.kms.katalon.core.webui.exception.WebElementNotFoundException: Web element with id: 'Object Repository/Page_Course Nhp mn tr tu nhn to/span_Quiz 2' located by '//li[@id='module-3']/div/div/div[2]/div/a/span' not found
	at com.kms.katalon.core.webui.common.WebUiCommonHelper.findWebElement(WebUiCommonHelper.java:1368)
	at com.kms.katalon.core.webui.keyword.internal.WebUIAbstractKeyword.findWebElement(WebUIAbstractKeyword.groovy:27)
	at com.kms.katalon.core.webui.keyword.builtin.ClickKeyword$_click_closure1.doCall(ClickKeyword.groovy:65)
	at com.kms.katalon.core.webui.keyword.builtin.ClickKeyword$_click_closure1.call(ClickKeyword.groovy)
	at com.kms.katalon.core.webui.keyword.internal.WebUIKeywordMain.runKeyword(WebUIKeywordMain.groovy:20)
	... 22 more]]></system-err>
      </testcase>
      <testcase name="Test Cases/21_Giáo viên thêm survey" time="30.335" classname="Test Cases/21_Giáo viên thêm survey" status="FAILED">
         <failure type="FAILED" message="Test Cases/21_Giáo viên thêm survey FAILED.
Reason:
com.kms.katalon.core.exception.StepFailedException: Unable to click on object 'Object Repository/Page_Course Nhp mn tr tu nhn to/span_Add an activity or resource'
	at com.kms.katalon.core.webui.keyword.internal.WebUIKeywordMain.stepFailed(WebUIKeywordMain.groovy:64)
	at com.kms.katalon.core.webui.keyword.internal.WebUIKeywordMain.runKeyword(WebUIKeywordMain.groovy:26)
	at com.kms.katalon.core.webui.keyword.builtin.ClickKeyword.click(ClickKeyword.groovy:74)
	at com.kms.katalon.core.webui.keyword.builtin.ClickKeyword.execute(ClickKeyword.groovy:40)
	at com.kms.katalon.core.keyword.internal.KeywordExecutor.executeKeywordForPlatform(KeywordExecutor.groovy:74)
	at com.kms.katalon.core.webui.keyword.WebUiBuiltInKeywords.click(WebUiBuiltInKeywords.groovy:620)
	at com.kms.katalon.core.webui.keyword.WebUiBuiltInKeywords$click$1.call(Unknown Source)
	at 21_Giáo viên thêm survey.run(21_Giáo viên thêm survey:34)
	at com.kms.katalon.core.main.ScriptEngine.run(ScriptEngine.java:194)
	at com.kms.katalon.core.main.ScriptEngine.runScriptAsRawText(ScriptEngine.java:119)
	at com.kms.katalon.core.main.TestCaseExecutor.runScript(TestCaseExecutor.java:442)
	at com.kms.katalon.core.main.TestCaseExecutor.doExecute(TestCaseExecutor.java:433)
	at com.kms.katalon.core.main.TestCaseExecutor.processExecutionPhase(TestCaseExecutor.java:412)
	at com.kms.katalon.core.main.TestCaseExecutor.accessMainPhase(TestCaseExecutor.java:404)
	at com.kms.katalon.core.main.TestCaseExecutor.execute(TestCaseExecutor.java:281)
	at com.kms.katalon.core.main.TestCaseExecutor.execute(TestCaseExecutor.java:363)
	at com.kms.katalon.core.main.TestCaseExecutor.execute(TestCaseExecutor.java:363)
	at com.kms.katalon.core.main.TestCaseExecutor.execute(TestCaseExecutor.java:363)
	at com.kms.katalon.core.main.TestSuiteExecutor.accessTestCaseMainPhase(TestSuiteExecutor.java:202)
	at com.kms.katalon.core.main.TestSuiteExecutor.accessTestSuiteMainPhase(TestSuiteExecutor.java:164)
	at com.kms.katalon.core.main.TestSuiteExecutor.execute(TestSuiteExecutor.java:105)
	at com.kms.katalon.core.main.TestCaseMain.startTestSuite(TestCaseMain.java:181)
	at com.kms.katalon.core.main.TestCaseMain$startTestSuite$0.call(Unknown Source)
	at TempTestSuite1642165037865.run(TempTestSuite1642165037865.groovy:36)
Caused by: com.kms.katalon.core.webui.exception.WebElementNotFoundException: Web element with id: 'Object Repository/Page_Course Nhp mn tr tu nhn to/span_Add an activity or resource' located by '//span[@id='yui_3_17_2_1_1641986354069_794']' not found
	at com.kms.katalon.core.webui.common.WebUiCommonHelper.findWebElement(WebUiCommonHelper.java:1368)
	at com.kms.katalon.core.webui.keyword.internal.WebUIAbstractKeyword.findWebElement(WebUIAbstractKeyword.groovy:27)
	at com.kms.katalon.core.webui.keyword.builtin.ClickKeyword$_click_closure1.doCall(ClickKeyword.groovy:65)
	at com.kms.katalon.core.webui.keyword.builtin.ClickKeyword$_click_closure1.call(ClickKeyword.groovy)
	at com.kms.katalon.core.webui.keyword.internal.WebUIKeywordMain.runKeyword(WebUIKeywordMain.groovy:20)
	... 22 more
"/>
         <system-out><![CDATA[2022-01-14 20:25:50 - [TEST_CASE][FAILED] - Test Cases/21_Giáo viên thêm survey: Test Cases/21_Giáo viên thêm survey FAILED.
Reason:
com.kms.katalon.core.exception.StepFailedException: Unable to click on object 'Object Repository/Page_Course Nhp mn tr tu nhn to/span_Add an activity or resource'
	at com.kms.katalon.core.webui.keyword.internal.WebUIKeywordMain.stepFailed(WebUIKeywordMain.groovy:64)
	at com.kms.katalon.core.webui.keyword.internal.WebUIKeywordMain.runKeyword(WebUIKeywordMain.groovy:26)
	at com.kms.katalon.core.webui.keyword.builtin.ClickKeyword.click(ClickKeyword.groovy:74)
	at com.kms.katalon.core.webui.keyword.builtin.ClickKeyword.execute(ClickKeyword.groovy:40)
	at com.kms.katalon.core.keyword.internal.KeywordExecutor.executeKeywordForPlatform(KeywordExecutor.groovy:74)
	at com.kms.katalon.core.webui.keyword.WebUiBuiltInKeywords.click(WebUiBuiltInKeywords.groovy:620)
	at com.kms.katalon.core.webui.keyword.WebUiBuiltInKeywords$click$1.call(Unknown Source)
	at 21_Giáo viên thêm survey.run(21_Giáo viên thêm survey:34)
	at com.kms.katalon.core.main.ScriptEngine.run(ScriptEngine.java:194)
	at com.kms.katalon.core.main.ScriptEngine.runScriptAsRawText(ScriptEngine.java:119)
	at com.kms.katalon.core.main.TestCaseExecutor.runScript(TestCaseExecutor.java:442)
	at com.kms.katalon.core.main.TestCaseExecutor.doExecute(TestCaseExecutor.java:433)
	at com.kms.katalon.core.main.TestCaseExecutor.processExecutionPhase(TestCaseExecutor.java:412)
	at com.kms.katalon.core.main.TestCaseExecutor.accessMainPhase(TestCaseExecutor.java:404)
	at com.kms.katalon.core.main.TestCaseExecutor.execute(TestCaseExecutor.java:281)
	at com.kms.katalon.core.main.TestCaseExecutor.execute(TestCaseExecutor.java:363)
	at com.kms.katalon.core.main.TestCaseExecutor.execute(TestCaseExecutor.java:363)
	at com.kms.katalon.core.main.TestCaseExecutor.execute(TestCaseExecutor.java:363)
	at com.kms.katalon.core.main.TestSuiteExecutor.accessTestCaseMainPhase(TestSuiteExecutor.java:202)
	at com.kms.katalon.core.main.TestSuiteExecutor.accessTestSuiteMainPhase(TestSuiteExecutor.java:164)
	at com.kms.katalon.core.main.TestSuiteExecutor.execute(TestSuiteExecutor.java:105)
	at com.kms.katalon.core.main.TestCaseMain.startTestSuite(TestCaseMain.java:181)
	at com.kms.katalon.core.main.TestCaseMain$startTestSuite$0.call(Unknown Source)
	at TempTestSuite1642165037865.run(TempTestSuite1642165037865.groovy:36)
Caused by: com.kms.katalon.core.webui.exception.WebElementNotFoundException: Web element with id: 'Object Repository/Page_Course Nhp mn tr tu nhn to/span_Add an activity or resource' located by '//span[@id='yui_3_17_2_1_1641986354069_794']' not found
	at com.kms.katalon.core.webui.common.WebUiCommonHelper.findWebElement(WebUiCommonHelper.java:1368)
	at com.kms.katalon.core.webui.keyword.internal.WebUIAbstractKeyword.findWebElement(WebUIAbstractKeyword.groovy:27)
	at com.kms.katalon.core.webui.keyword.builtin.ClickKeyword$_click_closure1.doCall(ClickKeyword.groovy:65)
	at com.kms.katalon.core.webui.keyword.builtin.ClickKeyword$_click_closure1.call(ClickKeyword.groovy)
	at com.kms.katalon.core.webui.keyword.internal.WebUIKeywordMain.runKeyword(WebUIKeywordMain.groovy:20)
	... 22 more


2022-01-14 20:25:50 - [TEST_STEP][PASSED] - openBrowser(""): Browser is opened with url: ''

2022-01-14 20:25:51 - [MESSAGE][WARNING] - A browser is already opened. Closing browser and opening a new one

2022-01-14 20:25:51 - [MESSAGE][INFO] - Starting 'Chrome' driver

2022-01-14 20:25:51 - [MESSAGE][INFO] - Action delay is set to 0 milliseconds

2022-01-14 20:25:52 - [MESSAGE][PASSED] - Browser is opened with url: ''

2022-01-14 20:25:52 - [TEST_STEP][PASSED] - navigateToUrl("http://localhost/"): Navigate to 'http://localhost/' successfully

2022-01-14 20:25:54 - [MESSAGE][PASSED] - Navigate to 'http://localhost/' successfully

2022-01-14 20:25:54 - [TEST_STEP][PASSED] - click(findTestObject("Object Repository/Page_HCMUS/a_Nhp mn tr tu nhn to")): Object: 'Object Repository/Page_HCMUS/a_Nhp mn tr tu nhn to' is clicked on

2022-01-14 20:25:55 - [MESSAGE][PASSED] - Object: 'Object Repository/Page_HCMUS/a_Nhp mn tr tu nhn to' is clicked on

2022-01-14 20:25:55 - [TEST_STEP][PASSED] - setText(findTestObject("Object Repository/Page_HCMUS Log in to the site/input_Username_username"), "teacher1"): Text 'teacher1' is set on object 'Object Repository/Page_HCMUS Log in to the site/input_Username_username'

2022-01-14 20:25:56 - [MESSAGE][PASSED] - Text 'teacher1' is set on object 'Object Repository/Page_HCMUS Log in to the site/input_Username_username'

2022-01-14 20:25:56 - [TEST_STEP][PASSED] - setEncryptedText(findTestObject("Object Repository/Page_HCMUS Log in to the site/input_Password_password"), "iKb8CrY6A/iqm08K47hQLA=="): Text ****** has been set on object 'Object Repository/Page_HCMUS Log in to the site/input_Password_password'

2022-01-14 20:25:56 - [MESSAGE][PASSED] - Text ****** has been set on object 'Object Repository/Page_HCMUS Log in to the site/input_Password_password'

2022-01-14 20:25:56 - [TEST_STEP][PASSED] - click(findTestObject("Object Repository/Page_HCMUS Log in to the site/button_Log in")): Object: 'Object Repository/Page_HCMUS Log in to the site/button_Log in' is clicked on

2022-01-14 20:25:57 - [MESSAGE][PASSED] - Object: 'Object Repository/Page_HCMUS Log in to the site/button_Log in' is clicked on

2022-01-14 20:25:57 - [TEST_STEP][PASSED] - click(findTestObject("Object Repository/Page_Course Nhp mn tr tu nhn to/button_Turn editing on")): Object: 'Object Repository/Page_Course Nhp mn tr tu nhn to/button_Turn editing on' is clicked on

2022-01-14 20:26:04 - [MESSAGE][INFO] - Unable to find the element located by 'By.xpath: //button[@id='single_button61deb918b38a91']'. Please recheck the objects properties to make sure the desired element is located. 

2022-01-14 20:26:04 - [MESSAGE][WARNING] - [SELF-HEALING] Failed to find element with id 'Object Repository/Page_Course Nhp mn tr tu nhn to/button_Turn editing on'. Try using Self-healing.

2022-01-14 20:26:04 - [MESSAGE][WARNING] - [SELF-HEALING] The current locator of test object 'Object Repository/Page_Course Nhp mn tr tu nhn to/button_Turn editing on' was broken. Propose an alternative one: '(.//*[normalize-space(text()) and normalize-space(.)='AI'])[2]/following::button[1]'.

2022-01-14 20:26:04 - [MESSAGE][PASSED] - Object: 'Object Repository/Page_Course Nhp mn tr tu nhn to/button_Turn editing on' is clicked on

2022-01-14 20:26:04 - [TEST_STEP][FAILED] - click(findTestObject("Object Repository/Page_Course Nhp mn tr tu nhn to/span_Add an activity or resource")): Unable to click on object 'Object Repository/Page_Course Nhp mn tr tu nhn to/span_Add an activity or resource' (Root cause: com.kms.katalon.core.exception.StepFailedException: Unable to click on object 'Object Repository/Page_Course Nhp mn tr tu nhn to/span_Add an activity or resource'
	at com.kms.katalon.core.webui.keyword.internal.WebUIKeywordMain.stepFailed(WebUIKeywordMain.groovy:64)
	at com.kms.katalon.core.webui.keyword.internal.WebUIKeywordMain.runKeyword(WebUIKeywordMain.groovy:26)
	at com.kms.katalon.core.webui.keyword.builtin.ClickKeyword.click(ClickKeyword.groovy:74)
	at com.kms.katalon.core.webui.keyword.builtin.ClickKeyword.execute(ClickKeyword.groovy:40)
	at com.kms.katalon.core.keyword.internal.KeywordExecutor.executeKeywordForPlatform(KeywordExecutor.groovy:74)
	at com.kms.katalon.core.webui.keyword.WebUiBuiltInKeywords.click(WebUiBuiltInKeywords.groovy:620)
	at com.kms.katalon.core.webui.keyword.WebUiBuiltInKeywords$click$1.call(Unknown Source)
	at 21_Giáo viên thêm survey.run(21_Giáo viên thêm survey:34)
	at com.kms.katalon.core.main.ScriptEngine.run(ScriptEngine.java:194)
	at com.kms.katalon.core.main.ScriptEngine.runScriptAsRawText(ScriptEngine.java:119)
	at com.kms.katalon.core.main.TestCaseExecutor.runScript(TestCaseExecutor.java:442)
	at com.kms.katalon.core.main.TestCaseExecutor.doExecute(TestCaseExecutor.java:433)
	at com.kms.katalon.core.main.TestCaseExecutor.processExecutionPhase(TestCaseExecutor.java:412)
	at com.kms.katalon.core.main.TestCaseExecutor.accessMainPhase(TestCaseExecutor.java:404)
	at com.kms.katalon.core.main.TestCaseExecutor.execute(TestCaseExecutor.java:281)
	at com.kms.katalon.core.main.TestCaseExecutor.execute(TestCaseExecutor.java:363)
	at com.kms.katalon.core.main.TestCaseExecutor.execute(TestCaseExecutor.java:363)
	at com.kms.katalon.core.main.TestCaseExecutor.execute(TestCaseExecutor.java:363)
	at com.kms.katalon.core.main.TestSuiteExecutor.accessTestCaseMainPhase(TestSuiteExecutor.java:202)
	at com.kms.katalon.core.main.TestSuiteExecutor.accessTestSuiteMainPhase(TestSuiteExecutor.java:164)
	at com.kms.katalon.core.main.TestSuiteExecutor.execute(TestSuiteExecutor.java:105)
	at com.kms.katalon.core.main.TestCaseMain.startTestSuite(TestCaseMain.java:181)
	at com.kms.katalon.core.main.TestCaseMain$startTestSuite$0.call(Unknown Source)
	at TempTestSuite1642165037865.run(TempTestSuite1642165037865.groovy:36)
Caused by: com.kms.katalon.core.webui.exception.WebElementNotFoundException: Web element with id: 'Object Repository/Page_Course Nhp mn tr tu nhn to/span_Add an activity or resource' located by '//span[@id='yui_3_17_2_1_1641986354069_794']' not found
	at com.kms.katalon.core.webui.common.WebUiCommonHelper.findWebElement(WebUiCommonHelper.java:1368)
	at com.kms.katalon.core.webui.keyword.internal.WebUIAbstractKeyword.findWebElement(WebUIAbstractKeyword.groovy:27)
	at com.kms.katalon.core.webui.keyword.builtin.ClickKeyword$_click_closure1.doCall(ClickKeyword.groovy:65)
	at com.kms.katalon.core.webui.keyword.builtin.ClickKeyword$_click_closure1.call(ClickKeyword.groovy)
	at com.kms.katalon.core.webui.keyword.internal.WebUIKeywordMain.runKeyword(WebUIKeywordMain.groovy:20)
	at com.kms.katalon.core.webui.keyword.builtin.ClickKeyword.click(ClickKeyword.groovy:74)
	at com.kms.katalon.core.webui.keyword.builtin.ClickKeyword.execute(ClickKeyword.groovy:40)
	at com.kms.katalon.core.keyword.internal.KeywordExecutor.executeKeywordForPlatform(KeywordExecutor.groovy:74)
	at com.kms.katalon.core.webui.keyword.WebUiBuiltInKeywords.click(WebUiBuiltInKeywords.groovy:620)
	at com.kms.katalon.core.webui.keyword.WebUiBuiltInKeywords$click$1.call(Unknown Source)
	at Script1641965754011.run(Script1641965754011.groovy:34)
	... 16 more
)

2022-01-14 20:26:11 - [MESSAGE][INFO] - Unable to find the element located by 'By.xpath: //span[@id='yui_3_17_2_1_1641986354069_794']'. Please recheck the objects properties to make sure the desired element is located. 

2022-01-14 20:26:11 - [MESSAGE][WARNING] - [SELF-HEALING] Failed to find element with id 'Object Repository/Page_Course Nhp mn tr tu nhn to/span_Add an activity or resource'. Try using Self-healing.

2022-01-14 20:26:12 - [MESSAGE][INFO] - Unable to find the element located by 'By.xpath: (.//*[normalize-space(text()) and normalize-space(.)='Add file(s) here'])[1]/following::span[1]'. Please recheck the objects properties to make sure the desired element is located. 

2022-01-14 20:26:12 - [MESSAGE][INFO] - [SELF-HEALING] Failed Locator: '//span[@id='yui_3_17_2_1_1641986354069_794']'.

2022-01-14 20:26:12 - [MESSAGE][INFO] - [SELF-HEALING] Failed Locator: '//button[@id='yui_3_17_2_1_1641986354069_795']/span'.

2022-01-14 20:26:12 - [MESSAGE][INFO] - [SELF-HEALING] Failed Locator: '(.//*[normalize-space(text()) and normalize-space(.)='Add file(s) here'])[1]/following::span[1]'.

2022-01-14 20:26:13 - [MESSAGE][INFO] - [SELF-HEALING] Failed Locator: '(.//*[normalize-space(text()) and normalize-space(.)='Mark as done'])[6]/following::span[2]'.

2022-01-14 20:26:13 - [MESSAGE][INFO] - [SELF-HEALING] Failed Locator: '(.//*[normalize-space(text()) and normalize-space(.)='Edit topic'])[1]/preceding::span[2]'.

2022-01-14 20:26:13 - [MESSAGE][INFO] - [SELF-HEALING] Failed Locator: '(.//*[normalize-space(text()) and normalize-space(.)='Highlight'])[1]/preceding::span[3]'.

2022-01-14 20:26:13 - [MESSAGE][INFO] - [SELF-HEALING] Failed Locator: '//*/text()[normalize-space(.)='Add an activity or resource']/parent::*'.

2022-01-14 20:26:14 - [MESSAGE][INFO] - [SELF-HEALING] Failed Locator: '//div[3]/div/button/span'.

2022-01-14 20:26:14 - [MESSAGE][INFO] - [SELF-HEALING] Failed Locator: '//span[@id='yui_3_17_2_1_1641968219070_816']'.

2022-01-14 20:26:14 - [MESSAGE][INFO] - [SELF-HEALING] Failed Locator: '//button[@id='yui_3_17_2_1_1641968219070_817']/span'.

2022-01-14 20:26:14 - [MESSAGE][INFO] - [SELF-HEALING] Failed Locator: '(.//*[normalize-space(text()) and normalize-space(.)='Mark as done'])[7]/following::span[2]'.

2022-01-14 20:26:15 - [MESSAGE][INFO] - [SELF-HEALING] Failed Locator: '//span[@id='yui_3_17_2_1_1641967946979_782']'.

2022-01-14 20:26:15 - [MESSAGE][INFO] - [SELF-HEALING] Failed Locator: '//button[@id='yui_3_17_2_1_1641967946979_783']/span'.

2022-01-14 20:26:15 - [MESSAGE][INFO] - [SELF-HEALING] Failed Locator: '//span[@id='yui_3_17_2_1_1641967681819_749']'.

2022-01-14 20:26:15 - [MESSAGE][INFO] - [SELF-HEALING] Failed Locator: '//button[@id='yui_3_17_2_1_1641967681819_750']/span'.

2022-01-14 20:26:16 - [MESSAGE][INFO] - [SELF-HEALING] Failed Locator: '(.//*[normalize-space(text()) and normalize-space(.)='Mark as done'])[5]/following::span[2]'.

2022-01-14 20:26:16 - [MESSAGE][INFO] - [SELF-HEALING] Failed Locator: '//span[@id='yui_3_17_2_1_1641966312257_733']'.

2022-01-14 20:26:16 - [MESSAGE][INFO] - [SELF-HEALING] Failed Locator: '//button[@id='yui_3_17_2_1_1641966312257_734']/span'.

2022-01-14 20:26:16 - [MESSAGE][INFO] - [SELF-HEALING] Failed Locator: '(.//*[normalize-space(text()) and normalize-space(.)='Mark as done'])[4]/following::span[2]'.

2022-01-14 20:26:16 - [MESSAGE][INFO] - [SELF-HEALING] Failed Locator: '//span[@id='yui_3_17_2_1_1641965818242_672']'.

2022-01-14 20:26:17 - [MESSAGE][INFO] - [SELF-HEALING] Failed Locator: '//button[@id='yui_3_17_2_1_1641965818242_673']/span'.

2022-01-14 20:26:17 - [MESSAGE][INFO] - [SELF-HEALING] Failed Locator: '(.//*[normalize-space(text()) and normalize-space(.)='Mark as done'])[2]/following::span[2]'.

2022-01-14 20:26:17 - [MESSAGE][INFO] - [SELF-HEALING] Failed Locator: '//span[@id='yui_3_17_2_1_1641965314944_642']'.

2022-01-14 20:26:17 - [MESSAGE][INFO] - [SELF-HEALING] Failed Locator: '//button[@id='yui_3_17_2_1_1641965314944_643']/span'.

2022-01-14 20:26:18 - [MESSAGE][INFO] - [SELF-HEALING] Failed Locator: '(.//*[normalize-space(text()) and normalize-space(.)='Mark as done'])[1]/following::span[2]'.

2022-01-14 20:26:18 - [MESSAGE][INFO] - [SELF-HEALING] Failed Locator: '//span[@id='yui_3_17_2_1_1641964893302_615']'.

2022-01-14 20:26:18 - [MESSAGE][INFO] - [SELF-HEALING] Failed Locator: '//button[@id='yui_3_17_2_1_1641964893302_616']/span'.

2022-01-14 20:26:18 - [MESSAGE][INFO] - [SELF-HEALING] Failed Locator: '(.//*[normalize-space(text()) and normalize-space(.)='Delete'])[1]/following::span[2]'.

2022-01-14 20:26:20 - [MESSAGE][INFO] - Unable to find the element located by 'By.xpath: //*[@id = 'yui_3_17_2_1_1641986354069_794' and (text() = 'Add an activity or resource' or . = 'Add an activity or resource')]'. Please recheck the objects properties to make sure the desired element is located. 

2022-01-14 20:26:21 - [MESSAGE][INFO] - Unable to find the element located by 'By.cssSelector: #yui_3_17_2_1_1641986354069_794'. Please recheck the objects properties to make sure the desired element is located. 

2022-01-14 20:26:21 - [MESSAGE][FAILED] - Unable to click on object 'Object Repository/Page_Course Nhp mn tr tu nhn to/span_Add an activity or resource' (Root cause: com.kms.katalon.core.exception.StepFailedException: Unable to click on object 'Object Repository/Page_Course Nhp mn tr tu nhn to/span_Add an activity or resource'
	at com.kms.katalon.core.webui.keyword.internal.WebUIKeywordMain.stepFailed(WebUIKeywordMain.groovy:64)
	at com.kms.katalon.core.webui.keyword.internal.WebUIKeywordMain.runKeyword(WebUIKeywordMain.groovy:26)
	at com.kms.katalon.core.webui.keyword.builtin.ClickKeyword.click(ClickKeyword.groovy:74)
	at com.kms.katalon.core.webui.keyword.builtin.ClickKeyword.execute(ClickKeyword.groovy:40)
	at com.kms.katalon.core.keyword.internal.KeywordExecutor.executeKeywordForPlatform(KeywordExecutor.groovy:74)
	at com.kms.katalon.core.webui.keyword.WebUiBuiltInKeywords.click(WebUiBuiltInKeywords.groovy:620)
	at com.kms.katalon.core.webui.keyword.WebUiBuiltInKeywords$click$1.call(Unknown Source)
	at 21_Giáo viên thêm survey.run(21_Giáo viên thêm survey:34)
	at com.kms.katalon.core.main.ScriptEngine.run(ScriptEngine.java:194)
	at com.kms.katalon.core.main.ScriptEngine.runScriptAsRawText(ScriptEngine.java:119)
	at com.kms.katalon.core.main.TestCaseExecutor.runScript(TestCaseExecutor.java:442)
	at com.kms.katalon.core.main.TestCaseExecutor.doExecute(TestCaseExecutor.java:433)
	at com.kms.katalon.core.main.TestCaseExecutor.processExecutionPhase(TestCaseExecutor.java:412)
	at com.kms.katalon.core.main.TestCaseExecutor.accessMainPhase(TestCaseExecutor.java:404)
	at com.kms.katalon.core.main.TestCaseExecutor.execute(TestCaseExecutor.java:281)
	at com.kms.katalon.core.main.TestCaseExecutor.execute(TestCaseExecutor.java:363)
	at com.kms.katalon.core.main.TestCaseExecutor.execute(TestCaseExecutor.java:363)
	at com.kms.katalon.core.main.TestCaseExecutor.execute(TestCaseExecutor.java:363)
	at com.kms.katalon.core.main.TestSuiteExecutor.accessTestCaseMainPhase(TestSuiteExecutor.java:202)
	at com.kms.katalon.core.main.TestSuiteExecutor.accessTestSuiteMainPhase(TestSuiteExecutor.java:164)
	at com.kms.katalon.core.main.TestSuiteExecutor.execute(TestSuiteExecutor.java:105)
	at com.kms.katalon.core.main.TestCaseMain.startTestSuite(TestCaseMain.java:181)
	at com.kms.katalon.core.main.TestCaseMain$startTestSuite$0.call(Unknown Source)
	at TempTestSuite1642165037865.run(TempTestSuite1642165037865.groovy:36)
Caused by: com.kms.katalon.core.webui.exception.WebElementNotFoundException: Web element with id: 'Object Repository/Page_Course Nhp mn tr tu nhn to/span_Add an activity or resource' located by '//span[@id='yui_3_17_2_1_1641986354069_794']' not found
	at com.kms.katalon.core.webui.common.WebUiCommonHelper.findWebElement(WebUiCommonHelper.java:1368)
	at com.kms.katalon.core.webui.keyword.internal.WebUIAbstractKeyword.findWebElement(WebUIAbstractKeyword.groovy:27)
	at com.kms.katalon.core.webui.keyword.builtin.ClickKeyword$_click_closure1.doCall(ClickKeyword.groovy:65)
	at com.kms.katalon.core.webui.keyword.builtin.ClickKeyword$_click_closure1.call(ClickKeyword.groovy)
	at com.kms.katalon.core.webui.keyword.internal.WebUIKeywordMain.runKeyword(WebUIKeywordMain.groovy:20)
	at com.kms.katalon.core.webui.keyword.builtin.ClickKeyword.click(ClickKeyword.groovy:74)
	at com.kms.katalon.core.webui.keyword.builtin.ClickKeyword.execute(ClickKeyword.groovy:40)
	at com.kms.katalon.core.keyword.internal.KeywordExecutor.executeKeywordForPlatform(KeywordExecutor.groovy:74)
	at com.kms.katalon.core.webui.keyword.WebUiBuiltInKeywords.click(WebUiBuiltInKeywords.groovy:620)
	at com.kms.katalon.core.webui.keyword.WebUiBuiltInKeywords$click$1.call(Unknown Source)
	at Script1641965754011.run(Script1641965754011.groovy:34)
	... 16 more
)
[[ATTACHMENT|D:\\nam 3\\nhap mon CNPM\\bonus project\\Test-Automation-SE-Bonus\\Reports\\20220114_195717\\Run all test cases\\20220114_195717\\1642166781212.png]]]]></system-out>
         <system-err><![CDATA[2022-01-14 20:25:50 - [TEST_CASE][FAILED] - Test Cases/21_Giáo viên thêm survey: Test Cases/21_Giáo viên thêm survey FAILED.
Reason:
com.kms.katalon.core.exception.StepFailedException: Unable to click on object 'Object Repository/Page_Course Nhp mn tr tu nhn to/span_Add an activity or resource'
	at com.kms.katalon.core.webui.keyword.internal.WebUIKeywordMain.stepFailed(WebUIKeywordMain.groovy:64)
	at com.kms.katalon.core.webui.keyword.internal.WebUIKeywordMain.runKeyword(WebUIKeywordMain.groovy:26)
	at com.kms.katalon.core.webui.keyword.builtin.ClickKeyword.click(ClickKeyword.groovy:74)
	at com.kms.katalon.core.webui.keyword.builtin.ClickKeyword.execute(ClickKeyword.groovy:40)
	at com.kms.katalon.core.keyword.internal.KeywordExecutor.executeKeywordForPlatform(KeywordExecutor.groovy:74)
	at com.kms.katalon.core.webui.keyword.WebUiBuiltInKeywords.click(WebUiBuiltInKeywords.groovy:620)
	at com.kms.katalon.core.webui.keyword.WebUiBuiltInKeywords$click$1.call(Unknown Source)
	at 21_Giáo viên thêm survey.run(21_Giáo viên thêm survey:34)
	at com.kms.katalon.core.main.ScriptEngine.run(ScriptEngine.java:194)
	at com.kms.katalon.core.main.ScriptEngine.runScriptAsRawText(ScriptEngine.java:119)
	at com.kms.katalon.core.main.TestCaseExecutor.runScript(TestCaseExecutor.java:442)
	at com.kms.katalon.core.main.TestCaseExecutor.doExecute(TestCaseExecutor.java:433)
	at com.kms.katalon.core.main.TestCaseExecutor.processExecutionPhase(TestCaseExecutor.java:412)
	at com.kms.katalon.core.main.TestCaseExecutor.accessMainPhase(TestCaseExecutor.java:404)
	at com.kms.katalon.core.main.TestCaseExecutor.execute(TestCaseExecutor.java:281)
	at com.kms.katalon.core.main.TestCaseExecutor.execute(TestCaseExecutor.java:363)
	at com.kms.katalon.core.main.TestCaseExecutor.execute(TestCaseExecutor.java:363)
	at com.kms.katalon.core.main.TestCaseExecutor.execute(TestCaseExecutor.java:363)
	at com.kms.katalon.core.main.TestSuiteExecutor.accessTestCaseMainPhase(TestSuiteExecutor.java:202)
	at com.kms.katalon.core.main.TestSuiteExecutor.accessTestSuiteMainPhase(TestSuiteExecutor.java:164)
	at com.kms.katalon.core.main.TestSuiteExecutor.execute(TestSuiteExecutor.java:105)
	at com.kms.katalon.core.main.TestCaseMain.startTestSuite(TestCaseMain.java:181)
	at com.kms.katalon.core.main.TestCaseMain$startTestSuite$0.call(Unknown Source)
	at TempTestSuite1642165037865.run(TempTestSuite1642165037865.groovy:36)
Caused by: com.kms.katalon.core.webui.exception.WebElementNotFoundException: Web element with id: 'Object Repository/Page_Course Nhp mn tr tu nhn to/span_Add an activity or resource' located by '//span[@id='yui_3_17_2_1_1641986354069_794']' not found
	at com.kms.katalon.core.webui.common.WebUiCommonHelper.findWebElement(WebUiCommonHelper.java:1368)
	at com.kms.katalon.core.webui.keyword.internal.WebUIAbstractKeyword.findWebElement(WebUIAbstractKeyword.groovy:27)
	at com.kms.katalon.core.webui.keyword.builtin.ClickKeyword$_click_closure1.doCall(ClickKeyword.groovy:65)
	at com.kms.katalon.core.webui.keyword.builtin.ClickKeyword$_click_closure1.call(ClickKeyword.groovy)
	at com.kms.katalon.core.webui.keyword.internal.WebUIKeywordMain.runKeyword(WebUIKeywordMain.groovy:20)
	... 22 more]]></system-err>
      </testcase>
      <testcase name="Test Cases/22_Giáo viên thêm forum" time="40.078" classname="Test Cases/22_Giáo viên thêm forum" status="FAILED">
         <failure type="FAILED" message="Test Cases/22_Giáo viên thêm forum FAILED.
Reason:
com.kms.katalon.core.exception.StepFailedException: Unable to click on object 'Object Repository/Page_Course Nhp mn tr tu nhn to/button_Add an activity or resource'
	at com.kms.katalon.core.webui.keyword.internal.WebUIKeywordMain.stepFailed(WebUIKeywordMain.groovy:64)
	at com.kms.katalon.core.webui.keyword.internal.WebUIKeywordMain.runKeyword(WebUIKeywordMain.groovy:26)
	at com.kms.katalon.core.webui.keyword.builtin.ClickKeyword.click(ClickKeyword.groovy:74)
	at com.kms.katalon.core.webui.keyword.builtin.ClickKeyword.execute(ClickKeyword.groovy:40)
	at com.kms.katalon.core.keyword.internal.KeywordExecutor.executeKeywordForPlatform(KeywordExecutor.groovy:74)
	at com.kms.katalon.core.webui.keyword.WebUiBuiltInKeywords.click(WebUiBuiltInKeywords.groovy:620)
	at com.kms.katalon.core.webui.keyword.WebUiBuiltInKeywords$click$1.call(Unknown Source)
	at 22_Giáo viên thêm forum.run(22_Giáo viên thêm forum:34)
	at com.kms.katalon.core.main.ScriptEngine.run(ScriptEngine.java:194)
	at com.kms.katalon.core.main.ScriptEngine.runScriptAsRawText(ScriptEngine.java:119)
	at com.kms.katalon.core.main.TestCaseExecutor.runScript(TestCaseExecutor.java:442)
	at com.kms.katalon.core.main.TestCaseExecutor.doExecute(TestCaseExecutor.java:433)
	at com.kms.katalon.core.main.TestCaseExecutor.processExecutionPhase(TestCaseExecutor.java:412)
	at com.kms.katalon.core.main.TestCaseExecutor.accessMainPhase(TestCaseExecutor.java:404)
	at com.kms.katalon.core.main.TestCaseExecutor.execute(TestCaseExecutor.java:281)
	at com.kms.katalon.core.main.TestCaseExecutor.execute(TestCaseExecutor.java:363)
	at com.kms.katalon.core.main.TestCaseExecutor.execute(TestCaseExecutor.java:363)
	at com.kms.katalon.core.main.TestCaseExecutor.execute(TestCaseExecutor.java:363)
	at com.kms.katalon.core.main.TestSuiteExecutor.accessTestCaseMainPhase(TestSuiteExecutor.java:202)
	at com.kms.katalon.core.main.TestSuiteExecutor.accessTestSuiteMainPhase(TestSuiteExecutor.java:164)
	at com.kms.katalon.core.main.TestSuiteExecutor.execute(TestSuiteExecutor.java:105)
	at com.kms.katalon.core.main.TestCaseMain.startTestSuite(TestCaseMain.java:181)
	at com.kms.katalon.core.main.TestCaseMain$startTestSuite$0.call(Unknown Source)
	at TempTestSuite1642165037865.run(TempTestSuite1642165037865.groovy:36)
Caused by: com.kms.katalon.core.webui.exception.WebElementNotFoundException: Web element with id: 'Object Repository/Page_Course Nhp mn tr tu nhn to/button_Add an activity or resource' located by '//button[@id='yui_3_17_2_1_1641966172544_704']' not found
	at com.kms.katalon.core.webui.common.WebUiCommonHelper.findWebElement(WebUiCommonHelper.java:1368)
	at com.kms.katalon.core.webui.keyword.internal.WebUIAbstractKeyword.findWebElement(WebUIAbstractKeyword.groovy:27)
	at com.kms.katalon.core.webui.keyword.builtin.ClickKeyword$_click_closure1.doCall(ClickKeyword.groovy:65)
	at com.kms.katalon.core.webui.keyword.builtin.ClickKeyword$_click_closure1.call(ClickKeyword.groovy)
	at com.kms.katalon.core.webui.keyword.internal.WebUIKeywordMain.runKeyword(WebUIKeywordMain.groovy:20)
	... 22 more
"/>
         <system-out><![CDATA[2022-01-14 20:27:33 - [TEST_CASE][FAILED] - Test Cases/22_Giáo viên thêm forum: Test Cases/22_Giáo viên thêm forum FAILED.
Reason:
com.kms.katalon.core.exception.StepFailedException: Unable to click on object 'Object Repository/Page_Course Nhp mn tr tu nhn to/button_Add an activity or resource'
	at com.kms.katalon.core.webui.keyword.internal.WebUIKeywordMain.stepFailed(WebUIKeywordMain.groovy:64)
	at com.kms.katalon.core.webui.keyword.internal.WebUIKeywordMain.runKeyword(WebUIKeywordMain.groovy:26)
	at com.kms.katalon.core.webui.keyword.builtin.ClickKeyword.click(ClickKeyword.groovy:74)
	at com.kms.katalon.core.webui.keyword.builtin.ClickKeyword.execute(ClickKeyword.groovy:40)
	at com.kms.katalon.core.keyword.internal.KeywordExecutor.executeKeywordForPlatform(KeywordExecutor.groovy:74)
	at com.kms.katalon.core.webui.keyword.WebUiBuiltInKeywords.click(WebUiBuiltInKeywords.groovy:620)
	at com.kms.katalon.core.webui.keyword.WebUiBuiltInKeywords$click$1.call(Unknown Source)
	at 22_Giáo viên thêm forum.run(22_Giáo viên thêm forum:34)
	at com.kms.katalon.core.main.ScriptEngine.run(ScriptEngine.java:194)
	at com.kms.katalon.core.main.ScriptEngine.runScriptAsRawText(ScriptEngine.java:119)
	at com.kms.katalon.core.main.TestCaseExecutor.runScript(TestCaseExecutor.java:442)
	at com.kms.katalon.core.main.TestCaseExecutor.doExecute(TestCaseExecutor.java:433)
	at com.kms.katalon.core.main.TestCaseExecutor.processExecutionPhase(TestCaseExecutor.java:412)
	at com.kms.katalon.core.main.TestCaseExecutor.accessMainPhase(TestCaseExecutor.java:404)
	at com.kms.katalon.core.main.TestCaseExecutor.execute(TestCaseExecutor.java:281)
	at com.kms.katalon.core.main.TestCaseExecutor.execute(TestCaseExecutor.java:363)
	at com.kms.katalon.core.main.TestCaseExecutor.execute(TestCaseExecutor.java:363)
	at com.kms.katalon.core.main.TestCaseExecutor.execute(TestCaseExecutor.java:363)
	at com.kms.katalon.core.main.TestSuiteExecutor.accessTestCaseMainPhase(TestSuiteExecutor.java:202)
	at com.kms.katalon.core.main.TestSuiteExecutor.accessTestSuiteMainPhase(TestSuiteExecutor.java:164)
	at com.kms.katalon.core.main.TestSuiteExecutor.execute(TestSuiteExecutor.java:105)
	at com.kms.katalon.core.main.TestCaseMain.startTestSuite(TestCaseMain.java:181)
	at com.kms.katalon.core.main.TestCaseMain$startTestSuite$0.call(Unknown Source)
	at TempTestSuite1642165037865.run(TempTestSuite1642165037865.groovy:36)
Caused by: com.kms.katalon.core.webui.exception.WebElementNotFoundException: Web element with id: 'Object Repository/Page_Course Nhp mn tr tu nhn to/button_Add an activity or resource' located by '//button[@id='yui_3_17_2_1_1641966172544_704']' not found
	at com.kms.katalon.core.webui.common.WebUiCommonHelper.findWebElement(WebUiCommonHelper.java:1368)
	at com.kms.katalon.core.webui.keyword.internal.WebUIAbstractKeyword.findWebElement(WebUIAbstractKeyword.groovy:27)
	at com.kms.katalon.core.webui.keyword.builtin.ClickKeyword$_click_closure1.doCall(ClickKeyword.groovy:65)
	at com.kms.katalon.core.webui.keyword.builtin.ClickKeyword$_click_closure1.call(ClickKeyword.groovy)
	at com.kms.katalon.core.webui.keyword.internal.WebUIKeywordMain.runKeyword(WebUIKeywordMain.groovy:20)
	... 22 more


2022-01-14 20:27:33 - [TEST_STEP][PASSED] - openBrowser(""): Browser is opened with url: ''

2022-01-14 20:27:33 - [MESSAGE][WARNING] - A browser is already opened. Closing browser and opening a new one

2022-01-14 20:27:33 - [MESSAGE][INFO] - Starting 'Chrome' driver

2022-01-14 20:27:33 - [MESSAGE][INFO] - Action delay is set to 0 milliseconds

2022-01-14 20:27:34 - [MESSAGE][PASSED] - Browser is opened with url: ''

2022-01-14 20:27:34 - [TEST_STEP][PASSED] - navigateToUrl("http://localhost/"): Navigate to 'http://localhost/' successfully

2022-01-14 20:27:35 - [MESSAGE][PASSED] - Navigate to 'http://localhost/' successfully

2022-01-14 20:27:35 - [TEST_STEP][PASSED] - click(findTestObject("Object Repository/Page_HCMUS/a_Nhp mn tr tu nhn to")): Object: 'Object Repository/Page_HCMUS/a_Nhp mn tr tu nhn to' is clicked on

2022-01-14 20:27:36 - [MESSAGE][PASSED] - Object: 'Object Repository/Page_HCMUS/a_Nhp mn tr tu nhn to' is clicked on

2022-01-14 20:27:36 - [TEST_STEP][PASSED] - setText(findTestObject("Object Repository/Page_HCMUS Log in to the site/input_Username_username"), "teacher1"): Text 'teacher1' is set on object 'Object Repository/Page_HCMUS Log in to the site/input_Username_username'

2022-01-14 20:27:37 - [MESSAGE][PASSED] - Text 'teacher1' is set on object 'Object Repository/Page_HCMUS Log in to the site/input_Username_username'

2022-01-14 20:27:37 - [TEST_STEP][PASSED] - setEncryptedText(findTestObject("Object Repository/Page_HCMUS Log in to the site/input_Password_password"), "iKb8CrY6A/iqm08K47hQLA=="): Text ****** has been set on object 'Object Repository/Page_HCMUS Log in to the site/input_Password_password'

2022-01-14 20:27:37 - [MESSAGE][PASSED] - Text ****** has been set on object 'Object Repository/Page_HCMUS Log in to the site/input_Password_password'

2022-01-14 20:27:37 - [TEST_STEP][PASSED] - click(findTestObject("Object Repository/Page_HCMUS Log in to the site/button_Log in")): Object: 'Object Repository/Page_HCMUS Log in to the site/button_Log in' is clicked on

2022-01-14 20:27:38 - [MESSAGE][PASSED] - Object: 'Object Repository/Page_HCMUS Log in to the site/button_Log in' is clicked on

2022-01-14 20:27:38 - [TEST_STEP][PASSED] - click(findTestObject("Object Repository/Page_Course Nhp mn tr tu nhn to/button_Turn editing on")): Object: 'Object Repository/Page_Course Nhp mn tr tu nhn to/button_Turn editing on' is clicked on

2022-01-14 20:27:45 - [MESSAGE][INFO] - Unable to find the element located by 'By.xpath: //button[@id='single_button61deb918b38a91']'. Please recheck the objects properties to make sure the desired element is located. 

2022-01-14 20:27:45 - [MESSAGE][WARNING] - [SELF-HEALING] Failed to find element with id 'Object Repository/Page_Course Nhp mn tr tu nhn to/button_Turn editing on'. Try using Self-healing.

2022-01-14 20:27:48 - [MESSAGE][WARNING] - [SELF-HEALING] The current locator of test object 'Object Repository/Page_Course Nhp mn tr tu nhn to/button_Turn editing on' was broken. Propose an alternative one: '(.//*[normalize-space(text()) and normalize-space(.)='AI'])[2]/following::button[1]'.

2022-01-14 20:27:48 - [MESSAGE][PASSED] - Object: 'Object Repository/Page_Course Nhp mn tr tu nhn to/button_Turn editing on' is clicked on

2022-01-14 20:27:48 - [TEST_STEP][FAILED] - click(findTestObject("Object Repository/Page_Course Nhp mn tr tu nhn to/button_Add an activity or resource")): Unable to click on object 'Object Repository/Page_Course Nhp mn tr tu nhn to/button_Add an activity or resource' (Root cause: com.kms.katalon.core.exception.StepFailedException: Unable to click on object 'Object Repository/Page_Course Nhp mn tr tu nhn to/button_Add an activity or resource'
	at com.kms.katalon.core.webui.keyword.internal.WebUIKeywordMain.stepFailed(WebUIKeywordMain.groovy:64)
	at com.kms.katalon.core.webui.keyword.internal.WebUIKeywordMain.runKeyword(WebUIKeywordMain.groovy:26)
	at com.kms.katalon.core.webui.keyword.builtin.ClickKeyword.click(ClickKeyword.groovy:74)
	at com.kms.katalon.core.webui.keyword.builtin.ClickKeyword.execute(ClickKeyword.groovy:40)
	at com.kms.katalon.core.keyword.internal.KeywordExecutor.executeKeywordForPlatform(KeywordExecutor.groovy:74)
	at com.kms.katalon.core.webui.keyword.WebUiBuiltInKeywords.click(WebUiBuiltInKeywords.groovy:620)
	at com.kms.katalon.core.webui.keyword.WebUiBuiltInKeywords$click$1.call(Unknown Source)
	at 22_Giáo viên thêm forum.run(22_Giáo viên thêm forum:34)
	at com.kms.katalon.core.main.ScriptEngine.run(ScriptEngine.java:194)
	at com.kms.katalon.core.main.ScriptEngine.runScriptAsRawText(ScriptEngine.java:119)
	at com.kms.katalon.core.main.TestCaseExecutor.runScript(TestCaseExecutor.java:442)
	at com.kms.katalon.core.main.TestCaseExecutor.doExecute(TestCaseExecutor.java:433)
	at com.kms.katalon.core.main.TestCaseExecutor.processExecutionPhase(TestCaseExecutor.java:412)
	at com.kms.katalon.core.main.TestCaseExecutor.accessMainPhase(TestCaseExecutor.java:404)
	at com.kms.katalon.core.main.TestCaseExecutor.execute(TestCaseExecutor.java:281)
	at com.kms.katalon.core.main.TestCaseExecutor.execute(TestCaseExecutor.java:363)
	at com.kms.katalon.core.main.TestCaseExecutor.execute(TestCaseExecutor.java:363)
	at com.kms.katalon.core.main.TestCaseExecutor.execute(TestCaseExecutor.java:363)
	at com.kms.katalon.core.main.TestSuiteExecutor.accessTestCaseMainPhase(TestSuiteExecutor.java:202)
	at com.kms.katalon.core.main.TestSuiteExecutor.accessTestSuiteMainPhase(TestSuiteExecutor.java:164)
	at com.kms.katalon.core.main.TestSuiteExecutor.execute(TestSuiteExecutor.java:105)
	at com.kms.katalon.core.main.TestCaseMain.startTestSuite(TestCaseMain.java:181)
	at com.kms.katalon.core.main.TestCaseMain$startTestSuite$0.call(Unknown Source)
	at TempTestSuite1642165037865.run(TempTestSuite1642165037865.groovy:36)
Caused by: com.kms.katalon.core.webui.exception.WebElementNotFoundException: Web element with id: 'Object Repository/Page_Course Nhp mn tr tu nhn to/button_Add an activity or resource' located by '//button[@id='yui_3_17_2_1_1641966172544_704']' not found
	at com.kms.katalon.core.webui.common.WebUiCommonHelper.findWebElement(WebUiCommonHelper.java:1368)
	at com.kms.katalon.core.webui.keyword.internal.WebUIAbstractKeyword.findWebElement(WebUIAbstractKeyword.groovy:27)
	at com.kms.katalon.core.webui.keyword.builtin.ClickKeyword$_click_closure1.doCall(ClickKeyword.groovy:65)
	at com.kms.katalon.core.webui.keyword.builtin.ClickKeyword$_click_closure1.call(ClickKeyword.groovy)
	at com.kms.katalon.core.webui.keyword.internal.WebUIKeywordMain.runKeyword(WebUIKeywordMain.groovy:20)
	at com.kms.katalon.core.webui.keyword.builtin.ClickKeyword.click(ClickKeyword.groovy:74)
	at com.kms.katalon.core.webui.keyword.builtin.ClickKeyword.execute(ClickKeyword.groovy:40)
	at com.kms.katalon.core.keyword.internal.KeywordExecutor.executeKeywordForPlatform(KeywordExecutor.groovy:74)
	at com.kms.katalon.core.webui.keyword.WebUiBuiltInKeywords.click(WebUiBuiltInKeywords.groovy:620)
	at com.kms.katalon.core.webui.keyword.WebUiBuiltInKeywords$click$1.call(Unknown Source)
	at Script1641965939068.run(Script1641965939068.groovy:34)
	... 16 more
)

2022-01-14 20:27:55 - [MESSAGE][INFO] - Unable to find the element located by 'By.xpath: //button[@id='yui_3_17_2_1_1641966172544_704']'. Please recheck the objects properties to make sure the desired element is located. 

2022-01-14 20:27:55 - [MESSAGE][WARNING] - [SELF-HEALING] Failed to find element with id 'Object Repository/Page_Course Nhp mn tr tu nhn to/button_Add an activity or resource'. Try using Self-healing.

2022-01-14 20:27:56 - [MESSAGE][INFO] - Unable to find the element located by 'By.xpath: (.//*[normalize-space(text()) and normalize-space(.)='Add file(s) here'])[1]/following::button[1]'. Please recheck the objects properties to make sure the desired element is located. 

2022-01-14 20:27:58 - [MESSAGE][INFO] - [SELF-HEALING] Failed Locator: '//button[@id='yui_3_17_2_1_1641966172544_704']'.

2022-01-14 20:28:00 - [MESSAGE][INFO] - [SELF-HEALING] Failed Locator: '//div[@id='yui_3_17_2_1_1641966172544_705']/button'.

2022-01-14 20:28:02 - [MESSAGE][INFO] - [SELF-HEALING] Failed Locator: '(.//*[normalize-space(text()) and normalize-space(.)='Add file(s) here'])[1]/following::button[1]'.

2022-01-14 20:28:04 - [MESSAGE][INFO] - [SELF-HEALING] Failed Locator: '(.//*[normalize-space(text()) and normalize-space(.)='Mark as done'])[3]/following::button[1]'.

2022-01-14 20:28:06 - [MESSAGE][INFO] - [SELF-HEALING] Failed Locator: '(.//*[normalize-space(text()) and normalize-space(.)='Edit topic'])[1]/preceding::button[1]'.

2022-01-14 20:28:09 - [MESSAGE][INFO] - [SELF-HEALING] Failed Locator: '//div[3]/div/button'.

2022-01-14 20:28:11 - [MESSAGE][INFO] - Unable to find the element located by 'By.xpath: //*[@id = 'yui_3_17_2_1_1641966172544_704' and (text() = 'Add an activity or resource' or . = 'Add an activity or resource')]'. Please recheck the objects properties to make sure the desired element is located. 

2022-01-14 20:28:13 - [MESSAGE][INFO] - Unable to find the element located by 'By.cssSelector: #yui_3_17_2_1_1641966172544_704'. Please recheck the objects properties to make sure the desired element is located. 

2022-01-14 20:28:13 - [MESSAGE][FAILED] - Unable to click on object 'Object Repository/Page_Course Nhp mn tr tu nhn to/button_Add an activity or resource' (Root cause: com.kms.katalon.core.exception.StepFailedException: Unable to click on object 'Object Repository/Page_Course Nhp mn tr tu nhn to/button_Add an activity or resource'
	at com.kms.katalon.core.webui.keyword.internal.WebUIKeywordMain.stepFailed(WebUIKeywordMain.groovy:64)
	at com.kms.katalon.core.webui.keyword.internal.WebUIKeywordMain.runKeyword(WebUIKeywordMain.groovy:26)
	at com.kms.katalon.core.webui.keyword.builtin.ClickKeyword.click(ClickKeyword.groovy:74)
	at com.kms.katalon.core.webui.keyword.builtin.ClickKeyword.execute(ClickKeyword.groovy:40)
	at com.kms.katalon.core.keyword.internal.KeywordExecutor.executeKeywordForPlatform(KeywordExecutor.groovy:74)
	at com.kms.katalon.core.webui.keyword.WebUiBuiltInKeywords.click(WebUiBuiltInKeywords.groovy:620)
	at com.kms.katalon.core.webui.keyword.WebUiBuiltInKeywords$click$1.call(Unknown Source)
	at 22_Giáo viên thêm forum.run(22_Giáo viên thêm forum:34)
	at com.kms.katalon.core.main.ScriptEngine.run(ScriptEngine.java:194)
	at com.kms.katalon.core.main.ScriptEngine.runScriptAsRawText(ScriptEngine.java:119)
	at com.kms.katalon.core.main.TestCaseExecutor.runScript(TestCaseExecutor.java:442)
	at com.kms.katalon.core.main.TestCaseExecutor.doExecute(TestCaseExecutor.java:433)
	at com.kms.katalon.core.main.TestCaseExecutor.processExecutionPhase(TestCaseExecutor.java:412)
	at com.kms.katalon.core.main.TestCaseExecutor.accessMainPhase(TestCaseExecutor.java:404)
	at com.kms.katalon.core.main.TestCaseExecutor.execute(TestCaseExecutor.java:281)
	at com.kms.katalon.core.main.TestCaseExecutor.execute(TestCaseExecutor.java:363)
	at com.kms.katalon.core.main.TestCaseExecutor.execute(TestCaseExecutor.java:363)
	at com.kms.katalon.core.main.TestCaseExecutor.execute(TestCaseExecutor.java:363)
	at com.kms.katalon.core.main.TestSuiteExecutor.accessTestCaseMainPhase(TestSuiteExecutor.java:202)
	at com.kms.katalon.core.main.TestSuiteExecutor.accessTestSuiteMainPhase(TestSuiteExecutor.java:164)
	at com.kms.katalon.core.main.TestSuiteExecutor.execute(TestSuiteExecutor.java:105)
	at com.kms.katalon.core.main.TestCaseMain.startTestSuite(TestCaseMain.java:181)
	at com.kms.katalon.core.main.TestCaseMain$startTestSuite$0.call(Unknown Source)
	at TempTestSuite1642165037865.run(TempTestSuite1642165037865.groovy:36)
Caused by: com.kms.katalon.core.webui.exception.WebElementNotFoundException: Web element with id: 'Object Repository/Page_Course Nhp mn tr tu nhn to/button_Add an activity or resource' located by '//button[@id='yui_3_17_2_1_1641966172544_704']' not found
	at com.kms.katalon.core.webui.common.WebUiCommonHelper.findWebElement(WebUiCommonHelper.java:1368)
	at com.kms.katalon.core.webui.keyword.internal.WebUIAbstractKeyword.findWebElement(WebUIAbstractKeyword.groovy:27)
	at com.kms.katalon.core.webui.keyword.builtin.ClickKeyword$_click_closure1.doCall(ClickKeyword.groovy:65)
	at com.kms.katalon.core.webui.keyword.builtin.ClickKeyword$_click_closure1.call(ClickKeyword.groovy)
	at com.kms.katalon.core.webui.keyword.internal.WebUIKeywordMain.runKeyword(WebUIKeywordMain.groovy:20)
	at com.kms.katalon.core.webui.keyword.builtin.ClickKeyword.click(ClickKeyword.groovy:74)
	at com.kms.katalon.core.webui.keyword.builtin.ClickKeyword.execute(ClickKeyword.groovy:40)
	at com.kms.katalon.core.keyword.internal.KeywordExecutor.executeKeywordForPlatform(KeywordExecutor.groovy:74)
	at com.kms.katalon.core.webui.keyword.WebUiBuiltInKeywords.click(WebUiBuiltInKeywords.groovy:620)
	at com.kms.katalon.core.webui.keyword.WebUiBuiltInKeywords$click$1.call(Unknown Source)
	at Script1641965939068.run(Script1641965939068.groovy:34)
	... 16 more
)
[[ATTACHMENT|D:\\nam 3\\nhap mon CNPM\\bonus project\\Test-Automation-SE-Bonus\\Reports\\20220114_195717\\Run all test cases\\20220114_195717\\1642166893002.png]]]]></system-out>
         <system-err><![CDATA[2022-01-14 20:27:33 - [TEST_CASE][FAILED] - Test Cases/22_Giáo viên thêm forum: Test Cases/22_Giáo viên thêm forum FAILED.
Reason:
com.kms.katalon.core.exception.StepFailedException: Unable to click on object 'Object Repository/Page_Course Nhp mn tr tu nhn to/button_Add an activity or resource'
	at com.kms.katalon.core.webui.keyword.internal.WebUIKeywordMain.stepFailed(WebUIKeywordMain.groovy:64)
	at com.kms.katalon.core.webui.keyword.internal.WebUIKeywordMain.runKeyword(WebUIKeywordMain.groovy:26)
	at com.kms.katalon.core.webui.keyword.builtin.ClickKeyword.click(ClickKeyword.groovy:74)
	at com.kms.katalon.core.webui.keyword.builtin.ClickKeyword.execute(ClickKeyword.groovy:40)
	at com.kms.katalon.core.keyword.internal.KeywordExecutor.executeKeywordForPlatform(KeywordExecutor.groovy:74)
	at com.kms.katalon.core.webui.keyword.WebUiBuiltInKeywords.click(WebUiBuiltInKeywords.groovy:620)
	at com.kms.katalon.core.webui.keyword.WebUiBuiltInKeywords$click$1.call(Unknown Source)
	at 22_Giáo viên thêm forum.run(22_Giáo viên thêm forum:34)
	at com.kms.katalon.core.main.ScriptEngine.run(ScriptEngine.java:194)
	at com.kms.katalon.core.main.ScriptEngine.runScriptAsRawText(ScriptEngine.java:119)
	at com.kms.katalon.core.main.TestCaseExecutor.runScript(TestCaseExecutor.java:442)
	at com.kms.katalon.core.main.TestCaseExecutor.doExecute(TestCaseExecutor.java:433)
	at com.kms.katalon.core.main.TestCaseExecutor.processExecutionPhase(TestCaseExecutor.java:412)
	at com.kms.katalon.core.main.TestCaseExecutor.accessMainPhase(TestCaseExecutor.java:404)
	at com.kms.katalon.core.main.TestCaseExecutor.execute(TestCaseExecutor.java:281)
	at com.kms.katalon.core.main.TestCaseExecutor.execute(TestCaseExecutor.java:363)
	at com.kms.katalon.core.main.TestCaseExecutor.execute(TestCaseExecutor.java:363)
	at com.kms.katalon.core.main.TestCaseExecutor.execute(TestCaseExecutor.java:363)
	at com.kms.katalon.core.main.TestSuiteExecutor.accessTestCaseMainPhase(TestSuiteExecutor.java:202)
	at com.kms.katalon.core.main.TestSuiteExecutor.accessTestSuiteMainPhase(TestSuiteExecutor.java:164)
	at com.kms.katalon.core.main.TestSuiteExecutor.execute(TestSuiteExecutor.java:105)
	at com.kms.katalon.core.main.TestCaseMain.startTestSuite(TestCaseMain.java:181)
	at com.kms.katalon.core.main.TestCaseMain$startTestSuite$0.call(Unknown Source)
	at TempTestSuite1642165037865.run(TempTestSuite1642165037865.groovy:36)
Caused by: com.kms.katalon.core.webui.exception.WebElementNotFoundException: Web element with id: 'Object Repository/Page_Course Nhp mn tr tu nhn to/button_Add an activity or resource' located by '//button[@id='yui_3_17_2_1_1641966172544_704']' not found
	at com.kms.katalon.core.webui.common.WebUiCommonHelper.findWebElement(WebUiCommonHelper.java:1368)
	at com.kms.katalon.core.webui.keyword.internal.WebUIAbstractKeyword.findWebElement(WebUIAbstractKeyword.groovy:27)
	at com.kms.katalon.core.webui.keyword.builtin.ClickKeyword$_click_closure1.doCall(ClickKeyword.groovy:65)
	at com.kms.katalon.core.webui.keyword.builtin.ClickKeyword$_click_closure1.call(ClickKeyword.groovy)
	at com.kms.katalon.core.webui.keyword.internal.WebUIKeywordMain.runKeyword(WebUIKeywordMain.groovy:20)
	... 22 more]]></system-err>
      </testcase>
      <testcase name="Test Cases/23_Giáo viên thêm url" time="29.338" classname="Test Cases/23_Giáo viên thêm url" status="FAILED">
         <failure type="FAILED" message="Test Cases/23_Giáo viên thêm url FAILED.
Reason:
com.kms.katalon.core.exception.StepFailedException: Unable to click on object 'Object Repository/Page_Course Nhp mn tr tu nhn to/span_Add an activity or resource'
	at com.kms.katalon.core.webui.keyword.internal.WebUIKeywordMain.stepFailed(WebUIKeywordMain.groovy:64)
	at com.kms.katalon.core.webui.keyword.internal.WebUIKeywordMain.runKeyword(WebUIKeywordMain.groovy:26)
	at com.kms.katalon.core.webui.keyword.builtin.ClickKeyword.click(ClickKeyword.groovy:74)
	at com.kms.katalon.core.webui.keyword.builtin.ClickKeyword.execute(ClickKeyword.groovy:40)
	at com.kms.katalon.core.keyword.internal.KeywordExecutor.executeKeywordForPlatform(KeywordExecutor.groovy:74)
	at com.kms.katalon.core.webui.keyword.WebUiBuiltInKeywords.click(WebUiBuiltInKeywords.groovy:620)
	at com.kms.katalon.core.webui.keyword.WebUiBuiltInKeywords$click$1.call(Unknown Source)
	at 23_Giáo viên thêm url.run(23_Giáo viên thêm url:34)
	at com.kms.katalon.core.main.ScriptEngine.run(ScriptEngine.java:194)
	at com.kms.katalon.core.main.ScriptEngine.runScriptAsRawText(ScriptEngine.java:119)
	at com.kms.katalon.core.main.TestCaseExecutor.runScript(TestCaseExecutor.java:442)
	at com.kms.katalon.core.main.TestCaseExecutor.doExecute(TestCaseExecutor.java:433)
	at com.kms.katalon.core.main.TestCaseExecutor.processExecutionPhase(TestCaseExecutor.java:412)
	at com.kms.katalon.core.main.TestCaseExecutor.accessMainPhase(TestCaseExecutor.java:404)
	at com.kms.katalon.core.main.TestCaseExecutor.execute(TestCaseExecutor.java:281)
	at com.kms.katalon.core.main.TestCaseExecutor.execute(TestCaseExecutor.java:363)
	at com.kms.katalon.core.main.TestCaseExecutor.execute(TestCaseExecutor.java:363)
	at com.kms.katalon.core.main.TestCaseExecutor.execute(TestCaseExecutor.java:363)
	at com.kms.katalon.core.main.TestSuiteExecutor.accessTestCaseMainPhase(TestSuiteExecutor.java:202)
	at com.kms.katalon.core.main.TestSuiteExecutor.accessTestSuiteMainPhase(TestSuiteExecutor.java:164)
	at com.kms.katalon.core.main.TestSuiteExecutor.execute(TestSuiteExecutor.java:105)
	at com.kms.katalon.core.main.TestCaseMain.startTestSuite(TestCaseMain.java:181)
	at com.kms.katalon.core.main.TestCaseMain$startTestSuite$0.call(Unknown Source)
	at TempTestSuite1642165037865.run(TempTestSuite1642165037865.groovy:36)
Caused by: com.kms.katalon.core.webui.exception.WebElementNotFoundException: Web element with id: 'Object Repository/Page_Course Nhp mn tr tu nhn to/span_Add an activity or resource' located by '//span[@id='yui_3_17_2_1_1641986354069_794']' not found
	at com.kms.katalon.core.webui.common.WebUiCommonHelper.findWebElement(WebUiCommonHelper.java:1368)
	at com.kms.katalon.core.webui.keyword.internal.WebUIAbstractKeyword.findWebElement(WebUIAbstractKeyword.groovy:27)
	at com.kms.katalon.core.webui.keyword.builtin.ClickKeyword$_click_closure1.doCall(ClickKeyword.groovy:65)
	at com.kms.katalon.core.webui.keyword.builtin.ClickKeyword$_click_closure1.call(ClickKeyword.groovy)
	at com.kms.katalon.core.webui.keyword.internal.WebUIKeywordMain.runKeyword(WebUIKeywordMain.groovy:20)
	... 22 more
"/>
         <system-out><![CDATA[2022-01-14 20:29:43 - [TEST_CASE][FAILED] - Test Cases/23_Giáo viên thêm url: Test Cases/23_Giáo viên thêm url FAILED.
Reason:
com.kms.katalon.core.exception.StepFailedException: Unable to click on object 'Object Repository/Page_Course Nhp mn tr tu nhn to/span_Add an activity or resource'
	at com.kms.katalon.core.webui.keyword.internal.WebUIKeywordMain.stepFailed(WebUIKeywordMain.groovy:64)
	at com.kms.katalon.core.webui.keyword.internal.WebUIKeywordMain.runKeyword(WebUIKeywordMain.groovy:26)
	at com.kms.katalon.core.webui.keyword.builtin.ClickKeyword.click(ClickKeyword.groovy:74)
	at com.kms.katalon.core.webui.keyword.builtin.ClickKeyword.execute(ClickKeyword.groovy:40)
	at com.kms.katalon.core.keyword.internal.KeywordExecutor.executeKeywordForPlatform(KeywordExecutor.groovy:74)
	at com.kms.katalon.core.webui.keyword.WebUiBuiltInKeywords.click(WebUiBuiltInKeywords.groovy:620)
	at com.kms.katalon.core.webui.keyword.WebUiBuiltInKeywords$click$1.call(Unknown Source)
	at 23_Giáo viên thêm url.run(23_Giáo viên thêm url:34)
	at com.kms.katalon.core.main.ScriptEngine.run(ScriptEngine.java:194)
	at com.kms.katalon.core.main.ScriptEngine.runScriptAsRawText(ScriptEngine.java:119)
	at com.kms.katalon.core.main.TestCaseExecutor.runScript(TestCaseExecutor.java:442)
	at com.kms.katalon.core.main.TestCaseExecutor.doExecute(TestCaseExecutor.java:433)
	at com.kms.katalon.core.main.TestCaseExecutor.processExecutionPhase(TestCaseExecutor.java:412)
	at com.kms.katalon.core.main.TestCaseExecutor.accessMainPhase(TestCaseExecutor.java:404)
	at com.kms.katalon.core.main.TestCaseExecutor.execute(TestCaseExecutor.java:281)
	at com.kms.katalon.core.main.TestCaseExecutor.execute(TestCaseExecutor.java:363)
	at com.kms.katalon.core.main.TestCaseExecutor.execute(TestCaseExecutor.java:363)
	at com.kms.katalon.core.main.TestCaseExecutor.execute(TestCaseExecutor.java:363)
	at com.kms.katalon.core.main.TestSuiteExecutor.accessTestCaseMainPhase(TestSuiteExecutor.java:202)
	at com.kms.katalon.core.main.TestSuiteExecutor.accessTestSuiteMainPhase(TestSuiteExecutor.java:164)
	at com.kms.katalon.core.main.TestSuiteExecutor.execute(TestSuiteExecutor.java:105)
	at com.kms.katalon.core.main.TestCaseMain.startTestSuite(TestCaseMain.java:181)
	at com.kms.katalon.core.main.TestCaseMain$startTestSuite$0.call(Unknown Source)
	at TempTestSuite1642165037865.run(TempTestSuite1642165037865.groovy:36)
Caused by: com.kms.katalon.core.webui.exception.WebElementNotFoundException: Web element with id: 'Object Repository/Page_Course Nhp mn tr tu nhn to/span_Add an activity or resource' located by '//span[@id='yui_3_17_2_1_1641986354069_794']' not found
	at com.kms.katalon.core.webui.common.WebUiCommonHelper.findWebElement(WebUiCommonHelper.java:1368)
	at com.kms.katalon.core.webui.keyword.internal.WebUIAbstractKeyword.findWebElement(WebUIAbstractKeyword.groovy:27)
	at com.kms.katalon.core.webui.keyword.builtin.ClickKeyword$_click_closure1.doCall(ClickKeyword.groovy:65)
	at com.kms.katalon.core.webui.keyword.builtin.ClickKeyword$_click_closure1.call(ClickKeyword.groovy)
	at com.kms.katalon.core.webui.keyword.internal.WebUIKeywordMain.runKeyword(WebUIKeywordMain.groovy:20)
	... 22 more


2022-01-14 20:29:43 - [TEST_STEP][PASSED] - openBrowser(""): Browser is opened with url: ''

2022-01-14 20:29:43 - [MESSAGE][WARNING] - A browser is already opened. Closing browser and opening a new one

2022-01-14 20:29:44 - [MESSAGE][INFO] - Starting 'Chrome' driver

2022-01-14 20:29:44 - [MESSAGE][INFO] - Action delay is set to 0 milliseconds

2022-01-14 20:29:45 - [MESSAGE][PASSED] - Browser is opened with url: ''

2022-01-14 20:29:45 - [TEST_STEP][PASSED] - navigateToUrl("http://localhost/"): Navigate to 'http://localhost/' successfully

2022-01-14 20:29:46 - [MESSAGE][PASSED] - Navigate to 'http://localhost/' successfully

2022-01-14 20:29:46 - [TEST_STEP][PASSED] - click(findTestObject("Object Repository/Page_HCMUS/a_Nhp mn tr tu nhn to")): Object: 'Object Repository/Page_HCMUS/a_Nhp mn tr tu nhn to' is clicked on

2022-01-14 20:29:47 - [MESSAGE][PASSED] - Object: 'Object Repository/Page_HCMUS/a_Nhp mn tr tu nhn to' is clicked on

2022-01-14 20:29:47 - [TEST_STEP][PASSED] - setText(findTestObject("Object Repository/Page_HCMUS Log in to the site/input_Username_username"), "teacher1"): Text 'teacher1' is set on object 'Object Repository/Page_HCMUS Log in to the site/input_Username_username'

2022-01-14 20:29:48 - [MESSAGE][PASSED] - Text 'teacher1' is set on object 'Object Repository/Page_HCMUS Log in to the site/input_Username_username'

2022-01-14 20:29:48 - [TEST_STEP][PASSED] - setEncryptedText(findTestObject("Object Repository/Page_HCMUS Log in to the site/input_Password_password"), "iKb8CrY6A/iqm08K47hQLA=="): Text ****** has been set on object 'Object Repository/Page_HCMUS Log in to the site/input_Password_password'

2022-01-14 20:29:48 - [MESSAGE][PASSED] - Text ****** has been set on object 'Object Repository/Page_HCMUS Log in to the site/input_Password_password'

2022-01-14 20:29:48 - [TEST_STEP][PASSED] - click(findTestObject("Object Repository/Page_HCMUS Log in to the site/button_Log in")): Object: 'Object Repository/Page_HCMUS Log in to the site/button_Log in' is clicked on

2022-01-14 20:29:49 - [MESSAGE][PASSED] - Object: 'Object Repository/Page_HCMUS Log in to the site/button_Log in' is clicked on

2022-01-14 20:29:49 - [TEST_STEP][PASSED] - click(findTestObject("Object Repository/Page_Course Nhp mn tr tu nhn to/button_Turn editing on")): Object: 'Object Repository/Page_Course Nhp mn tr tu nhn to/button_Turn editing on' is clicked on

2022-01-14 20:29:55 - [MESSAGE][INFO] - Unable to find the element located by 'By.xpath: //button[@id='single_button61deb918b38a91']'. Please recheck the objects properties to make sure the desired element is located. 

2022-01-14 20:29:55 - [MESSAGE][WARNING] - [SELF-HEALING] Failed to find element with id 'Object Repository/Page_Course Nhp mn tr tu nhn to/button_Turn editing on'. Try using Self-healing.

2022-01-14 20:29:55 - [MESSAGE][WARNING] - [SELF-HEALING] The current locator of test object 'Object Repository/Page_Course Nhp mn tr tu nhn to/button_Turn editing on' was broken. Propose an alternative one: '(.//*[normalize-space(text()) and normalize-space(.)='AI'])[2]/following::button[1]'.

2022-01-14 20:29:56 - [MESSAGE][PASSED] - Object: 'Object Repository/Page_Course Nhp mn tr tu nhn to/button_Turn editing on' is clicked on

2022-01-14 20:29:56 - [TEST_STEP][FAILED] - click(findTestObject("Object Repository/Page_Course Nhp mn tr tu nhn to/span_Add an activity or resource")): Unable to click on object 'Object Repository/Page_Course Nhp mn tr tu nhn to/span_Add an activity or resource' (Root cause: com.kms.katalon.core.exception.StepFailedException: Unable to click on object 'Object Repository/Page_Course Nhp mn tr tu nhn to/span_Add an activity or resource'
	at com.kms.katalon.core.webui.keyword.internal.WebUIKeywordMain.stepFailed(WebUIKeywordMain.groovy:64)
	at com.kms.katalon.core.webui.keyword.internal.WebUIKeywordMain.runKeyword(WebUIKeywordMain.groovy:26)
	at com.kms.katalon.core.webui.keyword.builtin.ClickKeyword.click(ClickKeyword.groovy:74)
	at com.kms.katalon.core.webui.keyword.builtin.ClickKeyword.execute(ClickKeyword.groovy:40)
	at com.kms.katalon.core.keyword.internal.KeywordExecutor.executeKeywordForPlatform(KeywordExecutor.groovy:74)
	at com.kms.katalon.core.webui.keyword.WebUiBuiltInKeywords.click(WebUiBuiltInKeywords.groovy:620)
	at com.kms.katalon.core.webui.keyword.WebUiBuiltInKeywords$click$1.call(Unknown Source)
	at 23_Giáo viên thêm url.run(23_Giáo viên thêm url:34)
	at com.kms.katalon.core.main.ScriptEngine.run(ScriptEngine.java:194)
	at com.kms.katalon.core.main.ScriptEngine.runScriptAsRawText(ScriptEngine.java:119)
	at com.kms.katalon.core.main.TestCaseExecutor.runScript(TestCaseExecutor.java:442)
	at com.kms.katalon.core.main.TestCaseExecutor.doExecute(TestCaseExecutor.java:433)
	at com.kms.katalon.core.main.TestCaseExecutor.processExecutionPhase(TestCaseExecutor.java:412)
	at com.kms.katalon.core.main.TestCaseExecutor.accessMainPhase(TestCaseExecutor.java:404)
	at com.kms.katalon.core.main.TestCaseExecutor.execute(TestCaseExecutor.java:281)
	at com.kms.katalon.core.main.TestCaseExecutor.execute(TestCaseExecutor.java:363)
	at com.kms.katalon.core.main.TestCaseExecutor.execute(TestCaseExecutor.java:363)
	at com.kms.katalon.core.main.TestCaseExecutor.execute(TestCaseExecutor.java:363)
	at com.kms.katalon.core.main.TestSuiteExecutor.accessTestCaseMainPhase(TestSuiteExecutor.java:202)
	at com.kms.katalon.core.main.TestSuiteExecutor.accessTestSuiteMainPhase(TestSuiteExecutor.java:164)
	at com.kms.katalon.core.main.TestSuiteExecutor.execute(TestSuiteExecutor.java:105)
	at com.kms.katalon.core.main.TestCaseMain.startTestSuite(TestCaseMain.java:181)
	at com.kms.katalon.core.main.TestCaseMain$startTestSuite$0.call(Unknown Source)
	at TempTestSuite1642165037865.run(TempTestSuite1642165037865.groovy:36)
Caused by: com.kms.katalon.core.webui.exception.WebElementNotFoundException: Web element with id: 'Object Repository/Page_Course Nhp mn tr tu nhn to/span_Add an activity or resource' located by '//span[@id='yui_3_17_2_1_1641986354069_794']' not found
	at com.kms.katalon.core.webui.common.WebUiCommonHelper.findWebElement(WebUiCommonHelper.java:1368)
	at com.kms.katalon.core.webui.keyword.internal.WebUIAbstractKeyword.findWebElement(WebUIAbstractKeyword.groovy:27)
	at com.kms.katalon.core.webui.keyword.builtin.ClickKeyword$_click_closure1.doCall(ClickKeyword.groovy:65)
	at com.kms.katalon.core.webui.keyword.builtin.ClickKeyword$_click_closure1.call(ClickKeyword.groovy)
	at com.kms.katalon.core.webui.keyword.internal.WebUIKeywordMain.runKeyword(WebUIKeywordMain.groovy:20)
	at com.kms.katalon.core.webui.keyword.builtin.ClickKeyword.click(ClickKeyword.groovy:74)
	at com.kms.katalon.core.webui.keyword.builtin.ClickKeyword.execute(ClickKeyword.groovy:40)
	at com.kms.katalon.core.keyword.internal.KeywordExecutor.executeKeywordForPlatform(KeywordExecutor.groovy:74)
	at com.kms.katalon.core.webui.keyword.WebUiBuiltInKeywords.click(WebUiBuiltInKeywords.groovy:620)
	at com.kms.katalon.core.webui.keyword.WebUiBuiltInKeywords$click$1.call(Unknown Source)
	at Script1641966252877.run(Script1641966252877.groovy:34)
	... 16 more
)

2022-01-14 20:30:02 - [MESSAGE][INFO] - Unable to find the element located by 'By.xpath: //span[@id='yui_3_17_2_1_1641986354069_794']'. Please recheck the objects properties to make sure the desired element is located. 

2022-01-14 20:30:02 - [MESSAGE][WARNING] - [SELF-HEALING] Failed to find element with id 'Object Repository/Page_Course Nhp mn tr tu nhn to/span_Add an activity or resource'. Try using Self-healing.

2022-01-14 20:30:03 - [MESSAGE][INFO] - Unable to find the element located by 'By.xpath: (.//*[normalize-space(text()) and normalize-space(.)='Add file(s) here'])[1]/following::span[1]'. Please recheck the objects properties to make sure the desired element is located. 

2022-01-14 20:30:03 - [MESSAGE][INFO] - [SELF-HEALING] Failed Locator: '//span[@id='yui_3_17_2_1_1641986354069_794']'.

2022-01-14 20:30:04 - [MESSAGE][INFO] - [SELF-HEALING] Failed Locator: '//button[@id='yui_3_17_2_1_1641986354069_795']/span'.

2022-01-14 20:30:04 - [MESSAGE][INFO] - [SELF-HEALING] Failed Locator: '(.//*[normalize-space(text()) and normalize-space(.)='Add file(s) here'])[1]/following::span[1]'.

2022-01-14 20:30:04 - [MESSAGE][INFO] - [SELF-HEALING] Failed Locator: '(.//*[normalize-space(text()) and normalize-space(.)='Mark as done'])[6]/following::span[2]'.

2022-01-14 20:30:04 - [MESSAGE][INFO] - [SELF-HEALING] Failed Locator: '(.//*[normalize-space(text()) and normalize-space(.)='Edit topic'])[1]/preceding::span[2]'.

2022-01-14 20:30:05 - [MESSAGE][INFO] - [SELF-HEALING] Failed Locator: '(.//*[normalize-space(text()) and normalize-space(.)='Highlight'])[1]/preceding::span[3]'.

2022-01-14 20:30:05 - [MESSAGE][INFO] - [SELF-HEALING] Failed Locator: '//*/text()[normalize-space(.)='Add an activity or resource']/parent::*'.

2022-01-14 20:30:05 - [MESSAGE][INFO] - [SELF-HEALING] Failed Locator: '//div[3]/div/button/span'.

2022-01-14 20:30:05 - [MESSAGE][INFO] - [SELF-HEALING] Failed Locator: '//span[@id='yui_3_17_2_1_1641968219070_816']'.

2022-01-14 20:30:06 - [MESSAGE][INFO] - [SELF-HEALING] Failed Locator: '//button[@id='yui_3_17_2_1_1641968219070_817']/span'.

2022-01-14 20:30:06 - [MESSAGE][INFO] - [SELF-HEALING] Failed Locator: '(.//*[normalize-space(text()) and normalize-space(.)='Mark as done'])[7]/following::span[2]'.

2022-01-14 20:30:06 - [MESSAGE][INFO] - [SELF-HEALING] Failed Locator: '//span[@id='yui_3_17_2_1_1641967946979_782']'.

2022-01-14 20:30:06 - [MESSAGE][INFO] - [SELF-HEALING] Failed Locator: '//button[@id='yui_3_17_2_1_1641967946979_783']/span'.

2022-01-14 20:30:07 - [MESSAGE][INFO] - [SELF-HEALING] Failed Locator: '//span[@id='yui_3_17_2_1_1641967681819_749']'.

2022-01-14 20:30:07 - [MESSAGE][INFO] - [SELF-HEALING] Failed Locator: '//button[@id='yui_3_17_2_1_1641967681819_750']/span'.

2022-01-14 20:30:07 - [MESSAGE][INFO] - [SELF-HEALING] Failed Locator: '(.//*[normalize-space(text()) and normalize-space(.)='Mark as done'])[5]/following::span[2]'.

2022-01-14 20:30:07 - [MESSAGE][INFO] - [SELF-HEALING] Failed Locator: '//span[@id='yui_3_17_2_1_1641966312257_733']'.

2022-01-14 20:30:08 - [MESSAGE][INFO] - [SELF-HEALING] Failed Locator: '//button[@id='yui_3_17_2_1_1641966312257_734']/span'.

2022-01-14 20:30:08 - [MESSAGE][INFO] - [SELF-HEALING] Failed Locator: '(.//*[normalize-space(text()) and normalize-space(.)='Mark as done'])[4]/following::span[2]'.

2022-01-14 20:30:08 - [MESSAGE][INFO] - [SELF-HEALING] Failed Locator: '//span[@id='yui_3_17_2_1_1641965818242_672']'.

2022-01-14 20:30:08 - [MESSAGE][INFO] - [SELF-HEALING] Failed Locator: '//button[@id='yui_3_17_2_1_1641965818242_673']/span'.

2022-01-14 20:30:09 - [MESSAGE][INFO] - [SELF-HEALING] Failed Locator: '(.//*[normalize-space(text()) and normalize-space(.)='Mark as done'])[2]/following::span[2]'.

2022-01-14 20:30:09 - [MESSAGE][INFO] - [SELF-HEALING] Failed Locator: '//span[@id='yui_3_17_2_1_1641965314944_642']'.

2022-01-14 20:30:09 - [MESSAGE][INFO] - [SELF-HEALING] Failed Locator: '//button[@id='yui_3_17_2_1_1641965314944_643']/span'.

2022-01-14 20:30:09 - [MESSAGE][INFO] - [SELF-HEALING] Failed Locator: '(.//*[normalize-space(text()) and normalize-space(.)='Mark as done'])[1]/following::span[2]'.

2022-01-14 20:30:10 - [MESSAGE][INFO] - [SELF-HEALING] Failed Locator: '//span[@id='yui_3_17_2_1_1641964893302_615']'.

2022-01-14 20:30:10 - [MESSAGE][INFO] - [SELF-HEALING] Failed Locator: '//button[@id='yui_3_17_2_1_1641964893302_616']/span'.

2022-01-14 20:30:10 - [MESSAGE][INFO] - [SELF-HEALING] Failed Locator: '(.//*[normalize-space(text()) and normalize-space(.)='Delete'])[1]/following::span[2]'.

2022-01-14 20:30:11 - [MESSAGE][INFO] - Unable to find the element located by 'By.xpath: //*[@id = 'yui_3_17_2_1_1641986354069_794' and (text() = 'Add an activity or resource' or . = 'Add an activity or resource')]'. Please recheck the objects properties to make sure the desired element is located. 

2022-01-14 20:30:12 - [MESSAGE][INFO] - Unable to find the element located by 'By.cssSelector: #yui_3_17_2_1_1641986354069_794'. Please recheck the objects properties to make sure the desired element is located. 

2022-01-14 20:30:13 - [MESSAGE][FAILED] - Unable to click on object 'Object Repository/Page_Course Nhp mn tr tu nhn to/span_Add an activity or resource' (Root cause: com.kms.katalon.core.exception.StepFailedException: Unable to click on object 'Object Repository/Page_Course Nhp mn tr tu nhn to/span_Add an activity or resource'
	at com.kms.katalon.core.webui.keyword.internal.WebUIKeywordMain.stepFailed(WebUIKeywordMain.groovy:64)
	at com.kms.katalon.core.webui.keyword.internal.WebUIKeywordMain.runKeyword(WebUIKeywordMain.groovy:26)
	at com.kms.katalon.core.webui.keyword.builtin.ClickKeyword.click(ClickKeyword.groovy:74)
	at com.kms.katalon.core.webui.keyword.builtin.ClickKeyword.execute(ClickKeyword.groovy:40)
	at com.kms.katalon.core.keyword.internal.KeywordExecutor.executeKeywordForPlatform(KeywordExecutor.groovy:74)
	at com.kms.katalon.core.webui.keyword.WebUiBuiltInKeywords.click(WebUiBuiltInKeywords.groovy:620)
	at com.kms.katalon.core.webui.keyword.WebUiBuiltInKeywords$click$1.call(Unknown Source)
	at 23_Giáo viên thêm url.run(23_Giáo viên thêm url:34)
	at com.kms.katalon.core.main.ScriptEngine.run(ScriptEngine.java:194)
	at com.kms.katalon.core.main.ScriptEngine.runScriptAsRawText(ScriptEngine.java:119)
	at com.kms.katalon.core.main.TestCaseExecutor.runScript(TestCaseExecutor.java:442)
	at com.kms.katalon.core.main.TestCaseExecutor.doExecute(TestCaseExecutor.java:433)
	at com.kms.katalon.core.main.TestCaseExecutor.processExecutionPhase(TestCaseExecutor.java:412)
	at com.kms.katalon.core.main.TestCaseExecutor.accessMainPhase(TestCaseExecutor.java:404)
	at com.kms.katalon.core.main.TestCaseExecutor.execute(TestCaseExecutor.java:281)
	at com.kms.katalon.core.main.TestCaseExecutor.execute(TestCaseExecutor.java:363)
	at com.kms.katalon.core.main.TestCaseExecutor.execute(TestCaseExecutor.java:363)
	at com.kms.katalon.core.main.TestCaseExecutor.execute(TestCaseExecutor.java:363)
	at com.kms.katalon.core.main.TestSuiteExecutor.accessTestCaseMainPhase(TestSuiteExecutor.java:202)
	at com.kms.katalon.core.main.TestSuiteExecutor.accessTestSuiteMainPhase(TestSuiteExecutor.java:164)
	at com.kms.katalon.core.main.TestSuiteExecutor.execute(TestSuiteExecutor.java:105)
	at com.kms.katalon.core.main.TestCaseMain.startTestSuite(TestCaseMain.java:181)
	at com.kms.katalon.core.main.TestCaseMain$startTestSuite$0.call(Unknown Source)
	at TempTestSuite1642165037865.run(TempTestSuite1642165037865.groovy:36)
Caused by: com.kms.katalon.core.webui.exception.WebElementNotFoundException: Web element with id: 'Object Repository/Page_Course Nhp mn tr tu nhn to/span_Add an activity or resource' located by '//span[@id='yui_3_17_2_1_1641986354069_794']' not found
	at com.kms.katalon.core.webui.common.WebUiCommonHelper.findWebElement(WebUiCommonHelper.java:1368)
	at com.kms.katalon.core.webui.keyword.internal.WebUIAbstractKeyword.findWebElement(WebUIAbstractKeyword.groovy:27)
	at com.kms.katalon.core.webui.keyword.builtin.ClickKeyword$_click_closure1.doCall(ClickKeyword.groovy:65)
	at com.kms.katalon.core.webui.keyword.builtin.ClickKeyword$_click_closure1.call(ClickKeyword.groovy)
	at com.kms.katalon.core.webui.keyword.internal.WebUIKeywordMain.runKeyword(WebUIKeywordMain.groovy:20)
	at com.kms.katalon.core.webui.keyword.builtin.ClickKeyword.click(ClickKeyword.groovy:74)
	at com.kms.katalon.core.webui.keyword.builtin.ClickKeyword.execute(ClickKeyword.groovy:40)
	at com.kms.katalon.core.keyword.internal.KeywordExecutor.executeKeywordForPlatform(KeywordExecutor.groovy:74)
	at com.kms.katalon.core.webui.keyword.WebUiBuiltInKeywords.click(WebUiBuiltInKeywords.groovy:620)
	at com.kms.katalon.core.webui.keyword.WebUiBuiltInKeywords$click$1.call(Unknown Source)
	at Script1641966252877.run(Script1641966252877.groovy:34)
	... 16 more
)
[[ATTACHMENT|D:\\nam 3\\nhap mon CNPM\\bonus project\\Test-Automation-SE-Bonus\\Reports\\20220114_195717\\Run all test cases\\20220114_195717\\1642167012887.png]]]]></system-out>
         <system-err><![CDATA[2022-01-14 20:29:43 - [TEST_CASE][FAILED] - Test Cases/23_Giáo viên thêm url: Test Cases/23_Giáo viên thêm url FAILED.
Reason:
com.kms.katalon.core.exception.StepFailedException: Unable to click on object 'Object Repository/Page_Course Nhp mn tr tu nhn to/span_Add an activity or resource'
	at com.kms.katalon.core.webui.keyword.internal.WebUIKeywordMain.stepFailed(WebUIKeywordMain.groovy:64)
	at com.kms.katalon.core.webui.keyword.internal.WebUIKeywordMain.runKeyword(WebUIKeywordMain.groovy:26)
	at com.kms.katalon.core.webui.keyword.builtin.ClickKeyword.click(ClickKeyword.groovy:74)
	at com.kms.katalon.core.webui.keyword.builtin.ClickKeyword.execute(ClickKeyword.groovy:40)
	at com.kms.katalon.core.keyword.internal.KeywordExecutor.executeKeywordForPlatform(KeywordExecutor.groovy:74)
	at com.kms.katalon.core.webui.keyword.WebUiBuiltInKeywords.click(WebUiBuiltInKeywords.groovy:620)
	at com.kms.katalon.core.webui.keyword.WebUiBuiltInKeywords$click$1.call(Unknown Source)
	at 23_Giáo viên thêm url.run(23_Giáo viên thêm url:34)
	at com.kms.katalon.core.main.ScriptEngine.run(ScriptEngine.java:194)
	at com.kms.katalon.core.main.ScriptEngine.runScriptAsRawText(ScriptEngine.java:119)
	at com.kms.katalon.core.main.TestCaseExecutor.runScript(TestCaseExecutor.java:442)
	at com.kms.katalon.core.main.TestCaseExecutor.doExecute(TestCaseExecutor.java:433)
	at com.kms.katalon.core.main.TestCaseExecutor.processExecutionPhase(TestCaseExecutor.java:412)
	at com.kms.katalon.core.main.TestCaseExecutor.accessMainPhase(TestCaseExecutor.java:404)
	at com.kms.katalon.core.main.TestCaseExecutor.execute(TestCaseExecutor.java:281)
	at com.kms.katalon.core.main.TestCaseExecutor.execute(TestCaseExecutor.java:363)
	at com.kms.katalon.core.main.TestCaseExecutor.execute(TestCaseExecutor.java:363)
	at com.kms.katalon.core.main.TestCaseExecutor.execute(TestCaseExecutor.java:363)
	at com.kms.katalon.core.main.TestSuiteExecutor.accessTestCaseMainPhase(TestSuiteExecutor.java:202)
	at com.kms.katalon.core.main.TestSuiteExecutor.accessTestSuiteMainPhase(TestSuiteExecutor.java:164)
	at com.kms.katalon.core.main.TestSuiteExecutor.execute(TestSuiteExecutor.java:105)
	at com.kms.katalon.core.main.TestCaseMain.startTestSuite(TestCaseMain.java:181)
	at com.kms.katalon.core.main.TestCaseMain$startTestSuite$0.call(Unknown Source)
	at TempTestSuite1642165037865.run(TempTestSuite1642165037865.groovy:36)
Caused by: com.kms.katalon.core.webui.exception.WebElementNotFoundException: Web element with id: 'Object Repository/Page_Course Nhp mn tr tu nhn to/span_Add an activity or resource' located by '//span[@id='yui_3_17_2_1_1641986354069_794']' not found
	at com.kms.katalon.core.webui.common.WebUiCommonHelper.findWebElement(WebUiCommonHelper.java:1368)
	at com.kms.katalon.core.webui.keyword.internal.WebUIAbstractKeyword.findWebElement(WebUIAbstractKeyword.groovy:27)
	at com.kms.katalon.core.webui.keyword.builtin.ClickKeyword$_click_closure1.doCall(ClickKeyword.groovy:65)
	at com.kms.katalon.core.webui.keyword.builtin.ClickKeyword$_click_closure1.call(ClickKeyword.groovy)
	at com.kms.katalon.core.webui.keyword.internal.WebUIKeywordMain.runKeyword(WebUIKeywordMain.groovy:20)
	... 22 more]]></system-err>
      </testcase>
      <testcase name="Test Cases/24_Sinh viên làm quiz" time="32.439" classname="Test Cases/24_Sinh viên làm quiz" status="FAILED">
         <failure type="FAILED" message="Test Cases/24_Sinh viên làm quiz FAILED.
Reason:
com.kms.katalon.core.exception.StepFailedException: Unable to click on object 'Object Repository/Page_Course Nhp mn tr tu nhn to/span_Quiz 2'
	at com.kms.katalon.core.webui.keyword.internal.WebUIKeywordMain.stepFailed(WebUIKeywordMain.groovy:64)
	at com.kms.katalon.core.webui.keyword.internal.WebUIKeywordMain.runKeyword(WebUIKeywordMain.groovy:26)
	at com.kms.katalon.core.webui.keyword.builtin.ClickKeyword.click(ClickKeyword.groovy:74)
	at com.kms.katalon.core.webui.keyword.builtin.ClickKeyword.execute(ClickKeyword.groovy:40)
	at com.kms.katalon.core.keyword.internal.KeywordExecutor.executeKeywordForPlatform(KeywordExecutor.groovy:74)
	at com.kms.katalon.core.webui.keyword.WebUiBuiltInKeywords.click(WebUiBuiltInKeywords.groovy:620)
	at com.kms.katalon.core.webui.keyword.WebUiBuiltInKeywords$click$1.call(Unknown Source)
	at 24_Sinh viên làm quiz.run(24_Sinh viên làm quiz:34)
	at com.kms.katalon.core.main.ScriptEngine.run(ScriptEngine.java:194)
	at com.kms.katalon.core.main.ScriptEngine.runScriptAsRawText(ScriptEngine.java:119)
	at com.kms.katalon.core.main.TestCaseExecutor.runScript(TestCaseExecutor.java:442)
	at com.kms.katalon.core.main.TestCaseExecutor.doExecute(TestCaseExecutor.java:433)
	at com.kms.katalon.core.main.TestCaseExecutor.processExecutionPhase(TestCaseExecutor.java:412)
	at com.kms.katalon.core.main.TestCaseExecutor.accessMainPhase(TestCaseExecutor.java:404)
	at com.kms.katalon.core.main.TestCaseExecutor.execute(TestCaseExecutor.java:281)
	at com.kms.katalon.core.main.TestCaseExecutor.execute(TestCaseExecutor.java:363)
	at com.kms.katalon.core.main.TestCaseExecutor.execute(TestCaseExecutor.java:363)
	at com.kms.katalon.core.main.TestCaseExecutor.execute(TestCaseExecutor.java:363)
	at com.kms.katalon.core.main.TestSuiteExecutor.accessTestCaseMainPhase(TestSuiteExecutor.java:202)
	at com.kms.katalon.core.main.TestSuiteExecutor.accessTestSuiteMainPhase(TestSuiteExecutor.java:164)
	at com.kms.katalon.core.main.TestSuiteExecutor.execute(TestSuiteExecutor.java:105)
	at com.kms.katalon.core.main.TestCaseMain.startTestSuite(TestCaseMain.java:181)
	at com.kms.katalon.core.main.TestCaseMain$startTestSuite$0.call(Unknown Source)
	at TempTestSuite1642165037865.run(TempTestSuite1642165037865.groovy:36)
Caused by: org.openqa.selenium.ElementClickInterceptedException: element click intercepted: Element &lt;span class=&quot;accesshide &quot;>...&lt;/span> is not clickable at point (492, 273). Other element would receive the click: &lt;li class=&quot;activity forum modtype_forum  hasinfo&quot; id=&quot;module-1&quot;>...&lt;/li>
  (Session info: chrome=97.0.4692.71)
Build info: version: '3.141.59', revision: 'e82be7d358', time: '2018-11-14T08:25:53'
System info: host: 'ADMIN', ip: '192.168.1.148', os.name: 'Windows 10', os.arch: 'amd64', os.version: '10.0', java.version: '1.8.0_282'
Driver info: com.kms.katalon.selenium.driver.CChromeDriver
Capabilities {acceptInsecureCerts: false, browserName: chrome, browserVersion: 97.0.4692.71, chrome: {chromedriverVersion: 97.0.4692.71 (adefa7837d02a..., userDataDir: C:\Users\Admin\AppData\Loca...}, goog:chromeOptions: {debuggerAddress: localhost:62978}, javascriptEnabled: true, networkConnectionEnabled: false, pageLoadStrategy: normal, platform: WINDOWS, platformName: WINDOWS, proxy: Proxy(), setWindowRect: true, strictFileInteractability: false, timeouts: {implicit: 0, pageLoad: 300000, script: 30000}, unhandledPromptBehavior: dismiss and notify, webauthn:extension:credBlob: true, webauthn:extension:largeBlob: true, webauthn:virtualAuthenticators: true}
Session ID: 566e526f726f448010dfe6c90a4d0a41
	at org.openqa.selenium.remote.http.W3CHttpResponseCodec.createException(W3CHttpResponseCodec.java:187)
	at org.openqa.selenium.remote.http.W3CHttpResponseCodec.decode(W3CHttpResponseCodec.java:122)
	at org.openqa.selenium.remote.http.W3CHttpResponseCodec.decode(W3CHttpResponseCodec.java:49)
	at org.openqa.selenium.remote.HttpCommandExecutor.execute(HttpCommandExecutor.java:158)
	at org.openqa.selenium.remote.service.DriverCommandExecutor.execute(DriverCommandExecutor.java:83)
	at org.openqa.selenium.remote.RemoteWebDriver.execute(RemoteWebDriver.java:552)
	at com.kms.katalon.selenium.driver.CChromeDriver.execute(CChromeDriver.java:19)
	at org.openqa.selenium.remote.RemoteWebElement.execute(RemoteWebElement.java:285)
	at org.openqa.selenium.remote.RemoteWebElement.click(RemoteWebElement.java:84)
	at org.openqa.selenium.support.events.EventFiringWebDriver$EventFiringWebElement.lambda$new$0(EventFiringWebDriver.java:404)
	at com.sun.proxy.$Proxy11.click(Unknown Source)
	at org.openqa.selenium.support.events.EventFiringWebDriver$EventFiringWebElement.click(EventFiringWebDriver.java:417)
	at org.openqa.selenium.WebElement$click.call(Unknown Source)
	at com.kms.katalon.core.webui.keyword.builtin.ClickKeyword.clickUntilSuccessWithTimeout(ClickKeyword.groovy:81)
	at com.kms.katalon.core.webui.keyword.builtin.ClickKeyword.clickUntilSuccessWithTimeout(ClickKeyword.groovy)
	at com.kms.katalon.core.webui.keyword.builtin.ClickKeyword$_click_closure1.doCall(ClickKeyword.groovy:67)
	at com.kms.katalon.core.webui.keyword.builtin.ClickKeyword$_click_closure1.call(ClickKeyword.groovy)
	at com.kms.katalon.core.webui.keyword.internal.WebUIKeywordMain.runKeyword(WebUIKeywordMain.groovy:20)
	... 22 more
"/>
         <system-out><![CDATA[2022-01-14 20:31:51 - [TEST_CASE][FAILED] - Test Cases/24_Sinh viên làm quiz: Test Cases/24_Sinh viên làm quiz FAILED.
Reason:
com.kms.katalon.core.exception.StepFailedException: Unable to click on object 'Object Repository/Page_Course Nhp mn tr tu nhn to/span_Quiz 2'
	at com.kms.katalon.core.webui.keyword.internal.WebUIKeywordMain.stepFailed(WebUIKeywordMain.groovy:64)
	at com.kms.katalon.core.webui.keyword.internal.WebUIKeywordMain.runKeyword(WebUIKeywordMain.groovy:26)
	at com.kms.katalon.core.webui.keyword.builtin.ClickKeyword.click(ClickKeyword.groovy:74)
	at com.kms.katalon.core.webui.keyword.builtin.ClickKeyword.execute(ClickKeyword.groovy:40)
	at com.kms.katalon.core.keyword.internal.KeywordExecutor.executeKeywordForPlatform(KeywordExecutor.groovy:74)
	at com.kms.katalon.core.webui.keyword.WebUiBuiltInKeywords.click(WebUiBuiltInKeywords.groovy:620)
	at com.kms.katalon.core.webui.keyword.WebUiBuiltInKeywords$click$1.call(Unknown Source)
	at 24_Sinh viên làm quiz.run(24_Sinh viên làm quiz:34)
	at com.kms.katalon.core.main.ScriptEngine.run(ScriptEngine.java:194)
	at com.kms.katalon.core.main.ScriptEngine.runScriptAsRawText(ScriptEngine.java:119)
	at com.kms.katalon.core.main.TestCaseExecutor.runScript(TestCaseExecutor.java:442)
	at com.kms.katalon.core.main.TestCaseExecutor.doExecute(TestCaseExecutor.java:433)
	at com.kms.katalon.core.main.TestCaseExecutor.processExecutionPhase(TestCaseExecutor.java:412)
	at com.kms.katalon.core.main.TestCaseExecutor.accessMainPhase(TestCaseExecutor.java:404)
	at com.kms.katalon.core.main.TestCaseExecutor.execute(TestCaseExecutor.java:281)
	at com.kms.katalon.core.main.TestCaseExecutor.execute(TestCaseExecutor.java:363)
	at com.kms.katalon.core.main.TestCaseExecutor.execute(TestCaseExecutor.java:363)
	at com.kms.katalon.core.main.TestCaseExecutor.execute(TestCaseExecutor.java:363)
	at com.kms.katalon.core.main.TestSuiteExecutor.accessTestCaseMainPhase(TestSuiteExecutor.java:202)
	at com.kms.katalon.core.main.TestSuiteExecutor.accessTestSuiteMainPhase(TestSuiteExecutor.java:164)
	at com.kms.katalon.core.main.TestSuiteExecutor.execute(TestSuiteExecutor.java:105)
	at com.kms.katalon.core.main.TestCaseMain.startTestSuite(TestCaseMain.java:181)
	at com.kms.katalon.core.main.TestCaseMain$startTestSuite$0.call(Unknown Source)
	at TempTestSuite1642165037865.run(TempTestSuite1642165037865.groovy:36)
Caused by: org.openqa.selenium.ElementClickInterceptedException: element click intercepted: Element <span class="accesshide ">...</span> is not clickable at point (492, 273). Other element would receive the click: <li class="activity forum modtype_forum  hasinfo" id="module-1">...</li>
  (Session info: chrome=97.0.4692.71)
Build info: version: '3.141.59', revision: 'e82be7d358', time: '2018-11-14T08:25:53'
System info: host: 'ADMIN', ip: '192.168.1.148', os.name: 'Windows 10', os.arch: 'amd64', os.version: '10.0', java.version: '1.8.0_282'
Driver info: com.kms.katalon.selenium.driver.CChromeDriver
Capabilities {acceptInsecureCerts: false, browserName: chrome, browserVersion: 97.0.4692.71, chrome: {chromedriverVersion: 97.0.4692.71 (adefa7837d02a..., userDataDir: C:\Users\Admin\AppData\Loca...}, goog:chromeOptions: {debuggerAddress: localhost:62978}, javascriptEnabled: true, networkConnectionEnabled: false, pageLoadStrategy: normal, platform: WINDOWS, platformName: WINDOWS, proxy: Proxy(), setWindowRect: true, strictFileInteractability: false, timeouts: {implicit: 0, pageLoad: 300000, script: 30000}, unhandledPromptBehavior: dismiss and notify, webauthn:extension:credBlob: true, webauthn:extension:largeBlob: true, webauthn:virtualAuthenticators: true}
Session ID: 566e526f726f448010dfe6c90a4d0a41
	at org.openqa.selenium.remote.http.W3CHttpResponseCodec.createException(W3CHttpResponseCodec.java:187)
	at org.openqa.selenium.remote.http.W3CHttpResponseCodec.decode(W3CHttpResponseCodec.java:122)
	at org.openqa.selenium.remote.http.W3CHttpResponseCodec.decode(W3CHttpResponseCodec.java:49)
	at org.openqa.selenium.remote.HttpCommandExecutor.execute(HttpCommandExecutor.java:158)
	at org.openqa.selenium.remote.service.DriverCommandExecutor.execute(DriverCommandExecutor.java:83)
	at org.openqa.selenium.remote.RemoteWebDriver.execute(RemoteWebDriver.java:552)
	at com.kms.katalon.selenium.driver.CChromeDriver.execute(CChromeDriver.java:19)
	at org.openqa.selenium.remote.RemoteWebElement.execute(RemoteWebElement.java:285)
	at org.openqa.selenium.remote.RemoteWebElement.click(RemoteWebElement.java:84)
	at org.openqa.selenium.support.events.EventFiringWebDriver$EventFiringWebElement.lambda$new$0(EventFiringWebDriver.java:404)
	at com.sun.proxy.$Proxy11.click(Unknown Source)
	at org.openqa.selenium.support.events.EventFiringWebDriver$EventFiringWebElement.click(EventFiringWebDriver.java:417)
	at org.openqa.selenium.WebElement$click.call(Unknown Source)
	at com.kms.katalon.core.webui.keyword.builtin.ClickKeyword.clickUntilSuccessWithTimeout(ClickKeyword.groovy:81)
	at com.kms.katalon.core.webui.keyword.builtin.ClickKeyword.clickUntilSuccessWithTimeout(ClickKeyword.groovy)
	at com.kms.katalon.core.webui.keyword.builtin.ClickKeyword$_click_closure1.doCall(ClickKeyword.groovy:67)
	at com.kms.katalon.core.webui.keyword.builtin.ClickKeyword$_click_closure1.call(ClickKeyword.groovy)
	at com.kms.katalon.core.webui.keyword.internal.WebUIKeywordMain.runKeyword(WebUIKeywordMain.groovy:20)
	... 22 more


2022-01-14 20:31:51 - [TEST_STEP][PASSED] - openBrowser(""): Browser is opened with url: ''

2022-01-14 20:31:51 - [MESSAGE][WARNING] - A browser is already opened. Closing browser and opening a new one

2022-01-14 20:31:52 - [MESSAGE][INFO] - Starting 'Chrome' driver

2022-01-14 20:31:52 - [MESSAGE][INFO] - Action delay is set to 0 milliseconds

2022-01-14 20:31:53 - [MESSAGE][PASSED] - Browser is opened with url: ''

2022-01-14 20:31:53 - [TEST_STEP][PASSED] - navigateToUrl("http://localhost/"): Navigate to 'http://localhost/' successfully

2022-01-14 20:31:54 - [MESSAGE][PASSED] - Navigate to 'http://localhost/' successfully

2022-01-14 20:31:54 - [TEST_STEP][PASSED] - click(findTestObject("Object Repository/Page_HCMUS/a_Nhp mn tr tu nhn to")): Object: 'Object Repository/Page_HCMUS/a_Nhp mn tr tu nhn to' is clicked on

2022-01-14 20:31:55 - [MESSAGE][PASSED] - Object: 'Object Repository/Page_HCMUS/a_Nhp mn tr tu nhn to' is clicked on

2022-01-14 20:31:55 - [TEST_STEP][PASSED] - setText(findTestObject("Object Repository/Page_HCMUS Log in to the site/input_Username_username"), "student3"): Text 'student3' is set on object 'Object Repository/Page_HCMUS Log in to the site/input_Username_username'

2022-01-14 20:31:56 - [MESSAGE][PASSED] - Text 'student3' is set on object 'Object Repository/Page_HCMUS Log in to the site/input_Username_username'

2022-01-14 20:31:56 - [TEST_STEP][PASSED] - setEncryptedText(findTestObject("Object Repository/Page_HCMUS Log in to the site/input_Password_password"), "xsue+lrReh7u7aVNaHEoWw=="): Text ****** has been set on object 'Object Repository/Page_HCMUS Log in to the site/input_Password_password'

2022-01-14 20:31:56 - [MESSAGE][PASSED] - Text ****** has been set on object 'Object Repository/Page_HCMUS Log in to the site/input_Password_password'

2022-01-14 20:31:56 - [TEST_STEP][PASSED] - click(findTestObject("Object Repository/Page_HCMUS Log in to the site/button_Log in")): Object: 'Object Repository/Page_HCMUS Log in to the site/button_Log in' is clicked on

2022-01-14 20:31:58 - [MESSAGE][PASSED] - Object: 'Object Repository/Page_HCMUS Log in to the site/button_Log in' is clicked on

2022-01-14 20:31:58 - [TEST_STEP][PASSED] - click(findTestObject("Object Repository/Page_Course Nhp mn tr tu nhn to/button_End tour"), OPTIONAL): Unable to click on object 'Object Repository/Page_Course Nhp mn tr tu nhn to/button_End tour' (Root cause: com.kms.katalon.core.exception.StepFailedException: Unable to click on object 'Object Repository/Page_Course Nhp mn tr tu nhn to/button_End tour'
	at com.kms.katalon.core.webui.keyword.internal.WebUIKeywordMain.stepFailed(WebUIKeywordMain.groovy:64)
	at com.kms.katalon.core.webui.keyword.internal.WebUIKeywordMain.runKeyword(WebUIKeywordMain.groovy:26)
	at com.kms.katalon.core.webui.keyword.builtin.ClickKeyword.click(ClickKeyword.groovy:74)
	at com.kms.katalon.core.webui.keyword.builtin.ClickKeyword.execute(ClickKeyword.groovy:40)
	at com.kms.katalon.core.keyword.internal.KeywordExecutor.executeKeywordForPlatform(KeywordExecutor.groovy:74)
	at com.kms.katalon.core.webui.keyword.WebUiBuiltInKeywords.click(WebUiBuiltInKeywords.groovy:608)
	at com.kms.katalon.core.webui.keyword.WebUiBuiltInKeywords$click$8.call(Unknown Source)
	at 24_Sinh viên làm quiz.run(24_Sinh viên làm quiz:32)
	at com.kms.katalon.core.main.ScriptEngine.run(ScriptEngine.java:194)
	at com.kms.katalon.core.main.ScriptEngine.runScriptAsRawText(ScriptEngine.java:119)
	at com.kms.katalon.core.main.TestCaseExecutor.runScript(TestCaseExecutor.java:442)
	at com.kms.katalon.core.main.TestCaseExecutor.doExecute(TestCaseExecutor.java:433)
	at com.kms.katalon.core.main.TestCaseExecutor.processExecutionPhase(TestCaseExecutor.java:412)
	at com.kms.katalon.core.main.TestCaseExecutor.accessMainPhase(TestCaseExecutor.java:404)
	at com.kms.katalon.core.main.TestCaseExecutor.execute(TestCaseExecutor.java:281)
	at com.kms.katalon.core.main.TestCaseExecutor.execute(TestCaseExecutor.java:363)
	at com.kms.katalon.core.main.TestCaseExecutor.execute(TestCaseExecutor.java:363)
	at com.kms.katalon.core.main.TestCaseExecutor.execute(TestCaseExecutor.java:363)
	at com.kms.katalon.core.main.TestSuiteExecutor.accessTestCaseMainPhase(TestSuiteExecutor.java:202)
	at com.kms.katalon.core.main.TestSuiteExecutor.accessTestSuiteMainPhase(TestSuiteExecutor.java:164)
	at com.kms.katalon.core.main.TestSuiteExecutor.execute(TestSuiteExecutor.java:105)
	at com.kms.katalon.core.main.TestCaseMain.startTestSuite(TestCaseMain.java:181)
	at com.kms.katalon.core.main.TestCaseMain$startTestSuite$0.call(Unknown Source)
	at TempTestSuite1642165037865.run(TempTestSuite1642165037865.groovy:36)
Caused by: com.kms.katalon.core.webui.exception.WebElementNotFoundException: Web element with id: 'Object Repository/Page_Course Nhp mn tr tu nhn to/button_End tour' located by '//span[@id='tour-step-tool_usertours_4_2_1620109487-0']/div/div/div[4]/button[3]' not found
	at com.kms.katalon.core.webui.common.WebUiCommonHelper.findWebElement(WebUiCommonHelper.java:1368)
	at com.kms.katalon.core.webui.keyword.internal.WebUIAbstractKeyword.findWebElement(WebUIAbstractKeyword.groovy:27)
	at com.kms.katalon.core.webui.keyword.builtin.ClickKeyword$_click_closure1.doCall(ClickKeyword.groovy:65)
	at com.kms.katalon.core.webui.keyword.builtin.ClickKeyword$_click_closure1.call(ClickKeyword.groovy)
	at com.kms.katalon.core.webui.keyword.internal.WebUIKeywordMain.runKeyword(WebUIKeywordMain.groovy:20)
	at com.kms.katalon.core.webui.keyword.builtin.ClickKeyword.click(ClickKeyword.groovy:74)
	at com.kms.katalon.core.webui.keyword.builtin.ClickKeyword.execute(ClickKeyword.groovy:40)
	at com.kms.katalon.core.keyword.internal.KeywordExecutor.executeKeywordForPlatform(KeywordExecutor.groovy:74)
	at com.kms.katalon.core.webui.keyword.WebUiBuiltInKeywords.click(WebUiBuiltInKeywords.groovy:608)
	at com.kms.katalon.core.webui.keyword.WebUiBuiltInKeywords$click$8.call(Unknown Source)
	at Script1641966415165.run(Script1641966415165.groovy:32)
	... 16 more
)

2022-01-14 20:32:04 - [MESSAGE][INFO] - Unable to find the element located by 'By.xpath: //span[@id='tour-step-tool_usertours_4_2_1620109487-0']/div/div/div[4]/button[3]'. Please recheck the objects properties to make sure the desired element is located. 

2022-01-14 20:32:04 - [MESSAGE][WARNING] - [SELF-HEALING] Failed to find element with id 'Object Repository/Page_Course Nhp mn tr tu nhn to/button_End tour'. Try using Self-healing.

2022-01-14 20:32:05 - [MESSAGE][INFO] - Unable to find the element located by 'By.xpath: (.//*[normalize-space(text()) and normalize-space(.)='Next'])[1]/following::button[1]'. Please recheck the objects properties to make sure the desired element is located. 

2022-01-14 20:32:06 - [MESSAGE][INFO] - [SELF-HEALING] Failed Locator: '//span[@id='tour-step-tool_usertours_4_2_1620109487-0']/div/div/div[4]/button[3]'.

2022-01-14 20:32:06 - [MESSAGE][INFO] - [SELF-HEALING] Failed Locator: '(.//*[normalize-space(text()) and normalize-space(.)='Next'])[1]/following::button[1]'.

2022-01-14 20:32:06 - [MESSAGE][INFO] - [SELF-HEALING] Failed Locator: '(.//*[normalize-space(text()) and normalize-space(.)='Previous'])[1]/following::button[2]'.

2022-01-14 20:32:06 - [MESSAGE][INFO] - [SELF-HEALING] Failed Locator: '//*/text()[normalize-space(.)='End tour']/parent::*'.

2022-01-14 20:32:07 - [MESSAGE][INFO] - [SELF-HEALING] Failed Locator: '//div[4]/button[3]'.

2022-01-14 20:32:07 - [MESSAGE][INFO] - [SELF-HEALING] Failed Locator: '//span[@id='tour-step-tool_usertours_8_2_1620109487-0']/div/div/div[4]/button[3]'.

2022-01-14 20:32:07 - [MESSAGE][INFO] - [SELF-HEALING] Failed Locator: '//span[@id='tour-step-tool_usertours_16_1_1620109487-0']/div/div/div[4]/button[3]'.

2022-01-14 20:32:08 - [MESSAGE][INFO] - Unable to find the element located by 'By.xpath: //*[(text() = ' End tour ' or . = ' End tour ')]'. Please recheck the objects properties to make sure the desired element is located. 

2022-01-14 20:32:10 - [MESSAGE][INFO] - Unable to find the element located by 'By.cssSelector: '. Please recheck the objects properties to make sure the desired element is located. 

2022-01-14 20:32:10 - [MESSAGE][WARNING] - Unable to click on object 'Object Repository/Page_Course Nhp mn tr tu nhn to/button_End tour' (Root cause: com.kms.katalon.core.exception.StepFailedException: Unable to click on object 'Object Repository/Page_Course Nhp mn tr tu nhn to/button_End tour'
	at com.kms.katalon.core.webui.keyword.internal.WebUIKeywordMain.stepFailed(WebUIKeywordMain.groovy:64)
	at com.kms.katalon.core.webui.keyword.internal.WebUIKeywordMain.runKeyword(WebUIKeywordMain.groovy:26)
	at com.kms.katalon.core.webui.keyword.builtin.ClickKeyword.click(ClickKeyword.groovy:74)
	at com.kms.katalon.core.webui.keyword.builtin.ClickKeyword.execute(ClickKeyword.groovy:40)
	at com.kms.katalon.core.keyword.internal.KeywordExecutor.executeKeywordForPlatform(KeywordExecutor.groovy:74)
	at com.kms.katalon.core.webui.keyword.WebUiBuiltInKeywords.click(WebUiBuiltInKeywords.groovy:608)
	at com.kms.katalon.core.webui.keyword.WebUiBuiltInKeywords$click$8.call(Unknown Source)
	at 24_Sinh viên làm quiz.run(24_Sinh viên làm quiz:32)
	at com.kms.katalon.core.main.ScriptEngine.run(ScriptEngine.java:194)
	at com.kms.katalon.core.main.ScriptEngine.runScriptAsRawText(ScriptEngine.java:119)
	at com.kms.katalon.core.main.TestCaseExecutor.runScript(TestCaseExecutor.java:442)
	at com.kms.katalon.core.main.TestCaseExecutor.doExecute(TestCaseExecutor.java:433)
	at com.kms.katalon.core.main.TestCaseExecutor.processExecutionPhase(TestCaseExecutor.java:412)
	at com.kms.katalon.core.main.TestCaseExecutor.accessMainPhase(TestCaseExecutor.java:404)
	at com.kms.katalon.core.main.TestCaseExecutor.execute(TestCaseExecutor.java:281)
	at com.kms.katalon.core.main.TestCaseExecutor.execute(TestCaseExecutor.java:363)
	at com.kms.katalon.core.main.TestCaseExecutor.execute(TestCaseExecutor.java:363)
	at com.kms.katalon.core.main.TestCaseExecutor.execute(TestCaseExecutor.java:363)
	at com.kms.katalon.core.main.TestSuiteExecutor.accessTestCaseMainPhase(TestSuiteExecutor.java:202)
	at com.kms.katalon.core.main.TestSuiteExecutor.accessTestSuiteMainPhase(TestSuiteExecutor.java:164)
	at com.kms.katalon.core.main.TestSuiteExecutor.execute(TestSuiteExecutor.java:105)
	at com.kms.katalon.core.main.TestCaseMain.startTestSuite(TestCaseMain.java:181)
	at com.kms.katalon.core.main.TestCaseMain$startTestSuite$0.call(Unknown Source)
	at TempTestSuite1642165037865.run(TempTestSuite1642165037865.groovy:36)
Caused by: com.kms.katalon.core.webui.exception.WebElementNotFoundException: Web element with id: 'Object Repository/Page_Course Nhp mn tr tu nhn to/button_End tour' located by '//span[@id='tour-step-tool_usertours_4_2_1620109487-0']/div/div/div[4]/button[3]' not found
	at com.kms.katalon.core.webui.common.WebUiCommonHelper.findWebElement(WebUiCommonHelper.java:1368)
	at com.kms.katalon.core.webui.keyword.internal.WebUIAbstractKeyword.findWebElement(WebUIAbstractKeyword.groovy:27)
	at com.kms.katalon.core.webui.keyword.builtin.ClickKeyword$_click_closure1.doCall(ClickKeyword.groovy:65)
	at com.kms.katalon.core.webui.keyword.builtin.ClickKeyword$_click_closure1.call(ClickKeyword.groovy)
	at com.kms.katalon.core.webui.keyword.internal.WebUIKeywordMain.runKeyword(WebUIKeywordMain.groovy:20)
	at com.kms.katalon.core.webui.keyword.builtin.ClickKeyword.click(ClickKeyword.groovy:74)
	at com.kms.katalon.core.webui.keyword.builtin.ClickKeyword.execute(ClickKeyword.groovy:40)
	at com.kms.katalon.core.keyword.internal.KeywordExecutor.executeKeywordForPlatform(KeywordExecutor.groovy:74)
	at com.kms.katalon.core.webui.keyword.WebUiBuiltInKeywords.click(WebUiBuiltInKeywords.groovy:608)
	at com.kms.katalon.core.webui.keyword.WebUiBuiltInKeywords$click$8.call(Unknown Source)
	at Script1641966415165.run(Script1641966415165.groovy:32)
	... 16 more
)
[[ATTACHMENT|D:\\nam 3\\nhap mon CNPM\\bonus project\\Test-Automation-SE-Bonus\\Reports\\20220114_195717\\Run all test cases\\20220114_195717\\1642167130048.png]]

2022-01-14 20:32:10 - [TEST_STEP][FAILED] - click(findTestObject("Object Repository/Page_Course Nhp mn tr tu nhn to/span_Quiz 2")): Unable to click on object 'Object Repository/Page_Course Nhp mn tr tu nhn to/span_Quiz 2' (Root cause: com.kms.katalon.core.exception.StepFailedException: Unable to click on object 'Object Repository/Page_Course Nhp mn tr tu nhn to/span_Quiz 2'
	at com.kms.katalon.core.webui.keyword.internal.WebUIKeywordMain.stepFailed(WebUIKeywordMain.groovy:64)
	at com.kms.katalon.core.webui.keyword.internal.WebUIKeywordMain.runKeyword(WebUIKeywordMain.groovy:26)
	at com.kms.katalon.core.webui.keyword.builtin.ClickKeyword.click(ClickKeyword.groovy:74)
	at com.kms.katalon.core.webui.keyword.builtin.ClickKeyword.execute(ClickKeyword.groovy:40)
	at com.kms.katalon.core.keyword.internal.KeywordExecutor.executeKeywordForPlatform(KeywordExecutor.groovy:74)
	at com.kms.katalon.core.webui.keyword.WebUiBuiltInKeywords.click(WebUiBuiltInKeywords.groovy:620)
	at com.kms.katalon.core.webui.keyword.WebUiBuiltInKeywords$click$1.call(Unknown Source)
	at 24_Sinh viên làm quiz.run(24_Sinh viên làm quiz:34)
	at com.kms.katalon.core.main.ScriptEngine.run(ScriptEngine.java:194)
	at com.kms.katalon.core.main.ScriptEngine.runScriptAsRawText(ScriptEngine.java:119)
	at com.kms.katalon.core.main.TestCaseExecutor.runScript(TestCaseExecutor.java:442)
	at com.kms.katalon.core.main.TestCaseExecutor.doExecute(TestCaseExecutor.java:433)
	at com.kms.katalon.core.main.TestCaseExecutor.processExecutionPhase(TestCaseExecutor.java:412)
	at com.kms.katalon.core.main.TestCaseExecutor.accessMainPhase(TestCaseExecutor.java:404)
	at com.kms.katalon.core.main.TestCaseExecutor.execute(TestCaseExecutor.java:281)
	at com.kms.katalon.core.main.TestCaseExecutor.execute(TestCaseExecutor.java:363)
	at com.kms.katalon.core.main.TestCaseExecutor.execute(TestCaseExecutor.java:363)
	at com.kms.katalon.core.main.TestCaseExecutor.execute(TestCaseExecutor.java:363)
	at com.kms.katalon.core.main.TestSuiteExecutor.accessTestCaseMainPhase(TestSuiteExecutor.java:202)
	at com.kms.katalon.core.main.TestSuiteExecutor.accessTestSuiteMainPhase(TestSuiteExecutor.java:164)
	at com.kms.katalon.core.main.TestSuiteExecutor.execute(TestSuiteExecutor.java:105)
	at com.kms.katalon.core.main.TestCaseMain.startTestSuite(TestCaseMain.java:181)
	at com.kms.katalon.core.main.TestCaseMain$startTestSuite$0.call(Unknown Source)
	at TempTestSuite1642165037865.run(TempTestSuite1642165037865.groovy:36)
Caused by: org.openqa.selenium.ElementClickInterceptedException: element click intercepted: Element <span class="accesshide ">...</span> is not clickable at point (492, 273). Other element would receive the click: <li class="activity forum modtype_forum  hasinfo" id="module-1">...</li>
  (Session info: chrome=97.0.4692.71)
Build info: version: '3.141.59', revision: 'e82be7d358', time: '2018-11-14T08:25:53'
System info: host: 'ADMIN', ip: '192.168.1.148', os.name: 'Windows 10', os.arch: 'amd64', os.version: '10.0', java.version: '1.8.0_282'
Driver info: com.kms.katalon.selenium.driver.CChromeDriver
Capabilities {acceptInsecureCerts: false, browserName: chrome, browserVersion: 97.0.4692.71, chrome: {chromedriverVersion: 97.0.4692.71 (adefa7837d02a..., userDataDir: C:\Users\Admin\AppData\Loca...}, goog:chromeOptions: {debuggerAddress: localhost:62978}, javascriptEnabled: true, networkConnectionEnabled: false, pageLoadStrategy: normal, platform: WINDOWS, platformName: WINDOWS, proxy: Proxy(), setWindowRect: true, strictFileInteractability: false, timeouts: {implicit: 0, pageLoad: 300000, script: 30000}, unhandledPromptBehavior: dismiss and notify, webauthn:extension:credBlob: true, webauthn:extension:largeBlob: true, webauthn:virtualAuthenticators: true}
Session ID: 566e526f726f448010dfe6c90a4d0a41
	at org.openqa.selenium.remote.http.W3CHttpResponseCodec.createException(W3CHttpResponseCodec.java:187)
	at org.openqa.selenium.remote.http.W3CHttpResponseCodec.decode(W3CHttpResponseCodec.java:122)
	at org.openqa.selenium.remote.http.W3CHttpResponseCodec.decode(W3CHttpResponseCodec.java:49)
	at org.openqa.selenium.remote.HttpCommandExecutor.execute(HttpCommandExecutor.java:158)
	at org.openqa.selenium.remote.service.DriverCommandExecutor.execute(DriverCommandExecutor.java:83)
	at org.openqa.selenium.remote.RemoteWebDriver.execute(RemoteWebDriver.java:552)
	at com.kms.katalon.selenium.driver.CChromeDriver.execute(CChromeDriver.java:19)
	at org.openqa.selenium.remote.RemoteWebElement.execute(RemoteWebElement.java:285)
	at org.openqa.selenium.remote.RemoteWebElement.click(RemoteWebElement.java:84)
	at org.openqa.selenium.support.events.EventFiringWebDriver$EventFiringWebElement.lambda$new$0(EventFiringWebDriver.java:404)
	at com.sun.proxy.$Proxy11.click(Unknown Source)
	at org.openqa.selenium.support.events.EventFiringWebDriver$EventFiringWebElement.click(EventFiringWebDriver.java:417)
	at org.openqa.selenium.WebElement$click.call(Unknown Source)
	at com.kms.katalon.core.webui.keyword.builtin.ClickKeyword.clickUntilSuccessWithTimeout(ClickKeyword.groovy:81)
	at com.kms.katalon.core.webui.keyword.builtin.ClickKeyword.clickUntilSuccessWithTimeout(ClickKeyword.groovy)
	at com.kms.katalon.core.webui.keyword.builtin.ClickKeyword$_click_closure1.doCall(ClickKeyword.groovy:67)
	at com.kms.katalon.core.webui.keyword.builtin.ClickKeyword$_click_closure1.call(ClickKeyword.groovy)
	at com.kms.katalon.core.webui.keyword.internal.WebUIKeywordMain.runKeyword(WebUIKeywordMain.groovy:20)
	at com.kms.katalon.core.webui.keyword.builtin.ClickKeyword.click(ClickKeyword.groovy:74)
	at com.kms.katalon.core.webui.keyword.builtin.ClickKeyword.execute(ClickKeyword.groovy:40)
	at com.kms.katalon.core.keyword.internal.KeywordExecutor.executeKeywordForPlatform(KeywordExecutor.groovy:74)
	at com.kms.katalon.core.webui.keyword.WebUiBuiltInKeywords.click(WebUiBuiltInKeywords.groovy:620)
	at com.kms.katalon.core.webui.keyword.WebUiBuiltInKeywords$click$1.call(Unknown Source)
	at Script1641966415165.run(Script1641966415165.groovy:34)
	... 16 more
)

2022-01-14 20:32:16 - [MESSAGE][INFO] - Unable to find the element located by 'By.xpath: //li[@id='module-3']/div/div/div[2]/div/a/span'. Please recheck the objects properties to make sure the desired element is located. 

2022-01-14 20:32:16 - [MESSAGE][WARNING] - [SELF-HEALING] Failed to find element with id 'Object Repository/Page_Course Nhp mn tr tu nhn to/span_Quiz 2'. Try using Self-healing.

2022-01-14 20:32:16 - [MESSAGE][WARNING] - [SELF-HEALING] The current locator of test object 'Object Repository/Page_Course Nhp mn tr tu nhn to/span_Quiz 2' was broken. Propose an alternative one: '(.//*[normalize-space(text()) and normalize-space(.)='Topic 1'])[2]/preceding::span[1]'.

2022-01-14 20:32:24 - [MESSAGE][FAILED] - Unable to click on object 'Object Repository/Page_Course Nhp mn tr tu nhn to/span_Quiz 2' (Root cause: com.kms.katalon.core.exception.StepFailedException: Unable to click on object 'Object Repository/Page_Course Nhp mn tr tu nhn to/span_Quiz 2'
	at com.kms.katalon.core.webui.keyword.internal.WebUIKeywordMain.stepFailed(WebUIKeywordMain.groovy:64)
	at com.kms.katalon.core.webui.keyword.internal.WebUIKeywordMain.runKeyword(WebUIKeywordMain.groovy:26)
	at com.kms.katalon.core.webui.keyword.builtin.ClickKeyword.click(ClickKeyword.groovy:74)
	at com.kms.katalon.core.webui.keyword.builtin.ClickKeyword.execute(ClickKeyword.groovy:40)
	at com.kms.katalon.core.keyword.internal.KeywordExecutor.executeKeywordForPlatform(KeywordExecutor.groovy:74)
	at com.kms.katalon.core.webui.keyword.WebUiBuiltInKeywords.click(WebUiBuiltInKeywords.groovy:620)
	at com.kms.katalon.core.webui.keyword.WebUiBuiltInKeywords$click$1.call(Unknown Source)
	at 24_Sinh viên làm quiz.run(24_Sinh viên làm quiz:34)
	at com.kms.katalon.core.main.ScriptEngine.run(ScriptEngine.java:194)
	at com.kms.katalon.core.main.ScriptEngine.runScriptAsRawText(ScriptEngine.java:119)
	at com.kms.katalon.core.main.TestCaseExecutor.runScript(TestCaseExecutor.java:442)
	at com.kms.katalon.core.main.TestCaseExecutor.doExecute(TestCaseExecutor.java:433)
	at com.kms.katalon.core.main.TestCaseExecutor.processExecutionPhase(TestCaseExecutor.java:412)
	at com.kms.katalon.core.main.TestCaseExecutor.accessMainPhase(TestCaseExecutor.java:404)
	at com.kms.katalon.core.main.TestCaseExecutor.execute(TestCaseExecutor.java:281)
	at com.kms.katalon.core.main.TestCaseExecutor.execute(TestCaseExecutor.java:363)
	at com.kms.katalon.core.main.TestCaseExecutor.execute(TestCaseExecutor.java:363)
	at com.kms.katalon.core.main.TestCaseExecutor.execute(TestCaseExecutor.java:363)
	at com.kms.katalon.core.main.TestSuiteExecutor.accessTestCaseMainPhase(TestSuiteExecutor.java:202)
	at com.kms.katalon.core.main.TestSuiteExecutor.accessTestSuiteMainPhase(TestSuiteExecutor.java:164)
	at com.kms.katalon.core.main.TestSuiteExecutor.execute(TestSuiteExecutor.java:105)
	at com.kms.katalon.core.main.TestCaseMain.startTestSuite(TestCaseMain.java:181)
	at com.kms.katalon.core.main.TestCaseMain$startTestSuite$0.call(Unknown Source)
	at TempTestSuite1642165037865.run(TempTestSuite1642165037865.groovy:36)
Caused by: org.openqa.selenium.ElementClickInterceptedException: element click intercepted: Element <span class="accesshide ">...</span> is not clickable at point (492, 273). Other element would receive the click: <li class="activity forum modtype_forum  hasinfo" id="module-1">...</li>
  (Session info: chrome=97.0.4692.71)
Build info: version: '3.141.59', revision: 'e82be7d358', time: '2018-11-14T08:25:53'
System info: host: 'ADMIN', ip: '192.168.1.148', os.name: 'Windows 10', os.arch: 'amd64', os.version: '10.0', java.version: '1.8.0_282'
Driver info: com.kms.katalon.selenium.driver.CChromeDriver
Capabilities {acceptInsecureCerts: false, browserName: chrome, browserVersion: 97.0.4692.71, chrome: {chromedriverVersion: 97.0.4692.71 (adefa7837d02a..., userDataDir: C:\Users\Admin\AppData\Loca...}, goog:chromeOptions: {debuggerAddress: localhost:62978}, javascriptEnabled: true, networkConnectionEnabled: false, pageLoadStrategy: normal, platform: WINDOWS, platformName: WINDOWS, proxy: Proxy(), setWindowRect: true, strictFileInteractability: false, timeouts: {implicit: 0, pageLoad: 300000, script: 30000}, unhandledPromptBehavior: dismiss and notify, webauthn:extension:credBlob: true, webauthn:extension:largeBlob: true, webauthn:virtualAuthenticators: true}
Session ID: 566e526f726f448010dfe6c90a4d0a41
	at org.openqa.selenium.remote.http.W3CHttpResponseCodec.createException(W3CHttpResponseCodec.java:187)
	at org.openqa.selenium.remote.http.W3CHttpResponseCodec.decode(W3CHttpResponseCodec.java:122)
	at org.openqa.selenium.remote.http.W3CHttpResponseCodec.decode(W3CHttpResponseCodec.java:49)
	at org.openqa.selenium.remote.HttpCommandExecutor.execute(HttpCommandExecutor.java:158)
	at org.openqa.selenium.remote.service.DriverCommandExecutor.execute(DriverCommandExecutor.java:83)
	at org.openqa.selenium.remote.RemoteWebDriver.execute(RemoteWebDriver.java:552)
	at com.kms.katalon.selenium.driver.CChromeDriver.execute(CChromeDriver.java:19)
	at org.openqa.selenium.remote.RemoteWebElement.execute(RemoteWebElement.java:285)
	at org.openqa.selenium.remote.RemoteWebElement.click(RemoteWebElement.java:84)
	at org.openqa.selenium.support.events.EventFiringWebDriver$EventFiringWebElement.lambda$new$0(EventFiringWebDriver.java:404)
	at com.sun.proxy.$Proxy11.click(Unknown Source)
	at org.openqa.selenium.support.events.EventFiringWebDriver$EventFiringWebElement.click(EventFiringWebDriver.java:417)
	at org.openqa.selenium.WebElement$click.call(Unknown Source)
	at com.kms.katalon.core.webui.keyword.builtin.ClickKeyword.clickUntilSuccessWithTimeout(ClickKeyword.groovy:81)
	at com.kms.katalon.core.webui.keyword.builtin.ClickKeyword.clickUntilSuccessWithTimeout(ClickKeyword.groovy)
	at com.kms.katalon.core.webui.keyword.builtin.ClickKeyword$_click_closure1.doCall(ClickKeyword.groovy:67)
	at com.kms.katalon.core.webui.keyword.builtin.ClickKeyword$_click_closure1.call(ClickKeyword.groovy)
	at com.kms.katalon.core.webui.keyword.internal.WebUIKeywordMain.runKeyword(WebUIKeywordMain.groovy:20)
	at com.kms.katalon.core.webui.keyword.builtin.ClickKeyword.click(ClickKeyword.groovy:74)
	at com.kms.katalon.core.webui.keyword.builtin.ClickKeyword.execute(ClickKeyword.groovy:40)
	at com.kms.katalon.core.keyword.internal.KeywordExecutor.executeKeywordForPlatform(KeywordExecutor.groovy:74)
	at com.kms.katalon.core.webui.keyword.WebUiBuiltInKeywords.click(WebUiBuiltInKeywords.groovy:620)
	at com.kms.katalon.core.webui.keyword.WebUiBuiltInKeywords$click$1.call(Unknown Source)
	at Script1641966415165.run(Script1641966415165.groovy:34)
	... 16 more
)
[[ATTACHMENT|D:\\nam 3\\nhap mon CNPM\\bonus project\\Test-Automation-SE-Bonus\\Reports\\20220114_195717\\Run all test cases\\20220114_195717\\1642167143936.png]]]]></system-out>
         <system-err><![CDATA[2022-01-14 20:31:51 - [TEST_CASE][FAILED] - Test Cases/24_Sinh viên làm quiz: Test Cases/24_Sinh viên làm quiz FAILED.
Reason:
com.kms.katalon.core.exception.StepFailedException: Unable to click on object 'Object Repository/Page_Course Nhp mn tr tu nhn to/span_Quiz 2'
	at com.kms.katalon.core.webui.keyword.internal.WebUIKeywordMain.stepFailed(WebUIKeywordMain.groovy:64)
	at com.kms.katalon.core.webui.keyword.internal.WebUIKeywordMain.runKeyword(WebUIKeywordMain.groovy:26)
	at com.kms.katalon.core.webui.keyword.builtin.ClickKeyword.click(ClickKeyword.groovy:74)
	at com.kms.katalon.core.webui.keyword.builtin.ClickKeyword.execute(ClickKeyword.groovy:40)
	at com.kms.katalon.core.keyword.internal.KeywordExecutor.executeKeywordForPlatform(KeywordExecutor.groovy:74)
	at com.kms.katalon.core.webui.keyword.WebUiBuiltInKeywords.click(WebUiBuiltInKeywords.groovy:620)
	at com.kms.katalon.core.webui.keyword.WebUiBuiltInKeywords$click$1.call(Unknown Source)
	at 24_Sinh viên làm quiz.run(24_Sinh viên làm quiz:34)
	at com.kms.katalon.core.main.ScriptEngine.run(ScriptEngine.java:194)
	at com.kms.katalon.core.main.ScriptEngine.runScriptAsRawText(ScriptEngine.java:119)
	at com.kms.katalon.core.main.TestCaseExecutor.runScript(TestCaseExecutor.java:442)
	at com.kms.katalon.core.main.TestCaseExecutor.doExecute(TestCaseExecutor.java:433)
	at com.kms.katalon.core.main.TestCaseExecutor.processExecutionPhase(TestCaseExecutor.java:412)
	at com.kms.katalon.core.main.TestCaseExecutor.accessMainPhase(TestCaseExecutor.java:404)
	at com.kms.katalon.core.main.TestCaseExecutor.execute(TestCaseExecutor.java:281)
	at com.kms.katalon.core.main.TestCaseExecutor.execute(TestCaseExecutor.java:363)
	at com.kms.katalon.core.main.TestCaseExecutor.execute(TestCaseExecutor.java:363)
	at com.kms.katalon.core.main.TestCaseExecutor.execute(TestCaseExecutor.java:363)
	at com.kms.katalon.core.main.TestSuiteExecutor.accessTestCaseMainPhase(TestSuiteExecutor.java:202)
	at com.kms.katalon.core.main.TestSuiteExecutor.accessTestSuiteMainPhase(TestSuiteExecutor.java:164)
	at com.kms.katalon.core.main.TestSuiteExecutor.execute(TestSuiteExecutor.java:105)
	at com.kms.katalon.core.main.TestCaseMain.startTestSuite(TestCaseMain.java:181)
	at com.kms.katalon.core.main.TestCaseMain$startTestSuite$0.call(Unknown Source)
	at TempTestSuite1642165037865.run(TempTestSuite1642165037865.groovy:36)
Caused by: org.openqa.selenium.ElementClickInterceptedException: element click intercepted: Element <span class="accesshide ">...</span> is not clickable at point (492, 273). Other element would receive the click: <li class="activity forum modtype_forum  hasinfo" id="module-1">...</li>
  (Session info: chrome=97.0.4692.71)
Build info: version: '3.141.59', revision: 'e82be7d358', time: '2018-11-14T08:25:53'
System info: host: 'ADMIN', ip: '192.168.1.148', os.name: 'Windows 10', os.arch: 'amd64', os.version: '10.0', java.version: '1.8.0_282'
Driver info: com.kms.katalon.selenium.driver.CChromeDriver
Capabilities {acceptInsecureCerts: false, browserName: chrome, browserVersion: 97.0.4692.71, chrome: {chromedriverVersion: 97.0.4692.71 (adefa7837d02a..., userDataDir: C:\Users\Admin\AppData\Loca...}, goog:chromeOptions: {debuggerAddress: localhost:62978}, javascriptEnabled: true, networkConnectionEnabled: false, pageLoadStrategy: normal, platform: WINDOWS, platformName: WINDOWS, proxy: Proxy(), setWindowRect: true, strictFileInteractability: false, timeouts: {implicit: 0, pageLoad: 300000, script: 30000}, unhandledPromptBehavior: dismiss and notify, webauthn:extension:credBlob: true, webauthn:extension:largeBlob: true, webauthn:virtualAuthenticators: true}
Session ID: 566e526f726f448010dfe6c90a4d0a41
	at org.openqa.selenium.remote.http.W3CHttpResponseCodec.createException(W3CHttpResponseCodec.java:187)
	at org.openqa.selenium.remote.http.W3CHttpResponseCodec.decode(W3CHttpResponseCodec.java:122)
	at org.openqa.selenium.remote.http.W3CHttpResponseCodec.decode(W3CHttpResponseCodec.java:49)
	at org.openqa.selenium.remote.HttpCommandExecutor.execute(HttpCommandExecutor.java:158)
	at org.openqa.selenium.remote.service.DriverCommandExecutor.execute(DriverCommandExecutor.java:83)
	at org.openqa.selenium.remote.RemoteWebDriver.execute(RemoteWebDriver.java:552)
	at com.kms.katalon.selenium.driver.CChromeDriver.execute(CChromeDriver.java:19)
	at org.openqa.selenium.remote.RemoteWebElement.execute(RemoteWebElement.java:285)
	at org.openqa.selenium.remote.RemoteWebElement.click(RemoteWebElement.java:84)
	at org.openqa.selenium.support.events.EventFiringWebDriver$EventFiringWebElement.lambda$new$0(EventFiringWebDriver.java:404)
	at com.sun.proxy.$Proxy11.click(Unknown Source)
	at org.openqa.selenium.support.events.EventFiringWebDriver$EventFiringWebElement.click(EventFiringWebDriver.java:417)
	at org.openqa.selenium.WebElement$click.call(Unknown Source)
	at com.kms.katalon.core.webui.keyword.builtin.ClickKeyword.clickUntilSuccessWithTimeout(ClickKeyword.groovy:81)
	at com.kms.katalon.core.webui.keyword.builtin.ClickKeyword.clickUntilSuccessWithTimeout(ClickKeyword.groovy)
	at com.kms.katalon.core.webui.keyword.builtin.ClickKeyword$_click_closure1.doCall(ClickKeyword.groovy:67)
	at com.kms.katalon.core.webui.keyword.builtin.ClickKeyword$_click_closure1.call(ClickKeyword.groovy)
	at com.kms.katalon.core.webui.keyword.internal.WebUIKeywordMain.runKeyword(WebUIKeywordMain.groovy:20)
	... 22 more]]></system-err>
      </testcase>
      <testcase name="Test Cases/25_Giáo viên xem điểm quiz" time="19.777" classname="Test Cases/25_Giáo viên xem điểm quiz" status="FAILED">
         <failure type="FAILED" message="Test Cases/25_Giáo viên xem điểm quiz FAILED.
Reason:
com.kms.katalon.core.exception.StepFailedException: Unable to click on object 'Object Repository/Page_Course Nhp mn tr tu nhn to/span_Quiz 2'
	at com.kms.katalon.core.webui.keyword.internal.WebUIKeywordMain.stepFailed(WebUIKeywordMain.groovy:64)
	at com.kms.katalon.core.webui.keyword.internal.WebUIKeywordMain.runKeyword(WebUIKeywordMain.groovy:26)
	at com.kms.katalon.core.webui.keyword.builtin.ClickKeyword.click(ClickKeyword.groovy:74)
	at com.kms.katalon.core.webui.keyword.builtin.ClickKeyword.execute(ClickKeyword.groovy:40)
	at com.kms.katalon.core.keyword.internal.KeywordExecutor.executeKeywordForPlatform(KeywordExecutor.groovy:74)
	at com.kms.katalon.core.webui.keyword.WebUiBuiltInKeywords.click(WebUiBuiltInKeywords.groovy:620)
	at com.kms.katalon.core.webui.keyword.WebUiBuiltInKeywords$click$1.call(Unknown Source)
	at 25_Giáo viên xem điểm quiz.run(25_Giáo viên xem điểm quiz:32)
	at com.kms.katalon.core.main.ScriptEngine.run(ScriptEngine.java:194)
	at com.kms.katalon.core.main.ScriptEngine.runScriptAsRawText(ScriptEngine.java:119)
	at com.kms.katalon.core.main.TestCaseExecutor.runScript(TestCaseExecutor.java:442)
	at com.kms.katalon.core.main.TestCaseExecutor.doExecute(TestCaseExecutor.java:433)
	at com.kms.katalon.core.main.TestCaseExecutor.processExecutionPhase(TestCaseExecutor.java:412)
	at com.kms.katalon.core.main.TestCaseExecutor.accessMainPhase(TestCaseExecutor.java:404)
	at com.kms.katalon.core.main.TestCaseExecutor.execute(TestCaseExecutor.java:281)
	at com.kms.katalon.core.main.TestCaseExecutor.execute(TestCaseExecutor.java:363)
	at com.kms.katalon.core.main.TestCaseExecutor.execute(TestCaseExecutor.java:363)
	at com.kms.katalon.core.main.TestCaseExecutor.execute(TestCaseExecutor.java:363)
	at com.kms.katalon.core.main.TestSuiteExecutor.accessTestCaseMainPhase(TestSuiteExecutor.java:202)
	at com.kms.katalon.core.main.TestSuiteExecutor.accessTestSuiteMainPhase(TestSuiteExecutor.java:164)
	at com.kms.katalon.core.main.TestSuiteExecutor.execute(TestSuiteExecutor.java:105)
	at com.kms.katalon.core.main.TestCaseMain.startTestSuite(TestCaseMain.java:181)
	at com.kms.katalon.core.main.TestCaseMain$startTestSuite$0.call(Unknown Source)
	at TempTestSuite1642165037865.run(TempTestSuite1642165037865.groovy:36)
Caused by: com.kms.katalon.core.webui.exception.WebElementNotFoundException: Web element with id: 'Object Repository/Page_Course Nhp mn tr tu nhn to/span_Quiz 2' located by '//li[@id='module-3']/div/div/div[2]/div/a/span' not found
	at com.kms.katalon.core.webui.common.WebUiCommonHelper.findWebElement(WebUiCommonHelper.java:1368)
	at com.kms.katalon.core.webui.keyword.internal.WebUIAbstractKeyword.findWebElement(WebUIAbstractKeyword.groovy:27)
	at com.kms.katalon.core.webui.keyword.builtin.ClickKeyword$_click_closure1.doCall(ClickKeyword.groovy:65)
	at com.kms.katalon.core.webui.keyword.builtin.ClickKeyword$_click_closure1.call(ClickKeyword.groovy)
	at com.kms.katalon.core.webui.keyword.internal.WebUIKeywordMain.runKeyword(WebUIKeywordMain.groovy:20)
	... 22 more
"/>
         <system-out><![CDATA[2022-01-14 20:33:38 - [TEST_CASE][FAILED] - Test Cases/25_Giáo viên xem điểm quiz: Test Cases/25_Giáo viên xem điểm quiz FAILED.
Reason:
com.kms.katalon.core.exception.StepFailedException: Unable to click on object 'Object Repository/Page_Course Nhp mn tr tu nhn to/span_Quiz 2'
	at com.kms.katalon.core.webui.keyword.internal.WebUIKeywordMain.stepFailed(WebUIKeywordMain.groovy:64)
	at com.kms.katalon.core.webui.keyword.internal.WebUIKeywordMain.runKeyword(WebUIKeywordMain.groovy:26)
	at com.kms.katalon.core.webui.keyword.builtin.ClickKeyword.click(ClickKeyword.groovy:74)
	at com.kms.katalon.core.webui.keyword.builtin.ClickKeyword.execute(ClickKeyword.groovy:40)
	at com.kms.katalon.core.keyword.internal.KeywordExecutor.executeKeywordForPlatform(KeywordExecutor.groovy:74)
	at com.kms.katalon.core.webui.keyword.WebUiBuiltInKeywords.click(WebUiBuiltInKeywords.groovy:620)
	at com.kms.katalon.core.webui.keyword.WebUiBuiltInKeywords$click$1.call(Unknown Source)
	at 25_Giáo viên xem điểm quiz.run(25_Giáo viên xem điểm quiz:32)
	at com.kms.katalon.core.main.ScriptEngine.run(ScriptEngine.java:194)
	at com.kms.katalon.core.main.ScriptEngine.runScriptAsRawText(ScriptEngine.java:119)
	at com.kms.katalon.core.main.TestCaseExecutor.runScript(TestCaseExecutor.java:442)
	at com.kms.katalon.core.main.TestCaseExecutor.doExecute(TestCaseExecutor.java:433)
	at com.kms.katalon.core.main.TestCaseExecutor.processExecutionPhase(TestCaseExecutor.java:412)
	at com.kms.katalon.core.main.TestCaseExecutor.accessMainPhase(TestCaseExecutor.java:404)
	at com.kms.katalon.core.main.TestCaseExecutor.execute(TestCaseExecutor.java:281)
	at com.kms.katalon.core.main.TestCaseExecutor.execute(TestCaseExecutor.java:363)
	at com.kms.katalon.core.main.TestCaseExecutor.execute(TestCaseExecutor.java:363)
	at com.kms.katalon.core.main.TestCaseExecutor.execute(TestCaseExecutor.java:363)
	at com.kms.katalon.core.main.TestSuiteExecutor.accessTestCaseMainPhase(TestSuiteExecutor.java:202)
	at com.kms.katalon.core.main.TestSuiteExecutor.accessTestSuiteMainPhase(TestSuiteExecutor.java:164)
	at com.kms.katalon.core.main.TestSuiteExecutor.execute(TestSuiteExecutor.java:105)
	at com.kms.katalon.core.main.TestCaseMain.startTestSuite(TestCaseMain.java:181)
	at com.kms.katalon.core.main.TestCaseMain$startTestSuite$0.call(Unknown Source)
	at TempTestSuite1642165037865.run(TempTestSuite1642165037865.groovy:36)
Caused by: com.kms.katalon.core.webui.exception.WebElementNotFoundException: Web element with id: 'Object Repository/Page_Course Nhp mn tr tu nhn to/span_Quiz 2' located by '//li[@id='module-3']/div/div/div[2]/div/a/span' not found
	at com.kms.katalon.core.webui.common.WebUiCommonHelper.findWebElement(WebUiCommonHelper.java:1368)
	at com.kms.katalon.core.webui.keyword.internal.WebUIAbstractKeyword.findWebElement(WebUIAbstractKeyword.groovy:27)
	at com.kms.katalon.core.webui.keyword.builtin.ClickKeyword$_click_closure1.doCall(ClickKeyword.groovy:65)
	at com.kms.katalon.core.webui.keyword.builtin.ClickKeyword$_click_closure1.call(ClickKeyword.groovy)
	at com.kms.katalon.core.webui.keyword.internal.WebUIKeywordMain.runKeyword(WebUIKeywordMain.groovy:20)
	... 22 more


2022-01-14 20:33:38 - [TEST_STEP][PASSED] - openBrowser(""): Browser is opened with url: ''

2022-01-14 20:33:38 - [MESSAGE][WARNING] - A browser is already opened. Closing browser and opening a new one

2022-01-14 20:33:39 - [MESSAGE][INFO] - Starting 'Chrome' driver

2022-01-14 20:33:39 - [MESSAGE][INFO] - Action delay is set to 0 milliseconds

2022-01-14 20:33:40 - [MESSAGE][PASSED] - Browser is opened with url: ''

2022-01-14 20:33:40 - [TEST_STEP][PASSED] - navigateToUrl("http://localhost/"): Navigate to 'http://localhost/' successfully

2022-01-14 20:33:41 - [MESSAGE][PASSED] - Navigate to 'http://localhost/' successfully

2022-01-14 20:33:41 - [TEST_STEP][PASSED] - click(findTestObject("Object Repository/Page_HCMUS/a_Nhp mn tr tu nhn to")): Object: 'Object Repository/Page_HCMUS/a_Nhp mn tr tu nhn to' is clicked on

2022-01-14 20:33:43 - [MESSAGE][PASSED] - Object: 'Object Repository/Page_HCMUS/a_Nhp mn tr tu nhn to' is clicked on

2022-01-14 20:33:43 - [TEST_STEP][PASSED] - setText(findTestObject("Object Repository/Page_HCMUS Log in to the site/input_Username_username"), "teacher1"): Text 'teacher1' is set on object 'Object Repository/Page_HCMUS Log in to the site/input_Username_username'

2022-01-14 20:33:44 - [MESSAGE][PASSED] - Text 'teacher1' is set on object 'Object Repository/Page_HCMUS Log in to the site/input_Username_username'

2022-01-14 20:33:44 - [TEST_STEP][PASSED] - setEncryptedText(findTestObject("Object Repository/Page_HCMUS Log in to the site/input_Password_password"), "iKb8CrY6A/iqm08K47hQLA=="): Text ****** has been set on object 'Object Repository/Page_HCMUS Log in to the site/input_Password_password'

2022-01-14 20:33:44 - [MESSAGE][PASSED] - Text ****** has been set on object 'Object Repository/Page_HCMUS Log in to the site/input_Password_password'

2022-01-14 20:33:45 - [TEST_STEP][PASSED] - click(findTestObject("Object Repository/Page_HCMUS Log in to the site/button_Log in")): Object: 'Object Repository/Page_HCMUS Log in to the site/button_Log in' is clicked on

2022-01-14 20:33:46 - [MESSAGE][PASSED] - Object: 'Object Repository/Page_HCMUS Log in to the site/button_Log in' is clicked on

2022-01-14 20:33:46 - [TEST_STEP][FAILED] - click(findTestObject("Object Repository/Page_Course Nhp mn tr tu nhn to/span_Quiz 2")): Unable to click on object 'Object Repository/Page_Course Nhp mn tr tu nhn to/span_Quiz 2' (Root cause: com.kms.katalon.core.exception.StepFailedException: Unable to click on object 'Object Repository/Page_Course Nhp mn tr tu nhn to/span_Quiz 2'
	at com.kms.katalon.core.webui.keyword.internal.WebUIKeywordMain.stepFailed(WebUIKeywordMain.groovy:64)
	at com.kms.katalon.core.webui.keyword.internal.WebUIKeywordMain.runKeyword(WebUIKeywordMain.groovy:26)
	at com.kms.katalon.core.webui.keyword.builtin.ClickKeyword.click(ClickKeyword.groovy:74)
	at com.kms.katalon.core.webui.keyword.builtin.ClickKeyword.execute(ClickKeyword.groovy:40)
	at com.kms.katalon.core.keyword.internal.KeywordExecutor.executeKeywordForPlatform(KeywordExecutor.groovy:74)
	at com.kms.katalon.core.webui.keyword.WebUiBuiltInKeywords.click(WebUiBuiltInKeywords.groovy:620)
	at com.kms.katalon.core.webui.keyword.WebUiBuiltInKeywords$click$1.call(Unknown Source)
	at 25_Giáo viên xem điểm quiz.run(25_Giáo viên xem điểm quiz:32)
	at com.kms.katalon.core.main.ScriptEngine.run(ScriptEngine.java:194)
	at com.kms.katalon.core.main.ScriptEngine.runScriptAsRawText(ScriptEngine.java:119)
	at com.kms.katalon.core.main.TestCaseExecutor.runScript(TestCaseExecutor.java:442)
	at com.kms.katalon.core.main.TestCaseExecutor.doExecute(TestCaseExecutor.java:433)
	at com.kms.katalon.core.main.TestCaseExecutor.processExecutionPhase(TestCaseExecutor.java:412)
	at com.kms.katalon.core.main.TestCaseExecutor.accessMainPhase(TestCaseExecutor.java:404)
	at com.kms.katalon.core.main.TestCaseExecutor.execute(TestCaseExecutor.java:281)
	at com.kms.katalon.core.main.TestCaseExecutor.execute(TestCaseExecutor.java:363)
	at com.kms.katalon.core.main.TestCaseExecutor.execute(TestCaseExecutor.java:363)
	at com.kms.katalon.core.main.TestCaseExecutor.execute(TestCaseExecutor.java:363)
	at com.kms.katalon.core.main.TestSuiteExecutor.accessTestCaseMainPhase(TestSuiteExecutor.java:202)
	at com.kms.katalon.core.main.TestSuiteExecutor.accessTestSuiteMainPhase(TestSuiteExecutor.java:164)
	at com.kms.katalon.core.main.TestSuiteExecutor.execute(TestSuiteExecutor.java:105)
	at com.kms.katalon.core.main.TestCaseMain.startTestSuite(TestCaseMain.java:181)
	at com.kms.katalon.core.main.TestCaseMain$startTestSuite$0.call(Unknown Source)
	at TempTestSuite1642165037865.run(TempTestSuite1642165037865.groovy:36)
Caused by: com.kms.katalon.core.webui.exception.WebElementNotFoundException: Web element with id: 'Object Repository/Page_Course Nhp mn tr tu nhn to/span_Quiz 2' located by '//li[@id='module-3']/div/div/div[2]/div/a/span' not found
	at com.kms.katalon.core.webui.common.WebUiCommonHelper.findWebElement(WebUiCommonHelper.java:1368)
	at com.kms.katalon.core.webui.keyword.internal.WebUIAbstractKeyword.findWebElement(WebUIAbstractKeyword.groovy:27)
	at com.kms.katalon.core.webui.keyword.builtin.ClickKeyword$_click_closure1.doCall(ClickKeyword.groovy:65)
	at com.kms.katalon.core.webui.keyword.builtin.ClickKeyword$_click_closure1.call(ClickKeyword.groovy)
	at com.kms.katalon.core.webui.keyword.internal.WebUIKeywordMain.runKeyword(WebUIKeywordMain.groovy:20)
	at com.kms.katalon.core.webui.keyword.builtin.ClickKeyword.click(ClickKeyword.groovy:74)
	at com.kms.katalon.core.webui.keyword.builtin.ClickKeyword.execute(ClickKeyword.groovy:40)
	at com.kms.katalon.core.keyword.internal.KeywordExecutor.executeKeywordForPlatform(KeywordExecutor.groovy:74)
	at com.kms.katalon.core.webui.keyword.WebUiBuiltInKeywords.click(WebUiBuiltInKeywords.groovy:620)
	at com.kms.katalon.core.webui.keyword.WebUiBuiltInKeywords$click$1.call(Unknown Source)
	at Script1641966628205.run(Script1641966628205.groovy:32)
	... 16 more
)

2022-01-14 20:33:52 - [MESSAGE][INFO] - Unable to find the element located by 'By.xpath: //li[@id='module-3']/div/div/div[2]/div/a/span'. Please recheck the objects properties to make sure the desired element is located. 

2022-01-14 20:33:52 - [MESSAGE][WARNING] - [SELF-HEALING] Failed to find element with id 'Object Repository/Page_Course Nhp mn tr tu nhn to/span_Quiz 2'. Try using Self-healing.

2022-01-14 20:33:53 - [MESSAGE][INFO] - Unable to find the element located by 'By.xpath: (.//*[normalize-space(text()) and normalize-space(.)='Topic 1'])[2]/preceding::span[1]'. Please recheck the objects properties to make sure the desired element is located. 

2022-01-14 20:33:53 - [MESSAGE][INFO] - [SELF-HEALING] Failed Locator: '//li[@id='module-3']/div/div/div[2]/div/a/span'.

2022-01-14 20:33:54 - [MESSAGE][INFO] - [SELF-HEALING] Failed Locator: '(.//*[normalize-space(text()) and normalize-space(.)='Mark as done'])[1]/following::span[1]'.

2022-01-14 20:33:54 - [MESSAGE][INFO] - [SELF-HEALING] Failed Locator: '(.//*[normalize-space(text()) and normalize-space(.)='Closed:'])[1]/following::span[1]'.

2022-01-14 20:33:54 - [MESSAGE][INFO] - [SELF-HEALING] Failed Locator: '(.//*[normalize-space(text()) and normalize-space(.)='Mark as done'])[2]/preceding::span[1]'.

2022-01-14 20:33:55 - [MESSAGE][INFO] - [SELF-HEALING] Failed Locator: '(.//*[normalize-space(text()) and normalize-space(.)='Survey 1'])[1]/preceding::span[1]'.

2022-01-14 20:33:55 - [MESSAGE][INFO] - [SELF-HEALING] Failed Locator: '//*/text()[normalize-space(.)='Quiz 2']/parent::*'.

2022-01-14 20:33:55 - [MESSAGE][INFO] - [SELF-HEALING] Failed Locator: '//li[3]/div/div/div[2]/div/a/span'.

2022-01-14 20:33:55 - [MESSAGE][INFO] - [SELF-HEALING] Failed Locator: '(.//*[normalize-space(text()) and normalize-space(.)='Topic 1'])[2]/preceding::span[1]'.

2022-01-14 20:33:56 - [MESSAGE][INFO] - Unable to find the element located by 'By.xpath: //*[(text() = 'Quiz 2' or . = 'Quiz 2')]'. Please recheck the objects properties to make sure the desired element is located. 

2022-01-14 20:33:58 - [MESSAGE][INFO] - Unable to find the element located by 'By.cssSelector: '. Please recheck the objects properties to make sure the desired element is located. 

2022-01-14 20:33:58 - [MESSAGE][FAILED] - Unable to click on object 'Object Repository/Page_Course Nhp mn tr tu nhn to/span_Quiz 2' (Root cause: com.kms.katalon.core.exception.StepFailedException: Unable to click on object 'Object Repository/Page_Course Nhp mn tr tu nhn to/span_Quiz 2'
	at com.kms.katalon.core.webui.keyword.internal.WebUIKeywordMain.stepFailed(WebUIKeywordMain.groovy:64)
	at com.kms.katalon.core.webui.keyword.internal.WebUIKeywordMain.runKeyword(WebUIKeywordMain.groovy:26)
	at com.kms.katalon.core.webui.keyword.builtin.ClickKeyword.click(ClickKeyword.groovy:74)
	at com.kms.katalon.core.webui.keyword.builtin.ClickKeyword.execute(ClickKeyword.groovy:40)
	at com.kms.katalon.core.keyword.internal.KeywordExecutor.executeKeywordForPlatform(KeywordExecutor.groovy:74)
	at com.kms.katalon.core.webui.keyword.WebUiBuiltInKeywords.click(WebUiBuiltInKeywords.groovy:620)
	at com.kms.katalon.core.webui.keyword.WebUiBuiltInKeywords$click$1.call(Unknown Source)
	at 25_Giáo viên xem điểm quiz.run(25_Giáo viên xem điểm quiz:32)
	at com.kms.katalon.core.main.ScriptEngine.run(ScriptEngine.java:194)
	at com.kms.katalon.core.main.ScriptEngine.runScriptAsRawText(ScriptEngine.java:119)
	at com.kms.katalon.core.main.TestCaseExecutor.runScript(TestCaseExecutor.java:442)
	at com.kms.katalon.core.main.TestCaseExecutor.doExecute(TestCaseExecutor.java:433)
	at com.kms.katalon.core.main.TestCaseExecutor.processExecutionPhase(TestCaseExecutor.java:412)
	at com.kms.katalon.core.main.TestCaseExecutor.accessMainPhase(TestCaseExecutor.java:404)
	at com.kms.katalon.core.main.TestCaseExecutor.execute(TestCaseExecutor.java:281)
	at com.kms.katalon.core.main.TestCaseExecutor.execute(TestCaseExecutor.java:363)
	at com.kms.katalon.core.main.TestCaseExecutor.execute(TestCaseExecutor.java:363)
	at com.kms.katalon.core.main.TestCaseExecutor.execute(TestCaseExecutor.java:363)
	at com.kms.katalon.core.main.TestSuiteExecutor.accessTestCaseMainPhase(TestSuiteExecutor.java:202)
	at com.kms.katalon.core.main.TestSuiteExecutor.accessTestSuiteMainPhase(TestSuiteExecutor.java:164)
	at com.kms.katalon.core.main.TestSuiteExecutor.execute(TestSuiteExecutor.java:105)
	at com.kms.katalon.core.main.TestCaseMain.startTestSuite(TestCaseMain.java:181)
	at com.kms.katalon.core.main.TestCaseMain$startTestSuite$0.call(Unknown Source)
	at TempTestSuite1642165037865.run(TempTestSuite1642165037865.groovy:36)
Caused by: com.kms.katalon.core.webui.exception.WebElementNotFoundException: Web element with id: 'Object Repository/Page_Course Nhp mn tr tu nhn to/span_Quiz 2' located by '//li[@id='module-3']/div/div/div[2]/div/a/span' not found
	at com.kms.katalon.core.webui.common.WebUiCommonHelper.findWebElement(WebUiCommonHelper.java:1368)
	at com.kms.katalon.core.webui.keyword.internal.WebUIAbstractKeyword.findWebElement(WebUIAbstractKeyword.groovy:27)
	at com.kms.katalon.core.webui.keyword.builtin.ClickKeyword$_click_closure1.doCall(ClickKeyword.groovy:65)
	at com.kms.katalon.core.webui.keyword.builtin.ClickKeyword$_click_closure1.call(ClickKeyword.groovy)
	at com.kms.katalon.core.webui.keyword.internal.WebUIKeywordMain.runKeyword(WebUIKeywordMain.groovy:20)
	at com.kms.katalon.core.webui.keyword.builtin.ClickKeyword.click(ClickKeyword.groovy:74)
	at com.kms.katalon.core.webui.keyword.builtin.ClickKeyword.execute(ClickKeyword.groovy:40)
	at com.kms.katalon.core.keyword.internal.KeywordExecutor.executeKeywordForPlatform(KeywordExecutor.groovy:74)
	at com.kms.katalon.core.webui.keyword.WebUiBuiltInKeywords.click(WebUiBuiltInKeywords.groovy:620)
	at com.kms.katalon.core.webui.keyword.WebUiBuiltInKeywords$click$1.call(Unknown Source)
	at Script1641966628205.run(Script1641966628205.groovy:32)
	... 16 more
)
[[ATTACHMENT|D:\\nam 3\\nhap mon CNPM\\bonus project\\Test-Automation-SE-Bonus\\Reports\\20220114_195717\\Run all test cases\\20220114_195717\\1642167238063.png]]]]></system-out>
         <system-err><![CDATA[2022-01-14 20:33:38 - [TEST_CASE][FAILED] - Test Cases/25_Giáo viên xem điểm quiz: Test Cases/25_Giáo viên xem điểm quiz FAILED.
Reason:
com.kms.katalon.core.exception.StepFailedException: Unable to click on object 'Object Repository/Page_Course Nhp mn tr tu nhn to/span_Quiz 2'
	at com.kms.katalon.core.webui.keyword.internal.WebUIKeywordMain.stepFailed(WebUIKeywordMain.groovy:64)
	at com.kms.katalon.core.webui.keyword.internal.WebUIKeywordMain.runKeyword(WebUIKeywordMain.groovy:26)
	at com.kms.katalon.core.webui.keyword.builtin.ClickKeyword.click(ClickKeyword.groovy:74)
	at com.kms.katalon.core.webui.keyword.builtin.ClickKeyword.execute(ClickKeyword.groovy:40)
	at com.kms.katalon.core.keyword.internal.KeywordExecutor.executeKeywordForPlatform(KeywordExecutor.groovy:74)
	at com.kms.katalon.core.webui.keyword.WebUiBuiltInKeywords.click(WebUiBuiltInKeywords.groovy:620)
	at com.kms.katalon.core.webui.keyword.WebUiBuiltInKeywords$click$1.call(Unknown Source)
	at 25_Giáo viên xem điểm quiz.run(25_Giáo viên xem điểm quiz:32)
	at com.kms.katalon.core.main.ScriptEngine.run(ScriptEngine.java:194)
	at com.kms.katalon.core.main.ScriptEngine.runScriptAsRawText(ScriptEngine.java:119)
	at com.kms.katalon.core.main.TestCaseExecutor.runScript(TestCaseExecutor.java:442)
	at com.kms.katalon.core.main.TestCaseExecutor.doExecute(TestCaseExecutor.java:433)
	at com.kms.katalon.core.main.TestCaseExecutor.processExecutionPhase(TestCaseExecutor.java:412)
	at com.kms.katalon.core.main.TestCaseExecutor.accessMainPhase(TestCaseExecutor.java:404)
	at com.kms.katalon.core.main.TestCaseExecutor.execute(TestCaseExecutor.java:281)
	at com.kms.katalon.core.main.TestCaseExecutor.execute(TestCaseExecutor.java:363)
	at com.kms.katalon.core.main.TestCaseExecutor.execute(TestCaseExecutor.java:363)
	at com.kms.katalon.core.main.TestCaseExecutor.execute(TestCaseExecutor.java:363)
	at com.kms.katalon.core.main.TestSuiteExecutor.accessTestCaseMainPhase(TestSuiteExecutor.java:202)
	at com.kms.katalon.core.main.TestSuiteExecutor.accessTestSuiteMainPhase(TestSuiteExecutor.java:164)
	at com.kms.katalon.core.main.TestSuiteExecutor.execute(TestSuiteExecutor.java:105)
	at com.kms.katalon.core.main.TestCaseMain.startTestSuite(TestCaseMain.java:181)
	at com.kms.katalon.core.main.TestCaseMain$startTestSuite$0.call(Unknown Source)
	at TempTestSuite1642165037865.run(TempTestSuite1642165037865.groovy:36)
Caused by: com.kms.katalon.core.webui.exception.WebElementNotFoundException: Web element with id: 'Object Repository/Page_Course Nhp mn tr tu nhn to/span_Quiz 2' located by '//li[@id='module-3']/div/div/div[2]/div/a/span' not found
	at com.kms.katalon.core.webui.common.WebUiCommonHelper.findWebElement(WebUiCommonHelper.java:1368)
	at com.kms.katalon.core.webui.keyword.internal.WebUIAbstractKeyword.findWebElement(WebUIAbstractKeyword.groovy:27)
	at com.kms.katalon.core.webui.keyword.builtin.ClickKeyword$_click_closure1.doCall(ClickKeyword.groovy:65)
	at com.kms.katalon.core.webui.keyword.builtin.ClickKeyword$_click_closure1.call(ClickKeyword.groovy)
	at com.kms.katalon.core.webui.keyword.internal.WebUIKeywordMain.runKeyword(WebUIKeywordMain.groovy:20)
	... 22 more]]></system-err>
      </testcase>
      <testcase name="Test Cases/26_Sinh viên mở đề tài thảo luận không có tiêu đề" time="16.52" classname="Test Cases/26_Sinh viên mở đề tài thảo luận không có tiêu đề" status="FAILED">
         <failure type="FAILED" message="Test Cases/26_Sinh viên mở đề tài thảo luận không có tiêu đề FAILED.
Reason:
com.kms.katalon.core.exception.StepFailedException: Unable to click on object 'Object Repository/Page_Course Nhp mn tr tu nhn to/span_Forum 1'
	at com.kms.katalon.core.webui.keyword.internal.WebUIKeywordMain.stepFailed(WebUIKeywordMain.groovy:64)
	at com.kms.katalon.core.webui.keyword.internal.WebUIKeywordMain.runKeyword(WebUIKeywordMain.groovy:26)
	at com.kms.katalon.core.webui.keyword.builtin.ClickKeyword.click(ClickKeyword.groovy:74)
	at com.kms.katalon.core.webui.keyword.builtin.ClickKeyword.execute(ClickKeyword.groovy:40)
	at com.kms.katalon.core.keyword.internal.KeywordExecutor.executeKeywordForPlatform(KeywordExecutor.groovy:74)
	at com.kms.katalon.core.webui.keyword.WebUiBuiltInKeywords.click(WebUiBuiltInKeywords.groovy:620)
	at com.kms.katalon.core.webui.keyword.WebUiBuiltInKeywords$click$1.call(Unknown Source)
	at 26_Sinh viên mở đề tài thảo luận không có tiêu đề.run(26_Sinh viên mở đề tài thảo luận không có tiêu đề:32)
	at com.kms.katalon.core.main.ScriptEngine.run(ScriptEngine.java:194)
	at com.kms.katalon.core.main.ScriptEngine.runScriptAsRawText(ScriptEngine.java:119)
	at com.kms.katalon.core.main.TestCaseExecutor.runScript(TestCaseExecutor.java:442)
	at com.kms.katalon.core.main.TestCaseExecutor.doExecute(TestCaseExecutor.java:433)
	at com.kms.katalon.core.main.TestCaseExecutor.processExecutionPhase(TestCaseExecutor.java:412)
	at com.kms.katalon.core.main.TestCaseExecutor.accessMainPhase(TestCaseExecutor.java:404)
	at com.kms.katalon.core.main.TestCaseExecutor.execute(TestCaseExecutor.java:281)
	at com.kms.katalon.core.main.TestCaseExecutor.execute(TestCaseExecutor.java:363)
	at com.kms.katalon.core.main.TestCaseExecutor.execute(TestCaseExecutor.java:363)
	at com.kms.katalon.core.main.TestCaseExecutor.execute(TestCaseExecutor.java:363)
	at com.kms.katalon.core.main.TestSuiteExecutor.accessTestCaseMainPhase(TestSuiteExecutor.java:202)
	at com.kms.katalon.core.main.TestSuiteExecutor.accessTestSuiteMainPhase(TestSuiteExecutor.java:164)
	at com.kms.katalon.core.main.TestSuiteExecutor.execute(TestSuiteExecutor.java:105)
	at com.kms.katalon.core.main.TestCaseMain.startTestSuite(TestCaseMain.java:181)
	at com.kms.katalon.core.main.TestCaseMain$startTestSuite$0.call(Unknown Source)
	at TempTestSuite1642165037865.run(TempTestSuite1642165037865.groovy:36)
Caused by: com.kms.katalon.core.webui.exception.WebElementNotFoundException: Web element with id: 'Object Repository/Page_Course Nhp mn tr tu nhn to/span_Forum 1' located by '//li[@id='module-6']/div/div/div[2]/div/a/span' not found
	at com.kms.katalon.core.webui.common.WebUiCommonHelper.findWebElement(WebUiCommonHelper.java:1368)
	at com.kms.katalon.core.webui.keyword.internal.WebUIAbstractKeyword.findWebElement(WebUIAbstractKeyword.groovy:27)
	at com.kms.katalon.core.webui.keyword.builtin.ClickKeyword$_click_closure1.doCall(ClickKeyword.groovy:65)
	at com.kms.katalon.core.webui.keyword.builtin.ClickKeyword$_click_closure1.call(ClickKeyword.groovy)
	at com.kms.katalon.core.webui.keyword.internal.WebUIKeywordMain.runKeyword(WebUIKeywordMain.groovy:20)
	... 22 more
"/>
         <system-out><![CDATA[2022-01-14 20:34:52 - [TEST_CASE][FAILED] - Test Cases/26_Sinh viên mở đề tài thảo luận không có tiêu đề: Test Cases/26_Sinh viên mở đề tài thảo luận không có tiêu đề FAILED.
Reason:
com.kms.katalon.core.exception.StepFailedException: Unable to click on object 'Object Repository/Page_Course Nhp mn tr tu nhn to/span_Forum 1'
	at com.kms.katalon.core.webui.keyword.internal.WebUIKeywordMain.stepFailed(WebUIKeywordMain.groovy:64)
	at com.kms.katalon.core.webui.keyword.internal.WebUIKeywordMain.runKeyword(WebUIKeywordMain.groovy:26)
	at com.kms.katalon.core.webui.keyword.builtin.ClickKeyword.click(ClickKeyword.groovy:74)
	at com.kms.katalon.core.webui.keyword.builtin.ClickKeyword.execute(ClickKeyword.groovy:40)
	at com.kms.katalon.core.keyword.internal.KeywordExecutor.executeKeywordForPlatform(KeywordExecutor.groovy:74)
	at com.kms.katalon.core.webui.keyword.WebUiBuiltInKeywords.click(WebUiBuiltInKeywords.groovy:620)
	at com.kms.katalon.core.webui.keyword.WebUiBuiltInKeywords$click$1.call(Unknown Source)
	at 26_Sinh viên mở đề tài thảo luận không có tiêu đề.run(26_Sinh viên mở đề tài thảo luận không có tiêu đề:32)
	at com.kms.katalon.core.main.ScriptEngine.run(ScriptEngine.java:194)
	at com.kms.katalon.core.main.ScriptEngine.runScriptAsRawText(ScriptEngine.java:119)
	at com.kms.katalon.core.main.TestCaseExecutor.runScript(TestCaseExecutor.java:442)
	at com.kms.katalon.core.main.TestCaseExecutor.doExecute(TestCaseExecutor.java:433)
	at com.kms.katalon.core.main.TestCaseExecutor.processExecutionPhase(TestCaseExecutor.java:412)
	at com.kms.katalon.core.main.TestCaseExecutor.accessMainPhase(TestCaseExecutor.java:404)
	at com.kms.katalon.core.main.TestCaseExecutor.execute(TestCaseExecutor.java:281)
	at com.kms.katalon.core.main.TestCaseExecutor.execute(TestCaseExecutor.java:363)
	at com.kms.katalon.core.main.TestCaseExecutor.execute(TestCaseExecutor.java:363)
	at com.kms.katalon.core.main.TestCaseExecutor.execute(TestCaseExecutor.java:363)
	at com.kms.katalon.core.main.TestSuiteExecutor.accessTestCaseMainPhase(TestSuiteExecutor.java:202)
	at com.kms.katalon.core.main.TestSuiteExecutor.accessTestSuiteMainPhase(TestSuiteExecutor.java:164)
	at com.kms.katalon.core.main.TestSuiteExecutor.execute(TestSuiteExecutor.java:105)
	at com.kms.katalon.core.main.TestCaseMain.startTestSuite(TestCaseMain.java:181)
	at com.kms.katalon.core.main.TestCaseMain$startTestSuite$0.call(Unknown Source)
	at TempTestSuite1642165037865.run(TempTestSuite1642165037865.groovy:36)
Caused by: com.kms.katalon.core.webui.exception.WebElementNotFoundException: Web element with id: 'Object Repository/Page_Course Nhp mn tr tu nhn to/span_Forum 1' located by '//li[@id='module-6']/div/div/div[2]/div/a/span' not found
	at com.kms.katalon.core.webui.common.WebUiCommonHelper.findWebElement(WebUiCommonHelper.java:1368)
	at com.kms.katalon.core.webui.keyword.internal.WebUIAbstractKeyword.findWebElement(WebUIAbstractKeyword.groovy:27)
	at com.kms.katalon.core.webui.keyword.builtin.ClickKeyword$_click_closure1.doCall(ClickKeyword.groovy:65)
	at com.kms.katalon.core.webui.keyword.builtin.ClickKeyword$_click_closure1.call(ClickKeyword.groovy)
	at com.kms.katalon.core.webui.keyword.internal.WebUIKeywordMain.runKeyword(WebUIKeywordMain.groovy:20)
	... 22 more


2022-01-14 20:34:52 - [TEST_STEP][PASSED] - openBrowser(""): Browser is opened with url: ''

2022-01-14 20:34:52 - [MESSAGE][WARNING] - A browser is already opened. Closing browser and opening a new one

2022-01-14 20:34:53 - [MESSAGE][INFO] - Starting 'Chrome' driver

2022-01-14 20:34:53 - [MESSAGE][INFO] - Action delay is set to 0 milliseconds

2022-01-14 20:34:54 - [MESSAGE][PASSED] - Browser is opened with url: ''

2022-01-14 20:34:54 - [TEST_STEP][PASSED] - navigateToUrl("http://localhost/"): Navigate to 'http://localhost/' successfully

2022-01-14 20:34:55 - [MESSAGE][PASSED] - Navigate to 'http://localhost/' successfully

2022-01-14 20:34:55 - [TEST_STEP][PASSED] - click(findTestObject("Object Repository/Page_HCMUS/a_Nhp mn tr tu nhn to")): Object: 'Object Repository/Page_HCMUS/a_Nhp mn tr tu nhn to' is clicked on

2022-01-14 20:34:56 - [MESSAGE][PASSED] - Object: 'Object Repository/Page_HCMUS/a_Nhp mn tr tu nhn to' is clicked on

2022-01-14 20:34:56 - [TEST_STEP][PASSED] - setText(findTestObject("Object Repository/Page_HCMUS Log in to the site/input_Username_username"), "student3"): Text 'student3' is set on object 'Object Repository/Page_HCMUS Log in to the site/input_Username_username'

2022-01-14 20:34:56 - [MESSAGE][PASSED] - Text 'student3' is set on object 'Object Repository/Page_HCMUS Log in to the site/input_Username_username'

2022-01-14 20:34:56 - [TEST_STEP][PASSED] - setEncryptedText(findTestObject("Object Repository/Page_HCMUS Log in to the site/input_Password_password"), "xsue+lrReh7u7aVNaHEoWw=="): Text ****** has been set on object 'Object Repository/Page_HCMUS Log in to the site/input_Password_password'

2022-01-14 20:34:57 - [MESSAGE][PASSED] - Text ****** has been set on object 'Object Repository/Page_HCMUS Log in to the site/input_Password_password'

2022-01-14 20:34:57 - [TEST_STEP][PASSED] - click(findTestObject("Object Repository/Page_HCMUS Log in to the site/button_Log in")): Object: 'Object Repository/Page_HCMUS Log in to the site/button_Log in' is clicked on

2022-01-14 20:34:58 - [MESSAGE][PASSED] - Object: 'Object Repository/Page_HCMUS Log in to the site/button_Log in' is clicked on

2022-01-14 20:34:58 - [TEST_STEP][FAILED] - click(findTestObject("Object Repository/Page_Course Nhp mn tr tu nhn to/span_Forum 1")): Unable to click on object 'Object Repository/Page_Course Nhp mn tr tu nhn to/span_Forum 1' (Root cause: com.kms.katalon.core.exception.StepFailedException: Unable to click on object 'Object Repository/Page_Course Nhp mn tr tu nhn to/span_Forum 1'
	at com.kms.katalon.core.webui.keyword.internal.WebUIKeywordMain.stepFailed(WebUIKeywordMain.groovy:64)
	at com.kms.katalon.core.webui.keyword.internal.WebUIKeywordMain.runKeyword(WebUIKeywordMain.groovy:26)
	at com.kms.katalon.core.webui.keyword.builtin.ClickKeyword.click(ClickKeyword.groovy:74)
	at com.kms.katalon.core.webui.keyword.builtin.ClickKeyword.execute(ClickKeyword.groovy:40)
	at com.kms.katalon.core.keyword.internal.KeywordExecutor.executeKeywordForPlatform(KeywordExecutor.groovy:74)
	at com.kms.katalon.core.webui.keyword.WebUiBuiltInKeywords.click(WebUiBuiltInKeywords.groovy:620)
	at com.kms.katalon.core.webui.keyword.WebUiBuiltInKeywords$click$1.call(Unknown Source)
	at 26_Sinh viên mở đề tài thảo luận không có tiêu đề.run(26_Sinh viên mở đề tài thảo luận không có tiêu đề:32)
	at com.kms.katalon.core.main.ScriptEngine.run(ScriptEngine.java:194)
	at com.kms.katalon.core.main.ScriptEngine.runScriptAsRawText(ScriptEngine.java:119)
	at com.kms.katalon.core.main.TestCaseExecutor.runScript(TestCaseExecutor.java:442)
	at com.kms.katalon.core.main.TestCaseExecutor.doExecute(TestCaseExecutor.java:433)
	at com.kms.katalon.core.main.TestCaseExecutor.processExecutionPhase(TestCaseExecutor.java:412)
	at com.kms.katalon.core.main.TestCaseExecutor.accessMainPhase(TestCaseExecutor.java:404)
	at com.kms.katalon.core.main.TestCaseExecutor.execute(TestCaseExecutor.java:281)
	at com.kms.katalon.core.main.TestCaseExecutor.execute(TestCaseExecutor.java:363)
	at com.kms.katalon.core.main.TestCaseExecutor.execute(TestCaseExecutor.java:363)
	at com.kms.katalon.core.main.TestCaseExecutor.execute(TestCaseExecutor.java:363)
	at com.kms.katalon.core.main.TestSuiteExecutor.accessTestCaseMainPhase(TestSuiteExecutor.java:202)
	at com.kms.katalon.core.main.TestSuiteExecutor.accessTestSuiteMainPhase(TestSuiteExecutor.java:164)
	at com.kms.katalon.core.main.TestSuiteExecutor.execute(TestSuiteExecutor.java:105)
	at com.kms.katalon.core.main.TestCaseMain.startTestSuite(TestCaseMain.java:181)
	at com.kms.katalon.core.main.TestCaseMain$startTestSuite$0.call(Unknown Source)
	at TempTestSuite1642165037865.run(TempTestSuite1642165037865.groovy:36)
Caused by: com.kms.katalon.core.webui.exception.WebElementNotFoundException: Web element with id: 'Object Repository/Page_Course Nhp mn tr tu nhn to/span_Forum 1' located by '//li[@id='module-6']/div/div/div[2]/div/a/span' not found
	at com.kms.katalon.core.webui.common.WebUiCommonHelper.findWebElement(WebUiCommonHelper.java:1368)
	at com.kms.katalon.core.webui.keyword.internal.WebUIAbstractKeyword.findWebElement(WebUIAbstractKeyword.groovy:27)
	at com.kms.katalon.core.webui.keyword.builtin.ClickKeyword$_click_closure1.doCall(ClickKeyword.groovy:65)
	at com.kms.katalon.core.webui.keyword.builtin.ClickKeyword$_click_closure1.call(ClickKeyword.groovy)
	at com.kms.katalon.core.webui.keyword.internal.WebUIKeywordMain.runKeyword(WebUIKeywordMain.groovy:20)
	at com.kms.katalon.core.webui.keyword.builtin.ClickKeyword.click(ClickKeyword.groovy:74)
	at com.kms.katalon.core.webui.keyword.builtin.ClickKeyword.execute(ClickKeyword.groovy:40)
	at com.kms.katalon.core.keyword.internal.KeywordExecutor.executeKeywordForPlatform(KeywordExecutor.groovy:74)
	at com.kms.katalon.core.webui.keyword.WebUiBuiltInKeywords.click(WebUiBuiltInKeywords.groovy:620)
	at com.kms.katalon.core.webui.keyword.WebUiBuiltInKeywords$click$1.call(Unknown Source)
	at Script1641966780402.run(Script1641966780402.groovy:32)
	... 16 more
)

2022-01-14 20:35:04 - [MESSAGE][INFO] - Unable to find the element located by 'By.xpath: //li[@id='module-6']/div/div/div[2]/div/a/span'. Please recheck the objects properties to make sure the desired element is located. 

2022-01-14 20:35:04 - [MESSAGE][WARNING] - [SELF-HEALING] Failed to find element with id 'Object Repository/Page_Course Nhp mn tr tu nhn to/span_Forum 1'. Try using Self-healing.

2022-01-14 20:35:04 - [MESSAGE][INFO] - [SELF-HEALING] Failed Locator: '//li[@id='module-6']/div/div/div[2]/div/a/span'.

2022-01-14 20:35:05 - [MESSAGE][INFO] - [SELF-HEALING] Failed Locator: '(.//*[normalize-space(text()) and normalize-space(.)='Mark as done'])[3]/following::span[1]'.

2022-01-14 20:35:05 - [MESSAGE][INFO] - [SELF-HEALING] Failed Locator: '(.//*[normalize-space(text()) and normalize-space(.)='Survey 1'])[1]/following::span[1]'.

2022-01-14 20:35:05 - [MESSAGE][INFO] - [SELF-HEALING] Failed Locator: '(.//*[normalize-space(text()) and normalize-space(.)='Mark as done'])[4]/preceding::span[1]'.

2022-01-14 20:35:06 - [MESSAGE][INFO] - [SELF-HEALING] Failed Locator: '//*/text()[normalize-space(.)='Forum 1']/parent::*'.

2022-01-14 20:35:06 - [MESSAGE][INFO] - [SELF-HEALING] Failed Locator: '//li[5]/div/div/div[2]/div/a/span'.

2022-01-14 20:35:06 - [MESSAGE][INFO] - [SELF-HEALING] Failed Locator: '//li[@id='module-5']/div/div/div[2]/div/a/span'.

2022-01-14 20:35:07 - [MESSAGE][INFO] - Unable to find the element located by 'By.xpath: //*[(text() = 'Forum 1' or . = 'Forum 1')]'. Please recheck the objects properties to make sure the desired element is located. 

2022-01-14 20:35:08 - [MESSAGE][INFO] - Unable to find the element located by 'By.cssSelector: '. Please recheck the objects properties to make sure the desired element is located. 

2022-01-14 20:35:08 - [MESSAGE][FAILED] - Unable to click on object 'Object Repository/Page_Course Nhp mn tr tu nhn to/span_Forum 1' (Root cause: com.kms.katalon.core.exception.StepFailedException: Unable to click on object 'Object Repository/Page_Course Nhp mn tr tu nhn to/span_Forum 1'
	at com.kms.katalon.core.webui.keyword.internal.WebUIKeywordMain.stepFailed(WebUIKeywordMain.groovy:64)
	at com.kms.katalon.core.webui.keyword.internal.WebUIKeywordMain.runKeyword(WebUIKeywordMain.groovy:26)
	at com.kms.katalon.core.webui.keyword.builtin.ClickKeyword.click(ClickKeyword.groovy:74)
	at com.kms.katalon.core.webui.keyword.builtin.ClickKeyword.execute(ClickKeyword.groovy:40)
	at com.kms.katalon.core.keyword.internal.KeywordExecutor.executeKeywordForPlatform(KeywordExecutor.groovy:74)
	at com.kms.katalon.core.webui.keyword.WebUiBuiltInKeywords.click(WebUiBuiltInKeywords.groovy:620)
	at com.kms.katalon.core.webui.keyword.WebUiBuiltInKeywords$click$1.call(Unknown Source)
	at 26_Sinh viên mở đề tài thảo luận không có tiêu đề.run(26_Sinh viên mở đề tài thảo luận không có tiêu đề:32)
	at com.kms.katalon.core.main.ScriptEngine.run(ScriptEngine.java:194)
	at com.kms.katalon.core.main.ScriptEngine.runScriptAsRawText(ScriptEngine.java:119)
	at com.kms.katalon.core.main.TestCaseExecutor.runScript(TestCaseExecutor.java:442)
	at com.kms.katalon.core.main.TestCaseExecutor.doExecute(TestCaseExecutor.java:433)
	at com.kms.katalon.core.main.TestCaseExecutor.processExecutionPhase(TestCaseExecutor.java:412)
	at com.kms.katalon.core.main.TestCaseExecutor.accessMainPhase(TestCaseExecutor.java:404)
	at com.kms.katalon.core.main.TestCaseExecutor.execute(TestCaseExecutor.java:281)
	at com.kms.katalon.core.main.TestCaseExecutor.execute(TestCaseExecutor.java:363)
	at com.kms.katalon.core.main.TestCaseExecutor.execute(TestCaseExecutor.java:363)
	at com.kms.katalon.core.main.TestCaseExecutor.execute(TestCaseExecutor.java:363)
	at com.kms.katalon.core.main.TestSuiteExecutor.accessTestCaseMainPhase(TestSuiteExecutor.java:202)
	at com.kms.katalon.core.main.TestSuiteExecutor.accessTestSuiteMainPhase(TestSuiteExecutor.java:164)
	at com.kms.katalon.core.main.TestSuiteExecutor.execute(TestSuiteExecutor.java:105)
	at com.kms.katalon.core.main.TestCaseMain.startTestSuite(TestCaseMain.java:181)
	at com.kms.katalon.core.main.TestCaseMain$startTestSuite$0.call(Unknown Source)
	at TempTestSuite1642165037865.run(TempTestSuite1642165037865.groovy:36)
Caused by: com.kms.katalon.core.webui.exception.WebElementNotFoundException: Web element with id: 'Object Repository/Page_Course Nhp mn tr tu nhn to/span_Forum 1' located by '//li[@id='module-6']/div/div/div[2]/div/a/span' not found
	at com.kms.katalon.core.webui.common.WebUiCommonHelper.findWebElement(WebUiCommonHelper.java:1368)
	at com.kms.katalon.core.webui.keyword.internal.WebUIAbstractKeyword.findWebElement(WebUIAbstractKeyword.groovy:27)
	at com.kms.katalon.core.webui.keyword.builtin.ClickKeyword$_click_closure1.doCall(ClickKeyword.groovy:65)
	at com.kms.katalon.core.webui.keyword.builtin.ClickKeyword$_click_closure1.call(ClickKeyword.groovy)
	at com.kms.katalon.core.webui.keyword.internal.WebUIKeywordMain.runKeyword(WebUIKeywordMain.groovy:20)
	at com.kms.katalon.core.webui.keyword.builtin.ClickKeyword.click(ClickKeyword.groovy:74)
	at com.kms.katalon.core.webui.keyword.builtin.ClickKeyword.execute(ClickKeyword.groovy:40)
	at com.kms.katalon.core.keyword.internal.KeywordExecutor.executeKeywordForPlatform(KeywordExecutor.groovy:74)
	at com.kms.katalon.core.webui.keyword.WebUiBuiltInKeywords.click(WebUiBuiltInKeywords.groovy:620)
	at com.kms.katalon.core.webui.keyword.WebUiBuiltInKeywords$click$1.call(Unknown Source)
	at Script1641966780402.run(Script1641966780402.groovy:32)
	... 16 more
)
[[ATTACHMENT|D:\\nam 3\\nhap mon CNPM\\bonus project\\Test-Automation-SE-Bonus\\Reports\\20220114_195717\\Run all test cases\\20220114_195717\\1642167308617.png]]]]></system-out>
         <system-err><![CDATA[2022-01-14 20:34:52 - [TEST_CASE][FAILED] - Test Cases/26_Sinh viên mở đề tài thảo luận không có tiêu đề: Test Cases/26_Sinh viên mở đề tài thảo luận không có tiêu đề FAILED.
Reason:
com.kms.katalon.core.exception.StepFailedException: Unable to click on object 'Object Repository/Page_Course Nhp mn tr tu nhn to/span_Forum 1'
	at com.kms.katalon.core.webui.keyword.internal.WebUIKeywordMain.stepFailed(WebUIKeywordMain.groovy:64)
	at com.kms.katalon.core.webui.keyword.internal.WebUIKeywordMain.runKeyword(WebUIKeywordMain.groovy:26)
	at com.kms.katalon.core.webui.keyword.builtin.ClickKeyword.click(ClickKeyword.groovy:74)
	at com.kms.katalon.core.webui.keyword.builtin.ClickKeyword.execute(ClickKeyword.groovy:40)
	at com.kms.katalon.core.keyword.internal.KeywordExecutor.executeKeywordForPlatform(KeywordExecutor.groovy:74)
	at com.kms.katalon.core.webui.keyword.WebUiBuiltInKeywords.click(WebUiBuiltInKeywords.groovy:620)
	at com.kms.katalon.core.webui.keyword.WebUiBuiltInKeywords$click$1.call(Unknown Source)
	at 26_Sinh viên mở đề tài thảo luận không có tiêu đề.run(26_Sinh viên mở đề tài thảo luận không có tiêu đề:32)
	at com.kms.katalon.core.main.ScriptEngine.run(ScriptEngine.java:194)
	at com.kms.katalon.core.main.ScriptEngine.runScriptAsRawText(ScriptEngine.java:119)
	at com.kms.katalon.core.main.TestCaseExecutor.runScript(TestCaseExecutor.java:442)
	at com.kms.katalon.core.main.TestCaseExecutor.doExecute(TestCaseExecutor.java:433)
	at com.kms.katalon.core.main.TestCaseExecutor.processExecutionPhase(TestCaseExecutor.java:412)
	at com.kms.katalon.core.main.TestCaseExecutor.accessMainPhase(TestCaseExecutor.java:404)
	at com.kms.katalon.core.main.TestCaseExecutor.execute(TestCaseExecutor.java:281)
	at com.kms.katalon.core.main.TestCaseExecutor.execute(TestCaseExecutor.java:363)
	at com.kms.katalon.core.main.TestCaseExecutor.execute(TestCaseExecutor.java:363)
	at com.kms.katalon.core.main.TestCaseExecutor.execute(TestCaseExecutor.java:363)
	at com.kms.katalon.core.main.TestSuiteExecutor.accessTestCaseMainPhase(TestSuiteExecutor.java:202)
	at com.kms.katalon.core.main.TestSuiteExecutor.accessTestSuiteMainPhase(TestSuiteExecutor.java:164)
	at com.kms.katalon.core.main.TestSuiteExecutor.execute(TestSuiteExecutor.java:105)
	at com.kms.katalon.core.main.TestCaseMain.startTestSuite(TestCaseMain.java:181)
	at com.kms.katalon.core.main.TestCaseMain$startTestSuite$0.call(Unknown Source)
	at TempTestSuite1642165037865.run(TempTestSuite1642165037865.groovy:36)
Caused by: com.kms.katalon.core.webui.exception.WebElementNotFoundException: Web element with id: 'Object Repository/Page_Course Nhp mn tr tu nhn to/span_Forum 1' located by '//li[@id='module-6']/div/div/div[2]/div/a/span' not found
	at com.kms.katalon.core.webui.common.WebUiCommonHelper.findWebElement(WebUiCommonHelper.java:1368)
	at com.kms.katalon.core.webui.keyword.internal.WebUIAbstractKeyword.findWebElement(WebUIAbstractKeyword.groovy:27)
	at com.kms.katalon.core.webui.keyword.builtin.ClickKeyword$_click_closure1.doCall(ClickKeyword.groovy:65)
	at com.kms.katalon.core.webui.keyword.builtin.ClickKeyword$_click_closure1.call(ClickKeyword.groovy)
	at com.kms.katalon.core.webui.keyword.internal.WebUIKeywordMain.runKeyword(WebUIKeywordMain.groovy:20)
	... 22 more]]></system-err>
      </testcase>
      <testcase name="Test Cases/27_Sinh viên mở một đề tài thảo luận với thông tin chính xác" time="17.822" classname="Test Cases/27_Sinh viên mở một đề tài thảo luận với thông tin chính xác" status="FAILED">
         <failure type="FAILED" message="Test Cases/27_Sinh viên mở một đề tài thảo luận với thông tin chính xác FAILED.
Reason:
com.kms.katalon.core.exception.StepFailedException: Unable to click on object 'Object Repository/Page_Course Nhp mn tr tu nhn to/span_Forum 1'
	at com.kms.katalon.core.webui.keyword.internal.WebUIKeywordMain.stepFailed(WebUIKeywordMain.groovy:64)
	at com.kms.katalon.core.webui.keyword.internal.WebUIKeywordMain.runKeyword(WebUIKeywordMain.groovy:26)
	at com.kms.katalon.core.webui.keyword.builtin.ClickKeyword.click(ClickKeyword.groovy:74)
	at com.kms.katalon.core.webui.keyword.builtin.ClickKeyword.execute(ClickKeyword.groovy:40)
	at com.kms.katalon.core.keyword.internal.KeywordExecutor.executeKeywordForPlatform(KeywordExecutor.groovy:74)
	at com.kms.katalon.core.webui.keyword.WebUiBuiltInKeywords.click(WebUiBuiltInKeywords.groovy:620)
	at com.kms.katalon.core.webui.keyword.WebUiBuiltInKeywords$click$1.call(Unknown Source)
	at 27_Sinh viên mở một đề tài thảo luận với thông tin chính xác.run(27_Sinh viên mở một đề tài thảo luận với thông tin chính xác:32)
	at com.kms.katalon.core.main.ScriptEngine.run(ScriptEngine.java:194)
	at com.kms.katalon.core.main.ScriptEngine.runScriptAsRawText(ScriptEngine.java:119)
	at com.kms.katalon.core.main.TestCaseExecutor.runScript(TestCaseExecutor.java:442)
	at com.kms.katalon.core.main.TestCaseExecutor.doExecute(TestCaseExecutor.java:433)
	at com.kms.katalon.core.main.TestCaseExecutor.processExecutionPhase(TestCaseExecutor.java:412)
	at com.kms.katalon.core.main.TestCaseExecutor.accessMainPhase(TestCaseExecutor.java:404)
	at com.kms.katalon.core.main.TestCaseExecutor.execute(TestCaseExecutor.java:281)
	at com.kms.katalon.core.main.TestCaseExecutor.execute(TestCaseExecutor.java:363)
	at com.kms.katalon.core.main.TestCaseExecutor.execute(TestCaseExecutor.java:363)
	at com.kms.katalon.core.main.TestCaseExecutor.execute(TestCaseExecutor.java:363)
	at com.kms.katalon.core.main.TestSuiteExecutor.accessTestCaseMainPhase(TestSuiteExecutor.java:202)
	at com.kms.katalon.core.main.TestSuiteExecutor.accessTestSuiteMainPhase(TestSuiteExecutor.java:164)
	at com.kms.katalon.core.main.TestSuiteExecutor.execute(TestSuiteExecutor.java:105)
	at com.kms.katalon.core.main.TestCaseMain.startTestSuite(TestCaseMain.java:181)
	at com.kms.katalon.core.main.TestCaseMain$startTestSuite$0.call(Unknown Source)
	at TempTestSuite1642165037865.run(TempTestSuite1642165037865.groovy:36)
Caused by: com.kms.katalon.core.webui.exception.WebElementNotFoundException: Web element with id: 'Object Repository/Page_Course Nhp mn tr tu nhn to/span_Forum 1' located by '//li[@id='module-6']/div/div/div[2]/div/a/span' not found
	at com.kms.katalon.core.webui.common.WebUiCommonHelper.findWebElement(WebUiCommonHelper.java:1368)
	at com.kms.katalon.core.webui.keyword.internal.WebUIAbstractKeyword.findWebElement(WebUIAbstractKeyword.groovy:27)
	at com.kms.katalon.core.webui.keyword.builtin.ClickKeyword$_click_closure1.doCall(ClickKeyword.groovy:65)
	at com.kms.katalon.core.webui.keyword.builtin.ClickKeyword$_click_closure1.call(ClickKeyword.groovy)
	at com.kms.katalon.core.webui.keyword.internal.WebUIKeywordMain.runKeyword(WebUIKeywordMain.groovy:20)
	... 22 more
"/>
         <system-out><![CDATA[2022-01-14 20:36:21 - [TEST_CASE][FAILED] - Test Cases/27_Sinh viên mở một đề tài thảo luận với thông tin chính xác: Test Cases/27_Sinh viên mở một đề tài thảo luận với thông tin chính xác FAILED.
Reason:
com.kms.katalon.core.exception.StepFailedException: Unable to click on object 'Object Repository/Page_Course Nhp mn tr tu nhn to/span_Forum 1'
	at com.kms.katalon.core.webui.keyword.internal.WebUIKeywordMain.stepFailed(WebUIKeywordMain.groovy:64)
	at com.kms.katalon.core.webui.keyword.internal.WebUIKeywordMain.runKeyword(WebUIKeywordMain.groovy:26)
	at com.kms.katalon.core.webui.keyword.builtin.ClickKeyword.click(ClickKeyword.groovy:74)
	at com.kms.katalon.core.webui.keyword.builtin.ClickKeyword.execute(ClickKeyword.groovy:40)
	at com.kms.katalon.core.keyword.internal.KeywordExecutor.executeKeywordForPlatform(KeywordExecutor.groovy:74)
	at com.kms.katalon.core.webui.keyword.WebUiBuiltInKeywords.click(WebUiBuiltInKeywords.groovy:620)
	at com.kms.katalon.core.webui.keyword.WebUiBuiltInKeywords$click$1.call(Unknown Source)
	at 27_Sinh viên mở một đề tài thảo luận với thông tin chính xác.run(27_Sinh viên mở một đề tài thảo luận với thông tin chính xác:32)
	at com.kms.katalon.core.main.ScriptEngine.run(ScriptEngine.java:194)
	at com.kms.katalon.core.main.ScriptEngine.runScriptAsRawText(ScriptEngine.java:119)
	at com.kms.katalon.core.main.TestCaseExecutor.runScript(TestCaseExecutor.java:442)
	at com.kms.katalon.core.main.TestCaseExecutor.doExecute(TestCaseExecutor.java:433)
	at com.kms.katalon.core.main.TestCaseExecutor.processExecutionPhase(TestCaseExecutor.java:412)
	at com.kms.katalon.core.main.TestCaseExecutor.accessMainPhase(TestCaseExecutor.java:404)
	at com.kms.katalon.core.main.TestCaseExecutor.execute(TestCaseExecutor.java:281)
	at com.kms.katalon.core.main.TestCaseExecutor.execute(TestCaseExecutor.java:363)
	at com.kms.katalon.core.main.TestCaseExecutor.execute(TestCaseExecutor.java:363)
	at com.kms.katalon.core.main.TestCaseExecutor.execute(TestCaseExecutor.java:363)
	at com.kms.katalon.core.main.TestSuiteExecutor.accessTestCaseMainPhase(TestSuiteExecutor.java:202)
	at com.kms.katalon.core.main.TestSuiteExecutor.accessTestSuiteMainPhase(TestSuiteExecutor.java:164)
	at com.kms.katalon.core.main.TestSuiteExecutor.execute(TestSuiteExecutor.java:105)
	at com.kms.katalon.core.main.TestCaseMain.startTestSuite(TestCaseMain.java:181)
	at com.kms.katalon.core.main.TestCaseMain$startTestSuite$0.call(Unknown Source)
	at TempTestSuite1642165037865.run(TempTestSuite1642165037865.groovy:36)
Caused by: com.kms.katalon.core.webui.exception.WebElementNotFoundException: Web element with id: 'Object Repository/Page_Course Nhp mn tr tu nhn to/span_Forum 1' located by '//li[@id='module-6']/div/div/div[2]/div/a/span' not found
	at com.kms.katalon.core.webui.common.WebUiCommonHelper.findWebElement(WebUiCommonHelper.java:1368)
	at com.kms.katalon.core.webui.keyword.internal.WebUIAbstractKeyword.findWebElement(WebUIAbstractKeyword.groovy:27)
	at com.kms.katalon.core.webui.keyword.builtin.ClickKeyword$_click_closure1.doCall(ClickKeyword.groovy:65)
	at com.kms.katalon.core.webui.keyword.builtin.ClickKeyword$_click_closure1.call(ClickKeyword.groovy)
	at com.kms.katalon.core.webui.keyword.internal.WebUIKeywordMain.runKeyword(WebUIKeywordMain.groovy:20)
	... 22 more


2022-01-14 20:36:21 - [TEST_STEP][PASSED] - openBrowser(""): Browser is opened with url: ''

2022-01-14 20:36:21 - [MESSAGE][WARNING] - A browser is already opened. Closing browser and opening a new one

2022-01-14 20:36:22 - [MESSAGE][INFO] - Starting 'Chrome' driver

2022-01-14 20:36:22 - [MESSAGE][INFO] - Action delay is set to 0 milliseconds

2022-01-14 20:36:23 - [MESSAGE][PASSED] - Browser is opened with url: ''

2022-01-14 20:36:23 - [TEST_STEP][PASSED] - navigateToUrl("http://localhost/"): Navigate to 'http://localhost/' successfully

2022-01-14 20:36:24 - [MESSAGE][PASSED] - Navigate to 'http://localhost/' successfully

2022-01-14 20:36:24 - [TEST_STEP][PASSED] - click(findTestObject("Object Repository/Page_HCMUS/a_Nhp mn tr tu nhn to")): Object: 'Object Repository/Page_HCMUS/a_Nhp mn tr tu nhn to' is clicked on

2022-01-14 20:36:25 - [MESSAGE][PASSED] - Object: 'Object Repository/Page_HCMUS/a_Nhp mn tr tu nhn to' is clicked on

2022-01-14 20:36:25 - [TEST_STEP][PASSED] - setText(findTestObject("Object Repository/Page_HCMUS Log in to the site/input_Username_username"), "student3"): Text 'student3' is set on object 'Object Repository/Page_HCMUS Log in to the site/input_Username_username'

2022-01-14 20:36:26 - [MESSAGE][PASSED] - Text 'student3' is set on object 'Object Repository/Page_HCMUS Log in to the site/input_Username_username'

2022-01-14 20:36:26 - [TEST_STEP][PASSED] - setEncryptedText(findTestObject("Object Repository/Page_HCMUS Log in to the site/input_Password_password"), "xsue+lrReh7u7aVNaHEoWw=="): Text ****** has been set on object 'Object Repository/Page_HCMUS Log in to the site/input_Password_password'

2022-01-14 20:36:27 - [MESSAGE][PASSED] - Text ****** has been set on object 'Object Repository/Page_HCMUS Log in to the site/input_Password_password'

2022-01-14 20:36:27 - [TEST_STEP][PASSED] - click(findTestObject("Object Repository/Page_HCMUS Log in to the site/button_Log in")): Object: 'Object Repository/Page_HCMUS Log in to the site/button_Log in' is clicked on

2022-01-14 20:36:28 - [MESSAGE][PASSED] - Object: 'Object Repository/Page_HCMUS Log in to the site/button_Log in' is clicked on

2022-01-14 20:36:28 - [TEST_STEP][FAILED] - click(findTestObject("Object Repository/Page_Course Nhp mn tr tu nhn to/span_Forum 1")): Unable to click on object 'Object Repository/Page_Course Nhp mn tr tu nhn to/span_Forum 1' (Root cause: com.kms.katalon.core.exception.StepFailedException: Unable to click on object 'Object Repository/Page_Course Nhp mn tr tu nhn to/span_Forum 1'
	at com.kms.katalon.core.webui.keyword.internal.WebUIKeywordMain.stepFailed(WebUIKeywordMain.groovy:64)
	at com.kms.katalon.core.webui.keyword.internal.WebUIKeywordMain.runKeyword(WebUIKeywordMain.groovy:26)
	at com.kms.katalon.core.webui.keyword.builtin.ClickKeyword.click(ClickKeyword.groovy:74)
	at com.kms.katalon.core.webui.keyword.builtin.ClickKeyword.execute(ClickKeyword.groovy:40)
	at com.kms.katalon.core.keyword.internal.KeywordExecutor.executeKeywordForPlatform(KeywordExecutor.groovy:74)
	at com.kms.katalon.core.webui.keyword.WebUiBuiltInKeywords.click(WebUiBuiltInKeywords.groovy:620)
	at com.kms.katalon.core.webui.keyword.WebUiBuiltInKeywords$click$1.call(Unknown Source)
	at 27_Sinh viên mở một đề tài thảo luận với thông tin chính xác.run(27_Sinh viên mở một đề tài thảo luận với thông tin chính xác:32)
	at com.kms.katalon.core.main.ScriptEngine.run(ScriptEngine.java:194)
	at com.kms.katalon.core.main.ScriptEngine.runScriptAsRawText(ScriptEngine.java:119)
	at com.kms.katalon.core.main.TestCaseExecutor.runScript(TestCaseExecutor.java:442)
	at com.kms.katalon.core.main.TestCaseExecutor.doExecute(TestCaseExecutor.java:433)
	at com.kms.katalon.core.main.TestCaseExecutor.processExecutionPhase(TestCaseExecutor.java:412)
	at com.kms.katalon.core.main.TestCaseExecutor.accessMainPhase(TestCaseExecutor.java:404)
	at com.kms.katalon.core.main.TestCaseExecutor.execute(TestCaseExecutor.java:281)
	at com.kms.katalon.core.main.TestCaseExecutor.execute(TestCaseExecutor.java:363)
	at com.kms.katalon.core.main.TestCaseExecutor.execute(TestCaseExecutor.java:363)
	at com.kms.katalon.core.main.TestCaseExecutor.execute(TestCaseExecutor.java:363)
	at com.kms.katalon.core.main.TestSuiteExecutor.accessTestCaseMainPhase(TestSuiteExecutor.java:202)
	at com.kms.katalon.core.main.TestSuiteExecutor.accessTestSuiteMainPhase(TestSuiteExecutor.java:164)
	at com.kms.katalon.core.main.TestSuiteExecutor.execute(TestSuiteExecutor.java:105)
	at com.kms.katalon.core.main.TestCaseMain.startTestSuite(TestCaseMain.java:181)
	at com.kms.katalon.core.main.TestCaseMain$startTestSuite$0.call(Unknown Source)
	at TempTestSuite1642165037865.run(TempTestSuite1642165037865.groovy:36)
Caused by: com.kms.katalon.core.webui.exception.WebElementNotFoundException: Web element with id: 'Object Repository/Page_Course Nhp mn tr tu nhn to/span_Forum 1' located by '//li[@id='module-6']/div/div/div[2]/div/a/span' not found
	at com.kms.katalon.core.webui.common.WebUiCommonHelper.findWebElement(WebUiCommonHelper.java:1368)
	at com.kms.katalon.core.webui.keyword.internal.WebUIAbstractKeyword.findWebElement(WebUIAbstractKeyword.groovy:27)
	at com.kms.katalon.core.webui.keyword.builtin.ClickKeyword$_click_closure1.doCall(ClickKeyword.groovy:65)
	at com.kms.katalon.core.webui.keyword.builtin.ClickKeyword$_click_closure1.call(ClickKeyword.groovy)
	at com.kms.katalon.core.webui.keyword.internal.WebUIKeywordMain.runKeyword(WebUIKeywordMain.groovy:20)
	at com.kms.katalon.core.webui.keyword.builtin.ClickKeyword.click(ClickKeyword.groovy:74)
	at com.kms.katalon.core.webui.keyword.builtin.ClickKeyword.execute(ClickKeyword.groovy:40)
	at com.kms.katalon.core.keyword.internal.KeywordExecutor.executeKeywordForPlatform(KeywordExecutor.groovy:74)
	at com.kms.katalon.core.webui.keyword.WebUiBuiltInKeywords.click(WebUiBuiltInKeywords.groovy:620)
	at com.kms.katalon.core.webui.keyword.WebUiBuiltInKeywords$click$1.call(Unknown Source)
	at Script1641966932043.run(Script1641966932043.groovy:32)
	... 16 more
)

2022-01-14 20:36:35 - [MESSAGE][INFO] - Unable to find the element located by 'By.xpath: //li[@id='module-6']/div/div/div[2]/div/a/span'. Please recheck the objects properties to make sure the desired element is located. 

2022-01-14 20:36:35 - [MESSAGE][WARNING] - [SELF-HEALING] Failed to find element with id 'Object Repository/Page_Course Nhp mn tr tu nhn to/span_Forum 1'. Try using Self-healing.

2022-01-14 20:36:35 - [MESSAGE][INFO] - [SELF-HEALING] Failed Locator: '//li[@id='module-6']/div/div/div[2]/div/a/span'.

2022-01-14 20:36:35 - [MESSAGE][INFO] - [SELF-HEALING] Failed Locator: '(.//*[normalize-space(text()) and normalize-space(.)='Mark as done'])[3]/following::span[1]'.

2022-01-14 20:36:35 - [MESSAGE][INFO] - [SELF-HEALING] Failed Locator: '(.//*[normalize-space(text()) and normalize-space(.)='Survey 1'])[1]/following::span[1]'.

2022-01-14 20:36:36 - [MESSAGE][INFO] - [SELF-HEALING] Failed Locator: '(.//*[normalize-space(text()) and normalize-space(.)='Mark as done'])[4]/preceding::span[1]'.

2022-01-14 20:36:36 - [MESSAGE][INFO] - [SELF-HEALING] Failed Locator: '//*/text()[normalize-space(.)='Forum 1']/parent::*'.

2022-01-14 20:36:36 - [MESSAGE][INFO] - [SELF-HEALING] Failed Locator: '//li[5]/div/div/div[2]/div/a/span'.

2022-01-14 20:36:36 - [MESSAGE][INFO] - [SELF-HEALING] Failed Locator: '//li[@id='module-5']/div/div/div[2]/div/a/span'.

2022-01-14 20:36:38 - [MESSAGE][INFO] - Unable to find the element located by 'By.xpath: //*[(text() = 'Forum 1' or . = 'Forum 1')]'. Please recheck the objects properties to make sure the desired element is located. 

2022-01-14 20:36:39 - [MESSAGE][INFO] - Unable to find the element located by 'By.cssSelector: '. Please recheck the objects properties to make sure the desired element is located. 

2022-01-14 20:36:39 - [MESSAGE][FAILED] - Unable to click on object 'Object Repository/Page_Course Nhp mn tr tu nhn to/span_Forum 1' (Root cause: com.kms.katalon.core.exception.StepFailedException: Unable to click on object 'Object Repository/Page_Course Nhp mn tr tu nhn to/span_Forum 1'
	at com.kms.katalon.core.webui.keyword.internal.WebUIKeywordMain.stepFailed(WebUIKeywordMain.groovy:64)
	at com.kms.katalon.core.webui.keyword.internal.WebUIKeywordMain.runKeyword(WebUIKeywordMain.groovy:26)
	at com.kms.katalon.core.webui.keyword.builtin.ClickKeyword.click(ClickKeyword.groovy:74)
	at com.kms.katalon.core.webui.keyword.builtin.ClickKeyword.execute(ClickKeyword.groovy:40)
	at com.kms.katalon.core.keyword.internal.KeywordExecutor.executeKeywordForPlatform(KeywordExecutor.groovy:74)
	at com.kms.katalon.core.webui.keyword.WebUiBuiltInKeywords.click(WebUiBuiltInKeywords.groovy:620)
	at com.kms.katalon.core.webui.keyword.WebUiBuiltInKeywords$click$1.call(Unknown Source)
	at 27_Sinh viên mở một đề tài thảo luận với thông tin chính xác.run(27_Sinh viên mở một đề tài thảo luận với thông tin chính xác:32)
	at com.kms.katalon.core.main.ScriptEngine.run(ScriptEngine.java:194)
	at com.kms.katalon.core.main.ScriptEngine.runScriptAsRawText(ScriptEngine.java:119)
	at com.kms.katalon.core.main.TestCaseExecutor.runScript(TestCaseExecutor.java:442)
	at com.kms.katalon.core.main.TestCaseExecutor.doExecute(TestCaseExecutor.java:433)
	at com.kms.katalon.core.main.TestCaseExecutor.processExecutionPhase(TestCaseExecutor.java:412)
	at com.kms.katalon.core.main.TestCaseExecutor.accessMainPhase(TestCaseExecutor.java:404)
	at com.kms.katalon.core.main.TestCaseExecutor.execute(TestCaseExecutor.java:281)
	at com.kms.katalon.core.main.TestCaseExecutor.execute(TestCaseExecutor.java:363)
	at com.kms.katalon.core.main.TestCaseExecutor.execute(TestCaseExecutor.java:363)
	at com.kms.katalon.core.main.TestCaseExecutor.execute(TestCaseExecutor.java:363)
	at com.kms.katalon.core.main.TestSuiteExecutor.accessTestCaseMainPhase(TestSuiteExecutor.java:202)
	at com.kms.katalon.core.main.TestSuiteExecutor.accessTestSuiteMainPhase(TestSuiteExecutor.java:164)
	at com.kms.katalon.core.main.TestSuiteExecutor.execute(TestSuiteExecutor.java:105)
	at com.kms.katalon.core.main.TestCaseMain.startTestSuite(TestCaseMain.java:181)
	at com.kms.katalon.core.main.TestCaseMain$startTestSuite$0.call(Unknown Source)
	at TempTestSuite1642165037865.run(TempTestSuite1642165037865.groovy:36)
Caused by: com.kms.katalon.core.webui.exception.WebElementNotFoundException: Web element with id: 'Object Repository/Page_Course Nhp mn tr tu nhn to/span_Forum 1' located by '//li[@id='module-6']/div/div/div[2]/div/a/span' not found
	at com.kms.katalon.core.webui.common.WebUiCommonHelper.findWebElement(WebUiCommonHelper.java:1368)
	at com.kms.katalon.core.webui.keyword.internal.WebUIAbstractKeyword.findWebElement(WebUIAbstractKeyword.groovy:27)
	at com.kms.katalon.core.webui.keyword.builtin.ClickKeyword$_click_closure1.doCall(ClickKeyword.groovy:65)
	at com.kms.katalon.core.webui.keyword.builtin.ClickKeyword$_click_closure1.call(ClickKeyword.groovy)
	at com.kms.katalon.core.webui.keyword.internal.WebUIKeywordMain.runKeyword(WebUIKeywordMain.groovy:20)
	at com.kms.katalon.core.webui.keyword.builtin.ClickKeyword.click(ClickKeyword.groovy:74)
	at com.kms.katalon.core.webui.keyword.builtin.ClickKeyword.execute(ClickKeyword.groovy:40)
	at com.kms.katalon.core.keyword.internal.KeywordExecutor.executeKeywordForPlatform(KeywordExecutor.groovy:74)
	at com.kms.katalon.core.webui.keyword.WebUiBuiltInKeywords.click(WebUiBuiltInKeywords.groovy:620)
	at com.kms.katalon.core.webui.keyword.WebUiBuiltInKeywords$click$1.call(Unknown Source)
	at Script1641966932043.run(Script1641966932043.groovy:32)
	... 16 more
)
[[ATTACHMENT|D:\\nam 3\\nhap mon CNPM\\bonus project\\Test-Automation-SE-Bonus\\Reports\\20220114_195717\\Run all test cases\\20220114_195717\\1642167399241.png]]]]></system-out>
         <system-err><![CDATA[2022-01-14 20:36:21 - [TEST_CASE][FAILED] - Test Cases/27_Sinh viên mở một đề tài thảo luận với thông tin chính xác: Test Cases/27_Sinh viên mở một đề tài thảo luận với thông tin chính xác FAILED.
Reason:
com.kms.katalon.core.exception.StepFailedException: Unable to click on object 'Object Repository/Page_Course Nhp mn tr tu nhn to/span_Forum 1'
	at com.kms.katalon.core.webui.keyword.internal.WebUIKeywordMain.stepFailed(WebUIKeywordMain.groovy:64)
	at com.kms.katalon.core.webui.keyword.internal.WebUIKeywordMain.runKeyword(WebUIKeywordMain.groovy:26)
	at com.kms.katalon.core.webui.keyword.builtin.ClickKeyword.click(ClickKeyword.groovy:74)
	at com.kms.katalon.core.webui.keyword.builtin.ClickKeyword.execute(ClickKeyword.groovy:40)
	at com.kms.katalon.core.keyword.internal.KeywordExecutor.executeKeywordForPlatform(KeywordExecutor.groovy:74)
	at com.kms.katalon.core.webui.keyword.WebUiBuiltInKeywords.click(WebUiBuiltInKeywords.groovy:620)
	at com.kms.katalon.core.webui.keyword.WebUiBuiltInKeywords$click$1.call(Unknown Source)
	at 27_Sinh viên mở một đề tài thảo luận với thông tin chính xác.run(27_Sinh viên mở một đề tài thảo luận với thông tin chính xác:32)
	at com.kms.katalon.core.main.ScriptEngine.run(ScriptEngine.java:194)
	at com.kms.katalon.core.main.ScriptEngine.runScriptAsRawText(ScriptEngine.java:119)
	at com.kms.katalon.core.main.TestCaseExecutor.runScript(TestCaseExecutor.java:442)
	at com.kms.katalon.core.main.TestCaseExecutor.doExecute(TestCaseExecutor.java:433)
	at com.kms.katalon.core.main.TestCaseExecutor.processExecutionPhase(TestCaseExecutor.java:412)
	at com.kms.katalon.core.main.TestCaseExecutor.accessMainPhase(TestCaseExecutor.java:404)
	at com.kms.katalon.core.main.TestCaseExecutor.execute(TestCaseExecutor.java:281)
	at com.kms.katalon.core.main.TestCaseExecutor.execute(TestCaseExecutor.java:363)
	at com.kms.katalon.core.main.TestCaseExecutor.execute(TestCaseExecutor.java:363)
	at com.kms.katalon.core.main.TestCaseExecutor.execute(TestCaseExecutor.java:363)
	at com.kms.katalon.core.main.TestSuiteExecutor.accessTestCaseMainPhase(TestSuiteExecutor.java:202)
	at com.kms.katalon.core.main.TestSuiteExecutor.accessTestSuiteMainPhase(TestSuiteExecutor.java:164)
	at com.kms.katalon.core.main.TestSuiteExecutor.execute(TestSuiteExecutor.java:105)
	at com.kms.katalon.core.main.TestCaseMain.startTestSuite(TestCaseMain.java:181)
	at com.kms.katalon.core.main.TestCaseMain$startTestSuite$0.call(Unknown Source)
	at TempTestSuite1642165037865.run(TempTestSuite1642165037865.groovy:36)
Caused by: com.kms.katalon.core.webui.exception.WebElementNotFoundException: Web element with id: 'Object Repository/Page_Course Nhp mn tr tu nhn to/span_Forum 1' located by '//li[@id='module-6']/div/div/div[2]/div/a/span' not found
	at com.kms.katalon.core.webui.common.WebUiCommonHelper.findWebElement(WebUiCommonHelper.java:1368)
	at com.kms.katalon.core.webui.keyword.internal.WebUIAbstractKeyword.findWebElement(WebUIAbstractKeyword.groovy:27)
	at com.kms.katalon.core.webui.keyword.builtin.ClickKeyword$_click_closure1.doCall(ClickKeyword.groovy:65)
	at com.kms.katalon.core.webui.keyword.builtin.ClickKeyword$_click_closure1.call(ClickKeyword.groovy)
	at com.kms.katalon.core.webui.keyword.internal.WebUIKeywordMain.runKeyword(WebUIKeywordMain.groovy:20)
	... 22 more]]></system-err>
      </testcase>
      <testcase name="Test Cases/28_Giáo viên tạo assignment với giới hạn từ là số âm" time="33.875" classname="Test Cases/28_Giáo viên tạo assignment với giới hạn từ là số âm" status="FAILED">
         <failure type="FAILED" message="Test Cases/28_Giáo viên tạo assignment với giới hạn từ là số âm FAILED.
Reason:
com.kms.katalon.core.exception.StepFailedException: Unable to click on object 'Object Repository/Page_Course Nhp mn tr tu nhn to/span_Add an activity or resource'
	at com.kms.katalon.core.webui.keyword.internal.WebUIKeywordMain.stepFailed(WebUIKeywordMain.groovy:64)
	at com.kms.katalon.core.webui.keyword.internal.WebUIKeywordMain.runKeyword(WebUIKeywordMain.groovy:26)
	at com.kms.katalon.core.webui.keyword.builtin.ClickKeyword.click(ClickKeyword.groovy:74)
	at com.kms.katalon.core.webui.keyword.builtin.ClickKeyword.execute(ClickKeyword.groovy:40)
	at com.kms.katalon.core.keyword.internal.KeywordExecutor.executeKeywordForPlatform(KeywordExecutor.groovy:74)
	at com.kms.katalon.core.webui.keyword.WebUiBuiltInKeywords.click(WebUiBuiltInKeywords.groovy:620)
	at com.kms.katalon.core.webui.keyword.WebUiBuiltInKeywords$click$1.call(Unknown Source)
	at 28_Giáo viên tạo assignment với giới hạn từ là số âm.run(28_Giáo viên tạo assignment với giới hạn từ là số âm:34)
	at com.kms.katalon.core.main.ScriptEngine.run(ScriptEngine.java:194)
	at com.kms.katalon.core.main.ScriptEngine.runScriptAsRawText(ScriptEngine.java:119)
	at com.kms.katalon.core.main.TestCaseExecutor.runScript(TestCaseExecutor.java:442)
	at com.kms.katalon.core.main.TestCaseExecutor.doExecute(TestCaseExecutor.java:433)
	at com.kms.katalon.core.main.TestCaseExecutor.processExecutionPhase(TestCaseExecutor.java:412)
	at com.kms.katalon.core.main.TestCaseExecutor.accessMainPhase(TestCaseExecutor.java:404)
	at com.kms.katalon.core.main.TestCaseExecutor.execute(TestCaseExecutor.java:281)
	at com.kms.katalon.core.main.TestCaseExecutor.execute(TestCaseExecutor.java:363)
	at com.kms.katalon.core.main.TestCaseExecutor.execute(TestCaseExecutor.java:363)
	at com.kms.katalon.core.main.TestCaseExecutor.execute(TestCaseExecutor.java:363)
	at com.kms.katalon.core.main.TestSuiteExecutor.accessTestCaseMainPhase(TestSuiteExecutor.java:202)
	at com.kms.katalon.core.main.TestSuiteExecutor.accessTestSuiteMainPhase(TestSuiteExecutor.java:164)
	at com.kms.katalon.core.main.TestSuiteExecutor.execute(TestSuiteExecutor.java:105)
	at com.kms.katalon.core.main.TestCaseMain.startTestSuite(TestCaseMain.java:181)
	at com.kms.katalon.core.main.TestCaseMain$startTestSuite$0.call(Unknown Source)
	at TempTestSuite1642165037865.run(TempTestSuite1642165037865.groovy:36)
Caused by: com.kms.katalon.core.webui.exception.WebElementNotFoundException: Web element with id: 'Object Repository/Page_Course Nhp mn tr tu nhn to/span_Add an activity or resource' located by '//span[@id='yui_3_17_2_1_1641986354069_794']' not found
	at com.kms.katalon.core.webui.common.WebUiCommonHelper.findWebElement(WebUiCommonHelper.java:1368)
	at com.kms.katalon.core.webui.keyword.internal.WebUIAbstractKeyword.findWebElement(WebUIAbstractKeyword.groovy:27)
	at com.kms.katalon.core.webui.keyword.builtin.ClickKeyword$_click_closure1.doCall(ClickKeyword.groovy:65)
	at com.kms.katalon.core.webui.keyword.builtin.ClickKeyword$_click_closure1.call(ClickKeyword.groovy)
	at com.kms.katalon.core.webui.keyword.internal.WebUIKeywordMain.runKeyword(WebUIKeywordMain.groovy:20)
	... 22 more
"/>
         <system-out><![CDATA[2022-01-14 20:39:09 - [TEST_CASE][FAILED] - Test Cases/28_Giáo viên tạo assignment với giới hạn từ là số âm: Test Cases/28_Giáo viên tạo assignment với giới hạn từ là số âm FAILED.
Reason:
com.kms.katalon.core.exception.StepFailedException: Unable to click on object 'Object Repository/Page_Course Nhp mn tr tu nhn to/span_Add an activity or resource'
	at com.kms.katalon.core.webui.keyword.internal.WebUIKeywordMain.stepFailed(WebUIKeywordMain.groovy:64)
	at com.kms.katalon.core.webui.keyword.internal.WebUIKeywordMain.runKeyword(WebUIKeywordMain.groovy:26)
	at com.kms.katalon.core.webui.keyword.builtin.ClickKeyword.click(ClickKeyword.groovy:74)
	at com.kms.katalon.core.webui.keyword.builtin.ClickKeyword.execute(ClickKeyword.groovy:40)
	at com.kms.katalon.core.keyword.internal.KeywordExecutor.executeKeywordForPlatform(KeywordExecutor.groovy:74)
	at com.kms.katalon.core.webui.keyword.WebUiBuiltInKeywords.click(WebUiBuiltInKeywords.groovy:620)
	at com.kms.katalon.core.webui.keyword.WebUiBuiltInKeywords$click$1.call(Unknown Source)
	at 28_Giáo viên tạo assignment với giới hạn từ là số âm.run(28_Giáo viên tạo assignment với giới hạn từ là số âm:34)
	at com.kms.katalon.core.main.ScriptEngine.run(ScriptEngine.java:194)
	at com.kms.katalon.core.main.ScriptEngine.runScriptAsRawText(ScriptEngine.java:119)
	at com.kms.katalon.core.main.TestCaseExecutor.runScript(TestCaseExecutor.java:442)
	at com.kms.katalon.core.main.TestCaseExecutor.doExecute(TestCaseExecutor.java:433)
	at com.kms.katalon.core.main.TestCaseExecutor.processExecutionPhase(TestCaseExecutor.java:412)
	at com.kms.katalon.core.main.TestCaseExecutor.accessMainPhase(TestCaseExecutor.java:404)
	at com.kms.katalon.core.main.TestCaseExecutor.execute(TestCaseExecutor.java:281)
	at com.kms.katalon.core.main.TestCaseExecutor.execute(TestCaseExecutor.java:363)
	at com.kms.katalon.core.main.TestCaseExecutor.execute(TestCaseExecutor.java:363)
	at com.kms.katalon.core.main.TestCaseExecutor.execute(TestCaseExecutor.java:363)
	at com.kms.katalon.core.main.TestSuiteExecutor.accessTestCaseMainPhase(TestSuiteExecutor.java:202)
	at com.kms.katalon.core.main.TestSuiteExecutor.accessTestSuiteMainPhase(TestSuiteExecutor.java:164)
	at com.kms.katalon.core.main.TestSuiteExecutor.execute(TestSuiteExecutor.java:105)
	at com.kms.katalon.core.main.TestCaseMain.startTestSuite(TestCaseMain.java:181)
	at com.kms.katalon.core.main.TestCaseMain$startTestSuite$0.call(Unknown Source)
	at TempTestSuite1642165037865.run(TempTestSuite1642165037865.groovy:36)
Caused by: com.kms.katalon.core.webui.exception.WebElementNotFoundException: Web element with id: 'Object Repository/Page_Course Nhp mn tr tu nhn to/span_Add an activity or resource' located by '//span[@id='yui_3_17_2_1_1641986354069_794']' not found
	at com.kms.katalon.core.webui.common.WebUiCommonHelper.findWebElement(WebUiCommonHelper.java:1368)
	at com.kms.katalon.core.webui.keyword.internal.WebUIAbstractKeyword.findWebElement(WebUIAbstractKeyword.groovy:27)
	at com.kms.katalon.core.webui.keyword.builtin.ClickKeyword$_click_closure1.doCall(ClickKeyword.groovy:65)
	at com.kms.katalon.core.webui.keyword.builtin.ClickKeyword$_click_closure1.call(ClickKeyword.groovy)
	at com.kms.katalon.core.webui.keyword.internal.WebUIKeywordMain.runKeyword(WebUIKeywordMain.groovy:20)
	... 22 more


2022-01-14 20:39:09 - [TEST_STEP][PASSED] - openBrowser(""): Browser is opened with url: ''

2022-01-14 20:39:09 - [MESSAGE][WARNING] - A browser is already opened. Closing browser and opening a new one

2022-01-14 20:39:10 - [MESSAGE][INFO] - Starting 'Chrome' driver

2022-01-14 20:39:10 - [MESSAGE][INFO] - Action delay is set to 0 milliseconds

2022-01-14 20:39:11 - [MESSAGE][PASSED] - Browser is opened with url: ''

2022-01-14 20:39:11 - [TEST_STEP][PASSED] - navigateToUrl("http://localhost/"): Navigate to 'http://localhost/' successfully

2022-01-14 20:39:13 - [MESSAGE][PASSED] - Navigate to 'http://localhost/' successfully

2022-01-14 20:39:13 - [TEST_STEP][PASSED] - click(findTestObject("Object Repository/Page_HCMUS/a_Nhp mn tr tu nhn to")): Object: 'Object Repository/Page_HCMUS/a_Nhp mn tr tu nhn to' is clicked on

2022-01-14 20:39:15 - [MESSAGE][PASSED] - Object: 'Object Repository/Page_HCMUS/a_Nhp mn tr tu nhn to' is clicked on

2022-01-14 20:39:15 - [TEST_STEP][PASSED] - setText(findTestObject("Object Repository/Page_HCMUS Log in to the site/input_Username_username"), "teacher1"): Text 'teacher1' is set on object 'Object Repository/Page_HCMUS Log in to the site/input_Username_username'

2022-01-14 20:39:16 - [MESSAGE][PASSED] - Text 'teacher1' is set on object 'Object Repository/Page_HCMUS Log in to the site/input_Username_username'

2022-01-14 20:39:16 - [TEST_STEP][PASSED] - setEncryptedText(findTestObject("Object Repository/Page_HCMUS Log in to the site/input_Password_password"), "iKb8CrY6A/iqm08K47hQLA=="): Text ****** has been set on object 'Object Repository/Page_HCMUS Log in to the site/input_Password_password'

2022-01-14 20:39:17 - [MESSAGE][PASSED] - Text ****** has been set on object 'Object Repository/Page_HCMUS Log in to the site/input_Password_password'

2022-01-14 20:39:17 - [TEST_STEP][PASSED] - click(findTestObject("Object Repository/Page_HCMUS Log in to the site/button_Log in")): Object: 'Object Repository/Page_HCMUS Log in to the site/button_Log in' is clicked on

2022-01-14 20:39:19 - [MESSAGE][PASSED] - Object: 'Object Repository/Page_HCMUS Log in to the site/button_Log in' is clicked on

2022-01-14 20:39:19 - [TEST_STEP][PASSED] - click(findTestObject("Object Repository/Page_Course Nhp mn tr tu nhn to/button_Turn editing on")): Object: 'Object Repository/Page_Course Nhp mn tr tu nhn to/button_Turn editing on' is clicked on

2022-01-14 20:39:26 - [MESSAGE][INFO] - Unable to find the element located by 'By.xpath: //button[@id='single_button61deb918b38a91']'. Please recheck the objects properties to make sure the desired element is located. 

2022-01-14 20:39:26 - [MESSAGE][WARNING] - [SELF-HEALING] Failed to find element with id 'Object Repository/Page_Course Nhp mn tr tu nhn to/button_Turn editing on'. Try using Self-healing.

2022-01-14 20:39:26 - [MESSAGE][WARNING] - [SELF-HEALING] The current locator of test object 'Object Repository/Page_Course Nhp mn tr tu nhn to/button_Turn editing on' was broken. Propose an alternative one: '(.//*[normalize-space(text()) and normalize-space(.)='AI'])[2]/following::button[1]'.

2022-01-14 20:39:26 - [MESSAGE][PASSED] - Object: 'Object Repository/Page_Course Nhp mn tr tu nhn to/button_Turn editing on' is clicked on

2022-01-14 20:39:26 - [TEST_STEP][FAILED] - click(findTestObject("Object Repository/Page_Course Nhp mn tr tu nhn to/span_Add an activity or resource")): Unable to click on object 'Object Repository/Page_Course Nhp mn tr tu nhn to/span_Add an activity or resource' (Root cause: com.kms.katalon.core.exception.StepFailedException: Unable to click on object 'Object Repository/Page_Course Nhp mn tr tu nhn to/span_Add an activity or resource'
	at com.kms.katalon.core.webui.keyword.internal.WebUIKeywordMain.stepFailed(WebUIKeywordMain.groovy:64)
	at com.kms.katalon.core.webui.keyword.internal.WebUIKeywordMain.runKeyword(WebUIKeywordMain.groovy:26)
	at com.kms.katalon.core.webui.keyword.builtin.ClickKeyword.click(ClickKeyword.groovy:74)
	at com.kms.katalon.core.webui.keyword.builtin.ClickKeyword.execute(ClickKeyword.groovy:40)
	at com.kms.katalon.core.keyword.internal.KeywordExecutor.executeKeywordForPlatform(KeywordExecutor.groovy:74)
	at com.kms.katalon.core.webui.keyword.WebUiBuiltInKeywords.click(WebUiBuiltInKeywords.groovy:620)
	at com.kms.katalon.core.webui.keyword.WebUiBuiltInKeywords$click$1.call(Unknown Source)
	at 28_Giáo viên tạo assignment với giới hạn từ là số âm.run(28_Giáo viên tạo assignment với giới hạn từ là số âm:34)
	at com.kms.katalon.core.main.ScriptEngine.run(ScriptEngine.java:194)
	at com.kms.katalon.core.main.ScriptEngine.runScriptAsRawText(ScriptEngine.java:119)
	at com.kms.katalon.core.main.TestCaseExecutor.runScript(TestCaseExecutor.java:442)
	at com.kms.katalon.core.main.TestCaseExecutor.doExecute(TestCaseExecutor.java:433)
	at com.kms.katalon.core.main.TestCaseExecutor.processExecutionPhase(TestCaseExecutor.java:412)
	at com.kms.katalon.core.main.TestCaseExecutor.accessMainPhase(TestCaseExecutor.java:404)
	at com.kms.katalon.core.main.TestCaseExecutor.execute(TestCaseExecutor.java:281)
	at com.kms.katalon.core.main.TestCaseExecutor.execute(TestCaseExecutor.java:363)
	at com.kms.katalon.core.main.TestCaseExecutor.execute(TestCaseExecutor.java:363)
	at com.kms.katalon.core.main.TestCaseExecutor.execute(TestCaseExecutor.java:363)
	at com.kms.katalon.core.main.TestSuiteExecutor.accessTestCaseMainPhase(TestSuiteExecutor.java:202)
	at com.kms.katalon.core.main.TestSuiteExecutor.accessTestSuiteMainPhase(TestSuiteExecutor.java:164)
	at com.kms.katalon.core.main.TestSuiteExecutor.execute(TestSuiteExecutor.java:105)
	at com.kms.katalon.core.main.TestCaseMain.startTestSuite(TestCaseMain.java:181)
	at com.kms.katalon.core.main.TestCaseMain$startTestSuite$0.call(Unknown Source)
	at TempTestSuite1642165037865.run(TempTestSuite1642165037865.groovy:36)
Caused by: com.kms.katalon.core.webui.exception.WebElementNotFoundException: Web element with id: 'Object Repository/Page_Course Nhp mn tr tu nhn to/span_Add an activity or resource' located by '//span[@id='yui_3_17_2_1_1641986354069_794']' not found
	at com.kms.katalon.core.webui.common.WebUiCommonHelper.findWebElement(WebUiCommonHelper.java:1368)
	at com.kms.katalon.core.webui.keyword.internal.WebUIAbstractKeyword.findWebElement(WebUIAbstractKeyword.groovy:27)
	at com.kms.katalon.core.webui.keyword.builtin.ClickKeyword$_click_closure1.doCall(ClickKeyword.groovy:65)
	at com.kms.katalon.core.webui.keyword.builtin.ClickKeyword$_click_closure1.call(ClickKeyword.groovy)
	at com.kms.katalon.core.webui.keyword.internal.WebUIKeywordMain.runKeyword(WebUIKeywordMain.groovy:20)
	at com.kms.katalon.core.webui.keyword.builtin.ClickKeyword.click(ClickKeyword.groovy:74)
	at com.kms.katalon.core.webui.keyword.builtin.ClickKeyword.execute(ClickKeyword.groovy:40)
	at com.kms.katalon.core.keyword.internal.KeywordExecutor.executeKeywordForPlatform(KeywordExecutor.groovy:74)
	at com.kms.katalon.core.webui.keyword.WebUiBuiltInKeywords.click(WebUiBuiltInKeywords.groovy:620)
	at com.kms.katalon.core.webui.keyword.WebUiBuiltInKeywords$click$1.call(Unknown Source)
	at Script1641985222963.run(Script1641985222963.groovy:34)
	... 16 more
)

2022-01-14 20:39:32 - [MESSAGE][INFO] - Unable to find the element located by 'By.xpath: //span[@id='yui_3_17_2_1_1641986354069_794']'. Please recheck the objects properties to make sure the desired element is located. 

2022-01-14 20:39:32 - [MESSAGE][WARNING] - [SELF-HEALING] Failed to find element with id 'Object Repository/Page_Course Nhp mn tr tu nhn to/span_Add an activity or resource'. Try using Self-healing.

2022-01-14 20:39:34 - [MESSAGE][INFO] - Unable to find the element located by 'By.xpath: (.//*[normalize-space(text()) and normalize-space(.)='Add file(s) here'])[1]/following::span[1]'. Please recheck the objects properties to make sure the desired element is located. 

2022-01-14 20:39:34 - [MESSAGE][INFO] - [SELF-HEALING] Failed Locator: '//span[@id='yui_3_17_2_1_1641986354069_794']'.

2022-01-14 20:39:34 - [MESSAGE][INFO] - [SELF-HEALING] Failed Locator: '//button[@id='yui_3_17_2_1_1641986354069_795']/span'.

2022-01-14 20:39:34 - [MESSAGE][INFO] - [SELF-HEALING] Failed Locator: '(.//*[normalize-space(text()) and normalize-space(.)='Add file(s) here'])[1]/following::span[1]'.

2022-01-14 20:39:35 - [MESSAGE][INFO] - [SELF-HEALING] Failed Locator: '(.//*[normalize-space(text()) and normalize-space(.)='Mark as done'])[6]/following::span[2]'.

2022-01-14 20:39:35 - [MESSAGE][INFO] - [SELF-HEALING] Failed Locator: '(.//*[normalize-space(text()) and normalize-space(.)='Edit topic'])[1]/preceding::span[2]'.

2022-01-14 20:39:35 - [MESSAGE][INFO] - [SELF-HEALING] Failed Locator: '(.//*[normalize-space(text()) and normalize-space(.)='Highlight'])[1]/preceding::span[3]'.

2022-01-14 20:39:35 - [MESSAGE][INFO] - [SELF-HEALING] Failed Locator: '//*/text()[normalize-space(.)='Add an activity or resource']/parent::*'.

2022-01-14 20:39:35 - [MESSAGE][INFO] - [SELF-HEALING] Failed Locator: '//div[3]/div/button/span'.

2022-01-14 20:39:36 - [MESSAGE][INFO] - [SELF-HEALING] Failed Locator: '//span[@id='yui_3_17_2_1_1641968219070_816']'.

2022-01-14 20:39:36 - [MESSAGE][INFO] - [SELF-HEALING] Failed Locator: '//button[@id='yui_3_17_2_1_1641968219070_817']/span'.

2022-01-14 20:39:36 - [MESSAGE][INFO] - [SELF-HEALING] Failed Locator: '(.//*[normalize-space(text()) and normalize-space(.)='Mark as done'])[7]/following::span[2]'.

2022-01-14 20:39:36 - [MESSAGE][INFO] - [SELF-HEALING] Failed Locator: '//span[@id='yui_3_17_2_1_1641967946979_782']'.

2022-01-14 20:39:37 - [MESSAGE][INFO] - [SELF-HEALING] Failed Locator: '//button[@id='yui_3_17_2_1_1641967946979_783']/span'.

2022-01-14 20:39:37 - [MESSAGE][INFO] - [SELF-HEALING] Failed Locator: '//span[@id='yui_3_17_2_1_1641967681819_749']'.

2022-01-14 20:39:37 - [MESSAGE][INFO] - [SELF-HEALING] Failed Locator: '//button[@id='yui_3_17_2_1_1641967681819_750']/span'.

2022-01-14 20:39:37 - [MESSAGE][INFO] - [SELF-HEALING] Failed Locator: '(.//*[normalize-space(text()) and normalize-space(.)='Mark as done'])[5]/following::span[2]'.

2022-01-14 20:39:38 - [MESSAGE][INFO] - [SELF-HEALING] Failed Locator: '//span[@id='yui_3_17_2_1_1641966312257_733']'.

2022-01-14 20:39:38 - [MESSAGE][INFO] - [SELF-HEALING] Failed Locator: '//button[@id='yui_3_17_2_1_1641966312257_734']/span'.

2022-01-14 20:39:38 - [MESSAGE][INFO] - [SELF-HEALING] Failed Locator: '(.//*[normalize-space(text()) and normalize-space(.)='Mark as done'])[4]/following::span[2]'.

2022-01-14 20:39:38 - [MESSAGE][INFO] - [SELF-HEALING] Failed Locator: '//span[@id='yui_3_17_2_1_1641965818242_672']'.

2022-01-14 20:39:39 - [MESSAGE][INFO] - [SELF-HEALING] Failed Locator: '//button[@id='yui_3_17_2_1_1641965818242_673']/span'.

2022-01-14 20:39:39 - [MESSAGE][INFO] - [SELF-HEALING] Failed Locator: '(.//*[normalize-space(text()) and normalize-space(.)='Mark as done'])[2]/following::span[2]'.

2022-01-14 20:39:39 - [MESSAGE][INFO] - [SELF-HEALING] Failed Locator: '//span[@id='yui_3_17_2_1_1641965314944_642']'.

2022-01-14 20:39:39 - [MESSAGE][INFO] - [SELF-HEALING] Failed Locator: '//button[@id='yui_3_17_2_1_1641965314944_643']/span'.

2022-01-14 20:39:39 - [MESSAGE][INFO] - [SELF-HEALING] Failed Locator: '(.//*[normalize-space(text()) and normalize-space(.)='Mark as done'])[1]/following::span[2]'.

2022-01-14 20:39:40 - [MESSAGE][INFO] - [SELF-HEALING] Failed Locator: '//span[@id='yui_3_17_2_1_1641964893302_615']'.

2022-01-14 20:39:40 - [MESSAGE][INFO] - [SELF-HEALING] Failed Locator: '//button[@id='yui_3_17_2_1_1641964893302_616']/span'.

2022-01-14 20:39:40 - [MESSAGE][INFO] - [SELF-HEALING] Failed Locator: '(.//*[normalize-space(text()) and normalize-space(.)='Delete'])[1]/following::span[2]'.

2022-01-14 20:39:41 - [MESSAGE][INFO] - Unable to find the element located by 'By.xpath: //*[@id = 'yui_3_17_2_1_1641986354069_794' and (text() = 'Add an activity or resource' or . = 'Add an activity or resource')]'. Please recheck the objects properties to make sure the desired element is located. 

2022-01-14 20:39:42 - [MESSAGE][INFO] - Unable to find the element located by 'By.cssSelector: #yui_3_17_2_1_1641986354069_794'. Please recheck the objects properties to make sure the desired element is located. 

2022-01-14 20:39:43 - [MESSAGE][FAILED] - Unable to click on object 'Object Repository/Page_Course Nhp mn tr tu nhn to/span_Add an activity or resource' (Root cause: com.kms.katalon.core.exception.StepFailedException: Unable to click on object 'Object Repository/Page_Course Nhp mn tr tu nhn to/span_Add an activity or resource'
	at com.kms.katalon.core.webui.keyword.internal.WebUIKeywordMain.stepFailed(WebUIKeywordMain.groovy:64)
	at com.kms.katalon.core.webui.keyword.internal.WebUIKeywordMain.runKeyword(WebUIKeywordMain.groovy:26)
	at com.kms.katalon.core.webui.keyword.builtin.ClickKeyword.click(ClickKeyword.groovy:74)
	at com.kms.katalon.core.webui.keyword.builtin.ClickKeyword.execute(ClickKeyword.groovy:40)
	at com.kms.katalon.core.keyword.internal.KeywordExecutor.executeKeywordForPlatform(KeywordExecutor.groovy:74)
	at com.kms.katalon.core.webui.keyword.WebUiBuiltInKeywords.click(WebUiBuiltInKeywords.groovy:620)
	at com.kms.katalon.core.webui.keyword.WebUiBuiltInKeywords$click$1.call(Unknown Source)
	at 28_Giáo viên tạo assignment với giới hạn từ là số âm.run(28_Giáo viên tạo assignment với giới hạn từ là số âm:34)
	at com.kms.katalon.core.main.ScriptEngine.run(ScriptEngine.java:194)
	at com.kms.katalon.core.main.ScriptEngine.runScriptAsRawText(ScriptEngine.java:119)
	at com.kms.katalon.core.main.TestCaseExecutor.runScript(TestCaseExecutor.java:442)
	at com.kms.katalon.core.main.TestCaseExecutor.doExecute(TestCaseExecutor.java:433)
	at com.kms.katalon.core.main.TestCaseExecutor.processExecutionPhase(TestCaseExecutor.java:412)
	at com.kms.katalon.core.main.TestCaseExecutor.accessMainPhase(TestCaseExecutor.java:404)
	at com.kms.katalon.core.main.TestCaseExecutor.execute(TestCaseExecutor.java:281)
	at com.kms.katalon.core.main.TestCaseExecutor.execute(TestCaseExecutor.java:363)
	at com.kms.katalon.core.main.TestCaseExecutor.execute(TestCaseExecutor.java:363)
	at com.kms.katalon.core.main.TestCaseExecutor.execute(TestCaseExecutor.java:363)
	at com.kms.katalon.core.main.TestSuiteExecutor.accessTestCaseMainPhase(TestSuiteExecutor.java:202)
	at com.kms.katalon.core.main.TestSuiteExecutor.accessTestSuiteMainPhase(TestSuiteExecutor.java:164)
	at com.kms.katalon.core.main.TestSuiteExecutor.execute(TestSuiteExecutor.java:105)
	at com.kms.katalon.core.main.TestCaseMain.startTestSuite(TestCaseMain.java:181)
	at com.kms.katalon.core.main.TestCaseMain$startTestSuite$0.call(Unknown Source)
	at TempTestSuite1642165037865.run(TempTestSuite1642165037865.groovy:36)
Caused by: com.kms.katalon.core.webui.exception.WebElementNotFoundException: Web element with id: 'Object Repository/Page_Course Nhp mn tr tu nhn to/span_Add an activity or resource' located by '//span[@id='yui_3_17_2_1_1641986354069_794']' not found
	at com.kms.katalon.core.webui.common.WebUiCommonHelper.findWebElement(WebUiCommonHelper.java:1368)
	at com.kms.katalon.core.webui.keyword.internal.WebUIAbstractKeyword.findWebElement(WebUIAbstractKeyword.groovy:27)
	at com.kms.katalon.core.webui.keyword.builtin.ClickKeyword$_click_closure1.doCall(ClickKeyword.groovy:65)
	at com.kms.katalon.core.webui.keyword.builtin.ClickKeyword$_click_closure1.call(ClickKeyword.groovy)
	at com.kms.katalon.core.webui.keyword.internal.WebUIKeywordMain.runKeyword(WebUIKeywordMain.groovy:20)
	at com.kms.katalon.core.webui.keyword.builtin.ClickKeyword.click(ClickKeyword.groovy:74)
	at com.kms.katalon.core.webui.keyword.builtin.ClickKeyword.execute(ClickKeyword.groovy:40)
	at com.kms.katalon.core.keyword.internal.KeywordExecutor.executeKeywordForPlatform(KeywordExecutor.groovy:74)
	at com.kms.katalon.core.webui.keyword.WebUiBuiltInKeywords.click(WebUiBuiltInKeywords.groovy:620)
	at com.kms.katalon.core.webui.keyword.WebUiBuiltInKeywords$click$1.call(Unknown Source)
	at Script1641985222963.run(Script1641985222963.groovy:34)
	... 16 more
)
[[ATTACHMENT|D:\\nam 3\\nhap mon CNPM\\bonus project\\Test-Automation-SE-Bonus\\Reports\\20220114_195717\\Run all test cases\\20220114_195717\\1642167582879.png]]]]></system-out>
         <system-err><![CDATA[2022-01-14 20:39:09 - [TEST_CASE][FAILED] - Test Cases/28_Giáo viên tạo assignment với giới hạn từ là số âm: Test Cases/28_Giáo viên tạo assignment với giới hạn từ là số âm FAILED.
Reason:
com.kms.katalon.core.exception.StepFailedException: Unable to click on object 'Object Repository/Page_Course Nhp mn tr tu nhn to/span_Add an activity or resource'
	at com.kms.katalon.core.webui.keyword.internal.WebUIKeywordMain.stepFailed(WebUIKeywordMain.groovy:64)
	at com.kms.katalon.core.webui.keyword.internal.WebUIKeywordMain.runKeyword(WebUIKeywordMain.groovy:26)
	at com.kms.katalon.core.webui.keyword.builtin.ClickKeyword.click(ClickKeyword.groovy:74)
	at com.kms.katalon.core.webui.keyword.builtin.ClickKeyword.execute(ClickKeyword.groovy:40)
	at com.kms.katalon.core.keyword.internal.KeywordExecutor.executeKeywordForPlatform(KeywordExecutor.groovy:74)
	at com.kms.katalon.core.webui.keyword.WebUiBuiltInKeywords.click(WebUiBuiltInKeywords.groovy:620)
	at com.kms.katalon.core.webui.keyword.WebUiBuiltInKeywords$click$1.call(Unknown Source)
	at 28_Giáo viên tạo assignment với giới hạn từ là số âm.run(28_Giáo viên tạo assignment với giới hạn từ là số âm:34)
	at com.kms.katalon.core.main.ScriptEngine.run(ScriptEngine.java:194)
	at com.kms.katalon.core.main.ScriptEngine.runScriptAsRawText(ScriptEngine.java:119)
	at com.kms.katalon.core.main.TestCaseExecutor.runScript(TestCaseExecutor.java:442)
	at com.kms.katalon.core.main.TestCaseExecutor.doExecute(TestCaseExecutor.java:433)
	at com.kms.katalon.core.main.TestCaseExecutor.processExecutionPhase(TestCaseExecutor.java:412)
	at com.kms.katalon.core.main.TestCaseExecutor.accessMainPhase(TestCaseExecutor.java:404)
	at com.kms.katalon.core.main.TestCaseExecutor.execute(TestCaseExecutor.java:281)
	at com.kms.katalon.core.main.TestCaseExecutor.execute(TestCaseExecutor.java:363)
	at com.kms.katalon.core.main.TestCaseExecutor.execute(TestCaseExecutor.java:363)
	at com.kms.katalon.core.main.TestCaseExecutor.execute(TestCaseExecutor.java:363)
	at com.kms.katalon.core.main.TestSuiteExecutor.accessTestCaseMainPhase(TestSuiteExecutor.java:202)
	at com.kms.katalon.core.main.TestSuiteExecutor.accessTestSuiteMainPhase(TestSuiteExecutor.java:164)
	at com.kms.katalon.core.main.TestSuiteExecutor.execute(TestSuiteExecutor.java:105)
	at com.kms.katalon.core.main.TestCaseMain.startTestSuite(TestCaseMain.java:181)
	at com.kms.katalon.core.main.TestCaseMain$startTestSuite$0.call(Unknown Source)
	at TempTestSuite1642165037865.run(TempTestSuite1642165037865.groovy:36)
Caused by: com.kms.katalon.core.webui.exception.WebElementNotFoundException: Web element with id: 'Object Repository/Page_Course Nhp mn tr tu nhn to/span_Add an activity or resource' located by '//span[@id='yui_3_17_2_1_1641986354069_794']' not found
	at com.kms.katalon.core.webui.common.WebUiCommonHelper.findWebElement(WebUiCommonHelper.java:1368)
	at com.kms.katalon.core.webui.keyword.internal.WebUIAbstractKeyword.findWebElement(WebUIAbstractKeyword.groovy:27)
	at com.kms.katalon.core.webui.keyword.builtin.ClickKeyword$_click_closure1.doCall(ClickKeyword.groovy:65)
	at com.kms.katalon.core.webui.keyword.builtin.ClickKeyword$_click_closure1.call(ClickKeyword.groovy)
	at com.kms.katalon.core.webui.keyword.internal.WebUIKeywordMain.runKeyword(WebUIKeywordMain.groovy:20)
	... 22 more]]></system-err>
      </testcase>
      <testcase name="Test Cases/29_Giáo viên tạo assignment với các thông tin chính xác" time="30.34" classname="Test Cases/29_Giáo viên tạo assignment với các thông tin chính xác" status="FAILED">
         <failure type="FAILED" message="Test Cases/29_Giáo viên tạo assignment với các thông tin chính xác FAILED.
Reason:
com.kms.katalon.core.exception.StepFailedException: Unable to click on object 'Object Repository/Page_Course Nhp mn tr tu nhn to/span_Add an activity or resource'
	at com.kms.katalon.core.webui.keyword.internal.WebUIKeywordMain.stepFailed(WebUIKeywordMain.groovy:64)
	at com.kms.katalon.core.webui.keyword.internal.WebUIKeywordMain.runKeyword(WebUIKeywordMain.groovy:26)
	at com.kms.katalon.core.webui.keyword.builtin.ClickKeyword.click(ClickKeyword.groovy:74)
	at com.kms.katalon.core.webui.keyword.builtin.ClickKeyword.execute(ClickKeyword.groovy:40)
	at com.kms.katalon.core.keyword.internal.KeywordExecutor.executeKeywordForPlatform(KeywordExecutor.groovy:74)
	at com.kms.katalon.core.webui.keyword.WebUiBuiltInKeywords.click(WebUiBuiltInKeywords.groovy:620)
	at com.kms.katalon.core.webui.keyword.WebUiBuiltInKeywords$click$1.call(Unknown Source)
	at 29_Giáo viên tạo assignment với các thông tin chính xác.run(29_Giáo viên tạo assignment với các thông tin chính xác:34)
	at com.kms.katalon.core.main.ScriptEngine.run(ScriptEngine.java:194)
	at com.kms.katalon.core.main.ScriptEngine.runScriptAsRawText(ScriptEngine.java:119)
	at com.kms.katalon.core.main.TestCaseExecutor.runScript(TestCaseExecutor.java:442)
	at com.kms.katalon.core.main.TestCaseExecutor.doExecute(TestCaseExecutor.java:433)
	at com.kms.katalon.core.main.TestCaseExecutor.processExecutionPhase(TestCaseExecutor.java:412)
	at com.kms.katalon.core.main.TestCaseExecutor.accessMainPhase(TestCaseExecutor.java:404)
	at com.kms.katalon.core.main.TestCaseExecutor.execute(TestCaseExecutor.java:281)
	at com.kms.katalon.core.main.TestCaseExecutor.execute(TestCaseExecutor.java:363)
	at com.kms.katalon.core.main.TestCaseExecutor.execute(TestCaseExecutor.java:363)
	at com.kms.katalon.core.main.TestCaseExecutor.execute(TestCaseExecutor.java:363)
	at com.kms.katalon.core.main.TestSuiteExecutor.accessTestCaseMainPhase(TestSuiteExecutor.java:202)
	at com.kms.katalon.core.main.TestSuiteExecutor.accessTestSuiteMainPhase(TestSuiteExecutor.java:164)
	at com.kms.katalon.core.main.TestSuiteExecutor.execute(TestSuiteExecutor.java:105)
	at com.kms.katalon.core.main.TestCaseMain.startTestSuite(TestCaseMain.java:181)
	at com.kms.katalon.core.main.TestCaseMain$startTestSuite$0.call(Unknown Source)
	at TempTestSuite1642165037865.run(TempTestSuite1642165037865.groovy:36)
Caused by: com.kms.katalon.core.webui.exception.WebElementNotFoundException: Web element with id: 'Object Repository/Page_Course Nhp mn tr tu nhn to/span_Add an activity or resource' located by '//span[@id='yui_3_17_2_1_1641986354069_794']' not found
	at com.kms.katalon.core.webui.common.WebUiCommonHelper.findWebElement(WebUiCommonHelper.java:1368)
	at com.kms.katalon.core.webui.keyword.internal.WebUIAbstractKeyword.findWebElement(WebUIAbstractKeyword.groovy:27)
	at com.kms.katalon.core.webui.keyword.builtin.ClickKeyword$_click_closure1.doCall(ClickKeyword.groovy:65)
	at com.kms.katalon.core.webui.keyword.builtin.ClickKeyword$_click_closure1.call(ClickKeyword.groovy)
	at com.kms.katalon.core.webui.keyword.internal.WebUIKeywordMain.runKeyword(WebUIKeywordMain.groovy:20)
	... 22 more
"/>
         <system-out><![CDATA[2022-01-14 20:41:19 - [TEST_CASE][FAILED] - Test Cases/29_Giáo viên tạo assignment với các thông tin chính xác: Test Cases/29_Giáo viên tạo assignment với các thông tin chính xác FAILED.
Reason:
com.kms.katalon.core.exception.StepFailedException: Unable to click on object 'Object Repository/Page_Course Nhp mn tr tu nhn to/span_Add an activity or resource'
	at com.kms.katalon.core.webui.keyword.internal.WebUIKeywordMain.stepFailed(WebUIKeywordMain.groovy:64)
	at com.kms.katalon.core.webui.keyword.internal.WebUIKeywordMain.runKeyword(WebUIKeywordMain.groovy:26)
	at com.kms.katalon.core.webui.keyword.builtin.ClickKeyword.click(ClickKeyword.groovy:74)
	at com.kms.katalon.core.webui.keyword.builtin.ClickKeyword.execute(ClickKeyword.groovy:40)
	at com.kms.katalon.core.keyword.internal.KeywordExecutor.executeKeywordForPlatform(KeywordExecutor.groovy:74)
	at com.kms.katalon.core.webui.keyword.WebUiBuiltInKeywords.click(WebUiBuiltInKeywords.groovy:620)
	at com.kms.katalon.core.webui.keyword.WebUiBuiltInKeywords$click$1.call(Unknown Source)
	at 29_Giáo viên tạo assignment với các thông tin chính xác.run(29_Giáo viên tạo assignment với các thông tin chính xác:34)
	at com.kms.katalon.core.main.ScriptEngine.run(ScriptEngine.java:194)
	at com.kms.katalon.core.main.ScriptEngine.runScriptAsRawText(ScriptEngine.java:119)
	at com.kms.katalon.core.main.TestCaseExecutor.runScript(TestCaseExecutor.java:442)
	at com.kms.katalon.core.main.TestCaseExecutor.doExecute(TestCaseExecutor.java:433)
	at com.kms.katalon.core.main.TestCaseExecutor.processExecutionPhase(TestCaseExecutor.java:412)
	at com.kms.katalon.core.main.TestCaseExecutor.accessMainPhase(TestCaseExecutor.java:404)
	at com.kms.katalon.core.main.TestCaseExecutor.execute(TestCaseExecutor.java:281)
	at com.kms.katalon.core.main.TestCaseExecutor.execute(TestCaseExecutor.java:363)
	at com.kms.katalon.core.main.TestCaseExecutor.execute(TestCaseExecutor.java:363)
	at com.kms.katalon.core.main.TestCaseExecutor.execute(TestCaseExecutor.java:363)
	at com.kms.katalon.core.main.TestSuiteExecutor.accessTestCaseMainPhase(TestSuiteExecutor.java:202)
	at com.kms.katalon.core.main.TestSuiteExecutor.accessTestSuiteMainPhase(TestSuiteExecutor.java:164)
	at com.kms.katalon.core.main.TestSuiteExecutor.execute(TestSuiteExecutor.java:105)
	at com.kms.katalon.core.main.TestCaseMain.startTestSuite(TestCaseMain.java:181)
	at com.kms.katalon.core.main.TestCaseMain$startTestSuite$0.call(Unknown Source)
	at TempTestSuite1642165037865.run(TempTestSuite1642165037865.groovy:36)
Caused by: com.kms.katalon.core.webui.exception.WebElementNotFoundException: Web element with id: 'Object Repository/Page_Course Nhp mn tr tu nhn to/span_Add an activity or resource' located by '//span[@id='yui_3_17_2_1_1641986354069_794']' not found
	at com.kms.katalon.core.webui.common.WebUiCommonHelper.findWebElement(WebUiCommonHelper.java:1368)
	at com.kms.katalon.core.webui.keyword.internal.WebUIAbstractKeyword.findWebElement(WebUIAbstractKeyword.groovy:27)
	at com.kms.katalon.core.webui.keyword.builtin.ClickKeyword$_click_closure1.doCall(ClickKeyword.groovy:65)
	at com.kms.katalon.core.webui.keyword.builtin.ClickKeyword$_click_closure1.call(ClickKeyword.groovy)
	at com.kms.katalon.core.webui.keyword.internal.WebUIKeywordMain.runKeyword(WebUIKeywordMain.groovy:20)
	... 22 more


2022-01-14 20:41:19 - [TEST_STEP][PASSED] - openBrowser(""): Browser is opened with url: ''

2022-01-14 20:41:19 - [MESSAGE][WARNING] - A browser is already opened. Closing browser and opening a new one

2022-01-14 20:41:19 - [MESSAGE][INFO] - Starting 'Chrome' driver

2022-01-14 20:41:19 - [MESSAGE][INFO] - Action delay is set to 0 milliseconds

2022-01-14 20:41:21 - [MESSAGE][PASSED] - Browser is opened with url: ''

2022-01-14 20:41:21 - [TEST_STEP][PASSED] - navigateToUrl("http://localhost/"): Navigate to 'http://localhost/' successfully

2022-01-14 20:41:22 - [MESSAGE][PASSED] - Navigate to 'http://localhost/' successfully

2022-01-14 20:41:22 - [TEST_STEP][PASSED] - click(findTestObject("Object Repository/Page_HCMUS/a_Nhp mn tr tu nhn to")): Object: 'Object Repository/Page_HCMUS/a_Nhp mn tr tu nhn to' is clicked on

2022-01-14 20:41:23 - [MESSAGE][PASSED] - Object: 'Object Repository/Page_HCMUS/a_Nhp mn tr tu nhn to' is clicked on

2022-01-14 20:41:23 - [TEST_STEP][PASSED] - setText(findTestObject("Object Repository/Page_HCMUS Log in to the site/input_Username_username"), "teacher1"): Text 'teacher1' is set on object 'Object Repository/Page_HCMUS Log in to the site/input_Username_username'

2022-01-14 20:41:24 - [MESSAGE][PASSED] - Text 'teacher1' is set on object 'Object Repository/Page_HCMUS Log in to the site/input_Username_username'

2022-01-14 20:41:24 - [TEST_STEP][PASSED] - setEncryptedText(findTestObject("Object Repository/Page_HCMUS Log in to the site/input_Password_password"), "iKb8CrY6A/iqm08K47hQLA=="): Text ****** has been set on object 'Object Repository/Page_HCMUS Log in to the site/input_Password_password'

2022-01-14 20:41:24 - [MESSAGE][PASSED] - Text ****** has been set on object 'Object Repository/Page_HCMUS Log in to the site/input_Password_password'

2022-01-14 20:41:24 - [TEST_STEP][PASSED] - click(findTestObject("Object Repository/Page_HCMUS Log in to the site/button_Log in")): Object: 'Object Repository/Page_HCMUS Log in to the site/button_Log in' is clicked on

2022-01-14 20:41:25 - [MESSAGE][PASSED] - Object: 'Object Repository/Page_HCMUS Log in to the site/button_Log in' is clicked on

2022-01-14 20:41:25 - [TEST_STEP][PASSED] - click(findTestObject("Object Repository/Page_Course Nhp mn tr tu nhn to/button_Turn editing on")): Object: 'Object Repository/Page_Course Nhp mn tr tu nhn to/button_Turn editing on' is clicked on

2022-01-14 20:41:32 - [MESSAGE][INFO] - Unable to find the element located by 'By.xpath: //button[@id='single_button61deb918b38a91']'. Please recheck the objects properties to make sure the desired element is located. 

2022-01-14 20:41:32 - [MESSAGE][WARNING] - [SELF-HEALING] Failed to find element with id 'Object Repository/Page_Course Nhp mn tr tu nhn to/button_Turn editing on'. Try using Self-healing.

2022-01-14 20:41:32 - [MESSAGE][WARNING] - [SELF-HEALING] The current locator of test object 'Object Repository/Page_Course Nhp mn tr tu nhn to/button_Turn editing on' was broken. Propose an alternative one: '(.//*[normalize-space(text()) and normalize-space(.)='AI'])[2]/following::button[1]'.

2022-01-14 20:41:32 - [MESSAGE][PASSED] - Object: 'Object Repository/Page_Course Nhp mn tr tu nhn to/button_Turn editing on' is clicked on

2022-01-14 20:41:32 - [TEST_STEP][FAILED] - click(findTestObject("Object Repository/Page_Course Nhp mn tr tu nhn to/span_Add an activity or resource")): Unable to click on object 'Object Repository/Page_Course Nhp mn tr tu nhn to/span_Add an activity or resource' (Root cause: com.kms.katalon.core.exception.StepFailedException: Unable to click on object 'Object Repository/Page_Course Nhp mn tr tu nhn to/span_Add an activity or resource'
	at com.kms.katalon.core.webui.keyword.internal.WebUIKeywordMain.stepFailed(WebUIKeywordMain.groovy:64)
	at com.kms.katalon.core.webui.keyword.internal.WebUIKeywordMain.runKeyword(WebUIKeywordMain.groovy:26)
	at com.kms.katalon.core.webui.keyword.builtin.ClickKeyword.click(ClickKeyword.groovy:74)
	at com.kms.katalon.core.webui.keyword.builtin.ClickKeyword.execute(ClickKeyword.groovy:40)
	at com.kms.katalon.core.keyword.internal.KeywordExecutor.executeKeywordForPlatform(KeywordExecutor.groovy:74)
	at com.kms.katalon.core.webui.keyword.WebUiBuiltInKeywords.click(WebUiBuiltInKeywords.groovy:620)
	at com.kms.katalon.core.webui.keyword.WebUiBuiltInKeywords$click$1.call(Unknown Source)
	at 29_Giáo viên tạo assignment với các thông tin chính xác.run(29_Giáo viên tạo assignment với các thông tin chính xác:34)
	at com.kms.katalon.core.main.ScriptEngine.run(ScriptEngine.java:194)
	at com.kms.katalon.core.main.ScriptEngine.runScriptAsRawText(ScriptEngine.java:119)
	at com.kms.katalon.core.main.TestCaseExecutor.runScript(TestCaseExecutor.java:442)
	at com.kms.katalon.core.main.TestCaseExecutor.doExecute(TestCaseExecutor.java:433)
	at com.kms.katalon.core.main.TestCaseExecutor.processExecutionPhase(TestCaseExecutor.java:412)
	at com.kms.katalon.core.main.TestCaseExecutor.accessMainPhase(TestCaseExecutor.java:404)
	at com.kms.katalon.core.main.TestCaseExecutor.execute(TestCaseExecutor.java:281)
	at com.kms.katalon.core.main.TestCaseExecutor.execute(TestCaseExecutor.java:363)
	at com.kms.katalon.core.main.TestCaseExecutor.execute(TestCaseExecutor.java:363)
	at com.kms.katalon.core.main.TestCaseExecutor.execute(TestCaseExecutor.java:363)
	at com.kms.katalon.core.main.TestSuiteExecutor.accessTestCaseMainPhase(TestSuiteExecutor.java:202)
	at com.kms.katalon.core.main.TestSuiteExecutor.accessTestSuiteMainPhase(TestSuiteExecutor.java:164)
	at com.kms.katalon.core.main.TestSuiteExecutor.execute(TestSuiteExecutor.java:105)
	at com.kms.katalon.core.main.TestCaseMain.startTestSuite(TestCaseMain.java:181)
	at com.kms.katalon.core.main.TestCaseMain$startTestSuite$0.call(Unknown Source)
	at TempTestSuite1642165037865.run(TempTestSuite1642165037865.groovy:36)
Caused by: com.kms.katalon.core.webui.exception.WebElementNotFoundException: Web element with id: 'Object Repository/Page_Course Nhp mn tr tu nhn to/span_Add an activity or resource' located by '//span[@id='yui_3_17_2_1_1641986354069_794']' not found
	at com.kms.katalon.core.webui.common.WebUiCommonHelper.findWebElement(WebUiCommonHelper.java:1368)
	at com.kms.katalon.core.webui.keyword.internal.WebUIAbstractKeyword.findWebElement(WebUIAbstractKeyword.groovy:27)
	at com.kms.katalon.core.webui.keyword.builtin.ClickKeyword$_click_closure1.doCall(ClickKeyword.groovy:65)
	at com.kms.katalon.core.webui.keyword.builtin.ClickKeyword$_click_closure1.call(ClickKeyword.groovy)
	at com.kms.katalon.core.webui.keyword.internal.WebUIKeywordMain.runKeyword(WebUIKeywordMain.groovy:20)
	at com.kms.katalon.core.webui.keyword.builtin.ClickKeyword.click(ClickKeyword.groovy:74)
	at com.kms.katalon.core.webui.keyword.builtin.ClickKeyword.execute(ClickKeyword.groovy:40)
	at com.kms.katalon.core.keyword.internal.KeywordExecutor.executeKeywordForPlatform(KeywordExecutor.groovy:74)
	at com.kms.katalon.core.webui.keyword.WebUiBuiltInKeywords.click(WebUiBuiltInKeywords.groovy:620)
	at com.kms.katalon.core.webui.keyword.WebUiBuiltInKeywords$click$1.call(Unknown Source)
	at Script1641967894916.run(Script1641967894916.groovy:34)
	... 16 more
)

2022-01-14 20:41:39 - [MESSAGE][INFO] - Unable to find the element located by 'By.xpath: //span[@id='yui_3_17_2_1_1641986354069_794']'. Please recheck the objects properties to make sure the desired element is located. 

2022-01-14 20:41:39 - [MESSAGE][WARNING] - [SELF-HEALING] Failed to find element with id 'Object Repository/Page_Course Nhp mn tr tu nhn to/span_Add an activity or resource'. Try using Self-healing.

2022-01-14 20:41:40 - [MESSAGE][INFO] - Unable to find the element located by 'By.xpath: (.//*[normalize-space(text()) and normalize-space(.)='Add file(s) here'])[1]/following::span[1]'. Please recheck the objects properties to make sure the desired element is located. 

2022-01-14 20:41:40 - [MESSAGE][INFO] - [SELF-HEALING] Failed Locator: '//span[@id='yui_3_17_2_1_1641986354069_794']'.

2022-01-14 20:41:40 - [MESSAGE][INFO] - [SELF-HEALING] Failed Locator: '//button[@id='yui_3_17_2_1_1641986354069_795']/span'.

2022-01-14 20:41:40 - [MESSAGE][INFO] - [SELF-HEALING] Failed Locator: '(.//*[normalize-space(text()) and normalize-space(.)='Add file(s) here'])[1]/following::span[1]'.

2022-01-14 20:41:41 - [MESSAGE][INFO] - [SELF-HEALING] Failed Locator: '(.//*[normalize-space(text()) and normalize-space(.)='Mark as done'])[6]/following::span[2]'.

2022-01-14 20:41:41 - [MESSAGE][INFO] - [SELF-HEALING] Failed Locator: '(.//*[normalize-space(text()) and normalize-space(.)='Edit topic'])[1]/preceding::span[2]'.

2022-01-14 20:41:41 - [MESSAGE][INFO] - [SELF-HEALING] Failed Locator: '(.//*[normalize-space(text()) and normalize-space(.)='Highlight'])[1]/preceding::span[3]'.

2022-01-14 20:41:41 - [MESSAGE][INFO] - [SELF-HEALING] Failed Locator: '//*/text()[normalize-space(.)='Add an activity or resource']/parent::*'.

2022-01-14 20:41:42 - [MESSAGE][INFO] - [SELF-HEALING] Failed Locator: '//div[3]/div/button/span'.

2022-01-14 20:41:42 - [MESSAGE][INFO] - [SELF-HEALING] Failed Locator: '//span[@id='yui_3_17_2_1_1641968219070_816']'.

2022-01-14 20:41:42 - [MESSAGE][INFO] - [SELF-HEALING] Failed Locator: '//button[@id='yui_3_17_2_1_1641968219070_817']/span'.

2022-01-14 20:41:42 - [MESSAGE][INFO] - [SELF-HEALING] Failed Locator: '(.//*[normalize-space(text()) and normalize-space(.)='Mark as done'])[7]/following::span[2]'.

2022-01-14 20:41:43 - [MESSAGE][INFO] - [SELF-HEALING] Failed Locator: '//span[@id='yui_3_17_2_1_1641967946979_782']'.

2022-01-14 20:41:43 - [MESSAGE][INFO] - [SELF-HEALING] Failed Locator: '//button[@id='yui_3_17_2_1_1641967946979_783']/span'.

2022-01-14 20:41:43 - [MESSAGE][INFO] - [SELF-HEALING] Failed Locator: '//span[@id='yui_3_17_2_1_1641967681819_749']'.

2022-01-14 20:41:43 - [MESSAGE][INFO] - [SELF-HEALING] Failed Locator: '//button[@id='yui_3_17_2_1_1641967681819_750']/span'.

2022-01-14 20:41:43 - [MESSAGE][INFO] - [SELF-HEALING] Failed Locator: '(.//*[normalize-space(text()) and normalize-space(.)='Mark as done'])[5]/following::span[2]'.

2022-01-14 20:41:44 - [MESSAGE][INFO] - [SELF-HEALING] Failed Locator: '//span[@id='yui_3_17_2_1_1641966312257_733']'.

2022-01-14 20:41:44 - [MESSAGE][INFO] - [SELF-HEALING] Failed Locator: '//button[@id='yui_3_17_2_1_1641966312257_734']/span'.

2022-01-14 20:41:44 - [MESSAGE][INFO] - [SELF-HEALING] Failed Locator: '(.//*[normalize-space(text()) and normalize-space(.)='Mark as done'])[4]/following::span[2]'.

2022-01-14 20:41:44 - [MESSAGE][INFO] - [SELF-HEALING] Failed Locator: '//span[@id='yui_3_17_2_1_1641965818242_672']'.

2022-01-14 20:41:45 - [MESSAGE][INFO] - [SELF-HEALING] Failed Locator: '//button[@id='yui_3_17_2_1_1641965818242_673']/span'.

2022-01-14 20:41:45 - [MESSAGE][INFO] - [SELF-HEALING] Failed Locator: '(.//*[normalize-space(text()) and normalize-space(.)='Mark as done'])[2]/following::span[2]'.

2022-01-14 20:41:45 - [MESSAGE][INFO] - [SELF-HEALING] Failed Locator: '//span[@id='yui_3_17_2_1_1641965314944_642']'.

2022-01-14 20:41:45 - [MESSAGE][INFO] - [SELF-HEALING] Failed Locator: '//button[@id='yui_3_17_2_1_1641965314944_643']/span'.

2022-01-14 20:41:46 - [MESSAGE][INFO] - [SELF-HEALING] Failed Locator: '(.//*[normalize-space(text()) and normalize-space(.)='Mark as done'])[1]/following::span[2]'.

2022-01-14 20:41:46 - [MESSAGE][INFO] - [SELF-HEALING] Failed Locator: '//span[@id='yui_3_17_2_1_1641964893302_615']'.

2022-01-14 20:41:46 - [MESSAGE][INFO] - [SELF-HEALING] Failed Locator: '//button[@id='yui_3_17_2_1_1641964893302_616']/span'.

2022-01-14 20:41:46 - [MESSAGE][INFO] - [SELF-HEALING] Failed Locator: '(.//*[normalize-space(text()) and normalize-space(.)='Delete'])[1]/following::span[2]'.

2022-01-14 20:41:48 - [MESSAGE][INFO] - Unable to find the element located by 'By.xpath: //*[@id = 'yui_3_17_2_1_1641986354069_794' and (text() = 'Add an activity or resource' or . = 'Add an activity or resource')]'. Please recheck the objects properties to make sure the desired element is located. 

2022-01-14 20:41:49 - [MESSAGE][INFO] - Unable to find the element located by 'By.cssSelector: #yui_3_17_2_1_1641986354069_794'. Please recheck the objects properties to make sure the desired element is located. 

2022-01-14 20:41:49 - [MESSAGE][FAILED] - Unable to click on object 'Object Repository/Page_Course Nhp mn tr tu nhn to/span_Add an activity or resource' (Root cause: com.kms.katalon.core.exception.StepFailedException: Unable to click on object 'Object Repository/Page_Course Nhp mn tr tu nhn to/span_Add an activity or resource'
	at com.kms.katalon.core.webui.keyword.internal.WebUIKeywordMain.stepFailed(WebUIKeywordMain.groovy:64)
	at com.kms.katalon.core.webui.keyword.internal.WebUIKeywordMain.runKeyword(WebUIKeywordMain.groovy:26)
	at com.kms.katalon.core.webui.keyword.builtin.ClickKeyword.click(ClickKeyword.groovy:74)
	at com.kms.katalon.core.webui.keyword.builtin.ClickKeyword.execute(ClickKeyword.groovy:40)
	at com.kms.katalon.core.keyword.internal.KeywordExecutor.executeKeywordForPlatform(KeywordExecutor.groovy:74)
	at com.kms.katalon.core.webui.keyword.WebUiBuiltInKeywords.click(WebUiBuiltInKeywords.groovy:620)
	at com.kms.katalon.core.webui.keyword.WebUiBuiltInKeywords$click$1.call(Unknown Source)
	at 29_Giáo viên tạo assignment với các thông tin chính xác.run(29_Giáo viên tạo assignment với các thông tin chính xác:34)
	at com.kms.katalon.core.main.ScriptEngine.run(ScriptEngine.java:194)
	at com.kms.katalon.core.main.ScriptEngine.runScriptAsRawText(ScriptEngine.java:119)
	at com.kms.katalon.core.main.TestCaseExecutor.runScript(TestCaseExecutor.java:442)
	at com.kms.katalon.core.main.TestCaseExecutor.doExecute(TestCaseExecutor.java:433)
	at com.kms.katalon.core.main.TestCaseExecutor.processExecutionPhase(TestCaseExecutor.java:412)
	at com.kms.katalon.core.main.TestCaseExecutor.accessMainPhase(TestCaseExecutor.java:404)
	at com.kms.katalon.core.main.TestCaseExecutor.execute(TestCaseExecutor.java:281)
	at com.kms.katalon.core.main.TestCaseExecutor.execute(TestCaseExecutor.java:363)
	at com.kms.katalon.core.main.TestCaseExecutor.execute(TestCaseExecutor.java:363)
	at com.kms.katalon.core.main.TestCaseExecutor.execute(TestCaseExecutor.java:363)
	at com.kms.katalon.core.main.TestSuiteExecutor.accessTestCaseMainPhase(TestSuiteExecutor.java:202)
	at com.kms.katalon.core.main.TestSuiteExecutor.accessTestSuiteMainPhase(TestSuiteExecutor.java:164)
	at com.kms.katalon.core.main.TestSuiteExecutor.execute(TestSuiteExecutor.java:105)
	at com.kms.katalon.core.main.TestCaseMain.startTestSuite(TestCaseMain.java:181)
	at com.kms.katalon.core.main.TestCaseMain$startTestSuite$0.call(Unknown Source)
	at TempTestSuite1642165037865.run(TempTestSuite1642165037865.groovy:36)
Caused by: com.kms.katalon.core.webui.exception.WebElementNotFoundException: Web element with id: 'Object Repository/Page_Course Nhp mn tr tu nhn to/span_Add an activity or resource' located by '//span[@id='yui_3_17_2_1_1641986354069_794']' not found
	at com.kms.katalon.core.webui.common.WebUiCommonHelper.findWebElement(WebUiCommonHelper.java:1368)
	at com.kms.katalon.core.webui.keyword.internal.WebUIAbstractKeyword.findWebElement(WebUIAbstractKeyword.groovy:27)
	at com.kms.katalon.core.webui.keyword.builtin.ClickKeyword$_click_closure1.doCall(ClickKeyword.groovy:65)
	at com.kms.katalon.core.webui.keyword.builtin.ClickKeyword$_click_closure1.call(ClickKeyword.groovy)
	at com.kms.katalon.core.webui.keyword.internal.WebUIKeywordMain.runKeyword(WebUIKeywordMain.groovy:20)
	at com.kms.katalon.core.webui.keyword.builtin.ClickKeyword.click(ClickKeyword.groovy:74)
	at com.kms.katalon.core.webui.keyword.builtin.ClickKeyword.execute(ClickKeyword.groovy:40)
	at com.kms.katalon.core.keyword.internal.KeywordExecutor.executeKeywordForPlatform(KeywordExecutor.groovy:74)
	at com.kms.katalon.core.webui.keyword.WebUiBuiltInKeywords.click(WebUiBuiltInKeywords.groovy:620)
	at com.kms.katalon.core.webui.keyword.WebUiBuiltInKeywords$click$1.call(Unknown Source)
	at Script1641967894916.run(Script1641967894916.groovy:34)
	... 16 more
)
[[ATTACHMENT|D:\\nam 3\\nhap mon CNPM\\bonus project\\Test-Automation-SE-Bonus\\Reports\\20220114_195717\\Run all test cases\\20220114_195717\\1642167709256.png]]]]></system-out>
         <system-err><![CDATA[2022-01-14 20:41:19 - [TEST_CASE][FAILED] - Test Cases/29_Giáo viên tạo assignment với các thông tin chính xác: Test Cases/29_Giáo viên tạo assignment với các thông tin chính xác FAILED.
Reason:
com.kms.katalon.core.exception.StepFailedException: Unable to click on object 'Object Repository/Page_Course Nhp mn tr tu nhn to/span_Add an activity or resource'
	at com.kms.katalon.core.webui.keyword.internal.WebUIKeywordMain.stepFailed(WebUIKeywordMain.groovy:64)
	at com.kms.katalon.core.webui.keyword.internal.WebUIKeywordMain.runKeyword(WebUIKeywordMain.groovy:26)
	at com.kms.katalon.core.webui.keyword.builtin.ClickKeyword.click(ClickKeyword.groovy:74)
	at com.kms.katalon.core.webui.keyword.builtin.ClickKeyword.execute(ClickKeyword.groovy:40)
	at com.kms.katalon.core.keyword.internal.KeywordExecutor.executeKeywordForPlatform(KeywordExecutor.groovy:74)
	at com.kms.katalon.core.webui.keyword.WebUiBuiltInKeywords.click(WebUiBuiltInKeywords.groovy:620)
	at com.kms.katalon.core.webui.keyword.WebUiBuiltInKeywords$click$1.call(Unknown Source)
	at 29_Giáo viên tạo assignment với các thông tin chính xác.run(29_Giáo viên tạo assignment với các thông tin chính xác:34)
	at com.kms.katalon.core.main.ScriptEngine.run(ScriptEngine.java:194)
	at com.kms.katalon.core.main.ScriptEngine.runScriptAsRawText(ScriptEngine.java:119)
	at com.kms.katalon.core.main.TestCaseExecutor.runScript(TestCaseExecutor.java:442)
	at com.kms.katalon.core.main.TestCaseExecutor.doExecute(TestCaseExecutor.java:433)
	at com.kms.katalon.core.main.TestCaseExecutor.processExecutionPhase(TestCaseExecutor.java:412)
	at com.kms.katalon.core.main.TestCaseExecutor.accessMainPhase(TestCaseExecutor.java:404)
	at com.kms.katalon.core.main.TestCaseExecutor.execute(TestCaseExecutor.java:281)
	at com.kms.katalon.core.main.TestCaseExecutor.execute(TestCaseExecutor.java:363)
	at com.kms.katalon.core.main.TestCaseExecutor.execute(TestCaseExecutor.java:363)
	at com.kms.katalon.core.main.TestCaseExecutor.execute(TestCaseExecutor.java:363)
	at com.kms.katalon.core.main.TestSuiteExecutor.accessTestCaseMainPhase(TestSuiteExecutor.java:202)
	at com.kms.katalon.core.main.TestSuiteExecutor.accessTestSuiteMainPhase(TestSuiteExecutor.java:164)
	at com.kms.katalon.core.main.TestSuiteExecutor.execute(TestSuiteExecutor.java:105)
	at com.kms.katalon.core.main.TestCaseMain.startTestSuite(TestCaseMain.java:181)
	at com.kms.katalon.core.main.TestCaseMain$startTestSuite$0.call(Unknown Source)
	at TempTestSuite1642165037865.run(TempTestSuite1642165037865.groovy:36)
Caused by: com.kms.katalon.core.webui.exception.WebElementNotFoundException: Web element with id: 'Object Repository/Page_Course Nhp mn tr tu nhn to/span_Add an activity or resource' located by '//span[@id='yui_3_17_2_1_1641986354069_794']' not found
	at com.kms.katalon.core.webui.common.WebUiCommonHelper.findWebElement(WebUiCommonHelper.java:1368)
	at com.kms.katalon.core.webui.keyword.internal.WebUIAbstractKeyword.findWebElement(WebUIAbstractKeyword.groovy:27)
	at com.kms.katalon.core.webui.keyword.builtin.ClickKeyword$_click_closure1.doCall(ClickKeyword.groovy:65)
	at com.kms.katalon.core.webui.keyword.builtin.ClickKeyword$_click_closure1.call(ClickKeyword.groovy)
	at com.kms.katalon.core.webui.keyword.internal.WebUIKeywordMain.runKeyword(WebUIKeywordMain.groovy:20)
	... 22 more]]></system-err>
      </testcase>
      <testcase name="Test Cases/30_Giáo viên tạo announcement thêm thiếu message" time="18.205" classname="Test Cases/30_Giáo viên tạo announcement thêm thiếu message" status="FAILED">
         <failure type="FAILED" message="Test Cases/30_Giáo viên tạo announcement thêm thiếu message FAILED.
Reason:
com.kms.katalon.core.exception.StepFailedException: Unable to click on object 'Object Repository/Page_Course Nhp mn tr tu nhn to/span_Announcements Forum'
	at com.kms.katalon.core.webui.keyword.internal.WebUIKeywordMain.stepFailed(WebUIKeywordMain.groovy:64)
	at com.kms.katalon.core.webui.keyword.internal.WebUIKeywordMain.runKeyword(WebUIKeywordMain.groovy:26)
	at com.kms.katalon.core.webui.keyword.builtin.ClickKeyword.click(ClickKeyword.groovy:74)
	at com.kms.katalon.core.webui.keyword.builtin.ClickKeyword.execute(ClickKeyword.groovy:40)
	at com.kms.katalon.core.keyword.internal.KeywordExecutor.executeKeywordForPlatform(KeywordExecutor.groovy:74)
	at com.kms.katalon.core.webui.keyword.WebUiBuiltInKeywords.click(WebUiBuiltInKeywords.groovy:620)
	at com.kms.katalon.core.webui.keyword.WebUiBuiltInKeywords$click$1.call(Unknown Source)
	at 30_Giáo viên tạo announcement thêm thiếu message.run(30_Giáo viên tạo announcement thêm thiếu message:32)
	at com.kms.katalon.core.main.ScriptEngine.run(ScriptEngine.java:194)
	at com.kms.katalon.core.main.ScriptEngine.runScriptAsRawText(ScriptEngine.java:119)
	at com.kms.katalon.core.main.TestCaseExecutor.runScript(TestCaseExecutor.java:442)
	at com.kms.katalon.core.main.TestCaseExecutor.doExecute(TestCaseExecutor.java:433)
	at com.kms.katalon.core.main.TestCaseExecutor.processExecutionPhase(TestCaseExecutor.java:412)
	at com.kms.katalon.core.main.TestCaseExecutor.accessMainPhase(TestCaseExecutor.java:404)
	at com.kms.katalon.core.main.TestCaseExecutor.execute(TestCaseExecutor.java:281)
	at com.kms.katalon.core.main.TestCaseExecutor.execute(TestCaseExecutor.java:363)
	at com.kms.katalon.core.main.TestCaseExecutor.execute(TestCaseExecutor.java:363)
	at com.kms.katalon.core.main.TestCaseExecutor.execute(TestCaseExecutor.java:363)
	at com.kms.katalon.core.main.TestSuiteExecutor.accessTestCaseMainPhase(TestSuiteExecutor.java:202)
	at com.kms.katalon.core.main.TestSuiteExecutor.accessTestSuiteMainPhase(TestSuiteExecutor.java:164)
	at com.kms.katalon.core.main.TestSuiteExecutor.execute(TestSuiteExecutor.java:105)
	at com.kms.katalon.core.main.TestCaseMain.startTestSuite(TestCaseMain.java:181)
	at com.kms.katalon.core.main.TestCaseMain$startTestSuite$0.call(Unknown Source)
	at TempTestSuite1642165037865.run(TempTestSuite1642165037865.groovy:36)
Caused by: com.kms.katalon.core.webui.exception.WebElementNotFoundException: Web element with id: 'Object Repository/Page_Course Nhp mn tr tu nhn to/span_Announcements Forum' located by '//li[@id='module-1']/div/div/div[2]/div/a/span' not found
	at com.kms.katalon.core.webui.common.WebUiCommonHelper.findWebElement(WebUiCommonHelper.java:1368)
	at com.kms.katalon.core.webui.keyword.internal.WebUIAbstractKeyword.findWebElement(WebUIAbstractKeyword.groovy:27)
	at com.kms.katalon.core.webui.keyword.builtin.ClickKeyword$_click_closure1.doCall(ClickKeyword.groovy:65)
	at com.kms.katalon.core.webui.keyword.builtin.ClickKeyword$_click_closure1.call(ClickKeyword.groovy)
	at com.kms.katalon.core.webui.keyword.internal.WebUIKeywordMain.runKeyword(WebUIKeywordMain.groovy:20)
	... 22 more
"/>
         <system-out><![CDATA[2022-01-14 20:42:54 - [TEST_CASE][FAILED] - Test Cases/30_Giáo viên tạo announcement thêm thiếu message: Test Cases/30_Giáo viên tạo announcement thêm thiếu message FAILED.
Reason:
com.kms.katalon.core.exception.StepFailedException: Unable to click on object 'Object Repository/Page_Course Nhp mn tr tu nhn to/span_Announcements Forum'
	at com.kms.katalon.core.webui.keyword.internal.WebUIKeywordMain.stepFailed(WebUIKeywordMain.groovy:64)
	at com.kms.katalon.core.webui.keyword.internal.WebUIKeywordMain.runKeyword(WebUIKeywordMain.groovy:26)
	at com.kms.katalon.core.webui.keyword.builtin.ClickKeyword.click(ClickKeyword.groovy:74)
	at com.kms.katalon.core.webui.keyword.builtin.ClickKeyword.execute(ClickKeyword.groovy:40)
	at com.kms.katalon.core.keyword.internal.KeywordExecutor.executeKeywordForPlatform(KeywordExecutor.groovy:74)
	at com.kms.katalon.core.webui.keyword.WebUiBuiltInKeywords.click(WebUiBuiltInKeywords.groovy:620)
	at com.kms.katalon.core.webui.keyword.WebUiBuiltInKeywords$click$1.call(Unknown Source)
	at 30_Giáo viên tạo announcement thêm thiếu message.run(30_Giáo viên tạo announcement thêm thiếu message:32)
	at com.kms.katalon.core.main.ScriptEngine.run(ScriptEngine.java:194)
	at com.kms.katalon.core.main.ScriptEngine.runScriptAsRawText(ScriptEngine.java:119)
	at com.kms.katalon.core.main.TestCaseExecutor.runScript(TestCaseExecutor.java:442)
	at com.kms.katalon.core.main.TestCaseExecutor.doExecute(TestCaseExecutor.java:433)
	at com.kms.katalon.core.main.TestCaseExecutor.processExecutionPhase(TestCaseExecutor.java:412)
	at com.kms.katalon.core.main.TestCaseExecutor.accessMainPhase(TestCaseExecutor.java:404)
	at com.kms.katalon.core.main.TestCaseExecutor.execute(TestCaseExecutor.java:281)
	at com.kms.katalon.core.main.TestCaseExecutor.execute(TestCaseExecutor.java:363)
	at com.kms.katalon.core.main.TestCaseExecutor.execute(TestCaseExecutor.java:363)
	at com.kms.katalon.core.main.TestCaseExecutor.execute(TestCaseExecutor.java:363)
	at com.kms.katalon.core.main.TestSuiteExecutor.accessTestCaseMainPhase(TestSuiteExecutor.java:202)
	at com.kms.katalon.core.main.TestSuiteExecutor.accessTestSuiteMainPhase(TestSuiteExecutor.java:164)
	at com.kms.katalon.core.main.TestSuiteExecutor.execute(TestSuiteExecutor.java:105)
	at com.kms.katalon.core.main.TestCaseMain.startTestSuite(TestCaseMain.java:181)
	at com.kms.katalon.core.main.TestCaseMain$startTestSuite$0.call(Unknown Source)
	at TempTestSuite1642165037865.run(TempTestSuite1642165037865.groovy:36)
Caused by: com.kms.katalon.core.webui.exception.WebElementNotFoundException: Web element with id: 'Object Repository/Page_Course Nhp mn tr tu nhn to/span_Announcements Forum' located by '//li[@id='module-1']/div/div/div[2]/div/a/span' not found
	at com.kms.katalon.core.webui.common.WebUiCommonHelper.findWebElement(WebUiCommonHelper.java:1368)
	at com.kms.katalon.core.webui.keyword.internal.WebUIAbstractKeyword.findWebElement(WebUIAbstractKeyword.groovy:27)
	at com.kms.katalon.core.webui.keyword.builtin.ClickKeyword$_click_closure1.doCall(ClickKeyword.groovy:65)
	at com.kms.katalon.core.webui.keyword.builtin.ClickKeyword$_click_closure1.call(ClickKeyword.groovy)
	at com.kms.katalon.core.webui.keyword.internal.WebUIKeywordMain.runKeyword(WebUIKeywordMain.groovy:20)
	... 22 more


2022-01-14 20:42:54 - [TEST_STEP][PASSED] - openBrowser(""): Browser is opened with url: ''

2022-01-14 20:42:54 - [MESSAGE][WARNING] - A browser is already opened. Closing browser and opening a new one

2022-01-14 20:42:54 - [MESSAGE][INFO] - Starting 'Chrome' driver

2022-01-14 20:42:54 - [MESSAGE][INFO] - Action delay is set to 0 milliseconds

2022-01-14 20:42:57 - [MESSAGE][PASSED] - Browser is opened with url: ''

2022-01-14 20:42:57 - [TEST_STEP][PASSED] - navigateToUrl("http://localhost/"): Navigate to 'http://localhost/' successfully

2022-01-14 20:42:58 - [MESSAGE][PASSED] - Navigate to 'http://localhost/' successfully

2022-01-14 20:42:58 - [TEST_STEP][PASSED] - click(findTestObject("Object Repository/Page_HCMUS/a_Nhp mn tr tu nhn to")): Object: 'Object Repository/Page_HCMUS/a_Nhp mn tr tu nhn to' is clicked on

2022-01-14 20:42:59 - [MESSAGE][PASSED] - Object: 'Object Repository/Page_HCMUS/a_Nhp mn tr tu nhn to' is clicked on

2022-01-14 20:42:59 - [TEST_STEP][PASSED] - setText(findTestObject("Object Repository/Page_HCMUS Log in to the site/input_Username_username"), "teacher1"): Text 'teacher1' is set on object 'Object Repository/Page_HCMUS Log in to the site/input_Username_username'

2022-01-14 20:43:00 - [MESSAGE][PASSED] - Text 'teacher1' is set on object 'Object Repository/Page_HCMUS Log in to the site/input_Username_username'

2022-01-14 20:43:00 - [TEST_STEP][PASSED] - setEncryptedText(findTestObject("Object Repository/Page_HCMUS Log in to the site/input_Password_password"), "iKb8CrY6A/iqm08K47hQLA=="): Text ****** has been set on object 'Object Repository/Page_HCMUS Log in to the site/input_Password_password'

2022-01-14 20:43:00 - [MESSAGE][PASSED] - Text ****** has been set on object 'Object Repository/Page_HCMUS Log in to the site/input_Password_password'

2022-01-14 20:43:00 - [TEST_STEP][PASSED] - click(findTestObject("Object Repository/Page_HCMUS Log in to the site/button_Log in")): Object: 'Object Repository/Page_HCMUS Log in to the site/button_Log in' is clicked on

2022-01-14 20:43:01 - [MESSAGE][PASSED] - Object: 'Object Repository/Page_HCMUS Log in to the site/button_Log in' is clicked on

2022-01-14 20:43:01 - [TEST_STEP][FAILED] - click(findTestObject("Object Repository/Page_Course Nhp mn tr tu nhn to/span_Announcements Forum")): Unable to click on object 'Object Repository/Page_Course Nhp mn tr tu nhn to/span_Announcements Forum' (Root cause: com.kms.katalon.core.exception.StepFailedException: Unable to click on object 'Object Repository/Page_Course Nhp mn tr tu nhn to/span_Announcements Forum'
	at com.kms.katalon.core.webui.keyword.internal.WebUIKeywordMain.stepFailed(WebUIKeywordMain.groovy:64)
	at com.kms.katalon.core.webui.keyword.internal.WebUIKeywordMain.runKeyword(WebUIKeywordMain.groovy:26)
	at com.kms.katalon.core.webui.keyword.builtin.ClickKeyword.click(ClickKeyword.groovy:74)
	at com.kms.katalon.core.webui.keyword.builtin.ClickKeyword.execute(ClickKeyword.groovy:40)
	at com.kms.katalon.core.keyword.internal.KeywordExecutor.executeKeywordForPlatform(KeywordExecutor.groovy:74)
	at com.kms.katalon.core.webui.keyword.WebUiBuiltInKeywords.click(WebUiBuiltInKeywords.groovy:620)
	at com.kms.katalon.core.webui.keyword.WebUiBuiltInKeywords$click$1.call(Unknown Source)
	at 30_Giáo viên tạo announcement thêm thiếu message.run(30_Giáo viên tạo announcement thêm thiếu message:32)
	at com.kms.katalon.core.main.ScriptEngine.run(ScriptEngine.java:194)
	at com.kms.katalon.core.main.ScriptEngine.runScriptAsRawText(ScriptEngine.java:119)
	at com.kms.katalon.core.main.TestCaseExecutor.runScript(TestCaseExecutor.java:442)
	at com.kms.katalon.core.main.TestCaseExecutor.doExecute(TestCaseExecutor.java:433)
	at com.kms.katalon.core.main.TestCaseExecutor.processExecutionPhase(TestCaseExecutor.java:412)
	at com.kms.katalon.core.main.TestCaseExecutor.accessMainPhase(TestCaseExecutor.java:404)
	at com.kms.katalon.core.main.TestCaseExecutor.execute(TestCaseExecutor.java:281)
	at com.kms.katalon.core.main.TestCaseExecutor.execute(TestCaseExecutor.java:363)
	at com.kms.katalon.core.main.TestCaseExecutor.execute(TestCaseExecutor.java:363)
	at com.kms.katalon.core.main.TestCaseExecutor.execute(TestCaseExecutor.java:363)
	at com.kms.katalon.core.main.TestSuiteExecutor.accessTestCaseMainPhase(TestSuiteExecutor.java:202)
	at com.kms.katalon.core.main.TestSuiteExecutor.accessTestSuiteMainPhase(TestSuiteExecutor.java:164)
	at com.kms.katalon.core.main.TestSuiteExecutor.execute(TestSuiteExecutor.java:105)
	at com.kms.katalon.core.main.TestCaseMain.startTestSuite(TestCaseMain.java:181)
	at com.kms.katalon.core.main.TestCaseMain$startTestSuite$0.call(Unknown Source)
	at TempTestSuite1642165037865.run(TempTestSuite1642165037865.groovy:36)
Caused by: com.kms.katalon.core.webui.exception.WebElementNotFoundException: Web element with id: 'Object Repository/Page_Course Nhp mn tr tu nhn to/span_Announcements Forum' located by '//li[@id='module-1']/div/div/div[2]/div/a/span' not found
	at com.kms.katalon.core.webui.common.WebUiCommonHelper.findWebElement(WebUiCommonHelper.java:1368)
	at com.kms.katalon.core.webui.keyword.internal.WebUIAbstractKeyword.findWebElement(WebUIAbstractKeyword.groovy:27)
	at com.kms.katalon.core.webui.keyword.builtin.ClickKeyword$_click_closure1.doCall(ClickKeyword.groovy:65)
	at com.kms.katalon.core.webui.keyword.builtin.ClickKeyword$_click_closure1.call(ClickKeyword.groovy)
	at com.kms.katalon.core.webui.keyword.internal.WebUIKeywordMain.runKeyword(WebUIKeywordMain.groovy:20)
	at com.kms.katalon.core.webui.keyword.builtin.ClickKeyword.click(ClickKeyword.groovy:74)
	at com.kms.katalon.core.webui.keyword.builtin.ClickKeyword.execute(ClickKeyword.groovy:40)
	at com.kms.katalon.core.keyword.internal.KeywordExecutor.executeKeywordForPlatform(KeywordExecutor.groovy:74)
	at com.kms.katalon.core.webui.keyword.WebUiBuiltInKeywords.click(WebUiBuiltInKeywords.groovy:620)
	at com.kms.katalon.core.webui.keyword.WebUiBuiltInKeywords$click$1.call(Unknown Source)
	at Script1641968053630.run(Script1641968053630.groovy:32)
	... 16 more
)

2022-01-14 20:43:08 - [MESSAGE][INFO] - Unable to find the element located by 'By.xpath: //li[@id='module-1']/div/div/div[2]/div/a/span'. Please recheck the objects properties to make sure the desired element is located. 

2022-01-14 20:43:08 - [MESSAGE][WARNING] - [SELF-HEALING] Failed to find element with id 'Object Repository/Page_Course Nhp mn tr tu nhn to/span_Announcements Forum'. Try using Self-healing.

2022-01-14 20:43:08 - [MESSAGE][INFO] - [SELF-HEALING] Failed Locator: '//li[@id='module-1']/div/div/div[2]/div/a/span'.

2022-01-14 20:43:08 - [MESSAGE][INFO] - [SELF-HEALING] Failed Locator: '(.//*[normalize-space(text()) and normalize-space(.)='General'])[2]/following::span[1]'.

2022-01-14 20:43:08 - [MESSAGE][INFO] - [SELF-HEALING] Failed Locator: '(.//*[normalize-space(text()) and normalize-space(.)='Topic outline'])[1]/following::span[2]'.

2022-01-14 20:43:09 - [MESSAGE][INFO] - [SELF-HEALING] Failed Locator: '(.//*[normalize-space(text()) and normalize-space(.)='Quiz 1'])[1]/preceding::span[2]'.

2022-01-14 20:43:09 - [MESSAGE][INFO] - [SELF-HEALING] Failed Locator: '//*/text()[normalize-space(.)='Announcements']/parent::*'.

2022-01-14 20:43:09 - [MESSAGE][INFO] - [SELF-HEALING] Failed Locator: '//div[2]/div/a/span'.

2022-01-14 20:43:11 - [MESSAGE][INFO] - Unable to find the element located by 'By.xpath: //*[(text() = 'Announcements Forum' or . = 'Announcements Forum')]'. Please recheck the objects properties to make sure the desired element is located. 

2022-01-14 20:43:12 - [MESSAGE][INFO] - Unable to find the element located by 'By.cssSelector: span.instancename'. Please recheck the objects properties to make sure the desired element is located. 

2022-01-14 20:43:12 - [MESSAGE][FAILED] - Unable to click on object 'Object Repository/Page_Course Nhp mn tr tu nhn to/span_Announcements Forum' (Root cause: com.kms.katalon.core.exception.StepFailedException: Unable to click on object 'Object Repository/Page_Course Nhp mn tr tu nhn to/span_Announcements Forum'
	at com.kms.katalon.core.webui.keyword.internal.WebUIKeywordMain.stepFailed(WebUIKeywordMain.groovy:64)
	at com.kms.katalon.core.webui.keyword.internal.WebUIKeywordMain.runKeyword(WebUIKeywordMain.groovy:26)
	at com.kms.katalon.core.webui.keyword.builtin.ClickKeyword.click(ClickKeyword.groovy:74)
	at com.kms.katalon.core.webui.keyword.builtin.ClickKeyword.execute(ClickKeyword.groovy:40)
	at com.kms.katalon.core.keyword.internal.KeywordExecutor.executeKeywordForPlatform(KeywordExecutor.groovy:74)
	at com.kms.katalon.core.webui.keyword.WebUiBuiltInKeywords.click(WebUiBuiltInKeywords.groovy:620)
	at com.kms.katalon.core.webui.keyword.WebUiBuiltInKeywords$click$1.call(Unknown Source)
	at 30_Giáo viên tạo announcement thêm thiếu message.run(30_Giáo viên tạo announcement thêm thiếu message:32)
	at com.kms.katalon.core.main.ScriptEngine.run(ScriptEngine.java:194)
	at com.kms.katalon.core.main.ScriptEngine.runScriptAsRawText(ScriptEngine.java:119)
	at com.kms.katalon.core.main.TestCaseExecutor.runScript(TestCaseExecutor.java:442)
	at com.kms.katalon.core.main.TestCaseExecutor.doExecute(TestCaseExecutor.java:433)
	at com.kms.katalon.core.main.TestCaseExecutor.processExecutionPhase(TestCaseExecutor.java:412)
	at com.kms.katalon.core.main.TestCaseExecutor.accessMainPhase(TestCaseExecutor.java:404)
	at com.kms.katalon.core.main.TestCaseExecutor.execute(TestCaseExecutor.java:281)
	at com.kms.katalon.core.main.TestCaseExecutor.execute(TestCaseExecutor.java:363)
	at com.kms.katalon.core.main.TestCaseExecutor.execute(TestCaseExecutor.java:363)
	at com.kms.katalon.core.main.TestCaseExecutor.execute(TestCaseExecutor.java:363)
	at com.kms.katalon.core.main.TestSuiteExecutor.accessTestCaseMainPhase(TestSuiteExecutor.java:202)
	at com.kms.katalon.core.main.TestSuiteExecutor.accessTestSuiteMainPhase(TestSuiteExecutor.java:164)
	at com.kms.katalon.core.main.TestSuiteExecutor.execute(TestSuiteExecutor.java:105)
	at com.kms.katalon.core.main.TestCaseMain.startTestSuite(TestCaseMain.java:181)
	at com.kms.katalon.core.main.TestCaseMain$startTestSuite$0.call(Unknown Source)
	at TempTestSuite1642165037865.run(TempTestSuite1642165037865.groovy:36)
Caused by: com.kms.katalon.core.webui.exception.WebElementNotFoundException: Web element with id: 'Object Repository/Page_Course Nhp mn tr tu nhn to/span_Announcements Forum' located by '//li[@id='module-1']/div/div/div[2]/div/a/span' not found
	at com.kms.katalon.core.webui.common.WebUiCommonHelper.findWebElement(WebUiCommonHelper.java:1368)
	at com.kms.katalon.core.webui.keyword.internal.WebUIAbstractKeyword.findWebElement(WebUIAbstractKeyword.groovy:27)
	at com.kms.katalon.core.webui.keyword.builtin.ClickKeyword$_click_closure1.doCall(ClickKeyword.groovy:65)
	at com.kms.katalon.core.webui.keyword.builtin.ClickKeyword$_click_closure1.call(ClickKeyword.groovy)
	at com.kms.katalon.core.webui.keyword.internal.WebUIKeywordMain.runKeyword(WebUIKeywordMain.groovy:20)
	at com.kms.katalon.core.webui.keyword.builtin.ClickKeyword.click(ClickKeyword.groovy:74)
	at com.kms.katalon.core.webui.keyword.builtin.ClickKeyword.execute(ClickKeyword.groovy:40)
	at com.kms.katalon.core.keyword.internal.KeywordExecutor.executeKeywordForPlatform(KeywordExecutor.groovy:74)
	at com.kms.katalon.core.webui.keyword.WebUiBuiltInKeywords.click(WebUiBuiltInKeywords.groovy:620)
	at com.kms.katalon.core.webui.keyword.WebUiBuiltInKeywords$click$1.call(Unknown Source)
	at Script1641968053630.run(Script1641968053630.groovy:32)
	... 16 more
)
[[ATTACHMENT|D:\\nam 3\\nhap mon CNPM\\bonus project\\Test-Automation-SE-Bonus\\Reports\\20220114_195717\\Run all test cases\\20220114_195717\\1642167792208.png]]]]></system-out>
         <system-err><![CDATA[2022-01-14 20:42:54 - [TEST_CASE][FAILED] - Test Cases/30_Giáo viên tạo announcement thêm thiếu message: Test Cases/30_Giáo viên tạo announcement thêm thiếu message FAILED.
Reason:
com.kms.katalon.core.exception.StepFailedException: Unable to click on object 'Object Repository/Page_Course Nhp mn tr tu nhn to/span_Announcements Forum'
	at com.kms.katalon.core.webui.keyword.internal.WebUIKeywordMain.stepFailed(WebUIKeywordMain.groovy:64)
	at com.kms.katalon.core.webui.keyword.internal.WebUIKeywordMain.runKeyword(WebUIKeywordMain.groovy:26)
	at com.kms.katalon.core.webui.keyword.builtin.ClickKeyword.click(ClickKeyword.groovy:74)
	at com.kms.katalon.core.webui.keyword.builtin.ClickKeyword.execute(ClickKeyword.groovy:40)
	at com.kms.katalon.core.keyword.internal.KeywordExecutor.executeKeywordForPlatform(KeywordExecutor.groovy:74)
	at com.kms.katalon.core.webui.keyword.WebUiBuiltInKeywords.click(WebUiBuiltInKeywords.groovy:620)
	at com.kms.katalon.core.webui.keyword.WebUiBuiltInKeywords$click$1.call(Unknown Source)
	at 30_Giáo viên tạo announcement thêm thiếu message.run(30_Giáo viên tạo announcement thêm thiếu message:32)
	at com.kms.katalon.core.main.ScriptEngine.run(ScriptEngine.java:194)
	at com.kms.katalon.core.main.ScriptEngine.runScriptAsRawText(ScriptEngine.java:119)
	at com.kms.katalon.core.main.TestCaseExecutor.runScript(TestCaseExecutor.java:442)
	at com.kms.katalon.core.main.TestCaseExecutor.doExecute(TestCaseExecutor.java:433)
	at com.kms.katalon.core.main.TestCaseExecutor.processExecutionPhase(TestCaseExecutor.java:412)
	at com.kms.katalon.core.main.TestCaseExecutor.accessMainPhase(TestCaseExecutor.java:404)
	at com.kms.katalon.core.main.TestCaseExecutor.execute(TestCaseExecutor.java:281)
	at com.kms.katalon.core.main.TestCaseExecutor.execute(TestCaseExecutor.java:363)
	at com.kms.katalon.core.main.TestCaseExecutor.execute(TestCaseExecutor.java:363)
	at com.kms.katalon.core.main.TestCaseExecutor.execute(TestCaseExecutor.java:363)
	at com.kms.katalon.core.main.TestSuiteExecutor.accessTestCaseMainPhase(TestSuiteExecutor.java:202)
	at com.kms.katalon.core.main.TestSuiteExecutor.accessTestSuiteMainPhase(TestSuiteExecutor.java:164)
	at com.kms.katalon.core.main.TestSuiteExecutor.execute(TestSuiteExecutor.java:105)
	at com.kms.katalon.core.main.TestCaseMain.startTestSuite(TestCaseMain.java:181)
	at com.kms.katalon.core.main.TestCaseMain$startTestSuite$0.call(Unknown Source)
	at TempTestSuite1642165037865.run(TempTestSuite1642165037865.groovy:36)
Caused by: com.kms.katalon.core.webui.exception.WebElementNotFoundException: Web element with id: 'Object Repository/Page_Course Nhp mn tr tu nhn to/span_Announcements Forum' located by '//li[@id='module-1']/div/div/div[2]/div/a/span' not found
	at com.kms.katalon.core.webui.common.WebUiCommonHelper.findWebElement(WebUiCommonHelper.java:1368)
	at com.kms.katalon.core.webui.keyword.internal.WebUIAbstractKeyword.findWebElement(WebUIAbstractKeyword.groovy:27)
	at com.kms.katalon.core.webui.keyword.builtin.ClickKeyword$_click_closure1.doCall(ClickKeyword.groovy:65)
	at com.kms.katalon.core.webui.keyword.builtin.ClickKeyword$_click_closure1.call(ClickKeyword.groovy)
	at com.kms.katalon.core.webui.keyword.internal.WebUIKeywordMain.runKeyword(WebUIKeywordMain.groovy:20)
	... 22 more]]></system-err>
      </testcase>
      <system-out><![CDATA[2022-01-14 19:57:31 - [TEST_SUITE][FAILED] - Run all test cases: Test Cases/13_thêm giáo viên vào course FAILED.
Reason:
com.kms.katalon.core.exception.StepFailedException: Unable to select option by value '3' of object 'Object Repository/Page_AI Participants/select_Manager            Teacher          _ffc00f'  using regular expression
	at com.kms.katalon.core.webui.keyword.internal.WebUIKeywordMain.stepFailed(WebUIKeywordMain.groovy:64)
	at com.kms.katalon.core.webui.keyword.internal.WebUIKeywordMain.runKeyword(WebUIKeywordMain.groovy:26)
	at com.kms.katalon.core.webui.keyword.builtin.SelectOptionByValueKeyword.selectOptionByValue(SelectOptionByValueKeyword.groovy:99)
	at com.kms.katalon.core.webui.keyword.builtin.SelectOptionByValueKeyword.execute(SelectOptionByValueKeyword.groovy:71)
	at com.kms.katalon.core.keyword.internal.KeywordExecutor.executeKeywordForPlatform(KeywordExecutor.groovy:74)
	at com.kms.katalon.core.webui.keyword.WebUiBuiltInKeywords.selectOptionByValue(WebUiBuiltInKeywords.groovy:1168)
	at com.kms.katalon.core.webui.keyword.WebUiBuiltInKeywords$selectOptionByValue$6.call(Unknown Source)
	at 13_thêm giáo viên vào course.run(13_thêm giáo viên vào course:49)
	at com.kms.katalon.core.main.ScriptEngine.run(ScriptEngine.java:194)
	at com.kms.katalon.core.main.ScriptEngine.runScriptAsRawText(ScriptEngine.java:119)
	at com.kms.katalon.core.main.TestCaseExecutor.runScript(TestCaseExecutor.java:442)
	at com.kms.katalon.core.main.TestCaseExecutor.doExecute(TestCaseExecutor.java:433)
	at com.kms.katalon.core.main.TestCaseExecutor.processExecutionPhase(TestCaseExecutor.java:412)
	at com.kms.katalon.core.main.TestCaseExecutor.accessMainPhase(TestCaseExecutor.java:404)
	at com.kms.katalon.core.main.TestCaseExecutor.execute(TestCaseExecutor.java:281)
	at com.kms.katalon.core.main.TestSuiteExecutor.accessTestCaseMainPhase(TestSuiteExecutor.java:202)
	at com.kms.katalon.core.main.TestSuiteExecutor.accessTestSuiteMainPhase(TestSuiteExecutor.java:164)
	at com.kms.katalon.core.main.TestSuiteExecutor.execute(TestSuiteExecutor.java:105)
	at com.kms.katalon.core.main.TestCaseMain.startTestSuite(TestCaseMain.java:181)
	at com.kms.katalon.core.main.TestCaseMain$startTestSuite$0.call(Unknown Source)
	at TempTestSuite1642165037865.run(TempTestSuite1642165037865.groovy:36)
Caused by: com.kms.katalon.core.webui.exception.WebElementNotFoundException: Web element with id: 'Object Repository/Page_AI Participants/select_Manager            Teacher          _ffc00f' located by '//select[@id='id_roletoassign']' not found
	at com.kms.katalon.core.webui.common.WebUiCommonHelper.findWebElement(WebUiCommonHelper.java:1368)
	at com.kms.katalon.core.webui.keyword.internal.WebUIAbstractKeyword.findWebElement(WebUIAbstractKeyword.groovy:27)
	at com.kms.katalon.core.webui.keyword.internal.WebUIAbstractKeyword.findWebElement(WebUIAbstractKeyword.groovy:26)
	at com.kms.katalon.core.webui.keyword.builtin.SelectOptionByValueKeyword$_selectOptionByValue_closure1.doCall(SelectOptionByValueKeyword.groovy:86)
	at com.kms.katalon.core.webui.keyword.builtin.SelectOptionByValueKeyword$_selectOptionByValue_closure1.call(SelectOptionByValueKeyword.groovy)
	at com.kms.katalon.core.webui.keyword.internal.WebUIKeywordMain.runKeyword(WebUIKeywordMain.groovy:20)
	... 19 more]]></system-out>
      <system-err><![CDATA[2022-01-14 19:57:31 - [TEST_SUITE][FAILED] - Run all test cases: Test Cases/13_thêm giáo viên vào course FAILED.
Reason:
com.kms.katalon.core.exception.StepFailedException: Unable to select option by value '3' of object 'Object Repository/Page_AI Participants/select_Manager            Teacher          _ffc00f'  using regular expression
	at com.kms.katalon.core.webui.keyword.internal.WebUIKeywordMain.stepFailed(WebUIKeywordMain.groovy:64)
	at com.kms.katalon.core.webui.keyword.internal.WebUIKeywordMain.runKeyword(WebUIKeywordMain.groovy:26)
	at com.kms.katalon.core.webui.keyword.builtin.SelectOptionByValueKeyword.selectOptionByValue(SelectOptionByValueKeyword.groovy:99)
	at com.kms.katalon.core.webui.keyword.builtin.SelectOptionByValueKeyword.execute(SelectOptionByValueKeyword.groovy:71)
	at com.kms.katalon.core.keyword.internal.KeywordExecutor.executeKeywordForPlatform(KeywordExecutor.groovy:74)
	at com.kms.katalon.core.webui.keyword.WebUiBuiltInKeywords.selectOptionByValue(WebUiBuiltInKeywords.groovy:1168)
	at com.kms.katalon.core.webui.keyword.WebUiBuiltInKeywords$selectOptionByValue$6.call(Unknown Source)
	at 13_thêm giáo viên vào course.run(13_thêm giáo viên vào course:49)
	at com.kms.katalon.core.main.ScriptEngine.run(ScriptEngine.java:194)
	at com.kms.katalon.core.main.ScriptEngine.runScriptAsRawText(ScriptEngine.java:119)
	at com.kms.katalon.core.main.TestCaseExecutor.runScript(TestCaseExecutor.java:442)
	at com.kms.katalon.core.main.TestCaseExecutor.doExecute(TestCaseExecutor.java:433)
	at com.kms.katalon.core.main.TestCaseExecutor.processExecutionPhase(TestCaseExecutor.java:412)
	at com.kms.katalon.core.main.TestCaseExecutor.accessMainPhase(TestCaseExecutor.java:404)
	at com.kms.katalon.core.main.TestCaseExecutor.execute(TestCaseExecutor.java:281)
	at com.kms.katalon.core.main.TestSuiteExecutor.accessTestCaseMainPhase(TestSuiteExecutor.java:202)
	at com.kms.katalon.core.main.TestSuiteExecutor.accessTestSuiteMainPhase(TestSuiteExecutor.java:164)
	at com.kms.katalon.core.main.TestSuiteExecutor.execute(TestSuiteExecutor.java:105)
	at com.kms.katalon.core.main.TestCaseMain.startTestSuite(TestCaseMain.java:181)
	at com.kms.katalon.core.main.TestCaseMain$startTestSuite$0.call(Unknown Source)
	at TempTestSuite1642165037865.run(TempTestSuite1642165037865.groovy:36)
Caused by: com.kms.katalon.core.webui.exception.WebElementNotFoundException: Web element with id: 'Object Repository/Page_AI Participants/select_Manager            Teacher          _ffc00f' located by '//select[@id='id_roletoassign']' not found
	at com.kms.katalon.core.webui.common.WebUiCommonHelper.findWebElement(WebUiCommonHelper.java:1368)
	at com.kms.katalon.core.webui.keyword.internal.WebUIAbstractKeyword.findWebElement(WebUIAbstractKeyword.groovy:27)
	at com.kms.katalon.core.webui.keyword.internal.WebUIAbstractKeyword.findWebElement(WebUIAbstractKeyword.groovy:26)
	at com.kms.katalon.core.webui.keyword.builtin.SelectOptionByValueKeyword$_selectOptionByValue_closure1.doCall(SelectOptionByValueKeyword.groovy:86)
	at com.kms.katalon.core.webui.keyword.builtin.SelectOptionByValueKeyword$_selectOptionByValue_closure1.call(SelectOptionByValueKeyword.groovy)
	at com.kms.katalon.core.webui.keyword.internal.WebUIKeywordMain.runKeyword(WebUIKeywordMain.groovy:20)
	... 19 more]]></system-err>
   </testsuite>
</testsuites>
